ERROR - 2022-12-14 09:27:11 --> mysqli_sql_exception: Unknown column 'RANDOM' in 'group statement' in C:\xampp\htdocs\etkal\system\Database\MySQLi\Connection.php:292
Stack trace:
#0 C:\xampp\htdocs\etkal\system\Database\MySQLi\Connection.php(292): mysqli->query('SELECT COUNT(*)...', 0)
#1 C:\xampp\htdocs\etkal\system\Database\BaseConnection.php(693): CodeIgniter\Database\MySQLi\Connection->execute('SELECT COUNT(*)...')
#2 C:\xampp\htdocs\etkal\system\Database\BaseConnection.php(620): CodeIgniter\Database\BaseConnection->simpleQuery('SELECT COUNT(*)...')
#3 C:\xampp\htdocs\etkal\system\Database\BaseBuilder.php(1669): CodeIgniter\Database\BaseConnection->query('SELECT COUNT(*)...', Array, false)
#4 C:\xampp\htdocs\etkal\system\Model.php(551): CodeIgniter\Database\BaseBuilder->countAllResults(false)
#5 C:\xampp\htdocs\etkal\system\BaseModel.php(1085): CodeIgniter\Model->countAllResults(false)
#6 C:\xampp\htdocs\etkal\app\Controllers\Search.php(28): CodeIgniter\BaseModel->paginate(10)
#7 C:\xampp\htdocs\etkal\system\CodeIgniter.php(907): App\Controllers\Search->index()
#8 C:\xampp\htdocs\etkal\system\CodeIgniter.php(457): CodeIgniter\CodeIgniter->runController(Object(App\Controllers\Search))
#9 C:\xampp\htdocs\etkal\system\CodeIgniter.php(340): CodeIgniter\CodeIgniter->handleRequest(NULL, Object(Config\Cache), false)
#10 C:\xampp\htdocs\etkal\index.php(68): CodeIgniter\CodeIgniter->run()
#11 {main}
CRITICAL - 2022-12-14 09:27:11 --> Unknown column 'RANDOM' in 'group statement'
in SYSTEMPATH\Database\MySQLi\Connection.php on line 292.
 1 SYSTEMPATH\Database\MySQLi\Connection.php(292): mysqli->query('SELECT COUNT(*) AS `numrows`
FROM (
SELECT `w`.`word`, `w`.`pronunciation`, `w`.`accessibility`, `m`.`meaning`, `m`.`example`, `m`.`homonyms`, `m`.`part_of_speech_id`, `m`.`meaning_image`, `m`.`created_at`, `u`.`firstname`, `u`.`lastname`, `u`.`email`, `u`.`image`, `d`.`full_name`, `d`.`short_name`, `word_meaning`.`word_meaning_id`, `no_like`, `no_dislike`, sum(us.suggestion = 3) as FLAGE, `ps`.`part_of_speech`, `ps`.`abbreviation`
FROM `word_meaning`
JOIN `words` as `w` ON `word_meaning`.`word_id` = `w`.`word_id`
JOIN `meanings` AS `m` ON `word_meaning`.`meaning_id` = `m`.`meaning_id`
JOIN `users` AS `u` ON `word_meaning`.`user_id` = `u`.`user_id`
JOIN `dictionary` AS `d` ON `word_meaning`.`dictionary_id` = `d`.`dictionary_id`
LEFT JOIN `user_suggestions` AS `us` ON `word_meaning`.`word_meaning_id` = `us`.`word_meaning_id`
LEFT JOIN `parts_of_speechs` AS `ps` ON `m`.`part_of_speech_id` = `ps`.`part_of_speech_id`
WHERE `w`.`word` LIKE \'%%\' ESCAPE \'!\'
GROUP BY `RANDOM`
) CI_count_all_results', 0)
 2 SYSTEMPATH\Database\BaseConnection.php(693): CodeIgniter\Database\MySQLi\Connection->execute('SELECT COUNT(*) AS `numrows`
FROM (
SELECT `w`.`word`, `w`.`pronunciation`, `w`.`accessibility`, `m`.`meaning`, `m`.`example`, `m`.`homonyms`, `m`.`part_of_speech_id`, `m`.`meaning_image`, `m`.`created_at`, `u`.`firstname`, `u`.`lastname`, `u`.`email`, `u`.`image`, `d`.`full_name`, `d`.`short_name`, `word_meaning`.`word_meaning_id`, `no_like`, `no_dislike`, sum(us.suggestion = 3) as FLAGE, `ps`.`part_of_speech`, `ps`.`abbreviation`
FROM `word_meaning`
JOIN `words` as `w` ON `word_meaning`.`word_id` = `w`.`word_id`
JOIN `meanings` AS `m` ON `word_meaning`.`meaning_id` = `m`.`meaning_id`
JOIN `users` AS `u` ON `word_meaning`.`user_id` = `u`.`user_id`
JOIN `dictionary` AS `d` ON `word_meaning`.`dictionary_id` = `d`.`dictionary_id`
LEFT JOIN `user_suggestions` AS `us` ON `word_meaning`.`word_meaning_id` = `us`.`word_meaning_id`
LEFT JOIN `parts_of_speechs` AS `ps` ON `m`.`part_of_speech_id` = `ps`.`part_of_speech_id`
WHERE `w`.`word` LIKE \'%%\' ESCAPE \'!\'
GROUP BY `RANDOM`
) CI_count_all_results')
 3 SYSTEMPATH\Database\BaseConnection.php(620): CodeIgniter\Database\BaseConnection->simpleQuery('SELECT COUNT(*) AS `numrows`
FROM (
SELECT `w`.`word`, `w`.`pronunciation`, `w`.`accessibility`, `m`.`meaning`, `m`.`example`, `m`.`homonyms`, `m`.`part_of_speech_id`, `m`.`meaning_image`, `m`.`created_at`, `u`.`firstname`, `u`.`lastname`, `u`.`email`, `u`.`image`, `d`.`full_name`, `d`.`short_name`, `word_meaning`.`word_meaning_id`, `no_like`, `no_dislike`, sum(us.suggestion = 3) as FLAGE, `ps`.`part_of_speech`, `ps`.`abbreviation`
FROM `word_meaning`
JOIN `words` as `w` ON `word_meaning`.`word_id` = `w`.`word_id`
JOIN `meanings` AS `m` ON `word_meaning`.`meaning_id` = `m`.`meaning_id`
JOIN `users` AS `u` ON `word_meaning`.`user_id` = `u`.`user_id`
JOIN `dictionary` AS `d` ON `word_meaning`.`dictionary_id` = `d`.`dictionary_id`
LEFT JOIN `user_suggestions` AS `us` ON `word_meaning`.`word_meaning_id` = `us`.`word_meaning_id`
LEFT JOIN `parts_of_speechs` AS `ps` ON `m`.`part_of_speech_id` = `ps`.`part_of_speech_id`
WHERE `w`.`word` LIKE \'%%\' ESCAPE \'!\'
GROUP BY `RANDOM`
) CI_count_all_results')
 4 SYSTEMPATH\Database\BaseBuilder.php(1669): CodeIgniter\Database\BaseConnection->query('SELECT COUNT(*) AS `numrows`
FROM (
SELECT `w`.`word`, `w`.`pronunciation`, `w`.`accessibility`, `m`.`meaning`, `m`.`example`, `m`.`homonyms`, `m`.`part_of_speech_id`, `m`.`meaning_image`, `m`.`created_at`, `u`.`firstname`, `u`.`lastname`, `u`.`email`, `u`.`image`, `d`.`full_name`, `d`.`short_name`, `word_meaning`.`word_meaning_id`, `no_like`, `no_dislike`, sum(us.suggestion = 3) as FLAGE, `ps`.`part_of_speech`, `ps`.`abbreviation`
FROM `word_meaning`
JOIN `words` as `w` ON `word_meaning`.`word_id` = `w`.`word_id`
JOIN `meanings` AS `m` ON `word_meaning`.`meaning_id` = `m`.`meaning_id`
JOIN `users` AS `u` ON `word_meaning`.`user_id` = `u`.`user_id`
JOIN `dictionary` AS `d` ON `word_meaning`.`dictionary_id` = `d`.`dictionary_id`
LEFT JOIN `user_suggestions` AS `us` ON `word_meaning`.`word_meaning_id` = `us`.`word_meaning_id`
LEFT JOIN `parts_of_speechs` AS `ps` ON `m`.`part_of_speech_id` = `ps`.`part_of_speech_id`
WHERE `w`.`word` LIKE :w.word: ESCAPE \'!\'
GROUP BY `RANDOM`
) CI_count_all_results', [...], false)
 5 SYSTEMPATH\Model.php(551): CodeIgniter\Database\BaseBuilder->countAllResults(false)
 6 SYSTEMPATH\BaseModel.php(1085): CodeIgniter\Model->countAllResults(false)
 7 APPPATH\Controllers\Search.php(28): CodeIgniter\BaseModel->paginate(10)
 8 SYSTEMPATH\CodeIgniter.php(907): App\Controllers\Search->index()
 9 SYSTEMPATH\CodeIgniter.php(457): CodeIgniter\CodeIgniter->runController(Object(App\Controllers\Search))
10 SYSTEMPATH\CodeIgniter.php(340): CodeIgniter\CodeIgniter->handleRequest(null, Object(Config\Cache), false)
11 FCPATH\index.php(68): CodeIgniter\CodeIgniter->run()
ERROR - 2022-12-14 09:27:12 --> mysqli_sql_exception: Unknown column 'RANDOM' in 'group statement' in C:\xampp\htdocs\etkal\system\Database\MySQLi\Connection.php:292
Stack trace:
#0 C:\xampp\htdocs\etkal\system\Database\MySQLi\Connection.php(292): mysqli->query('SELECT COUNT(*)...', 0)
#1 C:\xampp\htdocs\etkal\system\Database\BaseConnection.php(693): CodeIgniter\Database\MySQLi\Connection->execute('SELECT COUNT(*)...')
#2 C:\xampp\htdocs\etkal\system\Database\BaseConnection.php(620): CodeIgniter\Database\BaseConnection->simpleQuery('SELECT COUNT(*)...')
#3 C:\xampp\htdocs\etkal\system\Database\BaseBuilder.php(1669): CodeIgniter\Database\BaseConnection->query('SELECT COUNT(*)...', Array, false)
#4 C:\xampp\htdocs\etkal\system\Model.php(551): CodeIgniter\Database\BaseBuilder->countAllResults(false)
#5 C:\xampp\htdocs\etkal\system\BaseModel.php(1085): CodeIgniter\Model->countAllResults(false)
#6 C:\xampp\htdocs\etkal\app\Controllers\Search.php(28): CodeIgniter\BaseModel->paginate(10)
#7 C:\xampp\htdocs\etkal\system\CodeIgniter.php(907): App\Controllers\Search->index()
#8 C:\xampp\htdocs\etkal\system\CodeIgniter.php(457): CodeIgniter\CodeIgniter->runController(Object(App\Controllers\Search))
#9 C:\xampp\htdocs\etkal\system\CodeIgniter.php(340): CodeIgniter\CodeIgniter->handleRequest(NULL, Object(Config\Cache), false)
#10 C:\xampp\htdocs\etkal\index.php(68): CodeIgniter\CodeIgniter->run()
#11 {main}
CRITICAL - 2022-12-14 09:27:12 --> Unknown column 'RANDOM' in 'group statement'
in SYSTEMPATH\Database\MySQLi\Connection.php on line 292.
 1 SYSTEMPATH\Database\MySQLi\Connection.php(292): mysqli->query('SELECT COUNT(*) AS `numrows`
FROM (
SELECT `w`.`word`, `w`.`pronunciation`, `w`.`accessibility`, `m`.`meaning`, `m`.`example`, `m`.`homonyms`, `m`.`part_of_speech_id`, `m`.`meaning_image`, `m`.`created_at`, `u`.`firstname`, `u`.`lastname`, `u`.`email`, `u`.`image`, `d`.`full_name`, `d`.`short_name`, `word_meaning`.`word_meaning_id`, `no_like`, `no_dislike`, sum(us.suggestion = 3) as FLAGE, `ps`.`part_of_speech`, `ps`.`abbreviation`
FROM `word_meaning`
JOIN `words` as `w` ON `word_meaning`.`word_id` = `w`.`word_id`
JOIN `meanings` AS `m` ON `word_meaning`.`meaning_id` = `m`.`meaning_id`
JOIN `users` AS `u` ON `word_meaning`.`user_id` = `u`.`user_id`
JOIN `dictionary` AS `d` ON `word_meaning`.`dictionary_id` = `d`.`dictionary_id`
LEFT JOIN `user_suggestions` AS `us` ON `word_meaning`.`word_meaning_id` = `us`.`word_meaning_id`
LEFT JOIN `parts_of_speechs` AS `ps` ON `m`.`part_of_speech_id` = `ps`.`part_of_speech_id`
WHERE `w`.`word` LIKE \'%%\' ESCAPE \'!\'
GROUP BY `RANDOM`
) CI_count_all_results', 0)
 2 SYSTEMPATH\Database\BaseConnection.php(693): CodeIgniter\Database\MySQLi\Connection->execute('SELECT COUNT(*) AS `numrows`
FROM (
SELECT `w`.`word`, `w`.`pronunciation`, `w`.`accessibility`, `m`.`meaning`, `m`.`example`, `m`.`homonyms`, `m`.`part_of_speech_id`, `m`.`meaning_image`, `m`.`created_at`, `u`.`firstname`, `u`.`lastname`, `u`.`email`, `u`.`image`, `d`.`full_name`, `d`.`short_name`, `word_meaning`.`word_meaning_id`, `no_like`, `no_dislike`, sum(us.suggestion = 3) as FLAGE, `ps`.`part_of_speech`, `ps`.`abbreviation`
FROM `word_meaning`
JOIN `words` as `w` ON `word_meaning`.`word_id` = `w`.`word_id`
JOIN `meanings` AS `m` ON `word_meaning`.`meaning_id` = `m`.`meaning_id`
JOIN `users` AS `u` ON `word_meaning`.`user_id` = `u`.`user_id`
JOIN `dictionary` AS `d` ON `word_meaning`.`dictionary_id` = `d`.`dictionary_id`
LEFT JOIN `user_suggestions` AS `us` ON `word_meaning`.`word_meaning_id` = `us`.`word_meaning_id`
LEFT JOIN `parts_of_speechs` AS `ps` ON `m`.`part_of_speech_id` = `ps`.`part_of_speech_id`
WHERE `w`.`word` LIKE \'%%\' ESCAPE \'!\'
GROUP BY `RANDOM`
) CI_count_all_results')
 3 SYSTEMPATH\Database\BaseConnection.php(620): CodeIgniter\Database\BaseConnection->simpleQuery('SELECT COUNT(*) AS `numrows`
FROM (
SELECT `w`.`word`, `w`.`pronunciation`, `w`.`accessibility`, `m`.`meaning`, `m`.`example`, `m`.`homonyms`, `m`.`part_of_speech_id`, `m`.`meaning_image`, `m`.`created_at`, `u`.`firstname`, `u`.`lastname`, `u`.`email`, `u`.`image`, `d`.`full_name`, `d`.`short_name`, `word_meaning`.`word_meaning_id`, `no_like`, `no_dislike`, sum(us.suggestion = 3) as FLAGE, `ps`.`part_of_speech`, `ps`.`abbreviation`
FROM `word_meaning`
JOIN `words` as `w` ON `word_meaning`.`word_id` = `w`.`word_id`
JOIN `meanings` AS `m` ON `word_meaning`.`meaning_id` = `m`.`meaning_id`
JOIN `users` AS `u` ON `word_meaning`.`user_id` = `u`.`user_id`
JOIN `dictionary` AS `d` ON `word_meaning`.`dictionary_id` = `d`.`dictionary_id`
LEFT JOIN `user_suggestions` AS `us` ON `word_meaning`.`word_meaning_id` = `us`.`word_meaning_id`
LEFT JOIN `parts_of_speechs` AS `ps` ON `m`.`part_of_speech_id` = `ps`.`part_of_speech_id`
WHERE `w`.`word` LIKE \'%%\' ESCAPE \'!\'
GROUP BY `RANDOM`
) CI_count_all_results')
 4 SYSTEMPATH\Database\BaseBuilder.php(1669): CodeIgniter\Database\BaseConnection->query('SELECT COUNT(*) AS `numrows`
FROM (
SELECT `w`.`word`, `w`.`pronunciation`, `w`.`accessibility`, `m`.`meaning`, `m`.`example`, `m`.`homonyms`, `m`.`part_of_speech_id`, `m`.`meaning_image`, `m`.`created_at`, `u`.`firstname`, `u`.`lastname`, `u`.`email`, `u`.`image`, `d`.`full_name`, `d`.`short_name`, `word_meaning`.`word_meaning_id`, `no_like`, `no_dislike`, sum(us.suggestion = 3) as FLAGE, `ps`.`part_of_speech`, `ps`.`abbreviation`
FROM `word_meaning`
JOIN `words` as `w` ON `word_meaning`.`word_id` = `w`.`word_id`
JOIN `meanings` AS `m` ON `word_meaning`.`meaning_id` = `m`.`meaning_id`
JOIN `users` AS `u` ON `word_meaning`.`user_id` = `u`.`user_id`
JOIN `dictionary` AS `d` ON `word_meaning`.`dictionary_id` = `d`.`dictionary_id`
LEFT JOIN `user_suggestions` AS `us` ON `word_meaning`.`word_meaning_id` = `us`.`word_meaning_id`
LEFT JOIN `parts_of_speechs` AS `ps` ON `m`.`part_of_speech_id` = `ps`.`part_of_speech_id`
WHERE `w`.`word` LIKE :w.word: ESCAPE \'!\'
GROUP BY `RANDOM`
) CI_count_all_results', [...], false)
 5 SYSTEMPATH\Model.php(551): CodeIgniter\Database\BaseBuilder->countAllResults(false)
 6 SYSTEMPATH\BaseModel.php(1085): CodeIgniter\Model->countAllResults(false)
 7 APPPATH\Controllers\Search.php(28): CodeIgniter\BaseModel->paginate(10)
 8 SYSTEMPATH\CodeIgniter.php(907): App\Controllers\Search->index()
 9 SYSTEMPATH\CodeIgniter.php(457): CodeIgniter\CodeIgniter->runController(Object(App\Controllers\Search))
10 SYSTEMPATH\CodeIgniter.php(340): CodeIgniter\CodeIgniter->handleRequest(null, Object(Config\Cache), false)
11 FCPATH\index.php(68): CodeIgniter\CodeIgniter->run()
ERROR - 2022-12-14 09:28:47 --> mysqli_sql_exception: You have an error in your SQL syntax; check the manual that corresponds to your MariaDB server version for the right syntax to use near ':0: ESCAPE '!'
GROUP BY `w`.`word`
) CI_count_all_results' at line 11 in C:\xampp\htdocs\etkal\system\Database\MySQLi\Connection.php:292
Stack trace:
#0 C:\xampp\htdocs\etkal\system\Database\MySQLi\Connection.php(292): mysqli->query('SELECT COUNT(*)...', 0)
#1 C:\xampp\htdocs\etkal\system\Database\BaseConnection.php(693): CodeIgniter\Database\MySQLi\Connection->execute('SELECT COUNT(*)...')
#2 C:\xampp\htdocs\etkal\system\Database\BaseConnection.php(620): CodeIgniter\Database\BaseConnection->simpleQuery('SELECT COUNT(*)...')
#3 C:\xampp\htdocs\etkal\system\Database\BaseBuilder.php(1669): CodeIgniter\Database\BaseConnection->query('SELECT COUNT(*)...', Array, false)
#4 C:\xampp\htdocs\etkal\system\Model.php(551): CodeIgniter\Database\BaseBuilder->countAllResults(false)
#5 C:\xampp\htdocs\etkal\system\BaseModel.php(1085): CodeIgniter\Model->countAllResults(false)
#6 C:\xampp\htdocs\etkal\app\Controllers\Search.php(28): CodeIgniter\BaseModel->paginate(10)
#7 C:\xampp\htdocs\etkal\system\CodeIgniter.php(907): App\Controllers\Search->index()
#8 C:\xampp\htdocs\etkal\system\CodeIgniter.php(457): CodeIgniter\CodeIgniter->runController(Object(App\Controllers\Search))
#9 C:\xampp\htdocs\etkal\system\CodeIgniter.php(340): CodeIgniter\CodeIgniter->handleRequest(NULL, Object(Config\Cache), false)
#10 C:\xampp\htdocs\etkal\index.php(68): CodeIgniter\CodeIgniter->run()
#11 {main}
CRITICAL - 2022-12-14 09:28:47 --> You have an error in your SQL syntax; check the manual that corresponds to your MariaDB server version for the right syntax to use near ':0: ESCAPE '!'
GROUP BY `w`.`word`
) CI_count_all_results' at line 11
in SYSTEMPATH\Database\MySQLi\Connection.php on line 292.
 1 SYSTEMPATH\Database\MySQLi\Connection.php(292): mysqli->query('SELECT COUNT(*) AS `numrows`
FROM (
SELECT `w`.`word`, `w`.`pronunciation`, `w`.`accessibility`, `m`.`meaning`, `m`.`example`, `m`.`homonyms`, `m`.`part_of_speech_id`, `m`.`meaning_image`, `m`.`created_at`, `u`.`firstname`, `u`.`lastname`, `u`.`email`, `u`.`image`, `d`.`full_name`, `d`.`short_name`, `word_meaning`.`word_meaning_id`, `no_like`, `no_dislike`, sum(us.suggestion = 3) as FLAGE, `ps`.`part_of_speech`, `ps`.`abbreviation`
FROM `word_meaning`
JOIN `words` as `w` ON `word_meaning`.`word_id` = `w`.`word_id`
JOIN `meanings` AS `m` ON `word_meaning`.`meaning_id` = `m`.`meaning_id`
JOIN `users` AS `u` ON `word_meaning`.`user_id` = `u`.`user_id`
JOIN `dictionary` AS `d` ON `word_meaning`.`dictionary_id` = `d`.`dictionary_id`
LEFT JOIN `user_suggestions` AS `us` ON `word_meaning`.`word_meaning_id` = `us`.`word_meaning_id`
LEFT JOIN `parts_of_speechs` AS `ps` ON `m`.`part_of_speech_id` = `ps`.`part_of_speech_id`
WHERE 0 LIKE :0: ESCAPE \'!\'
GROUP BY `w`.`word`
) CI_count_all_results', 0)
 2 SYSTEMPATH\Database\BaseConnection.php(693): CodeIgniter\Database\MySQLi\Connection->execute('SELECT COUNT(*) AS `numrows`
FROM (
SELECT `w`.`word`, `w`.`pronunciation`, `w`.`accessibility`, `m`.`meaning`, `m`.`example`, `m`.`homonyms`, `m`.`part_of_speech_id`, `m`.`meaning_image`, `m`.`created_at`, `u`.`firstname`, `u`.`lastname`, `u`.`email`, `u`.`image`, `d`.`full_name`, `d`.`short_name`, `word_meaning`.`word_meaning_id`, `no_like`, `no_dislike`, sum(us.suggestion = 3) as FLAGE, `ps`.`part_of_speech`, `ps`.`abbreviation`
FROM `word_meaning`
JOIN `words` as `w` ON `word_meaning`.`word_id` = `w`.`word_id`
JOIN `meanings` AS `m` ON `word_meaning`.`meaning_id` = `m`.`meaning_id`
JOIN `users` AS `u` ON `word_meaning`.`user_id` = `u`.`user_id`
JOIN `dictionary` AS `d` ON `word_meaning`.`dictionary_id` = `d`.`dictionary_id`
LEFT JOIN `user_suggestions` AS `us` ON `word_meaning`.`word_meaning_id` = `us`.`word_meaning_id`
LEFT JOIN `parts_of_speechs` AS `ps` ON `m`.`part_of_speech_id` = `ps`.`part_of_speech_id`
WHERE 0 LIKE :0: ESCAPE \'!\'
GROUP BY `w`.`word`
) CI_count_all_results')
 3 SYSTEMPATH\Database\BaseConnection.php(620): CodeIgniter\Database\BaseConnection->simpleQuery('SELECT COUNT(*) AS `numrows`
FROM (
SELECT `w`.`word`, `w`.`pronunciation`, `w`.`accessibility`, `m`.`meaning`, `m`.`example`, `m`.`homonyms`, `m`.`part_of_speech_id`, `m`.`meaning_image`, `m`.`created_at`, `u`.`firstname`, `u`.`lastname`, `u`.`email`, `u`.`image`, `d`.`full_name`, `d`.`short_name`, `word_meaning`.`word_meaning_id`, `no_like`, `no_dislike`, sum(us.suggestion = 3) as FLAGE, `ps`.`part_of_speech`, `ps`.`abbreviation`
FROM `word_meaning`
JOIN `words` as `w` ON `word_meaning`.`word_id` = `w`.`word_id`
JOIN `meanings` AS `m` ON `word_meaning`.`meaning_id` = `m`.`meaning_id`
JOIN `users` AS `u` ON `word_meaning`.`user_id` = `u`.`user_id`
JOIN `dictionary` AS `d` ON `word_meaning`.`dictionary_id` = `d`.`dictionary_id`
LEFT JOIN `user_suggestions` AS `us` ON `word_meaning`.`word_meaning_id` = `us`.`word_meaning_id`
LEFT JOIN `parts_of_speechs` AS `ps` ON `m`.`part_of_speech_id` = `ps`.`part_of_speech_id`
WHERE 0 LIKE :0: ESCAPE \'!\'
GROUP BY `w`.`word`
) CI_count_all_results')
 4 SYSTEMPATH\Database\BaseBuilder.php(1669): CodeIgniter\Database\BaseConnection->query('SELECT COUNT(*) AS `numrows`
FROM (
SELECT `w`.`word`, `w`.`pronunciation`, `w`.`accessibility`, `m`.`meaning`, `m`.`example`, `m`.`homonyms`, `m`.`part_of_speech_id`, `m`.`meaning_image`, `m`.`created_at`, `u`.`firstname`, `u`.`lastname`, `u`.`email`, `u`.`image`, `d`.`full_name`, `d`.`short_name`, `word_meaning`.`word_meaning_id`, `no_like`, `no_dislike`, sum(us.suggestion = 3) as FLAGE, `ps`.`part_of_speech`, `ps`.`abbreviation`
FROM `word_meaning`
JOIN `words` as `w` ON `word_meaning`.`word_id` = `w`.`word_id`
JOIN `meanings` AS `m` ON `word_meaning`.`meaning_id` = `m`.`meaning_id`
JOIN `users` AS `u` ON `word_meaning`.`user_id` = `u`.`user_id`
JOIN `dictionary` AS `d` ON `word_meaning`.`dictionary_id` = `d`.`dictionary_id`
LEFT JOIN `user_suggestions` AS `us` ON `word_meaning`.`word_meaning_id` = `us`.`word_meaning_id`
LEFT JOIN `parts_of_speechs` AS `ps` ON `m`.`part_of_speech_id` = `ps`.`part_of_speech_id`
WHERE 0 LIKE :0: ESCAPE \'!\'
GROUP BY `w`.`word`
) CI_count_all_results', [...], false)
 5 SYSTEMPATH\Model.php(551): CodeIgniter\Database\BaseBuilder->countAllResults(false)
 6 SYSTEMPATH\BaseModel.php(1085): CodeIgniter\Model->countAllResults(false)
 7 APPPATH\Controllers\Search.php(28): CodeIgniter\BaseModel->paginate(10)
 8 SYSTEMPATH\CodeIgniter.php(907): App\Controllers\Search->index()
 9 SYSTEMPATH\CodeIgniter.php(457): CodeIgniter\CodeIgniter->runController(Object(App\Controllers\Search))
10 SYSTEMPATH\CodeIgniter.php(340): CodeIgniter\CodeIgniter->handleRequest(null, Object(Config\Cache), false)
11 FCPATH\index.php(68): CodeIgniter\CodeIgniter->run()
CRITICAL - 2022-12-14 17:15:28 --> trim(): Passing null to parameter #1 ($string) of type string is deprecated
in APPPATH\Controllers\Search.php on line 54.
 1 [internal function]: CodeIgniter\Debug\Exceptions->errorHandler(8192, 'trim(): Passing null to parameter #1 ($string) of type string is deprecated', 'APPPATH\\Controllers\\Search.php', 54)
 2 APPPATH\Controllers\Search.php(54): trim(null)
 3 SYSTEMPATH\CodeIgniter.php(907): App\Controllers\Search->searchword()
 4 SYSTEMPATH\CodeIgniter.php(457): CodeIgniter\CodeIgniter->runController(Object(App\Controllers\Search))
 5 SYSTEMPATH\CodeIgniter.php(340): CodeIgniter\CodeIgniter->handleRequest(null, Object(Config\Cache), false)
 6 FCPATH\index.php(68): CodeIgniter\CodeIgniter->run()
CRITICAL - 2022-12-14 17:16:44 --> trim(): Passing null to parameter #1 ($string) of type string is deprecated
in APPPATH\Controllers\Search.php on line 54.
 1 [internal function]: CodeIgniter\Debug\Exceptions->errorHandler(8192, 'trim(): Passing null to parameter #1 ($string) of type string is deprecated', 'APPPATH\\Controllers\\Search.php', 54)
 2 APPPATH\Controllers\Search.php(54): trim(null)
 3 SYSTEMPATH\CodeIgniter.php(907): App\Controllers\Search->searchword()
 4 SYSTEMPATH\CodeIgniter.php(457): CodeIgniter\CodeIgniter->runController(Object(App\Controllers\Search))
 5 SYSTEMPATH\CodeIgniter.php(340): CodeIgniter\CodeIgniter->handleRequest(null, Object(Config\Cache), false)
 6 FCPATH\index.php(68): CodeIgniter\CodeIgniter->run()
CRITICAL - 2022-12-14 17:16:45 --> trim(): Passing null to parameter #1 ($string) of type string is deprecated
in APPPATH\Controllers\Search.php on line 54.
 1 [internal function]: CodeIgniter\Debug\Exceptions->errorHandler(8192, 'trim(): Passing null to parameter #1 ($string) of type string is deprecated', 'APPPATH\\Controllers\\Search.php', 54)
 2 APPPATH\Controllers\Search.php(54): trim(null)
 3 SYSTEMPATH\CodeIgniter.php(907): App\Controllers\Search->searchword()
 4 SYSTEMPATH\CodeIgniter.php(457): CodeIgniter\CodeIgniter->runController(Object(App\Controllers\Search))
 5 SYSTEMPATH\CodeIgniter.php(340): CodeIgniter\CodeIgniter->handleRequest(null, Object(Config\Cache), false)
 6 FCPATH\index.php(68): CodeIgniter\CodeIgniter->run()
CRITICAL - 2022-12-14 17:16:47 --> trim(): Passing null to parameter #1 ($string) of type string is deprecated
in APPPATH\Controllers\Search.php on line 54.
 1 [internal function]: CodeIgniter\Debug\Exceptions->errorHandler(8192, 'trim(): Passing null to parameter #1 ($string) of type string is deprecated', 'APPPATH\\Controllers\\Search.php', 54)
 2 APPPATH\Controllers\Search.php(54): trim(null)
 3 SYSTEMPATH\CodeIgniter.php(907): App\Controllers\Search->searchword()
 4 SYSTEMPATH\CodeIgniter.php(457): CodeIgniter\CodeIgniter->runController(Object(App\Controllers\Search))
 5 SYSTEMPATH\CodeIgniter.php(340): CodeIgniter\CodeIgniter->handleRequest(null, Object(Config\Cache), false)
 6 FCPATH\index.php(68): CodeIgniter\CodeIgniter->run()
CRITICAL - 2022-12-14 17:19:42 --> trim(): Passing null to parameter #1 ($string) of type string is deprecated
in APPPATH\Controllers\Search.php on line 54.
 1 [internal function]: CodeIgniter\Debug\Exceptions->errorHandler(8192, 'trim(): Passing null to parameter #1 ($string) of type string is deprecated', 'APPPATH\\Controllers\\Search.php', 54)
 2 APPPATH\Controllers\Search.php(54): trim(null)
 3 SYSTEMPATH\CodeIgniter.php(907): App\Controllers\Search->searchword()
 4 SYSTEMPATH\CodeIgniter.php(457): CodeIgniter\CodeIgniter->runController(Object(App\Controllers\Search))
 5 SYSTEMPATH\CodeIgniter.php(340): CodeIgniter\CodeIgniter->handleRequest(null, Object(Config\Cache), false)
 6 FCPATH\index.php(68): CodeIgniter\CodeIgniter->run()
CRITICAL - 2022-12-14 17:19:43 --> trim(): Passing null to parameter #1 ($string) of type string is deprecated
in APPPATH\Controllers\Search.php on line 54.
 1 [internal function]: CodeIgniter\Debug\Exceptions->errorHandler(8192, 'trim(): Passing null to parameter #1 ($string) of type string is deprecated', 'APPPATH\\Controllers\\Search.php', 54)
 2 APPPATH\Controllers\Search.php(54): trim(null)
 3 SYSTEMPATH\CodeIgniter.php(907): App\Controllers\Search->searchword()
 4 SYSTEMPATH\CodeIgniter.php(457): CodeIgniter\CodeIgniter->runController(Object(App\Controllers\Search))
 5 SYSTEMPATH\CodeIgniter.php(340): CodeIgniter\CodeIgniter->handleRequest(null, Object(Config\Cache), false)
 6 FCPATH\index.php(68): CodeIgniter\CodeIgniter->run()
CRITICAL - 2022-12-14 17:19:45 --> trim(): Passing null to parameter #1 ($string) of type string is deprecated
in APPPATH\Controllers\Search.php on line 54.
 1 [internal function]: CodeIgniter\Debug\Exceptions->errorHandler(8192, 'trim(): Passing null to parameter #1 ($string) of type string is deprecated', 'APPPATH\\Controllers\\Search.php', 54)
 2 APPPATH\Controllers\Search.php(54): trim(null)
 3 SYSTEMPATH\CodeIgniter.php(907): App\Controllers\Search->searchword()
 4 SYSTEMPATH\CodeIgniter.php(457): CodeIgniter\CodeIgniter->runController(Object(App\Controllers\Search))
 5 SYSTEMPATH\CodeIgniter.php(340): CodeIgniter\CodeIgniter->handleRequest(null, Object(Config\Cache), false)
 6 FCPATH\index.php(68): CodeIgniter\CodeIgniter->run()
CRITICAL - 2022-12-14 17:21:54 --> trim(): Passing null to parameter #1 ($string) of type string is deprecated
in SYSTEMPATH\Validation\Validation.php on line 302.
 1 [internal function]: CodeIgniter\Debug\Exceptions->errorHandler(8192, 'trim(): Passing null to parameter #1 ($string) of type string is deprecated', 'SYSTEMPATH\\Validation\\Validation.php', 302)
 2 SYSTEMPATH\Validation\Validation.php(302): trim(null)
 3 SYSTEMPATH\Validation\Validation.php(175): CodeIgniter\Validation\Validation->processRules('searctext', 'searctext', null, [...], [...])
 4 SYSTEMPATH\Controller.php(140): CodeIgniter\Validation\Validation->run()
 5 APPPATH\Controllers\Search.php(53): CodeIgniter\Controller->validate([...])
 6 SYSTEMPATH\CodeIgniter.php(907): App\Controllers\Search->searchword()
 7 SYSTEMPATH\CodeIgniter.php(457): CodeIgniter\CodeIgniter->runController(Object(App\Controllers\Search))
 8 SYSTEMPATH\CodeIgniter.php(340): CodeIgniter\CodeIgniter->handleRequest(null, Object(Config\Cache), false)
 9 FCPATH\index.php(68): CodeIgniter\CodeIgniter->run()
