CRITICAL - 2022-11-07 14:13:13 --> Undefined variable $image
in APPPATH\Views\partials\navbar.php on line 47.
 1 APPPATH\Views\partials\navbar.php(47): CodeIgniter\Debug\Exceptions->errorHandler(2, 'Undefined variable $image', 'APPPATH\\Views\\partials\\navbar.php', 47)
 2 SYSTEMPATH\View\View.php(213): include('APPPATH\\Views\\partials\\navbar.php')
 3 SYSTEMPATH\View\View.php(216): CodeIgniter\View\View->CodeIgniter\View\{closure}()
 4 SYSTEMPATH\View\View.php(429): CodeIgniter\View\View->render('partials/navbar', null, true)
 5 APPPATH\Views\default.php(6): CodeIgniter\View\View->include('partials/navbar')
 6 SYSTEMPATH\View\View.php(213): include('APPPATH\\Views\\default.php')
 7 SYSTEMPATH\View\View.php(216): CodeIgniter\View\View->CodeIgniter\View\{closure}()
 8 SYSTEMPATH\View\View.php(229): CodeIgniter\View\View->render('Views\\default', [], true)
 9 SYSTEMPATH\Common.php(1142): CodeIgniter\View\View->render('dictionary/addmeaning', [], true)
10 APPPATH\Controllers\Meaning.php(22): view('dictionary/addmeaning', [...])
11 SYSTEMPATH\CodeIgniter.php(907): App\Controllers\Meaning->index()
12 SYSTEMPATH\CodeIgniter.php(457): CodeIgniter\CodeIgniter->runController(Object(App\Controllers\Meaning))
13 SYSTEMPATH\CodeIgniter.php(340): CodeIgniter\CodeIgniter->handleRequest(null, Object(Config\Cache), false)
14 FCPATH\index.php(68): CodeIgniter\CodeIgniter->run()
CRITICAL - 2022-11-07 14:13:20 --> Undefined variable $image
in APPPATH\Views\partials\navbar.php on line 47.
 1 APPPATH\Views\partials\navbar.php(47): CodeIgniter\Debug\Exceptions->errorHandler(2, 'Undefined variable $image', 'APPPATH\\Views\\partials\\navbar.php', 47)
 2 SYSTEMPATH\View\View.php(213): include('APPPATH\\Views\\partials\\navbar.php')
 3 SYSTEMPATH\View\View.php(216): CodeIgniter\View\View->CodeIgniter\View\{closure}()
 4 SYSTEMPATH\View\View.php(429): CodeIgniter\View\View->render('partials/navbar', null, true)
 5 APPPATH\Views\default.php(6): CodeIgniter\View\View->include('partials/navbar')
 6 SYSTEMPATH\View\View.php(213): include('APPPATH\\Views\\default.php')
 7 SYSTEMPATH\View\View.php(216): CodeIgniter\View\View->CodeIgniter\View\{closure}()
 8 SYSTEMPATH\View\View.php(229): CodeIgniter\View\View->render('Views\\default', [], true)
 9 SYSTEMPATH\Common.php(1142): CodeIgniter\View\View->render('dictionary/addmeaning', [], true)
10 APPPATH\Controllers\Meaning.php(22): view('dictionary/addmeaning', [...])
11 SYSTEMPATH\CodeIgniter.php(907): App\Controllers\Meaning->index()
12 SYSTEMPATH\CodeIgniter.php(457): CodeIgniter\CodeIgniter->runController(Object(App\Controllers\Meaning))
13 SYSTEMPATH\CodeIgniter.php(340): CodeIgniter\CodeIgniter->handleRequest(null, Object(Config\Cache), false)
14 FCPATH\index.php(68): CodeIgniter\CodeIgniter->run()
CRITICAL - 2022-11-07 14:13:21 --> Undefined variable $image
in APPPATH\Views\partials\navbar.php on line 47.
 1 APPPATH\Views\partials\navbar.php(47): CodeIgniter\Debug\Exceptions->errorHandler(2, 'Undefined variable $image', 'APPPATH\\Views\\partials\\navbar.php', 47)
 2 SYSTEMPATH\View\View.php(213): include('APPPATH\\Views\\partials\\navbar.php')
 3 SYSTEMPATH\View\View.php(216): CodeIgniter\View\View->CodeIgniter\View\{closure}()
 4 SYSTEMPATH\View\View.php(429): CodeIgniter\View\View->render('partials/navbar', null, true)
 5 APPPATH\Views\default.php(6): CodeIgniter\View\View->include('partials/navbar')
 6 SYSTEMPATH\View\View.php(213): include('APPPATH\\Views\\default.php')
 7 SYSTEMPATH\View\View.php(216): CodeIgniter\View\View->CodeIgniter\View\{closure}()
 8 SYSTEMPATH\View\View.php(229): CodeIgniter\View\View->render('Views\\default', [], true)
 9 SYSTEMPATH\Common.php(1142): CodeIgniter\View\View->render('dictionary/addmeaning', [], true)
10 APPPATH\Controllers\Meaning.php(22): view('dictionary/addmeaning', [...])
11 SYSTEMPATH\CodeIgniter.php(907): App\Controllers\Meaning->index()
12 SYSTEMPATH\CodeIgniter.php(457): CodeIgniter\CodeIgniter->runController(Object(App\Controllers\Meaning))
13 SYSTEMPATH\CodeIgniter.php(340): CodeIgniter\CodeIgniter->handleRequest(null, Object(Config\Cache), false)
14 FCPATH\index.php(68): CodeIgniter\CodeIgniter->run()
CRITICAL - 2022-11-07 14:13:23 --> Undefined variable $image
in APPPATH\Views\partials\navbar.php on line 47.
 1 APPPATH\Views\partials\navbar.php(47): CodeIgniter\Debug\Exceptions->errorHandler(2, 'Undefined variable $image', 'APPPATH\\Views\\partials\\navbar.php', 47)
 2 SYSTEMPATH\View\View.php(213): include('APPPATH\\Views\\partials\\navbar.php')
 3 SYSTEMPATH\View\View.php(216): CodeIgniter\View\View->CodeIgniter\View\{closure}()
 4 SYSTEMPATH\View\View.php(429): CodeIgniter\View\View->render('partials/navbar', null, true)
 5 APPPATH\Views\default.php(6): CodeIgniter\View\View->include('partials/navbar')
 6 SYSTEMPATH\View\View.php(213): include('APPPATH\\Views\\default.php')
 7 SYSTEMPATH\View\View.php(216): CodeIgniter\View\View->CodeIgniter\View\{closure}()
 8 SYSTEMPATH\View\View.php(229): CodeIgniter\View\View->render('Views\\default', [], true)
 9 SYSTEMPATH\Common.php(1142): CodeIgniter\View\View->render('dictionary/addmeaning', [], true)
10 APPPATH\Controllers\Meaning.php(22): view('dictionary/addmeaning', [...])
11 SYSTEMPATH\CodeIgniter.php(907): App\Controllers\Meaning->index()
12 SYSTEMPATH\CodeIgniter.php(457): CodeIgniter\CodeIgniter->runController(Object(App\Controllers\Meaning))
13 SYSTEMPATH\CodeIgniter.php(340): CodeIgniter\CodeIgniter->handleRequest(null, Object(Config\Cache), false)
14 FCPATH\index.php(68): CodeIgniter\CodeIgniter->run()
CRITICAL - 2022-11-07 14:21:04 --> Undefined property: App\Controllers\Meaning::$userModel
in APPPATH\Controllers\Meaning.php on line 22.
 1 APPPATH\Controllers\Meaning.php(22): CodeIgniter\Debug\Exceptions->errorHandler(2, 'Undefined property: App\\Controllers\\Meaning::$userModel', 'APPPATH\\Controllers\\Meaning.php', 22)
 2 SYSTEMPATH\CodeIgniter.php(907): App\Controllers\Meaning->index()
 3 SYSTEMPATH\CodeIgniter.php(457): CodeIgniter\CodeIgniter->runController(Object(App\Controllers\Meaning))
 4 SYSTEMPATH\CodeIgniter.php(340): CodeIgniter\CodeIgniter->handleRequest(null, Object(Config\Cache), false)
 5 FCPATH\index.php(68): CodeIgniter\CodeIgniter->run()
CRITICAL - 2022-11-07 14:22:42 --> Undefined property: App\Controllers\Meaning::$meaningModel
in APPPATH\Controllers\Meaning.php on line 24.
 1 APPPATH\Controllers\Meaning.php(24): CodeIgniter\Debug\Exceptions->errorHandler(2, 'Undefined property: App\\Controllers\\Meaning::$meaningModel', 'APPPATH\\Controllers\\Meaning.php', 24)
 2 SYSTEMPATH\CodeIgniter.php(907): App\Controllers\Meaning->index()
 3 SYSTEMPATH\CodeIgniter.php(457): CodeIgniter\CodeIgniter->runController(Object(App\Controllers\Meaning))
 4 SYSTEMPATH\CodeIgniter.php(340): CodeIgniter\CodeIgniter->handleRequest(null, Object(Config\Cache), false)
 5 FCPATH\index.php(68): CodeIgniter\CodeIgniter->run()
CRITICAL - 2022-11-07 14:22:43 --> Undefined property: App\Controllers\Meaning::$meaningModel
in APPPATH\Controllers\Meaning.php on line 24.
 1 APPPATH\Controllers\Meaning.php(24): CodeIgniter\Debug\Exceptions->errorHandler(2, 'Undefined property: App\\Controllers\\Meaning::$meaningModel', 'APPPATH\\Controllers\\Meaning.php', 24)
 2 SYSTEMPATH\CodeIgniter.php(907): App\Controllers\Meaning->index()
 3 SYSTEMPATH\CodeIgniter.php(457): CodeIgniter\CodeIgniter->runController(Object(App\Controllers\Meaning))
 4 SYSTEMPATH\CodeIgniter.php(340): CodeIgniter\CodeIgniter->handleRequest(null, Object(Config\Cache), false)
 5 FCPATH\index.php(68): CodeIgniter\CodeIgniter->run()
CRITICAL - 2022-11-07 14:25:21 --> view(): Argument #2 ($data) must be of type array, null given, called in C:\xampp\htdocs\etkal\app\Controllers\Meaning.php on line 26
in SYSTEMPATH\Common.php on line 1128.
 1 APPPATH\Controllers\Meaning.php(26): view('login/login', null)
 2 SYSTEMPATH\CodeIgniter.php(907): App\Controllers\Meaning->index()
 3 SYSTEMPATH\CodeIgniter.php(457): CodeIgniter\CodeIgniter->runController(Object(App\Controllers\Meaning))
 4 SYSTEMPATH\CodeIgniter.php(340): CodeIgniter\CodeIgniter->handleRequest(null, Object(Config\Cache), false)
 5 FCPATH\index.php(68): CodeIgniter\CodeIgniter->run()
CRITICAL - 2022-11-07 14:25:59 --> Undefined variable $title
in APPPATH\Views\partials\header.php on line 8.
 1 APPPATH\Views\partials\header.php(8): CodeIgniter\Debug\Exceptions->errorHandler(2, 'Undefined variable $title', 'APPPATH\\Views\\partials\\header.php', 8)
 2 SYSTEMPATH\View\View.php(213): include('APPPATH\\Views\\partials\\header.php')
 3 SYSTEMPATH\View\View.php(216): CodeIgniter\View\View->CodeIgniter\View\{closure}()
 4 SYSTEMPATH\View\View.php(429): CodeIgniter\View\View->render('partials/header', null, true)
 5 APPPATH\Views\login\login.php(1): CodeIgniter\View\View->include('partials/header')
 6 SYSTEMPATH\View\View.php(213): include('APPPATH\\Views\\login\\login.php')
 7 SYSTEMPATH\View\View.php(216): CodeIgniter\View\View->CodeIgniter\View\{closure}()
 8 SYSTEMPATH\Common.php(1142): CodeIgniter\View\View->render('login/login', [], true)
 9 APPPATH\Controllers\Meaning.php(26): view('login/login')
10 SYSTEMPATH\CodeIgniter.php(907): App\Controllers\Meaning->index()
11 SYSTEMPATH\CodeIgniter.php(457): CodeIgniter\CodeIgniter->runController(Object(App\Controllers\Meaning))
12 SYSTEMPATH\CodeIgniter.php(340): CodeIgniter\CodeIgniter->handleRequest(null, Object(Config\Cache), false)
13 FCPATH\index.php(68): CodeIgniter\CodeIgniter->run()
CRITICAL - 2022-11-07 17:51:41 --> Undefined variable $title
in APPPATH\Views\partials\header.php on line 8.
 1 APPPATH\Views\partials\header.php(8): CodeIgniter\Debug\Exceptions->errorHandler(2, 'Undefined variable $title', 'APPPATH\\Views\\partials\\header.php', 8)
 2 SYSTEMPATH\View\View.php(213): include('APPPATH\\Views\\partials\\header.php')
 3 SYSTEMPATH\View\View.php(216): CodeIgniter\View\View->CodeIgniter\View\{closure}()
 4 SYSTEMPATH\View\View.php(429): CodeIgniter\View\View->render('partials/header', null, true)
 5 APPPATH\Views\default.php(1): CodeIgniter\View\View->include('partials/header')
 6 SYSTEMPATH\View\View.php(213): include('APPPATH\\Views\\default.php')
 7 SYSTEMPATH\View\View.php(216): CodeIgniter\View\View->CodeIgniter\View\{closure}()
 8 SYSTEMPATH\View\View.php(229): CodeIgniter\View\View->render('Views\\default', [], true)
 9 SYSTEMPATH\Common.php(1142): CodeIgniter\View\View->render('dictionary/addmeaning', [], true)
10 APPPATH\Controllers\Meaning.php(30): view('dictionary/addmeaning', [...])
11 SYSTEMPATH\CodeIgniter.php(907): App\Controllers\Meaning->index()
12 SYSTEMPATH\CodeIgniter.php(457): CodeIgniter\CodeIgniter->runController(Object(App\Controllers\Meaning))
13 SYSTEMPATH\CodeIgniter.php(340): CodeIgniter\CodeIgniter->handleRequest(null, Object(Config\Cache), false)
14 FCPATH\index.php(68): CodeIgniter\CodeIgniter->run()
CRITICAL - 2022-11-07 17:53:21 --> Undefined variable $title
in APPPATH\Views\partials\header.php on line 8.
 1 APPPATH\Views\partials\header.php(8): CodeIgniter\Debug\Exceptions->errorHandler(2, 'Undefined variable $title', 'APPPATH\\Views\\partials\\header.php', 8)
 2 SYSTEMPATH\View\View.php(213): include('APPPATH\\Views\\partials\\header.php')
 3 SYSTEMPATH\View\View.php(216): CodeIgniter\View\View->CodeIgniter\View\{closure}()
 4 SYSTEMPATH\View\View.php(429): CodeIgniter\View\View->render('partials/header', null, true)
 5 APPPATH\Views\default.php(1): CodeIgniter\View\View->include('partials/header')
 6 SYSTEMPATH\View\View.php(213): include('APPPATH\\Views\\default.php')
 7 SYSTEMPATH\View\View.php(216): CodeIgniter\View\View->CodeIgniter\View\{closure}()
 8 SYSTEMPATH\View\View.php(229): CodeIgniter\View\View->render('Views\\default', [], true)
 9 SYSTEMPATH\Common.php(1142): CodeIgniter\View\View->render('dictionary/addmeaning', [], true)
10 APPPATH\Controllers\Meaning.php(30): view('dictionary/addmeaning', [...])
11 SYSTEMPATH\CodeIgniter.php(907): App\Controllers\Meaning->index()
12 SYSTEMPATH\CodeIgniter.php(457): CodeIgniter\CodeIgniter->runController(Object(App\Controllers\Meaning))
13 SYSTEMPATH\CodeIgniter.php(340): CodeIgniter\CodeIgniter->handleRequest(null, Object(Config\Cache), false)
14 FCPATH\index.php(68): CodeIgniter\CodeIgniter->run()
CRITICAL - 2022-11-07 17:53:22 --> Undefined variable $title
in APPPATH\Views\partials\header.php on line 8.
 1 APPPATH\Views\partials\header.php(8): CodeIgniter\Debug\Exceptions->errorHandler(2, 'Undefined variable $title', 'APPPATH\\Views\\partials\\header.php', 8)
 2 SYSTEMPATH\View\View.php(213): include('APPPATH\\Views\\partials\\header.php')
 3 SYSTEMPATH\View\View.php(216): CodeIgniter\View\View->CodeIgniter\View\{closure}()
 4 SYSTEMPATH\View\View.php(429): CodeIgniter\View\View->render('partials/header', null, true)
 5 APPPATH\Views\default.php(1): CodeIgniter\View\View->include('partials/header')
 6 SYSTEMPATH\View\View.php(213): include('APPPATH\\Views\\default.php')
 7 SYSTEMPATH\View\View.php(216): CodeIgniter\View\View->CodeIgniter\View\{closure}()
 8 SYSTEMPATH\View\View.php(229): CodeIgniter\View\View->render('Views\\default', [], true)
 9 SYSTEMPATH\Common.php(1142): CodeIgniter\View\View->render('dictionary/addmeaning', [], true)
10 APPPATH\Controllers\Meaning.php(30): view('dictionary/addmeaning', [...])
11 SYSTEMPATH\CodeIgniter.php(907): App\Controllers\Meaning->index()
12 SYSTEMPATH\CodeIgniter.php(457): CodeIgniter\CodeIgniter->runController(Object(App\Controllers\Meaning))
13 SYSTEMPATH\CodeIgniter.php(340): CodeIgniter\CodeIgniter->handleRequest(null, Object(Config\Cache), false)
14 FCPATH\index.php(68): CodeIgniter\CodeIgniter->run()
CRITICAL - 2022-11-07 17:53:25 --> Undefined variable $title
in APPPATH\Views\partials\header.php on line 8.
 1 APPPATH\Views\partials\header.php(8): CodeIgniter\Debug\Exceptions->errorHandler(2, 'Undefined variable $title', 'APPPATH\\Views\\partials\\header.php', 8)
 2 SYSTEMPATH\View\View.php(213): include('APPPATH\\Views\\partials\\header.php')
 3 SYSTEMPATH\View\View.php(216): CodeIgniter\View\View->CodeIgniter\View\{closure}()
 4 SYSTEMPATH\View\View.php(429): CodeIgniter\View\View->render('partials/header', null, true)
 5 APPPATH\Views\default.php(1): CodeIgniter\View\View->include('partials/header')
 6 SYSTEMPATH\View\View.php(213): include('APPPATH\\Views\\default.php')
 7 SYSTEMPATH\View\View.php(216): CodeIgniter\View\View->CodeIgniter\View\{closure}()
 8 SYSTEMPATH\View\View.php(229): CodeIgniter\View\View->render('Views\\default', [], true)
 9 SYSTEMPATH\Common.php(1142): CodeIgniter\View\View->render('dictionary/addmeaning', [], true)
10 APPPATH\Controllers\Meaning.php(30): view('dictionary/addmeaning', [...])
11 SYSTEMPATH\CodeIgniter.php(907): App\Controllers\Meaning->index()
12 SYSTEMPATH\CodeIgniter.php(457): CodeIgniter\CodeIgniter->runController(Object(App\Controllers\Meaning))
13 SYSTEMPATH\CodeIgniter.php(340): CodeIgniter\CodeIgniter->handleRequest(null, Object(Config\Cache), false)
14 FCPATH\index.php(68): CodeIgniter\CodeIgniter->run()
CRITICAL - 2022-11-07 17:53:32 --> Undefined variable $title
in APPPATH\Views\partials\header.php on line 8.
 1 APPPATH\Views\partials\header.php(8): CodeIgniter\Debug\Exceptions->errorHandler(2, 'Undefined variable $title', 'APPPATH\\Views\\partials\\header.php', 8)
 2 SYSTEMPATH\View\View.php(213): include('APPPATH\\Views\\partials\\header.php')
 3 SYSTEMPATH\View\View.php(216): CodeIgniter\View\View->CodeIgniter\View\{closure}()
 4 SYSTEMPATH\View\View.php(429): CodeIgniter\View\View->render('partials/header', null, true)
 5 APPPATH\Views\default.php(1): CodeIgniter\View\View->include('partials/header')
 6 SYSTEMPATH\View\View.php(213): include('APPPATH\\Views\\default.php')
 7 SYSTEMPATH\View\View.php(216): CodeIgniter\View\View->CodeIgniter\View\{closure}()
 8 SYSTEMPATH\View\View.php(229): CodeIgniter\View\View->render('Views\\default', [], true)
 9 SYSTEMPATH\Common.php(1142): CodeIgniter\View\View->render('dictionary/addmeaning', [], true)
10 APPPATH\Controllers\Meaning.php(30): view('dictionary/addmeaning', [...])
11 SYSTEMPATH\CodeIgniter.php(907): App\Controllers\Meaning->index()
12 SYSTEMPATH\CodeIgniter.php(457): CodeIgniter\CodeIgniter->runController(Object(App\Controllers\Meaning))
13 SYSTEMPATH\CodeIgniter.php(340): CodeIgniter\CodeIgniter->handleRequest(null, Object(Config\Cache), false)
14 FCPATH\index.php(68): CodeIgniter\CodeIgniter->run()
CRITICAL - 2022-11-07 17:56:49 --> Undefined variable $sidebar
in APPPATH\Views\partials\sidebar.php on line 31.
 1 APPPATH\Views\partials\sidebar.php(31): CodeIgniter\Debug\Exceptions->errorHandler(2, 'Undefined variable $sidebar', 'APPPATH\\Views\\partials\\sidebar.php', 31)
 2 SYSTEMPATH\View\View.php(213): include('APPPATH\\Views\\partials\\sidebar.php')
 3 SYSTEMPATH\View\View.php(216): CodeIgniter\View\View->CodeIgniter\View\{closure}()
 4 SYSTEMPATH\View\View.php(429): CodeIgniter\View\View->render('partials/sidebar', null, true)
 5 APPPATH\Views\default.php(17): CodeIgniter\View\View->include('partials/sidebar')
 6 SYSTEMPATH\View\View.php(213): include('APPPATH\\Views\\default.php')
 7 SYSTEMPATH\View\View.php(216): CodeIgniter\View\View->CodeIgniter\View\{closure}()
 8 SYSTEMPATH\View\View.php(229): CodeIgniter\View\View->render('Views\\default', [], true)
 9 SYSTEMPATH\Common.php(1142): CodeIgniter\View\View->render('dictionary/addmeaning', [], true)
10 APPPATH\Controllers\Meaning.php(30): view('dictionary/addmeaning', [...])
11 SYSTEMPATH\CodeIgniter.php(907): App\Controllers\Meaning->index()
12 SYSTEMPATH\CodeIgniter.php(457): CodeIgniter\CodeIgniter->runController(Object(App\Controllers\Meaning))
13 SYSTEMPATH\CodeIgniter.php(340): CodeIgniter\CodeIgniter->handleRequest(null, Object(Config\Cache), false)
14 FCPATH\index.php(68): CodeIgniter\CodeIgniter->run()
CRITICAL - 2022-11-07 17:56:52 --> Undefined variable $sidebar
in APPPATH\Views\partials\sidebar.php on line 31.
 1 APPPATH\Views\partials\sidebar.php(31): CodeIgniter\Debug\Exceptions->errorHandler(2, 'Undefined variable $sidebar', 'APPPATH\\Views\\partials\\sidebar.php', 31)
 2 SYSTEMPATH\View\View.php(213): include('APPPATH\\Views\\partials\\sidebar.php')
 3 SYSTEMPATH\View\View.php(216): CodeIgniter\View\View->CodeIgniter\View\{closure}()
 4 SYSTEMPATH\View\View.php(429): CodeIgniter\View\View->render('partials/sidebar', null, true)
 5 APPPATH\Views\default.php(17): CodeIgniter\View\View->include('partials/sidebar')
 6 SYSTEMPATH\View\View.php(213): include('APPPATH\\Views\\default.php')
 7 SYSTEMPATH\View\View.php(216): CodeIgniter\View\View->CodeIgniter\View\{closure}()
 8 SYSTEMPATH\View\View.php(229): CodeIgniter\View\View->render('Views\\default', [], true)
 9 SYSTEMPATH\Common.php(1142): CodeIgniter\View\View->render('dictionary/addmeaning', [], true)
10 APPPATH\Controllers\Meaning.php(30): view('dictionary/addmeaning', [...])
11 SYSTEMPATH\CodeIgniter.php(907): App\Controllers\Meaning->index()
12 SYSTEMPATH\CodeIgniter.php(457): CodeIgniter\CodeIgniter->runController(Object(App\Controllers\Meaning))
13 SYSTEMPATH\CodeIgniter.php(340): CodeIgniter\CodeIgniter->handleRequest(null, Object(Config\Cache), false)
14 FCPATH\index.php(68): CodeIgniter\CodeIgniter->run()
CRITICAL - 2022-11-07 17:56:53 --> Undefined variable $sidebar
in APPPATH\Views\partials\sidebar.php on line 31.
 1 APPPATH\Views\partials\sidebar.php(31): CodeIgniter\Debug\Exceptions->errorHandler(2, 'Undefined variable $sidebar', 'APPPATH\\Views\\partials\\sidebar.php', 31)
 2 SYSTEMPATH\View\View.php(213): include('APPPATH\\Views\\partials\\sidebar.php')
 3 SYSTEMPATH\View\View.php(216): CodeIgniter\View\View->CodeIgniter\View\{closure}()
 4 SYSTEMPATH\View\View.php(429): CodeIgniter\View\View->render('partials/sidebar', null, true)
 5 APPPATH\Views\default.php(17): CodeIgniter\View\View->include('partials/sidebar')
 6 SYSTEMPATH\View\View.php(213): include('APPPATH\\Views\\default.php')
 7 SYSTEMPATH\View\View.php(216): CodeIgniter\View\View->CodeIgniter\View\{closure}()
 8 SYSTEMPATH\View\View.php(229): CodeIgniter\View\View->render('Views\\default', [], true)
 9 SYSTEMPATH\Common.php(1142): CodeIgniter\View\View->render('dictionary/addmeaning', [], true)
10 APPPATH\Controllers\Meaning.php(30): view('dictionary/addmeaning', [...])
11 SYSTEMPATH\CodeIgniter.php(907): App\Controllers\Meaning->index()
12 SYSTEMPATH\CodeIgniter.php(457): CodeIgniter\CodeIgniter->runController(Object(App\Controllers\Meaning))
13 SYSTEMPATH\CodeIgniter.php(340): CodeIgniter\CodeIgniter->handleRequest(null, Object(Config\Cache), false)
14 FCPATH\index.php(68): CodeIgniter\CodeIgniter->run()
CRITICAL - 2022-11-07 17:57:03 --> Undefined variable $sidebar
in APPPATH\Views\partials\sidebar.php on line 31.
 1 APPPATH\Views\partials\sidebar.php(31): CodeIgniter\Debug\Exceptions->errorHandler(2, 'Undefined variable $sidebar', 'APPPATH\\Views\\partials\\sidebar.php', 31)
 2 SYSTEMPATH\View\View.php(213): include('APPPATH\\Views\\partials\\sidebar.php')
 3 SYSTEMPATH\View\View.php(216): CodeIgniter\View\View->CodeIgniter\View\{closure}()
 4 SYSTEMPATH\View\View.php(429): CodeIgniter\View\View->render('partials/sidebar', null, true)
 5 APPPATH\Views\default.php(17): CodeIgniter\View\View->include('partials/sidebar')
 6 SYSTEMPATH\View\View.php(213): include('APPPATH\\Views\\default.php')
 7 SYSTEMPATH\View\View.php(216): CodeIgniter\View\View->CodeIgniter\View\{closure}()
 8 SYSTEMPATH\View\View.php(229): CodeIgniter\View\View->render('Views\\default', [], true)
 9 SYSTEMPATH\Common.php(1142): CodeIgniter\View\View->render('dictionary/addmeaning', [], true)
10 APPPATH\Controllers\Meaning.php(30): view('dictionary/addmeaning', [...])
11 SYSTEMPATH\CodeIgniter.php(907): App\Controllers\Meaning->index()
12 SYSTEMPATH\CodeIgniter.php(457): CodeIgniter\CodeIgniter->runController(Object(App\Controllers\Meaning))
13 SYSTEMPATH\CodeIgniter.php(340): CodeIgniter\CodeIgniter->handleRequest(null, Object(Config\Cache), false)
14 FCPATH\index.php(68): CodeIgniter\CodeIgniter->run()
CRITICAL - 2022-11-07 18:05:19 --> Undefined variable $image
in APPPATH\Views\partials\navbar.php on line 47.
 1 APPPATH\Views\partials\navbar.php(47): CodeIgniter\Debug\Exceptions->errorHandler(2, 'Undefined variable $image', 'APPPATH\\Views\\partials\\navbar.php', 47)
 2 SYSTEMPATH\View\View.php(213): include('APPPATH\\Views\\partials\\navbar.php')
 3 SYSTEMPATH\View\View.php(216): CodeIgniter\View\View->CodeIgniter\View\{closure}()
 4 SYSTEMPATH\View\View.php(429): CodeIgniter\View\View->render('partials/navbar', null, true)
 5 APPPATH\Views\default.php(6): CodeIgniter\View\View->include('partials/navbar')
 6 SYSTEMPATH\View\View.php(213): include('APPPATH\\Views\\default.php')
 7 SYSTEMPATH\View\View.php(216): CodeIgniter\View\View->CodeIgniter\View\{closure}()
 8 SYSTEMPATH\View\View.php(229): CodeIgniter\View\View->render('Views\\default', [], true)
 9 SYSTEMPATH\Common.php(1142): CodeIgniter\View\View->render('dictionary/addmeaning', [], true)
10 APPPATH\Controllers\Meaning.php(31): view('dictionary/addmeaning', [...])
11 SYSTEMPATH\CodeIgniter.php(907): App\Controllers\Meaning->index()
12 SYSTEMPATH\CodeIgniter.php(457): CodeIgniter\CodeIgniter->runController(Object(App\Controllers\Meaning))
13 SYSTEMPATH\CodeIgniter.php(340): CodeIgniter\CodeIgniter->handleRequest(null, Object(Config\Cache), false)
14 FCPATH\index.php(68): CodeIgniter\CodeIgniter->run()
CRITICAL - 2022-11-07 18:05:21 --> Undefined variable $image
in APPPATH\Views\partials\navbar.php on line 47.
 1 APPPATH\Views\partials\navbar.php(47): CodeIgniter\Debug\Exceptions->errorHandler(2, 'Undefined variable $image', 'APPPATH\\Views\\partials\\navbar.php', 47)
 2 SYSTEMPATH\View\View.php(213): include('APPPATH\\Views\\partials\\navbar.php')
 3 SYSTEMPATH\View\View.php(216): CodeIgniter\View\View->CodeIgniter\View\{closure}()
 4 SYSTEMPATH\View\View.php(429): CodeIgniter\View\View->render('partials/navbar', null, true)
 5 APPPATH\Views\default.php(6): CodeIgniter\View\View->include('partials/navbar')
 6 SYSTEMPATH\View\View.php(213): include('APPPATH\\Views\\default.php')
 7 SYSTEMPATH\View\View.php(216): CodeIgniter\View\View->CodeIgniter\View\{closure}()
 8 SYSTEMPATH\View\View.php(229): CodeIgniter\View\View->render('Views\\default', [], true)
 9 SYSTEMPATH\Common.php(1142): CodeIgniter\View\View->render('dictionary/addmeaning', [], true)
10 APPPATH\Controllers\Meaning.php(31): view('dictionary/addmeaning', [...])
11 SYSTEMPATH\CodeIgniter.php(907): App\Controllers\Meaning->index()
12 SYSTEMPATH\CodeIgniter.php(457): CodeIgniter\CodeIgniter->runController(Object(App\Controllers\Meaning))
13 SYSTEMPATH\CodeIgniter.php(340): CodeIgniter\CodeIgniter->handleRequest(null, Object(Config\Cache), false)
14 FCPATH\index.php(68): CodeIgniter\CodeIgniter->run()
CRITICAL - 2022-11-07 18:05:27 --> Undefined variable $image
in APPPATH\Views\partials\navbar.php on line 47.
 1 APPPATH\Views\partials\navbar.php(47): CodeIgniter\Debug\Exceptions->errorHandler(2, 'Undefined variable $image', 'APPPATH\\Views\\partials\\navbar.php', 47)
 2 SYSTEMPATH\View\View.php(213): include('APPPATH\\Views\\partials\\navbar.php')
 3 SYSTEMPATH\View\View.php(216): CodeIgniter\View\View->CodeIgniter\View\{closure}()
 4 SYSTEMPATH\View\View.php(429): CodeIgniter\View\View->render('partials/navbar', null, true)
 5 APPPATH\Views\default.php(6): CodeIgniter\View\View->include('partials/navbar')
 6 SYSTEMPATH\View\View.php(213): include('APPPATH\\Views\\default.php')
 7 SYSTEMPATH\View\View.php(216): CodeIgniter\View\View->CodeIgniter\View\{closure}()
 8 SYSTEMPATH\View\View.php(229): CodeIgniter\View\View->render('Views\\default', [], true)
 9 SYSTEMPATH\Common.php(1142): CodeIgniter\View\View->render('dictionary/addmeaning', [], true)
10 APPPATH\Controllers\Meaning.php(31): view('dictionary/addmeaning', [...])
11 SYSTEMPATH\CodeIgniter.php(907): App\Controllers\Meaning->index()
12 SYSTEMPATH\CodeIgniter.php(457): CodeIgniter\CodeIgniter->runController(Object(App\Controllers\Meaning))
13 SYSTEMPATH\CodeIgniter.php(340): CodeIgniter\CodeIgniter->handleRequest(null, Object(Config\Cache), false)
14 FCPATH\index.php(68): CodeIgniter\CodeIgniter->run()
CRITICAL - 2022-11-07 18:06:07 --> Undefined variable $image
in APPPATH\Views\partials\navbar.php on line 47.
 1 APPPATH\Views\partials\navbar.php(47): CodeIgniter\Debug\Exceptions->errorHandler(2, 'Undefined variable $image', 'APPPATH\\Views\\partials\\navbar.php', 47)
 2 SYSTEMPATH\View\View.php(213): include('APPPATH\\Views\\partials\\navbar.php')
 3 SYSTEMPATH\View\View.php(216): CodeIgniter\View\View->CodeIgniter\View\{closure}()
 4 SYSTEMPATH\View\View.php(429): CodeIgniter\View\View->render('partials/navbar', null, true)
 5 APPPATH\Views\default.php(6): CodeIgniter\View\View->include('partials/navbar')
 6 SYSTEMPATH\View\View.php(213): include('APPPATH\\Views\\default.php')
 7 SYSTEMPATH\View\View.php(216): CodeIgniter\View\View->CodeIgniter\View\{closure}()
 8 SYSTEMPATH\View\View.php(229): CodeIgniter\View\View->render('Views\\default', [], true)
 9 SYSTEMPATH\Common.php(1142): CodeIgniter\View\View->render('dictionary/addmeaning', [], true)
10 APPPATH\Controllers\Meaning.php(31): view('dictionary/addmeaning', [...])
11 SYSTEMPATH\CodeIgniter.php(907): App\Controllers\Meaning->index()
12 SYSTEMPATH\CodeIgniter.php(457): CodeIgniter\CodeIgniter->runController(Object(App\Controllers\Meaning))
13 SYSTEMPATH\CodeIgniter.php(340): CodeIgniter\CodeIgniter->handleRequest(null, Object(Config\Cache), false)
14 FCPATH\index.php(68): CodeIgniter\CodeIgniter->run()
CRITICAL - 2022-11-07 18:06:08 --> Undefined variable $image
in APPPATH\Views\partials\navbar.php on line 47.
 1 APPPATH\Views\partials\navbar.php(47): CodeIgniter\Debug\Exceptions->errorHandler(2, 'Undefined variable $image', 'APPPATH\\Views\\partials\\navbar.php', 47)
 2 SYSTEMPATH\View\View.php(213): include('APPPATH\\Views\\partials\\navbar.php')
 3 SYSTEMPATH\View\View.php(216): CodeIgniter\View\View->CodeIgniter\View\{closure}()
 4 SYSTEMPATH\View\View.php(429): CodeIgniter\View\View->render('partials/navbar', null, true)
 5 APPPATH\Views\default.php(6): CodeIgniter\View\View->include('partials/navbar')
 6 SYSTEMPATH\View\View.php(213): include('APPPATH\\Views\\default.php')
 7 SYSTEMPATH\View\View.php(216): CodeIgniter\View\View->CodeIgniter\View\{closure}()
 8 SYSTEMPATH\View\View.php(229): CodeIgniter\View\View->render('Views\\default', [], true)
 9 SYSTEMPATH\Common.php(1142): CodeIgniter\View\View->render('dictionary/addmeaning', [], true)
10 APPPATH\Controllers\Meaning.php(31): view('dictionary/addmeaning', [...])
11 SYSTEMPATH\CodeIgniter.php(907): App\Controllers\Meaning->index()
12 SYSTEMPATH\CodeIgniter.php(457): CodeIgniter\CodeIgniter->runController(Object(App\Controllers\Meaning))
13 SYSTEMPATH\CodeIgniter.php(340): CodeIgniter\CodeIgniter->handleRequest(null, Object(Config\Cache), false)
14 FCPATH\index.php(68): CodeIgniter\CodeIgniter->run()
CRITICAL - 2022-11-07 18:06:15 --> Undefined variable $image
in APPPATH\Views\partials\navbar.php on line 47.
 1 APPPATH\Views\partials\navbar.php(47): CodeIgniter\Debug\Exceptions->errorHandler(2, 'Undefined variable $image', 'APPPATH\\Views\\partials\\navbar.php', 47)
 2 SYSTEMPATH\View\View.php(213): include('APPPATH\\Views\\partials\\navbar.php')
 3 SYSTEMPATH\View\View.php(216): CodeIgniter\View\View->CodeIgniter\View\{closure}()
 4 SYSTEMPATH\View\View.php(429): CodeIgniter\View\View->render('partials/navbar', null, true)
 5 APPPATH\Views\default.php(6): CodeIgniter\View\View->include('partials/navbar')
 6 SYSTEMPATH\View\View.php(213): include('APPPATH\\Views\\default.php')
 7 SYSTEMPATH\View\View.php(216): CodeIgniter\View\View->CodeIgniter\View\{closure}()
 8 SYSTEMPATH\View\View.php(229): CodeIgniter\View\View->render('Views\\default', [], true)
 9 SYSTEMPATH\Common.php(1142): CodeIgniter\View\View->render('dictionary/addmeaning', [], true)
10 APPPATH\Controllers\Meaning.php(31): view('dictionary/addmeaning', [...])
11 SYSTEMPATH\CodeIgniter.php(907): App\Controllers\Meaning->index()
12 SYSTEMPATH\CodeIgniter.php(457): CodeIgniter\CodeIgniter->runController(Object(App\Controllers\Meaning))
13 SYSTEMPATH\CodeIgniter.php(340): CodeIgniter\CodeIgniter->handleRequest(null, Object(Config\Cache), false)
14 FCPATH\index.php(68): CodeIgniter\CodeIgniter->run()
CRITICAL - 2022-11-07 18:06:24 --> Undefined variable $image
in APPPATH\Views\partials\navbar.php on line 47.
 1 APPPATH\Views\partials\navbar.php(47): CodeIgniter\Debug\Exceptions->errorHandler(2, 'Undefined variable $image', 'APPPATH\\Views\\partials\\navbar.php', 47)
 2 SYSTEMPATH\View\View.php(213): include('APPPATH\\Views\\partials\\navbar.php')
 3 SYSTEMPATH\View\View.php(216): CodeIgniter\View\View->CodeIgniter\View\{closure}()
 4 SYSTEMPATH\View\View.php(429): CodeIgniter\View\View->render('partials/navbar', null, true)
 5 APPPATH\Views\default.php(6): CodeIgniter\View\View->include('partials/navbar')
 6 SYSTEMPATH\View\View.php(213): include('APPPATH\\Views\\default.php')
 7 SYSTEMPATH\View\View.php(216): CodeIgniter\View\View->CodeIgniter\View\{closure}()
 8 SYSTEMPATH\View\View.php(229): CodeIgniter\View\View->render('default', [], true)
 9 SYSTEMPATH\Common.php(1142): CodeIgniter\View\View->render('adminDashbord', [], true)
10 APPPATH\Controllers\Home.php(27): view('adminDashbord', [...])
11 SYSTEMPATH\CodeIgniter.php(907): App\Controllers\Home->index()
12 SYSTEMPATH\CodeIgniter.php(457): CodeIgniter\CodeIgniter->runController(Object(App\Controllers\Home))
13 SYSTEMPATH\CodeIgniter.php(340): CodeIgniter\CodeIgniter->handleRequest(null, Object(Config\Cache), false)
14 FCPATH\index.php(68): CodeIgniter\CodeIgniter->run()
CRITICAL - 2022-11-07 18:06:26 --> Undefined variable $image
in APPPATH\Views\partials\navbar.php on line 47.
 1 APPPATH\Views\partials\navbar.php(47): CodeIgniter\Debug\Exceptions->errorHandler(2, 'Undefined variable $image', 'APPPATH\\Views\\partials\\navbar.php', 47)
 2 SYSTEMPATH\View\View.php(213): include('APPPATH\\Views\\partials\\navbar.php')
 3 SYSTEMPATH\View\View.php(216): CodeIgniter\View\View->CodeIgniter\View\{closure}()
 4 SYSTEMPATH\View\View.php(429): CodeIgniter\View\View->render('partials/navbar', null, true)
 5 APPPATH\Views\default.php(6): CodeIgniter\View\View->include('partials/navbar')
 6 SYSTEMPATH\View\View.php(213): include('APPPATH\\Views\\default.php')
 7 SYSTEMPATH\View\View.php(216): CodeIgniter\View\View->CodeIgniter\View\{closure}()
 8 SYSTEMPATH\View\View.php(229): CodeIgniter\View\View->render('default', [], true)
 9 SYSTEMPATH\Common.php(1142): CodeIgniter\View\View->render('adminDashbord', [], true)
10 APPPATH\Controllers\Home.php(27): view('adminDashbord', [...])
11 SYSTEMPATH\CodeIgniter.php(907): App\Controllers\Home->index()
12 SYSTEMPATH\CodeIgniter.php(457): CodeIgniter\CodeIgniter->runController(Object(App\Controllers\Home))
13 SYSTEMPATH\CodeIgniter.php(340): CodeIgniter\CodeIgniter->handleRequest(null, Object(Config\Cache), false)
14 FCPATH\index.php(68): CodeIgniter\CodeIgniter->run()
CRITICAL - 2022-11-07 18:06:34 --> Undefined variable $image
in APPPATH\Views\partials\navbar.php on line 47.
 1 APPPATH\Views\partials\navbar.php(47): CodeIgniter\Debug\Exceptions->errorHandler(2, 'Undefined variable $image', 'APPPATH\\Views\\partials\\navbar.php', 47)
 2 SYSTEMPATH\View\View.php(213): include('APPPATH\\Views\\partials\\navbar.php')
 3 SYSTEMPATH\View\View.php(216): CodeIgniter\View\View->CodeIgniter\View\{closure}()
 4 SYSTEMPATH\View\View.php(429): CodeIgniter\View\View->render('partials/navbar', null, true)
 5 APPPATH\Views\default.php(6): CodeIgniter\View\View->include('partials/navbar')
 6 SYSTEMPATH\View\View.php(213): include('APPPATH\\Views\\default.php')
 7 SYSTEMPATH\View\View.php(216): CodeIgniter\View\View->CodeIgniter\View\{closure}()
 8 SYSTEMPATH\View\View.php(229): CodeIgniter\View\View->render('default', [], true)
 9 SYSTEMPATH\Common.php(1142): CodeIgniter\View\View->render('adminDashbord', [], true)
10 APPPATH\Controllers\Home.php(27): view('adminDashbord', [...])
11 SYSTEMPATH\CodeIgniter.php(907): App\Controllers\Home->index()
12 SYSTEMPATH\CodeIgniter.php(457): CodeIgniter\CodeIgniter->runController(Object(App\Controllers\Home))
13 SYSTEMPATH\CodeIgniter.php(340): CodeIgniter\CodeIgniter->handleRequest(null, Object(Config\Cache), false)
14 FCPATH\index.php(68): CodeIgniter\CodeIgniter->run()
CRITICAL - 2022-11-07 18:14:35 --> Trying to access array offset on value of type null
in APPPATH\Views\partials\sidebar.php on line 31.
 1 APPPATH\Views\partials\sidebar.php(31): CodeIgniter\Debug\Exceptions->errorHandler(2, 'Trying to access array offset on value of type null', 'APPPATH\\Views\\partials\\sidebar.php', 31)
 2 SYSTEMPATH\View\View.php(213): include('APPPATH\\Views\\partials\\sidebar.php')
 3 SYSTEMPATH\View\View.php(216): CodeIgniter\View\View->CodeIgniter\View\{closure}()
 4 SYSTEMPATH\View\View.php(429): CodeIgniter\View\View->render('partials/sidebar', null, true)
 5 APPPATH\Views\default.php(17): CodeIgniter\View\View->include('partials/sidebar')
 6 SYSTEMPATH\View\View.php(213): include('APPPATH\\Views\\default.php')
 7 SYSTEMPATH\View\View.php(216): CodeIgniter\View\View->CodeIgniter\View\{closure}()
 8 SYSTEMPATH\View\View.php(229): CodeIgniter\View\View->render('default', [], true)
 9 SYSTEMPATH\Common.php(1142): CodeIgniter\View\View->render('adminDashbord', [], true)
10 APPPATH\Controllers\Users.php(78): view('adminDashbord', [...])
11 SYSTEMPATH\CodeIgniter.php(907): App\Controllers\Users->index()
12 SYSTEMPATH\CodeIgniter.php(457): CodeIgniter\CodeIgniter->runController(Object(App\Controllers\Users))
13 SYSTEMPATH\CodeIgniter.php(340): CodeIgniter\CodeIgniter->handleRequest(null, Object(Config\Cache), false)
14 FCPATH\index.php(68): CodeIgniter\CodeIgniter->run()
CRITICAL - 2022-11-07 18:16:07 --> Undefined variable $title
in APPPATH\Views\partials\header.php on line 8.
 1 APPPATH\Views\partials\header.php(8): CodeIgniter\Debug\Exceptions->errorHandler(2, 'Undefined variable $title', 'APPPATH\\Views\\partials\\header.php', 8)
 2 SYSTEMPATH\View\View.php(213): include('APPPATH\\Views\\partials\\header.php')
 3 SYSTEMPATH\View\View.php(216): CodeIgniter\View\View->CodeIgniter\View\{closure}()
 4 SYSTEMPATH\View\View.php(429): CodeIgniter\View\View->render('partials/header', null, true)
 5 APPPATH\Views\default.php(1): CodeIgniter\View\View->include('partials/header')
 6 SYSTEMPATH\View\View.php(213): include('APPPATH\\Views\\default.php')
 7 SYSTEMPATH\View\View.php(216): CodeIgniter\View\View->CodeIgniter\View\{closure}()
 8 SYSTEMPATH\View\View.php(229): CodeIgniter\View\View->render('default', [], true)
 9 SYSTEMPATH\Common.php(1142): CodeIgniter\View\View->render('adminDashbord', [], true)
10 APPPATH\Controllers\Users.php(78): view('adminDashbord', [...])
11 SYSTEMPATH\CodeIgniter.php(907): App\Controllers\Users->index()
12 SYSTEMPATH\CodeIgniter.php(457): CodeIgniter\CodeIgniter->runController(Object(App\Controllers\Users))
13 SYSTEMPATH\CodeIgniter.php(340): CodeIgniter\CodeIgniter->handleRequest(null, Object(Config\Cache), false)
14 FCPATH\index.php(68): CodeIgniter\CodeIgniter->run()
CRITICAL - 2022-11-07 18:16:53 --> Undefined variable $title
in APPPATH\Views\partials\header.php on line 8.
 1 APPPATH\Views\partials\header.php(8): CodeIgniter\Debug\Exceptions->errorHandler(2, 'Undefined variable $title', 'APPPATH\\Views\\partials\\header.php', 8)
 2 SYSTEMPATH\View\View.php(213): include('APPPATH\\Views\\partials\\header.php')
 3 SYSTEMPATH\View\View.php(216): CodeIgniter\View\View->CodeIgniter\View\{closure}()
 4 SYSTEMPATH\View\View.php(429): CodeIgniter\View\View->render('partials/header', null, true)
 5 APPPATH\Views\default.php(1): CodeIgniter\View\View->include('partials/header')
 6 SYSTEMPATH\View\View.php(213): include('APPPATH\\Views\\default.php')
 7 SYSTEMPATH\View\View.php(216): CodeIgniter\View\View->CodeIgniter\View\{closure}()
 8 SYSTEMPATH\View\View.php(229): CodeIgniter\View\View->render('default', [], true)
 9 SYSTEMPATH\Common.php(1142): CodeIgniter\View\View->render('adminDashbord', [], true)
10 APPPATH\Controllers\Users.php(78): view('adminDashbord', [...])
11 SYSTEMPATH\CodeIgniter.php(907): App\Controllers\Users->index()
12 SYSTEMPATH\CodeIgniter.php(457): CodeIgniter\CodeIgniter->runController(Object(App\Controllers\Users))
13 SYSTEMPATH\CodeIgniter.php(340): CodeIgniter\CodeIgniter->handleRequest(null, Object(Config\Cache), false)
14 FCPATH\index.php(68): CodeIgniter\CodeIgniter->run()
CRITICAL - 2022-11-07 18:17:12 --> Trying to access array offset on value of type null
in APPPATH\Views\partials\sidebar.php on line 31.
 1 APPPATH\Views\partials\sidebar.php(31): CodeIgniter\Debug\Exceptions->errorHandler(2, 'Trying to access array offset on value of type null', 'APPPATH\\Views\\partials\\sidebar.php', 31)
 2 SYSTEMPATH\View\View.php(213): include('APPPATH\\Views\\partials\\sidebar.php')
 3 SYSTEMPATH\View\View.php(216): CodeIgniter\View\View->CodeIgniter\View\{closure}()
 4 SYSTEMPATH\View\View.php(429): CodeIgniter\View\View->render('partials/sidebar', null, true)
 5 APPPATH\Views\default.php(17): CodeIgniter\View\View->include('partials/sidebar')
 6 SYSTEMPATH\View\View.php(213): include('APPPATH\\Views\\default.php')
 7 SYSTEMPATH\View\View.php(216): CodeIgniter\View\View->CodeIgniter\View\{closure}()
 8 SYSTEMPATH\View\View.php(229): CodeIgniter\View\View->render('default', [], true)
 9 SYSTEMPATH\Common.php(1142): CodeIgniter\View\View->render('adminDashbord', [], true)
10 APPPATH\Controllers\Users.php(78): view('adminDashbord', [...])
11 SYSTEMPATH\CodeIgniter.php(907): App\Controllers\Users->index()
12 SYSTEMPATH\CodeIgniter.php(457): CodeIgniter\CodeIgniter->runController(Object(App\Controllers\Users))
13 SYSTEMPATH\CodeIgniter.php(340): CodeIgniter\CodeIgniter->handleRequest(null, Object(Config\Cache), false)
14 FCPATH\index.php(68): CodeIgniter\CodeIgniter->run()
