CRITICAL - 2022-12-25 00:07:09 --> array_merge(): Argument #1 must be of type array, string given
in APPPATH\Controllers\Meaning.php on line 192.
 1 APPPATH\Controllers\Meaning.php(192): array_merge('ገፅ 1', 'C:\\xampp\\htdocs\\etkal')
 2 APPPATH\Controllers\Meaning.php(158): App\Controllers\Meaning->importcsvfile('FCPATH\\public\\asset\\import\\1671955629_0dc1c8de40221cce419f.csv', [...])
 3 SYSTEMPATH\CodeIgniter.php(907): App\Controllers\Meaning->importdata()
 4 SYSTEMPATH\CodeIgniter.php(457): CodeIgniter\CodeIgniter->runController(Object(App\Controllers\Meaning))
 5 SYSTEMPATH\CodeIgniter.php(340): CodeIgniter\CodeIgniter->handleRequest(null, Object(Config\Cache), false)
 6 FCPATH\index.php(68): CodeIgniter\CodeIgniter->run()
ERROR - 2022-12-25 00:09:41 --> mysqli_sql_exception: Duplicate entry '1-1-1-4' for key 'word_id_2' in C:\xampp\htdocs\etkal\system\Database\MySQLi\Connection.php:292
Stack trace:
#0 C:\xampp\htdocs\etkal\system\Database\MySQLi\Connection.php(292): mysqli->query('INSERT INTO `wo...', 0)
#1 C:\xampp\htdocs\etkal\system\Database\BaseConnection.php(693): CodeIgniter\Database\MySQLi\Connection->execute('INSERT INTO `wo...')
#2 C:\xampp\htdocs\etkal\system\Database\BaseConnection.php(620): CodeIgniter\Database\BaseConnection->simpleQuery('INSERT INTO `wo...')
#3 C:\xampp\htdocs\etkal\system\Database\BaseBuilder.php(1916): CodeIgniter\Database\BaseConnection->query('INSERT INTO `wo...', Array, false)
#4 C:\xampp\htdocs\etkal\system\Model.php(279): CodeIgniter\Database\BaseBuilder->insert()
#5 C:\xampp\htdocs\etkal\system\BaseModel.php(738): CodeIgniter\Model->doInsert(Array)
#6 C:\xampp\htdocs\etkal\system\Model.php(667): CodeIgniter\BaseModel->insert(Array, true)
#7 C:\xampp\htdocs\etkal\app\Models\WordMeaningModel.php(78): CodeIgniter\Model->insert(Array)
#8 C:\xampp\htdocs\etkal\app\Controllers\Meaning.php(197): App\Models\WordMeaningModel->insert_word_meaning(Array)
#9 C:\xampp\htdocs\etkal\app\Controllers\Meaning.php(158): App\Controllers\Meaning->importcsvfile('public/asset/im...', Array)
#10 C:\xampp\htdocs\etkal\system\CodeIgniter.php(907): App\Controllers\Meaning->importdata()
#11 C:\xampp\htdocs\etkal\system\CodeIgniter.php(457): CodeIgniter\CodeIgniter->runController(Object(App\Controllers\Meaning))
#12 C:\xampp\htdocs\etkal\system\CodeIgniter.php(340): CodeIgniter\CodeIgniter->handleRequest(NULL, Object(Config\Cache), false)
#13 C:\xampp\htdocs\etkal\index.php(68): CodeIgniter\CodeIgniter->run()
#14 {main}
CRITICAL - 2022-12-25 00:09:41 --> Duplicate entry '1-1-1-4' for key 'word_id_2'
in SYSTEMPATH\Database\MySQLi\Connection.php on line 292.
 1 SYSTEMPATH\Database\MySQLi\Connection.php(292): mysqli->query('INSERT INTO `word_meaning` (`dictionary_id`, `user_id`, `comment_page_no`, `word_id`, `meaning_id`, `flag`, `created_at`) VALUES (\'4\', \'1\', \'ገፅ 1 የለውም\', \'1\', \'1\', 5, \'2022-12-25 00:09:41\')', 0)
 2 SYSTEMPATH\Database\BaseConnection.php(693): CodeIgniter\Database\MySQLi\Connection->execute('INSERT INTO `word_meaning` (`dictionary_id`, `user_id`, `comment_page_no`, `word_id`, `meaning_id`, `flag`, `created_at`) VALUES (\'4\', \'1\', \'ገፅ 1 የለውም\', \'1\', \'1\', 5, \'2022-12-25 00:09:41\')')
 3 SYSTEMPATH\Database\BaseConnection.php(620): CodeIgniter\Database\BaseConnection->simpleQuery('INSERT INTO `word_meaning` (`dictionary_id`, `user_id`, `comment_page_no`, `word_id`, `meaning_id`, `flag`, `created_at`) VALUES (\'4\', \'1\', \'ገፅ 1 የለውም\', \'1\', \'1\', 5, \'2022-12-25 00:09:41\')')
 4 SYSTEMPATH\Database\BaseBuilder.php(1916): CodeIgniter\Database\BaseConnection->query('INSERT INTO `word_meaning` (`dictionary_id`, `user_id`, `comment_page_no`, `word_id`, `meaning_id`, `flag`, `created_at`) VALUES (:dictionary_id:, :user_id:, :comment_page_no:, :word_id:, :meaning_id:, :flag:, :created_at:)', [...], false)
 5 SYSTEMPATH\Model.php(279): CodeIgniter\Database\BaseBuilder->insert()
 6 SYSTEMPATH\BaseModel.php(738): CodeIgniter\Model->doInsert([...])
 7 SYSTEMPATH\Model.php(667): CodeIgniter\BaseModel->insert([...], true)
 8 APPPATH\Models\WordMeaningModel.php(78): CodeIgniter\Model->insert([...])
 9 APPPATH\Controllers\Meaning.php(197): App\Models\WordMeaningModel->insert_word_meaning([...])
10 APPPATH\Controllers\Meaning.php(158): App\Controllers\Meaning->importcsvfile('FCPATH\\public\\asset\\import\\1671955781_2547f6fdd6c2830e6628.csv', [...])
11 SYSTEMPATH\CodeIgniter.php(907): App\Controllers\Meaning->importdata()
12 SYSTEMPATH\CodeIgniter.php(457): CodeIgniter\CodeIgniter->runController(Object(App\Controllers\Meaning))
13 SYSTEMPATH\CodeIgniter.php(340): CodeIgniter\CodeIgniter->handleRequest(null, Object(Config\Cache), false)
14 FCPATH\index.php(68): CodeIgniter\CodeIgniter->run()
CRITICAL - 2022-12-25 00:43:30 --> Undefined variable $cell2
in APPPATH\Controllers\Meaning.php on line 266.
 1 APPPATH\Controllers\Meaning.php(266): CodeIgniter\Debug\Exceptions->errorHandler(2, 'Undefined variable $cell2', 'APPPATH\\Controllers\\Meaning.php', 266)
 2 SYSTEMPATH\CodeIgniter.php(907): App\Controllers\Meaning->edit('1', '62')
 3 SYSTEMPATH\CodeIgniter.php(457): CodeIgniter\CodeIgniter->runController(Object(App\Controllers\Meaning))
 4 SYSTEMPATH\CodeIgniter.php(340): CodeIgniter\CodeIgniter->handleRequest(null, Object(Config\Cache), false)
 5 FCPATH\index.php(68): CodeIgniter\CodeIgniter->run()
CRITICAL - 2022-12-25 10:32:34 --> Object of class App\Entities\WordMeaning could not be converted to int
in APPPATH\Models\WordMeaningModel.php on line 76.
 1 APPPATH\Models\WordMeaningModel.php(76): CodeIgniter\Debug\Exceptions->errorHandler(8, 'Object of class App\\Entities\\WordMeaning could not be converted to int', 'APPPATH\\Models\\WordMeaningModel.php', 76)
 2 APPPATH\Controllers\Meaning.php(193): App\Models\WordMeaningModel->insert_word_meaning([...])
 3 APPPATH\Controllers\Meaning.php(154): App\Controllers\Meaning->importcsvfile('FCPATH\\public\\asset\\import\\1671993154_bc4a94256573b70d0844.csv', [...])
 4 SYSTEMPATH\CodeIgniter.php(907): App\Controllers\Meaning->importdata()
 5 SYSTEMPATH\CodeIgniter.php(457): CodeIgniter\CodeIgniter->runController(Object(App\Controllers\Meaning))
 6 SYSTEMPATH\CodeIgniter.php(340): CodeIgniter\CodeIgniter->handleRequest(null, Object(Config\Cache), false)
 7 FCPATH\index.php(68): CodeIgniter\CodeIgniter->run()
CRITICAL - 2022-12-25 10:34:12 --> Object of class App\Entities\WordMeaning could not be converted to int
in APPPATH\Models\WordMeaningModel.php on line 76.
 1 APPPATH\Models\WordMeaningModel.php(76): CodeIgniter\Debug\Exceptions->errorHandler(8, 'Object of class App\\Entities\\WordMeaning could not be converted to int', 'APPPATH\\Models\\WordMeaningModel.php', 76)
 2 APPPATH\Controllers\Meaning.php(193): App\Models\WordMeaningModel->insert_word_meaning([...])
 3 APPPATH\Controllers\Meaning.php(154): App\Controllers\Meaning->importcsvfile('FCPATH\\public\\asset\\import\\1671993252_81aec1f7f98748b91d46.csv', [...])
 4 SYSTEMPATH\CodeIgniter.php(907): App\Controllers\Meaning->importdata()
 5 SYSTEMPATH\CodeIgniter.php(457): CodeIgniter\CodeIgniter->runController(Object(App\Controllers\Meaning))
 6 SYSTEMPATH\CodeIgniter.php(340): CodeIgniter\CodeIgniter->handleRequest(null, Object(Config\Cache), false)
 7 FCPATH\index.php(68): CodeIgniter\CodeIgniter->run()
CRITICAL - 2022-12-25 10:35:24 --> Object of class App\Entities\WordMeaning could not be converted to int
in APPPATH\Models\WordMeaningModel.php on line 76.
 1 APPPATH\Models\WordMeaningModel.php(76): CodeIgniter\Debug\Exceptions->errorHandler(8, 'Object of class App\\Entities\\WordMeaning could not be converted to int', 'APPPATH\\Models\\WordMeaningModel.php', 76)
 2 APPPATH\Controllers\Meaning.php(193): App\Models\WordMeaningModel->insert_word_meaning([...])
 3 APPPATH\Controllers\Meaning.php(154): App\Controllers\Meaning->importcsvfile('FCPATH\\public\\asset\\import\\1671993324_17af6ebb9a917d6ffa42.csv', [...])
 4 SYSTEMPATH\CodeIgniter.php(907): App\Controllers\Meaning->importdata()
 5 SYSTEMPATH\CodeIgniter.php(457): CodeIgniter\CodeIgniter->runController(Object(App\Controllers\Meaning))
 6 SYSTEMPATH\CodeIgniter.php(340): CodeIgniter\CodeIgniter->handleRequest(null, Object(Config\Cache), false)
 7 FCPATH\index.php(68): CodeIgniter\CodeIgniter->run()
CRITICAL - 2022-12-25 10:45:59 --> CodeIgniter\BaseModel::transformDataToArray(): Return value must be of type array, string returned
in SYSTEMPATH\BaseModel.php on line 1599.
 1 SYSTEMPATH\BaseModel.php(704): CodeIgniter\BaseModel->transformDataToArray('1', 'insert')
 2 SYSTEMPATH\Model.php(667): CodeIgniter\BaseModel->insert('1', false)
 3 SYSTEMPATH\BaseModel.php(658): CodeIgniter\Model->insert('1', false)
 4 APPPATH\Models\WordMeaningModel.php(79): CodeIgniter\BaseModel->save('1', [...])
 5 APPPATH\Controllers\Meaning.php(193): App\Models\WordMeaningModel->insert_word_meaning([...])
 6 APPPATH\Controllers\Meaning.php(154): App\Controllers\Meaning->importcsvfile('FCPATH\\public\\asset\\import\\1671993959_31aab8739ad6d0b7f457.csv', [...])
 7 SYSTEMPATH\CodeIgniter.php(907): App\Controllers\Meaning->importdata()
 8 SYSTEMPATH\CodeIgniter.php(457): CodeIgniter\CodeIgniter->runController(Object(App\Controllers\Meaning))
 9 SYSTEMPATH\CodeIgniter.php(340): CodeIgniter\CodeIgniter->handleRequest(null, Object(Config\Cache), false)
10 FCPATH\index.php(68): CodeIgniter\CodeIgniter->run()
CRITICAL - 2022-12-25 11:05:48 --> Trying to access array offset on value of type null
in APPPATH\Models\WordsModel.php on line 101.
 1 APPPATH\Models\WordsModel.php(101): CodeIgniter\Debug\Exceptions->errorHandler(2, 'Trying to access array offset on value of type null', 'APPPATH\\Models\\WordsModel.php', 101)
 2 APPPATH\Controllers\Meaning.php(190): App\Models\WordsModel->insert_word([...])
 3 APPPATH\Controllers\Meaning.php(154): App\Controllers\Meaning->importcsvfile('FCPATH\\public\\asset\\import\\1671995147_d16b6cf42b190b87adeb.csv', [...])
 4 SYSTEMPATH\CodeIgniter.php(907): App\Controllers\Meaning->importdata()
 5 SYSTEMPATH\CodeIgniter.php(457): CodeIgniter\CodeIgniter->runController(Object(App\Controllers\Meaning))
 6 SYSTEMPATH\CodeIgniter.php(340): CodeIgniter\CodeIgniter->handleRequest(null, Object(Config\Cache), false)
 7 FCPATH\index.php(68): CodeIgniter\CodeIgniter->run()
CRITICAL - 2022-12-25 11:08:36 --> Trying to access array offset on value of type null
in APPPATH\Models\WordsModel.php on line 100.
 1 APPPATH\Models\WordsModel.php(100): CodeIgniter\Debug\Exceptions->errorHandler(2, 'Trying to access array offset on value of type null', 'APPPATH\\Models\\WordsModel.php', 100)
 2 APPPATH\Controllers\Meaning.php(190): App\Models\WordsModel->insert_word([...])
 3 APPPATH\Controllers\Meaning.php(154): App\Controllers\Meaning->importcsvfile('FCPATH\\public\\asset\\import\\1671995316_6271cac4ab60d3cf5af2.csv', [...])
 4 SYSTEMPATH\CodeIgniter.php(907): App\Controllers\Meaning->importdata()
 5 SYSTEMPATH\CodeIgniter.php(457): CodeIgniter\CodeIgniter->runController(Object(App\Controllers\Meaning))
 6 SYSTEMPATH\CodeIgniter.php(340): CodeIgniter\CodeIgniter->handleRequest(null, Object(Config\Cache), false)
 7 FCPATH\index.php(68): CodeIgniter\CodeIgniter->run()
CRITICAL - 2022-12-25 11:10:07 --> Trying to access array offset on value of type null
in APPPATH\Models\WordsModel.php on line 101.
 1 APPPATH\Models\WordsModel.php(101): CodeIgniter\Debug\Exceptions->errorHandler(2, 'Trying to access array offset on value of type null', 'APPPATH\\Models\\WordsModel.php', 101)
 2 APPPATH\Controllers\Meaning.php(190): App\Models\WordsModel->insert_word([...])
 3 APPPATH\Controllers\Meaning.php(154): App\Controllers\Meaning->importcsvfile('FCPATH\\public\\asset\\import\\1671995407_844e03c789f772c1da99.csv', [...])
 4 SYSTEMPATH\CodeIgniter.php(907): App\Controllers\Meaning->importdata()
 5 SYSTEMPATH\CodeIgniter.php(457): CodeIgniter\CodeIgniter->runController(Object(App\Controllers\Meaning))
 6 SYSTEMPATH\CodeIgniter.php(340): CodeIgniter\CodeIgniter->handleRequest(null, Object(Config\Cache), false)
 7 FCPATH\index.php(68): CodeIgniter\CodeIgniter->run()
CRITICAL - 2022-12-25 11:11:07 --> Trying to access array offset on value of type null
in APPPATH\Models\WordsModel.php on line 101.
 1 APPPATH\Models\WordsModel.php(101): CodeIgniter\Debug\Exceptions->errorHandler(2, 'Trying to access array offset on value of type null', 'APPPATH\\Models\\WordsModel.php', 101)
 2 APPPATH\Controllers\Meaning.php(190): App\Models\WordsModel->insert_word([...])
 3 APPPATH\Controllers\Meaning.php(154): App\Controllers\Meaning->importcsvfile('FCPATH\\public\\asset\\import\\1671995467_4d2bcea939c69d5cfeb4.csv', [...])
 4 SYSTEMPATH\CodeIgniter.php(907): App\Controllers\Meaning->importdata()
 5 SYSTEMPATH\CodeIgniter.php(457): CodeIgniter\CodeIgniter->runController(Object(App\Controllers\Meaning))
 6 SYSTEMPATH\CodeIgniter.php(340): CodeIgniter\CodeIgniter->handleRequest(null, Object(Config\Cache), false)
 7 FCPATH\index.php(68): CodeIgniter\CodeIgniter->run()
CRITICAL - 2022-12-25 11:11:55 --> Trying to access array offset on value of type null
in APPPATH\Models\WordsModel.php on line 102.
 1 APPPATH\Models\WordsModel.php(102): CodeIgniter\Debug\Exceptions->errorHandler(2, 'Trying to access array offset on value of type null', 'APPPATH\\Models\\WordsModel.php', 102)
 2 APPPATH\Controllers\Meaning.php(190): App\Models\WordsModel->insert_word([...])
 3 APPPATH\Controllers\Meaning.php(154): App\Controllers\Meaning->importcsvfile('FCPATH\\public\\asset\\import\\1671995515_938415244d082936e00d.csv', [...])
 4 SYSTEMPATH\CodeIgniter.php(907): App\Controllers\Meaning->importdata()
 5 SYSTEMPATH\CodeIgniter.php(457): CodeIgniter\CodeIgniter->runController(Object(App\Controllers\Meaning))
 6 SYSTEMPATH\CodeIgniter.php(340): CodeIgniter\CodeIgniter->handleRequest(null, Object(Config\Cache), false)
 7 FCPATH\index.php(68): CodeIgniter\CodeIgniter->run()
CRITICAL - 2022-12-25 11:13:34 --> Attempt to read property "word_meaning_id" on null
in APPPATH\Models\WordMeaningModel.php on line 78.
 1 APPPATH\Models\WordMeaningModel.php(78): CodeIgniter\Debug\Exceptions->errorHandler(2, 'Attempt to read property "word_meaning_id" on null', 'APPPATH\\Models\\WordMeaningModel.php', 78)
 2 APPPATH\Controllers\Meaning.php(193): App\Models\WordMeaningModel->insert_word_meaning([...])
 3 APPPATH\Controllers\Meaning.php(154): App\Controllers\Meaning->importcsvfile('FCPATH\\public\\asset\\import\\1671995614_f575118c6b7ae478138a.csv', [...])
 4 SYSTEMPATH\CodeIgniter.php(907): App\Controllers\Meaning->importdata()
 5 SYSTEMPATH\CodeIgniter.php(457): CodeIgniter\CodeIgniter->runController(Object(App\Controllers\Meaning))
 6 SYSTEMPATH\CodeIgniter.php(340): CodeIgniter\CodeIgniter->handleRequest(null, Object(Config\Cache), false)
 7 FCPATH\index.php(68): CodeIgniter\CodeIgniter->run()
CRITICAL - 2022-12-25 11:15:00 --> Attempt to read property "word_meaning_id" on null
in APPPATH\Models\WordMeaningModel.php on line 78.
 1 APPPATH\Models\WordMeaningModel.php(78): CodeIgniter\Debug\Exceptions->errorHandler(2, 'Attempt to read property "word_meaning_id" on null', 'APPPATH\\Models\\WordMeaningModel.php', 78)
 2 APPPATH\Controllers\Meaning.php(193): App\Models\WordMeaningModel->insert_word_meaning([...])
 3 APPPATH\Controllers\Meaning.php(154): App\Controllers\Meaning->importcsvfile('FCPATH\\public\\asset\\import\\1671995700_e0dc93c721d429062533.csv', [...])
 4 SYSTEMPATH\CodeIgniter.php(907): App\Controllers\Meaning->importdata()
 5 SYSTEMPATH\CodeIgniter.php(457): CodeIgniter\CodeIgniter->runController(Object(App\Controllers\Meaning))
 6 SYSTEMPATH\CodeIgniter.php(340): CodeIgniter\CodeIgniter->handleRequest(null, Object(Config\Cache), false)
 7 FCPATH\index.php(68): CodeIgniter\CodeIgniter->run()
CRITICAL - 2022-12-25 11:17:06 --> Trying to access array offset on value of type null
in APPPATH\Models\WordsModel.php on line 102.
 1 APPPATH\Models\WordsModel.php(102): CodeIgniter\Debug\Exceptions->errorHandler(2, 'Trying to access array offset on value of type null', 'APPPATH\\Models\\WordsModel.php', 102)
 2 APPPATH\Controllers\Meaning.php(190): App\Models\WordsModel->insert_word([...])
 3 APPPATH\Controllers\Meaning.php(154): App\Controllers\Meaning->importcsvfile('FCPATH\\public\\asset\\import\\1671995826_913348b916b0c9c77123.csv', [...])
 4 SYSTEMPATH\CodeIgniter.php(907): App\Controllers\Meaning->importdata()
 5 SYSTEMPATH\CodeIgniter.php(457): CodeIgniter\CodeIgniter->runController(Object(App\Controllers\Meaning))
 6 SYSTEMPATH\CodeIgniter.php(340): CodeIgniter\CodeIgniter->handleRequest(null, Object(Config\Cache), false)
 7 FCPATH\index.php(68): CodeIgniter\CodeIgniter->run()
CRITICAL - 2022-12-25 11:19:56 --> Attempt to read property "word_meaning_id" on null
in APPPATH\Models\WordMeaningModel.php on line 78.
 1 APPPATH\Models\WordMeaningModel.php(78): CodeIgniter\Debug\Exceptions->errorHandler(2, 'Attempt to read property "word_meaning_id" on null', 'APPPATH\\Models\\WordMeaningModel.php', 78)
 2 APPPATH\Controllers\Meaning.php(193): App\Models\WordMeaningModel->insert_word_meaning([...])
 3 APPPATH\Controllers\Meaning.php(154): App\Controllers\Meaning->importcsvfile('FCPATH\\public\\asset\\import\\1671995996_58e1d3c964f65ba2220c.csv', [...])
 4 SYSTEMPATH\CodeIgniter.php(907): App\Controllers\Meaning->importdata()
 5 SYSTEMPATH\CodeIgniter.php(457): CodeIgniter\CodeIgniter->runController(Object(App\Controllers\Meaning))
 6 SYSTEMPATH\CodeIgniter.php(340): CodeIgniter\CodeIgniter->handleRequest(null, Object(Config\Cache), false)
 7 FCPATH\index.php(68): CodeIgniter\CodeIgniter->run()
CRITICAL - 2022-12-25 11:40:45 --> Undefined array key "ምስል አለው"
in APPPATH\Controllers\Meaning.php on line 188.
 1 APPPATH\Controllers\Meaning.php(188): CodeIgniter\Debug\Exceptions->errorHandler(2, 'Undefined array key "ምስል አለው"', 'APPPATH\\Controllers\\Meaning.php', 188)
 2 APPPATH\Controllers\Meaning.php(154): App\Controllers\Meaning->importcsvfile('FCPATH\\public\\asset\\import\\1671997245_599f62a9155ee18a927c.csv', [...])
 3 SYSTEMPATH\CodeIgniter.php(907): App\Controllers\Meaning->importdata()
 4 SYSTEMPATH\CodeIgniter.php(457): CodeIgniter\CodeIgniter->runController(Object(App\Controllers\Meaning))
 5 SYSTEMPATH\CodeIgniter.php(340): CodeIgniter\CodeIgniter->handleRequest(null, Object(Config\Cache), false)
 6 FCPATH\index.php(68): CodeIgniter\CodeIgniter->run()
CRITICAL - 2022-12-25 11:50:03 --> Attempt to read property "word_meaning_id" on null
in APPPATH\Models\WordMeaningModel.php on line 78.
 1 APPPATH\Models\WordMeaningModel.php(78): CodeIgniter\Debug\Exceptions->errorHandler(2, 'Attempt to read property "word_meaning_id" on null', 'APPPATH\\Models\\WordMeaningModel.php', 78)
 2 APPPATH\Controllers\Meaning.php(193): App\Models\WordMeaningModel->insert_word_meaning([...])
 3 APPPATH\Controllers\Meaning.php(154): App\Controllers\Meaning->importcsvfile('FCPATH\\public\\asset\\import\\1671997803_beec27076a8fb74d8578.csv', [...])
 4 SYSTEMPATH\CodeIgniter.php(907): App\Controllers\Meaning->importdata()
 5 SYSTEMPATH\CodeIgniter.php(457): CodeIgniter\CodeIgniter->runController(Object(App\Controllers\Meaning))
 6 SYSTEMPATH\CodeIgniter.php(340): CodeIgniter\CodeIgniter->handleRequest(null, Object(Config\Cache), false)
 7 FCPATH\index.php(68): CodeIgniter\CodeIgniter->run()
CRITICAL - 2022-12-25 11:50:37 --> Attempt to read property "word_meaning_id" on null
in APPPATH\Models\WordMeaningModel.php on line 78.
 1 APPPATH\Models\WordMeaningModel.php(78): CodeIgniter\Debug\Exceptions->errorHandler(2, 'Attempt to read property "word_meaning_id" on null', 'APPPATH\\Models\\WordMeaningModel.php', 78)
 2 APPPATH\Controllers\Meaning.php(193): App\Models\WordMeaningModel->insert_word_meaning([...])
 3 APPPATH\Controllers\Meaning.php(154): App\Controllers\Meaning->importcsvfile('FCPATH\\public\\asset\\import\\1671997837_4dec5097a910025b532c.csv', [...])
 4 SYSTEMPATH\CodeIgniter.php(907): App\Controllers\Meaning->importdata()
 5 SYSTEMPATH\CodeIgniter.php(457): CodeIgniter\CodeIgniter->runController(Object(App\Controllers\Meaning))
 6 SYSTEMPATH\CodeIgniter.php(340): CodeIgniter\CodeIgniter->handleRequest(null, Object(Config\Cache), false)
 7 FCPATH\index.php(68): CodeIgniter\CodeIgniter->run()
CRITICAL - 2022-12-25 11:51:43 --> Attempt to read property "word_meaning_id" on null
in APPPATH\Models\WordMeaningModel.php on line 78.
 1 APPPATH\Models\WordMeaningModel.php(78): CodeIgniter\Debug\Exceptions->errorHandler(2, 'Attempt to read property "word_meaning_id" on null', 'APPPATH\\Models\\WordMeaningModel.php', 78)
 2 APPPATH\Controllers\Meaning.php(193): App\Models\WordMeaningModel->insert_word_meaning([...])
 3 APPPATH\Controllers\Meaning.php(154): App\Controllers\Meaning->importcsvfile('FCPATH\\public\\asset\\import\\1671997903_1e90cf2a3ff8e937546d.csv', [...])
 4 SYSTEMPATH\CodeIgniter.php(907): App\Controllers\Meaning->importdata()
 5 SYSTEMPATH\CodeIgniter.php(457): CodeIgniter\CodeIgniter->runController(Object(App\Controllers\Meaning))
 6 SYSTEMPATH\CodeIgniter.php(340): CodeIgniter\CodeIgniter->handleRequest(null, Object(Config\Cache), false)
 7 FCPATH\index.php(68): CodeIgniter\CodeIgniter->run()
CRITICAL - 2022-12-25 11:52:20 --> Attempt to read property "word_meaning_id" on bool
in APPPATH\Models\WordMeaningModel.php on line 83.
 1 APPPATH\Models\WordMeaningModel.php(83): CodeIgniter\Debug\Exceptions->errorHandler(2, 'Attempt to read property "word_meaning_id" on bool', 'APPPATH\\Models\\WordMeaningModel.php', 83)
 2 APPPATH\Controllers\Meaning.php(193): App\Models\WordMeaningModel->insert_word_meaning([...])
 3 APPPATH\Controllers\Meaning.php(154): App\Controllers\Meaning->importcsvfile('FCPATH\\public\\asset\\import\\1671997940_2bef40551fd6a69ddb48.csv', [...])
 4 SYSTEMPATH\CodeIgniter.php(907): App\Controllers\Meaning->importdata()
 5 SYSTEMPATH\CodeIgniter.php(457): CodeIgniter\CodeIgniter->runController(Object(App\Controllers\Meaning))
 6 SYSTEMPATH\CodeIgniter.php(340): CodeIgniter\CodeIgniter->handleRequest(null, Object(Config\Cache), false)
 7 FCPATH\index.php(68): CodeIgniter\CodeIgniter->run()
CRITICAL - 2022-12-25 11:55:34 --> Attempt to read property "word_meaning_id" on bool
in APPPATH\Models\WordMeaningModel.php on line 85.
 1 APPPATH\Models\WordMeaningModel.php(85): CodeIgniter\Debug\Exceptions->errorHandler(2, 'Attempt to read property "word_meaning_id" on bool', 'APPPATH\\Models\\WordMeaningModel.php', 85)
 2 APPPATH\Controllers\Meaning.php(193): App\Models\WordMeaningModel->insert_word_meaning([...])
 3 APPPATH\Controllers\Meaning.php(154): App\Controllers\Meaning->importcsvfile('FCPATH\\public\\asset\\import\\1671998134_cda7f6c0e634803282cb.csv', [...])
 4 SYSTEMPATH\CodeIgniter.php(907): App\Controllers\Meaning->importdata()
 5 SYSTEMPATH\CodeIgniter.php(457): CodeIgniter\CodeIgniter->runController(Object(App\Controllers\Meaning))
 6 SYSTEMPATH\CodeIgniter.php(340): CodeIgniter\CodeIgniter->handleRequest(null, Object(Config\Cache), false)
 7 FCPATH\index.php(68): CodeIgniter\CodeIgniter->run()
CRITICAL - 2022-12-25 11:56:22 --> Attempt to read property "word_meaning_id" on null
in APPPATH\Models\WordMeaningModel.php on line 82.
 1 APPPATH\Models\WordMeaningModel.php(82): CodeIgniter\Debug\Exceptions->errorHandler(2, 'Attempt to read property "word_meaning_id" on null', 'APPPATH\\Models\\WordMeaningModel.php', 82)
 2 APPPATH\Controllers\Meaning.php(193): App\Models\WordMeaningModel->insert_word_meaning([...])
 3 APPPATH\Controllers\Meaning.php(154): App\Controllers\Meaning->importcsvfile('FCPATH\\public\\asset\\import\\1671998182_64b627ebf5d13f99a7e8.csv', [...])
 4 SYSTEMPATH\CodeIgniter.php(907): App\Controllers\Meaning->importdata()
 5 SYSTEMPATH\CodeIgniter.php(457): CodeIgniter\CodeIgniter->runController(Object(App\Controllers\Meaning))
 6 SYSTEMPATH\CodeIgniter.php(340): CodeIgniter\CodeIgniter->handleRequest(null, Object(Config\Cache), false)
 7 FCPATH\index.php(68): CodeIgniter\CodeIgniter->run()
CRITICAL - 2022-12-25 11:56:36 --> Attempt to read property "word_meaning_id" on bool
in APPPATH\Models\WordMeaningModel.php on line 86.
 1 APPPATH\Models\WordMeaningModel.php(86): CodeIgniter\Debug\Exceptions->errorHandler(2, 'Attempt to read property "word_meaning_id" on bool', 'APPPATH\\Models\\WordMeaningModel.php', 86)
 2 APPPATH\Controllers\Meaning.php(193): App\Models\WordMeaningModel->insert_word_meaning([...])
 3 APPPATH\Controllers\Meaning.php(154): App\Controllers\Meaning->importcsvfile('FCPATH\\public\\asset\\import\\1671998196_8d39251f269749584025.csv', [...])
 4 SYSTEMPATH\CodeIgniter.php(907): App\Controllers\Meaning->importdata()
 5 SYSTEMPATH\CodeIgniter.php(457): CodeIgniter\CodeIgniter->runController(Object(App\Controllers\Meaning))
 6 SYSTEMPATH\CodeIgniter.php(340): CodeIgniter\CodeIgniter->handleRequest(null, Object(Config\Cache), false)
 7 FCPATH\index.php(68): CodeIgniter\CodeIgniter->run()
CRITICAL - 2022-12-25 11:58:57 --> Attempt to read property "word_meaning_id" on bool
in APPPATH\Models\WordMeaningModel.php on line 86.
 1 APPPATH\Models\WordMeaningModel.php(86): CodeIgniter\Debug\Exceptions->errorHandler(2, 'Attempt to read property "word_meaning_id" on bool', 'APPPATH\\Models\\WordMeaningModel.php', 86)
 2 APPPATH\Controllers\Meaning.php(193): App\Models\WordMeaningModel->insert_word_meaning([...])
 3 APPPATH\Controllers\Meaning.php(154): App\Controllers\Meaning->importcsvfile('FCPATH\\public\\asset\\import\\1671998337_10554a77b014fb171b78.csv', [...])
 4 SYSTEMPATH\CodeIgniter.php(907): App\Controllers\Meaning->importdata()
 5 SYSTEMPATH\CodeIgniter.php(457): CodeIgniter\CodeIgniter->runController(Object(App\Controllers\Meaning))
 6 SYSTEMPATH\CodeIgniter.php(340): CodeIgniter\CodeIgniter->handleRequest(null, Object(Config\Cache), false)
 7 FCPATH\index.php(68): CodeIgniter\CodeIgniter->run()
