CRITICAL - 2022-11-05 16:24:02 --> Undefined variable $image
in APPPATH\Views\partials\navbar.php on line 47.
 1 APPPATH\Views\partials\navbar.php(47): CodeIgniter\Debug\Exceptions->errorHandler(2, 'Undefined variable $image', 'APPPATH\\Views\\partials\\navbar.php', 47)
 2 SYSTEMPATH\View\View.php(213): include('APPPATH\\Views\\partials\\navbar.php')
 3 SYSTEMPATH\View\View.php(216): CodeIgniter\View\View->CodeIgniter\View\{closure}()
 4 SYSTEMPATH\View\View.php(429): CodeIgniter\View\View->render('partials/navbar', null, true)
 5 APPPATH\Views\default.php(6): CodeIgniter\View\View->include('partials/navbar')
 6 SYSTEMPATH\View\View.php(213): include('APPPATH\\Views\\default.php')
 7 SYSTEMPATH\View\View.php(216): CodeIgniter\View\View->CodeIgniter\View\{closure}()
 8 SYSTEMPATH\View\View.php(229): CodeIgniter\View\View->render('Views\\default', [], true)
 9 SYSTEMPATH\Common.php(1142): CodeIgniter\View\View->render('dictionary/addmeaning', [], true)
10 APPPATH\Controllers\Meaning.php(21): view('dictionary/addmeaning', [...])
11 SYSTEMPATH\CodeIgniter.php(907): App\Controllers\Meaning->index()
12 SYSTEMPATH\CodeIgniter.php(457): CodeIgniter\CodeIgniter->runController(Object(App\Controllers\Meaning))
13 SYSTEMPATH\CodeIgniter.php(340): CodeIgniter\CodeIgniter->handleRequest(null, Object(Config\Cache), false)
14 FCPATH\index.php(68): CodeIgniter\CodeIgniter->run()
CRITICAL - 2022-11-05 16:26:20 --> Undefined variable $image
in APPPATH\Views\partials\navbar.php on line 47.
 1 APPPATH\Views\partials\navbar.php(47): CodeIgniter\Debug\Exceptions->errorHandler(2, 'Undefined variable $image', 'APPPATH\\Views\\partials\\navbar.php', 47)
 2 SYSTEMPATH\View\View.php(213): include('APPPATH\\Views\\partials\\navbar.php')
 3 SYSTEMPATH\View\View.php(216): CodeIgniter\View\View->CodeIgniter\View\{closure}()
 4 SYSTEMPATH\View\View.php(429): CodeIgniter\View\View->render('partials/navbar', null, true)
 5 APPPATH\Views\default.php(6): CodeIgniter\View\View->include('partials/navbar')
 6 SYSTEMPATH\View\View.php(213): include('APPPATH\\Views\\default.php')
 7 SYSTEMPATH\View\View.php(216): CodeIgniter\View\View->CodeIgniter\View\{closure}()
 8 SYSTEMPATH\View\View.php(229): CodeIgniter\View\View->render('Views\\default', [], true)
 9 SYSTEMPATH\Common.php(1142): CodeIgniter\View\View->render('dictionary/addmeaning', [], true)
10 APPPATH\Controllers\Meaning.php(21): view('dictionary/addmeaning', [...])
11 SYSTEMPATH\CodeIgniter.php(907): App\Controllers\Meaning->index()
12 SYSTEMPATH\CodeIgniter.php(457): CodeIgniter\CodeIgniter->runController(Object(App\Controllers\Meaning))
13 SYSTEMPATH\CodeIgniter.php(340): CodeIgniter\CodeIgniter->handleRequest(null, Object(Config\Cache), false)
14 FCPATH\index.php(68): CodeIgniter\CodeIgniter->run()
CRITICAL - 2022-11-05 16:26:22 --> Undefined variable $image
in APPPATH\Views\partials\navbar.php on line 47.
 1 APPPATH\Views\partials\navbar.php(47): CodeIgniter\Debug\Exceptions->errorHandler(2, 'Undefined variable $image', 'APPPATH\\Views\\partials\\navbar.php', 47)
 2 SYSTEMPATH\View\View.php(213): include('APPPATH\\Views\\partials\\navbar.php')
 3 SYSTEMPATH\View\View.php(216): CodeIgniter\View\View->CodeIgniter\View\{closure}()
 4 SYSTEMPATH\View\View.php(429): CodeIgniter\View\View->render('partials/navbar', null, true)
 5 APPPATH\Views\default.php(6): CodeIgniter\View\View->include('partials/navbar')
 6 SYSTEMPATH\View\View.php(213): include('APPPATH\\Views\\default.php')
 7 SYSTEMPATH\View\View.php(216): CodeIgniter\View\View->CodeIgniter\View\{closure}()
 8 SYSTEMPATH\View\View.php(229): CodeIgniter\View\View->render('Views\\default', [], true)
 9 SYSTEMPATH\Common.php(1142): CodeIgniter\View\View->render('dictionary/addmeaning', [], true)
10 APPPATH\Controllers\Meaning.php(21): view('dictionary/addmeaning', [...])
11 SYSTEMPATH\CodeIgniter.php(907): App\Controllers\Meaning->index()
12 SYSTEMPATH\CodeIgniter.php(457): CodeIgniter\CodeIgniter->runController(Object(App\Controllers\Meaning))
13 SYSTEMPATH\CodeIgniter.php(340): CodeIgniter\CodeIgniter->handleRequest(null, Object(Config\Cache), false)
14 FCPATH\index.php(68): CodeIgniter\CodeIgniter->run()
CRITICAL - 2022-11-05 16:26:26 --> Undefined variable $image
in APPPATH\Views\partials\navbar.php on line 47.
 1 APPPATH\Views\partials\navbar.php(47): CodeIgniter\Debug\Exceptions->errorHandler(2, 'Undefined variable $image', 'APPPATH\\Views\\partials\\navbar.php', 47)
 2 SYSTEMPATH\View\View.php(213): include('APPPATH\\Views\\partials\\navbar.php')
 3 SYSTEMPATH\View\View.php(216): CodeIgniter\View\View->CodeIgniter\View\{closure}()
 4 SYSTEMPATH\View\View.php(429): CodeIgniter\View\View->render('partials/navbar', null, true)
 5 APPPATH\Views\default.php(6): CodeIgniter\View\View->include('partials/navbar')
 6 SYSTEMPATH\View\View.php(213): include('APPPATH\\Views\\default.php')
 7 SYSTEMPATH\View\View.php(216): CodeIgniter\View\View->CodeIgniter\View\{closure}()
 8 SYSTEMPATH\View\View.php(229): CodeIgniter\View\View->render('Views\\default', [], true)
 9 SYSTEMPATH\Common.php(1142): CodeIgniter\View\View->render('dictionary/addmeaning', [], true)
10 APPPATH\Controllers\Meaning.php(21): view('dictionary/addmeaning', [...])
11 SYSTEMPATH\CodeIgniter.php(907): App\Controllers\Meaning->index()
12 SYSTEMPATH\CodeIgniter.php(457): CodeIgniter\CodeIgniter->runController(Object(App\Controllers\Meaning))
13 SYSTEMPATH\CodeIgniter.php(340): CodeIgniter\CodeIgniter->handleRequest(null, Object(Config\Cache), false)
14 FCPATH\index.php(68): CodeIgniter\CodeIgniter->run()
CRITICAL - 2022-11-05 16:26:29 --> Undefined variable $image
in APPPATH\Views\partials\navbar.php on line 47.
 1 APPPATH\Views\partials\navbar.php(47): CodeIgniter\Debug\Exceptions->errorHandler(2, 'Undefined variable $image', 'APPPATH\\Views\\partials\\navbar.php', 47)
 2 SYSTEMPATH\View\View.php(213): include('APPPATH\\Views\\partials\\navbar.php')
 3 SYSTEMPATH\View\View.php(216): CodeIgniter\View\View->CodeIgniter\View\{closure}()
 4 SYSTEMPATH\View\View.php(429): CodeIgniter\View\View->render('partials/navbar', null, true)
 5 APPPATH\Views\default.php(6): CodeIgniter\View\View->include('partials/navbar')
 6 SYSTEMPATH\View\View.php(213): include('APPPATH\\Views\\default.php')
 7 SYSTEMPATH\View\View.php(216): CodeIgniter\View\View->CodeIgniter\View\{closure}()
 8 SYSTEMPATH\View\View.php(229): CodeIgniter\View\View->render('Views\\default', [], true)
 9 SYSTEMPATH\Common.php(1142): CodeIgniter\View\View->render('dictionary/addmeaning', [], true)
10 APPPATH\Controllers\Meaning.php(21): view('dictionary/addmeaning', [...])
11 SYSTEMPATH\CodeIgniter.php(907): App\Controllers\Meaning->index()
12 SYSTEMPATH\CodeIgniter.php(457): CodeIgniter\CodeIgniter->runController(Object(App\Controllers\Meaning))
13 SYSTEMPATH\CodeIgniter.php(340): CodeIgniter\CodeIgniter->handleRequest(null, Object(Config\Cache), false)
14 FCPATH\index.php(68): CodeIgniter\CodeIgniter->run()
CRITICAL - 2022-11-05 16:27:50 --> Undefined variable $image
in APPPATH\Views\partials\navbar.php on line 47.
 1 APPPATH\Views\partials\navbar.php(47): CodeIgniter\Debug\Exceptions->errorHandler(2, 'Undefined variable $image', 'APPPATH\\Views\\partials\\navbar.php', 47)
 2 SYSTEMPATH\View\View.php(213): include('APPPATH\\Views\\partials\\navbar.php')
 3 SYSTEMPATH\View\View.php(216): CodeIgniter\View\View->CodeIgniter\View\{closure}()
 4 SYSTEMPATH\View\View.php(429): CodeIgniter\View\View->render('partials/navbar', null, true)
 5 APPPATH\Views\default.php(6): CodeIgniter\View\View->include('partials/navbar')
 6 SYSTEMPATH\View\View.php(213): include('APPPATH\\Views\\default.php')
 7 SYSTEMPATH\View\View.php(216): CodeIgniter\View\View->CodeIgniter\View\{closure}()
 8 SYSTEMPATH\View\View.php(229): CodeIgniter\View\View->render('Views\\default', [], true)
 9 SYSTEMPATH\Common.php(1142): CodeIgniter\View\View->render('dictionary/addmeaning', [], true)
10 APPPATH\Controllers\Meaning.php(20): view('dictionary/addmeaning', [...])
11 SYSTEMPATH\CodeIgniter.php(907): App\Controllers\Meaning->index()
12 SYSTEMPATH\CodeIgniter.php(457): CodeIgniter\CodeIgniter->runController(Object(App\Controllers\Meaning))
13 SYSTEMPATH\CodeIgniter.php(340): CodeIgniter\CodeIgniter->handleRequest(null, Object(Config\Cache), false)
14 FCPATH\index.php(68): CodeIgniter\CodeIgniter->run()
CRITICAL - 2022-11-05 16:31:06 --> Undefined variable $sidebar
in APPPATH\Views\partials\sidebar.php on line 31.
 1 APPPATH\Views\partials\sidebar.php(31): CodeIgniter\Debug\Exceptions->errorHandler(2, 'Undefined variable $sidebar', 'APPPATH\\Views\\partials\\sidebar.php', 31)
 2 SYSTEMPATH\View\View.php(213): include('APPPATH\\Views\\partials\\sidebar.php')
 3 SYSTEMPATH\View\View.php(216): CodeIgniter\View\View->CodeIgniter\View\{closure}()
 4 SYSTEMPATH\View\View.php(429): CodeIgniter\View\View->render('partials/sidebar', null, true)
 5 APPPATH\Views\default.php(17): CodeIgniter\View\View->include('partials/sidebar')
 6 SYSTEMPATH\View\View.php(213): include('APPPATH\\Views\\default.php')
 7 SYSTEMPATH\View\View.php(216): CodeIgniter\View\View->CodeIgniter\View\{closure}()
 8 SYSTEMPATH\View\View.php(229): CodeIgniter\View\View->render('Views\\default', [], true)
 9 SYSTEMPATH\Common.php(1142): CodeIgniter\View\View->render('dictionary/addmeaning', [], true)
10 APPPATH\Controllers\Meaning.php(20): view('dictionary/addmeaning', [...])
11 SYSTEMPATH\CodeIgniter.php(907): App\Controllers\Meaning->index()
12 SYSTEMPATH\CodeIgniter.php(457): CodeIgniter\CodeIgniter->runController(Object(App\Controllers\Meaning))
13 SYSTEMPATH\CodeIgniter.php(340): CodeIgniter\CodeIgniter->handleRequest(null, Object(Config\Cache), false)
14 FCPATH\index.php(68): CodeIgniter\CodeIgniter->run()
CRITICAL - 2022-11-05 16:31:19 --> Undefined variable $sidebar
in APPPATH\Views\partials\sidebar.php on line 31.
 1 APPPATH\Views\partials\sidebar.php(31): CodeIgniter\Debug\Exceptions->errorHandler(2, 'Undefined variable $sidebar', 'APPPATH\\Views\\partials\\sidebar.php', 31)
 2 SYSTEMPATH\View\View.php(213): include('APPPATH\\Views\\partials\\sidebar.php')
 3 SYSTEMPATH\View\View.php(216): CodeIgniter\View\View->CodeIgniter\View\{closure}()
 4 SYSTEMPATH\View\View.php(429): CodeIgniter\View\View->render('partials/sidebar', null, true)
 5 APPPATH\Views\default.php(17): CodeIgniter\View\View->include('partials/sidebar')
 6 SYSTEMPATH\View\View.php(213): include('APPPATH\\Views\\default.php')
 7 SYSTEMPATH\View\View.php(216): CodeIgniter\View\View->CodeIgniter\View\{closure}()
 8 SYSTEMPATH\View\View.php(229): CodeIgniter\View\View->render('Views\\default', [], true)
 9 SYSTEMPATH\Common.php(1142): CodeIgniter\View\View->render('dictionary/addmeaning', [], true)
10 APPPATH\Controllers\Meaning.php(20): view('dictionary/addmeaning', [...])
11 SYSTEMPATH\CodeIgniter.php(907): App\Controllers\Meaning->index()
12 SYSTEMPATH\CodeIgniter.php(457): CodeIgniter\CodeIgniter->runController(Object(App\Controllers\Meaning))
13 SYSTEMPATH\CodeIgniter.php(340): CodeIgniter\CodeIgniter->handleRequest(null, Object(Config\Cache), false)
14 FCPATH\index.php(68): CodeIgniter\CodeIgniter->run()
CRITICAL - 2022-11-05 16:31:25 --> Undefined variable $sidebar
in APPPATH\Views\partials\sidebar.php on line 31.
 1 APPPATH\Views\partials\sidebar.php(31): CodeIgniter\Debug\Exceptions->errorHandler(2, 'Undefined variable $sidebar', 'APPPATH\\Views\\partials\\sidebar.php', 31)
 2 SYSTEMPATH\View\View.php(213): include('APPPATH\\Views\\partials\\sidebar.php')
 3 SYSTEMPATH\View\View.php(216): CodeIgniter\View\View->CodeIgniter\View\{closure}()
 4 SYSTEMPATH\View\View.php(429): CodeIgniter\View\View->render('partials/sidebar', null, true)
 5 APPPATH\Views\default.php(17): CodeIgniter\View\View->include('partials/sidebar')
 6 SYSTEMPATH\View\View.php(213): include('APPPATH\\Views\\default.php')
 7 SYSTEMPATH\View\View.php(216): CodeIgniter\View\View->CodeIgniter\View\{closure}()
 8 SYSTEMPATH\View\View.php(229): CodeIgniter\View\View->render('Views\\default', [], true)
 9 SYSTEMPATH\Common.php(1142): CodeIgniter\View\View->render('dictionary/addmeaning', [], true)
10 APPPATH\Controllers\Meaning.php(20): view('dictionary/addmeaning', [...])
11 SYSTEMPATH\CodeIgniter.php(907): App\Controllers\Meaning->index()
12 SYSTEMPATH\CodeIgniter.php(457): CodeIgniter\CodeIgniter->runController(Object(App\Controllers\Meaning))
13 SYSTEMPATH\CodeIgniter.php(340): CodeIgniter\CodeIgniter->handleRequest(null, Object(Config\Cache), false)
14 FCPATH\index.php(68): CodeIgniter\CodeIgniter->run()
CRITICAL - 2022-11-05 16:31:26 --> Undefined variable $sidebar
in APPPATH\Views\partials\sidebar.php on line 31.
 1 APPPATH\Views\partials\sidebar.php(31): CodeIgniter\Debug\Exceptions->errorHandler(2, 'Undefined variable $sidebar', 'APPPATH\\Views\\partials\\sidebar.php', 31)
 2 SYSTEMPATH\View\View.php(213): include('APPPATH\\Views\\partials\\sidebar.php')
 3 SYSTEMPATH\View\View.php(216): CodeIgniter\View\View->CodeIgniter\View\{closure}()
 4 SYSTEMPATH\View\View.php(429): CodeIgniter\View\View->render('partials/sidebar', null, true)
 5 APPPATH\Views\default.php(17): CodeIgniter\View\View->include('partials/sidebar')
 6 SYSTEMPATH\View\View.php(213): include('APPPATH\\Views\\default.php')
 7 SYSTEMPATH\View\View.php(216): CodeIgniter\View\View->CodeIgniter\View\{closure}()
 8 SYSTEMPATH\View\View.php(229): CodeIgniter\View\View->render('Views\\default', [], true)
 9 SYSTEMPATH\Common.php(1142): CodeIgniter\View\View->render('dictionary/addmeaning', [], true)
10 APPPATH\Controllers\Meaning.php(20): view('dictionary/addmeaning', [...])
11 SYSTEMPATH\CodeIgniter.php(907): App\Controllers\Meaning->index()
12 SYSTEMPATH\CodeIgniter.php(457): CodeIgniter\CodeIgniter->runController(Object(App\Controllers\Meaning))
13 SYSTEMPATH\CodeIgniter.php(340): CodeIgniter\CodeIgniter->handleRequest(null, Object(Config\Cache), false)
14 FCPATH\index.php(68): CodeIgniter\CodeIgniter->run()
CRITICAL - 2022-11-05 16:31:28 --> Undefined variable $sidebar
in APPPATH\Views\partials\sidebar.php on line 31.
 1 APPPATH\Views\partials\sidebar.php(31): CodeIgniter\Debug\Exceptions->errorHandler(2, 'Undefined variable $sidebar', 'APPPATH\\Views\\partials\\sidebar.php', 31)
 2 SYSTEMPATH\View\View.php(213): include('APPPATH\\Views\\partials\\sidebar.php')
 3 SYSTEMPATH\View\View.php(216): CodeIgniter\View\View->CodeIgniter\View\{closure}()
 4 SYSTEMPATH\View\View.php(429): CodeIgniter\View\View->render('partials/sidebar', null, true)
 5 APPPATH\Views\default.php(17): CodeIgniter\View\View->include('partials/sidebar')
 6 SYSTEMPATH\View\View.php(213): include('APPPATH\\Views\\default.php')
 7 SYSTEMPATH\View\View.php(216): CodeIgniter\View\View->CodeIgniter\View\{closure}()
 8 SYSTEMPATH\View\View.php(229): CodeIgniter\View\View->render('Views\\default', [], true)
 9 SYSTEMPATH\Common.php(1142): CodeIgniter\View\View->render('dictionary/addmeaning', [], true)
10 APPPATH\Controllers\Meaning.php(20): view('dictionary/addmeaning', [...])
11 SYSTEMPATH\CodeIgniter.php(907): App\Controllers\Meaning->index()
12 SYSTEMPATH\CodeIgniter.php(457): CodeIgniter\CodeIgniter->runController(Object(App\Controllers\Meaning))
13 SYSTEMPATH\CodeIgniter.php(340): CodeIgniter\CodeIgniter->handleRequest(null, Object(Config\Cache), false)
14 FCPATH\index.php(68): CodeIgniter\CodeIgniter->run()
