CRITICAL - 2022-10-17 09:17:55 --> There is no data to update.
in SYSTEMPATH\BaseModel.php on line 846.
 1 SYSTEMPATH\BaseModel.php(846): CodeIgniter\Database\Exceptions\DataException::forEmptyDataset('update')
 2 SYSTEMPATH\Model.php(693): CodeIgniter\BaseModel->update(null, [])
 3 APPPATH\Controllers\User.php(82): CodeIgniter\Model->update()
 4 SYSTEMPATH\CodeIgniter.php(907): App\Controllers\User->index()
 5 SYSTEMPATH\CodeIgniter.php(457): CodeIgniter\CodeIgniter->runController(Object(App\Controllers\User))
 6 SYSTEMPATH\CodeIgniter.php(340): CodeIgniter\CodeIgniter->handleRequest(null, Object(Config\Cache), false)
 7 FCPATH\index.php(68): CodeIgniter\CodeIgniter->run()
CRITICAL - 2022-10-17 09:24:14 --> There is no data to update.
in SYSTEMPATH\BaseModel.php on line 846.
 1 SYSTEMPATH\BaseModel.php(846): CodeIgniter\Database\Exceptions\DataException::forEmptyDataset('update')
 2 SYSTEMPATH\Model.php(693): CodeIgniter\BaseModel->update(null, [])
 3 APPPATH\Controllers\User.php(82): CodeIgniter\Model->update()
 4 SYSTEMPATH\CodeIgniter.php(907): App\Controllers\User->index()
 5 SYSTEMPATH\CodeIgniter.php(457): CodeIgniter\CodeIgniter->runController(Object(App\Controllers\User))
 6 SYSTEMPATH\CodeIgniter.php(340): CodeIgniter\CodeIgniter->handleRequest(null, Object(Config\Cache), false)
 7 FCPATH\index.php(68): CodeIgniter\CodeIgniter->run()
ERROR - 2022-10-17 15:52:30 --> Email: sendWithMail throwed ErrorException: mail(): Failed to connect to mailserver at &quot;localhost&quot; port 25, verify your &quot;SMTP&quot; and &quot;smtp_port&quot; setting in php.ini or use ini_set() in C:\xampp\htdocs\etkal\system\Email\Email.php:1730
Stack trace:
#0 [internal function]: CodeIgniter\Debug\Exceptions->errorHandler(2, 'mail(): Failed ...', 'C:\\xampp\\htdocs...', 1730)
#1 C:\xampp\htdocs\etkal\system\Email\Email.php(1730): mail('dwtk.ayele@gmai...', '=?UTF-8?Q?Email...', 'Testing the ema...', 'Date: Mon, 17 O...', '-f dwtk.ayele@g...')
#2 C:\xampp\htdocs\etkal\system\Email\Email.php(1662): CodeIgniter\Email\Email->sendWithMail()
#3 C:\xampp\htdocs\etkal\system\Email\Email.php(1560): CodeIgniter\Email\Email->spoolEmail()
#4 C:\xampp\htdocs\etkal\app\Controllers\User.php(188): CodeIgniter\Email\Email->send()
#5 C:\xampp\htdocs\etkal\system\CodeIgniter.php(907): App\Controllers\User->recoverpassword()
#6 C:\xampp\htdocs\etkal\system\CodeIgniter.php(457): CodeIgniter\CodeIgniter->runController(Object(App\Controllers\User))
#7 C:\xampp\htdocs\etkal\system\CodeIgniter.php(340): CodeIgniter\CodeIgniter->handleRequest(NULL, Object(Config\Cache), false)
#8 C:\xampp\htdocs\etkal\index.php(68): CodeIgniter\CodeIgniter->run()
#9 {main}
ERROR - 2022-10-17 15:52:30 --> Email: Unable to send email using PHP mail(). Your server might not be configured to send mail using this method.
ERROR - 2022-10-17 15:52:30 --> 
ERROR - 2022-10-17 15:56:28 --> Email: sendWithMail throwed ErrorException: mail(): Failed to connect to mailserver at &quot;localhost&quot; port 25, verify your &quot;SMTP&quot; and &quot;smtp_port&quot; setting in php.ini or use ini_set() in C:\xampp\htdocs\etkal\system\Email\Email.php:1730
Stack trace:
#0 [internal function]: CodeIgniter\Debug\Exceptions->errorHandler(2, 'mail(): Failed ...', 'C:\\xampp\\htdocs...', 1730)
#1 C:\xampp\htdocs\etkal\system\Email\Email.php(1730): mail('dwtk.ayele@gmai...', '=?UTF-8?Q?Email...', 'Testing the ema...', 'Date: Mon, 17 O...', '-f dwtkassaye@g...')
#2 C:\xampp\htdocs\etkal\system\Email\Email.php(1662): CodeIgniter\Email\Email->sendWithMail()
#3 C:\xampp\htdocs\etkal\system\Email\Email.php(1560): CodeIgniter\Email\Email->spoolEmail()
#4 C:\xampp\htdocs\etkal\app\Controllers\User.php(188): CodeIgniter\Email\Email->send()
#5 C:\xampp\htdocs\etkal\system\CodeIgniter.php(907): App\Controllers\User->recoverpassword()
#6 C:\xampp\htdocs\etkal\system\CodeIgniter.php(457): CodeIgniter\CodeIgniter->runController(Object(App\Controllers\User))
#7 C:\xampp\htdocs\etkal\system\CodeIgniter.php(340): CodeIgniter\CodeIgniter->handleRequest(NULL, Object(Config\Cache), false)
#8 C:\xampp\htdocs\etkal\index.php(68): CodeIgniter\CodeIgniter->run()
#9 {main}
ERROR - 2022-10-17 15:56:28 --> Email: Unable to send email using PHP mail(). Your server might not be configured to send mail using this method.
ERROR - 2022-10-17 15:56:28 --> 
ERROR - 2022-10-17 16:06:59 --> Email: Unable to send email using PHP SMTP. Your server might not be configured to send mail using this method.
ERROR - 2022-10-17 16:06:59 --> 220 smtp.gmail.com ESMTP e12-20020a17090a7c4c00b002008d0e5cb5sm10143497pjl.47 - gsmtp

hello: 250-smtp.gmail.com at your service, [98.45.133.67]
250-SIZE 35882577
250-8BITMIME
250-AUTH LOGIN PLAIN XOAUTH2 PLAIN-CLIENTTOKEN OAUTHBEARER XOAUTH
250-ENHANCEDSTATUSCODES
250-PIPELINING
250-CHUNKING
250 SMTPUTF8

Failed to authenticate password. Error: 535-5.7.8 Username and Password not accepted. Learn more at
535 5.7.8  https://support.google.com/mail/?p=BadCredentials e12-20020a17090a7c4c00b002008d0e5cb5sm10143497pjl.47 - gsmtp

ERROR - 2022-10-17 16:13:13 --> Email: Unable to send email using PHP SMTP. Your server might not be configured to send mail using this method.
ERROR - 2022-10-17 16:13:13 --> 220 smtp.gmail.com ESMTP o2-20020a170902d4c200b0017dd8c8009esm5050080plg.4 - gsmtp

hello: 250-smtp.gmail.com at your service, [98.45.133.67]
250-SIZE 35882577
250-8BITMIME
250-AUTH LOGIN PLAIN XOAUTH2 PLAIN-CLIENTTOKEN OAUTHBEARER XOAUTH
250-ENHANCEDSTATUSCODES
250-PIPELINING
250-CHUNKING
250 SMTPUTF8

Failed to authenticate password. Error: 535-5.7.8 Username and Password not accepted. Learn more at
535 5.7.8  https://support.google.com/mail/?p=BadCredentials o2-20020a170902d4c200b0017dd8c8009esm5050080plg.4 - gsmtp

ERROR - 2022-10-17 16:15:55 --> Email: Unable to send email using PHP SMTP. Your server might not be configured to send mail using this method.
ERROR - 2022-10-17 16:15:55 --> 220 smtp.gmail.com ESMTP 5-20020a630205000000b00442c70b659esm6607445pgc.91 - gsmtp

hello: 250-smtp.gmail.com at your service, [98.45.133.67]
250-SIZE 35882577
250-8BITMIME
250-AUTH LOGIN PLAIN XOAUTH2 PLAIN-CLIENTTOKEN OAUTHBEARER XOAUTH
250-ENHANCEDSTATUSCODES
250-PIPELINING
250-CHUNKING
250 SMTPUTF8

Failed to authenticate password. Error: 535-5.7.8 Username and Password not accepted. Learn more at
535 5.7.8  https://support.google.com/mail/?p=BadCredentials 5-20020a630205000000b00442c70b659esm6607445pgc.91 - gsmtp

ERROR - 2022-10-17 16:47:00 --> Email: Unable to send email using PHP SMTP. Your server might not be configured to send mail using this method.
ERROR - 2022-10-17 16:47:00 --> 220 smtp.gmail.com ESMTP e13-20020a17090301cd00b00177c488fea5sm7246239plh.12 - gsmtp

hello: 250-smtp.gmail.com at your service, [98.45.133.67]
250-SIZE 35882577
250-8BITMIME
250-AUTH LOGIN PLAIN XOAUTH2 PLAIN-CLIENTTOKEN OAUTHBEARER XOAUTH
250-ENHANCEDSTATUSCODES
250-PIPELINING
250-CHUNKING
250 SMTPUTF8

Failed to authenticate password. Error: 535-5.7.8 Username and Password not accepted. Learn more at
535 5.7.8  https://support.google.com/mail/?p=BadCredentials e13-20020a17090301cd00b00177c488fea5sm7246239plh.12 - gsmtp

