CRITICAL - 2022-10-05 10:16:28 --> Call to undefined function App\Controllers\User()
in APPPATH\Controllers\Home.php on line 13.
 1 SYSTEMPATH\CodeIgniter.php(907): App\Controllers\Home->index()
 2 SYSTEMPATH\CodeIgniter.php(457): CodeIgniter\CodeIgniter->runController(Object(App\Controllers\Home))
 3 SYSTEMPATH\CodeIgniter.php(340): CodeIgniter\CodeIgniter->handleRequest(null, Object(Config\Cache), false)
 4 FCPATH\index.php(67): CodeIgniter\CodeIgniter->run()
CRITICAL - 2022-10-05 10:18:26 --> Non-static method App\Controllers\User::index() cannot be called statically
in APPPATH\Controllers\Home.php on line 13.
 1 SYSTEMPATH\CodeIgniter.php(907): App\Controllers\Home->index()
 2 SYSTEMPATH\CodeIgniter.php(457): CodeIgniter\CodeIgniter->runController(Object(App\Controllers\Home))
 3 SYSTEMPATH\CodeIgniter.php(340): CodeIgniter\CodeIgniter->handleRequest(null, Object(Config\Cache), false)
 4 FCPATH\index.php(67): CodeIgniter\CodeIgniter->run()
CRITICAL - 2022-10-05 15:19:23 --> Non-static method App\Controllers\User::index() cannot be called statically
in APPPATH\Controllers\Home.php on line 16.
 1 SYSTEMPATH\CodeIgniter.php(907): App\Controllers\Home->index()
 2 SYSTEMPATH\CodeIgniter.php(457): CodeIgniter\CodeIgniter->runController(Object(App\Controllers\Home))
 3 SYSTEMPATH\CodeIgniter.php(340): CodeIgniter\CodeIgniter->handleRequest(null, Object(Config\Cache), false)
 4 FCPATH\index.php(67): CodeIgniter\CodeIgniter->run()
CRITICAL - 2022-10-05 15:19:24 --> Non-static method App\Controllers\User::index() cannot be called statically
in APPPATH\Controllers\Home.php on line 16.
 1 SYSTEMPATH\CodeIgniter.php(907): App\Controllers\Home->index()
 2 SYSTEMPATH\CodeIgniter.php(457): CodeIgniter\CodeIgniter->runController(Object(App\Controllers\Home))
 3 SYSTEMPATH\CodeIgniter.php(340): CodeIgniter\CodeIgniter->handleRequest(null, Object(Config\Cache), false)
 4 FCPATH\index.php(67): CodeIgniter\CodeIgniter->run()
CRITICAL - 2022-10-05 15:46:43 --> Undefined variable $validation
in APPPATH\Views\login\login.php on line 13.
 1 APPPATH\Views\login\login.php(13): CodeIgniter\Debug\Exceptions->errorHandler(2, 'Undefined variable $validation', 'APPPATH\\Views\\login\\login.php', 13)
 2 SYSTEMPATH\View\View.php(213): include('APPPATH\\Views\\login\\login.php')
 3 SYSTEMPATH\View\View.php(216): CodeIgniter\View\View->CodeIgniter\View\{closure}()
 4 SYSTEMPATH\Common.php(1142): CodeIgniter\View\View->render('login/login', [], true)
 5 APPPATH\Controllers\Home.php(17): view('login/login')
 6 SYSTEMPATH\CodeIgniter.php(907): App\Controllers\Home->index()
 7 SYSTEMPATH\CodeIgniter.php(457): CodeIgniter\CodeIgniter->runController(Object(App\Controllers\Home))
 8 SYSTEMPATH\CodeIgniter.php(340): CodeIgniter\CodeIgniter->handleRequest(null, Object(Config\Cache), false)
 9 FCPATH\index.php(67): CodeIgniter\CodeIgniter->run()
CRITICAL - 2022-10-05 16:26:21 --> Class "App\Controllers\Services" not found
in APPPATH\Controllers\Home.php on line 17.
 1 SYSTEMPATH\CodeIgniter.php(907): App\Controllers\Home->index()
 2 SYSTEMPATH\CodeIgniter.php(457): CodeIgniter\CodeIgniter->runController(Object(App\Controllers\Home))
 3 SYSTEMPATH\CodeIgniter.php(340): CodeIgniter\CodeIgniter->handleRequest(null, Object(Config\Cache), false)
 4 FCPATH\index.php(67): CodeIgniter\CodeIgniter->run()
CRITICAL - 2022-10-05 21:37:10 --> Call to a member function getMethod() on null
in APPPATH\Controllers\User.php on line 27.
 1 APPPATH\Controllers\Home.php(17): App\Controllers\User->index()
 2 SYSTEMPATH\CodeIgniter.php(907): App\Controllers\Home->index()
 3 SYSTEMPATH\CodeIgniter.php(457): CodeIgniter\CodeIgniter->runController(Object(App\Controllers\Home))
 4 SYSTEMPATH\CodeIgniter.php(340): CodeIgniter\CodeIgniter->handleRequest(null, Object(Config\Cache), false)
 5 FCPATH\index.php(67): CodeIgniter\CodeIgniter->run()
CRITICAL - 2022-10-05 21:37:11 --> Call to a member function getMethod() on null
in APPPATH\Controllers\User.php on line 27.
 1 APPPATH\Controllers\Home.php(17): App\Controllers\User->index()
 2 SYSTEMPATH\CodeIgniter.php(907): App\Controllers\Home->index()
 3 SYSTEMPATH\CodeIgniter.php(457): CodeIgniter\CodeIgniter->runController(Object(App\Controllers\Home))
 4 SYSTEMPATH\CodeIgniter.php(340): CodeIgniter\CodeIgniter->handleRequest(null, Object(Config\Cache), false)
 5 FCPATH\index.php(67): CodeIgniter\CodeIgniter->run()
CRITICAL - 2022-10-05 21:43:43 --> Attempt to read property "proxyIPs" on null
in SYSTEMPATH\HTTP\Request.php on line 58.
 1 SYSTEMPATH\HTTP\Request.php(58): CodeIgniter\Debug\Exceptions->errorHandler(2, 'Attempt to read property "proxyIPs" on null', 'SYSTEMPATH\\HTTP\\Request.php', 58)
 2 APPPATH\Controllers\User.php(24): CodeIgniter\HTTP\Request->__construct()
 3 APPPATH\Controllers\Home.php(17): App\Controllers\User->index()
 4 SYSTEMPATH\CodeIgniter.php(907): App\Controllers\Home->index()
 5 SYSTEMPATH\CodeIgniter.php(457): CodeIgniter\CodeIgniter->runController(Object(App\Controllers\Home))
 6 SYSTEMPATH\CodeIgniter.php(340): CodeIgniter\CodeIgniter->handleRequest(null, Object(Config\Cache), false)
 7 FCPATH\index.php(67): CodeIgniter\CodeIgniter->run()
CRITICAL - 2022-10-05 21:44:50 --> Call to a member function getMethod() on null
in APPPATH\Controllers\User.php on line 28.
 1 APPPATH\Controllers\Home.php(17): App\Controllers\User->index()
 2 SYSTEMPATH\CodeIgniter.php(907): App\Controllers\Home->index()
 3 SYSTEMPATH\CodeIgniter.php(457): CodeIgniter\CodeIgniter->runController(Object(App\Controllers\Home))
 4 SYSTEMPATH\CodeIgniter.php(340): CodeIgniter\CodeIgniter->handleRequest(null, Object(Config\Cache), false)
 5 FCPATH\index.php(67): CodeIgniter\CodeIgniter->run()
CRITICAL - 2022-10-05 21:44:51 --> Call to a member function getMethod() on null
in APPPATH\Controllers\User.php on line 28.
 1 APPPATH\Controllers\Home.php(17): App\Controllers\User->index()
 2 SYSTEMPATH\CodeIgniter.php(907): App\Controllers\Home->index()
 3 SYSTEMPATH\CodeIgniter.php(457): CodeIgniter\CodeIgniter->runController(Object(App\Controllers\Home))
 4 SYSTEMPATH\CodeIgniter.php(340): CodeIgniter\CodeIgniter->handleRequest(null, Object(Config\Cache), false)
 5 FCPATH\index.php(67): CodeIgniter\CodeIgniter->run()
CRITICAL - 2022-10-05 21:45:11 --> Call to a member function getMethod() on null
in APPPATH\Controllers\User.php on line 28.
 1 APPPATH\Controllers\Home.php(17): App\Controllers\User->index()
 2 SYSTEMPATH\CodeIgniter.php(907): App\Controllers\Home->index()
 3 SYSTEMPATH\CodeIgniter.php(457): CodeIgniter\CodeIgniter->runController(Object(App\Controllers\Home))
 4 SYSTEMPATH\CodeIgniter.php(340): CodeIgniter\CodeIgniter->handleRequest(null, Object(Config\Cache), false)
 5 FCPATH\index.php(67): CodeIgniter\CodeIgniter->run()
CRITICAL - 2022-10-05 21:45:12 --> Call to a member function getMethod() on null
in APPPATH\Controllers\User.php on line 28.
 1 APPPATH\Controllers\Home.php(17): App\Controllers\User->index()
 2 SYSTEMPATH\CodeIgniter.php(907): App\Controllers\Home->index()
 3 SYSTEMPATH\CodeIgniter.php(457): CodeIgniter\CodeIgniter->runController(Object(App\Controllers\Home))
 4 SYSTEMPATH\CodeIgniter.php(340): CodeIgniter\CodeIgniter->handleRequest(null, Object(Config\Cache), false)
 5 FCPATH\index.php(67): CodeIgniter\CodeIgniter->run()
CRITICAL - 2022-10-05 21:53:56 --> Attempt to read property "proxyIPs" on null
in SYSTEMPATH\HTTP\Request.php on line 58.
 1 SYSTEMPATH\HTTP\Request.php(58): CodeIgniter\Debug\Exceptions->errorHandler(2, 'Attempt to read property "proxyIPs" on null', 'SYSTEMPATH\\HTTP\\Request.php', 58)
 2 APPPATH\Controllers\User.php(24): CodeIgniter\HTTP\Request->__construct()
 3 APPPATH\Controllers\Home.php(17): App\Controllers\User->index()
 4 SYSTEMPATH\CodeIgniter.php(907): App\Controllers\Home->index()
 5 SYSTEMPATH\CodeIgniter.php(457): CodeIgniter\CodeIgniter->runController(Object(App\Controllers\Home))
 6 SYSTEMPATH\CodeIgniter.php(340): CodeIgniter\CodeIgniter->handleRequest(null, Object(Config\Cache), false)
 7 FCPATH\index.php(67): CodeIgniter\CodeIgniter->run()
CRITICAL - 2022-10-05 21:53:57 --> Attempt to read property "proxyIPs" on null
in SYSTEMPATH\HTTP\Request.php on line 58.
 1 SYSTEMPATH\HTTP\Request.php(58): CodeIgniter\Debug\Exceptions->errorHandler(2, 'Attempt to read property "proxyIPs" on null', 'SYSTEMPATH\\HTTP\\Request.php', 58)
 2 APPPATH\Controllers\User.php(24): CodeIgniter\HTTP\Request->__construct()
 3 APPPATH\Controllers\Home.php(17): App\Controllers\User->index()
 4 SYSTEMPATH\CodeIgniter.php(907): App\Controllers\Home->index()
 5 SYSTEMPATH\CodeIgniter.php(457): CodeIgniter\CodeIgniter->runController(Object(App\Controllers\Home))
 6 SYSTEMPATH\CodeIgniter.php(340): CodeIgniter\CodeIgniter->handleRequest(null, Object(Config\Cache), false)
 7 FCPATH\index.php(67): CodeIgniter\CodeIgniter->run()
CRITICAL - 2022-10-05 21:54:03 --> Attempt to read property "proxyIPs" on null
in SYSTEMPATH\HTTP\Request.php on line 58.
 1 SYSTEMPATH\HTTP\Request.php(58): CodeIgniter\Debug\Exceptions->errorHandler(2, 'Attempt to read property "proxyIPs" on null', 'SYSTEMPATH\\HTTP\\Request.php', 58)
 2 APPPATH\Controllers\User.php(24): CodeIgniter\HTTP\Request->__construct()
 3 APPPATH\Controllers\Home.php(17): App\Controllers\User->index()
 4 SYSTEMPATH\CodeIgniter.php(907): App\Controllers\Home->index()
 5 SYSTEMPATH\CodeIgniter.php(457): CodeIgniter\CodeIgniter->runController(Object(App\Controllers\Home))
 6 SYSTEMPATH\CodeIgniter.php(340): CodeIgniter\CodeIgniter->handleRequest(null, Object(Config\Cache), false)
 7 FCPATH\index.php(67): CodeIgniter\CodeIgniter->run()
CRITICAL - 2022-10-05 21:54:03 --> Attempt to read property "proxyIPs" on null
in SYSTEMPATH\HTTP\Request.php on line 58.
 1 SYSTEMPATH\HTTP\Request.php(58): CodeIgniter\Debug\Exceptions->errorHandler(2, 'Attempt to read property "proxyIPs" on null', 'SYSTEMPATH\\HTTP\\Request.php', 58)
 2 APPPATH\Controllers\User.php(24): CodeIgniter\HTTP\Request->__construct()
 3 APPPATH\Controllers\Home.php(17): App\Controllers\User->index()
 4 SYSTEMPATH\CodeIgniter.php(907): App\Controllers\Home->index()
 5 SYSTEMPATH\CodeIgniter.php(457): CodeIgniter\CodeIgniter->runController(Object(App\Controllers\Home))
 6 SYSTEMPATH\CodeIgniter.php(340): CodeIgniter\CodeIgniter->handleRequest(null, Object(Config\Cache), false)
 7 FCPATH\index.php(67): CodeIgniter\CodeIgniter->run()
CRITICAL - 2022-10-05 21:54:03 --> Attempt to read property "proxyIPs" on null
in SYSTEMPATH\HTTP\Request.php on line 58.
 1 SYSTEMPATH\HTTP\Request.php(58): CodeIgniter\Debug\Exceptions->errorHandler(2, 'Attempt to read property "proxyIPs" on null', 'SYSTEMPATH\\HTTP\\Request.php', 58)
 2 APPPATH\Controllers\User.php(24): CodeIgniter\HTTP\Request->__construct()
 3 APPPATH\Controllers\Home.php(17): App\Controllers\User->index()
 4 SYSTEMPATH\CodeIgniter.php(907): App\Controllers\Home->index()
 5 SYSTEMPATH\CodeIgniter.php(457): CodeIgniter\CodeIgniter->runController(Object(App\Controllers\Home))
 6 SYSTEMPATH\CodeIgniter.php(340): CodeIgniter\CodeIgniter->handleRequest(null, Object(Config\Cache), false)
 7 FCPATH\index.php(67): CodeIgniter\CodeIgniter->run()
CRITICAL - 2022-10-05 22:34:59 --> Array to string conversion
in APPPATH\Controllers\User.php on line 23.
 1 APPPATH\Controllers\User.php(23): CodeIgniter\Debug\Exceptions->errorHandler(2, 'Array to string conversion', 'APPPATH\\Controllers\\User.php', 23)
 2 APPPATH\Controllers\Home.php(17): App\Controllers\User->index()
 3 SYSTEMPATH\CodeIgniter.php(907): App\Controllers\Home->index()
 4 SYSTEMPATH\CodeIgniter.php(457): CodeIgniter\CodeIgniter->runController(Object(App\Controllers\Home))
 5 SYSTEMPATH\CodeIgniter.php(340): CodeIgniter\CodeIgniter->handleRequest(null, Object(Config\Cache), false)
 6 FCPATH\index.php(67): CodeIgniter\CodeIgniter->run()
CRITICAL - 2022-10-05 22:49:02 --> Undefined variable $output
in APPPATH\Views\default.php on line 224.
 1 APPPATH\Views\default.php(224): CodeIgniter\Debug\Exceptions->errorHandler(2, 'Undefined variable $output', 'APPPATH\\Views\\default.php', 224)
 2 SYSTEMPATH\View\View.php(213): include('APPPATH\\Views\\default.php')
 3 SYSTEMPATH\View\View.php(216): CodeIgniter\View\View->CodeIgniter\View\{closure}()
 4 SYSTEMPATH\Common.php(1142): CodeIgniter\View\View->render('default', [], true)
 5 APPPATH\Controllers\Home.php(20): view('default')
 6 SYSTEMPATH\CodeIgniter.php(907): App\Controllers\Home->index()
 7 SYSTEMPATH\CodeIgniter.php(457): CodeIgniter\CodeIgniter->runController(Object(App\Controllers\Home))
 8 SYSTEMPATH\CodeIgniter.php(340): CodeIgniter\CodeIgniter->handleRequest(null, Object(Config\Cache), false)
 9 FCPATH\index.php(67): CodeIgniter\CodeIgniter->run()
CRITICAL - 2022-10-05 23:51:45 --> Undefined property: App\Controllers\Home::$auth
in APPPATH\Controllers\Home.php on line 20.
 1 APPPATH\Controllers\Home.php(20): CodeIgniter\Debug\Exceptions->errorHandler(2, 'Undefined property: App\\Controllers\\Home::$auth', 'APPPATH\\Controllers\\Home.php', 20)
 2 SYSTEMPATH\CodeIgniter.php(907): App\Controllers\Home->index()
 3 SYSTEMPATH\CodeIgniter.php(457): CodeIgniter\CodeIgniter->runController(Object(App\Controllers\Home))
 4 SYSTEMPATH\CodeIgniter.php(340): CodeIgniter\CodeIgniter->handleRequest(null, Object(Config\Cache), false)
 5 FCPATH\index.php(67): CodeIgniter\CodeIgniter->run()
