CRITICAL - 2023-07-15 13:21:49 --> Undefined array key "meaning_id"
in APPPATH\Controllers\Dictionary.php on line 110.
 1 APPPATH\Controllers\Dictionary.php(110): CodeIgniter\Debug\Exceptions->errorHandler(2, 'Undefined array key "meaning_id"', 'APPPATH\\Controllers\\Dictionary.php', 110)
 2 SYSTEMPATH\CodeIgniter.php(907): App\Controllers\Dictionary->dictionarypage('4', '1')
 3 SYSTEMPATH\CodeIgniter.php(457): CodeIgniter\CodeIgniter->runController(Object(App\Controllers\Dictionary))
 4 SYSTEMPATH\CodeIgniter.php(340): CodeIgniter\CodeIgniter->handleRequest(null, Object(Config\Cache), false)
 5 FCPATH\index.php(68): CodeIgniter\CodeIgniter->run()
CRITICAL - 2023-07-15 13:22:31 --> Undefined array key "word_meaning_id"
in APPPATH\Controllers\Dictionary.php on line 110.
 1 APPPATH\Controllers\Dictionary.php(110): CodeIgniter\Debug\Exceptions->errorHandler(2, 'Undefined array key "word_meaning_id"', 'APPPATH\\Controllers\\Dictionary.php', 110)
 2 SYSTEMPATH\CodeIgniter.php(907): App\Controllers\Dictionary->dictionarypage('4', '1')
 3 SYSTEMPATH\CodeIgniter.php(457): CodeIgniter\CodeIgniter->runController(Object(App\Controllers\Dictionary))
 4 SYSTEMPATH\CodeIgniter.php(340): CodeIgniter\CodeIgniter->handleRequest(null, Object(Config\Cache), false)
 5 FCPATH\index.php(68): CodeIgniter\CodeIgniter->run()
CRITICAL - 2023-07-15 13:22:53 --> Undefined array key "word_id"
in APPPATH\Controllers\Dictionary.php on line 112.
 1 APPPATH\Controllers\Dictionary.php(112): CodeIgniter\Debug\Exceptions->errorHandler(2, 'Undefined array key "word_id"', 'APPPATH\\Controllers\\Dictionary.php', 112)
 2 SYSTEMPATH\CodeIgniter.php(907): App\Controllers\Dictionary->dictionarypage('4', '1')
 3 SYSTEMPATH\CodeIgniter.php(457): CodeIgniter\CodeIgniter->runController(Object(App\Controllers\Dictionary))
 4 SYSTEMPATH\CodeIgniter.php(340): CodeIgniter\CodeIgniter->handleRequest(null, Object(Config\Cache), false)
 5 FCPATH\index.php(68): CodeIgniter\CodeIgniter->run()
CRITICAL - 2023-07-15 13:42:55 --> Undefined array key "short_note"
in APPPATH\Controllers\Dictionary.php on line 105.
 1 APPPATH\Controllers\Dictionary.php(105): CodeIgniter\Debug\Exceptions->errorHandler(2, 'Undefined array key "short_note"', 'APPPATH\\Controllers\\Dictionary.php', 105)
 2 SYSTEMPATH\CodeIgniter.php(907): App\Controllers\Dictionary->dictionarypage('4')
 3 SYSTEMPATH\CodeIgniter.php(457): CodeIgniter\CodeIgniter->runController(Object(App\Controllers\Dictionary))
 4 SYSTEMPATH\CodeIgniter.php(340): CodeIgniter\CodeIgniter->handleRequest(null, Object(Config\Cache), false)
 5 FCPATH\index.php(68): CodeIgniter\CodeIgniter->run()
CRITICAL - 2023-07-15 14:20:32 --> Undefined variable $Breadcrumbs
in APPPATH\Views\dictionary\edit.php on line 22.
 1 APPPATH\Views\dictionary\edit.php(22): CodeIgniter\Debug\Exceptions->errorHandler(2, 'Undefined variable $Breadcrumbs', 'APPPATH\\Views\\dictionary\\edit.php', 22)
 2 SYSTEMPATH\View\View.php(213): include('APPPATH\\Views\\dictionary\\edit.php')
 3 SYSTEMPATH\View\View.php(216): CodeIgniter\View\View->CodeIgniter\View\{closure}()
 4 SYSTEMPATH\Common.php(1142): CodeIgniter\View\View->render('dictionary/edit', [], true)
 5 APPPATH\Controllers\EditMeaning.php(65): view('dictionary/edit', [...])
 6 SYSTEMPATH\CodeIgniter.php(907): App\Controllers\EditMeaning->edit('1')
 7 SYSTEMPATH\CodeIgniter.php(457): CodeIgniter\CodeIgniter->runController(Object(App\Controllers\EditMeaning))
 8 SYSTEMPATH\CodeIgniter.php(340): CodeIgniter\CodeIgniter->handleRequest(null, Object(Config\Cache), false)
 9 FCPATH\index.php(68): CodeIgniter\CodeIgniter->run()
CRITICAL - 2023-07-15 14:23:50 --> Undefined variable $Breadcrumbs
in APPPATH\Views\dictionary\edit.php on line 22.
 1 APPPATH\Views\dictionary\edit.php(22): CodeIgniter\Debug\Exceptions->errorHandler(2, 'Undefined variable $Breadcrumbs', 'APPPATH\\Views\\dictionary\\edit.php', 22)
 2 SYSTEMPATH\View\View.php(213): include('APPPATH\\Views\\dictionary\\edit.php')
 3 SYSTEMPATH\View\View.php(216): CodeIgniter\View\View->CodeIgniter\View\{closure}()
 4 SYSTEMPATH\Common.php(1142): CodeIgniter\View\View->render('dictionary/edit', [], true)
 5 APPPATH\Controllers\EditMeaning.php(65): view('dictionary/edit', [...])
 6 SYSTEMPATH\CodeIgniter.php(907): App\Controllers\EditMeaning->edit('1')
 7 SYSTEMPATH\CodeIgniter.php(457): CodeIgniter\CodeIgniter->runController(Object(App\Controllers\EditMeaning))
 8 SYSTEMPATH\CodeIgniter.php(340): CodeIgniter\CodeIgniter->handleRequest(null, Object(Config\Cache), false)
 9 FCPATH\index.php(68): CodeIgniter\CodeIgniter->run()
CRITICAL - 2023-07-15 14:26:23 --> syntax error, unexpected token "echo"
in APPPATH\Views\dictionary\edit.php on line 22.
 1 SYSTEMPATH\View\View.php(216): CodeIgniter\View\View->CodeIgniter\View\{closure}()
 2 SYSTEMPATH\Common.php(1142): CodeIgniter\View\View->render('dictionary/edit', [], true)
 3 APPPATH\Controllers\EditMeaning.php(61): view('dictionary/edit', [...])
 4 SYSTEMPATH\CodeIgniter.php(907): App\Controllers\EditMeaning->edit('1', '12013')
 5 SYSTEMPATH\CodeIgniter.php(457): CodeIgniter\CodeIgniter->runController(Object(App\Controllers\EditMeaning))
 6 SYSTEMPATH\CodeIgniter.php(340): CodeIgniter\CodeIgniter->handleRequest(null, Object(Config\Cache), false)
 7 FCPATH\index.php(68): CodeIgniter\CodeIgniter->run()
CRITICAL - 2023-07-15 18:27:05 --> CodeIgniter\Database\BaseBuilder::orderBy(): Argument #1 ($orderBy) must be of type string, array given, called in C:\xampp\htdocs\etkal\system\Model.php on line 772
in SYSTEMPATH\Database\BaseBuilder.php on line 1408.
 1 SYSTEMPATH\Model.php(772): CodeIgniter\Database\BaseBuilder->orderBy([...], 'asc')
 2 APPPATH\Models\WordMeaningModel.php(132): CodeIgniter\Model->__call('orderBy', [...])
 3 APPPATH\Controllers\Meaning.php(134): App\Models\WordMeaningModel->getgroupMeanig([...], [...], 'w.word', 'asc', 'WHERE')
 4 SYSTEMPATH\CodeIgniter.php(907): App\Controllers\Meaning->wordmeaninglist()
 5 SYSTEMPATH\CodeIgniter.php(457): CodeIgniter\CodeIgniter->runController(Object(App\Controllers\Meaning))
 6 SYSTEMPATH\CodeIgniter.php(340): CodeIgniter\CodeIgniter->handleRequest(null, Object(Config\Cache), false)
 7 FCPATH\index.php(68): CodeIgniter\CodeIgniter->run()
CRITICAL - 2023-07-15 18:29:42 --> Array to string conversion
in APPPATH\Models\WordMeaningModel.php on line 119.
 1 APPPATH\Models\WordMeaningModel.php(119): CodeIgniter\Debug\Exceptions->errorHandler(2, 'Array to string conversion', 'APPPATH\\Models\\WordMeaningModel.php', 119)
 2 APPPATH\Controllers\Meaning.php(134): App\Models\WordMeaningModel->getgroupMeanig([...], [...], [...], 'asc', 'WHERE')
 3 SYSTEMPATH\CodeIgniter.php(907): App\Controllers\Meaning->wordmeaninglist()
 4 SYSTEMPATH\CodeIgniter.php(457): CodeIgniter\CodeIgniter->runController(Object(App\Controllers\Meaning))
 5 SYSTEMPATH\CodeIgniter.php(340): CodeIgniter\CodeIgniter->handleRequest(null, Object(Config\Cache), false)
 6 FCPATH\index.php(68): CodeIgniter\CodeIgniter->run()
CRITICAL - 2023-07-15 18:30:20 --> Array to string conversion
in APPPATH\Models\WordMeaningModel.php on line 119.
 1 APPPATH\Models\WordMeaningModel.php(119): CodeIgniter\Debug\Exceptions->errorHandler(2, 'Array to string conversion', 'APPPATH\\Models\\WordMeaningModel.php', 119)
 2 APPPATH\Controllers\Meaning.php(134): App\Models\WordMeaningModel->getgroupMeanig([...], [...], [...], 'asc', 'WHERE')
 3 SYSTEMPATH\CodeIgniter.php(907): App\Controllers\Meaning->wordmeaninglist()
 4 SYSTEMPATH\CodeIgniter.php(457): CodeIgniter\CodeIgniter->runController(Object(App\Controllers\Meaning))
 5 SYSTEMPATH\CodeIgniter.php(340): CodeIgniter\CodeIgniter->handleRequest(null, Object(Config\Cache), false)
 6 FCPATH\index.php(68): CodeIgniter\CodeIgniter->run()
CRITICAL - 2023-07-15 18:30:21 --> Array to string conversion
in APPPATH\Models\WordMeaningModel.php on line 119.
 1 APPPATH\Models\WordMeaningModel.php(119): CodeIgniter\Debug\Exceptions->errorHandler(2, 'Array to string conversion', 'APPPATH\\Models\\WordMeaningModel.php', 119)
 2 APPPATH\Controllers\Meaning.php(134): App\Models\WordMeaningModel->getgroupMeanig([...], [...], [...], 'asc', 'WHERE')
 3 SYSTEMPATH\CodeIgniter.php(907): App\Controllers\Meaning->wordmeaninglist()
 4 SYSTEMPATH\CodeIgniter.php(457): CodeIgniter\CodeIgniter->runController(Object(App\Controllers\Meaning))
 5 SYSTEMPATH\CodeIgniter.php(340): CodeIgniter\CodeIgniter->handleRequest(null, Object(Config\Cache), false)
 6 FCPATH\index.php(68): CodeIgniter\CodeIgniter->run()
CRITICAL - 2023-07-15 18:30:56 --> Array to string conversion
in APPPATH\Models\WordMeaningModel.php on line 119.
 1 APPPATH\Models\WordMeaningModel.php(119): CodeIgniter\Debug\Exceptions->errorHandler(2, 'Array to string conversion', 'APPPATH\\Models\\WordMeaningModel.php', 119)
 2 APPPATH\Controllers\Meaning.php(134): App\Models\WordMeaningModel->getgroupMeanig([...], [...], [...], 'asc', 'WHERE')
 3 SYSTEMPATH\CodeIgniter.php(907): App\Controllers\Meaning->wordmeaninglist()
 4 SYSTEMPATH\CodeIgniter.php(457): CodeIgniter\CodeIgniter->runController(Object(App\Controllers\Meaning))
 5 SYSTEMPATH\CodeIgniter.php(340): CodeIgniter\CodeIgniter->handleRequest(null, Object(Config\Cache), false)
 6 FCPATH\index.php(68): CodeIgniter\CodeIgniter->run()
CRITICAL - 2023-07-15 18:30:57 --> Array to string conversion
in APPPATH\Models\WordMeaningModel.php on line 119.
 1 APPPATH\Models\WordMeaningModel.php(119): CodeIgniter\Debug\Exceptions->errorHandler(2, 'Array to string conversion', 'APPPATH\\Models\\WordMeaningModel.php', 119)
 2 APPPATH\Controllers\Meaning.php(134): App\Models\WordMeaningModel->getgroupMeanig([...], [...], [...], 'asc', 'WHERE')
 3 SYSTEMPATH\CodeIgniter.php(907): App\Controllers\Meaning->wordmeaninglist()
 4 SYSTEMPATH\CodeIgniter.php(457): CodeIgniter\CodeIgniter->runController(Object(App\Controllers\Meaning))
 5 SYSTEMPATH\CodeIgniter.php(340): CodeIgniter\CodeIgniter->handleRequest(null, Object(Config\Cache), false)
 6 FCPATH\index.php(68): CodeIgniter\CodeIgniter->run()
CRITICAL - 2023-07-15 18:53:45 --> Only variables should be passed by reference
in APPPATH\Controllers\Meaning.php on line 134.
 1 APPPATH\Controllers\Meaning.php(134): CodeIgniter\Debug\Exceptions->errorHandler(8, 'Only variables should be passed by reference', 'APPPATH\\Controllers\\Meaning.php', 134)
 2 SYSTEMPATH\CodeIgniter.php(907): App\Controllers\Meaning->wordmeaninglist()
 3 SYSTEMPATH\CodeIgniter.php(457): CodeIgniter\CodeIgniter->runController(Object(App\Controllers\Meaning))
 4 SYSTEMPATH\CodeIgniter.php(340): CodeIgniter\CodeIgniter->handleRequest(null, Object(Config\Cache), false)
 5 FCPATH\index.php(68): CodeIgniter\CodeIgniter->run()
