CRITICAL - 2022-10-07 11:30:31 --> Undefined variable $validation
in APPPATH\Views\login\login.php on line 13.
 1 APPPATH\Views\login\login.php(13): CodeIgniter\Debug\Exceptions->errorHandler(2, 'Undefined variable $validation', 'APPPATH\\Views\\login\\login.php', 13)
 2 SYSTEMPATH\View\View.php(213): include('APPPATH\\Views\\login\\login.php')
 3 SYSTEMPATH\View\View.php(216): CodeIgniter\View\View->CodeIgniter\View\{closure}()
 4 SYSTEMPATH\Common.php(1142): CodeIgniter\View\View->render('login/login', [], true)
 5 APPPATH\Controllers\Home.php(20): view('login/login')
 6 SYSTEMPATH\CodeIgniter.php(907): App\Controllers\Home->index()
 7 SYSTEMPATH\CodeIgniter.php(457): CodeIgniter\CodeIgniter->runController(Object(App\Controllers\Home))
 8 SYSTEMPATH\CodeIgniter.php(340): CodeIgniter\CodeIgniter->handleRequest(null, Object(Config\Cache), false)
 9 FCPATH\index.php(67): CodeIgniter\CodeIgniter->run()
CRITICAL - 2022-10-07 12:08:42 --> Undefined property: Config\App::$indexPage
in SYSTEMPATH\Helpers\url_helper.php on line 51.
 1 SYSTEMPATH\Helpers\url_helper.php(51): CodeIgniter\Debug\Exceptions->errorHandler(2, 'Undefined property: Config\\App::$indexPage', 'SYSTEMPATH\\Helpers\\url_helper.php', 51)
 2 SYSTEMPATH\Helpers\url_helper.php(133): _get_uri('/login')
 3 SYSTEMPATH\Debug\Toolbar.php(81): current_url()
 4 SYSTEMPATH\Debug\Toolbar.php(376): CodeIgniter\Debug\Toolbar->run(1665162522.503699, 0.0397, Object(CodeIgniter\HTTP\IncomingRequest), Object(CodeIgniter\HTTP\Response))
 5 SYSTEMPATH\Filters\DebugToolbar.php(40): CodeIgniter\Debug\Toolbar->prepare(Object(CodeIgniter\HTTP\IncomingRequest), Object(CodeIgniter\HTTP\Response))
 6 SYSTEMPATH\Filters\Filters.php(196): CodeIgniter\Filters\DebugToolbar->after(Object(CodeIgniter\HTTP\IncomingRequest), Object(CodeIgniter\HTTP\Response), null)
 7 SYSTEMPATH\CodeIgniter.php(477): CodeIgniter\Filters\Filters->run('/login', 'after')
 8 SYSTEMPATH\CodeIgniter.php(340): CodeIgniter\CodeIgniter->handleRequest(null, Object(Config\Cache), false)
 9 FCPATH\index.php(68): CodeIgniter\CodeIgniter->run()
CRITICAL - 2022-10-07 12:08:43 --> Undefined property: Config\App::$indexPage
in SYSTEMPATH\Helpers\url_helper.php on line 51.
 1 SYSTEMPATH\Helpers\url_helper.php(51): CodeIgniter\Debug\Exceptions->errorHandler(2, 'Undefined property: Config\\App::$indexPage', 'SYSTEMPATH\\Helpers\\url_helper.php', 51)
 2 SYSTEMPATH\Helpers\url_helper.php(133): _get_uri('/login')
 3 SYSTEMPATH\Debug\Toolbar.php(81): current_url()
 4 SYSTEMPATH\Debug\Toolbar.php(376): CodeIgniter\Debug\Toolbar->run(1665162523.487374, 0.0361, Object(CodeIgniter\HTTP\IncomingRequest), Object(CodeIgniter\HTTP\Response))
 5 SYSTEMPATH\Filters\DebugToolbar.php(40): CodeIgniter\Debug\Toolbar->prepare(Object(CodeIgniter\HTTP\IncomingRequest), Object(CodeIgniter\HTTP\Response))
 6 SYSTEMPATH\Filters\Filters.php(196): CodeIgniter\Filters\DebugToolbar->after(Object(CodeIgniter\HTTP\IncomingRequest), Object(CodeIgniter\HTTP\Response), null)
 7 SYSTEMPATH\CodeIgniter.php(477): CodeIgniter\Filters\Filters->run('/login', 'after')
 8 SYSTEMPATH\CodeIgniter.php(340): CodeIgniter\CodeIgniter->handleRequest(null, Object(Config\Cache), false)
 9 FCPATH\index.php(68): CodeIgniter\CodeIgniter->run()
CRITICAL - 2022-10-07 12:08:48 --> Undefined property: Config\App::$indexPage
in SYSTEMPATH\Helpers\url_helper.php on line 51.
 1 SYSTEMPATH\Helpers\url_helper.php(51): CodeIgniter\Debug\Exceptions->errorHandler(2, 'Undefined property: Config\\App::$indexPage', 'SYSTEMPATH\\Helpers\\url_helper.php', 51)
 2 SYSTEMPATH\Helpers\url_helper.php(133): _get_uri('/login')
 3 SYSTEMPATH\Debug\Toolbar.php(81): current_url()
 4 SYSTEMPATH\Debug\Toolbar.php(376): CodeIgniter\Debug\Toolbar->run(1665162527.970109, 0.0329, Object(CodeIgniter\HTTP\IncomingRequest), Object(CodeIgniter\HTTP\Response))
 5 SYSTEMPATH\Filters\DebugToolbar.php(40): CodeIgniter\Debug\Toolbar->prepare(Object(CodeIgniter\HTTP\IncomingRequest), Object(CodeIgniter\HTTP\Response))
 6 SYSTEMPATH\Filters\Filters.php(196): CodeIgniter\Filters\DebugToolbar->after(Object(CodeIgniter\HTTP\IncomingRequest), Object(CodeIgniter\HTTP\Response), null)
 7 SYSTEMPATH\CodeIgniter.php(477): CodeIgniter\Filters\Filters->run('/login', 'after')
 8 SYSTEMPATH\CodeIgniter.php(340): CodeIgniter\CodeIgniter->handleRequest(null, Object(Config\Cache), false)
 9 FCPATH\index.php(68): CodeIgniter\CodeIgniter->run()
CRITICAL - 2022-10-07 16:34:53 --> Call to undefined function display_error()
in APPPATH\Views\login\login.php on line 18.
 1 SYSTEMPATH\View\View.php(213): include()
 2 SYSTEMPATH\View\View.php(216): CodeIgniter\View\View->CodeIgniter\View\{closure}()
 3 SYSTEMPATH\Common.php(1142): CodeIgniter\View\View->render('login/login', [], true)
 4 APPPATH\Controllers\User.php(38): view('login/login', [...])
 5 SYSTEMPATH\CodeIgniter.php(907): App\Controllers\User->index()
 6 SYSTEMPATH\CodeIgniter.php(457): CodeIgniter\CodeIgniter->runController(Object(App\Controllers\User))
 7 SYSTEMPATH\CodeIgniter.php(340): CodeIgniter\CodeIgniter->handleRequest(null, Object(Config\Cache), false)
 8 FCPATH\index.php(68): CodeIgniter\CodeIgniter->run()
CRITICAL - 2022-10-07 19:55:20 --> Call to undefined function display_error()
in APPPATH\Views\login\login.php on line 18.
 1 SYSTEMPATH\View\View.php(213): include()
 2 SYSTEMPATH\View\View.php(216): CodeIgniter\View\View->CodeIgniter\View\{closure}()
 3 SYSTEMPATH\Common.php(1142): CodeIgniter\View\View->render('login/login', [], true)
 4 APPPATH\Controllers\User.php(33): view('login/login', [...])
 5 SYSTEMPATH\CodeIgniter.php(907): App\Controllers\User->index()
 6 SYSTEMPATH\CodeIgniter.php(457): CodeIgniter\CodeIgniter->runController(Object(App\Controllers\User))
 7 SYSTEMPATH\CodeIgniter.php(340): CodeIgniter\CodeIgniter->handleRequest(null, Object(Config\Cache), false)
 8 FCPATH\index.php(68): CodeIgniter\CodeIgniter->run()
CRITICAL - 2022-10-07 21:26:05 --> syntax error, unexpected token "echo"
in APPPATH\Views\default.php on line 225.
 1 SYSTEMPATH\View\View.php(216): CodeIgniter\View\View->CodeIgniter\View\{closure}()
 2 SYSTEMPATH\Common.php(1142): CodeIgniter\View\View->render('default', [], true)
 3 APPPATH\Controllers\User.php(32): view('default', [...])
 4 SYSTEMPATH\CodeIgniter.php(907): App\Controllers\User->index()
 5 SYSTEMPATH\CodeIgniter.php(457): CodeIgniter\CodeIgniter->runController(Object(App\Controllers\User))
 6 SYSTEMPATH\CodeIgniter.php(340): CodeIgniter\CodeIgniter->handleRequest(null, Object(Config\Cache), false)
 7 FCPATH\index.php(68): CodeIgniter\CodeIgniter->run()
CRITICAL - 2022-10-07 21:34:40 --> Undefined variable $output
in APPPATH\Views\default.php on line 226.
 1 APPPATH\Views\default.php(226): CodeIgniter\Debug\Exceptions->errorHandler(2, 'Undefined variable $output', 'APPPATH\\Views\\default.php', 226)
 2 SYSTEMPATH\View\View.php(213): include('APPPATH\\Views\\default.php')
 3 SYSTEMPATH\View\View.php(216): CodeIgniter\View\View->CodeIgniter\View\{closure}()
 4 SYSTEMPATH\Common.php(1142): CodeIgniter\View\View->render('default', [], true)
 5 APPPATH\Controllers\User.php(32): view('default', [...])
 6 SYSTEMPATH\CodeIgniter.php(907): App\Controllers\User->index()
 7 SYSTEMPATH\CodeIgniter.php(457): CodeIgniter\CodeIgniter->runController(Object(App\Controllers\User))
 8 SYSTEMPATH\CodeIgniter.php(340): CodeIgniter\CodeIgniter->handleRequest(null, Object(Config\Cache), false)
 9 FCPATH\index.php(68): CodeIgniter\CodeIgniter->run()
CRITICAL - 2022-10-07 21:35:27 --> Undefined variable $output
in APPPATH\Views\default.php on line 226.
 1 APPPATH\Views\default.php(226): CodeIgniter\Debug\Exceptions->errorHandler(2, 'Undefined variable $output', 'APPPATH\\Views\\default.php', 226)
 2 SYSTEMPATH\View\View.php(213): include('APPPATH\\Views\\default.php')
 3 SYSTEMPATH\View\View.php(216): CodeIgniter\View\View->CodeIgniter\View\{closure}()
 4 SYSTEMPATH\Common.php(1142): CodeIgniter\View\View->render('default', [], true)
 5 APPPATH\Controllers\User.php(32): view('default', [...])
 6 SYSTEMPATH\CodeIgniter.php(907): App\Controllers\User->index()
 7 SYSTEMPATH\CodeIgniter.php(457): CodeIgniter\CodeIgniter->runController(Object(App\Controllers\User))
 8 SYSTEMPATH\CodeIgniter.php(340): CodeIgniter\CodeIgniter->handleRequest(null, Object(Config\Cache), false)
 9 FCPATH\index.php(68): CodeIgniter\CodeIgniter->run()
CRITICAL - 2022-10-07 21:35:45 --> Undefined variable $output
in APPPATH\Views\default.php on line 226.
 1 APPPATH\Views\default.php(226): CodeIgniter\Debug\Exceptions->errorHandler(2, 'Undefined variable $output', 'APPPATH\\Views\\default.php', 226)
 2 SYSTEMPATH\View\View.php(213): include('APPPATH\\Views\\default.php')
 3 SYSTEMPATH\View\View.php(216): CodeIgniter\View\View->CodeIgniter\View\{closure}()
 4 SYSTEMPATH\Common.php(1142): CodeIgniter\View\View->render('default', [], true)
 5 APPPATH\Controllers\User.php(32): view('default', [...])
 6 SYSTEMPATH\CodeIgniter.php(907): App\Controllers\User->index()
 7 SYSTEMPATH\CodeIgniter.php(457): CodeIgniter\CodeIgniter->runController(Object(App\Controllers\User))
 8 SYSTEMPATH\CodeIgniter.php(340): CodeIgniter\CodeIgniter->handleRequest(null, Object(Config\Cache), false)
 9 FCPATH\index.php(68): CodeIgniter\CodeIgniter->run()
CRITICAL - 2022-10-07 21:35:45 --> Undefined variable $output
in APPPATH\Views\default.php on line 226.
 1 APPPATH\Views\default.php(226): CodeIgniter\Debug\Exceptions->errorHandler(2, 'Undefined variable $output', 'APPPATH\\Views\\default.php', 226)
 2 SYSTEMPATH\View\View.php(213): include('APPPATH\\Views\\default.php')
 3 SYSTEMPATH\View\View.php(216): CodeIgniter\View\View->CodeIgniter\View\{closure}()
 4 SYSTEMPATH\Common.php(1142): CodeIgniter\View\View->render('default', [], true)
 5 APPPATH\Controllers\User.php(32): view('default', [...])
 6 SYSTEMPATH\CodeIgniter.php(907): App\Controllers\User->index()
 7 SYSTEMPATH\CodeIgniter.php(457): CodeIgniter\CodeIgniter->runController(Object(App\Controllers\User))
 8 SYSTEMPATH\CodeIgniter.php(340): CodeIgniter\CodeIgniter->handleRequest(null, Object(Config\Cache), false)
 9 FCPATH\index.php(68): CodeIgniter\CodeIgniter->run()
CRITICAL - 2022-10-07 21:36:08 --> Undefined property: CodeIgniter\HTTP\IncomingRequest::$getpost
in APPPATH\Controllers\User.php on line 23.
 1 APPPATH\Controllers\User.php(23): CodeIgniter\Debug\Exceptions->errorHandler(2, 'Undefined property: CodeIgniter\\HTTP\\IncomingRequest::$getpost', 'APPPATH\\Controllers\\User.php', 23)
 2 SYSTEMPATH\CodeIgniter.php(907): App\Controllers\User->index()
 3 SYSTEMPATH\CodeIgniter.php(457): CodeIgniter\CodeIgniter->runController(Object(App\Controllers\User))
 4 SYSTEMPATH\CodeIgniter.php(340): CodeIgniter\CodeIgniter->handleRequest(null, Object(Config\Cache), false)
 5 FCPATH\index.php(68): CodeIgniter\CodeIgniter->run()
CRITICAL - 2022-10-07 21:37:19 --> Undefined variable $output
in APPPATH\Views\default.php on line 226.
 1 APPPATH\Views\default.php(226): CodeIgniter\Debug\Exceptions->errorHandler(2, 'Undefined variable $output', 'APPPATH\\Views\\default.php', 226)
 2 SYSTEMPATH\View\View.php(213): include('APPPATH\\Views\\default.php')
 3 SYSTEMPATH\View\View.php(216): CodeIgniter\View\View->CodeIgniter\View\{closure}()
 4 SYSTEMPATH\Common.php(1142): CodeIgniter\View\View->render('default', [], true)
 5 APPPATH\Controllers\User.php(30): view('default', [...])
 6 SYSTEMPATH\CodeIgniter.php(907): App\Controllers\User->index()
 7 SYSTEMPATH\CodeIgniter.php(457): CodeIgniter\CodeIgniter->runController(Object(App\Controllers\User))
 8 SYSTEMPATH\CodeIgniter.php(340): CodeIgniter\CodeIgniter->handleRequest(null, Object(Config\Cache), false)
 9 FCPATH\index.php(68): CodeIgniter\CodeIgniter->run()
CRITICAL - 2022-10-07 21:37:21 --> Undefined variable $output
in APPPATH\Views\default.php on line 226.
 1 APPPATH\Views\default.php(226): CodeIgniter\Debug\Exceptions->errorHandler(2, 'Undefined variable $output', 'APPPATH\\Views\\default.php', 226)
 2 SYSTEMPATH\View\View.php(213): include('APPPATH\\Views\\default.php')
 3 SYSTEMPATH\View\View.php(216): CodeIgniter\View\View->CodeIgniter\View\{closure}()
 4 SYSTEMPATH\Common.php(1142): CodeIgniter\View\View->render('default', [], true)
 5 APPPATH\Controllers\User.php(30): view('default', [...])
 6 SYSTEMPATH\CodeIgniter.php(907): App\Controllers\User->index()
 7 SYSTEMPATH\CodeIgniter.php(457): CodeIgniter\CodeIgniter->runController(Object(App\Controllers\User))
 8 SYSTEMPATH\CodeIgniter.php(340): CodeIgniter\CodeIgniter->handleRequest(null, Object(Config\Cache), false)
 9 FCPATH\index.php(68): CodeIgniter\CodeIgniter->run()
CRITICAL - 2022-10-07 21:41:25 --> Undefined property: CodeIgniter\HTTP\IncomingRequest::$getpost
in APPPATH\Controllers\User.php on line 33.
 1 APPPATH\Controllers\User.php(33): CodeIgniter\Debug\Exceptions->errorHandler(2, 'Undefined property: CodeIgniter\\HTTP\\IncomingRequest::$getpost', 'APPPATH\\Controllers\\User.php', 33)
 2 SYSTEMPATH\CodeIgniter.php(907): App\Controllers\User->index()
 3 SYSTEMPATH\CodeIgniter.php(457): CodeIgniter\CodeIgniter->runController(Object(App\Controllers\User))
 4 SYSTEMPATH\CodeIgniter.php(340): CodeIgniter\CodeIgniter->handleRequest(null, Object(Config\Cache), false)
 5 FCPATH\index.php(68): CodeIgniter\CodeIgniter->run()
CRITICAL - 2022-10-07 22:59:09 --> Undefined property: App\Controllers\Home::$session
in APPPATH\Controllers\Home.php on line 14.
 1 APPPATH\Controllers\Home.php(14): CodeIgniter\Debug\Exceptions->errorHandler(2, 'Undefined property: App\\Controllers\\Home::$session', 'APPPATH\\Controllers\\Home.php', 14)
 2 SYSTEMPATH\CodeIgniter.php(907): App\Controllers\Home->index()
 3 SYSTEMPATH\CodeIgniter.php(457): CodeIgniter\CodeIgniter->runController(Object(App\Controllers\Home))
 4 SYSTEMPATH\CodeIgniter.php(340): CodeIgniter\CodeIgniter->handleRequest(null, Object(Config\Cache), false)
 5 FCPATH\index.php(68): CodeIgniter\CodeIgniter->run()
