ERROR - 2023-02-16 09:57:03 --> mysqli_sql_exception: Unknown column 'updated_at' in 'field list' in C:\xampp\htdocs\etkal\system\Database\MySQLi\Connection.php:292
Stack trace:
#0 C:\xampp\htdocs\etkal\system\Database\MySQLi\Connection.php(292): mysqli->query('INSERT INTO `wo...', 0)
#1 C:\xampp\htdocs\etkal\system\Database\BaseConnection.php(693): CodeIgniter\Database\MySQLi\Connection->execute('INSERT INTO `wo...')
#2 C:\xampp\htdocs\etkal\system\Database\BaseConnection.php(620): CodeIgniter\Database\BaseConnection->simpleQuery('INSERT INTO `wo...')
#3 C:\xampp\htdocs\etkal\system\Database\BaseBuilder.php(1916): CodeIgniter\Database\BaseConnection->query('INSERT INTO `wo...', Array, false)
#4 C:\xampp\htdocs\etkal\system\Model.php(279): CodeIgniter\Database\BaseBuilder->insert()
#5 C:\xampp\htdocs\etkal\system\BaseModel.php(738): CodeIgniter\Model->doInsert(Array)
#6 C:\xampp\htdocs\etkal\system\Model.php(667): CodeIgniter\BaseModel->insert(Array, true)
#7 C:\xampp\htdocs\etkal\app\Models\WordDicAbbrivationModel.php(63): CodeIgniter\Model->insert(Array)
#8 C:\xampp\htdocs\etkal\app\Controllers\Meaning.php(213): App\Models\WordDicAbbrivationModel->set_worddicabb(Array)
#9 C:\xampp\htdocs\etkal\app\Controllers\Meaning.php(161): App\Controllers\Meaning->importcsvfile('public/asset/im...', Array)
#10 C:\xampp\htdocs\etkal\system\CodeIgniter.php(907): App\Controllers\Meaning->importdata()
#11 C:\xampp\htdocs\etkal\system\CodeIgniter.php(457): CodeIgniter\CodeIgniter->runController(Object(App\Controllers\Meaning))
#12 C:\xampp\htdocs\etkal\system\CodeIgniter.php(340): CodeIgniter\CodeIgniter->handleRequest(NULL, Object(Config\Cache), false)
#13 C:\xampp\htdocs\etkal\index.php(68): CodeIgniter\CodeIgniter->run()
#14 {main}
CRITICAL - 2023-02-16 09:57:03 --> Unknown column 'updated_at' in 'field list'
in SYSTEMPATH\Database\MySQLi\Connection.php on line 292.
 1 SYSTEMPATH\Database\MySQLi\Connection.php(292): mysqli->query('INSERT INTO `word_dic_abbrivation` (`word_id`, `dictionary_abbrivation_id`, `page_no`, `created_at`, `updated_at`) VALUES (1, 30, \'ገፅ 1 \', \'2023-02-16 09:57:03\', \'2023-02-16 09:57:03\')', 0)
 2 SYSTEMPATH\Database\BaseConnection.php(693): CodeIgniter\Database\MySQLi\Connection->execute('INSERT INTO `word_dic_abbrivation` (`word_id`, `dictionary_abbrivation_id`, `page_no`, `created_at`, `updated_at`) VALUES (1, 30, \'ገፅ 1 \', \'2023-02-16 09:57:03\', \'2023-02-16 09:57:03\')')
 3 SYSTEMPATH\Database\BaseConnection.php(620): CodeIgniter\Database\BaseConnection->simpleQuery('INSERT INTO `word_dic_abbrivation` (`word_id`, `dictionary_abbrivation_id`, `page_no`, `created_at`, `updated_at`) VALUES (1, 30, \'ገፅ 1 \', \'2023-02-16 09:57:03\', \'2023-02-16 09:57:03\')')
 4 SYSTEMPATH\Database\BaseBuilder.php(1916): CodeIgniter\Database\BaseConnection->query('INSERT INTO `word_dic_abbrivation` (`word_id`, `dictionary_abbrivation_id`, `page_no`, `created_at`, `updated_at`) VALUES (:word_id:, :dictionary_abbrivation_id:, :page_no:, :created_at:, :updated_at:)', [...], false)
 5 SYSTEMPATH\Model.php(279): CodeIgniter\Database\BaseBuilder->insert()
 6 SYSTEMPATH\BaseModel.php(738): CodeIgniter\Model->doInsert([...])
 7 SYSTEMPATH\Model.php(667): CodeIgniter\BaseModel->insert([...], true)
 8 APPPATH\Models\WordDicAbbrivationModel.php(63): CodeIgniter\Model->insert([...])
 9 APPPATH\Controllers\Meaning.php(213): App\Models\WordDicAbbrivationModel->set_worddicabb([...])
10 APPPATH\Controllers\Meaning.php(161): App\Controllers\Meaning->importcsvfile('FCPATH\\public\\asset\\import\\1676570223_52b27c01d004a94a18e1.csv', [...])
11 SYSTEMPATH\CodeIgniter.php(907): App\Controllers\Meaning->importdata()
12 SYSTEMPATH\CodeIgniter.php(457): CodeIgniter\CodeIgniter->runController(Object(App\Controllers\Meaning))
13 SYSTEMPATH\CodeIgniter.php(340): CodeIgniter\CodeIgniter->handleRequest(null, Object(Config\Cache), false)
14 FCPATH\index.php(68): CodeIgniter\CodeIgniter->run()
ERROR - 2023-02-16 09:58:42 --> mysqli_sql_exception: Unknown column 'updated_at' in 'field list' in C:\xampp\htdocs\etkal\system\Database\MySQLi\Connection.php:292
Stack trace:
#0 C:\xampp\htdocs\etkal\system\Database\MySQLi\Connection.php(292): mysqli->query('INSERT INTO `wo...', 0)
#1 C:\xampp\htdocs\etkal\system\Database\BaseConnection.php(693): CodeIgniter\Database\MySQLi\Connection->execute('INSERT INTO `wo...')
#2 C:\xampp\htdocs\etkal\system\Database\BaseConnection.php(620): CodeIgniter\Database\BaseConnection->simpleQuery('INSERT INTO `wo...')
#3 C:\xampp\htdocs\etkal\system\Database\BaseBuilder.php(1916): CodeIgniter\Database\BaseConnection->query('INSERT INTO `wo...', Array, false)
#4 C:\xampp\htdocs\etkal\system\Model.php(279): CodeIgniter\Database\BaseBuilder->insert()
#5 C:\xampp\htdocs\etkal\system\BaseModel.php(738): CodeIgniter\Model->doInsert(Array)
#6 C:\xampp\htdocs\etkal\system\Model.php(667): CodeIgniter\BaseModel->insert(Array, true)
#7 C:\xampp\htdocs\etkal\app\Models\WordDicAbbrivationModel.php(63): CodeIgniter\Model->insert(Array)
#8 C:\xampp\htdocs\etkal\app\Controllers\Meaning.php(213): App\Models\WordDicAbbrivationModel->set_worddicabb(Array)
#9 C:\xampp\htdocs\etkal\app\Controllers\Meaning.php(161): App\Controllers\Meaning->importcsvfile('public/asset/im...', Array)
#10 C:\xampp\htdocs\etkal\system\CodeIgniter.php(907): App\Controllers\Meaning->importdata()
#11 C:\xampp\htdocs\etkal\system\CodeIgniter.php(457): CodeIgniter\CodeIgniter->runController(Object(App\Controllers\Meaning))
#12 C:\xampp\htdocs\etkal\system\CodeIgniter.php(340): CodeIgniter\CodeIgniter->handleRequest(NULL, Object(Config\Cache), false)
#13 C:\xampp\htdocs\etkal\index.php(68): CodeIgniter\CodeIgniter->run()
#14 {main}
CRITICAL - 2023-02-16 09:58:42 --> Unknown column 'updated_at' in 'field list'
in SYSTEMPATH\Database\MySQLi\Connection.php on line 292.
 1 SYSTEMPATH\Database\MySQLi\Connection.php(292): mysqli->query('INSERT INTO `word_dic_abbrivation` (`word_id`, `dictionary_abbrivation_id`, `page_no`, `created_at`, `updated_at`) VALUES (1, 30, \'ገፅ 1 \', \'2023-02-16 09:58:42\', \'2023-02-16 09:58:42\')', 0)
 2 SYSTEMPATH\Database\BaseConnection.php(693): CodeIgniter\Database\MySQLi\Connection->execute('INSERT INTO `word_dic_abbrivation` (`word_id`, `dictionary_abbrivation_id`, `page_no`, `created_at`, `updated_at`) VALUES (1, 30, \'ገፅ 1 \', \'2023-02-16 09:58:42\', \'2023-02-16 09:58:42\')')
 3 SYSTEMPATH\Database\BaseConnection.php(620): CodeIgniter\Database\BaseConnection->simpleQuery('INSERT INTO `word_dic_abbrivation` (`word_id`, `dictionary_abbrivation_id`, `page_no`, `created_at`, `updated_at`) VALUES (1, 30, \'ገፅ 1 \', \'2023-02-16 09:58:42\', \'2023-02-16 09:58:42\')')
 4 SYSTEMPATH\Database\BaseBuilder.php(1916): CodeIgniter\Database\BaseConnection->query('INSERT INTO `word_dic_abbrivation` (`word_id`, `dictionary_abbrivation_id`, `page_no`, `created_at`, `updated_at`) VALUES (:word_id:, :dictionary_abbrivation_id:, :page_no:, :created_at:, :updated_at:)', [...], false)
 5 SYSTEMPATH\Model.php(279): CodeIgniter\Database\BaseBuilder->insert()
 6 SYSTEMPATH\BaseModel.php(738): CodeIgniter\Model->doInsert([...])
 7 SYSTEMPATH\Model.php(667): CodeIgniter\BaseModel->insert([...], true)
 8 APPPATH\Models\WordDicAbbrivationModel.php(63): CodeIgniter\Model->insert([...])
 9 APPPATH\Controllers\Meaning.php(213): App\Models\WordDicAbbrivationModel->set_worddicabb([...])
10 APPPATH\Controllers\Meaning.php(161): App\Controllers\Meaning->importcsvfile('FCPATH\\public\\asset\\import\\1676570322_71623604dcfe42adb1fb.csv', [...])
11 SYSTEMPATH\CodeIgniter.php(907): App\Controllers\Meaning->importdata()
12 SYSTEMPATH\CodeIgniter.php(457): CodeIgniter\CodeIgniter->runController(Object(App\Controllers\Meaning))
13 SYSTEMPATH\CodeIgniter.php(340): CodeIgniter\CodeIgniter->handleRequest(null, Object(Config\Cache), false)
14 FCPATH\index.php(68): CodeIgniter\CodeIgniter->run()
ERROR - 2023-02-16 09:59:30 --> mysqli_sql_exception: Duplicate entry '411-34' for key 'word_id_2' in C:\xampp\htdocs\etkal\system\Database\MySQLi\Connection.php:292
Stack trace:
#0 C:\xampp\htdocs\etkal\system\Database\MySQLi\Connection.php(292): mysqli->query('INSERT INTO `wo...', 0)
#1 C:\xampp\htdocs\etkal\system\Database\BaseConnection.php(693): CodeIgniter\Database\MySQLi\Connection->execute('INSERT INTO `wo...')
#2 C:\xampp\htdocs\etkal\system\Database\BaseConnection.php(620): CodeIgniter\Database\BaseConnection->simpleQuery('INSERT INTO `wo...')
#3 C:\xampp\htdocs\etkal\system\Database\BaseBuilder.php(1916): CodeIgniter\Database\BaseConnection->query('INSERT INTO `wo...', Array, false)
#4 C:\xampp\htdocs\etkal\system\Model.php(279): CodeIgniter\Database\BaseBuilder->insert()
#5 C:\xampp\htdocs\etkal\system\BaseModel.php(738): CodeIgniter\Model->doInsert(Array)
#6 C:\xampp\htdocs\etkal\system\Model.php(667): CodeIgniter\BaseModel->insert(Array, true)
#7 C:\xampp\htdocs\etkal\app\Models\WordDicAbbrivationModel.php(63): CodeIgniter\Model->insert(Array)
#8 C:\xampp\htdocs\etkal\app\Controllers\Meaning.php(213): App\Models\WordDicAbbrivationModel->set_worddicabb(Array)
#9 C:\xampp\htdocs\etkal\app\Controllers\Meaning.php(161): App\Controllers\Meaning->importcsvfile('public/asset/im...', Array)
#10 C:\xampp\htdocs\etkal\system\CodeIgniter.php(907): App\Controllers\Meaning->importdata()
#11 C:\xampp\htdocs\etkal\system\CodeIgniter.php(457): CodeIgniter\CodeIgniter->runController(Object(App\Controllers\Meaning))
#12 C:\xampp\htdocs\etkal\system\CodeIgniter.php(340): CodeIgniter\CodeIgniter->handleRequest(NULL, Object(Config\Cache), false)
#13 C:\xampp\htdocs\etkal\index.php(68): CodeIgniter\CodeIgniter->run()
#14 {main}
CRITICAL - 2023-02-16 09:59:30 --> Duplicate entry '411-34' for key 'word_id_2'
in SYSTEMPATH\Database\MySQLi\Connection.php on line 292.
 1 SYSTEMPATH\Database\MySQLi\Connection.php(292): mysqli->query('INSERT INTO `word_dic_abbrivation` (`word_id`, `dictionary_abbrivation_id`, `page_no`) VALUES (411, 34, \'ገጽ 3 \')', 0)
 2 SYSTEMPATH\Database\BaseConnection.php(693): CodeIgniter\Database\MySQLi\Connection->execute('INSERT INTO `word_dic_abbrivation` (`word_id`, `dictionary_abbrivation_id`, `page_no`) VALUES (411, 34, \'ገጽ 3 \')')
 3 SYSTEMPATH\Database\BaseConnection.php(620): CodeIgniter\Database\BaseConnection->simpleQuery('INSERT INTO `word_dic_abbrivation` (`word_id`, `dictionary_abbrivation_id`, `page_no`) VALUES (411, 34, \'ገጽ 3 \')')
 4 SYSTEMPATH\Database\BaseBuilder.php(1916): CodeIgniter\Database\BaseConnection->query('INSERT INTO `word_dic_abbrivation` (`word_id`, `dictionary_abbrivation_id`, `page_no`) VALUES (:word_id:, :dictionary_abbrivation_id:, :page_no:)', [...], false)
 5 SYSTEMPATH\Model.php(279): CodeIgniter\Database\BaseBuilder->insert()
 6 SYSTEMPATH\BaseModel.php(738): CodeIgniter\Model->doInsert([...])
 7 SYSTEMPATH\Model.php(667): CodeIgniter\BaseModel->insert([...], true)
 8 APPPATH\Models\WordDicAbbrivationModel.php(63): CodeIgniter\Model->insert([...])
 9 APPPATH\Controllers\Meaning.php(213): App\Models\WordDicAbbrivationModel->set_worddicabb([...])
10 APPPATH\Controllers\Meaning.php(161): App\Controllers\Meaning->importcsvfile('FCPATH\\public\\asset\\import\\1676570369_40b4ff5a83def42c0b8c.csv', [...])
11 SYSTEMPATH\CodeIgniter.php(907): App\Controllers\Meaning->importdata()
12 SYSTEMPATH\CodeIgniter.php(457): CodeIgniter\CodeIgniter->runController(Object(App\Controllers\Meaning))
13 SYSTEMPATH\CodeIgniter.php(340): CodeIgniter\CodeIgniter->handleRequest(null, Object(Config\Cache), false)
14 FCPATH\index.php(68): CodeIgniter\CodeIgniter->run()
ERROR - 2023-02-16 11:39:33 --> mysqli_sql_exception: Unknown column 'wm.comment_page_no' in 'field list' in C:\xampp\htdocs\etkal\system\Database\MySQLi\Connection.php:292
Stack trace:
#0 C:\xampp\htdocs\etkal\system\Database\MySQLi\Connection.php(292): mysqli->query('SELECT ROW_NUMB...', 0)
#1 C:\xampp\htdocs\etkal\system\Database\BaseConnection.php(693): CodeIgniter\Database\MySQLi\Connection->execute('SELECT ROW_NUMB...')
#2 C:\xampp\htdocs\etkal\system\Database\BaseConnection.php(620): CodeIgniter\Database\BaseConnection->simpleQuery('SELECT ROW_NUMB...')
#3 C:\xampp\htdocs\etkal\system\Database\BaseBuilder.php(1585): CodeIgniter\Database\BaseConnection->query('SELECT ROW_NUMB...', Array, false)
#4 C:\xampp\htdocs\etkal\system\Model.php(772): CodeIgniter\Database\BaseBuilder->get()
#5 C:\xampp\htdocs\etkal\app\Models\WordsModel.php(86): CodeIgniter\Model->__call('get', Array)
#6 C:\xampp\htdocs\etkal\app\Controllers\EditMeaning.php(173): App\Models\WordsModel->getword('1')
#7 C:\xampp\htdocs\etkal\app\Controllers\EditMeaning.php(34): App\Controllers\EditMeaning->edit_page('1', false)
#8 C:\xampp\htdocs\etkal\system\CodeIgniter.php(907): App\Controllers\EditMeaning->edit('1')
#9 C:\xampp\htdocs\etkal\system\CodeIgniter.php(457): CodeIgniter\CodeIgniter->runController(Object(App\Controllers\EditMeaning))
#10 C:\xampp\htdocs\etkal\system\CodeIgniter.php(340): CodeIgniter\CodeIgniter->handleRequest(NULL, Object(Config\Cache), false)
#11 C:\xampp\htdocs\etkal\index.php(68): CodeIgniter\CodeIgniter->run()
#12 {main}
CRITICAL - 2023-02-16 11:39:33 --> Unknown column 'wm.comment_page_no' in 'field list'
in SYSTEMPATH\Database\MySQLi\Connection.php on line 292.
 1 SYSTEMPATH\Database\MySQLi\Connection.php(292): mysqli->query('SELECT ROW_NUMBER() over ( order by words.word_id ASC) AS row_num, `words`.*, `words`.`Language_id` AS `languagefrom_id`, `m`.*, `m`.`language_id` AS `languageto_id`, `m`.`flag` AS `mflag`, `ps`.`abbreviation`, `wm`.`word_meaning_id`, `wm`.`user_id`, `wm`.`dictionary_id`, `wm`.`comment_page_no`, `wm`.`num_like`, `wm`.`num_dislike`, `wm`.`user_report`, `d`.`short_name`
FROM `words`
JOIN `word_meaning` as `wm` ON `words`.`word_id` = `wm`.`word_id`
JOIN `meanings` AS `m` ON `wm`.`meaning_id` = `m`.`meaning_id`
JOIN `dictionary` AS `d` ON `wm`.`dictionary_id` = `d`.`dictionary_id`
LEFT JOIN `parts_of_speechs` AS `ps` ON `m`.`part_of_speech_id` = `ps`.`part_of_speech_id`
WHERE `words`.`word_id` = \'1\'', 0)
 2 SYSTEMPATH\Database\BaseConnection.php(693): CodeIgniter\Database\MySQLi\Connection->execute('SELECT ROW_NUMBER() over ( order by words.word_id ASC) AS row_num, `words`.*, `words`.`Language_id` AS `languagefrom_id`, `m`.*, `m`.`language_id` AS `languageto_id`, `m`.`flag` AS `mflag`, `ps`.`abbreviation`, `wm`.`word_meaning_id`, `wm`.`user_id`, `wm`.`dictionary_id`, `wm`.`comment_page_no`, `wm`.`num_like`, `wm`.`num_dislike`, `wm`.`user_report`, `d`.`short_name`
FROM `words`
JOIN `word_meaning` as `wm` ON `words`.`word_id` = `wm`.`word_id`
JOIN `meanings` AS `m` ON `wm`.`meaning_id` = `m`.`meaning_id`
JOIN `dictionary` AS `d` ON `wm`.`dictionary_id` = `d`.`dictionary_id`
LEFT JOIN `parts_of_speechs` AS `ps` ON `m`.`part_of_speech_id` = `ps`.`part_of_speech_id`
WHERE `words`.`word_id` = \'1\'')
 3 SYSTEMPATH\Database\BaseConnection.php(620): CodeIgniter\Database\BaseConnection->simpleQuery('SELECT ROW_NUMBER() over ( order by words.word_id ASC) AS row_num, `words`.*, `words`.`Language_id` AS `languagefrom_id`, `m`.*, `m`.`language_id` AS `languageto_id`, `m`.`flag` AS `mflag`, `ps`.`abbreviation`, `wm`.`word_meaning_id`, `wm`.`user_id`, `wm`.`dictionary_id`, `wm`.`comment_page_no`, `wm`.`num_like`, `wm`.`num_dislike`, `wm`.`user_report`, `d`.`short_name`
FROM `words`
JOIN `word_meaning` as `wm` ON `words`.`word_id` = `wm`.`word_id`
JOIN `meanings` AS `m` ON `wm`.`meaning_id` = `m`.`meaning_id`
JOIN `dictionary` AS `d` ON `wm`.`dictionary_id` = `d`.`dictionary_id`
LEFT JOIN `parts_of_speechs` AS `ps` ON `m`.`part_of_speech_id` = `ps`.`part_of_speech_id`
WHERE `words`.`word_id` = \'1\'')
 4 SYSTEMPATH\Database\BaseBuilder.php(1585): CodeIgniter\Database\BaseConnection->query('SELECT ROW_NUMBER() over ( order by words.word_id ASC) AS row_num, `words`.*, `words`.`Language_id` AS `languagefrom_id`, `m`.*, `m`.`language_id` AS `languageto_id`, `m`.`flag` AS `mflag`, `ps`.`abbreviation`, `wm`.`word_meaning_id`, `wm`.`user_id`, `wm`.`dictionary_id`, `wm`.`comment_page_no`, `wm`.`num_like`, `wm`.`num_dislike`, `wm`.`user_report`, `d`.`short_name`
FROM `words`
JOIN `word_meaning` as `wm` ON `words`.`word_id` = `wm`.`word_id`
JOIN `meanings` AS `m` ON `wm`.`meaning_id` = `m`.`meaning_id`
JOIN `dictionary` AS `d` ON `wm`.`dictionary_id` = `d`.`dictionary_id`
LEFT JOIN `parts_of_speechs` AS `ps` ON `m`.`part_of_speech_id` = `ps`.`part_of_speech_id`
WHERE `words`.`word_id` = :words.word_id:', [...], false)
 5 SYSTEMPATH\Model.php(772): CodeIgniter\Database\BaseBuilder->get()
 6 APPPATH\Models\WordsModel.php(86): CodeIgniter\Model->__call('get', [])
 7 APPPATH\Controllers\EditMeaning.php(173): App\Models\WordsModel->getword('1')
 8 APPPATH\Controllers\EditMeaning.php(34): App\Controllers\EditMeaning->edit_page('1', false)
 9 SYSTEMPATH\CodeIgniter.php(907): App\Controllers\EditMeaning->edit('1')
10 SYSTEMPATH\CodeIgniter.php(457): CodeIgniter\CodeIgniter->runController(Object(App\Controllers\EditMeaning))
11 SYSTEMPATH\CodeIgniter.php(340): CodeIgniter\CodeIgniter->handleRequest(null, Object(Config\Cache), false)
12 FCPATH\index.php(68): CodeIgniter\CodeIgniter->run()
ERROR - 2023-02-16 12:11:03 --> mysqli_sql_exception: Duplicate entry '414-41' for key 'word_id_2' in C:\xampp\htdocs\etkal\system\Database\MySQLi\Connection.php:292
Stack trace:
#0 C:\xampp\htdocs\etkal\system\Database\MySQLi\Connection.php(292): mysqli->query('INSERT INTO `wo...', 0)
#1 C:\xampp\htdocs\etkal\system\Database\BaseConnection.php(693): CodeIgniter\Database\MySQLi\Connection->execute('INSERT INTO `wo...')
#2 C:\xampp\htdocs\etkal\system\Database\BaseConnection.php(620): CodeIgniter\Database\BaseConnection->simpleQuery('INSERT INTO `wo...')
#3 C:\xampp\htdocs\etkal\system\Database\BaseBuilder.php(1916): CodeIgniter\Database\BaseConnection->query('INSERT INTO `wo...', Array, false)
#4 C:\xampp\htdocs\etkal\system\Model.php(279): CodeIgniter\Database\BaseBuilder->insert()
#5 C:\xampp\htdocs\etkal\system\BaseModel.php(738): CodeIgniter\Model->doInsert(Array)
#6 C:\xampp\htdocs\etkal\system\Model.php(667): CodeIgniter\BaseModel->insert(Array, true)
#7 C:\xampp\htdocs\etkal\app\Models\WordDicAbbrivationModel.php(66): CodeIgniter\Model->insert(Array)
#8 C:\xampp\htdocs\etkal\app\Controllers\Meaning.php(213): App\Models\WordDicAbbrivationModel->set_worddicabb(Array)
#9 C:\xampp\htdocs\etkal\app\Controllers\Meaning.php(164): App\Controllers\Meaning->importcsvfile('public/asset/im...', Array)
#10 C:\xampp\htdocs\etkal\system\CodeIgniter.php(907): App\Controllers\Meaning->importdata()
#11 C:\xampp\htdocs\etkal\system\CodeIgniter.php(457): CodeIgniter\CodeIgniter->runController(Object(App\Controllers\Meaning))
#12 C:\xampp\htdocs\etkal\system\CodeIgniter.php(340): CodeIgniter\CodeIgniter->handleRequest(NULL, Object(Config\Cache), false)
#13 C:\xampp\htdocs\etkal\index.php(68): CodeIgniter\CodeIgniter->run()
#14 {main}
CRITICAL - 2023-02-16 12:11:03 --> Duplicate entry '414-41' for key 'word_id_2'
in SYSTEMPATH\Database\MySQLi\Connection.php on line 292.
 1 SYSTEMPATH\Database\MySQLi\Connection.php(292): mysqli->query('INSERT INTO `word_dic_abbrivation` (`word_id`, `dictionary_abbrivation_id`, `page_no`) VALUES (414, 41, \'ገጽ 3\')', 0)
 2 SYSTEMPATH\Database\BaseConnection.php(693): CodeIgniter\Database\MySQLi\Connection->execute('INSERT INTO `word_dic_abbrivation` (`word_id`, `dictionary_abbrivation_id`, `page_no`) VALUES (414, 41, \'ገጽ 3\')')
 3 SYSTEMPATH\Database\BaseConnection.php(620): CodeIgniter\Database\BaseConnection->simpleQuery('INSERT INTO `word_dic_abbrivation` (`word_id`, `dictionary_abbrivation_id`, `page_no`) VALUES (414, 41, \'ገጽ 3\')')
 4 SYSTEMPATH\Database\BaseBuilder.php(1916): CodeIgniter\Database\BaseConnection->query('INSERT INTO `word_dic_abbrivation` (`word_id`, `dictionary_abbrivation_id`, `page_no`) VALUES (:word_id:, :dictionary_abbrivation_id:, :page_no:)', [...], false)
 5 SYSTEMPATH\Model.php(279): CodeIgniter\Database\BaseBuilder->insert()
 6 SYSTEMPATH\BaseModel.php(738): CodeIgniter\Model->doInsert([...])
 7 SYSTEMPATH\Model.php(667): CodeIgniter\BaseModel->insert([...], true)
 8 APPPATH\Models\WordDicAbbrivationModel.php(66): CodeIgniter\Model->insert([...])
 9 APPPATH\Controllers\Meaning.php(213): App\Models\WordDicAbbrivationModel->set_worddicabb([...])
10 APPPATH\Controllers\Meaning.php(164): App\Controllers\Meaning->importcsvfile('FCPATH\\public\\asset\\import\\1676578262_61ffeb28d4185f16344f.csv', [...])
11 SYSTEMPATH\CodeIgniter.php(907): App\Controllers\Meaning->importdata()
12 SYSTEMPATH\CodeIgniter.php(457): CodeIgniter\CodeIgniter->runController(Object(App\Controllers\Meaning))
13 SYSTEMPATH\CodeIgniter.php(340): CodeIgniter\CodeIgniter->handleRequest(null, Object(Config\Cache), false)
14 FCPATH\index.php(68): CodeIgniter\CodeIgniter->run()
ERROR - 2023-02-16 12:41:24 --> mysqli_sql_exception: You have an error in your SQL syntax; check the manual that corresponds to your MariaDB server version for the right syntax to use near ':0:
AND 1 = :1:
 LIMIT 1' at line 3 in C:\xampp\htdocs\etkal\system\Database\MySQLi\Connection.php:292
Stack trace:
#0 C:\xampp\htdocs\etkal\system\Database\MySQLi\Connection.php(292): mysqli->query('SELECT `word_di...', 0)
#1 C:\xampp\htdocs\etkal\system\Database\BaseConnection.php(693): CodeIgniter\Database\MySQLi\Connection->execute('SELECT `word_di...')
#2 C:\xampp\htdocs\etkal\system\Database\BaseConnection.php(620): CodeIgniter\Database\BaseConnection->simpleQuery('SELECT `word_di...')
#3 C:\xampp\htdocs\etkal\system\Database\BaseBuilder.php(1585): CodeIgniter\Database\BaseConnection->query('SELECT `word_di...', Array, false)
#4 C:\xampp\htdocs\etkal\system\Model.php(250): CodeIgniter\Database\BaseBuilder->get()
#5 C:\xampp\htdocs\etkal\system\BaseModel.php(622): CodeIgniter\Model->doFirst()
#6 C:\xampp\htdocs\etkal\app\Models\WordDicAbbrivationModel.php(52): CodeIgniter\BaseModel->first()
#7 C:\xampp\htdocs\etkal\app\Controllers\Meaning.php(213): App\Models\WordDicAbbrivationModel->set_worddicabb(Array)
#8 C:\xampp\htdocs\etkal\app\Controllers\Meaning.php(164): App\Controllers\Meaning->importcsvfile('public/asset/im...', Array)
#9 C:\xampp\htdocs\etkal\system\CodeIgniter.php(907): App\Controllers\Meaning->importdata()
#10 C:\xampp\htdocs\etkal\system\CodeIgniter.php(457): CodeIgniter\CodeIgniter->runController(Object(App\Controllers\Meaning))
#11 C:\xampp\htdocs\etkal\system\CodeIgniter.php(340): CodeIgniter\CodeIgniter->handleRequest(NULL, Object(Config\Cache), false)
#12 C:\xampp\htdocs\etkal\index.php(68): CodeIgniter\CodeIgniter->run()
#13 {main}
CRITICAL - 2023-02-16 12:41:24 --> You have an error in your SQL syntax; check the manual that corresponds to your MariaDB server version for the right syntax to use near ':0:
AND 1 = :1:
 LIMIT 1' at line 3
in SYSTEMPATH\Database\MySQLi\Connection.php on line 292.
 1 SYSTEMPATH\Database\MySQLi\Connection.php(292): mysqli->query('SELECT `word_dic_abbrivation_id`
FROM `word_dic_abbrivation`
WHERE 0 = :0:
AND 1 = :1:
 LIMIT 1', 0)
 2 SYSTEMPATH\Database\BaseConnection.php(693): CodeIgniter\Database\MySQLi\Connection->execute('SELECT `word_dic_abbrivation_id`
FROM `word_dic_abbrivation`
WHERE 0 = :0:
AND 1 = :1:
 LIMIT 1')
 3 SYSTEMPATH\Database\BaseConnection.php(620): CodeIgniter\Database\BaseConnection->simpleQuery('SELECT `word_dic_abbrivation_id`
FROM `word_dic_abbrivation`
WHERE 0 = :0:
AND 1 = :1:
 LIMIT 1')
 4 SYSTEMPATH\Database\BaseBuilder.php(1585): CodeIgniter\Database\BaseConnection->query('SELECT `word_dic_abbrivation_id`
FROM `word_dic_abbrivation`
WHERE 0 = :0:
AND 1 = :1:
 LIMIT 1', [...], false)
 5 SYSTEMPATH\Model.php(250): CodeIgniter\Database\BaseBuilder->get()
 6 SYSTEMPATH\BaseModel.php(622): CodeIgniter\Model->doFirst()
 7 APPPATH\Models\WordDicAbbrivationModel.php(52): CodeIgniter\BaseModel->first()
 8 APPPATH\Controllers\Meaning.php(213): App\Models\WordDicAbbrivationModel->set_worddicabb([...])
 9 APPPATH\Controllers\Meaning.php(164): App\Controllers\Meaning->importcsvfile('FCPATH\\public\\asset\\import\\1676580084_02a4b914e59c41e8ec3d.csv', [...])
10 SYSTEMPATH\CodeIgniter.php(907): App\Controllers\Meaning->importdata()
11 SYSTEMPATH\CodeIgniter.php(457): CodeIgniter\CodeIgniter->runController(Object(App\Controllers\Meaning))
12 SYSTEMPATH\CodeIgniter.php(340): CodeIgniter\CodeIgniter->handleRequest(null, Object(Config\Cache), false)
13 FCPATH\index.php(68): CodeIgniter\CodeIgniter->run()
CRITICAL - 2023-02-16 18:39:25 --> Undefined array key "word"
in APPPATH\Models\WordMeaningModel.php on line 87.
 1 APPPATH\Models\WordMeaningModel.php(87): CodeIgniter\Debug\Exceptions->errorHandler(2, 'Undefined array key "word"', 'APPPATH\\Models\\WordMeaningModel.php', 87)
 2 APPPATH\Controllers\Meaning.php(210): App\Models\WordMeaningModel->toinsert_word_meaning([...])
 3 APPPATH\Controllers\Meaning.php(164): App\Controllers\Meaning->importcsvfile('FCPATH\\public\\asset\\import\\1676601565_5da9e9e8996438b10701.csv', [...])
 4 SYSTEMPATH\CodeIgniter.php(907): App\Controllers\Meaning->importdata()
 5 SYSTEMPATH\CodeIgniter.php(457): CodeIgniter\CodeIgniter->runController(Object(App\Controllers\Meaning))
 6 SYSTEMPATH\CodeIgniter.php(340): CodeIgniter\CodeIgniter->handleRequest(null, Object(Config\Cache), false)
 7 FCPATH\index.php(68): CodeIgniter\CodeIgniter->run()
