CRITICAL - 2022-12-27 09:58:20 --> Trying to access array offset on value of type null
in APPPATH\Models\WordsModel.php on line 102.
 1 APPPATH\Models\WordsModel.php(102): CodeIgniter\Debug\Exceptions->errorHandler(2, 'Trying to access array offset on value of type null', 'APPPATH\\Models\\WordsModel.php', 102)
 2 APPPATH\Controllers\Meaning.php(190): App\Models\WordsModel->set_insert_word([...])
 3 APPPATH\Controllers\Meaning.php(154): App\Controllers\Meaning->importcsvfile('FCPATH\\public\\asset\\import\\1672163900_fe7019f89cafcb695cef.csv', [...])
 4 SYSTEMPATH\CodeIgniter.php(907): App\Controllers\Meaning->importdata()
 5 SYSTEMPATH\CodeIgniter.php(457): CodeIgniter\CodeIgniter->runController(Object(App\Controllers\Meaning))
 6 SYSTEMPATH\CodeIgniter.php(340): CodeIgniter\CodeIgniter->handleRequest(null, Object(Config\Cache), false)
 7 FCPATH\index.php(68): CodeIgniter\CodeIgniter->run()
CRITICAL - 2022-12-27 12:45:30 --> Trying to access array offset on value of type null
in APPPATH\Models\WordsModel.php on line 102.
 1 APPPATH\Models\WordsModel.php(102): CodeIgniter\Debug\Exceptions->errorHandler(2, 'Trying to access array offset on value of type null', 'APPPATH\\Models\\WordsModel.php', 102)
 2 APPPATH\Controllers\Meaning.php(192): App\Models\WordsModel->set_insert_word([...])
 3 APPPATH\Controllers\Meaning.php(156): App\Controllers\Meaning->importcsvfile('FCPATH\\public\\asset\\import\\1672173930_98399740bfe78539b33f.csv', [...])
 4 SYSTEMPATH\CodeIgniter.php(907): App\Controllers\Meaning->importdata()
 5 SYSTEMPATH\CodeIgniter.php(457): CodeIgniter\CodeIgniter->runController(Object(App\Controllers\Meaning))
 6 SYSTEMPATH\CodeIgniter.php(340): CodeIgniter\CodeIgniter->handleRequest(null, Object(Config\Cache), false)
 7 FCPATH\index.php(68): CodeIgniter\CodeIgniter->run()
CRITICAL - 2022-12-27 17:03:18 --> finfo_file(C:\xampp\tmp\php6C48.tmp): Failed to open stream: No such file or directory
in SYSTEMPATH\Files\File.php on line 114.
 1 [internal function]: CodeIgniter\Debug\Exceptions->errorHandler(2, 'finfo_file(C:\\xampp\\tmp\\php6C48.tmp): Failed to open stream: No such file or directory', 'SYSTEMPATH\\Files\\File.php', 114)
 2 SYSTEMPATH\Files\File.php(114): finfo_file(Object(finfo), 'C:\\xampp\\tmp\\php6C48.tmp')
 3 SYSTEMPATH\HTTP\Files\UploadedFile.php(302): CodeIgniter\Files\File->getMimeType()
 4 SYSTEMPATH\HTTP\Files\UploadedFile.php(291): CodeIgniter\HTTP\Files\UploadedFile->guessExtension()
 5 SYSTEMPATH\Validation\FileRules.php(143): CodeIgniter\HTTP\Files\UploadedFile->getExtension()
 6 SYSTEMPATH\Validation\Validation.php(315): CodeIgniter\Validation\FileRules->is_image('1672189398_8d5a61066b298b746b1d.jpg', [], [...], null)
 7 SYSTEMPATH\Validation\Validation.php(175): CodeIgniter\Validation\Validation->processRules('meaning_image', 'meaning_image', '1672189398_8d5a61066b298b746b1d.jpg', [...], [...])
 8 SYSTEMPATH\BaseModel.php(1350): CodeIgniter\Validation\Validation->run([...], null, null)
 9 SYSTEMPATH\BaseModel.php(707): CodeIgniter\BaseModel->validate([...])
10 SYSTEMPATH\Model.php(667): CodeIgniter\BaseModel->insert([...], true)
11 APPPATH\Models\MeaningsModel.php(71): CodeIgniter\Model->insert()
12 APPPATH\Controllers\Meaning.php(86): App\Models\MeaningsModel->set_insert_meanings([...])
13 SYSTEMPATH\CodeIgniter.php(907): App\Controllers\Meaning->addmeaning()
14 SYSTEMPATH\CodeIgniter.php(457): CodeIgniter\CodeIgniter->runController(Object(App\Controllers\Meaning))
15 SYSTEMPATH\CodeIgniter.php(340): CodeIgniter\CodeIgniter->handleRequest(null, Object(Config\Cache), false)
16 FCPATH\index.php(68): CodeIgniter\CodeIgniter->run()
CRITICAL - 2022-12-27 17:03:34 --> finfo_file(C:\xampp\tmp\phpAC9E.tmp): Failed to open stream: No such file or directory
in SYSTEMPATH\Files\File.php on line 114.
 1 [internal function]: CodeIgniter\Debug\Exceptions->errorHandler(2, 'finfo_file(C:\\xampp\\tmp\\phpAC9E.tmp): Failed to open stream: No such file or directory', 'SYSTEMPATH\\Files\\File.php', 114)
 2 SYSTEMPATH\Files\File.php(114): finfo_file(Object(finfo), 'C:\\xampp\\tmp\\phpAC9E.tmp')
 3 SYSTEMPATH\HTTP\Files\UploadedFile.php(302): CodeIgniter\Files\File->getMimeType()
 4 SYSTEMPATH\HTTP\Files\UploadedFile.php(291): CodeIgniter\HTTP\Files\UploadedFile->guessExtension()
 5 SYSTEMPATH\Validation\FileRules.php(143): CodeIgniter\HTTP\Files\UploadedFile->getExtension()
 6 SYSTEMPATH\Validation\Validation.php(315): CodeIgniter\Validation\FileRules->is_image('1672189414_d1fca2209bb5f49411e2.jpg', [], [...], null)
 7 SYSTEMPATH\Validation\Validation.php(175): CodeIgniter\Validation\Validation->processRules('meaning_image', 'meaning_image', '1672189414_d1fca2209bb5f49411e2.jpg', [...], [...])
 8 SYSTEMPATH\BaseModel.php(1350): CodeIgniter\Validation\Validation->run([...], null, null)
 9 SYSTEMPATH\BaseModel.php(707): CodeIgniter\BaseModel->validate([...])
10 SYSTEMPATH\Model.php(667): CodeIgniter\BaseModel->insert([...], true)
11 APPPATH\Models\MeaningsModel.php(71): CodeIgniter\Model->insert()
12 APPPATH\Controllers\Meaning.php(86): App\Models\MeaningsModel->set_insert_meanings([...])
13 SYSTEMPATH\CodeIgniter.php(907): App\Controllers\Meaning->addmeaning()
14 SYSTEMPATH\CodeIgniter.php(457): CodeIgniter\CodeIgniter->runController(Object(App\Controllers\Meaning))
15 SYSTEMPATH\CodeIgniter.php(340): CodeIgniter\CodeIgniter->handleRequest(null, Object(Config\Cache), false)
16 FCPATH\index.php(68): CodeIgniter\CodeIgniter->run()
CRITICAL - 2022-12-27 17:05:27 --> finfo_file(C:\xampp\tmp\php654B.tmp): Failed to open stream: No such file or directory
in SYSTEMPATH\Files\File.php on line 114.
 1 [internal function]: CodeIgniter\Debug\Exceptions->errorHandler(2, 'finfo_file(C:\\xampp\\tmp\\php654B.tmp): Failed to open stream: No such file or directory', 'SYSTEMPATH\\Files\\File.php', 114)
 2 SYSTEMPATH\Files\File.php(114): finfo_file(Object(finfo), 'C:\\xampp\\tmp\\php654B.tmp')
 3 SYSTEMPATH\HTTP\Files\UploadedFile.php(302): CodeIgniter\Files\File->getMimeType()
 4 SYSTEMPATH\HTTP\Files\UploadedFile.php(291): CodeIgniter\HTTP\Files\UploadedFile->guessExtension()
 5 SYSTEMPATH\Validation\FileRules.php(143): CodeIgniter\HTTP\Files\UploadedFile->getExtension()
 6 SYSTEMPATH\Validation\Validation.php(315): CodeIgniter\Validation\FileRules->is_image('1672189527_4be26b9776e40c04d188.jpg', [], [...], null)
 7 SYSTEMPATH\Validation\Validation.php(175): CodeIgniter\Validation\Validation->processRules('meaning_image', 'meaning_image', '1672189527_4be26b9776e40c04d188.jpg', [...], [...])
 8 SYSTEMPATH\BaseModel.php(1350): CodeIgniter\Validation\Validation->run([...], null, null)
 9 SYSTEMPATH\BaseModel.php(707): CodeIgniter\BaseModel->validate([...])
10 SYSTEMPATH\Model.php(667): CodeIgniter\BaseModel->insert([...], true)
11 APPPATH\Models\MeaningsModel.php(71): CodeIgniter\Model->insert()
12 APPPATH\Controllers\Meaning.php(86): App\Models\MeaningsModel->set_insert_meanings([...])
13 SYSTEMPATH\CodeIgniter.php(907): App\Controllers\Meaning->addmeaning()
14 SYSTEMPATH\CodeIgniter.php(457): CodeIgniter\CodeIgniter->runController(Object(App\Controllers\Meaning))
15 SYSTEMPATH\CodeIgniter.php(340): CodeIgniter\CodeIgniter->handleRequest(null, Object(Config\Cache), false)
16 FCPATH\index.php(68): CodeIgniter\CodeIgniter->run()
CRITICAL - 2022-12-27 17:09:13 --> finfo_file(C:\xampp\tmp\phpD83C.tmp): Failed to open stream: No such file or directory
in SYSTEMPATH\Files\File.php on line 114.
 1 [internal function]: CodeIgniter\Debug\Exceptions->errorHandler(2, 'finfo_file(C:\\xampp\\tmp\\phpD83C.tmp): Failed to open stream: No such file or directory', 'SYSTEMPATH\\Files\\File.php', 114)
 2 SYSTEMPATH\Files\File.php(114): finfo_file(Object(finfo), 'C:\\xampp\\tmp\\phpD83C.tmp')
 3 SYSTEMPATH\HTTP\Files\UploadedFile.php(302): CodeIgniter\Files\File->getMimeType()
 4 SYSTEMPATH\HTTP\Files\UploadedFile.php(291): CodeIgniter\HTTP\Files\UploadedFile->guessExtension()
 5 SYSTEMPATH\Validation\FileRules.php(143): CodeIgniter\HTTP\Files\UploadedFile->getExtension()
 6 SYSTEMPATH\Validation\Validation.php(315): CodeIgniter\Validation\FileRules->is_image('1672189753_d8b4f2980da435a49e97.jpg', [], [...], null)
 7 SYSTEMPATH\Validation\Validation.php(175): CodeIgniter\Validation\Validation->processRules('meaning_image', 'meaning_image', '1672189753_d8b4f2980da435a49e97.jpg', [...], [...])
 8 SYSTEMPATH\BaseModel.php(1350): CodeIgniter\Validation\Validation->run([...], null, null)
 9 SYSTEMPATH\BaseModel.php(707): CodeIgniter\BaseModel->validate([...])
10 SYSTEMPATH\Model.php(667): CodeIgniter\BaseModel->insert([...], true)
11 APPPATH\Models\MeaningsModel.php(71): CodeIgniter\Model->insert()
12 APPPATH\Controllers\Meaning.php(86): App\Models\MeaningsModel->set_insert_meanings([...])
13 SYSTEMPATH\CodeIgniter.php(907): App\Controllers\Meaning->addmeaning()
14 SYSTEMPATH\CodeIgniter.php(457): CodeIgniter\CodeIgniter->runController(Object(App\Controllers\Meaning))
15 SYSTEMPATH\CodeIgniter.php(340): CodeIgniter\CodeIgniter->handleRequest(null, Object(Config\Cache), false)
16 FCPATH\index.php(68): CodeIgniter\CodeIgniter->run()
CRITICAL - 2022-12-27 17:23:26 --> Trying to access array offset on value of type int
in APPPATH\Models\MeaningsModel.php on line 93.
 1 APPPATH\Models\MeaningsModel.php(93): CodeIgniter\Debug\Exceptions->errorHandler(2, 'Trying to access array offset on value of type int', 'APPPATH\\Models\\MeaningsModel.php', 93)
 2 APPPATH\Controllers\Meaning.php(87): App\Models\MeaningsModel->set_insert_meanings([...])
 3 SYSTEMPATH\CodeIgniter.php(907): App\Controllers\Meaning->addmeaning()
 4 SYSTEMPATH\CodeIgniter.php(457): CodeIgniter\CodeIgniter->runController(Object(App\Controllers\Meaning))
 5 SYSTEMPATH\CodeIgniter.php(340): CodeIgniter\CodeIgniter->handleRequest(null, Object(Config\Cache), false)
 6 FCPATH\index.php(68): CodeIgniter\CodeIgniter->run()
CRITICAL - 2022-12-27 17:35:46 --> Trying to access array offset on value of type null
in APPPATH\Models\WordsModel.php on line 102.
 1 APPPATH\Models\WordsModel.php(102): CodeIgniter\Debug\Exceptions->errorHandler(2, 'Trying to access array offset on value of type null', 'APPPATH\\Models\\WordsModel.php', 102)
 2 APPPATH\Controllers\Meaning.php(194): App\Models\WordsModel->set_insert_word([...])
 3 APPPATH\Controllers\Meaning.php(155): App\Controllers\Meaning->importcsvfile('FCPATH\\public\\asset\\import\\1672191346_ae8cc7b556019a496d2b.csv', [...])
 4 SYSTEMPATH\CodeIgniter.php(907): App\Controllers\Meaning->importdata()
 5 SYSTEMPATH\CodeIgniter.php(457): CodeIgniter\CodeIgniter->runController(Object(App\Controllers\Meaning))
 6 SYSTEMPATH\CodeIgniter.php(340): CodeIgniter\CodeIgniter->handleRequest(null, Object(Config\Cache), false)
 7 FCPATH\index.php(68): CodeIgniter\CodeIgniter->run()
CRITICAL - 2022-12-27 17:36:43 --> Trying to access array offset on value of type null
in APPPATH\Models\WordsModel.php on line 102.
 1 APPPATH\Models\WordsModel.php(102): CodeIgniter\Debug\Exceptions->errorHandler(2, 'Trying to access array offset on value of type null', 'APPPATH\\Models\\WordsModel.php', 102)
 2 APPPATH\Controllers\Meaning.php(194): App\Models\WordsModel->set_insert_word([...])
 3 APPPATH\Controllers\Meaning.php(155): App\Controllers\Meaning->importcsvfile('FCPATH\\public\\asset\\import\\1672191403_d7da1e154689be8c4c92.csv', [...])
 4 SYSTEMPATH\CodeIgniter.php(907): App\Controllers\Meaning->importdata()
 5 SYSTEMPATH\CodeIgniter.php(457): CodeIgniter\CodeIgniter->runController(Object(App\Controllers\Meaning))
 6 SYSTEMPATH\CodeIgniter.php(340): CodeIgniter\CodeIgniter->handleRequest(null, Object(Config\Cache), false)
 7 FCPATH\index.php(68): CodeIgniter\CodeIgniter->run()
CRITICAL - 2022-12-27 17:37:20 --> Trying to access array offset on value of type null
in APPPATH\Models\WordsModel.php on line 102.
 1 APPPATH\Models\WordsModel.php(102): CodeIgniter\Debug\Exceptions->errorHandler(2, 'Trying to access array offset on value of type null', 'APPPATH\\Models\\WordsModel.php', 102)
 2 APPPATH\Controllers\Meaning.php(194): App\Models\WordsModel->set_insert_word([...])
 3 APPPATH\Controllers\Meaning.php(155): App\Controllers\Meaning->importcsvfile('FCPATH\\public\\asset\\import\\1672191440_8d032754a1acea08d3a3.csv', [...])
 4 SYSTEMPATH\CodeIgniter.php(907): App\Controllers\Meaning->importdata()
 5 SYSTEMPATH\CodeIgniter.php(457): CodeIgniter\CodeIgniter->runController(Object(App\Controllers\Meaning))
 6 SYSTEMPATH\CodeIgniter.php(340): CodeIgniter\CodeIgniter->handleRequest(null, Object(Config\Cache), false)
 7 FCPATH\index.php(68): CodeIgniter\CodeIgniter->run()
CRITICAL - 2022-12-27 17:38:09 --> Trying to access array offset on value of type null
in APPPATH\Models\WordsModel.php on line 102.
 1 APPPATH\Models\WordsModel.php(102): CodeIgniter\Debug\Exceptions->errorHandler(2, 'Trying to access array offset on value of type null', 'APPPATH\\Models\\WordsModel.php', 102)
 2 APPPATH\Controllers\Meaning.php(194): App\Models\WordsModel->set_insert_word([...])
 3 APPPATH\Controllers\Meaning.php(155): App\Controllers\Meaning->importcsvfile('FCPATH\\public\\asset\\import\\1672191489_6ee5c69437e092f0198e.csv', [...])
 4 SYSTEMPATH\CodeIgniter.php(907): App\Controllers\Meaning->importdata()
 5 SYSTEMPATH\CodeIgniter.php(457): CodeIgniter\CodeIgniter->runController(Object(App\Controllers\Meaning))
 6 SYSTEMPATH\CodeIgniter.php(340): CodeIgniter\CodeIgniter->handleRequest(null, Object(Config\Cache), false)
 7 FCPATH\index.php(68): CodeIgniter\CodeIgniter->run()
CRITICAL - 2022-12-27 17:38:48 --> Trying to access array offset on value of type null
in APPPATH\Models\WordsModel.php on line 104.
 1 APPPATH\Models\WordsModel.php(104): CodeIgniter\Debug\Exceptions->errorHandler(2, 'Trying to access array offset on value of type null', 'APPPATH\\Models\\WordsModel.php', 104)
 2 APPPATH\Controllers\Meaning.php(194): App\Models\WordsModel->set_insert_word([...])
 3 APPPATH\Controllers\Meaning.php(155): App\Controllers\Meaning->importcsvfile('FCPATH\\public\\asset\\import\\1672191528_dcbd9b2a55af1fcb2e51.csv', [...])
 4 SYSTEMPATH\CodeIgniter.php(907): App\Controllers\Meaning->importdata()
 5 SYSTEMPATH\CodeIgniter.php(457): CodeIgniter\CodeIgniter->runController(Object(App\Controllers\Meaning))
 6 SYSTEMPATH\CodeIgniter.php(340): CodeIgniter\CodeIgniter->handleRequest(null, Object(Config\Cache), false)
 7 FCPATH\index.php(68): CodeIgniter\CodeIgniter->run()
CRITICAL - 2022-12-27 23:12:02 --> finfo_file(C:\xampp\tmp\php48.tmp): Failed to open stream: No such file or directory
in SYSTEMPATH\Files\File.php on line 114.
 1 [internal function]: CodeIgniter\Debug\Exceptions->errorHandler(2, 'finfo_file(C:\\xampp\\tmp\\php48.tmp): Failed to open stream: No such file or directory', 'SYSTEMPATH\\Files\\File.php', 114)
 2 SYSTEMPATH\Files\File.php(114): finfo_file(Object(finfo), 'C:\\xampp\\tmp\\php48.tmp')
 3 SYSTEMPATH\HTTP\Files\UploadedFile.php(302): CodeIgniter\Files\File->getMimeType()
 4 SYSTEMPATH\HTTP\Files\UploadedFile.php(291): CodeIgniter\HTTP\Files\UploadedFile->guessExtension()
 5 SYSTEMPATH\Validation\FileRules.php(143): CodeIgniter\HTTP\Files\UploadedFile->getExtension()
 6 SYSTEMPATH\Validation\Validation.php(315): CodeIgniter\Validation\FileRules->is_image('1672211522_e16bb3484b949c595965.jpg', [], [...], null)
 7 SYSTEMPATH\Validation\Validation.php(175): CodeIgniter\Validation\Validation->processRules('meaning_image', 'meaning_image', '1672211522_e16bb3484b949c595965.jpg', [...], [...])
 8 SYSTEMPATH\BaseModel.php(1350): CodeIgniter\Validation\Validation->run([...], null, null)
 9 SYSTEMPATH\BaseModel.php(835): CodeIgniter\BaseModel->validate([...])
10 SYSTEMPATH\Model.php(693): CodeIgniter\BaseModel->update([...], [...])
11 APPPATH\Models\MeaningsModel.php(77): CodeIgniter\Model->update([...], [...])
12 APPPATH\Controllers\Meaning.php(88): App\Models\MeaningsModel->set_insert_meanings([...])
13 SYSTEMPATH\CodeIgniter.php(907): App\Controllers\Meaning->addmeaning()
14 SYSTEMPATH\CodeIgniter.php(457): CodeIgniter\CodeIgniter->runController(Object(App\Controllers\Meaning))
15 SYSTEMPATH\CodeIgniter.php(340): CodeIgniter\CodeIgniter->handleRequest(null, Object(Config\Cache), false)
16 FCPATH\index.php(68): CodeIgniter\CodeIgniter->run()
CRITICAL - 2022-12-27 23:17:28 --> Undefined property: App\Controllers\Meaning::$error_get_last
in APPPATH\Controllers\Meaning.php on line 83.
 1 APPPATH\Controllers\Meaning.php(83): CodeIgniter\Debug\Exceptions->errorHandler(2, 'Undefined property: App\\Controllers\\Meaning::$error_get_last', 'APPPATH\\Controllers\\Meaning.php', 83)
 2 SYSTEMPATH\CodeIgniter.php(907): App\Controllers\Meaning->addmeaning()
 3 SYSTEMPATH\CodeIgniter.php(457): CodeIgniter\CodeIgniter->runController(Object(App\Controllers\Meaning))
 4 SYSTEMPATH\CodeIgniter.php(340): CodeIgniter\CodeIgniter->handleRequest(null, Object(Config\Cache), false)
 5 FCPATH\index.php(68): CodeIgniter\CodeIgniter->run()
CRITICAL - 2022-12-27 23:22:42 --> finfo_file(C:\xampp\tmp\phpC834.tmp): Failed to open stream: No such file or directory
in SYSTEMPATH\Files\File.php on line 114.
 1 [internal function]: CodeIgniter\Debug\Exceptions->errorHandler(2, 'finfo_file(C:\\xampp\\tmp\\phpC834.tmp): Failed to open stream: No such file or directory', 'SYSTEMPATH\\Files\\File.php', 114)
 2 SYSTEMPATH\Files\File.php(114): finfo_file(Object(finfo), 'C:\\xampp\\tmp\\phpC834.tmp')
 3 SYSTEMPATH\HTTP\Files\UploadedFile.php(302): CodeIgniter\Files\File->getMimeType()
 4 SYSTEMPATH\HTTP\Files\UploadedFile.php(291): CodeIgniter\HTTP\Files\UploadedFile->guessExtension()
 5 SYSTEMPATH\Validation\FileRules.php(143): CodeIgniter\HTTP\Files\UploadedFile->getExtension()
 6 SYSTEMPATH\Validation\Validation.php(315): CodeIgniter\Validation\FileRules->is_image('1672212162_6af36b70089c1b6d504f.jpg', [], [...], null)
 7 SYSTEMPATH\Validation\Validation.php(175): CodeIgniter\Validation\Validation->processRules('meaning_image', 'meaning_image', '1672212162_6af36b70089c1b6d504f.jpg', [...], [...])
 8 SYSTEMPATH\BaseModel.php(1350): CodeIgniter\Validation\Validation->run([...], null, null)
 9 SYSTEMPATH\BaseModel.php(835): CodeIgniter\BaseModel->validate([...])
10 SYSTEMPATH\Model.php(693): CodeIgniter\BaseModel->update([...], [...])
11 APPPATH\Models\MeaningsModel.php(77): CodeIgniter\Model->update([...], [...])
12 APPPATH\Controllers\Meaning.php(90): App\Models\MeaningsModel->set_insert_meanings([...])
13 SYSTEMPATH\CodeIgniter.php(907): App\Controllers\Meaning->addmeaning()
14 SYSTEMPATH\CodeIgniter.php(457): CodeIgniter\CodeIgniter->runController(Object(App\Controllers\Meaning))
15 SYSTEMPATH\CodeIgniter.php(340): CodeIgniter\CodeIgniter->handleRequest(null, Object(Config\Cache), false)
16 FCPATH\index.php(68): CodeIgniter\CodeIgniter->run()
CRITICAL - 2022-12-27 23:24:17 --> finfo_file(C:\xampp\tmp\php3C75.tmp): Failed to open stream: No such file or directory
in SYSTEMPATH\Files\File.php on line 114.
 1 [internal function]: CodeIgniter\Debug\Exceptions->errorHandler(2, 'finfo_file(C:\\xampp\\tmp\\php3C75.tmp): Failed to open stream: No such file or directory', 'SYSTEMPATH\\Files\\File.php', 114)
 2 SYSTEMPATH\Files\File.php(114): finfo_file(Object(finfo), 'C:\\xampp\\tmp\\php3C75.tmp')
 3 SYSTEMPATH\HTTP\Files\UploadedFile.php(302): CodeIgniter\Files\File->getMimeType()
 4 SYSTEMPATH\HTTP\Files\UploadedFile.php(291): CodeIgniter\HTTP\Files\UploadedFile->guessExtension()
 5 SYSTEMPATH\Validation\FileRules.php(143): CodeIgniter\HTTP\Files\UploadedFile->getExtension()
 6 SYSTEMPATH\Validation\Validation.php(315): CodeIgniter\Validation\FileRules->is_image('1672212257_7b0849d3a53214162853.jpg', [], [...], null)
 7 SYSTEMPATH\Validation\Validation.php(175): CodeIgniter\Validation\Validation->processRules('meaning_image', 'meaning_image', '1672212257_7b0849d3a53214162853.jpg', [...], [...])
 8 SYSTEMPATH\BaseModel.php(1350): CodeIgniter\Validation\Validation->run([...], null, null)
 9 SYSTEMPATH\BaseModel.php(835): CodeIgniter\BaseModel->validate([...])
10 SYSTEMPATH\Model.php(693): CodeIgniter\BaseModel->update([...], [...])
11 APPPATH\Models\MeaningsModel.php(77): CodeIgniter\Model->update([...], [...])
12 APPPATH\Controllers\Meaning.php(90): App\Models\MeaningsModel->set_insert_meanings([...])
13 SYSTEMPATH\CodeIgniter.php(907): App\Controllers\Meaning->addmeaning()
14 SYSTEMPATH\CodeIgniter.php(457): CodeIgniter\CodeIgniter->runController(Object(App\Controllers\Meaning))
15 SYSTEMPATH\CodeIgniter.php(340): CodeIgniter\CodeIgniter->handleRequest(null, Object(Config\Cache), false)
16 FCPATH\index.php(68): CodeIgniter\CodeIgniter->run()
CRITICAL - 2022-12-27 23:48:27 --> finfo_file(C:\xampp\tmp\php59D7.tmp): Failed to open stream: No such file or directory
in SYSTEMPATH\Files\File.php on line 114.
 1 [internal function]: CodeIgniter\Debug\Exceptions->errorHandler(2, 'finfo_file(C:\\xampp\\tmp\\php59D7.tmp): Failed to open stream: No such file or directory', 'SYSTEMPATH\\Files\\File.php', 114)
 2 SYSTEMPATH\Files\File.php(114): finfo_file(Object(finfo), 'C:\\xampp\\tmp\\php59D7.tmp')
 3 SYSTEMPATH\HTTP\Files\UploadedFile.php(302): CodeIgniter\Files\File->getMimeType()
 4 SYSTEMPATH\HTTP\Files\UploadedFile.php(291): CodeIgniter\HTTP\Files\UploadedFile->guessExtension()
 5 SYSTEMPATH\Validation\FileRules.php(143): CodeIgniter\HTTP\Files\UploadedFile->getExtension()
 6 SYSTEMPATH\Validation\Validation.php(315): CodeIgniter\Validation\FileRules->is_image('1672213707_6f7b1b3b5da94fc26045.jpg', [], [...], null)
 7 SYSTEMPATH\Validation\Validation.php(175): CodeIgniter\Validation\Validation->processRules('meaning_image', 'meaning_image', '1672213707_6f7b1b3b5da94fc26045.jpg', [...], [...])
 8 SYSTEMPATH\BaseModel.php(1350): CodeIgniter\Validation\Validation->run([...], null, null)
 9 SYSTEMPATH\BaseModel.php(835): CodeIgniter\BaseModel->validate([...])
10 SYSTEMPATH\Model.php(693): CodeIgniter\BaseModel->update([...], [...])
11 APPPATH\Models\MeaningsModel.php(77): CodeIgniter\Model->update([...], [...])
12 APPPATH\Controllers\Meaning.php(90): App\Models\MeaningsModel->set_insert_meanings([...])
13 SYSTEMPATH\CodeIgniter.php(907): App\Controllers\Meaning->addmeaning()
14 SYSTEMPATH\CodeIgniter.php(457): CodeIgniter\CodeIgniter->runController(Object(App\Controllers\Meaning))
15 SYSTEMPATH\CodeIgniter.php(340): CodeIgniter\CodeIgniter->handleRequest(null, Object(Config\Cache), false)
16 FCPATH\index.php(68): CodeIgniter\CodeIgniter->run()
CRITICAL - 2022-12-27 23:49:11 --> finfo_file(C:\xampp\tmp\php55A.tmp): Failed to open stream: No such file or directory
in SYSTEMPATH\Files\File.php on line 114.
 1 [internal function]: CodeIgniter\Debug\Exceptions->errorHandler(2, 'finfo_file(C:\\xampp\\tmp\\php55A.tmp): Failed to open stream: No such file or directory', 'SYSTEMPATH\\Files\\File.php', 114)
 2 SYSTEMPATH\Files\File.php(114): finfo_file(Object(finfo), 'C:\\xampp\\tmp\\php55A.tmp')
 3 SYSTEMPATH\HTTP\Files\UploadedFile.php(302): CodeIgniter\Files\File->getMimeType()
 4 SYSTEMPATH\HTTP\Files\UploadedFile.php(291): CodeIgniter\HTTP\Files\UploadedFile->guessExtension()
 5 SYSTEMPATH\Validation\FileRules.php(143): CodeIgniter\HTTP\Files\UploadedFile->getExtension()
 6 SYSTEMPATH\Validation\Validation.php(315): CodeIgniter\Validation\FileRules->is_image('1672213750_2ba1eedca2e9ae570599.jpg', [], [...], null)
 7 SYSTEMPATH\Validation\Validation.php(175): CodeIgniter\Validation\Validation->processRules('meaning_image', 'meaning_image', '1672213750_2ba1eedca2e9ae570599.jpg', [...], [...])
 8 SYSTEMPATH\BaseModel.php(1350): CodeIgniter\Validation\Validation->run([...], null, null)
 9 SYSTEMPATH\BaseModel.php(835): CodeIgniter\BaseModel->validate([...])
10 SYSTEMPATH\Model.php(693): CodeIgniter\BaseModel->update([...], [...])
11 APPPATH\Models\MeaningsModel.php(77): CodeIgniter\Model->update([...], [...])
12 APPPATH\Controllers\Meaning.php(90): App\Models\MeaningsModel->set_insert_meanings([...])
13 SYSTEMPATH\CodeIgniter.php(907): App\Controllers\Meaning->addmeaning()
14 SYSTEMPATH\CodeIgniter.php(457): CodeIgniter\CodeIgniter->runController(Object(App\Controllers\Meaning))
15 SYSTEMPATH\CodeIgniter.php(340): CodeIgniter\CodeIgniter->handleRequest(null, Object(Config\Cache), false)
16 FCPATH\index.php(68): CodeIgniter\CodeIgniter->run()
CRITICAL - 2022-12-27 23:50:50 --> finfo_file(C:\xampp\tmp\php896B.tmp): Failed to open stream: No such file or directory
in SYSTEMPATH\Files\File.php on line 114.
 1 [internal function]: CodeIgniter\Debug\Exceptions->errorHandler(2, 'finfo_file(C:\\xampp\\tmp\\php896B.tmp): Failed to open stream: No such file or directory', 'SYSTEMPATH\\Files\\File.php', 114)
 2 SYSTEMPATH\Files\File.php(114): finfo_file(Object(finfo), 'C:\\xampp\\tmp\\php896B.tmp')
 3 SYSTEMPATH\HTTP\Files\UploadedFile.php(302): CodeIgniter\Files\File->getMimeType()
 4 SYSTEMPATH\HTTP\Files\UploadedFile.php(291): CodeIgniter\HTTP\Files\UploadedFile->guessExtension()
 5 SYSTEMPATH\Validation\FileRules.php(143): CodeIgniter\HTTP\Files\UploadedFile->getExtension()
 6 SYSTEMPATH\Validation\Validation.php(315): CodeIgniter\Validation\FileRules->is_image('1672213850_7dd96f6484933eb66c04.jpg', [], [...], null)
 7 SYSTEMPATH\Validation\Validation.php(175): CodeIgniter\Validation\Validation->processRules('meaning_image', 'meaning_image', '1672213850_7dd96f6484933eb66c04.jpg', [...], [...])
 8 SYSTEMPATH\BaseModel.php(1350): CodeIgniter\Validation\Validation->run([...], null, null)
 9 SYSTEMPATH\BaseModel.php(835): CodeIgniter\BaseModel->validate([...])
10 SYSTEMPATH\Model.php(693): CodeIgniter\BaseModel->update([...], [...])
11 APPPATH\Models\MeaningsModel.php(77): CodeIgniter\Model->update([...], [...])
12 APPPATH\Controllers\Meaning.php(90): App\Models\MeaningsModel->set_insert_meanings([...])
13 SYSTEMPATH\CodeIgniter.php(907): App\Controllers\Meaning->addmeaning()
14 SYSTEMPATH\CodeIgniter.php(457): CodeIgniter\CodeIgniter->runController(Object(App\Controllers\Meaning))
15 SYSTEMPATH\CodeIgniter.php(340): CodeIgniter\CodeIgniter->handleRequest(null, Object(Config\Cache), false)
16 FCPATH\index.php(68): CodeIgniter\CodeIgniter->run()
CRITICAL - 2022-12-27 23:51:30 --> fopen(http://localhost/etkal/public/asset/img/dictionary/index.html): Failed to open stream: HTTP wrapper does not support writeable connections
in SYSTEMPATH\HTTP\Files\UploadedFile.php on line 179.
 1 [internal function]: CodeIgniter\Debug\Exceptions->errorHandler(2, 'fopen(http://localhost/etkal/public/asset/img/dictionary/index.html): Failed to open stream: HTTP wrapper does not support writeable connections', 'SYSTEMPATH\\HTTP\\Files\\UploadedFile.php', 179)
 2 SYSTEMPATH\HTTP\Files\UploadedFile.php(179): fopen('http://localhost/etkal/public/asset/img/dictionary/index.html', 'x+b')
 3 SYSTEMPATH\HTTP\Files\UploadedFile.php(130): CodeIgniter\HTTP\Files\UploadedFile->setPath('http://localhost/etkal/public/asset/img/dictionary/')
 4 APPPATH\Controllers\Meaning.php(83): CodeIgniter\HTTP\Files\UploadedFile->move('http://localhost/etkal/public/asset/img/dictionary/', '1672213890_e68afd75f1b10b5560fa.jpg', true)
 5 SYSTEMPATH\CodeIgniter.php(907): App\Controllers\Meaning->addmeaning()
 6 SYSTEMPATH\CodeIgniter.php(457): CodeIgniter\CodeIgniter->runController(Object(App\Controllers\Meaning))
 7 SYSTEMPATH\CodeIgniter.php(340): CodeIgniter\CodeIgniter->handleRequest(null, Object(Config\Cache), false)
 8 FCPATH\index.php(68): CodeIgniter\CodeIgniter->run()
CRITICAL - 2022-12-27 23:52:45 --> fopen(http://localhost/etkal/public/asset/img/dictionary/index.html): Failed to open stream: HTTP wrapper does not support writeable connections
in SYSTEMPATH\HTTP\Files\UploadedFile.php on line 179.
 1 [internal function]: CodeIgniter\Debug\Exceptions->errorHandler(2, 'fopen(http://localhost/etkal/public/asset/img/dictionary/index.html): Failed to open stream: HTTP wrapper does not support writeable connections', 'SYSTEMPATH\\HTTP\\Files\\UploadedFile.php', 179)
 2 SYSTEMPATH\HTTP\Files\UploadedFile.php(179): fopen('http://localhost/etkal/public/asset/img/dictionary/index.html', 'x+b')
 3 SYSTEMPATH\HTTP\Files\UploadedFile.php(130): CodeIgniter\HTTP\Files\UploadedFile->setPath('http://localhost/etkal/public/asset/img/dictionary/')
 4 APPPATH\Controllers\Meaning.php(83): CodeIgniter\HTTP\Files\UploadedFile->move('http://localhost/etkal/public/asset/img/dictionary/', '1672213965_99a365bc9273a11e0b82.jpg')
 5 SYSTEMPATH\CodeIgniter.php(907): App\Controllers\Meaning->addmeaning()
 6 SYSTEMPATH\CodeIgniter.php(457): CodeIgniter\CodeIgniter->runController(Object(App\Controllers\Meaning))
 7 SYSTEMPATH\CodeIgniter.php(340): CodeIgniter\CodeIgniter->handleRequest(null, Object(Config\Cache), false)
 8 FCPATH\index.php(68): CodeIgniter\CodeIgniter->run()
CRITICAL - 2022-12-27 23:53:30 --> fopen(http://localhost/etkal/public/asset/img/dictionary/1672214010_0b65673ed24419959a0b.jpg/index.html): Failed to open stream: HTTP wrapper does not support writeable connections
in SYSTEMPATH\HTTP\Files\UploadedFile.php on line 179.
 1 [internal function]: CodeIgniter\Debug\Exceptions->errorHandler(2, 'fopen(http://localhost/etkal/public/asset/img/dictionary/1672214010_0b65673ed24419959a0b.jpg/index.html): Failed to open stream: HTTP wrapper does not support writeable connections', 'SYSTEMPATH\\HTTP\\Files\\UploadedFile.php', 179)
 2 SYSTEMPATH\HTTP\Files\UploadedFile.php(179): fopen('http://localhost/etkal/public/asset/img/dictionary/1672214010_0b65673ed24419959a0b.jpg/index.html', 'x+b')
 3 SYSTEMPATH\HTTP\Files\UploadedFile.php(130): CodeIgniter\HTTP\Files\UploadedFile->setPath('http://localhost/etkal/public/asset/img/dictionary/1672214010_0b65673ed24419959a0b.jpg/')
 4 APPPATH\Controllers\Meaning.php(83): CodeIgniter\HTTP\Files\UploadedFile->move('http://localhost/etkal/public/asset/img/dictionary/1672214010_0b65673ed24419959a0b.jpg/', '1672214010_0b65673ed24419959a0b.jpg')
 5 SYSTEMPATH\CodeIgniter.php(907): App\Controllers\Meaning->addmeaning()
 6 SYSTEMPATH\CodeIgniter.php(457): CodeIgniter\CodeIgniter->runController(Object(App\Controllers\Meaning))
 7 SYSTEMPATH\CodeIgniter.php(340): CodeIgniter\CodeIgniter->handleRequest(null, Object(Config\Cache), false)
 8 FCPATH\index.php(68): CodeIgniter\CodeIgniter->run()
CRITICAL - 2022-12-27 23:53:42 --> fopen(http://localhost/etkal/public/asset/img/dictionary/1672214022_9f6d991bc5239bd7df56.jpg/index.html): Failed to open stream: HTTP wrapper does not support writeable connections
in SYSTEMPATH\HTTP\Files\UploadedFile.php on line 179.
 1 [internal function]: CodeIgniter\Debug\Exceptions->errorHandler(2, 'fopen(http://localhost/etkal/public/asset/img/dictionary/1672214022_9f6d991bc5239bd7df56.jpg/index.html): Failed to open stream: HTTP wrapper does not support writeable connections', 'SYSTEMPATH\\HTTP\\Files\\UploadedFile.php', 179)
 2 SYSTEMPATH\HTTP\Files\UploadedFile.php(179): fopen('http://localhost/etkal/public/asset/img/dictionary/1672214022_9f6d991bc5239bd7df56.jpg/index.html', 'x+b')
 3 SYSTEMPATH\HTTP\Files\UploadedFile.php(130): CodeIgniter\HTTP\Files\UploadedFile->setPath('http://localhost/etkal/public/asset/img/dictionary/1672214022_9f6d991bc5239bd7df56.jpg/')
 4 APPPATH\Controllers\Meaning.php(83): CodeIgniter\HTTP\Files\UploadedFile->move('http://localhost/etkal/public/asset/img/dictionary/1672214022_9f6d991bc5239bd7df56.jpg/', '1672214022_9f6d991bc5239bd7df56.jpg')
 5 SYSTEMPATH\CodeIgniter.php(907): App\Controllers\Meaning->addmeaning()
 6 SYSTEMPATH\CodeIgniter.php(457): CodeIgniter\CodeIgniter->runController(Object(App\Controllers\Meaning))
 7 SYSTEMPATH\CodeIgniter.php(340): CodeIgniter\CodeIgniter->handleRequest(null, Object(Config\Cache), false)
 8 FCPATH\index.php(68): CodeIgniter\CodeIgniter->run()
CRITICAL - 2022-12-27 23:55:48 --> fopen(http://localhost/etkal/public/asset/img/dictionary/1672214148_aae44adec82cd9c4a1c7.jpg/index.html): Failed to open stream: HTTP wrapper does not support writeable connections
in SYSTEMPATH\HTTP\Files\UploadedFile.php on line 179.
 1 [internal function]: CodeIgniter\Debug\Exceptions->errorHandler(2, 'fopen(http://localhost/etkal/public/asset/img/dictionary/1672214148_aae44adec82cd9c4a1c7.jpg/index.html): Failed to open stream: HTTP wrapper does not support writeable connections', 'SYSTEMPATH\\HTTP\\Files\\UploadedFile.php', 179)
 2 SYSTEMPATH\HTTP\Files\UploadedFile.php(179): fopen('http://localhost/etkal/public/asset/img/dictionary/1672214148_aae44adec82cd9c4a1c7.jpg/index.html', 'x+b')
 3 SYSTEMPATH\HTTP\Files\UploadedFile.php(130): CodeIgniter\HTTP\Files\UploadedFile->setPath('http://localhost/etkal/public/asset/img/dictionary/1672214148_aae44adec82cd9c4a1c7.jpg/')
 4 APPPATH\Controllers\Meaning.php(83): CodeIgniter\HTTP\Files\UploadedFile->move('http://localhost/etkal/public/asset/img/dictionary/1672214148_aae44adec82cd9c4a1c7.jpg/', '1672214148_aae44adec82cd9c4a1c7.jpg')
 5 SYSTEMPATH\CodeIgniter.php(907): App\Controllers\Meaning->addmeaning()
 6 SYSTEMPATH\CodeIgniter.php(457): CodeIgniter\CodeIgniter->runController(Object(App\Controllers\Meaning))
 7 SYSTEMPATH\CodeIgniter.php(340): CodeIgniter\CodeIgniter->handleRequest(null, Object(Config\Cache), false)
 8 FCPATH\index.php(68): CodeIgniter\CodeIgniter->run()
CRITICAL - 2022-12-27 23:56:29 --> fopen(http://localhost/etkal/public/asset/img/dictionary/index.html): Failed to open stream: HTTP wrapper does not support writeable connections
in SYSTEMPATH\HTTP\Files\UploadedFile.php on line 179.
 1 [internal function]: CodeIgniter\Debug\Exceptions->errorHandler(2, 'fopen(http://localhost/etkal/public/asset/img/dictionary/index.html): Failed to open stream: HTTP wrapper does not support writeable connections', 'SYSTEMPATH\\HTTP\\Files\\UploadedFile.php', 179)
 2 SYSTEMPATH\HTTP\Files\UploadedFile.php(179): fopen('http://localhost/etkal/public/asset/img/dictionary/index.html', 'x+b')
 3 SYSTEMPATH\HTTP\Files\UploadedFile.php(130): CodeIgniter\HTTP\Files\UploadedFile->setPath('http://localhost/etkal/public/asset/img/dictionary/')
 4 APPPATH\Controllers\Meaning.php(83): CodeIgniter\HTTP\Files\UploadedFile->move('http://localhost/etkal/public/asset/img/dictionary/', '1672214189_2985390a75b2570ea669.jpg')
 5 SYSTEMPATH\CodeIgniter.php(907): App\Controllers\Meaning->addmeaning()
 6 SYSTEMPATH\CodeIgniter.php(457): CodeIgniter\CodeIgniter->runController(Object(App\Controllers\Meaning))
 7 SYSTEMPATH\CodeIgniter.php(340): CodeIgniter\CodeIgniter->handleRequest(null, Object(Config\Cache), false)
 8 FCPATH\index.php(68): CodeIgniter\CodeIgniter->run()
