CRITICAL - 2022-12-16 12:49:14 --> Too few arguments to function App\Controllers\Meaning::wordmeaninglist(), 0 passed in C:\xampp\htdocs\etkal\system\CodeIgniter.php on line 907 and exactly 2 expected
in APPPATH\Controllers\Meaning.php on line 122.
 1 SYSTEMPATH\CodeIgniter.php(907): App\Controllers\Meaning->wordmeaninglist()
 2 SYSTEMPATH\CodeIgniter.php(457): CodeIgniter\CodeIgniter->runController(Object(App\Controllers\Meaning))
 3 SYSTEMPATH\CodeIgniter.php(340): CodeIgniter\CodeIgniter->handleRequest(null, Object(Config\Cache), false)
 4 FCPATH\index.php(68): CodeIgniter\CodeIgniter->run()
CRITICAL - 2022-12-16 12:49:43 --> Undefined variable $image
in APPPATH\Views\partials\navbar.php on line 47.
 1 APPPATH\Views\partials\navbar.php(47): CodeIgniter\Debug\Exceptions->errorHandler(2, 'Undefined variable $image', 'APPPATH\\Views\\partials\\navbar.php', 47)
 2 SYSTEMPATH\View\View.php(213): include('APPPATH\\Views\\partials\\navbar.php')
 3 SYSTEMPATH\View\View.php(216): CodeIgniter\View\View->CodeIgniter\View\{closure}()
 4 SYSTEMPATH\View\View.php(429): CodeIgniter\View\View->render('partials/navbar', null, true)
 5 APPPATH\Views\default.php(6): CodeIgniter\View\View->include('partials/navbar')
 6 SYSTEMPATH\View\View.php(213): include('APPPATH\\Views\\default.php')
 7 SYSTEMPATH\View\View.php(216): CodeIgniter\View\View->CodeIgniter\View\{closure}()
 8 SYSTEMPATH\View\View.php(229): CodeIgniter\View\View->render('Views\\default', [], true)
 9 SYSTEMPATH\Common.php(1142): CodeIgniter\View\View->render('dictionary/wordmeaninglist', [], true)
10 APPPATH\Controllers\Meaning.php(136): view('dictionary/wordmeaninglist', [...])
11 SYSTEMPATH\CodeIgniter.php(907): App\Controllers\Meaning->wordmeaninglist()
12 SYSTEMPATH\CodeIgniter.php(457): CodeIgniter\CodeIgniter->runController(Object(App\Controllers\Meaning))
13 SYSTEMPATH\CodeIgniter.php(340): CodeIgniter\CodeIgniter->handleRequest(null, Object(Config\Cache), false)
14 FCPATH\index.php(68): CodeIgniter\CodeIgniter->run()
CRITICAL - 2022-12-16 12:52:32 --> Undefined variable $image
in APPPATH\Views\partials\navbar.php on line 47.
 1 APPPATH\Views\partials\navbar.php(47): CodeIgniter\Debug\Exceptions->errorHandler(2, 'Undefined variable $image', 'APPPATH\\Views\\partials\\navbar.php', 47)
 2 SYSTEMPATH\View\View.php(213): include('APPPATH\\Views\\partials\\navbar.php')
 3 SYSTEMPATH\View\View.php(216): CodeIgniter\View\View->CodeIgniter\View\{closure}()
 4 SYSTEMPATH\View\View.php(429): CodeIgniter\View\View->render('partials/navbar', null, true)
 5 APPPATH\Views\default.php(6): CodeIgniter\View\View->include('partials/navbar')
 6 SYSTEMPATH\View\View.php(213): include('APPPATH\\Views\\default.php')
 7 SYSTEMPATH\View\View.php(216): CodeIgniter\View\View->CodeIgniter\View\{closure}()
 8 SYSTEMPATH\View\View.php(229): CodeIgniter\View\View->render('Views\\default', [], true)
 9 SYSTEMPATH\Common.php(1142): CodeIgniter\View\View->render('dictionary/wordmeaninglist', [], true)
10 APPPATH\Controllers\Meaning.php(137): view('dictionary/wordmeaninglist', [...])
11 SYSTEMPATH\CodeIgniter.php(907): App\Controllers\Meaning->wordmeaninglist()
12 SYSTEMPATH\CodeIgniter.php(457): CodeIgniter\CodeIgniter->runController(Object(App\Controllers\Meaning))
13 SYSTEMPATH\CodeIgniter.php(340): CodeIgniter\CodeIgniter->handleRequest(null, Object(Config\Cache), false)
14 FCPATH\index.php(68): CodeIgniter\CodeIgniter->run()
CRITICAL - 2022-12-16 12:52:32 --> Undefined variable $image
in APPPATH\Views\partials\navbar.php on line 47.
 1 APPPATH\Views\partials\navbar.php(47): CodeIgniter\Debug\Exceptions->errorHandler(2, 'Undefined variable $image', 'APPPATH\\Views\\partials\\navbar.php', 47)
 2 SYSTEMPATH\View\View.php(213): include('APPPATH\\Views\\partials\\navbar.php')
 3 SYSTEMPATH\View\View.php(216): CodeIgniter\View\View->CodeIgniter\View\{closure}()
 4 SYSTEMPATH\View\View.php(429): CodeIgniter\View\View->render('partials/navbar', null, true)
 5 APPPATH\Views\default.php(6): CodeIgniter\View\View->include('partials/navbar')
 6 SYSTEMPATH\View\View.php(213): include('APPPATH\\Views\\default.php')
 7 SYSTEMPATH\View\View.php(216): CodeIgniter\View\View->CodeIgniter\View\{closure}()
 8 SYSTEMPATH\View\View.php(229): CodeIgniter\View\View->render('Views\\default', [], true)
 9 SYSTEMPATH\Common.php(1142): CodeIgniter\View\View->render('dictionary/wordmeaninglist', [], true)
10 APPPATH\Controllers\Meaning.php(137): view('dictionary/wordmeaninglist', [...])
11 SYSTEMPATH\CodeIgniter.php(907): App\Controllers\Meaning->wordmeaninglist()
12 SYSTEMPATH\CodeIgniter.php(457): CodeIgniter\CodeIgniter->runController(Object(App\Controllers\Meaning))
13 SYSTEMPATH\CodeIgniter.php(340): CodeIgniter\CodeIgniter->handleRequest(null, Object(Config\Cache), false)
14 FCPATH\index.php(68): CodeIgniter\CodeIgniter->run()
CRITICAL - 2022-12-16 12:52:33 --> Undefined variable $image
in APPPATH\Views\partials\navbar.php on line 47.
 1 APPPATH\Views\partials\navbar.php(47): CodeIgniter\Debug\Exceptions->errorHandler(2, 'Undefined variable $image', 'APPPATH\\Views\\partials\\navbar.php', 47)
 2 SYSTEMPATH\View\View.php(213): include('APPPATH\\Views\\partials\\navbar.php')
 3 SYSTEMPATH\View\View.php(216): CodeIgniter\View\View->CodeIgniter\View\{closure}()
 4 SYSTEMPATH\View\View.php(429): CodeIgniter\View\View->render('partials/navbar', null, true)
 5 APPPATH\Views\default.php(6): CodeIgniter\View\View->include('partials/navbar')
 6 SYSTEMPATH\View\View.php(213): include('APPPATH\\Views\\default.php')
 7 SYSTEMPATH\View\View.php(216): CodeIgniter\View\View->CodeIgniter\View\{closure}()
 8 SYSTEMPATH\View\View.php(229): CodeIgniter\View\View->render('Views\\default', [], true)
 9 SYSTEMPATH\Common.php(1142): CodeIgniter\View\View->render('dictionary/wordmeaninglist', [], true)
10 APPPATH\Controllers\Meaning.php(137): view('dictionary/wordmeaninglist', [...])
11 SYSTEMPATH\CodeIgniter.php(907): App\Controllers\Meaning->wordmeaninglist()
12 SYSTEMPATH\CodeIgniter.php(457): CodeIgniter\CodeIgniter->runController(Object(App\Controllers\Meaning))
13 SYSTEMPATH\CodeIgniter.php(340): CodeIgniter\CodeIgniter->handleRequest(null, Object(Config\Cache), false)
14 FCPATH\index.php(68): CodeIgniter\CodeIgniter->run()
CRITICAL - 2022-12-16 12:56:00 --> Undefined variable $image
in APPPATH\Views\partials\navbar.php on line 47.
 1 APPPATH\Views\partials\navbar.php(47): CodeIgniter\Debug\Exceptions->errorHandler(2, 'Undefined variable $image', 'APPPATH\\Views\\partials\\navbar.php', 47)
 2 SYSTEMPATH\View\View.php(213): include('APPPATH\\Views\\partials\\navbar.php')
 3 SYSTEMPATH\View\View.php(216): CodeIgniter\View\View->CodeIgniter\View\{closure}()
 4 SYSTEMPATH\View\View.php(429): CodeIgniter\View\View->render('partials/navbar', null, true)
 5 APPPATH\Views\default.php(6): CodeIgniter\View\View->include('partials/navbar')
 6 SYSTEMPATH\View\View.php(213): include('APPPATH\\Views\\default.php')
 7 SYSTEMPATH\View\View.php(216): CodeIgniter\View\View->CodeIgniter\View\{closure}()
 8 SYSTEMPATH\View\View.php(229): CodeIgniter\View\View->render('Views\\default', [], true)
 9 SYSTEMPATH\Common.php(1142): CodeIgniter\View\View->render('dictionary/wordmeaninglist', [], true)
10 APPPATH\Controllers\Meaning.php(137): view('dictionary/wordmeaninglist', [...])
11 SYSTEMPATH\CodeIgniter.php(907): App\Controllers\Meaning->wordmeaninglist()
12 SYSTEMPATH\CodeIgniter.php(457): CodeIgniter\CodeIgniter->runController(Object(App\Controllers\Meaning))
13 SYSTEMPATH\CodeIgniter.php(340): CodeIgniter\CodeIgniter->handleRequest(null, Object(Config\Cache), false)
14 FCPATH\index.php(68): CodeIgniter\CodeIgniter->run()
CRITICAL - 2022-12-16 19:03:21 --> Undefined variable $row
in APPPATH\Views\partials\sidebar.php on line 33.
 1 APPPATH\Views\partials\sidebar.php(33): CodeIgniter\Debug\Exceptions->errorHandler(2, 'Undefined variable $row', 'APPPATH\\Views\\partials\\sidebar.php', 33)
 2 SYSTEMPATH\View\View.php(213): include('APPPATH\\Views\\partials\\sidebar.php')
 3 SYSTEMPATH\View\View.php(216): CodeIgniter\View\View->CodeIgniter\View\{closure}()
 4 SYSTEMPATH\View\View.php(429): CodeIgniter\View\View->render('partials/sidebar', null, true)
 5 APPPATH\Views\default.php(17): CodeIgniter\View\View->include('partials/sidebar')
 6 SYSTEMPATH\View\View.php(213): include('APPPATH\\Views\\default.php')
 7 SYSTEMPATH\View\View.php(216): CodeIgniter\View\View->CodeIgniter\View\{closure}()
 8 SYSTEMPATH\View\View.php(229): CodeIgniter\View\View->render('default', [], true)
 9 SYSTEMPATH\Common.php(1142): CodeIgniter\View\View->render('adminDashbord', [], true)
10 APPPATH\Controllers\Home.php(25): view('adminDashbord', [...])
11 SYSTEMPATH\CodeIgniter.php(907): App\Controllers\Home->index()
12 SYSTEMPATH\CodeIgniter.php(457): CodeIgniter\CodeIgniter->runController(Object(App\Controllers\Home))
13 SYSTEMPATH\CodeIgniter.php(340): CodeIgniter\CodeIgniter->handleRequest(null, Object(Config\Cache), false)
14 FCPATH\index.php(68): CodeIgniter\CodeIgniter->run()
CRITICAL - 2022-12-16 19:03:37 --> Undefined variable $isactiv
in APPPATH\Views\partials\sidebar.php on line 33.
 1 APPPATH\Views\partials\sidebar.php(33): CodeIgniter\Debug\Exceptions->errorHandler(2, 'Undefined variable $isactiv', 'APPPATH\\Views\\partials\\sidebar.php', 33)
 2 SYSTEMPATH\View\View.php(213): include('APPPATH\\Views\\partials\\sidebar.php')
 3 SYSTEMPATH\View\View.php(216): CodeIgniter\View\View->CodeIgniter\View\{closure}()
 4 SYSTEMPATH\View\View.php(429): CodeIgniter\View\View->render('partials/sidebar', null, true)
 5 APPPATH\Views\default.php(17): CodeIgniter\View\View->include('partials/sidebar')
 6 SYSTEMPATH\View\View.php(213): include('APPPATH\\Views\\default.php')
 7 SYSTEMPATH\View\View.php(216): CodeIgniter\View\View->CodeIgniter\View\{closure}()
 8 SYSTEMPATH\View\View.php(229): CodeIgniter\View\View->render('default', [], true)
 9 SYSTEMPATH\Common.php(1142): CodeIgniter\View\View->render('adminDashbord', [], true)
10 APPPATH\Controllers\Home.php(25): view('adminDashbord', [...])
11 SYSTEMPATH\CodeIgniter.php(907): App\Controllers\Home->index()
12 SYSTEMPATH\CodeIgniter.php(457): CodeIgniter\CodeIgniter->runController(Object(App\Controllers\Home))
13 SYSTEMPATH\CodeIgniter.php(340): CodeIgniter\CodeIgniter->handleRequest(null, Object(Config\Cache), false)
14 FCPATH\index.php(68): CodeIgniter\CodeIgniter->run()
CRITICAL - 2022-12-16 19:03:38 --> Undefined variable $isactiv
in APPPATH\Views\partials\sidebar.php on line 33.
 1 APPPATH\Views\partials\sidebar.php(33): CodeIgniter\Debug\Exceptions->errorHandler(2, 'Undefined variable $isactiv', 'APPPATH\\Views\\partials\\sidebar.php', 33)
 2 SYSTEMPATH\View\View.php(213): include('APPPATH\\Views\\partials\\sidebar.php')
 3 SYSTEMPATH\View\View.php(216): CodeIgniter\View\View->CodeIgniter\View\{closure}()
 4 SYSTEMPATH\View\View.php(429): CodeIgniter\View\View->render('partials/sidebar', null, true)
 5 APPPATH\Views\default.php(17): CodeIgniter\View\View->include('partials/sidebar')
 6 SYSTEMPATH\View\View.php(213): include('APPPATH\\Views\\default.php')
 7 SYSTEMPATH\View\View.php(216): CodeIgniter\View\View->CodeIgniter\View\{closure}()
 8 SYSTEMPATH\View\View.php(229): CodeIgniter\View\View->render('default', [], true)
 9 SYSTEMPATH\Common.php(1142): CodeIgniter\View\View->render('adminDashbord', [], true)
10 APPPATH\Controllers\Home.php(25): view('adminDashbord', [...])
11 SYSTEMPATH\CodeIgniter.php(907): App\Controllers\Home->index()
12 SYSTEMPATH\CodeIgniter.php(457): CodeIgniter\CodeIgniter->runController(Object(App\Controllers\Home))
13 SYSTEMPATH\CodeIgniter.php(340): CodeIgniter\CodeIgniter->handleRequest(null, Object(Config\Cache), false)
14 FCPATH\index.php(68): CodeIgniter\CodeIgniter->run()
