CRITICAL - 2022-10-08 02:01:45 --> Undefined variable $version
in APPPATH\Views\partials\footer.php on line 3.
 1 APPPATH\Views\partials\footer.php(3): CodeIgniter\Debug\Exceptions->errorHandler(2, 'Undefined variable $version', 'APPPATH\\Views\\partials\\footer.php', 3)
 2 SYSTEMPATH\View\View.php(213): include('APPPATH\\Views\\partials\\footer.php')
 3 SYSTEMPATH\View\View.php(216): CodeIgniter\View\View->CodeIgniter\View\{closure}()
 4 SYSTEMPATH\View\View.php(429): CodeIgniter\View\View->render('partials/footer', null, true)
 5 APPPATH\Views\default.php(247): CodeIgniter\View\View->include('partials/footer')
 6 SYSTEMPATH\View\View.php(213): include('APPPATH\\Views\\default.php')
 7 SYSTEMPATH\View\View.php(216): CodeIgniter\View\View->CodeIgniter\View\{closure}()
 8 SYSTEMPATH\Common.php(1142): CodeIgniter\View\View->render('default', [], true)
 9 APPPATH\Controllers\User.php(32): view('default', [...])
10 SYSTEMPATH\CodeIgniter.php(907): App\Controllers\User->index()
11 SYSTEMPATH\CodeIgniter.php(457): CodeIgniter\CodeIgniter->runController(Object(App\Controllers\User))
12 SYSTEMPATH\CodeIgniter.php(340): CodeIgniter\CodeIgniter->handleRequest(null, Object(Config\Cache), false)
13 FCPATH\index.php(68): CodeIgniter\CodeIgniter->run()
CRITICAL - 2022-10-08 02:02:33 --> Undefined variable $version
in APPPATH\Views\partials\footer.php on line 3.
 1 APPPATH\Views\partials\footer.php(3): CodeIgniter\Debug\Exceptions->errorHandler(2, 'Undefined variable $version', 'APPPATH\\Views\\partials\\footer.php', 3)
 2 SYSTEMPATH\View\View.php(213): include('APPPATH\\Views\\partials\\footer.php')
 3 SYSTEMPATH\View\View.php(216): CodeIgniter\View\View->CodeIgniter\View\{closure}()
 4 SYSTEMPATH\View\View.php(429): CodeIgniter\View\View->render('partials/footer', null, true)
 5 APPPATH\Views\default.php(247): CodeIgniter\View\View->include('partials/footer')
 6 SYSTEMPATH\View\View.php(213): include('APPPATH\\Views\\default.php')
 7 SYSTEMPATH\View\View.php(216): CodeIgniter\View\View->CodeIgniter\View\{closure}()
 8 SYSTEMPATH\Common.php(1142): CodeIgniter\View\View->render('default', [], true)
 9 APPPATH\Controllers\User.php(32): view('default', [...])
10 SYSTEMPATH\CodeIgniter.php(907): App\Controllers\User->index()
11 SYSTEMPATH\CodeIgniter.php(457): CodeIgniter\CodeIgniter->runController(Object(App\Controllers\User))
12 SYSTEMPATH\CodeIgniter.php(340): CodeIgniter\CodeIgniter->handleRequest(null, Object(Config\Cache), false)
13 FCPATH\index.php(68): CodeIgniter\CodeIgniter->run()
CRITICAL - 2022-10-08 02:02:34 --> Undefined variable $version
in APPPATH\Views\partials\footer.php on line 3.
 1 APPPATH\Views\partials\footer.php(3): CodeIgniter\Debug\Exceptions->errorHandler(2, 'Undefined variable $version', 'APPPATH\\Views\\partials\\footer.php', 3)
 2 SYSTEMPATH\View\View.php(213): include('APPPATH\\Views\\partials\\footer.php')
 3 SYSTEMPATH\View\View.php(216): CodeIgniter\View\View->CodeIgniter\View\{closure}()
 4 SYSTEMPATH\View\View.php(429): CodeIgniter\View\View->render('partials/footer', null, true)
 5 APPPATH\Views\default.php(247): CodeIgniter\View\View->include('partials/footer')
 6 SYSTEMPATH\View\View.php(213): include('APPPATH\\Views\\default.php')
 7 SYSTEMPATH\View\View.php(216): CodeIgniter\View\View->CodeIgniter\View\{closure}()
 8 SYSTEMPATH\Common.php(1142): CodeIgniter\View\View->render('default', [], true)
 9 APPPATH\Controllers\User.php(32): view('default', [...])
10 SYSTEMPATH\CodeIgniter.php(907): App\Controllers\User->index()
11 SYSTEMPATH\CodeIgniter.php(457): CodeIgniter\CodeIgniter->runController(Object(App\Controllers\User))
12 SYSTEMPATH\CodeIgniter.php(340): CodeIgniter\CodeIgniter->handleRequest(null, Object(Config\Cache), false)
13 FCPATH\index.php(68): CodeIgniter\CodeIgniter->run()
CRITICAL - 2022-10-08 02:02:38 --> Undefined variable $title
in APPPATH\Views\partials\header.php on line 6.
 1 APPPATH\Views\partials\header.php(6): CodeIgniter\Debug\Exceptions->errorHandler(2, 'Undefined variable $title', 'APPPATH\\Views\\partials\\header.php', 6)
 2 SYSTEMPATH\View\View.php(213): include('APPPATH\\Views\\partials\\header.php')
 3 SYSTEMPATH\View\View.php(216): CodeIgniter\View\View->CodeIgniter\View\{closure}()
 4 SYSTEMPATH\View\View.php(429): CodeIgniter\View\View->render('partials/header', null, true)
 5 APPPATH\Views\login\login.php(1): CodeIgniter\View\View->include('partials/header')
 6 SYSTEMPATH\View\View.php(213): include('APPPATH\\Views\\login\\login.php')
 7 SYSTEMPATH\View\View.php(216): CodeIgniter\View\View->CodeIgniter\View\{closure}()
 8 SYSTEMPATH\Common.php(1142): CodeIgniter\View\View->render('login/login', [], true)
 9 APPPATH\Controllers\User.php(121): view('login/login', [...])
10 SYSTEMPATH\CodeIgniter.php(907): App\Controllers\User->signout()
11 SYSTEMPATH\CodeIgniter.php(457): CodeIgniter\CodeIgniter->runController(Object(App\Controllers\User))
12 SYSTEMPATH\CodeIgniter.php(340): CodeIgniter\CodeIgniter->handleRequest(null, Object(Config\Cache), false)
13 FCPATH\index.php(68): CodeIgniter\CodeIgniter->run()
CRITICAL - 2022-10-08 02:02:52 --> Undefined variable $title
in APPPATH\Views\partials\header.php on line 6.
 1 APPPATH\Views\partials\header.php(6): CodeIgniter\Debug\Exceptions->errorHandler(2, 'Undefined variable $title', 'APPPATH\\Views\\partials\\header.php', 6)
 2 SYSTEMPATH\View\View.php(213): include('APPPATH\\Views\\partials\\header.php')
 3 SYSTEMPATH\View\View.php(216): CodeIgniter\View\View->CodeIgniter\View\{closure}()
 4 SYSTEMPATH\View\View.php(429): CodeIgniter\View\View->render('partials/header', null, true)
 5 APPPATH\Views\login\login.php(1): CodeIgniter\View\View->include('partials/header')
 6 SYSTEMPATH\View\View.php(213): include('APPPATH\\Views\\login\\login.php')
 7 SYSTEMPATH\View\View.php(216): CodeIgniter\View\View->CodeIgniter\View\{closure}()
 8 SYSTEMPATH\Common.php(1142): CodeIgniter\View\View->render('login/login', [], true)
 9 APPPATH\Controllers\User.php(121): view('login/login', [...])
10 SYSTEMPATH\CodeIgniter.php(907): App\Controllers\User->signout()
11 SYSTEMPATH\CodeIgniter.php(457): CodeIgniter\CodeIgniter->runController(Object(App\Controllers\User))
12 SYSTEMPATH\CodeIgniter.php(340): CodeIgniter\CodeIgniter->handleRequest(null, Object(Config\Cache), false)
13 FCPATH\index.php(68): CodeIgniter\CodeIgniter->run()
CRITICAL - 2022-10-08 02:02:52 --> Undefined variable $title
in APPPATH\Views\partials\header.php on line 6.
 1 APPPATH\Views\partials\header.php(6): CodeIgniter\Debug\Exceptions->errorHandler(2, 'Undefined variable $title', 'APPPATH\\Views\\partials\\header.php', 6)
 2 SYSTEMPATH\View\View.php(213): include('APPPATH\\Views\\partials\\header.php')
 3 SYSTEMPATH\View\View.php(216): CodeIgniter\View\View->CodeIgniter\View\{closure}()
 4 SYSTEMPATH\View\View.php(429): CodeIgniter\View\View->render('partials/header', null, true)
 5 APPPATH\Views\login\login.php(1): CodeIgniter\View\View->include('partials/header')
 6 SYSTEMPATH\View\View.php(213): include('APPPATH\\Views\\login\\login.php')
 7 SYSTEMPATH\View\View.php(216): CodeIgniter\View\View->CodeIgniter\View\{closure}()
 8 SYSTEMPATH\Common.php(1142): CodeIgniter\View\View->render('login/login', [], true)
 9 APPPATH\Controllers\User.php(121): view('login/login', [...])
10 SYSTEMPATH\CodeIgniter.php(907): App\Controllers\User->signout()
11 SYSTEMPATH\CodeIgniter.php(457): CodeIgniter\CodeIgniter->runController(Object(App\Controllers\User))
12 SYSTEMPATH\CodeIgniter.php(340): CodeIgniter\CodeIgniter->handleRequest(null, Object(Config\Cache), false)
13 FCPATH\index.php(68): CodeIgniter\CodeIgniter->run()
CRITICAL - 2022-10-08 02:02:53 --> Undefined variable $title
in APPPATH\Views\partials\header.php on line 6.
 1 APPPATH\Views\partials\header.php(6): CodeIgniter\Debug\Exceptions->errorHandler(2, 'Undefined variable $title', 'APPPATH\\Views\\partials\\header.php', 6)
 2 SYSTEMPATH\View\View.php(213): include('APPPATH\\Views\\partials\\header.php')
 3 SYSTEMPATH\View\View.php(216): CodeIgniter\View\View->CodeIgniter\View\{closure}()
 4 SYSTEMPATH\View\View.php(429): CodeIgniter\View\View->render('partials/header', null, true)
 5 APPPATH\Views\login\login.php(1): CodeIgniter\View\View->include('partials/header')
 6 SYSTEMPATH\View\View.php(213): include('APPPATH\\Views\\login\\login.php')
 7 SYSTEMPATH\View\View.php(216): CodeIgniter\View\View->CodeIgniter\View\{closure}()
 8 SYSTEMPATH\Common.php(1142): CodeIgniter\View\View->render('login/login', [], true)
 9 APPPATH\Controllers\User.php(121): view('login/login', [...])
10 SYSTEMPATH\CodeIgniter.php(907): App\Controllers\User->signout()
11 SYSTEMPATH\CodeIgniter.php(457): CodeIgniter\CodeIgniter->runController(Object(App\Controllers\User))
12 SYSTEMPATH\CodeIgniter.php(340): CodeIgniter\CodeIgniter->handleRequest(null, Object(Config\Cache), false)
13 FCPATH\index.php(68): CodeIgniter\CodeIgniter->run()
CRITICAL - 2022-10-08 02:04:24 --> Undefined variable $version
in APPPATH\Views\partials\footer.php on line 3.
 1 APPPATH\Views\partials\footer.php(3): CodeIgniter\Debug\Exceptions->errorHandler(2, 'Undefined variable $version', 'APPPATH\\Views\\partials\\footer.php', 3)
 2 SYSTEMPATH\View\View.php(213): include('APPPATH\\Views\\partials\\footer.php')
 3 SYSTEMPATH\View\View.php(216): CodeIgniter\View\View->CodeIgniter\View\{closure}()
 4 SYSTEMPATH\View\View.php(429): CodeIgniter\View\View->render('partials/footer', null, true)
 5 APPPATH\Views\default.php(247): CodeIgniter\View\View->include('partials/footer')
 6 SYSTEMPATH\View\View.php(213): include('APPPATH\\Views\\default.php')
 7 SYSTEMPATH\View\View.php(216): CodeIgniter\View\View->CodeIgniter\View\{closure}()
 8 SYSTEMPATH\Common.php(1142): CodeIgniter\View\View->render('default', [], true)
 9 APPPATH\Controllers\User.php(46): view('default', [...])
10 SYSTEMPATH\CodeIgniter.php(907): App\Controllers\User->index()
11 SYSTEMPATH\CodeIgniter.php(457): CodeIgniter\CodeIgniter->runController(Object(App\Controllers\User))
12 SYSTEMPATH\CodeIgniter.php(340): CodeIgniter\CodeIgniter->handleRequest(null, Object(Config\Cache), false)
13 FCPATH\index.php(68): CodeIgniter\CodeIgniter->run()
CRITICAL - 2022-10-08 02:04:34 --> Undefined variable $version
in APPPATH\Views\partials\footer.php on line 3.
 1 APPPATH\Views\partials\footer.php(3): CodeIgniter\Debug\Exceptions->errorHandler(2, 'Undefined variable $version', 'APPPATH\\Views\\partials\\footer.php', 3)
 2 SYSTEMPATH\View\View.php(213): include('APPPATH\\Views\\partials\\footer.php')
 3 SYSTEMPATH\View\View.php(216): CodeIgniter\View\View->CodeIgniter\View\{closure}()
 4 SYSTEMPATH\View\View.php(429): CodeIgniter\View\View->render('partials/footer', null, true)
 5 APPPATH\Views\default.php(247): CodeIgniter\View\View->include('partials/footer')
 6 SYSTEMPATH\View\View.php(213): include('APPPATH\\Views\\default.php')
 7 SYSTEMPATH\View\View.php(216): CodeIgniter\View\View->CodeIgniter\View\{closure}()
 8 SYSTEMPATH\Common.php(1142): CodeIgniter\View\View->render('default', [], true)
 9 APPPATH\Controllers\User.php(32): view('default', [...])
10 SYSTEMPATH\CodeIgniter.php(907): App\Controllers\User->index()
11 SYSTEMPATH\CodeIgniter.php(457): CodeIgniter\CodeIgniter->runController(Object(App\Controllers\User))
12 SYSTEMPATH\CodeIgniter.php(340): CodeIgniter\CodeIgniter->handleRequest(null, Object(Config\Cache), false)
13 FCPATH\index.php(68): CodeIgniter\CodeIgniter->run()
CRITICAL - 2022-10-08 02:04:36 --> Undefined variable $title
in APPPATH\Views\partials\header.php on line 6.
 1 APPPATH\Views\partials\header.php(6): CodeIgniter\Debug\Exceptions->errorHandler(2, 'Undefined variable $title', 'APPPATH\\Views\\partials\\header.php', 6)
 2 SYSTEMPATH\View\View.php(213): include('APPPATH\\Views\\partials\\header.php')
 3 SYSTEMPATH\View\View.php(216): CodeIgniter\View\View->CodeIgniter\View\{closure}()
 4 SYSTEMPATH\View\View.php(429): CodeIgniter\View\View->render('partials/header', null, true)
 5 APPPATH\Views\login\login.php(1): CodeIgniter\View\View->include('partials/header')
 6 SYSTEMPATH\View\View.php(213): include('APPPATH\\Views\\login\\login.php')
 7 SYSTEMPATH\View\View.php(216): CodeIgniter\View\View->CodeIgniter\View\{closure}()
 8 SYSTEMPATH\Common.php(1142): CodeIgniter\View\View->render('login/login', [], true)
 9 APPPATH\Controllers\User.php(121): view('login/login', [...])
10 SYSTEMPATH\CodeIgniter.php(907): App\Controllers\User->signout()
11 SYSTEMPATH\CodeIgniter.php(457): CodeIgniter\CodeIgniter->runController(Object(App\Controllers\User))
12 SYSTEMPATH\CodeIgniter.php(340): CodeIgniter\CodeIgniter->handleRequest(null, Object(Config\Cache), false)
13 FCPATH\index.php(68): CodeIgniter\CodeIgniter->run()
CRITICAL - 2022-10-08 02:04:52 --> Undefined variable $title
in APPPATH\Views\partials\header.php on line 6.
 1 APPPATH\Views\partials\header.php(6): CodeIgniter\Debug\Exceptions->errorHandler(2, 'Undefined variable $title', 'APPPATH\\Views\\partials\\header.php', 6)
 2 SYSTEMPATH\View\View.php(213): include('APPPATH\\Views\\partials\\header.php')
 3 SYSTEMPATH\View\View.php(216): CodeIgniter\View\View->CodeIgniter\View\{closure}()
 4 SYSTEMPATH\View\View.php(429): CodeIgniter\View\View->render('partials/header', null, true)
 5 APPPATH\Views\login\login.php(1): CodeIgniter\View\View->include('partials/header')
 6 SYSTEMPATH\View\View.php(213): include('APPPATH\\Views\\login\\login.php')
 7 SYSTEMPATH\View\View.php(216): CodeIgniter\View\View->CodeIgniter\View\{closure}()
 8 SYSTEMPATH\Common.php(1142): CodeIgniter\View\View->render('login/login', [], true)
 9 APPPATH\Controllers\User.php(121): view('login/login', [...])
10 SYSTEMPATH\CodeIgniter.php(907): App\Controllers\User->signout()
11 SYSTEMPATH\CodeIgniter.php(457): CodeIgniter\CodeIgniter->runController(Object(App\Controllers\User))
12 SYSTEMPATH\CodeIgniter.php(340): CodeIgniter\CodeIgniter->handleRequest(null, Object(Config\Cache), false)
13 FCPATH\index.php(68): CodeIgniter\CodeIgniter->run()
CRITICAL - 2022-10-08 02:06:57 --> Undefined variable $version
in APPPATH\Views\partials\footer.php on line 3.
 1 APPPATH\Views\partials\footer.php(3): CodeIgniter\Debug\Exceptions->errorHandler(2, 'Undefined variable $version', 'APPPATH\\Views\\partials\\footer.php', 3)
 2 SYSTEMPATH\View\View.php(213): include('APPPATH\\Views\\partials\\footer.php')
 3 SYSTEMPATH\View\View.php(216): CodeIgniter\View\View->CodeIgniter\View\{closure}()
 4 SYSTEMPATH\View\View.php(429): CodeIgniter\View\View->render('partials/footer', null, true)
 5 APPPATH\Views\default.php(247): CodeIgniter\View\View->include('partials/footer')
 6 SYSTEMPATH\View\View.php(213): include('APPPATH\\Views\\default.php')
 7 SYSTEMPATH\View\View.php(216): CodeIgniter\View\View->CodeIgniter\View\{closure}()
 8 SYSTEMPATH\Common.php(1142): CodeIgniter\View\View->render('default', [], true)
 9 APPPATH\Controllers\User.php(46): view('default', [...])
10 SYSTEMPATH\CodeIgniter.php(907): App\Controllers\User->index()
11 SYSTEMPATH\CodeIgniter.php(457): CodeIgniter\CodeIgniter->runController(Object(App\Controllers\User))
12 SYSTEMPATH\CodeIgniter.php(340): CodeIgniter\CodeIgniter->handleRequest(null, Object(Config\Cache), false)
13 FCPATH\index.php(68): CodeIgniter\CodeIgniter->run()
CRITICAL - 2022-10-08 02:07:01 --> Undefined variable $version
in APPPATH\Views\partials\footer.php on line 3.
 1 APPPATH\Views\partials\footer.php(3): CodeIgniter\Debug\Exceptions->errorHandler(2, 'Undefined variable $version', 'APPPATH\\Views\\partials\\footer.php', 3)
 2 SYSTEMPATH\View\View.php(213): include('APPPATH\\Views\\partials\\footer.php')
 3 SYSTEMPATH\View\View.php(216): CodeIgniter\View\View->CodeIgniter\View\{closure}()
 4 SYSTEMPATH\View\View.php(429): CodeIgniter\View\View->render('partials/footer', null, true)
 5 APPPATH\Views\default.php(247): CodeIgniter\View\View->include('partials/footer')
 6 SYSTEMPATH\View\View.php(213): include('APPPATH\\Views\\default.php')
 7 SYSTEMPATH\View\View.php(216): CodeIgniter\View\View->CodeIgniter\View\{closure}()
 8 SYSTEMPATH\Common.php(1142): CodeIgniter\View\View->render('default', [], true)
 9 APPPATH\Controllers\User.php(32): view('default', [...])
10 SYSTEMPATH\CodeIgniter.php(907): App\Controllers\User->index()
11 SYSTEMPATH\CodeIgniter.php(457): CodeIgniter\CodeIgniter->runController(Object(App\Controllers\User))
12 SYSTEMPATH\CodeIgniter.php(340): CodeIgniter\CodeIgniter->handleRequest(null, Object(Config\Cache), false)
13 FCPATH\index.php(68): CodeIgniter\CodeIgniter->run()
CRITICAL - 2022-10-08 02:07:04 --> Undefined variable $version
in APPPATH\Views\partials\footer.php on line 3.
 1 APPPATH\Views\partials\footer.php(3): CodeIgniter\Debug\Exceptions->errorHandler(2, 'Undefined variable $version', 'APPPATH\\Views\\partials\\footer.php', 3)
 2 SYSTEMPATH\View\View.php(213): include('APPPATH\\Views\\partials\\footer.php')
 3 SYSTEMPATH\View\View.php(216): CodeIgniter\View\View->CodeIgniter\View\{closure}()
 4 SYSTEMPATH\View\View.php(429): CodeIgniter\View\View->render('partials/footer', null, true)
 5 APPPATH\Views\default.php(247): CodeIgniter\View\View->include('partials/footer')
 6 SYSTEMPATH\View\View.php(213): include('APPPATH\\Views\\default.php')
 7 SYSTEMPATH\View\View.php(216): CodeIgniter\View\View->CodeIgniter\View\{closure}()
 8 SYSTEMPATH\Common.php(1142): CodeIgniter\View\View->render('default', [], true)
 9 APPPATH\Controllers\User.php(32): view('default', [...])
10 SYSTEMPATH\CodeIgniter.php(907): App\Controllers\User->index()
11 SYSTEMPATH\CodeIgniter.php(457): CodeIgniter\CodeIgniter->runController(Object(App\Controllers\User))
12 SYSTEMPATH\CodeIgniter.php(340): CodeIgniter\CodeIgniter->handleRequest(null, Object(Config\Cache), false)
13 FCPATH\index.php(68): CodeIgniter\CodeIgniter->run()
CRITICAL - 2022-10-08 02:07:05 --> Undefined variable $version
in APPPATH\Views\partials\footer.php on line 3.
 1 APPPATH\Views\partials\footer.php(3): CodeIgniter\Debug\Exceptions->errorHandler(2, 'Undefined variable $version', 'APPPATH\\Views\\partials\\footer.php', 3)
 2 SYSTEMPATH\View\View.php(213): include('APPPATH\\Views\\partials\\footer.php')
 3 SYSTEMPATH\View\View.php(216): CodeIgniter\View\View->CodeIgniter\View\{closure}()
 4 SYSTEMPATH\View\View.php(429): CodeIgniter\View\View->render('partials/footer', null, true)
 5 APPPATH\Views\default.php(247): CodeIgniter\View\View->include('partials/footer')
 6 SYSTEMPATH\View\View.php(213): include('APPPATH\\Views\\default.php')
 7 SYSTEMPATH\View\View.php(216): CodeIgniter\View\View->CodeIgniter\View\{closure}()
 8 SYSTEMPATH\Common.php(1142): CodeIgniter\View\View->render('default', [], true)
 9 APPPATH\Controllers\User.php(32): view('default', [...])
10 SYSTEMPATH\CodeIgniter.php(907): App\Controllers\User->index()
11 SYSTEMPATH\CodeIgniter.php(457): CodeIgniter\CodeIgniter->runController(Object(App\Controllers\User))
12 SYSTEMPATH\CodeIgniter.php(340): CodeIgniter\CodeIgniter->handleRequest(null, Object(Config\Cache), false)
13 FCPATH\index.php(68): CodeIgniter\CodeIgniter->run()
CRITICAL - 2022-10-08 02:08:30 --> Undefined variable $version
in APPPATH\Views\partials\footer.php on line 3.
 1 APPPATH\Views\partials\footer.php(3): CodeIgniter\Debug\Exceptions->errorHandler(2, 'Undefined variable $version', 'APPPATH\\Views\\partials\\footer.php', 3)
 2 SYSTEMPATH\View\View.php(213): include('APPPATH\\Views\\partials\\footer.php')
 3 SYSTEMPATH\View\View.php(216): CodeIgniter\View\View->CodeIgniter\View\{closure}()
 4 SYSTEMPATH\View\View.php(429): CodeIgniter\View\View->render('partials/footer', null, true)
 5 APPPATH\Views\default.php(247): CodeIgniter\View\View->include('partials/footer')
 6 SYSTEMPATH\View\View.php(213): include('APPPATH\\Views\\default.php')
 7 SYSTEMPATH\View\View.php(216): CodeIgniter\View\View->CodeIgniter\View\{closure}()
 8 SYSTEMPATH\Common.php(1142): CodeIgniter\View\View->render('default', [], true)
 9 APPPATH\Controllers\User.php(32): view('default', [...])
10 SYSTEMPATH\CodeIgniter.php(907): App\Controllers\User->index()
11 SYSTEMPATH\CodeIgniter.php(457): CodeIgniter\CodeIgniter->runController(Object(App\Controllers\User))
12 SYSTEMPATH\CodeIgniter.php(340): CodeIgniter\CodeIgniter->handleRequest(null, Object(Config\Cache), false)
13 FCPATH\index.php(68): CodeIgniter\CodeIgniter->run()
CRITICAL - 2022-10-08 02:08:31 --> Undefined variable $version
in APPPATH\Views\partials\footer.php on line 3.
 1 APPPATH\Views\partials\footer.php(3): CodeIgniter\Debug\Exceptions->errorHandler(2, 'Undefined variable $version', 'APPPATH\\Views\\partials\\footer.php', 3)
 2 SYSTEMPATH\View\View.php(213): include('APPPATH\\Views\\partials\\footer.php')
 3 SYSTEMPATH\View\View.php(216): CodeIgniter\View\View->CodeIgniter\View\{closure}()
 4 SYSTEMPATH\View\View.php(429): CodeIgniter\View\View->render('partials/footer', null, true)
 5 APPPATH\Views\default.php(247): CodeIgniter\View\View->include('partials/footer')
 6 SYSTEMPATH\View\View.php(213): include('APPPATH\\Views\\default.php')
 7 SYSTEMPATH\View\View.php(216): CodeIgniter\View\View->CodeIgniter\View\{closure}()
 8 SYSTEMPATH\Common.php(1142): CodeIgniter\View\View->render('default', [], true)
 9 APPPATH\Controllers\User.php(32): view('default', [...])
10 SYSTEMPATH\CodeIgniter.php(907): App\Controllers\User->index()
11 SYSTEMPATH\CodeIgniter.php(457): CodeIgniter\CodeIgniter->runController(Object(App\Controllers\User))
12 SYSTEMPATH\CodeIgniter.php(340): CodeIgniter\CodeIgniter->handleRequest(null, Object(Config\Cache), false)
13 FCPATH\index.php(68): CodeIgniter\CodeIgniter->run()
CRITICAL - 2022-10-08 02:08:32 --> Undefined variable $version
in APPPATH\Views\partials\footer.php on line 3.
 1 APPPATH\Views\partials\footer.php(3): CodeIgniter\Debug\Exceptions->errorHandler(2, 'Undefined variable $version', 'APPPATH\\Views\\partials\\footer.php', 3)
 2 SYSTEMPATH\View\View.php(213): include('APPPATH\\Views\\partials\\footer.php')
 3 SYSTEMPATH\View\View.php(216): CodeIgniter\View\View->CodeIgniter\View\{closure}()
 4 SYSTEMPATH\View\View.php(429): CodeIgniter\View\View->render('partials/footer', null, true)
 5 APPPATH\Views\default.php(247): CodeIgniter\View\View->include('partials/footer')
 6 SYSTEMPATH\View\View.php(213): include('APPPATH\\Views\\default.php')
 7 SYSTEMPATH\View\View.php(216): CodeIgniter\View\View->CodeIgniter\View\{closure}()
 8 SYSTEMPATH\Common.php(1142): CodeIgniter\View\View->render('default', [], true)
 9 APPPATH\Controllers\User.php(32): view('default', [...])
10 SYSTEMPATH\CodeIgniter.php(907): App\Controllers\User->index()
11 SYSTEMPATH\CodeIgniter.php(457): CodeIgniter\CodeIgniter->runController(Object(App\Controllers\User))
12 SYSTEMPATH\CodeIgniter.php(340): CodeIgniter\CodeIgniter->handleRequest(null, Object(Config\Cache), false)
13 FCPATH\index.php(68): CodeIgniter\CodeIgniter->run()
CRITICAL - 2022-10-08 02:08:32 --> Undefined variable $version
in APPPATH\Views\partials\footer.php on line 3.
 1 APPPATH\Views\partials\footer.php(3): CodeIgniter\Debug\Exceptions->errorHandler(2, 'Undefined variable $version', 'APPPATH\\Views\\partials\\footer.php', 3)
 2 SYSTEMPATH\View\View.php(213): include('APPPATH\\Views\\partials\\footer.php')
 3 SYSTEMPATH\View\View.php(216): CodeIgniter\View\View->CodeIgniter\View\{closure}()
 4 SYSTEMPATH\View\View.php(429): CodeIgniter\View\View->render('partials/footer', null, true)
 5 APPPATH\Views\default.php(247): CodeIgniter\View\View->include('partials/footer')
 6 SYSTEMPATH\View\View.php(213): include('APPPATH\\Views\\default.php')
 7 SYSTEMPATH\View\View.php(216): CodeIgniter\View\View->CodeIgniter\View\{closure}()
 8 SYSTEMPATH\Common.php(1142): CodeIgniter\View\View->render('default', [], true)
 9 APPPATH\Controllers\User.php(32): view('default', [...])
10 SYSTEMPATH\CodeIgniter.php(907): App\Controllers\User->index()
11 SYSTEMPATH\CodeIgniter.php(457): CodeIgniter\CodeIgniter->runController(Object(App\Controllers\User))
12 SYSTEMPATH\CodeIgniter.php(340): CodeIgniter\CodeIgniter->handleRequest(null, Object(Config\Cache), false)
13 FCPATH\index.php(68): CodeIgniter\CodeIgniter->run()
CRITICAL - 2022-10-08 02:08:32 --> Undefined variable $version
in APPPATH\Views\partials\footer.php on line 3.
 1 APPPATH\Views\partials\footer.php(3): CodeIgniter\Debug\Exceptions->errorHandler(2, 'Undefined variable $version', 'APPPATH\\Views\\partials\\footer.php', 3)
 2 SYSTEMPATH\View\View.php(213): include('APPPATH\\Views\\partials\\footer.php')
 3 SYSTEMPATH\View\View.php(216): CodeIgniter\View\View->CodeIgniter\View\{closure}()
 4 SYSTEMPATH\View\View.php(429): CodeIgniter\View\View->render('partials/footer', null, true)
 5 APPPATH\Views\default.php(247): CodeIgniter\View\View->include('partials/footer')
 6 SYSTEMPATH\View\View.php(213): include('APPPATH\\Views\\default.php')
 7 SYSTEMPATH\View\View.php(216): CodeIgniter\View\View->CodeIgniter\View\{closure}()
 8 SYSTEMPATH\Common.php(1142): CodeIgniter\View\View->render('default', [], true)
 9 APPPATH\Controllers\User.php(32): view('default', [...])
10 SYSTEMPATH\CodeIgniter.php(907): App\Controllers\User->index()
11 SYSTEMPATH\CodeIgniter.php(457): CodeIgniter\CodeIgniter->runController(Object(App\Controllers\User))
12 SYSTEMPATH\CodeIgniter.php(340): CodeIgniter\CodeIgniter->handleRequest(null, Object(Config\Cache), false)
13 FCPATH\index.php(68): CodeIgniter\CodeIgniter->run()
CRITICAL - 2022-10-08 02:08:33 --> Undefined variable $version
in APPPATH\Views\partials\footer.php on line 3.
 1 APPPATH\Views\partials\footer.php(3): CodeIgniter\Debug\Exceptions->errorHandler(2, 'Undefined variable $version', 'APPPATH\\Views\\partials\\footer.php', 3)
 2 SYSTEMPATH\View\View.php(213): include('APPPATH\\Views\\partials\\footer.php')
 3 SYSTEMPATH\View\View.php(216): CodeIgniter\View\View->CodeIgniter\View\{closure}()
 4 SYSTEMPATH\View\View.php(429): CodeIgniter\View\View->render('partials/footer', null, true)
 5 APPPATH\Views\default.php(247): CodeIgniter\View\View->include('partials/footer')
 6 SYSTEMPATH\View\View.php(213): include('APPPATH\\Views\\default.php')
 7 SYSTEMPATH\View\View.php(216): CodeIgniter\View\View->CodeIgniter\View\{closure}()
 8 SYSTEMPATH\Common.php(1142): CodeIgniter\View\View->render('default', [], true)
 9 APPPATH\Controllers\User.php(32): view('default', [...])
10 SYSTEMPATH\CodeIgniter.php(907): App\Controllers\User->index()
11 SYSTEMPATH\CodeIgniter.php(457): CodeIgniter\CodeIgniter->runController(Object(App\Controllers\User))
12 SYSTEMPATH\CodeIgniter.php(340): CodeIgniter\CodeIgniter->handleRequest(null, Object(Config\Cache), false)
13 FCPATH\index.php(68): CodeIgniter\CodeIgniter->run()
CRITICAL - 2022-10-08 02:08:49 --> Undefined variable $version
in APPPATH\Views\partials\footer.php on line 3.
 1 APPPATH\Views\partials\footer.php(3): CodeIgniter\Debug\Exceptions->errorHandler(2, 'Undefined variable $version', 'APPPATH\\Views\\partials\\footer.php', 3)
 2 SYSTEMPATH\View\View.php(213): include('APPPATH\\Views\\partials\\footer.php')
 3 SYSTEMPATH\View\View.php(216): CodeIgniter\View\View->CodeIgniter\View\{closure}()
 4 SYSTEMPATH\View\View.php(429): CodeIgniter\View\View->render('partials/footer', null, true)
 5 APPPATH\Views\default.php(247): CodeIgniter\View\View->include('partials/footer')
 6 SYSTEMPATH\View\View.php(213): include('APPPATH\\Views\\default.php')
 7 SYSTEMPATH\View\View.php(216): CodeIgniter\View\View->CodeIgniter\View\{closure}()
 8 SYSTEMPATH\Common.php(1142): CodeIgniter\View\View->render('default', [], true)
 9 APPPATH\Controllers\User.php(46): view('default', [...])
10 SYSTEMPATH\CodeIgniter.php(907): App\Controllers\User->index()
11 SYSTEMPATH\CodeIgniter.php(457): CodeIgniter\CodeIgniter->runController(Object(App\Controllers\User))
12 SYSTEMPATH\CodeIgniter.php(340): CodeIgniter\CodeIgniter->handleRequest(null, Object(Config\Cache), false)
13 FCPATH\index.php(68): CodeIgniter\CodeIgniter->run()
CRITICAL - 2022-10-08 02:09:25 --> Undefined variable $version
in APPPATH\Views\partials\footer.php on line 3.
 1 APPPATH\Views\partials\footer.php(3): CodeIgniter\Debug\Exceptions->errorHandler(2, 'Undefined variable $version', 'APPPATH\\Views\\partials\\footer.php', 3)
 2 SYSTEMPATH\View\View.php(213): include('APPPATH\\Views\\partials\\footer.php')
 3 SYSTEMPATH\View\View.php(216): CodeIgniter\View\View->CodeIgniter\View\{closure}()
 4 SYSTEMPATH\View\View.php(429): CodeIgniter\View\View->render('partials/footer', null, true)
 5 APPPATH\Views\default.php(247): CodeIgniter\View\View->include('partials/footer')
 6 SYSTEMPATH\View\View.php(213): include('APPPATH\\Views\\default.php')
 7 SYSTEMPATH\View\View.php(216): CodeIgniter\View\View->CodeIgniter\View\{closure}()
 8 SYSTEMPATH\Common.php(1142): CodeIgniter\View\View->render('default', [], true)
 9 APPPATH\Controllers\User.php(32): view('default', [...])
10 SYSTEMPATH\CodeIgniter.php(907): App\Controllers\User->index()
11 SYSTEMPATH\CodeIgniter.php(457): CodeIgniter\CodeIgniter->runController(Object(App\Controllers\User))
12 SYSTEMPATH\CodeIgniter.php(340): CodeIgniter\CodeIgniter->handleRequest(null, Object(Config\Cache), false)
13 FCPATH\index.php(68): CodeIgniter\CodeIgniter->run()
CRITICAL - 2022-10-08 02:09:26 --> Undefined variable $version
in APPPATH\Views\partials\footer.php on line 3.
 1 APPPATH\Views\partials\footer.php(3): CodeIgniter\Debug\Exceptions->errorHandler(2, 'Undefined variable $version', 'APPPATH\\Views\\partials\\footer.php', 3)
 2 SYSTEMPATH\View\View.php(213): include('APPPATH\\Views\\partials\\footer.php')
 3 SYSTEMPATH\View\View.php(216): CodeIgniter\View\View->CodeIgniter\View\{closure}()
 4 SYSTEMPATH\View\View.php(429): CodeIgniter\View\View->render('partials/footer', null, true)
 5 APPPATH\Views\default.php(247): CodeIgniter\View\View->include('partials/footer')
 6 SYSTEMPATH\View\View.php(213): include('APPPATH\\Views\\default.php')
 7 SYSTEMPATH\View\View.php(216): CodeIgniter\View\View->CodeIgniter\View\{closure}()
 8 SYSTEMPATH\Common.php(1142): CodeIgniter\View\View->render('default', [], true)
 9 APPPATH\Controllers\User.php(32): view('default', [...])
10 SYSTEMPATH\CodeIgniter.php(907): App\Controllers\User->index()
11 SYSTEMPATH\CodeIgniter.php(457): CodeIgniter\CodeIgniter->runController(Object(App\Controllers\User))
12 SYSTEMPATH\CodeIgniter.php(340): CodeIgniter\CodeIgniter->handleRequest(null, Object(Config\Cache), false)
13 FCPATH\index.php(68): CodeIgniter\CodeIgniter->run()
CRITICAL - 2022-10-08 02:09:26 --> Undefined variable $version
in APPPATH\Views\partials\footer.php on line 3.
 1 APPPATH\Views\partials\footer.php(3): CodeIgniter\Debug\Exceptions->errorHandler(2, 'Undefined variable $version', 'APPPATH\\Views\\partials\\footer.php', 3)
 2 SYSTEMPATH\View\View.php(213): include('APPPATH\\Views\\partials\\footer.php')
 3 SYSTEMPATH\View\View.php(216): CodeIgniter\View\View->CodeIgniter\View\{closure}()
 4 SYSTEMPATH\View\View.php(429): CodeIgniter\View\View->render('partials/footer', null, true)
 5 APPPATH\Views\default.php(247): CodeIgniter\View\View->include('partials/footer')
 6 SYSTEMPATH\View\View.php(213): include('APPPATH\\Views\\default.php')
 7 SYSTEMPATH\View\View.php(216): CodeIgniter\View\View->CodeIgniter\View\{closure}()
 8 SYSTEMPATH\Common.php(1142): CodeIgniter\View\View->render('default', [], true)
 9 APPPATH\Controllers\User.php(32): view('default', [...])
10 SYSTEMPATH\CodeIgniter.php(907): App\Controllers\User->index()
11 SYSTEMPATH\CodeIgniter.php(457): CodeIgniter\CodeIgniter->runController(Object(App\Controllers\User))
12 SYSTEMPATH\CodeIgniter.php(340): CodeIgniter\CodeIgniter->handleRequest(null, Object(Config\Cache), false)
13 FCPATH\index.php(68): CodeIgniter\CodeIgniter->run()
CRITICAL - 2022-10-08 02:09:26 --> Undefined variable $version
in APPPATH\Views\partials\footer.php on line 3.
 1 APPPATH\Views\partials\footer.php(3): CodeIgniter\Debug\Exceptions->errorHandler(2, 'Undefined variable $version', 'APPPATH\\Views\\partials\\footer.php', 3)
 2 SYSTEMPATH\View\View.php(213): include('APPPATH\\Views\\partials\\footer.php')
 3 SYSTEMPATH\View\View.php(216): CodeIgniter\View\View->CodeIgniter\View\{closure}()
 4 SYSTEMPATH\View\View.php(429): CodeIgniter\View\View->render('partials/footer', null, true)
 5 APPPATH\Views\default.php(247): CodeIgniter\View\View->include('partials/footer')
 6 SYSTEMPATH\View\View.php(213): include('APPPATH\\Views\\default.php')
 7 SYSTEMPATH\View\View.php(216): CodeIgniter\View\View->CodeIgniter\View\{closure}()
 8 SYSTEMPATH\Common.php(1142): CodeIgniter\View\View->render('default', [], true)
 9 APPPATH\Controllers\User.php(32): view('default', [...])
10 SYSTEMPATH\CodeIgniter.php(907): App\Controllers\User->index()
11 SYSTEMPATH\CodeIgniter.php(457): CodeIgniter\CodeIgniter->runController(Object(App\Controllers\User))
12 SYSTEMPATH\CodeIgniter.php(340): CodeIgniter\CodeIgniter->handleRequest(null, Object(Config\Cache), false)
13 FCPATH\index.php(68): CodeIgniter\CodeIgniter->run()
CRITICAL - 2022-10-08 02:09:27 --> Undefined variable $version
in APPPATH\Views\partials\footer.php on line 3.
 1 APPPATH\Views\partials\footer.php(3): CodeIgniter\Debug\Exceptions->errorHandler(2, 'Undefined variable $version', 'APPPATH\\Views\\partials\\footer.php', 3)
 2 SYSTEMPATH\View\View.php(213): include('APPPATH\\Views\\partials\\footer.php')
 3 SYSTEMPATH\View\View.php(216): CodeIgniter\View\View->CodeIgniter\View\{closure}()
 4 SYSTEMPATH\View\View.php(429): CodeIgniter\View\View->render('partials/footer', null, true)
 5 APPPATH\Views\default.php(247): CodeIgniter\View\View->include('partials/footer')
 6 SYSTEMPATH\View\View.php(213): include('APPPATH\\Views\\default.php')
 7 SYSTEMPATH\View\View.php(216): CodeIgniter\View\View->CodeIgniter\View\{closure}()
 8 SYSTEMPATH\Common.php(1142): CodeIgniter\View\View->render('default', [], true)
 9 APPPATH\Controllers\User.php(32): view('default', [...])
10 SYSTEMPATH\CodeIgniter.php(907): App\Controllers\User->index()
11 SYSTEMPATH\CodeIgniter.php(457): CodeIgniter\CodeIgniter->runController(Object(App\Controllers\User))
12 SYSTEMPATH\CodeIgniter.php(340): CodeIgniter\CodeIgniter->handleRequest(null, Object(Config\Cache), false)
13 FCPATH\index.php(68): CodeIgniter\CodeIgniter->run()
CRITICAL - 2022-10-08 02:09:45 --> Undefined variable $version
in APPPATH\Views\partials\footer.php on line 3.
 1 APPPATH\Views\partials\footer.php(3): CodeIgniter\Debug\Exceptions->errorHandler(2, 'Undefined variable $version', 'APPPATH\\Views\\partials\\footer.php', 3)
 2 SYSTEMPATH\View\View.php(213): include('APPPATH\\Views\\partials\\footer.php')
 3 SYSTEMPATH\View\View.php(216): CodeIgniter\View\View->CodeIgniter\View\{closure}()
 4 SYSTEMPATH\View\View.php(429): CodeIgniter\View\View->render('partials/footer', null, true)
 5 APPPATH\Views\default.php(247): CodeIgniter\View\View->include('partials/footer')
 6 SYSTEMPATH\View\View.php(213): include('APPPATH\\Views\\default.php')
 7 SYSTEMPATH\View\View.php(216): CodeIgniter\View\View->CodeIgniter\View\{closure}()
 8 SYSTEMPATH\Common.php(1142): CodeIgniter\View\View->render('default', [], true)
 9 APPPATH\Controllers\User.php(46): view('default', [...])
10 SYSTEMPATH\CodeIgniter.php(907): App\Controllers\User->index()
11 SYSTEMPATH\CodeIgniter.php(457): CodeIgniter\CodeIgniter->runController(Object(App\Controllers\User))
12 SYSTEMPATH\CodeIgniter.php(340): CodeIgniter\CodeIgniter->handleRequest(null, Object(Config\Cache), false)
13 FCPATH\index.php(68): CodeIgniter\CodeIgniter->run()
CRITICAL - 2022-10-08 02:11:46 --> Undefined variable $version
in APPPATH\Views\partials\footer.php on line 3.
 1 APPPATH\Views\partials\footer.php(3): CodeIgniter\Debug\Exceptions->errorHandler(2, 'Undefined variable $version', 'APPPATH\\Views\\partials\\footer.php', 3)
 2 SYSTEMPATH\View\View.php(213): include('APPPATH\\Views\\partials\\footer.php')
 3 SYSTEMPATH\View\View.php(216): CodeIgniter\View\View->CodeIgniter\View\{closure}()
 4 SYSTEMPATH\View\View.php(429): CodeIgniter\View\View->render('partials/footer', null, true)
 5 APPPATH\Views\default.php(247): CodeIgniter\View\View->include('partials/footer')
 6 SYSTEMPATH\View\View.php(213): include('APPPATH\\Views\\default.php')
 7 SYSTEMPATH\View\View.php(216): CodeIgniter\View\View->CodeIgniter\View\{closure}()
 8 SYSTEMPATH\Common.php(1142): CodeIgniter\View\View->render('default', [], true)
 9 APPPATH\Controllers\User.php(46): view('default', [...])
10 SYSTEMPATH\CodeIgniter.php(907): App\Controllers\User->index()
11 SYSTEMPATH\CodeIgniter.php(457): CodeIgniter\CodeIgniter->runController(Object(App\Controllers\User))
12 SYSTEMPATH\CodeIgniter.php(340): CodeIgniter\CodeIgniter->handleRequest(null, Object(Config\Cache), false)
13 FCPATH\index.php(68): CodeIgniter\CodeIgniter->run()
CRITICAL - 2022-10-08 02:15:54 --> Undefined variable $version
in APPPATH\Views\partials\footer.php on line 3.
 1 APPPATH\Views\partials\footer.php(3): CodeIgniter\Debug\Exceptions->errorHandler(2, 'Undefined variable $version', 'APPPATH\\Views\\partials\\footer.php', 3)
 2 SYSTEMPATH\View\View.php(213): include('APPPATH\\Views\\partials\\footer.php')
 3 SYSTEMPATH\View\View.php(216): CodeIgniter\View\View->CodeIgniter\View\{closure}()
 4 SYSTEMPATH\View\View.php(429): CodeIgniter\View\View->render('partials/footer', null, true)
 5 APPPATH\Views\default.php(247): CodeIgniter\View\View->include('partials/footer')
 6 SYSTEMPATH\View\View.php(213): include('APPPATH\\Views\\default.php')
 7 SYSTEMPATH\View\View.php(216): CodeIgniter\View\View->CodeIgniter\View\{closure}()
 8 SYSTEMPATH\Common.php(1142): CodeIgniter\View\View->render('default', [], true)
 9 APPPATH\Controllers\User.php(46): view('default', [...])
10 SYSTEMPATH\CodeIgniter.php(907): App\Controllers\User->index()
11 SYSTEMPATH\CodeIgniter.php(457): CodeIgniter\CodeIgniter->runController(Object(App\Controllers\User))
12 SYSTEMPATH\CodeIgniter.php(340): CodeIgniter\CodeIgniter->handleRequest(null, Object(Config\Cache), false)
13 FCPATH\index.php(68): CodeIgniter\CodeIgniter->run()
CRITICAL - 2022-10-08 02:16:10 --> Undefined variable $version
in APPPATH\Views\partials\footer.php on line 3.
 1 APPPATH\Views\partials\footer.php(3): CodeIgniter\Debug\Exceptions->errorHandler(2, 'Undefined variable $version', 'APPPATH\\Views\\partials\\footer.php', 3)
 2 SYSTEMPATH\View\View.php(213): include('APPPATH\\Views\\partials\\footer.php')
 3 SYSTEMPATH\View\View.php(216): CodeIgniter\View\View->CodeIgniter\View\{closure}()
 4 SYSTEMPATH\View\View.php(429): CodeIgniter\View\View->render('partials/footer', null, true)
 5 APPPATH\Views\default.php(247): CodeIgniter\View\View->include('partials/footer')
 6 SYSTEMPATH\View\View.php(213): include('APPPATH\\Views\\default.php')
 7 SYSTEMPATH\View\View.php(216): CodeIgniter\View\View->CodeIgniter\View\{closure}()
 8 SYSTEMPATH\Common.php(1142): CodeIgniter\View\View->render('default', [], true)
 9 APPPATH\Controllers\User.php(32): view('default', [...])
10 SYSTEMPATH\CodeIgniter.php(907): App\Controllers\User->index()
11 SYSTEMPATH\CodeIgniter.php(457): CodeIgniter\CodeIgniter->runController(Object(App\Controllers\User))
12 SYSTEMPATH\CodeIgniter.php(340): CodeIgniter\CodeIgniter->handleRequest(null, Object(Config\Cache), false)
13 FCPATH\index.php(68): CodeIgniter\CodeIgniter->run()
CRITICAL - 2022-10-08 02:16:12 --> Undefined variable $version
in APPPATH\Views\partials\footer.php on line 3.
 1 APPPATH\Views\partials\footer.php(3): CodeIgniter\Debug\Exceptions->errorHandler(2, 'Undefined variable $version', 'APPPATH\\Views\\partials\\footer.php', 3)
 2 SYSTEMPATH\View\View.php(213): include('APPPATH\\Views\\partials\\footer.php')
 3 SYSTEMPATH\View\View.php(216): CodeIgniter\View\View->CodeIgniter\View\{closure}()
 4 SYSTEMPATH\View\View.php(429): CodeIgniter\View\View->render('partials/footer', null, true)
 5 APPPATH\Views\default.php(247): CodeIgniter\View\View->include('partials/footer')
 6 SYSTEMPATH\View\View.php(213): include('APPPATH\\Views\\default.php')
 7 SYSTEMPATH\View\View.php(216): CodeIgniter\View\View->CodeIgniter\View\{closure}()
 8 SYSTEMPATH\Common.php(1142): CodeIgniter\View\View->render('default', [], true)
 9 APPPATH\Controllers\User.php(32): view('default', [...])
10 SYSTEMPATH\CodeIgniter.php(907): App\Controllers\User->index()
11 SYSTEMPATH\CodeIgniter.php(457): CodeIgniter\CodeIgniter->runController(Object(App\Controllers\User))
12 SYSTEMPATH\CodeIgniter.php(340): CodeIgniter\CodeIgniter->handleRequest(null, Object(Config\Cache), false)
13 FCPATH\index.php(68): CodeIgniter\CodeIgniter->run()
CRITICAL - 2022-10-08 02:16:12 --> Undefined variable $version
in APPPATH\Views\partials\footer.php on line 3.
 1 APPPATH\Views\partials\footer.php(3): CodeIgniter\Debug\Exceptions->errorHandler(2, 'Undefined variable $version', 'APPPATH\\Views\\partials\\footer.php', 3)
 2 SYSTEMPATH\View\View.php(213): include('APPPATH\\Views\\partials\\footer.php')
 3 SYSTEMPATH\View\View.php(216): CodeIgniter\View\View->CodeIgniter\View\{closure}()
 4 SYSTEMPATH\View\View.php(429): CodeIgniter\View\View->render('partials/footer', null, true)
 5 APPPATH\Views\default.php(247): CodeIgniter\View\View->include('partials/footer')
 6 SYSTEMPATH\View\View.php(213): include('APPPATH\\Views\\default.php')
 7 SYSTEMPATH\View\View.php(216): CodeIgniter\View\View->CodeIgniter\View\{closure}()
 8 SYSTEMPATH\Common.php(1142): CodeIgniter\View\View->render('default', [], true)
 9 APPPATH\Controllers\User.php(32): view('default', [...])
10 SYSTEMPATH\CodeIgniter.php(907): App\Controllers\User->index()
11 SYSTEMPATH\CodeIgniter.php(457): CodeIgniter\CodeIgniter->runController(Object(App\Controllers\User))
12 SYSTEMPATH\CodeIgniter.php(340): CodeIgniter\CodeIgniter->handleRequest(null, Object(Config\Cache), false)
13 FCPATH\index.php(68): CodeIgniter\CodeIgniter->run()
CRITICAL - 2022-10-08 02:17:52 --> Undefined variable $version
in APPPATH\Views\partials\footer.php on line 3.
 1 APPPATH\Views\partials\footer.php(3): CodeIgniter\Debug\Exceptions->errorHandler(2, 'Undefined variable $version', 'APPPATH\\Views\\partials\\footer.php', 3)
 2 SYSTEMPATH\View\View.php(213): include('APPPATH\\Views\\partials\\footer.php')
 3 SYSTEMPATH\View\View.php(216): CodeIgniter\View\View->CodeIgniter\View\{closure}()
 4 SYSTEMPATH\View\View.php(429): CodeIgniter\View\View->render('partials/footer', null, true)
 5 APPPATH\Views\default.php(254): CodeIgniter\View\View->include('partials/footer')
 6 SYSTEMPATH\View\View.php(213): include('APPPATH\\Views\\default.php')
 7 SYSTEMPATH\View\View.php(216): CodeIgniter\View\View->CodeIgniter\View\{closure}()
 8 SYSTEMPATH\Common.php(1142): CodeIgniter\View\View->render('default', [], true)
 9 APPPATH\Controllers\User.php(32): view('default', [...])
10 SYSTEMPATH\CodeIgniter.php(907): App\Controllers\User->index()
11 SYSTEMPATH\CodeIgniter.php(457): CodeIgniter\CodeIgniter->runController(Object(App\Controllers\User))
12 SYSTEMPATH\CodeIgniter.php(340): CodeIgniter\CodeIgniter->handleRequest(null, Object(Config\Cache), false)
13 FCPATH\index.php(68): CodeIgniter\CodeIgniter->run()
CRITICAL - 2022-10-08 02:19:33 --> Undefined variable $version
in APPPATH\Views\partials\footer.php on line 3.
 1 APPPATH\Views\partials\footer.php(3): CodeIgniter\Debug\Exceptions->errorHandler(2, 'Undefined variable $version', 'APPPATH\\Views\\partials\\footer.php', 3)
 2 SYSTEMPATH\View\View.php(213): include('APPPATH\\Views\\partials\\footer.php')
 3 SYSTEMPATH\View\View.php(216): CodeIgniter\View\View->CodeIgniter\View\{closure}()
 4 SYSTEMPATH\View\View.php(429): CodeIgniter\View\View->render('partials/footer', null, true)
 5 APPPATH\Views\default.php(254): CodeIgniter\View\View->include('partials/footer')
 6 SYSTEMPATH\View\View.php(213): include('APPPATH\\Views\\default.php')
 7 SYSTEMPATH\View\View.php(216): CodeIgniter\View\View->CodeIgniter\View\{closure}()
 8 SYSTEMPATH\Common.php(1142): CodeIgniter\View\View->render('default', [], true)
 9 APPPATH\Controllers\User.php(32): view('default', [...])
10 SYSTEMPATH\CodeIgniter.php(907): App\Controllers\User->index()
11 SYSTEMPATH\CodeIgniter.php(457): CodeIgniter\CodeIgniter->runController(Object(App\Controllers\User))
12 SYSTEMPATH\CodeIgniter.php(340): CodeIgniter\CodeIgniter->handleRequest(null, Object(Config\Cache), false)
13 FCPATH\index.php(68): CodeIgniter\CodeIgniter->run()
CRITICAL - 2022-10-08 02:19:34 --> Undefined variable $version
in APPPATH\Views\partials\footer.php on line 3.
 1 APPPATH\Views\partials\footer.php(3): CodeIgniter\Debug\Exceptions->errorHandler(2, 'Undefined variable $version', 'APPPATH\\Views\\partials\\footer.php', 3)
 2 SYSTEMPATH\View\View.php(213): include('APPPATH\\Views\\partials\\footer.php')
 3 SYSTEMPATH\View\View.php(216): CodeIgniter\View\View->CodeIgniter\View\{closure}()
 4 SYSTEMPATH\View\View.php(429): CodeIgniter\View\View->render('partials/footer', null, true)
 5 APPPATH\Views\default.php(254): CodeIgniter\View\View->include('partials/footer')
 6 SYSTEMPATH\View\View.php(213): include('APPPATH\\Views\\default.php')
 7 SYSTEMPATH\View\View.php(216): CodeIgniter\View\View->CodeIgniter\View\{closure}()
 8 SYSTEMPATH\Common.php(1142): CodeIgniter\View\View->render('default', [], true)
 9 APPPATH\Controllers\User.php(32): view('default', [...])
10 SYSTEMPATH\CodeIgniter.php(907): App\Controllers\User->index()
11 SYSTEMPATH\CodeIgniter.php(457): CodeIgniter\CodeIgniter->runController(Object(App\Controllers\User))
12 SYSTEMPATH\CodeIgniter.php(340): CodeIgniter\CodeIgniter->handleRequest(null, Object(Config\Cache), false)
13 FCPATH\index.php(68): CodeIgniter\CodeIgniter->run()
CRITICAL - 2022-10-08 02:19:34 --> Undefined variable $version
in APPPATH\Views\partials\footer.php on line 3.
 1 APPPATH\Views\partials\footer.php(3): CodeIgniter\Debug\Exceptions->errorHandler(2, 'Undefined variable $version', 'APPPATH\\Views\\partials\\footer.php', 3)
 2 SYSTEMPATH\View\View.php(213): include('APPPATH\\Views\\partials\\footer.php')
 3 SYSTEMPATH\View\View.php(216): CodeIgniter\View\View->CodeIgniter\View\{closure}()
 4 SYSTEMPATH\View\View.php(429): CodeIgniter\View\View->render('partials/footer', null, true)
 5 APPPATH\Views\default.php(254): CodeIgniter\View\View->include('partials/footer')
 6 SYSTEMPATH\View\View.php(213): include('APPPATH\\Views\\default.php')
 7 SYSTEMPATH\View\View.php(216): CodeIgniter\View\View->CodeIgniter\View\{closure}()
 8 SYSTEMPATH\Common.php(1142): CodeIgniter\View\View->render('default', [], true)
 9 APPPATH\Controllers\User.php(32): view('default', [...])
10 SYSTEMPATH\CodeIgniter.php(907): App\Controllers\User->index()
11 SYSTEMPATH\CodeIgniter.php(457): CodeIgniter\CodeIgniter->runController(Object(App\Controllers\User))
12 SYSTEMPATH\CodeIgniter.php(340): CodeIgniter\CodeIgniter->handleRequest(null, Object(Config\Cache), false)
13 FCPATH\index.php(68): CodeIgniter\CodeIgniter->run()
CRITICAL - 2022-10-08 02:19:35 --> Undefined variable $version
in APPPATH\Views\partials\footer.php on line 3.
 1 APPPATH\Views\partials\footer.php(3): CodeIgniter\Debug\Exceptions->errorHandler(2, 'Undefined variable $version', 'APPPATH\\Views\\partials\\footer.php', 3)
 2 SYSTEMPATH\View\View.php(213): include('APPPATH\\Views\\partials\\footer.php')
 3 SYSTEMPATH\View\View.php(216): CodeIgniter\View\View->CodeIgniter\View\{closure}()
 4 SYSTEMPATH\View\View.php(429): CodeIgniter\View\View->render('partials/footer', null, true)
 5 APPPATH\Views\default.php(254): CodeIgniter\View\View->include('partials/footer')
 6 SYSTEMPATH\View\View.php(213): include('APPPATH\\Views\\default.php')
 7 SYSTEMPATH\View\View.php(216): CodeIgniter\View\View->CodeIgniter\View\{closure}()
 8 SYSTEMPATH\Common.php(1142): CodeIgniter\View\View->render('default', [], true)
 9 APPPATH\Controllers\User.php(32): view('default', [...])
10 SYSTEMPATH\CodeIgniter.php(907): App\Controllers\User->index()
11 SYSTEMPATH\CodeIgniter.php(457): CodeIgniter\CodeIgniter->runController(Object(App\Controllers\User))
12 SYSTEMPATH\CodeIgniter.php(340): CodeIgniter\CodeIgniter->handleRequest(null, Object(Config\Cache), false)
13 FCPATH\index.php(68): CodeIgniter\CodeIgniter->run()
CRITICAL - 2022-10-08 02:23:42 --> Undefined variable $version
in APPPATH\Views\partials\footer.php on line 3.
 1 APPPATH\Views\partials\footer.php(3): CodeIgniter\Debug\Exceptions->errorHandler(2, 'Undefined variable $version', 'APPPATH\\Views\\partials\\footer.php', 3)
 2 SYSTEMPATH\View\View.php(213): include('APPPATH\\Views\\partials\\footer.php')
 3 SYSTEMPATH\View\View.php(216): CodeIgniter\View\View->CodeIgniter\View\{closure}()
 4 SYSTEMPATH\View\View.php(429): CodeIgniter\View\View->render('partials/footer', null, true)
 5 APPPATH\Views\default.php(254): CodeIgniter\View\View->include('partials/footer')
 6 SYSTEMPATH\View\View.php(213): include('APPPATH\\Views\\default.php')
 7 SYSTEMPATH\View\View.php(216): CodeIgniter\View\View->CodeIgniter\View\{closure}()
 8 SYSTEMPATH\Common.php(1142): CodeIgniter\View\View->render('default', [], true)
 9 APPPATH\Controllers\User.php(46): view('default', [...])
10 SYSTEMPATH\CodeIgniter.php(907): App\Controllers\User->index()
11 SYSTEMPATH\CodeIgniter.php(457): CodeIgniter\CodeIgniter->runController(Object(App\Controllers\User))
12 SYSTEMPATH\CodeIgniter.php(340): CodeIgniter\CodeIgniter->handleRequest(null, Object(Config\Cache), false)
13 FCPATH\index.php(68): CodeIgniter\CodeIgniter->run()
CRITICAL - 2022-10-08 02:24:09 --> Undefined variable $version
in APPPATH\Views\partials\footer.php on line 3.
 1 APPPATH\Views\partials\footer.php(3): CodeIgniter\Debug\Exceptions->errorHandler(2, 'Undefined variable $version', 'APPPATH\\Views\\partials\\footer.php', 3)
 2 SYSTEMPATH\View\View.php(213): include('APPPATH\\Views\\partials\\footer.php')
 3 SYSTEMPATH\View\View.php(216): CodeIgniter\View\View->CodeIgniter\View\{closure}()
 4 SYSTEMPATH\View\View.php(429): CodeIgniter\View\View->render('partials/footer', null, true)
 5 APPPATH\Views\default.php(254): CodeIgniter\View\View->include('partials/footer')
 6 SYSTEMPATH\View\View.php(213): include('APPPATH\\Views\\default.php')
 7 SYSTEMPATH\View\View.php(216): CodeIgniter\View\View->CodeIgniter\View\{closure}()
 8 SYSTEMPATH\Common.php(1142): CodeIgniter\View\View->render('default', [], true)
 9 APPPATH\Controllers\User.php(32): view('default', [...])
10 SYSTEMPATH\CodeIgniter.php(907): App\Controllers\User->index()
11 SYSTEMPATH\CodeIgniter.php(457): CodeIgniter\CodeIgniter->runController(Object(App\Controllers\User))
12 SYSTEMPATH\CodeIgniter.php(340): CodeIgniter\CodeIgniter->handleRequest(null, Object(Config\Cache), false)
13 FCPATH\index.php(68): CodeIgniter\CodeIgniter->run()
CRITICAL - 2022-10-08 02:24:10 --> Undefined variable $version
in APPPATH\Views\partials\footer.php on line 3.
 1 APPPATH\Views\partials\footer.php(3): CodeIgniter\Debug\Exceptions->errorHandler(2, 'Undefined variable $version', 'APPPATH\\Views\\partials\\footer.php', 3)
 2 SYSTEMPATH\View\View.php(213): include('APPPATH\\Views\\partials\\footer.php')
 3 SYSTEMPATH\View\View.php(216): CodeIgniter\View\View->CodeIgniter\View\{closure}()
 4 SYSTEMPATH\View\View.php(429): CodeIgniter\View\View->render('partials/footer', null, true)
 5 APPPATH\Views\default.php(254): CodeIgniter\View\View->include('partials/footer')
 6 SYSTEMPATH\View\View.php(213): include('APPPATH\\Views\\default.php')
 7 SYSTEMPATH\View\View.php(216): CodeIgniter\View\View->CodeIgniter\View\{closure}()
 8 SYSTEMPATH\Common.php(1142): CodeIgniter\View\View->render('default', [], true)
 9 APPPATH\Controllers\User.php(32): view('default', [...])
10 SYSTEMPATH\CodeIgniter.php(907): App\Controllers\User->index()
11 SYSTEMPATH\CodeIgniter.php(457): CodeIgniter\CodeIgniter->runController(Object(App\Controllers\User))
12 SYSTEMPATH\CodeIgniter.php(340): CodeIgniter\CodeIgniter->handleRequest(null, Object(Config\Cache), false)
13 FCPATH\index.php(68): CodeIgniter\CodeIgniter->run()
CRITICAL - 2022-10-08 02:24:33 --> Undefined variable $version
in APPPATH\Views\partials\footer.php on line 3.
 1 APPPATH\Views\partials\footer.php(3): CodeIgniter\Debug\Exceptions->errorHandler(2, 'Undefined variable $version', 'APPPATH\\Views\\partials\\footer.php', 3)
 2 SYSTEMPATH\View\View.php(213): include('APPPATH\\Views\\partials\\footer.php')
 3 SYSTEMPATH\View\View.php(216): CodeIgniter\View\View->CodeIgniter\View\{closure}()
 4 SYSTEMPATH\View\View.php(429): CodeIgniter\View\View->render('partials/footer', null, true)
 5 APPPATH\Views\default.php(254): CodeIgniter\View\View->include('partials/footer')
 6 SYSTEMPATH\View\View.php(213): include('APPPATH\\Views\\default.php')
 7 SYSTEMPATH\View\View.php(216): CodeIgniter\View\View->CodeIgniter\View\{closure}()
 8 SYSTEMPATH\Common.php(1142): CodeIgniter\View\View->render('default', [], true)
 9 APPPATH\Controllers\User.php(32): view('default', [...])
10 SYSTEMPATH\CodeIgniter.php(907): App\Controllers\User->index()
11 SYSTEMPATH\CodeIgniter.php(457): CodeIgniter\CodeIgniter->runController(Object(App\Controllers\User))
12 SYSTEMPATH\CodeIgniter.php(340): CodeIgniter\CodeIgniter->handleRequest(null, Object(Config\Cache), false)
13 FCPATH\index.php(68): CodeIgniter\CodeIgniter->run()
CRITICAL - 2022-10-08 02:24:34 --> Undefined variable $version
in APPPATH\Views\partials\footer.php on line 3.
 1 APPPATH\Views\partials\footer.php(3): CodeIgniter\Debug\Exceptions->errorHandler(2, 'Undefined variable $version', 'APPPATH\\Views\\partials\\footer.php', 3)
 2 SYSTEMPATH\View\View.php(213): include('APPPATH\\Views\\partials\\footer.php')
 3 SYSTEMPATH\View\View.php(216): CodeIgniter\View\View->CodeIgniter\View\{closure}()
 4 SYSTEMPATH\View\View.php(429): CodeIgniter\View\View->render('partials/footer', null, true)
 5 APPPATH\Views\default.php(254): CodeIgniter\View\View->include('partials/footer')
 6 SYSTEMPATH\View\View.php(213): include('APPPATH\\Views\\default.php')
 7 SYSTEMPATH\View\View.php(216): CodeIgniter\View\View->CodeIgniter\View\{closure}()
 8 SYSTEMPATH\Common.php(1142): CodeIgniter\View\View->render('default', [], true)
 9 APPPATH\Controllers\User.php(32): view('default', [...])
10 SYSTEMPATH\CodeIgniter.php(907): App\Controllers\User->index()
11 SYSTEMPATH\CodeIgniter.php(457): CodeIgniter\CodeIgniter->runController(Object(App\Controllers\User))
12 SYSTEMPATH\CodeIgniter.php(340): CodeIgniter\CodeIgniter->handleRequest(null, Object(Config\Cache), false)
13 FCPATH\index.php(68): CodeIgniter\CodeIgniter->run()
CRITICAL - 2022-10-08 02:24:57 --> Undefined variable $version
in APPPATH\Views\partials\footer.php on line 3.
 1 APPPATH\Views\partials\footer.php(3): CodeIgniter\Debug\Exceptions->errorHandler(2, 'Undefined variable $version', 'APPPATH\\Views\\partials\\footer.php', 3)
 2 SYSTEMPATH\View\View.php(213): include('APPPATH\\Views\\partials\\footer.php')
 3 SYSTEMPATH\View\View.php(216): CodeIgniter\View\View->CodeIgniter\View\{closure}()
 4 SYSTEMPATH\View\View.php(429): CodeIgniter\View\View->render('partials/footer', null, true)
 5 APPPATH\Views\default.php(254): CodeIgniter\View\View->include('partials/footer')
 6 SYSTEMPATH\View\View.php(213): include('APPPATH\\Views\\default.php')
 7 SYSTEMPATH\View\View.php(216): CodeIgniter\View\View->CodeIgniter\View\{closure}()
 8 SYSTEMPATH\Common.php(1142): CodeIgniter\View\View->render('default', [], true)
 9 APPPATH\Controllers\User.php(32): view('default', [...])
10 SYSTEMPATH\CodeIgniter.php(907): App\Controllers\User->index()
11 SYSTEMPATH\CodeIgniter.php(457): CodeIgniter\CodeIgniter->runController(Object(App\Controllers\User))
12 SYSTEMPATH\CodeIgniter.php(340): CodeIgniter\CodeIgniter->handleRequest(null, Object(Config\Cache), false)
13 FCPATH\index.php(68): CodeIgniter\CodeIgniter->run()
CRITICAL - 2022-10-08 02:24:58 --> Undefined variable $version
in APPPATH\Views\partials\footer.php on line 3.
 1 APPPATH\Views\partials\footer.php(3): CodeIgniter\Debug\Exceptions->errorHandler(2, 'Undefined variable $version', 'APPPATH\\Views\\partials\\footer.php', 3)
 2 SYSTEMPATH\View\View.php(213): include('APPPATH\\Views\\partials\\footer.php')
 3 SYSTEMPATH\View\View.php(216): CodeIgniter\View\View->CodeIgniter\View\{closure}()
 4 SYSTEMPATH\View\View.php(429): CodeIgniter\View\View->render('partials/footer', null, true)
 5 APPPATH\Views\default.php(254): CodeIgniter\View\View->include('partials/footer')
 6 SYSTEMPATH\View\View.php(213): include('APPPATH\\Views\\default.php')
 7 SYSTEMPATH\View\View.php(216): CodeIgniter\View\View->CodeIgniter\View\{closure}()
 8 SYSTEMPATH\Common.php(1142): CodeIgniter\View\View->render('default', [], true)
 9 APPPATH\Controllers\User.php(32): view('default', [...])
10 SYSTEMPATH\CodeIgniter.php(907): App\Controllers\User->index()
11 SYSTEMPATH\CodeIgniter.php(457): CodeIgniter\CodeIgniter->runController(Object(App\Controllers\User))
12 SYSTEMPATH\CodeIgniter.php(340): CodeIgniter\CodeIgniter->handleRequest(null, Object(Config\Cache), false)
13 FCPATH\index.php(68): CodeIgniter\CodeIgniter->run()
CRITICAL - 2022-10-08 02:24:58 --> Undefined variable $version
in APPPATH\Views\partials\footer.php on line 3.
 1 APPPATH\Views\partials\footer.php(3): CodeIgniter\Debug\Exceptions->errorHandler(2, 'Undefined variable $version', 'APPPATH\\Views\\partials\\footer.php', 3)
 2 SYSTEMPATH\View\View.php(213): include('APPPATH\\Views\\partials\\footer.php')
 3 SYSTEMPATH\View\View.php(216): CodeIgniter\View\View->CodeIgniter\View\{closure}()
 4 SYSTEMPATH\View\View.php(429): CodeIgniter\View\View->render('partials/footer', null, true)
 5 APPPATH\Views\default.php(254): CodeIgniter\View\View->include('partials/footer')
 6 SYSTEMPATH\View\View.php(213): include('APPPATH\\Views\\default.php')
 7 SYSTEMPATH\View\View.php(216): CodeIgniter\View\View->CodeIgniter\View\{closure}()
 8 SYSTEMPATH\Common.php(1142): CodeIgniter\View\View->render('default', [], true)
 9 APPPATH\Controllers\User.php(32): view('default', [...])
10 SYSTEMPATH\CodeIgniter.php(907): App\Controllers\User->index()
11 SYSTEMPATH\CodeIgniter.php(457): CodeIgniter\CodeIgniter->runController(Object(App\Controllers\User))
12 SYSTEMPATH\CodeIgniter.php(340): CodeIgniter\CodeIgniter->handleRequest(null, Object(Config\Cache), false)
13 FCPATH\index.php(68): CodeIgniter\CodeIgniter->run()
CRITICAL - 2022-10-08 02:24:58 --> Undefined variable $version
in APPPATH\Views\partials\footer.php on line 3.
 1 APPPATH\Views\partials\footer.php(3): CodeIgniter\Debug\Exceptions->errorHandler(2, 'Undefined variable $version', 'APPPATH\\Views\\partials\\footer.php', 3)
 2 SYSTEMPATH\View\View.php(213): include('APPPATH\\Views\\partials\\footer.php')
 3 SYSTEMPATH\View\View.php(216): CodeIgniter\View\View->CodeIgniter\View\{closure}()
 4 SYSTEMPATH\View\View.php(429): CodeIgniter\View\View->render('partials/footer', null, true)
 5 APPPATH\Views\default.php(254): CodeIgniter\View\View->include('partials/footer')
 6 SYSTEMPATH\View\View.php(213): include('APPPATH\\Views\\default.php')
 7 SYSTEMPATH\View\View.php(216): CodeIgniter\View\View->CodeIgniter\View\{closure}()
 8 SYSTEMPATH\Common.php(1142): CodeIgniter\View\View->render('default', [], true)
 9 APPPATH\Controllers\User.php(32): view('default', [...])
10 SYSTEMPATH\CodeIgniter.php(907): App\Controllers\User->index()
11 SYSTEMPATH\CodeIgniter.php(457): CodeIgniter\CodeIgniter->runController(Object(App\Controllers\User))
12 SYSTEMPATH\CodeIgniter.php(340): CodeIgniter\CodeIgniter->handleRequest(null, Object(Config\Cache), false)
13 FCPATH\index.php(68): CodeIgniter\CodeIgniter->run()
CRITICAL - 2022-10-08 02:24:59 --> Undefined variable $version
in APPPATH\Views\partials\footer.php on line 3.
 1 APPPATH\Views\partials\footer.php(3): CodeIgniter\Debug\Exceptions->errorHandler(2, 'Undefined variable $version', 'APPPATH\\Views\\partials\\footer.php', 3)
 2 SYSTEMPATH\View\View.php(213): include('APPPATH\\Views\\partials\\footer.php')
 3 SYSTEMPATH\View\View.php(216): CodeIgniter\View\View->CodeIgniter\View\{closure}()
 4 SYSTEMPATH\View\View.php(429): CodeIgniter\View\View->render('partials/footer', null, true)
 5 APPPATH\Views\default.php(254): CodeIgniter\View\View->include('partials/footer')
 6 SYSTEMPATH\View\View.php(213): include('APPPATH\\Views\\default.php')
 7 SYSTEMPATH\View\View.php(216): CodeIgniter\View\View->CodeIgniter\View\{closure}()
 8 SYSTEMPATH\Common.php(1142): CodeIgniter\View\View->render('default', [], true)
 9 APPPATH\Controllers\User.php(32): view('default', [...])
10 SYSTEMPATH\CodeIgniter.php(907): App\Controllers\User->index()
11 SYSTEMPATH\CodeIgniter.php(457): CodeIgniter\CodeIgniter->runController(Object(App\Controllers\User))
12 SYSTEMPATH\CodeIgniter.php(340): CodeIgniter\CodeIgniter->handleRequest(null, Object(Config\Cache), false)
13 FCPATH\index.php(68): CodeIgniter\CodeIgniter->run()
CRITICAL - 2022-10-08 02:25:00 --> Undefined variable $version
in APPPATH\Views\partials\footer.php on line 3.
 1 APPPATH\Views\partials\footer.php(3): CodeIgniter\Debug\Exceptions->errorHandler(2, 'Undefined variable $version', 'APPPATH\\Views\\partials\\footer.php', 3)
 2 SYSTEMPATH\View\View.php(213): include('APPPATH\\Views\\partials\\footer.php')
 3 SYSTEMPATH\View\View.php(216): CodeIgniter\View\View->CodeIgniter\View\{closure}()
 4 SYSTEMPATH\View\View.php(429): CodeIgniter\View\View->render('partials/footer', null, true)
 5 APPPATH\Views\default.php(254): CodeIgniter\View\View->include('partials/footer')
 6 SYSTEMPATH\View\View.php(213): include('APPPATH\\Views\\default.php')
 7 SYSTEMPATH\View\View.php(216): CodeIgniter\View\View->CodeIgniter\View\{closure}()
 8 SYSTEMPATH\Common.php(1142): CodeIgniter\View\View->render('default', [], true)
 9 APPPATH\Controllers\User.php(32): view('default', [...])
10 SYSTEMPATH\CodeIgniter.php(907): App\Controllers\User->index()
11 SYSTEMPATH\CodeIgniter.php(457): CodeIgniter\CodeIgniter->runController(Object(App\Controllers\User))
12 SYSTEMPATH\CodeIgniter.php(340): CodeIgniter\CodeIgniter->handleRequest(null, Object(Config\Cache), false)
13 FCPATH\index.php(68): CodeIgniter\CodeIgniter->run()
CRITICAL - 2022-10-08 16:12:55 --> Undefined variable $version
in APPPATH\Views\partials\footer.php on line 3.
 1 APPPATH\Views\partials\footer.php(3): CodeIgniter\Debug\Exceptions->errorHandler(2, 'Undefined variable $version', 'APPPATH\\Views\\partials\\footer.php', 3)
 2 SYSTEMPATH\View\View.php(213): include('APPPATH\\Views\\partials\\footer.php')
 3 SYSTEMPATH\View\View.php(216): CodeIgniter\View\View->CodeIgniter\View\{closure}()
 4 SYSTEMPATH\View\View.php(429): CodeIgniter\View\View->render('partials/footer', null, true)
 5 APPPATH\Views\default.php(254): CodeIgniter\View\View->include('partials/footer')
 6 SYSTEMPATH\View\View.php(213): include('APPPATH\\Views\\default.php')
 7 SYSTEMPATH\View\View.php(216): CodeIgniter\View\View->CodeIgniter\View\{closure}()
 8 SYSTEMPATH\Common.php(1142): CodeIgniter\View\View->render('default', [], true)
 9 APPPATH\Controllers\User.php(46): view('default', [...])
10 SYSTEMPATH\CodeIgniter.php(907): App\Controllers\User->index()
11 SYSTEMPATH\CodeIgniter.php(457): CodeIgniter\CodeIgniter->runController(Object(App\Controllers\User))
12 SYSTEMPATH\CodeIgniter.php(340): CodeIgniter\CodeIgniter->handleRequest(null, Object(Config\Cache), false)
13 FCPATH\index.php(68): CodeIgniter\CodeIgniter->run()
CRITICAL - 2022-10-08 16:15:42 --> Undefined variable $version
in APPPATH\Views\partials\footer.php on line 3.
 1 APPPATH\Views\partials\footer.php(3): CodeIgniter\Debug\Exceptions->errorHandler(2, 'Undefined variable $version', 'APPPATH\\Views\\partials\\footer.php', 3)
 2 SYSTEMPATH\View\View.php(213): include('APPPATH\\Views\\partials\\footer.php')
 3 SYSTEMPATH\View\View.php(216): CodeIgniter\View\View->CodeIgniter\View\{closure}()
 4 SYSTEMPATH\View\View.php(429): CodeIgniter\View\View->render('partials/footer', null, true)
 5 APPPATH\Views\default.php(254): CodeIgniter\View\View->include('partials/footer')
 6 SYSTEMPATH\View\View.php(213): include('APPPATH\\Views\\default.php')
 7 SYSTEMPATH\View\View.php(216): CodeIgniter\View\View->CodeIgniter\View\{closure}()
 8 SYSTEMPATH\Common.php(1142): CodeIgniter\View\View->render('default', [], true)
 9 APPPATH\Controllers\User.php(46): view('default', [...])
10 SYSTEMPATH\CodeIgniter.php(907): App\Controllers\User->index()
11 SYSTEMPATH\CodeIgniter.php(457): CodeIgniter\CodeIgniter->runController(Object(App\Controllers\User))
12 SYSTEMPATH\CodeIgniter.php(340): CodeIgniter\CodeIgniter->handleRequest(null, Object(Config\Cache), false)
13 FCPATH\index.php(68): CodeIgniter\CodeIgniter->run()
CRITICAL - 2022-10-08 16:46:10 --> Undefined variable $title
in APPPATH\Views\partials\header.php on line 6.
 1 APPPATH\Views\partials\header.php(6): CodeIgniter\Debug\Exceptions->errorHandler(2, 'Undefined variable $title', 'APPPATH\\Views\\partials\\header.php', 6)
 2 SYSTEMPATH\View\View.php(213): include('APPPATH\\Views\\partials\\header.php')
 3 SYSTEMPATH\View\View.php(216): CodeIgniter\View\View->CodeIgniter\View\{closure}()
 4 SYSTEMPATH\View\View.php(429): CodeIgniter\View\View->render('partials/header', null, true)
 5 APPPATH\Views\login\register.php(1): CodeIgniter\View\View->include('partials/header')
 6 SYSTEMPATH\View\View.php(213): include('APPPATH\\Views\\login\\register.php')
 7 SYSTEMPATH\View\View.php(216): CodeIgniter\View\View->CodeIgniter\View\{closure}()
 8 SYSTEMPATH\Common.php(1142): CodeIgniter\View\View->render('login/register', [], true)
 9 APPPATH\Controllers\User.php(96): view('login/register')
10 SYSTEMPATH\CodeIgniter.php(907): App\Controllers\User->register()
11 SYSTEMPATH\CodeIgniter.php(457): CodeIgniter\CodeIgniter->runController(Object(App\Controllers\User))
12 SYSTEMPATH\CodeIgniter.php(340): CodeIgniter\CodeIgniter->handleRequest(null, Object(Config\Cache), false)
13 FCPATH\index.php(68): CodeIgniter\CodeIgniter->run()
CRITICAL - 2022-10-08 16:47:30 --> Undefined variable $data
in APPPATH\Controllers\User.php on line 96.
 1 APPPATH\Controllers\User.php(96): CodeIgniter\Debug\Exceptions->errorHandler(2, 'Undefined variable $data', 'APPPATH\\Controllers\\User.php', 96)
 2 SYSTEMPATH\CodeIgniter.php(907): App\Controllers\User->register()
 3 SYSTEMPATH\CodeIgniter.php(457): CodeIgniter\CodeIgniter->runController(Object(App\Controllers\User))
 4 SYSTEMPATH\CodeIgniter.php(340): CodeIgniter\CodeIgniter->handleRequest(null, Object(Config\Cache), false)
 5 FCPATH\index.php(68): CodeIgniter\CodeIgniter->run()
CRITICAL - 2022-10-08 16:47:31 --> Undefined variable $data
in APPPATH\Controllers\User.php on line 96.
 1 APPPATH\Controllers\User.php(96): CodeIgniter\Debug\Exceptions->errorHandler(2, 'Undefined variable $data', 'APPPATH\\Controllers\\User.php', 96)
 2 SYSTEMPATH\CodeIgniter.php(907): App\Controllers\User->register()
 3 SYSTEMPATH\CodeIgniter.php(457): CodeIgniter\CodeIgniter->runController(Object(App\Controllers\User))
 4 SYSTEMPATH\CodeIgniter.php(340): CodeIgniter\CodeIgniter->handleRequest(null, Object(Config\Cache), false)
 5 FCPATH\index.php(68): CodeIgniter\CodeIgniter->run()
CRITICAL - 2022-10-08 16:47:32 --> Undefined variable $data
in APPPATH\Controllers\User.php on line 96.
 1 APPPATH\Controllers\User.php(96): CodeIgniter\Debug\Exceptions->errorHandler(2, 'Undefined variable $data', 'APPPATH\\Controllers\\User.php', 96)
 2 SYSTEMPATH\CodeIgniter.php(907): App\Controllers\User->register()
 3 SYSTEMPATH\CodeIgniter.php(457): CodeIgniter\CodeIgniter->runController(Object(App\Controllers\User))
 4 SYSTEMPATH\CodeIgniter.php(340): CodeIgniter\CodeIgniter->handleRequest(null, Object(Config\Cache), false)
 5 FCPATH\index.php(68): CodeIgniter\CodeIgniter->run()
CRITICAL - 2022-10-08 17:22:21 --> CodeIgniter\Config\Services::validation(): Argument #1 ($config) must be of type ?Config\Validation, array given, called in C:\xampp\htdocs\etkal\system\Config\BaseService.php on line 253
in SYSTEMPATH\Config\Services.php on line 738.
 1 SYSTEMPATH\Config\BaseService.php(253): CodeIgniter\Config\Services::validation([...])
 2 APPPATH\Controllers\User.php(80): CodeIgniter\Config\BaseService::__callStatic('validation', [...])
 3 SYSTEMPATH\CodeIgniter.php(907): App\Controllers\User->register()
 4 SYSTEMPATH\CodeIgniter.php(457): CodeIgniter\CodeIgniter->runController(Object(App\Controllers\User))
 5 SYSTEMPATH\CodeIgniter.php(340): CodeIgniter\CodeIgniter->handleRequest(null, Object(Config\Cache), false)
 6 FCPATH\index.php(68): CodeIgniter\CodeIgniter->run()
ERROR - 2022-10-08 18:15:48 --> Error connecting to the database: mysqli_sql_exception: Access denied for user ''@'localhost' (using password: NO) in C:\xampp\htdocs\etkal\system\Database\MySQLi\Connection.php:171
Stack trace:
#0 C:\xampp\htdocs\etkal\system\Database\MySQLi\Connection.php(171): mysqli->real_connect('localhost', '', '', '', 3306, '', 0)
#1 C:\xampp\htdocs\etkal\system\Database\BaseConnection.php(382): CodeIgniter\Database\MySQLi\Connection->connect(false)
#2 C:\xampp\htdocs\etkal\system\Database\BaseConnection.php(588): CodeIgniter\Database\BaseConnection->initialize()
#3 C:\xampp\htdocs\etkal\system\Database\BaseBuilder.php(1585): CodeIgniter\Database\BaseConnection->query('SELECT 1\nFROM `...', Array, false)
#4 C:\xampp\htdocs\etkal\system\Validation\Rules.php(142): CodeIgniter\Database\BaseBuilder->get()
#5 C:\xampp\htdocs\etkal\system\Validation\Validation.php(315): CodeIgniter\Validation\Rules->is_unique('dwtk.ayele@gmai...', 'email', Array, NULL)
#6 C:\xampp\htdocs\etkal\system\Validation\Validation.php(175): CodeIgniter\Validation\Validation->processRules('email', 'email', 'dwtk.ayele@gmai...', Array, Array)
#7 C:\xampp\htdocs\etkal\system\Controller.php(140): CodeIgniter\Validation\Validation->run()
#8 C:\xampp\htdocs\etkal\app\Controllers\User.php(112): CodeIgniter\Controller->validate(Array)
#9 C:\xampp\htdocs\etkal\system\CodeIgniter.php(907): App\Controllers\User->register()
#10 C:\xampp\htdocs\etkal\system\CodeIgniter.php(457): CodeIgniter\CodeIgniter->runController(Object(App\Controllers\User))
#11 C:\xampp\htdocs\etkal\system\CodeIgniter.php(340): CodeIgniter\CodeIgniter->handleRequest(NULL, Object(Config\Cache), false)
#12 C:\xampp\htdocs\etkal\index.php(68): CodeIgniter\CodeIgniter->run()
#13 {main}

Next CodeIgniter\Database\Exceptions\DatabaseException: Access denied for user ''@'localhost' (using password: NO) in C:\xampp\htdocs\etkal\system\Database\MySQLi\Connection.php:215
Stack trace:
#0 C:\xampp\htdocs\etkal\system\Database\BaseConnection.php(382): CodeIgniter\Database\MySQLi\Connection->connect(false)
#1 C:\xampp\htdocs\etkal\system\Database\BaseConnection.php(588): CodeIgniter\Database\BaseConnection->initialize()
#2 C:\xampp\htdocs\etkal\system\Database\BaseBuilder.php(1585): CodeIgniter\Database\BaseConnection->query('SELECT 1\nFROM `...', Array, false)
#3 C:\xampp\htdocs\etkal\system\Validation\Rules.php(142): CodeIgniter\Database\BaseBuilder->get()
#4 C:\xampp\htdocs\etkal\system\Validation\Validation.php(315): CodeIgniter\Validation\Rules->is_unique('dwtk.ayele@gmai...', 'email', Array, NULL)
#5 C:\xampp\htdocs\etkal\system\Validation\Validation.php(175): CodeIgniter\Validation\Validation->processRules('email', 'email', 'dwtk.ayele@gmai...', Array, Array)
#6 C:\xampp\htdocs\etkal\system\Controller.php(140): CodeIgniter\Validation\Validation->run()
#7 C:\xampp\htdocs\etkal\app\Controllers\User.php(112): CodeIgniter\Controller->validate(Array)
#8 C:\xampp\htdocs\etkal\system\CodeIgniter.php(907): App\Controllers\User->register()
#9 C:\xampp\htdocs\etkal\system\CodeIgniter.php(457): CodeIgniter\CodeIgniter->runController(Object(App\Controllers\User))
#10 C:\xampp\htdocs\etkal\system\CodeIgniter.php(340): CodeIgniter\CodeIgniter->handleRequest(NULL, Object(Config\Cache), false)
#11 C:\xampp\htdocs\etkal\index.php(68): CodeIgniter\CodeIgniter->run()
#12 {main}
CRITICAL - 2022-10-08 18:15:48 --> Unable to connect to the database.
Main connection [MySQLi]: Access denied for user ''@'localhost' (using password: NO)
in SYSTEMPATH\Database\BaseConnection.php on line 418.
 1 SYSTEMPATH\Database\BaseConnection.php(588): CodeIgniter\Database\BaseConnection->initialize()
 2 SYSTEMPATH\Database\BaseBuilder.php(1585): CodeIgniter\Database\BaseConnection->query('SELECT 1
FROM `users`
WHERE `email` = :email:
 LIMIT 1', [...], false)
 3 SYSTEMPATH\Validation\Rules.php(142): CodeIgniter\Database\BaseBuilder->get()
 4 SYSTEMPATH\Validation\Validation.php(315): CodeIgniter\Validation\Rules->is_unique('dwtk.ayele@gmail.com', 'email', [...], null)
 5 SYSTEMPATH\Validation\Validation.php(175): CodeIgniter\Validation\Validation->processRules('email', 'email', 'dwtk.ayele@gmail.com', [...], [...])
 6 SYSTEMPATH\Controller.php(140): CodeIgniter\Validation\Validation->run()
 7 APPPATH\Controllers\User.php(112): CodeIgniter\Controller->validate([...])
 8 SYSTEMPATH\CodeIgniter.php(907): App\Controllers\User->register()
 9 SYSTEMPATH\CodeIgniter.php(457): CodeIgniter\CodeIgniter->runController(Object(App\Controllers\User))
10 SYSTEMPATH\CodeIgniter.php(340): CodeIgniter\CodeIgniter->handleRequest(null, Object(Config\Cache), false)
11 FCPATH\index.php(68): CodeIgniter\CodeIgniter->run()
