CRITICAL - 2022-12-31 01:29:21 --> Array to string conversion
in APPPATH\Controllers\EditMeaning.php on line 120.
 1 [internal function]: CodeIgniter\Debug\Exceptions->errorHandler(2, 'Array to string conversion', 'APPPATH\\Controllers\\EditMeaning.php', 120)
 2 APPPATH\Controllers\EditMeaning.php(120): array_diff([...], [...])
 3 SYSTEMPATH\CodeIgniter.php(907): App\Controllers\EditMeaning->update()
 4 SYSTEMPATH\CodeIgniter.php(457): CodeIgniter\CodeIgniter->runController(Object(App\Controllers\EditMeaning))
 5 SYSTEMPATH\CodeIgniter.php(340): CodeIgniter\CodeIgniter->handleRequest(null, Object(Config\Cache), false)
 6 FCPATH\index.php(68): CodeIgniter\CodeIgniter->run()
CRITICAL - 2022-12-31 01:30:43 --> Array to string conversion
in APPPATH\Controllers\EditMeaning.php on line 120.
 1 [internal function]: CodeIgniter\Debug\Exceptions->errorHandler(2, 'Array to string conversion', 'APPPATH\\Controllers\\EditMeaning.php', 120)
 2 APPPATH\Controllers\EditMeaning.php(120): array_diff([...], [...])
 3 SYSTEMPATH\CodeIgniter.php(907): App\Controllers\EditMeaning->update()
 4 SYSTEMPATH\CodeIgniter.php(457): CodeIgniter\CodeIgniter->runController(Object(App\Controllers\EditMeaning))
 5 SYSTEMPATH\CodeIgniter.php(340): CodeIgniter\CodeIgniter->handleRequest(null, Object(Config\Cache), false)
 6 FCPATH\index.php(68): CodeIgniter\CodeIgniter->run()
CRITICAL - 2022-12-31 01:32:26 --> Array to string conversion
in APPPATH\Controllers\EditMeaning.php on line 120.
 1 [internal function]: CodeIgniter\Debug\Exceptions->errorHandler(2, 'Array to string conversion', 'APPPATH\\Controllers\\EditMeaning.php', 120)
 2 APPPATH\Controllers\EditMeaning.php(120): array_diff([...], [...])
 3 SYSTEMPATH\CodeIgniter.php(907): App\Controllers\EditMeaning->update()
 4 SYSTEMPATH\CodeIgniter.php(457): CodeIgniter\CodeIgniter->runController(Object(App\Controllers\EditMeaning))
 5 SYSTEMPATH\CodeIgniter.php(340): CodeIgniter\CodeIgniter->handleRequest(null, Object(Config\Cache), false)
 6 FCPATH\index.php(68): CodeIgniter\CodeIgniter->run()
CRITICAL - 2022-12-31 01:40:22 --> Array to string conversion
in APPPATH\Controllers\EditMeaning.php on line 120.
 1 [internal function]: CodeIgniter\Debug\Exceptions->errorHandler(2, 'Array to string conversion', 'APPPATH\\Controllers\\EditMeaning.php', 120)
 2 APPPATH\Controllers\EditMeaning.php(120): array_diff([...], [...])
 3 SYSTEMPATH\CodeIgniter.php(907): App\Controllers\EditMeaning->update()
 4 SYSTEMPATH\CodeIgniter.php(457): CodeIgniter\CodeIgniter->runController(Object(App\Controllers\EditMeaning))
 5 SYSTEMPATH\CodeIgniter.php(340): CodeIgniter\CodeIgniter->handleRequest(null, Object(Config\Cache), false)
 6 FCPATH\index.php(68): CodeIgniter\CodeIgniter->run()
CRITICAL - 2022-12-31 01:40:57 --> Array to string conversion
in APPPATH\Controllers\EditMeaning.php on line 120.
 1 [internal function]: CodeIgniter\Debug\Exceptions->errorHandler(2, 'Array to string conversion', 'APPPATH\\Controllers\\EditMeaning.php', 120)
 2 APPPATH\Controllers\EditMeaning.php(120): array_diff([...], [...])
 3 SYSTEMPATH\CodeIgniter.php(907): App\Controllers\EditMeaning->update()
 4 SYSTEMPATH\CodeIgniter.php(457): CodeIgniter\CodeIgniter->runController(Object(App\Controllers\EditMeaning))
 5 SYSTEMPATH\CodeIgniter.php(340): CodeIgniter\CodeIgniter->handleRequest(null, Object(Config\Cache), false)
 6 FCPATH\index.php(68): CodeIgniter\CodeIgniter->run()
CRITICAL - 2022-12-31 01:40:58 --> Array to string conversion
in APPPATH\Controllers\EditMeaning.php on line 120.
 1 [internal function]: CodeIgniter\Debug\Exceptions->errorHandler(2, 'Array to string conversion', 'APPPATH\\Controllers\\EditMeaning.php', 120)
 2 APPPATH\Controllers\EditMeaning.php(120): array_diff([...], [...])
 3 SYSTEMPATH\CodeIgniter.php(907): App\Controllers\EditMeaning->update()
 4 SYSTEMPATH\CodeIgniter.php(457): CodeIgniter\CodeIgniter->runController(Object(App\Controllers\EditMeaning))
 5 SYSTEMPATH\CodeIgniter.php(340): CodeIgniter\CodeIgniter->handleRequest(null, Object(Config\Cache), false)
 6 FCPATH\index.php(68): CodeIgniter\CodeIgniter->run()
CRITICAL - 2022-12-31 01:41:58 --> Array to string conversion
in APPPATH\Controllers\EditMeaning.php on line 120.
 1 [internal function]: CodeIgniter\Debug\Exceptions->errorHandler(2, 'Array to string conversion', 'APPPATH\\Controllers\\EditMeaning.php', 120)
 2 APPPATH\Controllers\EditMeaning.php(120): array_diff([...], [...])
 3 SYSTEMPATH\CodeIgniter.php(907): App\Controllers\EditMeaning->update()
 4 SYSTEMPATH\CodeIgniter.php(457): CodeIgniter\CodeIgniter->runController(Object(App\Controllers\EditMeaning))
 5 SYSTEMPATH\CodeIgniter.php(340): CodeIgniter\CodeIgniter->handleRequest(null, Object(Config\Cache), false)
 6 FCPATH\index.php(68): CodeIgniter\CodeIgniter->run()
CRITICAL - 2022-12-31 14:15:14 --> Array to string conversion
in APPPATH\Controllers\EditMeaning.php on line 120.
 1 [internal function]: CodeIgniter\Debug\Exceptions->errorHandler(2, 'Array to string conversion', 'APPPATH\\Controllers\\EditMeaning.php', 120)
 2 APPPATH\Controllers\EditMeaning.php(120): array_diff([...], [...])
 3 SYSTEMPATH\CodeIgniter.php(907): App\Controllers\EditMeaning->update()
 4 SYSTEMPATH\CodeIgniter.php(457): CodeIgniter\CodeIgniter->runController(Object(App\Controllers\EditMeaning))
 5 SYSTEMPATH\CodeIgniter.php(340): CodeIgniter\CodeIgniter->handleRequest(null, Object(Config\Cache), false)
 6 FCPATH\index.php(68): CodeIgniter\CodeIgniter->run()
CRITICAL - 2022-12-31 14:26:51 --> Undefined array key "languagefrom"
in APPPATH\Models\WordsModel.php on line 114.
 1 APPPATH\Models\WordsModel.php(114): CodeIgniter\Debug\Exceptions->errorHandler(2, 'Undefined array key "languagefrom"', 'APPPATH\\Models\\WordsModel.php', 114)
 2 APPPATH\Controllers\EditMeaning.php(126): App\Models\WordsModel->word_update('1', [...])
 3 SYSTEMPATH\CodeIgniter.php(907): App\Controllers\EditMeaning->update()
 4 SYSTEMPATH\CodeIgniter.php(457): CodeIgniter\CodeIgniter->runController(Object(App\Controllers\EditMeaning))
 5 SYSTEMPATH\CodeIgniter.php(340): CodeIgniter\CodeIgniter->handleRequest(null, Object(Config\Cache), false)
 6 FCPATH\index.php(68): CodeIgniter\CodeIgniter->run()
CRITICAL - 2022-12-31 14:33:31 --> There is no data to update.
in SYSTEMPATH\BaseModel.php on line 1577.
 1 SYSTEMPATH\BaseModel.php(1577): CodeIgniter\Database\Exceptions\DataException::forEmptyDataset('update')
 2 SYSTEMPATH\BaseModel.php(832): CodeIgniter\BaseModel->transformDataToArray([], 'update')
 3 SYSTEMPATH\Model.php(693): CodeIgniter\BaseModel->update([...], [])
 4 APPPATH\Models\WordsModel.php(115): CodeIgniter\Model->update('1', [])
 5 APPPATH\Controllers\EditMeaning.php(121): App\Models\WordsModel->word_update('1', [])
 6 SYSTEMPATH\CodeIgniter.php(907): App\Controllers\EditMeaning->update()
 7 SYSTEMPATH\CodeIgniter.php(457): CodeIgniter\CodeIgniter->runController(Object(App\Controllers\EditMeaning))
 8 SYSTEMPATH\CodeIgniter.php(340): CodeIgniter\CodeIgniter->handleRequest(null, Object(Config\Cache), false)
 9 FCPATH\index.php(68): CodeIgniter\CodeIgniter->run()
CRITICAL - 2022-12-31 14:48:37 --> There is no data to update.
in SYSTEMPATH\BaseModel.php on line 1577.
 1 SYSTEMPATH\BaseModel.php(1577): CodeIgniter\Database\Exceptions\DataException::forEmptyDataset('update')
 2 SYSTEMPATH\BaseModel.php(832): CodeIgniter\BaseModel->transformDataToArray([], 'update')
 3 SYSTEMPATH\Model.php(693): CodeIgniter\BaseModel->update([...], [])
 4 APPPATH\Models\WordsModel.php(115): CodeIgniter\Model->update('1', [])
 5 APPPATH\Controllers\EditMeaning.php(129): App\Models\WordsModel->word_update('1', [])
 6 SYSTEMPATH\CodeIgniter.php(907): App\Controllers\EditMeaning->update()
 7 SYSTEMPATH\CodeIgniter.php(457): CodeIgniter\CodeIgniter->runController(Object(App\Controllers\EditMeaning))
 8 SYSTEMPATH\CodeIgniter.php(340): CodeIgniter\CodeIgniter->handleRequest(null, Object(Config\Cache), false)
 9 FCPATH\index.php(68): CodeIgniter\CodeIgniter->run()
CRITICAL - 2022-12-31 14:57:37 --> trim(): Passing null to parameter #1 ($string) of type string is deprecated
in APPPATH\Controllers\EditMeaning.php on line 100.
 1 [internal function]: CodeIgniter\Debug\Exceptions->errorHandler(8192, 'trim(): Passing null to parameter #1 ($string) of type string is deprecated', 'APPPATH\\Controllers\\EditMeaning.php', 100)
 2 APPPATH\Controllers\EditMeaning.php(100): trim(null)
 3 SYSTEMPATH\CodeIgniter.php(907): App\Controllers\EditMeaning->update()
 4 SYSTEMPATH\CodeIgniter.php(457): CodeIgniter\CodeIgniter->runController(Object(App\Controllers\EditMeaning))
 5 SYSTEMPATH\CodeIgniter.php(340): CodeIgniter\CodeIgniter->handleRequest(null, Object(Config\Cache), false)
 6 FCPATH\index.php(68): CodeIgniter\CodeIgniter->run()
CRITICAL - 2022-12-31 15:02:05 --> Undefined array key "meaning_image"
in APPPATH\Controllers\EditMeaning.php on line 118.
 1 APPPATH\Controllers\EditMeaning.php(118): CodeIgniter\Debug\Exceptions->errorHandler(2, 'Undefined array key "meaning_image"', 'APPPATH\\Controllers\\EditMeaning.php', 118)
 2 SYSTEMPATH\CodeIgniter.php(907): App\Controllers\EditMeaning->update()
 3 SYSTEMPATH\CodeIgniter.php(457): CodeIgniter\CodeIgniter->runController(Object(App\Controllers\EditMeaning))
 4 SYSTEMPATH\CodeIgniter.php(340): CodeIgniter\CodeIgniter->handleRequest(null, Object(Config\Cache), false)
 5 FCPATH\index.php(68): CodeIgniter\CodeIgniter->run()
CRITICAL - 2022-12-31 15:47:24 --> trim(): Passing null to parameter #1 ($string) of type string is deprecated
in APPPATH\Controllers\EditMeaning.php on line 104.
 1 [internal function]: CodeIgniter\Debug\Exceptions->errorHandler(8192, 'trim(): Passing null to parameter #1 ($string) of type string is deprecated', 'APPPATH\\Controllers\\EditMeaning.php', 104)
 2 APPPATH\Controllers\EditMeaning.php(104): trim(null)
 3 SYSTEMPATH\CodeIgniter.php(907): App\Controllers\EditMeaning->update()
 4 SYSTEMPATH\CodeIgniter.php(457): CodeIgniter\CodeIgniter->runController(Object(App\Controllers\EditMeaning))
 5 SYSTEMPATH\CodeIgniter.php(340): CodeIgniter\CodeIgniter->handleRequest(null, Object(Config\Cache), false)
 6 FCPATH\index.php(68): CodeIgniter\CodeIgniter->run()
CRITICAL - 2022-12-31 15:47:59 --> Undefined array key "user_report"
in APPPATH\Controllers\EditMeaning.php on line 51.
 1 APPPATH\Controllers\EditMeaning.php(51): CodeIgniter\Debug\Exceptions->errorHandler(2, 'Undefined array key "user_report"', 'APPPATH\\Controllers\\EditMeaning.php', 51)
 2 SYSTEMPATH\CodeIgniter.php(907): App\Controllers\EditMeaning->edit('1', '65')
 3 SYSTEMPATH\CodeIgniter.php(457): CodeIgniter\CodeIgniter->runController(Object(App\Controllers\EditMeaning))
 4 SYSTEMPATH\CodeIgniter.php(340): CodeIgniter\CodeIgniter->handleRequest(null, Object(Config\Cache), false)
 5 FCPATH\index.php(68): CodeIgniter\CodeIgniter->run()
CRITICAL - 2022-12-31 15:56:09 --> array_diff_assoc(): Argument #2 must be of type array, App\Entities\WordMeaning given
in APPPATH\Controllers\EditMeaning.php on line 144.
 1 APPPATH\Controllers\EditMeaning.php(144): array_diff_assoc([...], Object(App\Entities\WordMeaning))
 2 SYSTEMPATH\CodeIgniter.php(907): App\Controllers\EditMeaning->update()
 3 SYSTEMPATH\CodeIgniter.php(457): CodeIgniter\CodeIgniter->runController(Object(App\Controllers\EditMeaning))
 4 SYSTEMPATH\CodeIgniter.php(340): CodeIgniter\CodeIgniter->handleRequest(null, Object(Config\Cache), false)
 5 FCPATH\index.php(68): CodeIgniter\CodeIgniter->run()
CRITICAL - 2022-12-31 15:57:42 --> Call to undefined method App\Entities\WordMeaning::get()
in APPPATH\Controllers\EditMeaning.php on line 144.
 1 SYSTEMPATH\CodeIgniter.php(907): App\Controllers\EditMeaning->update()
 2 SYSTEMPATH\CodeIgniter.php(457): CodeIgniter\CodeIgniter->runController(Object(App\Controllers\EditMeaning))
 3 SYSTEMPATH\CodeIgniter.php(340): CodeIgniter\CodeIgniter->handleRequest(null, Object(Config\Cache), false)
 4 FCPATH\index.php(68): CodeIgniter\CodeIgniter->run()
CRITICAL - 2022-12-31 15:58:05 --> Call to undefined method App\Entities\WordMeaning::getResultArray()
in APPPATH\Controllers\EditMeaning.php on line 144.
 1 SYSTEMPATH\CodeIgniter.php(907): App\Controllers\EditMeaning->update()
 2 SYSTEMPATH\CodeIgniter.php(457): CodeIgniter\CodeIgniter->runController(Object(App\Controllers\EditMeaning))
 3 SYSTEMPATH\CodeIgniter.php(340): CodeIgniter\CodeIgniter->handleRequest(null, Object(Config\Cache), false)
 4 FCPATH\index.php(68): CodeIgniter\CodeIgniter->run()
CRITICAL - 2022-12-31 16:00:45 --> Array to string conversion
in APPPATH\Controllers\EditMeaning.php on line 150.
 1 APPPATH\Controllers\EditMeaning.php(150): CodeIgniter\Debug\Exceptions->errorHandler(2, 'Array to string conversion', 'APPPATH\\Controllers\\EditMeaning.php', 150)
 2 SYSTEMPATH\CodeIgniter.php(907): App\Controllers\EditMeaning->update()
 3 SYSTEMPATH\CodeIgniter.php(457): CodeIgniter\CodeIgniter->runController(Object(App\Controllers\EditMeaning))
 4 SYSTEMPATH\CodeIgniter.php(340): CodeIgniter\CodeIgniter->handleRequest(null, Object(Config\Cache), false)
 5 FCPATH\index.php(68): CodeIgniter\CodeIgniter->run()
CRITICAL - 2022-12-31 16:01:23 --> Array to string conversion
in APPPATH\Controllers\EditMeaning.php on line 150.
 1 APPPATH\Controllers\EditMeaning.php(150): CodeIgniter\Debug\Exceptions->errorHandler(2, 'Array to string conversion', 'APPPATH\\Controllers\\EditMeaning.php', 150)
 2 SYSTEMPATH\CodeIgniter.php(907): App\Controllers\EditMeaning->update()
 3 SYSTEMPATH\CodeIgniter.php(457): CodeIgniter\CodeIgniter->runController(Object(App\Controllers\EditMeaning))
 4 SYSTEMPATH\CodeIgniter.php(340): CodeIgniter\CodeIgniter->handleRequest(null, Object(Config\Cache), false)
 5 FCPATH\index.php(68): CodeIgniter\CodeIgniter->run()
CRITICAL - 2022-12-31 16:02:57 --> Object of class App\Models\WordMeaningModel could not be converted to string
in APPPATH\Controllers\EditMeaning.php on line 150.
 1 SYSTEMPATH\CodeIgniter.php(907): App\Controllers\EditMeaning->update()
 2 SYSTEMPATH\CodeIgniter.php(457): CodeIgniter\CodeIgniter->runController(Object(App\Controllers\EditMeaning))
 3 SYSTEMPATH\CodeIgniter.php(340): CodeIgniter\CodeIgniter->handleRequest(null, Object(Config\Cache), false)
 4 FCPATH\index.php(68): CodeIgniter\CodeIgniter->run()
ERROR - 2022-12-31 16:21:09 --> mysqli_sql_exception: Cannot add or update a child row: a foreign key constraint fails (`kal`.`meanings`, CONSTRAINT `meanings_ibfk_1` FOREIGN KEY (`part_of_speech_id`) REFERENCES `parts_of_speechs` (`part_of_speech_id`) ON DELETE NO ACTION ON UPDATE CASCADE) in C:\xampp\htdocs\etkal\system\Database\MySQLi\Connection.php:292
Stack trace:
#0 C:\xampp\htdocs\etkal\system\Database\MySQLi\Connection.php(292): mysqli->query('UPDATE `meaning...', 0)
#1 C:\xampp\htdocs\etkal\system\Database\BaseConnection.php(693): CodeIgniter\Database\MySQLi\Connection->execute('UPDATE `meaning...')
#2 C:\xampp\htdocs\etkal\system\Database\BaseConnection.php(620): CodeIgniter\Database\BaseConnection->simpleQuery('UPDATE `meaning...')
#3 C:\xampp\htdocs\etkal\system\Database\BaseBuilder.php(2079): CodeIgniter\Database\BaseConnection->query('UPDATE `meaning...', Array, false)
#4 C:\xampp\htdocs\etkal\system\Model.php(338): CodeIgniter\Database\BaseBuilder->update()
#5 C:\xampp\htdocs\etkal\system\BaseModel.php(865): CodeIgniter\Model->doUpdate(Array, Array)
#6 C:\xampp\htdocs\etkal\system\Model.php(693): CodeIgniter\BaseModel->update(Array, Array)
#7 C:\xampp\htdocs\etkal\app\Models\MeaningsModel.php(86): CodeIgniter\Model->update('1', Array)
#8 C:\xampp\htdocs\etkal\app\Controllers\EditMeaning.php(134): App\Models\MeaningsModel->meaning_update('1', Array)
#9 C:\xampp\htdocs\etkal\system\CodeIgniter.php(907): App\Controllers\EditMeaning->update()
#10 C:\xampp\htdocs\etkal\system\CodeIgniter.php(457): CodeIgniter\CodeIgniter->runController(Object(App\Controllers\EditMeaning))
#11 C:\xampp\htdocs\etkal\system\CodeIgniter.php(340): CodeIgniter\CodeIgniter->handleRequest(NULL, Object(Config\Cache), false)
#12 C:\xampp\htdocs\etkal\index.php(68): CodeIgniter\CodeIgniter->run()
#13 {main}
CRITICAL - 2022-12-31 16:21:09 --> Cannot add or update a child row: a foreign key constraint fails (`kal`.`meanings`, CONSTRAINT `meanings_ibfk_1` FOREIGN KEY (`part_of_speech_id`) REFERENCES `parts_of_speechs` (`part_of_speech_id`) ON DELETE NO ACTION ON UPDATE CASCADE)
in SYSTEMPATH\Database\MySQLi\Connection.php on line 292.
 1 SYSTEMPATH\Database\MySQLi\Connection.php(292): mysqli->query('UPDATE `meanings` SET `homonyms` = \'No\', `part_of_speech_id` = \'0\', `updated_at` = \'2022-12-31 16:21:09\'
WHERE `meanings`.`meaning_id` IN (\'1\')', 0)
 2 SYSTEMPATH\Database\BaseConnection.php(693): CodeIgniter\Database\MySQLi\Connection->execute('UPDATE `meanings` SET `homonyms` = \'No\', `part_of_speech_id` = \'0\', `updated_at` = \'2022-12-31 16:21:09\'
WHERE `meanings`.`meaning_id` IN (\'1\')')
 3 SYSTEMPATH\Database\BaseConnection.php(620): CodeIgniter\Database\BaseConnection->simpleQuery('UPDATE `meanings` SET `homonyms` = \'No\', `part_of_speech_id` = \'0\', `updated_at` = \'2022-12-31 16:21:09\'
WHERE `meanings`.`meaning_id` IN (\'1\')')
 4 SYSTEMPATH\Database\BaseBuilder.php(2079): CodeIgniter\Database\BaseConnection->query('UPDATE `meanings` SET `homonyms` = :homonyms:, `part_of_speech_id` = :part_of_speech_id:, `updated_at` = :updated_at:
WHERE `meanings`.`meaning_id` IN :meanings.meaning_id:', [...], false)
 5 SYSTEMPATH\Model.php(338): CodeIgniter\Database\BaseBuilder->update()
 6 SYSTEMPATH\BaseModel.php(865): CodeIgniter\Model->doUpdate([...], [...])
 7 SYSTEMPATH\Model.php(693): CodeIgniter\BaseModel->update([...], [...])
 8 APPPATH\Models\MeaningsModel.php(86): CodeIgniter\Model->update('1', [...])
 9 APPPATH\Controllers\EditMeaning.php(134): App\Models\MeaningsModel->meaning_update('1', [...])
10 SYSTEMPATH\CodeIgniter.php(907): App\Controllers\EditMeaning->update()
11 SYSTEMPATH\CodeIgniter.php(457): CodeIgniter\CodeIgniter->runController(Object(App\Controllers\EditMeaning))
12 SYSTEMPATH\CodeIgniter.php(340): CodeIgniter\CodeIgniter->handleRequest(null, Object(Config\Cache), false)
13 FCPATH\index.php(68): CodeIgniter\CodeIgniter->run()
CRITICAL - 2022-12-31 16:58:23 --> Undefined array key "tags"
in APPPATH\Models\TagsModel.php on line 64.
 1 APPPATH\Models\TagsModel.php(64): CodeIgniter\Debug\Exceptions->errorHandler(2, 'Undefined array key "tags"', 'APPPATH\\Models\\TagsModel.php', 64)
 2 APPPATH\Controllers\EditMeaning.php(148): App\Models\TagsModel->insert_tag([...])
 3 SYSTEMPATH\CodeIgniter.php(907): App\Controllers\EditMeaning->update()
 4 SYSTEMPATH\CodeIgniter.php(457): CodeIgniter\CodeIgniter->runController(Object(App\Controllers\EditMeaning))
 5 SYSTEMPATH\CodeIgniter.php(340): CodeIgniter\CodeIgniter->handleRequest(null, Object(Config\Cache), false)
 6 FCPATH\index.php(68): CodeIgniter\CodeIgniter->run()
CRITICAL - 2022-12-31 17:00:37 --> Undefined array key "tags"
in APPPATH\Controllers\EditMeaning.php on line 145.
 1 APPPATH\Controllers\EditMeaning.php(145): CodeIgniter\Debug\Exceptions->errorHandler(2, 'Undefined array key "tags"', 'APPPATH\\Controllers\\EditMeaning.php', 145)
 2 SYSTEMPATH\CodeIgniter.php(907): App\Controllers\EditMeaning->update()
 3 SYSTEMPATH\CodeIgniter.php(457): CodeIgniter\CodeIgniter->runController(Object(App\Controllers\EditMeaning))
 4 SYSTEMPATH\CodeIgniter.php(340): CodeIgniter\CodeIgniter->handleRequest(null, Object(Config\Cache), false)
 5 FCPATH\index.php(68): CodeIgniter\CodeIgniter->run()
CRITICAL - 2022-12-31 17:01:01 --> Undefined array key "user_id"
in APPPATH\Models\TagsModel.php on line 68.
 1 APPPATH\Models\TagsModel.php(68): CodeIgniter\Debug\Exceptions->errorHandler(2, 'Undefined array key "user_id"', 'APPPATH\\Models\\TagsModel.php', 68)
 2 APPPATH\Controllers\EditMeaning.php(149): App\Models\TagsModel->insert_tag([...])
 3 SYSTEMPATH\CodeIgniter.php(907): App\Controllers\EditMeaning->update()
 4 SYSTEMPATH\CodeIgniter.php(457): CodeIgniter\CodeIgniter->runController(Object(App\Controllers\EditMeaning))
 5 SYSTEMPATH\CodeIgniter.php(340): CodeIgniter\CodeIgniter->handleRequest(null, Object(Config\Cache), false)
 6 FCPATH\index.php(68): CodeIgniter\CodeIgniter->run()
CRITICAL - 2022-12-31 17:04:07 --> Undefined array key "word_meaning_id"
in APPPATH\Models\WordMeaningTagsModel.php on line 64.
 1 APPPATH\Models\WordMeaningTagsModel.php(64): CodeIgniter\Debug\Exceptions->errorHandler(2, 'Undefined array key "word_meaning_id"', 'APPPATH\\Models\\WordMeaningTagsModel.php', 64)
 2 APPPATH\Controllers\EditMeaning.php(150): App\Models\WordMeaningTagsModel->insert_word_meaning_tags([...])
 3 SYSTEMPATH\CodeIgniter.php(907): App\Controllers\EditMeaning->update()
 4 SYSTEMPATH\CodeIgniter.php(457): CodeIgniter\CodeIgniter->runController(Object(App\Controllers\EditMeaning))
 5 SYSTEMPATH\CodeIgniter.php(340): CodeIgniter\CodeIgniter->handleRequest(null, Object(Config\Cache), false)
 6 FCPATH\index.php(68): CodeIgniter\CodeIgniter->run()
CRITICAL - 2022-12-31 17:06:06 --> Cannot access offset of type string on string
in APPPATH\Views\search\search2.php on line 104.
 1 SYSTEMPATH\View\View.php(213): include()
 2 SYSTEMPATH\View\View.php(216): CodeIgniter\View\View->CodeIgniter\View\{closure}()
 3 SYSTEMPATH\Common.php(1142): CodeIgniter\View\View->render('search/search2', [], true)
 4 APPPATH\Controllers\Search.php(72): view('search/search2', [...])
 5 SYSTEMPATH\CodeIgniter.php(907): App\Controllers\Search->searchword()
 6 SYSTEMPATH\CodeIgniter.php(457): CodeIgniter\CodeIgniter->runController(Object(App\Controllers\Search))
 7 SYSTEMPATH\CodeIgniter.php(340): CodeIgniter\CodeIgniter->handleRequest(null, Object(Config\Cache), false)
 8 FCPATH\index.php(68): CodeIgniter\CodeIgniter->run()
CRITICAL - 2022-12-31 17:16:47 --> Cannot access offset of type string on string
in APPPATH\Views\search\search.php on line 86.
 1 SYSTEMPATH\View\View.php(213): include()
 2 SYSTEMPATH\View\View.php(216): CodeIgniter\View\View->CodeIgniter\View\{closure}()
 3 SYSTEMPATH\Common.php(1142): CodeIgniter\View\View->render('search/search', [], true)
 4 APPPATH\Controllers\Search.php(36): view('search/search', [...])
 5 SYSTEMPATH\CodeIgniter.php(907): App\Controllers\Search->index()
 6 SYSTEMPATH\CodeIgniter.php(457): CodeIgniter\CodeIgniter->runController(Object(App\Controllers\Search))
 7 SYSTEMPATH\CodeIgniter.php(340): CodeIgniter\CodeIgniter->handleRequest(null, Object(Config\Cache), false)
 8 FCPATH\index.php(68): CodeIgniter\CodeIgniter->run()
CRITICAL - 2022-12-31 17:17:12 --> Cannot access offset of type string on string
in APPPATH\Views\search\search2.php on line 104.
 1 SYSTEMPATH\View\View.php(213): include()
 2 SYSTEMPATH\View\View.php(216): CodeIgniter\View\View->CodeIgniter\View\{closure}()
 3 SYSTEMPATH\Common.php(1142): CodeIgniter\View\View->render('search/search2', [], true)
 4 APPPATH\Controllers\Search.php(72): view('search/search2', [...])
 5 SYSTEMPATH\CodeIgniter.php(907): App\Controllers\Search->searchword()
 6 SYSTEMPATH\CodeIgniter.php(457): CodeIgniter\CodeIgniter->runController(Object(App\Controllers\Search))
 7 SYSTEMPATH\CodeIgniter.php(340): CodeIgniter\CodeIgniter->handleRequest(null, Object(Config\Cache), false)
 8 FCPATH\index.php(68): CodeIgniter\CodeIgniter->run()
CRITICAL - 2022-12-31 17:18:20 --> Cannot access offset of type string on string
in APPPATH\Views\search\search2.php on line 104.
 1 SYSTEMPATH\View\View.php(213): include()
 2 SYSTEMPATH\View\View.php(216): CodeIgniter\View\View->CodeIgniter\View\{closure}()
 3 SYSTEMPATH\Common.php(1142): CodeIgniter\View\View->render('search/search2', [], true)
 4 APPPATH\Controllers\Search.php(72): view('search/search2', [...])
 5 SYSTEMPATH\CodeIgniter.php(907): App\Controllers\Search->searchword()
 6 SYSTEMPATH\CodeIgniter.php(457): CodeIgniter\CodeIgniter->runController(Object(App\Controllers\Search))
 7 SYSTEMPATH\CodeIgniter.php(340): CodeIgniter\CodeIgniter->handleRequest(null, Object(Config\Cache), false)
 8 FCPATH\index.php(68): CodeIgniter\CodeIgniter->run()
CRITICAL - 2022-12-31 17:22:02 --> Cannot access offset of type string on string
in APPPATH\Views\search\search2.php on line 104.
 1 SYSTEMPATH\View\View.php(213): include()
 2 SYSTEMPATH\View\View.php(216): CodeIgniter\View\View->CodeIgniter\View\{closure}()
 3 SYSTEMPATH\Common.php(1142): CodeIgniter\View\View->render('search/search2', [], true)
 4 APPPATH\Controllers\Search.php(72): view('search/search2', [...])
 5 SYSTEMPATH\CodeIgniter.php(907): App\Controllers\Search->searchword()
 6 SYSTEMPATH\CodeIgniter.php(457): CodeIgniter\CodeIgniter->runController(Object(App\Controllers\Search))
 7 SYSTEMPATH\CodeIgniter.php(340): CodeIgniter\CodeIgniter->handleRequest(null, Object(Config\Cache), false)
 8 FCPATH\index.php(68): CodeIgniter\CodeIgniter->run()
CRITICAL - 2022-12-31 17:22:25 --> Attempt to read property "tag" on string
in APPPATH\Views\search\search2.php on line 104.
 1 APPPATH\Views\search\search2.php(104): CodeIgniter\Debug\Exceptions->errorHandler(2, 'Attempt to read property "tag" on string', 'APPPATH\\Views\\search\\search2.php', 104)
 2 SYSTEMPATH\View\View.php(213): include('APPPATH\\Views\\search\\search2.php')
 3 SYSTEMPATH\View\View.php(216): CodeIgniter\View\View->CodeIgniter\View\{closure}()
 4 SYSTEMPATH\Common.php(1142): CodeIgniter\View\View->render('search/search2', [], true)
 5 APPPATH\Controllers\Search.php(72): view('search/search2', [...])
 6 SYSTEMPATH\CodeIgniter.php(907): App\Controllers\Search->searchword()
 7 SYSTEMPATH\CodeIgniter.php(457): CodeIgniter\CodeIgniter->runController(Object(App\Controllers\Search))
 8 SYSTEMPATH\CodeIgniter.php(340): CodeIgniter\CodeIgniter->handleRequest(null, Object(Config\Cache), false)
 9 FCPATH\index.php(68): CodeIgniter\CodeIgniter->run()
CRITICAL - 2022-12-31 17:23:00 --> Undefined array key "tag"
in APPPATH\Views\search\search2.php on line 103.
 1 APPPATH\Views\search\search2.php(103): CodeIgniter\Debug\Exceptions->errorHandler(2, 'Undefined array key "tag"', 'APPPATH\\Views\\search\\search2.php', 103)
 2 SYSTEMPATH\View\View.php(213): include('APPPATH\\Views\\search\\search2.php')
 3 SYSTEMPATH\View\View.php(216): CodeIgniter\View\View->CodeIgniter\View\{closure}()
 4 SYSTEMPATH\Common.php(1142): CodeIgniter\View\View->render('search/search2', [], true)
 5 APPPATH\Controllers\Search.php(72): view('search/search2', [...])
 6 SYSTEMPATH\CodeIgniter.php(907): App\Controllers\Search->searchword()
 7 SYSTEMPATH\CodeIgniter.php(457): CodeIgniter\CodeIgniter->runController(Object(App\Controllers\Search))
 8 SYSTEMPATH\CodeIgniter.php(340): CodeIgniter\CodeIgniter->handleRequest(null, Object(Config\Cache), false)
 9 FCPATH\index.php(68): CodeIgniter\CodeIgniter->run()
CRITICAL - 2022-12-31 17:27:28 --> Cannot access offset of type string on string
in APPPATH\Views\search\search2.php on line 104.
 1 SYSTEMPATH\View\View.php(213): include()
 2 SYSTEMPATH\View\View.php(216): CodeIgniter\View\View->CodeIgniter\View\{closure}()
 3 SYSTEMPATH\Common.php(1142): CodeIgniter\View\View->render('search/search2', [], true)
 4 APPPATH\Controllers\Search.php(72): view('search/search2', [...])
 5 SYSTEMPATH\CodeIgniter.php(907): App\Controllers\Search->searchword()
 6 SYSTEMPATH\CodeIgniter.php(457): CodeIgniter\CodeIgniter->runController(Object(App\Controllers\Search))
 7 SYSTEMPATH\CodeIgniter.php(340): CodeIgniter\CodeIgniter->handleRequest(null, Object(Config\Cache), false)
 8 FCPATH\index.php(68): CodeIgniter\CodeIgniter->run()
