CRITICAL - 2023-02-28 09:06:33 --> fputcsv(): Argument #2 ($fields) must be of type array, CodeIgniter\Pager\Pager given
in APPPATH\Libraries\Functions.php on line 258.
 1 APPPATH\Libraries\Functions.php(258): fputcsv(resource (stream), Object(CodeIgniter\Pager\Pager))
 2 APPPATH\Controllers\Dictionary.php(89): App\Libraries\Functions->exportData(Object(App\Models\DictionaryModel), [...], 'Word_dawit')
 3 SYSTEMPATH\CodeIgniter.php(907): App\Controllers\Dictionary->dictionarypage('4')
 4 SYSTEMPATH\CodeIgniter.php(457): CodeIgniter\CodeIgniter->runController(Object(App\Controllers\Dictionary))
 5 SYSTEMPATH\CodeIgniter.php(340): CodeIgniter\CodeIgniter->handleRequest(null, Object(Config\Cache), false)
 6 FCPATH\index.php(68): CodeIgniter\CodeIgniter->run()
CRITICAL - 2023-02-28 09:06:37 --> fputcsv(): Argument #2 ($fields) must be of type array, CodeIgniter\Pager\Pager given
in APPPATH\Libraries\Functions.php on line 258.
 1 APPPATH\Libraries\Functions.php(258): fputcsv(resource (stream), Object(CodeIgniter\Pager\Pager))
 2 APPPATH\Controllers\Dictionary.php(89): App\Libraries\Functions->exportData(Object(App\Models\DictionaryModel), [...], 'Word_dawit')
 3 SYSTEMPATH\CodeIgniter.php(907): App\Controllers\Dictionary->dictionarypage('4')
 4 SYSTEMPATH\CodeIgniter.php(457): CodeIgniter\CodeIgniter->runController(Object(App\Controllers\Dictionary))
 5 SYSTEMPATH\CodeIgniter.php(340): CodeIgniter\CodeIgniter->handleRequest(null, Object(Config\Cache), false)
 6 FCPATH\index.php(68): CodeIgniter\CodeIgniter->run()
CRITICAL - 2023-02-28 09:06:44 --> fputcsv(): Argument #2 ($fields) must be of type array, CodeIgniter\Pager\Pager given
in APPPATH\Libraries\Functions.php on line 258.
 1 APPPATH\Libraries\Functions.php(258): fputcsv(resource (stream), Object(CodeIgniter\Pager\Pager))
 2 APPPATH\Controllers\Dictionary.php(89): App\Libraries\Functions->exportData(Object(App\Models\DictionaryModel), [...], 'Word_dawit')
 3 SYSTEMPATH\CodeIgniter.php(907): App\Controllers\Dictionary->dictionarypage('4')
 4 SYSTEMPATH\CodeIgniter.php(457): CodeIgniter\CodeIgniter->runController(Object(App\Controllers\Dictionary))
 5 SYSTEMPATH\CodeIgniter.php(340): CodeIgniter\CodeIgniter->handleRequest(null, Object(Config\Cache), false)
 6 FCPATH\index.php(68): CodeIgniter\CodeIgniter->run()
CRITICAL - 2023-02-28 09:07:05 --> fputcsv(): Argument #2 ($fields) must be of type array, CodeIgniter\Pager\Pager given
in APPPATH\Libraries\Functions.php on line 258.
 1 APPPATH\Libraries\Functions.php(258): fputcsv(resource (stream), Object(CodeIgniter\Pager\Pager))
 2 APPPATH\Controllers\Dictionary.php(89): App\Libraries\Functions->exportData(Object(App\Models\DictionaryModel), [...], 'Word_dawit')
 3 SYSTEMPATH\CodeIgniter.php(907): App\Controllers\Dictionary->dictionarypage('4')
 4 SYSTEMPATH\CodeIgniter.php(457): CodeIgniter\CodeIgniter->runController(Object(App\Controllers\Dictionary))
 5 SYSTEMPATH\CodeIgniter.php(340): CodeIgniter\CodeIgniter->handleRequest(null, Object(Config\Cache), false)
 6 FCPATH\index.php(68): CodeIgniter\CodeIgniter->run()
ERROR - 2023-02-28 09:10:46 --> mysqli_sql_exception: Not unique table/alias: 'd' in C:\xampp\htdocs\etkal\system\Database\MySQLi\Connection.php:292
Stack trace:
#0 C:\xampp\htdocs\etkal\system\Database\MySQLi\Connection.php(292): mysqli->query('SELECT COUNT(*)...', 0)
#1 C:\xampp\htdocs\etkal\system\Database\BaseConnection.php(693): CodeIgniter\Database\MySQLi\Connection->execute('SELECT COUNT(*)...')
#2 C:\xampp\htdocs\etkal\system\Database\BaseConnection.php(620): CodeIgniter\Database\BaseConnection->simpleQuery('SELECT COUNT(*)...')
#3 C:\xampp\htdocs\etkal\system\Database\BaseBuilder.php(1669): CodeIgniter\Database\BaseConnection->query('SELECT COUNT(*)...', Array, false)
#4 C:\xampp\htdocs\etkal\system\Model.php(551): CodeIgniter\Database\BaseBuilder->countAllResults(false)
#5 C:\xampp\htdocs\etkal\system\BaseModel.php(1085): CodeIgniter\Model->countAllResults(false)
#6 C:\xampp\htdocs\etkal\app\Controllers\Dictionary.php(85): CodeIgniter\BaseModel->paginate(50)
#7 C:\xampp\htdocs\etkal\system\CodeIgniter.php(907): App\Controllers\Dictionary->dictionarypage('4')
#8 C:\xampp\htdocs\etkal\system\CodeIgniter.php(457): CodeIgniter\CodeIgniter->runController(Object(App\Controllers\Dictionary))
#9 C:\xampp\htdocs\etkal\system\CodeIgniter.php(340): CodeIgniter\CodeIgniter->handleRequest(NULL, Object(Config\Cache), false)
#10 C:\xampp\htdocs\etkal\index.php(68): CodeIgniter\CodeIgniter->run()
#11 {main}
CRITICAL - 2023-02-28 09:10:46 --> Not unique table/alias: 'd'
in SYSTEMPATH\Database\MySQLi\Connection.php on line 292.
 1 SYSTEMPATH\Database\MySQLi\Connection.php(292): mysqli->query('SELECT COUNT(*) AS `numrows`
FROM (
SELECT ROW_NUMBER() over(ORDER BY CAST(wm.page_no AS UNSIGNED INTEGER), m.meaning_id) AS row_num, `d`.`short_name`, COUNT(DISTINCT(w.word_id)) AS word, COUNT(DISTINCT(m.meaning_id)) AS ትርጉሞች, `wm`.`page_no`, ROW_NUMBER() over(ORDER BY CAST(wm.page_no AS UNSIGNED INTEGER), m.meaning_id) AS row_num, `d`.`short_name`, COUNT(DISTINCT(w.word_id)) AS word, COUNT(DISTINCT(m.meaning_id)) AS ትርጉሞች, `wm`.`page_no`
FROM (`dictionary`, `dictionary` as `d`, `dictionary` as `d`)
JOIN `word_meaning` AS `wm` ON `d`.`dictionary_id` = `wm`.`dictionary_id`
JOIN `words` AS `w` ON `wm`.`word_id` = `w`.`word_id`
JOIN `meanings` AS `m` ON `wm`.`meaning_id` = `m`.`meaning_id`
JOIN `word_meaning` AS `wm` ON `d`.`dictionary_id` = `wm`.`dictionary_id`
JOIN `words` AS `w` ON `wm`.`word_id` = `w`.`word_id`
JOIN `meanings` AS `m` ON `wm`.`meaning_id` = `m`.`meaning_id`
WHERE `d`.`dictionary_id` = \'4\'
AND `d`.`flag` <= \'10\'
AND `d`.`dictionary_id` = \'4\'
AND `d`.`flag` <= \'10\'
GROUP BY `wm`.`page_no`, `wm`.`page_no`
) CI_count_all_results', 0)
 2 SYSTEMPATH\Database\BaseConnection.php(693): CodeIgniter\Database\MySQLi\Connection->execute('SELECT COUNT(*) AS `numrows`
FROM (
SELECT ROW_NUMBER() over(ORDER BY CAST(wm.page_no AS UNSIGNED INTEGER), m.meaning_id) AS row_num, `d`.`short_name`, COUNT(DISTINCT(w.word_id)) AS word, COUNT(DISTINCT(m.meaning_id)) AS ትርጉሞች, `wm`.`page_no`, ROW_NUMBER() over(ORDER BY CAST(wm.page_no AS UNSIGNED INTEGER), m.meaning_id) AS row_num, `d`.`short_name`, COUNT(DISTINCT(w.word_id)) AS word, COUNT(DISTINCT(m.meaning_id)) AS ትርጉሞች, `wm`.`page_no`
FROM (`dictionary`, `dictionary` as `d`, `dictionary` as `d`)
JOIN `word_meaning` AS `wm` ON `d`.`dictionary_id` = `wm`.`dictionary_id`
JOIN `words` AS `w` ON `wm`.`word_id` = `w`.`word_id`
JOIN `meanings` AS `m` ON `wm`.`meaning_id` = `m`.`meaning_id`
JOIN `word_meaning` AS `wm` ON `d`.`dictionary_id` = `wm`.`dictionary_id`
JOIN `words` AS `w` ON `wm`.`word_id` = `w`.`word_id`
JOIN `meanings` AS `m` ON `wm`.`meaning_id` = `m`.`meaning_id`
WHERE `d`.`dictionary_id` = \'4\'
AND `d`.`flag` <= \'10\'
AND `d`.`dictionary_id` = \'4\'
AND `d`.`flag` <= \'10\'
GROUP BY `wm`.`page_no`, `wm`.`page_no`
) CI_count_all_results')
 3 SYSTEMPATH\Database\BaseConnection.php(620): CodeIgniter\Database\BaseConnection->simpleQuery('SELECT COUNT(*) AS `numrows`
FROM (
SELECT ROW_NUMBER() over(ORDER BY CAST(wm.page_no AS UNSIGNED INTEGER), m.meaning_id) AS row_num, `d`.`short_name`, COUNT(DISTINCT(w.word_id)) AS word, COUNT(DISTINCT(m.meaning_id)) AS ትርጉሞች, `wm`.`page_no`, ROW_NUMBER() over(ORDER BY CAST(wm.page_no AS UNSIGNED INTEGER), m.meaning_id) AS row_num, `d`.`short_name`, COUNT(DISTINCT(w.word_id)) AS word, COUNT(DISTINCT(m.meaning_id)) AS ትርጉሞች, `wm`.`page_no`
FROM (`dictionary`, `dictionary` as `d`, `dictionary` as `d`)
JOIN `word_meaning` AS `wm` ON `d`.`dictionary_id` = `wm`.`dictionary_id`
JOIN `words` AS `w` ON `wm`.`word_id` = `w`.`word_id`
JOIN `meanings` AS `m` ON `wm`.`meaning_id` = `m`.`meaning_id`
JOIN `word_meaning` AS `wm` ON `d`.`dictionary_id` = `wm`.`dictionary_id`
JOIN `words` AS `w` ON `wm`.`word_id` = `w`.`word_id`
JOIN `meanings` AS `m` ON `wm`.`meaning_id` = `m`.`meaning_id`
WHERE `d`.`dictionary_id` = \'4\'
AND `d`.`flag` <= \'10\'
AND `d`.`dictionary_id` = \'4\'
AND `d`.`flag` <= \'10\'
GROUP BY `wm`.`page_no`, `wm`.`page_no`
) CI_count_all_results')
 4 SYSTEMPATH\Database\BaseBuilder.php(1669): CodeIgniter\Database\BaseConnection->query('SELECT COUNT(*) AS `numrows`
FROM (
SELECT ROW_NUMBER() over(ORDER BY CAST(wm.page_no AS UNSIGNED INTEGER), m.meaning_id) AS row_num, `d`.`short_name`, COUNT(DISTINCT(w.word_id)) AS word, COUNT(DISTINCT(m.meaning_id)) AS ትርጉሞች, `wm`.`page_no`, ROW_NUMBER() over(ORDER BY CAST(wm.page_no AS UNSIGNED INTEGER), m.meaning_id) AS row_num, `d`.`short_name`, COUNT(DISTINCT(w.word_id)) AS word, COUNT(DISTINCT(m.meaning_id)) AS ትርጉሞች, `wm`.`page_no`
FROM (`dictionary`, `dictionary` as `d`, `dictionary` as `d`)
JOIN `word_meaning` AS `wm` ON `d`.`dictionary_id` = `wm`.`dictionary_id`
JOIN `words` AS `w` ON `wm`.`word_id` = `w`.`word_id`
JOIN `meanings` AS `m` ON `wm`.`meaning_id` = `m`.`meaning_id`
JOIN `word_meaning` AS `wm` ON `d`.`dictionary_id` = `wm`.`dictionary_id`
JOIN `words` AS `w` ON `wm`.`word_id` = `w`.`word_id`
JOIN `meanings` AS `m` ON `wm`.`meaning_id` = `m`.`meaning_id`
WHERE `d`.`dictionary_id` = :d.dictionary_id:
AND `d`.`flag` <= :d.flag:
AND `d`.`dictionary_id` = :d.dictionary_id.1:
AND `d`.`flag` <= :d.flag.1:
GROUP BY `wm`.`page_no`, `wm`.`page_no`
) CI_count_all_results', [...], false)
 5 SYSTEMPATH\Model.php(551): CodeIgniter\Database\BaseBuilder->countAllResults(false)
 6 SYSTEMPATH\BaseModel.php(1085): CodeIgniter\Model->countAllResults(false)
 7 APPPATH\Controllers\Dictionary.php(85): CodeIgniter\BaseModel->paginate(50)
 8 SYSTEMPATH\CodeIgniter.php(907): App\Controllers\Dictionary->dictionarypage('4')
 9 SYSTEMPATH\CodeIgniter.php(457): CodeIgniter\CodeIgniter->runController(Object(App\Controllers\Dictionary))
10 SYSTEMPATH\CodeIgniter.php(340): CodeIgniter\CodeIgniter->handleRequest(null, Object(Config\Cache), false)
11 FCPATH\index.php(68): CodeIgniter\CodeIgniter->run()
ERROR - 2023-02-28 09:11:09 --> mysqli_sql_exception: Not unique table/alias: 'd' in C:\xampp\htdocs\etkal\system\Database\MySQLi\Connection.php:292
Stack trace:
#0 C:\xampp\htdocs\etkal\system\Database\MySQLi\Connection.php(292): mysqli->query('SELECT COUNT(*)...', 0)
#1 C:\xampp\htdocs\etkal\system\Database\BaseConnection.php(693): CodeIgniter\Database\MySQLi\Connection->execute('SELECT COUNT(*)...')
#2 C:\xampp\htdocs\etkal\system\Database\BaseConnection.php(620): CodeIgniter\Database\BaseConnection->simpleQuery('SELECT COUNT(*)...')
#3 C:\xampp\htdocs\etkal\system\Database\BaseBuilder.php(1669): CodeIgniter\Database\BaseConnection->query('SELECT COUNT(*)...', Array, false)
#4 C:\xampp\htdocs\etkal\system\Model.php(551): CodeIgniter\Database\BaseBuilder->countAllResults(false)
#5 C:\xampp\htdocs\etkal\system\BaseModel.php(1085): CodeIgniter\Model->countAllResults(false)
#6 C:\xampp\htdocs\etkal\app\Controllers\Dictionary.php(85): CodeIgniter\BaseModel->paginate(50)
#7 C:\xampp\htdocs\etkal\system\CodeIgniter.php(907): App\Controllers\Dictionary->dictionarypage('4')
#8 C:\xampp\htdocs\etkal\system\CodeIgniter.php(457): CodeIgniter\CodeIgniter->runController(Object(App\Controllers\Dictionary))
#9 C:\xampp\htdocs\etkal\system\CodeIgniter.php(340): CodeIgniter\CodeIgniter->handleRequest(NULL, Object(Config\Cache), false)
#10 C:\xampp\htdocs\etkal\index.php(68): CodeIgniter\CodeIgniter->run()
#11 {main}
CRITICAL - 2023-02-28 09:11:09 --> Not unique table/alias: 'd'
in SYSTEMPATH\Database\MySQLi\Connection.php on line 292.
 1 SYSTEMPATH\Database\MySQLi\Connection.php(292): mysqli->query('SELECT COUNT(*) AS `numrows`
FROM (
SELECT ROW_NUMBER() over(ORDER BY CAST(wm.page_no AS UNSIGNED INTEGER), m.meaning_id) AS row_num, `d`.`short_name`, COUNT(DISTINCT(w.word_id)) AS word, COUNT(DISTINCT(m.meaning_id)) AS ትርጉሞች, `wm`.`page_no`, ROW_NUMBER() over(ORDER BY CAST(wm.page_no AS UNSIGNED INTEGER), m.meaning_id) AS row_num, `d`.`short_name`, COUNT(DISTINCT(w.word_id)) AS word, COUNT(DISTINCT(m.meaning_id)) AS ትርጉሞች, `wm`.`page_no`
FROM (`dictionary`, `dictionary` as `d`, `dictionary` as `d`)
JOIN `word_meaning` AS `wm` ON `d`.`dictionary_id` = `wm`.`dictionary_id`
JOIN `words` AS `w` ON `wm`.`word_id` = `w`.`word_id`
JOIN `meanings` AS `m` ON `wm`.`meaning_id` = `m`.`meaning_id`
JOIN `word_meaning` AS `wm` ON `d`.`dictionary_id` = `wm`.`dictionary_id`
JOIN `words` AS `w` ON `wm`.`word_id` = `w`.`word_id`
JOIN `meanings` AS `m` ON `wm`.`meaning_id` = `m`.`meaning_id`
WHERE `d`.`dictionary_id` = \'4\'
AND `d`.`flag` <= \'10\'
AND `d`.`dictionary_id` = \'4\'
AND `d`.`flag` <= \'10\'
GROUP BY `wm`.`page_no`, `wm`.`page_no`
) CI_count_all_results', 0)
 2 SYSTEMPATH\Database\BaseConnection.php(693): CodeIgniter\Database\MySQLi\Connection->execute('SELECT COUNT(*) AS `numrows`
FROM (
SELECT ROW_NUMBER() over(ORDER BY CAST(wm.page_no AS UNSIGNED INTEGER), m.meaning_id) AS row_num, `d`.`short_name`, COUNT(DISTINCT(w.word_id)) AS word, COUNT(DISTINCT(m.meaning_id)) AS ትርጉሞች, `wm`.`page_no`, ROW_NUMBER() over(ORDER BY CAST(wm.page_no AS UNSIGNED INTEGER), m.meaning_id) AS row_num, `d`.`short_name`, COUNT(DISTINCT(w.word_id)) AS word, COUNT(DISTINCT(m.meaning_id)) AS ትርጉሞች, `wm`.`page_no`
FROM (`dictionary`, `dictionary` as `d`, `dictionary` as `d`)
JOIN `word_meaning` AS `wm` ON `d`.`dictionary_id` = `wm`.`dictionary_id`
JOIN `words` AS `w` ON `wm`.`word_id` = `w`.`word_id`
JOIN `meanings` AS `m` ON `wm`.`meaning_id` = `m`.`meaning_id`
JOIN `word_meaning` AS `wm` ON `d`.`dictionary_id` = `wm`.`dictionary_id`
JOIN `words` AS `w` ON `wm`.`word_id` = `w`.`word_id`
JOIN `meanings` AS `m` ON `wm`.`meaning_id` = `m`.`meaning_id`
WHERE `d`.`dictionary_id` = \'4\'
AND `d`.`flag` <= \'10\'
AND `d`.`dictionary_id` = \'4\'
AND `d`.`flag` <= \'10\'
GROUP BY `wm`.`page_no`, `wm`.`page_no`
) CI_count_all_results')
 3 SYSTEMPATH\Database\BaseConnection.php(620): CodeIgniter\Database\BaseConnection->simpleQuery('SELECT COUNT(*) AS `numrows`
FROM (
SELECT ROW_NUMBER() over(ORDER BY CAST(wm.page_no AS UNSIGNED INTEGER), m.meaning_id) AS row_num, `d`.`short_name`, COUNT(DISTINCT(w.word_id)) AS word, COUNT(DISTINCT(m.meaning_id)) AS ትርጉሞች, `wm`.`page_no`, ROW_NUMBER() over(ORDER BY CAST(wm.page_no AS UNSIGNED INTEGER), m.meaning_id) AS row_num, `d`.`short_name`, COUNT(DISTINCT(w.word_id)) AS word, COUNT(DISTINCT(m.meaning_id)) AS ትርጉሞች, `wm`.`page_no`
FROM (`dictionary`, `dictionary` as `d`, `dictionary` as `d`)
JOIN `word_meaning` AS `wm` ON `d`.`dictionary_id` = `wm`.`dictionary_id`
JOIN `words` AS `w` ON `wm`.`word_id` = `w`.`word_id`
JOIN `meanings` AS `m` ON `wm`.`meaning_id` = `m`.`meaning_id`
JOIN `word_meaning` AS `wm` ON `d`.`dictionary_id` = `wm`.`dictionary_id`
JOIN `words` AS `w` ON `wm`.`word_id` = `w`.`word_id`
JOIN `meanings` AS `m` ON `wm`.`meaning_id` = `m`.`meaning_id`
WHERE `d`.`dictionary_id` = \'4\'
AND `d`.`flag` <= \'10\'
AND `d`.`dictionary_id` = \'4\'
AND `d`.`flag` <= \'10\'
GROUP BY `wm`.`page_no`, `wm`.`page_no`
) CI_count_all_results')
 4 SYSTEMPATH\Database\BaseBuilder.php(1669): CodeIgniter\Database\BaseConnection->query('SELECT COUNT(*) AS `numrows`
FROM (
SELECT ROW_NUMBER() over(ORDER BY CAST(wm.page_no AS UNSIGNED INTEGER), m.meaning_id) AS row_num, `d`.`short_name`, COUNT(DISTINCT(w.word_id)) AS word, COUNT(DISTINCT(m.meaning_id)) AS ትርጉሞች, `wm`.`page_no`, ROW_NUMBER() over(ORDER BY CAST(wm.page_no AS UNSIGNED INTEGER), m.meaning_id) AS row_num, `d`.`short_name`, COUNT(DISTINCT(w.word_id)) AS word, COUNT(DISTINCT(m.meaning_id)) AS ትርጉሞች, `wm`.`page_no`
FROM (`dictionary`, `dictionary` as `d`, `dictionary` as `d`)
JOIN `word_meaning` AS `wm` ON `d`.`dictionary_id` = `wm`.`dictionary_id`
JOIN `words` AS `w` ON `wm`.`word_id` = `w`.`word_id`
JOIN `meanings` AS `m` ON `wm`.`meaning_id` = `m`.`meaning_id`
JOIN `word_meaning` AS `wm` ON `d`.`dictionary_id` = `wm`.`dictionary_id`
JOIN `words` AS `w` ON `wm`.`word_id` = `w`.`word_id`
JOIN `meanings` AS `m` ON `wm`.`meaning_id` = `m`.`meaning_id`
WHERE `d`.`dictionary_id` = :d.dictionary_id:
AND `d`.`flag` <= :d.flag:
AND `d`.`dictionary_id` = :d.dictionary_id.1:
AND `d`.`flag` <= :d.flag.1:
GROUP BY `wm`.`page_no`, `wm`.`page_no`
) CI_count_all_results', [...], false)
 5 SYSTEMPATH\Model.php(551): CodeIgniter\Database\BaseBuilder->countAllResults(false)
 6 SYSTEMPATH\BaseModel.php(1085): CodeIgniter\Model->countAllResults(false)
 7 APPPATH\Controllers\Dictionary.php(85): CodeIgniter\BaseModel->paginate(50)
 8 SYSTEMPATH\CodeIgniter.php(907): App\Controllers\Dictionary->dictionarypage('4')
 9 SYSTEMPATH\CodeIgniter.php(457): CodeIgniter\CodeIgniter->runController(Object(App\Controllers\Dictionary))
10 SYSTEMPATH\CodeIgniter.php(340): CodeIgniter\CodeIgniter->handleRequest(null, Object(Config\Cache), false)
11 FCPATH\index.php(68): CodeIgniter\CodeIgniter->run()
CRITICAL - 2023-02-28 10:12:47 --> Undefined array key "CSV"
in APPPATH\Controllers\Dictionary.php on line 90.
 1 APPPATH\Controllers\Dictionary.php(90): CodeIgniter\Debug\Exceptions->errorHandler(2, 'Undefined array key "CSV"', 'APPPATH\\Controllers\\Dictionary.php', 90)
 2 SYSTEMPATH\CodeIgniter.php(907): App\Controllers\Dictionary->dictionarypage('4')
 3 SYSTEMPATH\CodeIgniter.php(457): CodeIgniter\CodeIgniter->runController(Object(App\Controllers\Dictionary))
 4 SYSTEMPATH\CodeIgniter.php(340): CodeIgniter\CodeIgniter->handleRequest(null, Object(Config\Cache), false)
 5 FCPATH\index.php(68): CodeIgniter\CodeIgniter->run()
CRITICAL - 2023-02-28 10:13:09 --> Undefined array key "CSV"
in APPPATH\Controllers\Dictionary.php on line 90.
 1 APPPATH\Controllers\Dictionary.php(90): CodeIgniter\Debug\Exceptions->errorHandler(2, 'Undefined array key "CSV"', 'APPPATH\\Controllers\\Dictionary.php', 90)
 2 SYSTEMPATH\CodeIgniter.php(907): App\Controllers\Dictionary->dictionarypage('4')
 3 SYSTEMPATH\CodeIgniter.php(457): CodeIgniter\CodeIgniter->runController(Object(App\Controllers\Dictionary))
 4 SYSTEMPATH\CodeIgniter.php(340): CodeIgniter\CodeIgniter->handleRequest(null, Object(Config\Cache), false)
 5 FCPATH\index.php(68): CodeIgniter\CodeIgniter->run()
CRITICAL - 2023-02-28 10:56:49 --> Undefined array key "ገጽ"
in APPPATH\Controllers\Dictionary.php on line 91.
 1 APPPATH\Controllers\Dictionary.php(91): CodeIgniter\Debug\Exceptions->errorHandler(2, 'Undefined array key "ገጽ"', 'APPPATH\\Controllers\\Dictionary.php', 91)
 2 SYSTEMPATH\CodeIgniter.php(907): App\Controllers\Dictionary->dictionarypage('4')
 3 SYSTEMPATH\CodeIgniter.php(457): CodeIgniter\CodeIgniter->runController(Object(App\Controllers\Dictionary))
 4 SYSTEMPATH\CodeIgniter.php(340): CodeIgniter\CodeIgniter->handleRequest(null, Object(Config\Cache), false)
 5 FCPATH\index.php(68): CodeIgniter\CodeIgniter->run()
CRITICAL - 2023-02-28 10:57:36 --> Undefined array key "dictionary_id"
in APPPATH\Controllers\Dictionary.php on line 94.
 1 APPPATH\Controllers\Dictionary.php(94): CodeIgniter\Debug\Exceptions->errorHandler(2, 'Undefined array key "dictionary_id"', 'APPPATH\\Controllers\\Dictionary.php', 94)
 2 SYSTEMPATH\CodeIgniter.php(907): App\Controllers\Dictionary->dictionarypage('4')
 3 SYSTEMPATH\CodeIgniter.php(457): CodeIgniter\CodeIgniter->runController(Object(App\Controllers\Dictionary))
 4 SYSTEMPATH\CodeIgniter.php(340): CodeIgniter\CodeIgniter->handleRequest(null, Object(Config\Cache), false)
 5 FCPATH\index.php(68): CodeIgniter\CodeIgniter->run()
CRITICAL - 2023-02-28 13:58:44 --> Undefined array key "ትርጉሞች"
in APPPATH\Controllers\Dictionary.php on line 97.
 1 APPPATH\Controllers\Dictionary.php(97): CodeIgniter\Debug\Exceptions->errorHandler(2, 'Undefined array key "ትርጉሞች"', 'APPPATH\\Controllers\\Dictionary.php', 97)
 2 SYSTEMPATH\CodeIgniter.php(907): App\Controllers\Dictionary->dictionarypage('4', '2')
 3 SYSTEMPATH\CodeIgniter.php(457): CodeIgniter\CodeIgniter->runController(Object(App\Controllers\Dictionary))
 4 SYSTEMPATH\CodeIgniter.php(340): CodeIgniter\CodeIgniter->handleRequest(null, Object(Config\Cache), false)
 5 FCPATH\index.php(68): CodeIgniter\CodeIgniter->run()
CRITICAL - 2023-02-28 14:01:32 --> Undefined array key "meaning"
in APPPATH\Controllers\Dictionary.php on line 97.
 1 APPPATH\Controllers\Dictionary.php(97): CodeIgniter\Debug\Exceptions->errorHandler(2, 'Undefined array key "meaning"', 'APPPATH\\Controllers\\Dictionary.php', 97)
 2 SYSTEMPATH\CodeIgniter.php(907): App\Controllers\Dictionary->dictionarypage('4')
 3 SYSTEMPATH\CodeIgniter.php(457): CodeIgniter\CodeIgniter->runController(Object(App\Controllers\Dictionary))
 4 SYSTEMPATH\CodeIgniter.php(340): CodeIgniter\CodeIgniter->handleRequest(null, Object(Config\Cache), false)
 5 FCPATH\index.php(68): CodeIgniter\CodeIgniter->run()
CRITICAL - 2023-02-28 20:03:07 --> Undefined variable $dic_name
in APPPATH\Controllers\Dictionary.php on line 107.
 1 APPPATH\Controllers\Dictionary.php(107): CodeIgniter\Debug\Exceptions->errorHandler(2, 'Undefined variable $dic_name', 'APPPATH\\Controllers\\Dictionary.php', 107)
 2 SYSTEMPATH\CodeIgniter.php(907): App\Controllers\Dictionary->dictionarypage('4', '0')
 3 SYSTEMPATH\CodeIgniter.php(457): CodeIgniter\CodeIgniter->runController(Object(App\Controllers\Dictionary))
 4 SYSTEMPATH\CodeIgniter.php(340): CodeIgniter\CodeIgniter->handleRequest(null, Object(Config\Cache), false)
 5 FCPATH\index.php(68): CodeIgniter\CodeIgniter->run()
