CRITICAL - 2022-10-20 00:02:51 --> finfo_file(C:\xampp\tmp\php9737.tmp): Failed to open stream: No such file or directory
in SYSTEMPATH\Files\File.php on line 114.
 1 [internal function]: CodeIgniter\Debug\Exceptions->errorHandler(2, 'finfo_file(C:\\xampp\\tmp\\php9737.tmp): Failed to open stream: No such file or directory', 'SYSTEMPATH\\Files\\File.php', 114)
 2 SYSTEMPATH\Files\File.php(114): finfo_file(Object(finfo), 'C:\\xampp\\tmp\\php9737.tmp')
 3 SYSTEMPATH\HTTP\Files\UploadedFile.php(302): CodeIgniter\Files\File->getMimeType()
 4 SYSTEMPATH\HTTP\Files\UploadedFile.php(291): CodeIgniter\HTTP\Files\UploadedFile->guessExtension()
 5 SYSTEMPATH\Validation\FileRules.php(143): CodeIgniter\HTTP\Files\UploadedFile->getExtension()
 6 SYSTEMPATH\Validation\Validation.php(315): CodeIgniter\Validation\FileRules->is_image('1666249371_709daba74ee05d4a3180.jpg', [], [...], null)
 7 SYSTEMPATH\Validation\Validation.php(175): CodeIgniter\Validation\Validation->processRules('image', 'image', '1666249371_709daba74ee05d4a3180.jpg', [...], [...])
 8 SYSTEMPATH\BaseModel.php(1350): CodeIgniter\Validation\Validation->run([...], null, null)
 9 SYSTEMPATH\BaseModel.php(835): CodeIgniter\BaseModel->validate([...])
10 SYSTEMPATH\Model.php(693): CodeIgniter\BaseModel->update(null, [...])
11 APPPATH\Controllers\User.php(234): CodeIgniter\Model->update()
12 SYSTEMPATH\CodeIgniter.php(907): App\Controllers\User->profile()
13 SYSTEMPATH\CodeIgniter.php(457): CodeIgniter\CodeIgniter->runController(Object(App\Controllers\User))
14 SYSTEMPATH\CodeIgniter.php(340): CodeIgniter\CodeIgniter->handleRequest(null, Object(Config\Cache), false)
15 FCPATH\index.php(68): CodeIgniter\CodeIgniter->run()
CRITICAL - 2022-10-20 00:03:02 --> finfo_file(C:\xampp\tmp\phpC0E8.tmp): Failed to open stream: No such file or directory
in SYSTEMPATH\Files\File.php on line 114.
 1 [internal function]: CodeIgniter\Debug\Exceptions->errorHandler(2, 'finfo_file(C:\\xampp\\tmp\\phpC0E8.tmp): Failed to open stream: No such file or directory', 'SYSTEMPATH\\Files\\File.php', 114)
 2 SYSTEMPATH\Files\File.php(114): finfo_file(Object(finfo), 'C:\\xampp\\tmp\\phpC0E8.tmp')
 3 SYSTEMPATH\HTTP\Files\UploadedFile.php(302): CodeIgniter\Files\File->getMimeType()
 4 SYSTEMPATH\HTTP\Files\UploadedFile.php(291): CodeIgniter\HTTP\Files\UploadedFile->guessExtension()
 5 SYSTEMPATH\Validation\FileRules.php(143): CodeIgniter\HTTP\Files\UploadedFile->getExtension()
 6 SYSTEMPATH\Validation\Validation.php(315): CodeIgniter\Validation\FileRules->is_image('1666249382_0f57a8db71fc2efc9095.png', [], [...], null)
 7 SYSTEMPATH\Validation\Validation.php(175): CodeIgniter\Validation\Validation->processRules('image', 'image', '1666249382_0f57a8db71fc2efc9095.png', [...], [...])
 8 SYSTEMPATH\BaseModel.php(1350): CodeIgniter\Validation\Validation->run([...], null, null)
 9 SYSTEMPATH\BaseModel.php(835): CodeIgniter\BaseModel->validate([...])
10 SYSTEMPATH\Model.php(693): CodeIgniter\BaseModel->update(null, [...])
11 APPPATH\Controllers\User.php(234): CodeIgniter\Model->update()
12 SYSTEMPATH\CodeIgniter.php(907): App\Controllers\User->profile()
13 SYSTEMPATH\CodeIgniter.php(457): CodeIgniter\CodeIgniter->runController(Object(App\Controllers\User))
14 SYSTEMPATH\CodeIgniter.php(340): CodeIgniter\CodeIgniter->handleRequest(null, Object(Config\Cache), false)
15 FCPATH\index.php(68): CodeIgniter\CodeIgniter->run()
CRITICAL - 2022-10-20 00:20:20 --> finfo_file(C:\xampp\tmp\php97BC.tmp): Failed to open stream: No such file or directory
in SYSTEMPATH\Files\File.php on line 114.
 1 [internal function]: CodeIgniter\Debug\Exceptions->errorHandler(2, 'finfo_file(C:\\xampp\\tmp\\php97BC.tmp): Failed to open stream: No such file or directory', 'SYSTEMPATH\\Files\\File.php', 114)
 2 SYSTEMPATH\Files\File.php(114): finfo_file(Object(finfo), 'C:\\xampp\\tmp\\php97BC.tmp')
 3 SYSTEMPATH\HTTP\Files\UploadedFile.php(302): CodeIgniter\Files\File->getMimeType()
 4 SYSTEMPATH\HTTP\Files\UploadedFile.php(291): CodeIgniter\HTTP\Files\UploadedFile->guessExtension()
 5 SYSTEMPATH\Validation\FileRules.php(143): CodeIgniter\HTTP\Files\UploadedFile->getExtension()
 6 SYSTEMPATH\Validation\Validation.php(315): CodeIgniter\Validation\FileRules->is_image('1666250420_d673c5a1b4f9bbe0c4fa.jpg', [], [...], null)
 7 SYSTEMPATH\Validation\Validation.php(175): CodeIgniter\Validation\Validation->processRules('image', 'image', '1666250420_d673c5a1b4f9bbe0c4fa.jpg', [...], [...])
 8 SYSTEMPATH\BaseModel.php(1350): CodeIgniter\Validation\Validation->run([...], null, null)
 9 SYSTEMPATH\BaseModel.php(707): CodeIgniter\BaseModel->validate([...])
10 SYSTEMPATH\Model.php(667): CodeIgniter\BaseModel->insert([...], true)
11 APPPATH\Controllers\User.php(234): CodeIgniter\Model->insert()
12 SYSTEMPATH\CodeIgniter.php(907): App\Controllers\User->profile()
13 SYSTEMPATH\CodeIgniter.php(457): CodeIgniter\CodeIgniter->runController(Object(App\Controllers\User))
14 SYSTEMPATH\CodeIgniter.php(340): CodeIgniter\CodeIgniter->handleRequest(null, Object(Config\Cache), false)
15 FCPATH\index.php(68): CodeIgniter\CodeIgniter->run()
ERROR - 2022-10-20 07:38:45 --> Error connecting to the database: mysqli_sql_exception: No connection could be made because the target machine actively refused it in C:\xampp\htdocs\etkal\system\Database\MySQLi\Connection.php:171
Stack trace:
#0 C:\xampp\htdocs\etkal\system\Database\MySQLi\Connection.php(171): mysqli->real_connect('localhost', 'root', '', 'kalat', 3306, '', 0)
#1 C:\xampp\htdocs\etkal\system\Database\BaseConnection.php(382): CodeIgniter\Database\MySQLi\Connection->connect(false)
#2 C:\xampp\htdocs\etkal\system\Database\BaseConnection.php(588): CodeIgniter\Database\BaseConnection->initialize()
#3 C:\xampp\htdocs\etkal\system\Database\BaseBuilder.php(1585): CodeIgniter\Database\BaseConnection->query('SELECT 1\nFROM `...', Array, false)
#4 C:\xampp\htdocs\etkal\system\Validation\Rules.php(104): CodeIgniter\Database\BaseBuilder->get()
#5 C:\xampp\htdocs\etkal\system\Validation\Validation.php(315): CodeIgniter\Validation\Rules->is_not_unique('dwtk.ayele@gmai...', 'email', Array, NULL)
#6 C:\xampp\htdocs\etkal\system\Validation\Validation.php(175): CodeIgniter\Validation\Validation->processRules('email', 'email', 'dwtk.ayele@gmai...', Array, Array)
#7 C:\xampp\htdocs\etkal\system\Controller.php(140): CodeIgniter\Validation\Validation->run()
#8 C:\xampp\htdocs\etkal\app\Controllers\User.php(69): CodeIgniter\Controller->validate(Array)
#9 C:\xampp\htdocs\etkal\system\CodeIgniter.php(907): App\Controllers\User->index()
#10 C:\xampp\htdocs\etkal\system\CodeIgniter.php(457): CodeIgniter\CodeIgniter->runController(Object(App\Controllers\User))
#11 C:\xampp\htdocs\etkal\system\CodeIgniter.php(340): CodeIgniter\CodeIgniter->handleRequest(NULL, Object(Config\Cache), false)
#12 C:\xampp\htdocs\etkal\index.php(68): CodeIgniter\CodeIgniter->run()
#13 {main}

Next CodeIgniter\Database\Exceptions\DatabaseException: No connection could be made because the target machine actively refused it in C:\xampp\htdocs\etkal\system\Database\MySQLi\Connection.php:215
Stack trace:
#0 C:\xampp\htdocs\etkal\system\Database\BaseConnection.php(382): CodeIgniter\Database\MySQLi\Connection->connect(false)
#1 C:\xampp\htdocs\etkal\system\Database\BaseConnection.php(588): CodeIgniter\Database\BaseConnection->initialize()
#2 C:\xampp\htdocs\etkal\system\Database\BaseBuilder.php(1585): CodeIgniter\Database\BaseConnection->query('SELECT 1\nFROM `...', Array, false)
#3 C:\xampp\htdocs\etkal\system\Validation\Rules.php(104): CodeIgniter\Database\BaseBuilder->get()
#4 C:\xampp\htdocs\etkal\system\Validation\Validation.php(315): CodeIgniter\Validation\Rules->is_not_unique('dwtk.ayele@gmai...', 'email', Array, NULL)
#5 C:\xampp\htdocs\etkal\system\Validation\Validation.php(175): CodeIgniter\Validation\Validation->processRules('email', 'email', 'dwtk.ayele@gmai...', Array, Array)
#6 C:\xampp\htdocs\etkal\system\Controller.php(140): CodeIgniter\Validation\Validation->run()
#7 C:\xampp\htdocs\etkal\app\Controllers\User.php(69): CodeIgniter\Controller->validate(Array)
#8 C:\xampp\htdocs\etkal\system\CodeIgniter.php(907): App\Controllers\User->index()
#9 C:\xampp\htdocs\etkal\system\CodeIgniter.php(457): CodeIgniter\CodeIgniter->runController(Object(App\Controllers\User))
#10 C:\xampp\htdocs\etkal\system\CodeIgniter.php(340): CodeIgniter\CodeIgniter->handleRequest(NULL, Object(Config\Cache), false)
#11 C:\xampp\htdocs\etkal\index.php(68): CodeIgniter\CodeIgniter->run()
#12 {main}
CRITICAL - 2022-10-20 07:38:45 --> Unable to connect to the database.
Main connection [MySQLi]: No connection could be made because the target machine actively refused it
in SYSTEMPATH\Database\BaseConnection.php on line 418.
 1 SYSTEMPATH\Database\BaseConnection.php(588): CodeIgniter\Database\BaseConnection->initialize()
 2 SYSTEMPATH\Database\BaseBuilder.php(1585): CodeIgniter\Database\BaseConnection->query('SELECT 1
FROM `user`
WHERE `email` = :email:
 LIMIT 1', [...], false)
 3 SYSTEMPATH\Validation\Rules.php(104): CodeIgniter\Database\BaseBuilder->get()
 4 SYSTEMPATH\Validation\Validation.php(315): CodeIgniter\Validation\Rules->is_not_unique('dwtk.ayele@gmail.com', 'email', [...], null)
 5 SYSTEMPATH\Validation\Validation.php(175): CodeIgniter\Validation\Validation->processRules('email', 'email', 'dwtk.ayele@gmail.com', [...], [...])
 6 SYSTEMPATH\Controller.php(140): CodeIgniter\Validation\Validation->run()
 7 APPPATH\Controllers\User.php(69): CodeIgniter\Controller->validate([...])
 8 SYSTEMPATH\CodeIgniter.php(907): App\Controllers\User->index()
 9 SYSTEMPATH\CodeIgniter.php(457): CodeIgniter\CodeIgniter->runController(Object(App\Controllers\User))
10 SYSTEMPATH\CodeIgniter.php(340): CodeIgniter\CodeIgniter->handleRequest(null, Object(Config\Cache), false)
11 FCPATH\index.php(68): CodeIgniter\CodeIgniter->run()
CRITICAL - 2022-10-20 20:19:26 --> The framework needs the following extension(s) installed and loaded: intl.
in SYSTEMPATH\CodeIgniter.php on line 219.
 1 SYSTEMPATH\CodeIgniter.php(219): CodeIgniter\Exceptions\FrameworkException::forMissingExtension('intl')
 2 SYSTEMPATH\CodeIgniter.php(177): CodeIgniter\CodeIgniter->resolvePlatformExtensions()
 3 FCPATH\index.php(56): CodeIgniter\CodeIgniter->initialize()
CRITICAL - 2022-10-20 20:49:54 --> The framework needs the following extension(s) installed and loaded: intl.
in SYSTEMPATH\CodeIgniter.php on line 219.
 1 SYSTEMPATH\CodeIgniter.php(219): CodeIgniter\Exceptions\FrameworkException::forMissingExtension('intl')
 2 SYSTEMPATH\CodeIgniter.php(177): CodeIgniter\CodeIgniter->resolvePlatformExtensions()
 3 FCPATH\index.php(56): CodeIgniter\CodeIgniter->initialize()
CRITICAL - 2022-10-20 20:49:55 --> The framework needs the following extension(s) installed and loaded: intl.
in SYSTEMPATH\CodeIgniter.php on line 219.
 1 SYSTEMPATH\CodeIgniter.php(219): CodeIgniter\Exceptions\FrameworkException::forMissingExtension('intl')
 2 SYSTEMPATH\CodeIgniter.php(177): CodeIgniter\CodeIgniter->resolvePlatformExtensions()
 3 FCPATH\index.php(56): CodeIgniter\CodeIgniter->initialize()
CRITICAL - 2022-10-20 20:50:56 --> The framework needs the following extension(s) installed and loaded: intl.
in SYSTEMPATH\CodeIgniter.php on line 219.
 1 SYSTEMPATH\CodeIgniter.php(219): CodeIgniter\Exceptions\FrameworkException::forMissingExtension('intl')
 2 SYSTEMPATH\CodeIgniter.php(177): CodeIgniter\CodeIgniter->resolvePlatformExtensions()
 3 FCPATH\index.php(56): CodeIgniter\CodeIgniter->initialize()
CRITICAL - 2022-10-20 20:50:58 --> The framework needs the following extension(s) installed and loaded: intl.
in SYSTEMPATH\CodeIgniter.php on line 219.
 1 SYSTEMPATH\CodeIgniter.php(219): CodeIgniter\Exceptions\FrameworkException::forMissingExtension('intl')
 2 SYSTEMPATH\CodeIgniter.php(177): CodeIgniter\CodeIgniter->resolvePlatformExtensions()
 3 FCPATH\index.php(56): CodeIgniter\CodeIgniter->initialize()
CRITICAL - 2022-10-20 20:56:47 --> The framework needs the following extension(s) installed and loaded: intl.
in SYSTEMPATH\CodeIgniter.php on line 219.
 1 SYSTEMPATH\CodeIgniter.php(219): CodeIgniter\Exceptions\FrameworkException::forMissingExtension('intl')
 2 SYSTEMPATH\CodeIgniter.php(177): CodeIgniter\CodeIgniter->resolvePlatformExtensions()
 3 FCPATH\index.php(56): CodeIgniter\CodeIgniter->initialize()
CRITICAL - 2022-10-20 20:56:48 --> The framework needs the following extension(s) installed and loaded: intl.
in SYSTEMPATH\CodeIgniter.php on line 219.
 1 SYSTEMPATH\CodeIgniter.php(219): CodeIgniter\Exceptions\FrameworkException::forMissingExtension('intl')
 2 SYSTEMPATH\CodeIgniter.php(177): CodeIgniter\CodeIgniter->resolvePlatformExtensions()
 3 FCPATH\index.php(56): CodeIgniter\CodeIgniter->initialize()
CRITICAL - 2022-10-20 20:56:50 --> The framework needs the following extension(s) installed and loaded: intl.
in SYSTEMPATH\CodeIgniter.php on line 219.
 1 SYSTEMPATH\CodeIgniter.php(219): CodeIgniter\Exceptions\FrameworkException::forMissingExtension('intl')
 2 SYSTEMPATH\CodeIgniter.php(177): CodeIgniter\CodeIgniter->resolvePlatformExtensions()
 3 FCPATH\index.php(56): CodeIgniter\CodeIgniter->initialize()
CRITICAL - 2022-10-20 20:58:36 --> The framework needs the following extension(s) installed and loaded: intl.
in SYSTEMPATH\CodeIgniter.php on line 219.
 1 SYSTEMPATH\CodeIgniter.php(219): CodeIgniter\Exceptions\FrameworkException::forMissingExtension('intl')
 2 SYSTEMPATH\CodeIgniter.php(177): CodeIgniter\CodeIgniter->resolvePlatformExtensions()
 3 FCPATH\index.php(56): CodeIgniter\CodeIgniter->initialize()
ERROR - 2022-10-20 11:59:36 --> mysqli_sql_exception: Table 'mezgebe_kalat.user' doesn't exist in C:\xampp\htdocs\etkal\system\Database\MySQLi\Connection.php:292
Stack trace:
#0 C:\xampp\htdocs\etkal\system\Database\MySQLi\Connection.php(292): mysqli->query('SELECT 1\nFROM `...', 0)
#1 C:\xampp\htdocs\etkal\system\Database\BaseConnection.php(693): CodeIgniter\Database\MySQLi\Connection->execute('SELECT 1\nFROM `...')
#2 C:\xampp\htdocs\etkal\system\Database\BaseConnection.php(620): CodeIgniter\Database\BaseConnection->simpleQuery('SELECT 1\nFROM `...')
#3 C:\xampp\htdocs\etkal\system\Database\BaseBuilder.php(1585): CodeIgniter\Database\BaseConnection->query('SELECT 1\nFROM `...', Array, false)
#4 C:\xampp\htdocs\etkal\system\Validation\Rules.php(104): CodeIgniter\Database\BaseBuilder->get()
#5 C:\xampp\htdocs\etkal\system\Validation\Validation.php(315): CodeIgniter\Validation\Rules->is_not_unique('dwtk.ayele@gmai...', 'email', Array, NULL)
#6 C:\xampp\htdocs\etkal\system\Validation\Validation.php(175): CodeIgniter\Validation\Validation->processRules('email', 'email', 'dwtk.ayele@gmai...', Array, Array)
#7 C:\xampp\htdocs\etkal\system\Controller.php(140): CodeIgniter\Validation\Validation->run()
#8 C:\xampp\htdocs\etkal\app\Controllers\User.php(69): CodeIgniter\Controller->validate(Array)
#9 C:\xampp\htdocs\etkal\system\CodeIgniter.php(907): App\Controllers\User->index()
#10 C:\xampp\htdocs\etkal\system\CodeIgniter.php(457): CodeIgniter\CodeIgniter->runController(Object(App\Controllers\User))
#11 C:\xampp\htdocs\etkal\system\CodeIgniter.php(340): CodeIgniter\CodeIgniter->handleRequest(NULL, Object(Config\Cache), false)
#12 C:\xampp\htdocs\etkal\index.php(68): CodeIgniter\CodeIgniter->run()
#13 {main}
CRITICAL - 2022-10-20 11:59:36 --> Table 'mezgebe_kalat.user' doesn't exist
in SYSTEMPATH\Database\MySQLi\Connection.php on line 292.
 1 SYSTEMPATH\Database\MySQLi\Connection.php(292): mysqli->query('SELECT 1
FROM `user`
WHERE `email` = \'dwtk.ayele@gmail.com\'
 LIMIT 1', 0)
 2 SYSTEMPATH\Database\BaseConnection.php(693): CodeIgniter\Database\MySQLi\Connection->execute('SELECT 1
FROM `user`
WHERE `email` = \'dwtk.ayele@gmail.com\'
 LIMIT 1')
 3 SYSTEMPATH\Database\BaseConnection.php(620): CodeIgniter\Database\BaseConnection->simpleQuery('SELECT 1
FROM `user`
WHERE `email` = \'dwtk.ayele@gmail.com\'
 LIMIT 1')
 4 SYSTEMPATH\Database\BaseBuilder.php(1585): CodeIgniter\Database\BaseConnection->query('SELECT 1
FROM `user`
WHERE `email` = :email:
 LIMIT 1', [...], false)
 5 SYSTEMPATH\Validation\Rules.php(104): CodeIgniter\Database\BaseBuilder->get()
 6 SYSTEMPATH\Validation\Validation.php(315): CodeIgniter\Validation\Rules->is_not_unique('dwtk.ayele@gmail.com', 'email', [...], null)
 7 SYSTEMPATH\Validation\Validation.php(175): CodeIgniter\Validation\Validation->processRules('email', 'email', 'dwtk.ayele@gmail.com', [...], [...])
 8 SYSTEMPATH\Controller.php(140): CodeIgniter\Validation\Validation->run()
 9 APPPATH\Controllers\User.php(69): CodeIgniter\Controller->validate([...])
10 SYSTEMPATH\CodeIgniter.php(907): App\Controllers\User->index()
11 SYSTEMPATH\CodeIgniter.php(457): CodeIgniter\CodeIgniter->runController(Object(App\Controllers\User))
12 SYSTEMPATH\CodeIgniter.php(340): CodeIgniter\CodeIgniter->handleRequest(null, Object(Config\Cache), false)
13 FCPATH\index.php(68): CodeIgniter\CodeIgniter->run()
ERROR - 2022-10-20 12:00:10 --> mysqli_sql_exception: Table 'mezgebe_kalat.user' doesn't exist in C:\xampp\htdocs\etkal\system\Database\MySQLi\Connection.php:292
Stack trace:
#0 C:\xampp\htdocs\etkal\system\Database\MySQLi\Connection.php(292): mysqli->query('SELECT 1\nFROM `...', 0)
#1 C:\xampp\htdocs\etkal\system\Database\BaseConnection.php(693): CodeIgniter\Database\MySQLi\Connection->execute('SELECT 1\nFROM `...')
#2 C:\xampp\htdocs\etkal\system\Database\BaseConnection.php(620): CodeIgniter\Database\BaseConnection->simpleQuery('SELECT 1\nFROM `...')
#3 C:\xampp\htdocs\etkal\system\Database\BaseBuilder.php(1585): CodeIgniter\Database\BaseConnection->query('SELECT 1\nFROM `...', Array, false)
#4 C:\xampp\htdocs\etkal\system\Validation\Rules.php(104): CodeIgniter\Database\BaseBuilder->get()
#5 C:\xampp\htdocs\etkal\system\Validation\Validation.php(315): CodeIgniter\Validation\Rules->is_not_unique('dwtk.ayele@gmai...', 'email', Array, NULL)
#6 C:\xampp\htdocs\etkal\system\Validation\Validation.php(175): CodeIgniter\Validation\Validation->processRules('email', 'email', 'dwtk.ayele@gmai...', Array, Array)
#7 C:\xampp\htdocs\etkal\system\Controller.php(140): CodeIgniter\Validation\Validation->run()
#8 C:\xampp\htdocs\etkal\app\Controllers\User.php(69): CodeIgniter\Controller->validate(Array)
#9 C:\xampp\htdocs\etkal\system\CodeIgniter.php(907): App\Controllers\User->index()
#10 C:\xampp\htdocs\etkal\system\CodeIgniter.php(457): CodeIgniter\CodeIgniter->runController(Object(App\Controllers\User))
#11 C:\xampp\htdocs\etkal\system\CodeIgniter.php(340): CodeIgniter\CodeIgniter->handleRequest(NULL, Object(Config\Cache), false)
#12 C:\xampp\htdocs\etkal\index.php(68): CodeIgniter\CodeIgniter->run()
#13 {main}
CRITICAL - 2022-10-20 12:00:10 --> Table 'mezgebe_kalat.user' doesn't exist
in SYSTEMPATH\Database\MySQLi\Connection.php on line 292.
 1 SYSTEMPATH\Database\MySQLi\Connection.php(292): mysqli->query('SELECT 1
FROM `user`
WHERE `email` = \'dwtk.ayele@gmail.com\'
 LIMIT 1', 0)
 2 SYSTEMPATH\Database\BaseConnection.php(693): CodeIgniter\Database\MySQLi\Connection->execute('SELECT 1
FROM `user`
WHERE `email` = \'dwtk.ayele@gmail.com\'
 LIMIT 1')
 3 SYSTEMPATH\Database\BaseConnection.php(620): CodeIgniter\Database\BaseConnection->simpleQuery('SELECT 1
FROM `user`
WHERE `email` = \'dwtk.ayele@gmail.com\'
 LIMIT 1')
 4 SYSTEMPATH\Database\BaseBuilder.php(1585): CodeIgniter\Database\BaseConnection->query('SELECT 1
FROM `user`
WHERE `email` = :email:
 LIMIT 1', [...], false)
 5 SYSTEMPATH\Validation\Rules.php(104): CodeIgniter\Database\BaseBuilder->get()
 6 SYSTEMPATH\Validation\Validation.php(315): CodeIgniter\Validation\Rules->is_not_unique('dwtk.ayele@gmail.com', 'email', [...], null)
 7 SYSTEMPATH\Validation\Validation.php(175): CodeIgniter\Validation\Validation->processRules('email', 'email', 'dwtk.ayele@gmail.com', [...], [...])
 8 SYSTEMPATH\Controller.php(140): CodeIgniter\Validation\Validation->run()
 9 APPPATH\Controllers\User.php(69): CodeIgniter\Controller->validate([...])
10 SYSTEMPATH\CodeIgniter.php(907): App\Controllers\User->index()
11 SYSTEMPATH\CodeIgniter.php(457): CodeIgniter\CodeIgniter->runController(Object(App\Controllers\User))
12 SYSTEMPATH\CodeIgniter.php(340): CodeIgniter\CodeIgniter->handleRequest(null, Object(Config\Cache), false)
13 FCPATH\index.php(68): CodeIgniter\CodeIgniter->run()
ERROR - 2022-10-20 12:00:22 --> mysqli_sql_exception: Table 'mezgebe_kalat.user' doesn't exist in C:\xampp\htdocs\etkal\system\Database\MySQLi\Connection.php:292
Stack trace:
#0 C:\xampp\htdocs\etkal\system\Database\MySQLi\Connection.php(292): mysqli->query('SELECT 1\nFROM `...', 0)
#1 C:\xampp\htdocs\etkal\system\Database\BaseConnection.php(693): CodeIgniter\Database\MySQLi\Connection->execute('SELECT 1\nFROM `...')
#2 C:\xampp\htdocs\etkal\system\Database\BaseConnection.php(620): CodeIgniter\Database\BaseConnection->simpleQuery('SELECT 1\nFROM `...')
#3 C:\xampp\htdocs\etkal\system\Database\BaseBuilder.php(1585): CodeIgniter\Database\BaseConnection->query('SELECT 1\nFROM `...', Array, false)
#4 C:\xampp\htdocs\etkal\system\Validation\Rules.php(104): CodeIgniter\Database\BaseBuilder->get()
#5 C:\xampp\htdocs\etkal\system\Validation\Validation.php(315): CodeIgniter\Validation\Rules->is_not_unique('dwtk.ayele@gmai...', 'email', Array, NULL)
#6 C:\xampp\htdocs\etkal\system\Validation\Validation.php(175): CodeIgniter\Validation\Validation->processRules('email', 'email', 'dwtk.ayele@gmai...', Array, Array)
#7 C:\xampp\htdocs\etkal\system\Controller.php(140): CodeIgniter\Validation\Validation->run()
#8 C:\xampp\htdocs\etkal\app\Controllers\User.php(69): CodeIgniter\Controller->validate(Array)
#9 C:\xampp\htdocs\etkal\system\CodeIgniter.php(907): App\Controllers\User->index()
#10 C:\xampp\htdocs\etkal\system\CodeIgniter.php(457): CodeIgniter\CodeIgniter->runController(Object(App\Controllers\User))
#11 C:\xampp\htdocs\etkal\system\CodeIgniter.php(340): CodeIgniter\CodeIgniter->handleRequest(NULL, Object(Config\Cache), false)
#12 C:\xampp\htdocs\etkal\index.php(68): CodeIgniter\CodeIgniter->run()
#13 {main}
CRITICAL - 2022-10-20 12:00:22 --> Table 'mezgebe_kalat.user' doesn't exist
in SYSTEMPATH\Database\MySQLi\Connection.php on line 292.
 1 SYSTEMPATH\Database\MySQLi\Connection.php(292): mysqli->query('SELECT 1
FROM `user`
WHERE `email` = \'dwtk.ayele@gmail.com\'
 LIMIT 1', 0)
 2 SYSTEMPATH\Database\BaseConnection.php(693): CodeIgniter\Database\MySQLi\Connection->execute('SELECT 1
FROM `user`
WHERE `email` = \'dwtk.ayele@gmail.com\'
 LIMIT 1')
 3 SYSTEMPATH\Database\BaseConnection.php(620): CodeIgniter\Database\BaseConnection->simpleQuery('SELECT 1
FROM `user`
WHERE `email` = \'dwtk.ayele@gmail.com\'
 LIMIT 1')
 4 SYSTEMPATH\Database\BaseBuilder.php(1585): CodeIgniter\Database\BaseConnection->query('SELECT 1
FROM `user`
WHERE `email` = :email:
 LIMIT 1', [...], false)
 5 SYSTEMPATH\Validation\Rules.php(104): CodeIgniter\Database\BaseBuilder->get()
 6 SYSTEMPATH\Validation\Validation.php(315): CodeIgniter\Validation\Rules->is_not_unique('dwtk.ayele@gmail.com', 'email', [...], null)
 7 SYSTEMPATH\Validation\Validation.php(175): CodeIgniter\Validation\Validation->processRules('email', 'email', 'dwtk.ayele@gmail.com', [...], [...])
 8 SYSTEMPATH\Controller.php(140): CodeIgniter\Validation\Validation->run()
 9 APPPATH\Controllers\User.php(69): CodeIgniter\Controller->validate([...])
10 SYSTEMPATH\CodeIgniter.php(907): App\Controllers\User->index()
11 SYSTEMPATH\CodeIgniter.php(457): CodeIgniter\CodeIgniter->runController(Object(App\Controllers\User))
12 SYSTEMPATH\CodeIgniter.php(340): CodeIgniter\CodeIgniter->handleRequest(null, Object(Config\Cache), false)
13 FCPATH\index.php(68): CodeIgniter\CodeIgniter->run()
CRITICAL - 2022-10-20 12:00:52 --> Class "App\Models\UserModel" not found
in APPPATH\Controllers\User.php on line 34.
 1 SYSTEMPATH\CodeIgniter.php(869): App\Controllers\User->__construct()
 2 SYSTEMPATH\CodeIgniter.php(448): CodeIgniter\CodeIgniter->createController()
 3 SYSTEMPATH\CodeIgniter.php(340): CodeIgniter\CodeIgniter->handleRequest(null, Object(Config\Cache), false)
 4 FCPATH\index.php(68): CodeIgniter\CodeIgniter->run()
ERROR - 2022-10-20 12:01:48 --> mysqli_sql_exception: Table 'mezgebe_kalat.user' doesn't exist in C:\xampp\htdocs\etkal\system\Database\MySQLi\Connection.php:292
Stack trace:
#0 C:\xampp\htdocs\etkal\system\Database\MySQLi\Connection.php(292): mysqli->query('SELECT 1\nFROM `...', 0)
#1 C:\xampp\htdocs\etkal\system\Database\BaseConnection.php(693): CodeIgniter\Database\MySQLi\Connection->execute('SELECT 1\nFROM `...')
#2 C:\xampp\htdocs\etkal\system\Database\BaseConnection.php(620): CodeIgniter\Database\BaseConnection->simpleQuery('SELECT 1\nFROM `...')
#3 C:\xampp\htdocs\etkal\system\Database\BaseBuilder.php(1585): CodeIgniter\Database\BaseConnection->query('SELECT 1\nFROM `...', Array, false)
#4 C:\xampp\htdocs\etkal\system\Validation\Rules.php(104): CodeIgniter\Database\BaseBuilder->get()
#5 C:\xampp\htdocs\etkal\system\Validation\Validation.php(315): CodeIgniter\Validation\Rules->is_not_unique('dwtk.ayele@gmai...', 'email', Array, NULL)
#6 C:\xampp\htdocs\etkal\system\Validation\Validation.php(175): CodeIgniter\Validation\Validation->processRules('email', 'email', 'dwtk.ayele@gmai...', Array, Array)
#7 C:\xampp\htdocs\etkal\system\Controller.php(140): CodeIgniter\Validation\Validation->run()
#8 C:\xampp\htdocs\etkal\app\Controllers\User.php(69): CodeIgniter\Controller->validate(Array)
#9 C:\xampp\htdocs\etkal\system\CodeIgniter.php(907): App\Controllers\User->index()
#10 C:\xampp\htdocs\etkal\system\CodeIgniter.php(457): CodeIgniter\CodeIgniter->runController(Object(App\Controllers\User))
#11 C:\xampp\htdocs\etkal\system\CodeIgniter.php(340): CodeIgniter\CodeIgniter->handleRequest(NULL, Object(Config\Cache), false)
#12 C:\xampp\htdocs\etkal\index.php(68): CodeIgniter\CodeIgniter->run()
#13 {main}
CRITICAL - 2022-10-20 12:01:48 --> Table 'mezgebe_kalat.user' doesn't exist
in SYSTEMPATH\Database\MySQLi\Connection.php on line 292.
 1 SYSTEMPATH\Database\MySQLi\Connection.php(292): mysqli->query('SELECT 1
FROM `user`
WHERE `email` = \'dwtk.ayele@gmail.com\'
 LIMIT 1', 0)
 2 SYSTEMPATH\Database\BaseConnection.php(693): CodeIgniter\Database\MySQLi\Connection->execute('SELECT 1
FROM `user`
WHERE `email` = \'dwtk.ayele@gmail.com\'
 LIMIT 1')
 3 SYSTEMPATH\Database\BaseConnection.php(620): CodeIgniter\Database\BaseConnection->simpleQuery('SELECT 1
FROM `user`
WHERE `email` = \'dwtk.ayele@gmail.com\'
 LIMIT 1')
 4 SYSTEMPATH\Database\BaseBuilder.php(1585): CodeIgniter\Database\BaseConnection->query('SELECT 1
FROM `user`
WHERE `email` = :email:
 LIMIT 1', [...], false)
 5 SYSTEMPATH\Validation\Rules.php(104): CodeIgniter\Database\BaseBuilder->get()
 6 SYSTEMPATH\Validation\Validation.php(315): CodeIgniter\Validation\Rules->is_not_unique('dwtk.ayele@gmail.com', 'email', [...], null)
 7 SYSTEMPATH\Validation\Validation.php(175): CodeIgniter\Validation\Validation->processRules('email', 'email', 'dwtk.ayele@gmail.com', [...], [...])
 8 SYSTEMPATH\Controller.php(140): CodeIgniter\Validation\Validation->run()
 9 APPPATH\Controllers\User.php(69): CodeIgniter\Controller->validate([...])
10 SYSTEMPATH\CodeIgniter.php(907): App\Controllers\User->index()
11 SYSTEMPATH\CodeIgniter.php(457): CodeIgniter\CodeIgniter->runController(Object(App\Controllers\User))
12 SYSTEMPATH\CodeIgniter.php(340): CodeIgniter\CodeIgniter->handleRequest(null, Object(Config\Cache), false)
13 FCPATH\index.php(68): CodeIgniter\CodeIgniter->run()
ERROR - 2022-10-20 12:02:03 --> mysqli_sql_exception: Table 'mezgebe_kalat.user' doesn't exist in C:\xampp\htdocs\etkal\system\Database\MySQLi\Connection.php:292
Stack trace:
#0 C:\xampp\htdocs\etkal\system\Database\MySQLi\Connection.php(292): mysqli->query('SELECT 1\nFROM `...', 0)
#1 C:\xampp\htdocs\etkal\system\Database\BaseConnection.php(693): CodeIgniter\Database\MySQLi\Connection->execute('SELECT 1\nFROM `...')
#2 C:\xampp\htdocs\etkal\system\Database\BaseConnection.php(620): CodeIgniter\Database\BaseConnection->simpleQuery('SELECT 1\nFROM `...')
#3 C:\xampp\htdocs\etkal\system\Database\BaseBuilder.php(1585): CodeIgniter\Database\BaseConnection->query('SELECT 1\nFROM `...', Array, false)
#4 C:\xampp\htdocs\etkal\system\Validation\Rules.php(104): CodeIgniter\Database\BaseBuilder->get()
#5 C:\xampp\htdocs\etkal\system\Validation\Validation.php(315): CodeIgniter\Validation\Rules->is_not_unique('thisisfortest.e...', 'email', Array, NULL)
#6 C:\xampp\htdocs\etkal\system\Validation\Validation.php(175): CodeIgniter\Validation\Validation->processRules('email', 'email', 'thisisfortest.e...', Array, Array)
#7 C:\xampp\htdocs\etkal\system\Controller.php(140): CodeIgniter\Validation\Validation->run()
#8 C:\xampp\htdocs\etkal\app\Controllers\User.php(69): CodeIgniter\Controller->validate(Array)
#9 C:\xampp\htdocs\etkal\system\CodeIgniter.php(907): App\Controllers\User->index()
#10 C:\xampp\htdocs\etkal\system\CodeIgniter.php(457): CodeIgniter\CodeIgniter->runController(Object(App\Controllers\User))
#11 C:\xampp\htdocs\etkal\system\CodeIgniter.php(340): CodeIgniter\CodeIgniter->handleRequest(NULL, Object(Config\Cache), false)
#12 C:\xampp\htdocs\etkal\index.php(68): CodeIgniter\CodeIgniter->run()
#13 {main}
CRITICAL - 2022-10-20 12:02:03 --> Table 'mezgebe_kalat.user' doesn't exist
in SYSTEMPATH\Database\MySQLi\Connection.php on line 292.
 1 SYSTEMPATH\Database\MySQLi\Connection.php(292): mysqli->query('SELECT 1
FROM `user`
WHERE `email` = \'thisisfortest.email@gmail.com\'
 LIMIT 1', 0)
 2 SYSTEMPATH\Database\BaseConnection.php(693): CodeIgniter\Database\MySQLi\Connection->execute('SELECT 1
FROM `user`
WHERE `email` = \'thisisfortest.email@gmail.com\'
 LIMIT 1')
 3 SYSTEMPATH\Database\BaseConnection.php(620): CodeIgniter\Database\BaseConnection->simpleQuery('SELECT 1
FROM `user`
WHERE `email` = \'thisisfortest.email@gmail.com\'
 LIMIT 1')
 4 SYSTEMPATH\Database\BaseBuilder.php(1585): CodeIgniter\Database\BaseConnection->query('SELECT 1
FROM `user`
WHERE `email` = :email:
 LIMIT 1', [...], false)
 5 SYSTEMPATH\Validation\Rules.php(104): CodeIgniter\Database\BaseBuilder->get()
 6 SYSTEMPATH\Validation\Validation.php(315): CodeIgniter\Validation\Rules->is_not_unique('thisisfortest.email@gmail.com', 'email', [...], null)
 7 SYSTEMPATH\Validation\Validation.php(175): CodeIgniter\Validation\Validation->processRules('email', 'email', 'thisisfortest.email@gmail.com', [...], [...])
 8 SYSTEMPATH\Controller.php(140): CodeIgniter\Validation\Validation->run()
 9 APPPATH\Controllers\User.php(69): CodeIgniter\Controller->validate([...])
10 SYSTEMPATH\CodeIgniter.php(907): App\Controllers\User->index()
11 SYSTEMPATH\CodeIgniter.php(457): CodeIgniter\CodeIgniter->runController(Object(App\Controllers\User))
12 SYSTEMPATH\CodeIgniter.php(340): CodeIgniter\CodeIgniter->handleRequest(null, Object(Config\Cache), false)
13 FCPATH\index.php(68): CodeIgniter\CodeIgniter->run()
ERROR - 2022-10-20 12:04:04 --> mysqli_sql_exception: Table 'mezgebe_kalat.user' doesn't exist in C:\xampp\htdocs\etkal\system\Database\MySQLi\Connection.php:292
Stack trace:
#0 C:\xampp\htdocs\etkal\system\Database\MySQLi\Connection.php(292): mysqli->query('SELECT 1\nFROM `...', 0)
#1 C:\xampp\htdocs\etkal\system\Database\BaseConnection.php(693): CodeIgniter\Database\MySQLi\Connection->execute('SELECT 1\nFROM `...')
#2 C:\xampp\htdocs\etkal\system\Database\BaseConnection.php(620): CodeIgniter\Database\BaseConnection->simpleQuery('SELECT 1\nFROM `...')
#3 C:\xampp\htdocs\etkal\system\Database\BaseBuilder.php(1585): CodeIgniter\Database\BaseConnection->query('SELECT 1\nFROM `...', Array, false)
#4 C:\xampp\htdocs\etkal\system\Validation\Rules.php(104): CodeIgniter\Database\BaseBuilder->get()
#5 C:\xampp\htdocs\etkal\system\Validation\Validation.php(315): CodeIgniter\Validation\Rules->is_not_unique('dwtk.ayele@gmai...', 'email', Array, NULL)
#6 C:\xampp\htdocs\etkal\system\Validation\Validation.php(175): CodeIgniter\Validation\Validation->processRules('email', 'email', 'dwtk.ayele@gmai...', Array, Array)
#7 C:\xampp\htdocs\etkal\system\Controller.php(140): CodeIgniter\Validation\Validation->run()
#8 C:\xampp\htdocs\etkal\app\Controllers\User.php(69): CodeIgniter\Controller->validate(Array)
#9 C:\xampp\htdocs\etkal\system\CodeIgniter.php(907): App\Controllers\User->index()
#10 C:\xampp\htdocs\etkal\system\CodeIgniter.php(457): CodeIgniter\CodeIgniter->runController(Object(App\Controllers\User))
#11 C:\xampp\htdocs\etkal\system\CodeIgniter.php(340): CodeIgniter\CodeIgniter->handleRequest(NULL, Object(Config\Cache), false)
#12 C:\xampp\htdocs\etkal\index.php(68): CodeIgniter\CodeIgniter->run()
#13 {main}
CRITICAL - 2022-10-20 12:04:04 --> Table 'mezgebe_kalat.user' doesn't exist
in SYSTEMPATH\Database\MySQLi\Connection.php on line 292.
 1 SYSTEMPATH\Database\MySQLi\Connection.php(292): mysqli->query('SELECT 1
FROM `user`
WHERE `email` = \'dwtk.ayele@gmail.com\'
 LIMIT 1', 0)
 2 SYSTEMPATH\Database\BaseConnection.php(693): CodeIgniter\Database\MySQLi\Connection->execute('SELECT 1
FROM `user`
WHERE `email` = \'dwtk.ayele@gmail.com\'
 LIMIT 1')
 3 SYSTEMPATH\Database\BaseConnection.php(620): CodeIgniter\Database\BaseConnection->simpleQuery('SELECT 1
FROM `user`
WHERE `email` = \'dwtk.ayele@gmail.com\'
 LIMIT 1')
 4 SYSTEMPATH\Database\BaseBuilder.php(1585): CodeIgniter\Database\BaseConnection->query('SELECT 1
FROM `user`
WHERE `email` = :email:
 LIMIT 1', [...], false)
 5 SYSTEMPATH\Validation\Rules.php(104): CodeIgniter\Database\BaseBuilder->get()
 6 SYSTEMPATH\Validation\Validation.php(315): CodeIgniter\Validation\Rules->is_not_unique('dwtk.ayele@gmail.com', 'email', [...], null)
 7 SYSTEMPATH\Validation\Validation.php(175): CodeIgniter\Validation\Validation->processRules('email', 'email', 'dwtk.ayele@gmail.com', [...], [...])
 8 SYSTEMPATH\Controller.php(140): CodeIgniter\Validation\Validation->run()
 9 APPPATH\Controllers\User.php(69): CodeIgniter\Controller->validate([...])
10 SYSTEMPATH\CodeIgniter.php(907): App\Controllers\User->index()
11 SYSTEMPATH\CodeIgniter.php(457): CodeIgniter\CodeIgniter->runController(Object(App\Controllers\User))
12 SYSTEMPATH\CodeIgniter.php(340): CodeIgniter\CodeIgniter->handleRequest(null, Object(Config\Cache), false)
13 FCPATH\index.php(68): CodeIgniter\CodeIgniter->run()
ERROR - 2022-10-20 12:05:05 --> mysqli_sql_exception: Table 'mezgebe_kalat.user' doesn't exist in C:\xampp\htdocs\etkal\system\Database\MySQLi\Connection.php:292
Stack trace:
#0 C:\xampp\htdocs\etkal\system\Database\MySQLi\Connection.php(292): mysqli->query('SELECT 1\nFROM `...', 0)
#1 C:\xampp\htdocs\etkal\system\Database\BaseConnection.php(693): CodeIgniter\Database\MySQLi\Connection->execute('SELECT 1\nFROM `...')
#2 C:\xampp\htdocs\etkal\system\Database\BaseConnection.php(620): CodeIgniter\Database\BaseConnection->simpleQuery('SELECT 1\nFROM `...')
#3 C:\xampp\htdocs\etkal\system\Database\BaseBuilder.php(1585): CodeIgniter\Database\BaseConnection->query('SELECT 1\nFROM `...', Array, false)
#4 C:\xampp\htdocs\etkal\system\Validation\Rules.php(104): CodeIgniter\Database\BaseBuilder->get()
#5 C:\xampp\htdocs\etkal\system\Validation\Validation.php(315): CodeIgniter\Validation\Rules->is_not_unique('dwtk.ayele@gmai...', 'email', Array, NULL)
#6 C:\xampp\htdocs\etkal\system\Validation\Validation.php(175): CodeIgniter\Validation\Validation->processRules('email', 'email', 'dwtk.ayele@gmai...', Array, Array)
#7 C:\xampp\htdocs\etkal\system\Controller.php(140): CodeIgniter\Validation\Validation->run()
#8 C:\xampp\htdocs\etkal\app\Controllers\User.php(69): CodeIgniter\Controller->validate(Array)
#9 C:\xampp\htdocs\etkal\system\CodeIgniter.php(907): App\Controllers\User->index()
#10 C:\xampp\htdocs\etkal\system\CodeIgniter.php(457): CodeIgniter\CodeIgniter->runController(Object(App\Controllers\User))
#11 C:\xampp\htdocs\etkal\system\CodeIgniter.php(340): CodeIgniter\CodeIgniter->handleRequest(NULL, Object(Config\Cache), false)
#12 C:\xampp\htdocs\etkal\index.php(68): CodeIgniter\CodeIgniter->run()
#13 {main}
CRITICAL - 2022-10-20 12:05:05 --> Table 'mezgebe_kalat.user' doesn't exist
in SYSTEMPATH\Database\MySQLi\Connection.php on line 292.
 1 SYSTEMPATH\Database\MySQLi\Connection.php(292): mysqli->query('SELECT 1
FROM `user`
WHERE `email` = \'dwtk.ayele@gmail.com\'
 LIMIT 1', 0)
 2 SYSTEMPATH\Database\BaseConnection.php(693): CodeIgniter\Database\MySQLi\Connection->execute('SELECT 1
FROM `user`
WHERE `email` = \'dwtk.ayele@gmail.com\'
 LIMIT 1')
 3 SYSTEMPATH\Database\BaseConnection.php(620): CodeIgniter\Database\BaseConnection->simpleQuery('SELECT 1
FROM `user`
WHERE `email` = \'dwtk.ayele@gmail.com\'
 LIMIT 1')
 4 SYSTEMPATH\Database\BaseBuilder.php(1585): CodeIgniter\Database\BaseConnection->query('SELECT 1
FROM `user`
WHERE `email` = :email:
 LIMIT 1', [...], false)
 5 SYSTEMPATH\Validation\Rules.php(104): CodeIgniter\Database\BaseBuilder->get()
 6 SYSTEMPATH\Validation\Validation.php(315): CodeIgniter\Validation\Rules->is_not_unique('dwtk.ayele@gmail.com', 'email', [...], null)
 7 SYSTEMPATH\Validation\Validation.php(175): CodeIgniter\Validation\Validation->processRules('email', 'email', 'dwtk.ayele@gmail.com', [...], [...])
 8 SYSTEMPATH\Controller.php(140): CodeIgniter\Validation\Validation->run()
 9 APPPATH\Controllers\User.php(69): CodeIgniter\Controller->validate([...])
10 SYSTEMPATH\CodeIgniter.php(907): App\Controllers\User->index()
11 SYSTEMPATH\CodeIgniter.php(457): CodeIgniter\CodeIgniter->runController(Object(App\Controllers\User))
12 SYSTEMPATH\CodeIgniter.php(340): CodeIgniter\CodeIgniter->handleRequest(null, Object(Config\Cache), false)
13 FCPATH\index.php(68): CodeIgniter\CodeIgniter->run()
ERROR - 2022-10-20 12:05:12 --> mysqli_sql_exception: Table 'mezgebe_kalat.user' doesn't exist in C:\xampp\htdocs\etkal\system\Database\MySQLi\Connection.php:292
Stack trace:
#0 C:\xampp\htdocs\etkal\system\Database\MySQLi\Connection.php(292): mysqli->query('SELECT 1\nFROM `...', 0)
#1 C:\xampp\htdocs\etkal\system\Database\BaseConnection.php(693): CodeIgniter\Database\MySQLi\Connection->execute('SELECT 1\nFROM `...')
#2 C:\xampp\htdocs\etkal\system\Database\BaseConnection.php(620): CodeIgniter\Database\BaseConnection->simpleQuery('SELECT 1\nFROM `...')
#3 C:\xampp\htdocs\etkal\system\Database\BaseBuilder.php(1585): CodeIgniter\Database\BaseConnection->query('SELECT 1\nFROM `...', Array, false)
#4 C:\xampp\htdocs\etkal\system\Validation\Rules.php(104): CodeIgniter\Database\BaseBuilder->get()
#5 C:\xampp\htdocs\etkal\system\Validation\Validation.php(315): CodeIgniter\Validation\Rules->is_not_unique('dwtk.ayele@gmai...', 'email', Array, NULL)
#6 C:\xampp\htdocs\etkal\system\Validation\Validation.php(175): CodeIgniter\Validation\Validation->processRules('email', 'email', 'dwtk.ayele@gmai...', Array, Array)
#7 C:\xampp\htdocs\etkal\system\Controller.php(140): CodeIgniter\Validation\Validation->run()
#8 C:\xampp\htdocs\etkal\app\Controllers\User.php(69): CodeIgniter\Controller->validate(Array)
#9 C:\xampp\htdocs\etkal\system\CodeIgniter.php(907): App\Controllers\User->index()
#10 C:\xampp\htdocs\etkal\system\CodeIgniter.php(457): CodeIgniter\CodeIgniter->runController(Object(App\Controllers\User))
#11 C:\xampp\htdocs\etkal\system\CodeIgniter.php(340): CodeIgniter\CodeIgniter->handleRequest(NULL, Object(Config\Cache), false)
#12 C:\xampp\htdocs\etkal\index.php(68): CodeIgniter\CodeIgniter->run()
#13 {main}
CRITICAL - 2022-10-20 12:05:12 --> Table 'mezgebe_kalat.user' doesn't exist
in SYSTEMPATH\Database\MySQLi\Connection.php on line 292.
 1 SYSTEMPATH\Database\MySQLi\Connection.php(292): mysqli->query('SELECT 1
FROM `user`
WHERE `email` = \'dwtk.ayele@gmail.com\'
 LIMIT 1', 0)
 2 SYSTEMPATH\Database\BaseConnection.php(693): CodeIgniter\Database\MySQLi\Connection->execute('SELECT 1
FROM `user`
WHERE `email` = \'dwtk.ayele@gmail.com\'
 LIMIT 1')
 3 SYSTEMPATH\Database\BaseConnection.php(620): CodeIgniter\Database\BaseConnection->simpleQuery('SELECT 1
FROM `user`
WHERE `email` = \'dwtk.ayele@gmail.com\'
 LIMIT 1')
 4 SYSTEMPATH\Database\BaseBuilder.php(1585): CodeIgniter\Database\BaseConnection->query('SELECT 1
FROM `user`
WHERE `email` = :email:
 LIMIT 1', [...], false)
 5 SYSTEMPATH\Validation\Rules.php(104): CodeIgniter\Database\BaseBuilder->get()
 6 SYSTEMPATH\Validation\Validation.php(315): CodeIgniter\Validation\Rules->is_not_unique('dwtk.ayele@gmail.com', 'email', [...], null)
 7 SYSTEMPATH\Validation\Validation.php(175): CodeIgniter\Validation\Validation->processRules('email', 'email', 'dwtk.ayele@gmail.com', [...], [...])
 8 SYSTEMPATH\Controller.php(140): CodeIgniter\Validation\Validation->run()
 9 APPPATH\Controllers\User.php(69): CodeIgniter\Controller->validate([...])
10 SYSTEMPATH\CodeIgniter.php(907): App\Controllers\User->index()
11 SYSTEMPATH\CodeIgniter.php(457): CodeIgniter\CodeIgniter->runController(Object(App\Controllers\User))
12 SYSTEMPATH\CodeIgniter.php(340): CodeIgniter\CodeIgniter->handleRequest(null, Object(Config\Cache), false)
13 FCPATH\index.php(68): CodeIgniter\CodeIgniter->run()
CRITICAL - 2022-10-20 12:55:44 --> trim(): Passing null to parameter #1 ($string) of type string is deprecated
in SYSTEMPATH\Validation\Validation.php on line 302.
 1 [internal function]: CodeIgniter\Debug\Exceptions->errorHandler(8192, 'trim(): Passing null to parameter #1 ($string) of type string is deprecated', 'SYSTEMPATH\\Validation\\Validation.php', 302)
 2 SYSTEMPATH\Validation\Validation.php(302): trim(null)
 3 SYSTEMPATH\Validation\Validation.php(175): CodeIgniter\Validation\Validation->processRules('firstname', 'firstname', null, [...], [...])
 4 SYSTEMPATH\BaseModel.php(1350): CodeIgniter\Validation\Validation->run([...], null, null)
 5 SYSTEMPATH\BaseModel.php(707): CodeIgniter\BaseModel->validate([...])
 6 SYSTEMPATH\Model.php(667): CodeIgniter\BaseModel->insert([...], false)
 7 SYSTEMPATH\BaseModel.php(658): CodeIgniter\Model->insert([...], false)
 8 APPPATH\Controllers\User.php(131): CodeIgniter\BaseModel->save([...])
 9 SYSTEMPATH\CodeIgniter.php(907): App\Controllers\User->register()
10 SYSTEMPATH\CodeIgniter.php(457): CodeIgniter\CodeIgniter->runController(Object(App\Controllers\User))
11 SYSTEMPATH\CodeIgniter.php(340): CodeIgniter\CodeIgniter->handleRequest(null, Object(Config\Cache), false)
12 FCPATH\index.php(68): CodeIgniter\CodeIgniter->run()
CRITICAL - 2022-10-20 12:58:01 --> trim(): Passing null to parameter #1 ($string) of type string is deprecated
in SYSTEMPATH\Validation\Validation.php on line 302.
 1 [internal function]: CodeIgniter\Debug\Exceptions->errorHandler(8192, 'trim(): Passing null to parameter #1 ($string) of type string is deprecated', 'SYSTEMPATH\\Validation\\Validation.php', 302)
 2 SYSTEMPATH\Validation\Validation.php(302): trim(null)
 3 SYSTEMPATH\Validation\Validation.php(175): CodeIgniter\Validation\Validation->processRules('firstname', 'firstname', null, [...], [...])
 4 SYSTEMPATH\BaseModel.php(1350): CodeIgniter\Validation\Validation->run([...], null, null)
 5 SYSTEMPATH\BaseModel.php(707): CodeIgniter\BaseModel->validate([...])
 6 SYSTEMPATH\Model.php(667): CodeIgniter\BaseModel->insert([...], false)
 7 SYSTEMPATH\BaseModel.php(658): CodeIgniter\Model->insert([...], false)
 8 APPPATH\Controllers\User.php(131): CodeIgniter\BaseModel->save([...])
 9 SYSTEMPATH\CodeIgniter.php(907): App\Controllers\User->register()
10 SYSTEMPATH\CodeIgniter.php(457): CodeIgniter\CodeIgniter->runController(Object(App\Controllers\User))
11 SYSTEMPATH\CodeIgniter.php(340): CodeIgniter\CodeIgniter->handleRequest(null, Object(Config\Cache), false)
12 FCPATH\index.php(68): CodeIgniter\CodeIgniter->run()
CRITICAL - 2022-10-20 12:58:58 --> trim(): Passing null to parameter #1 ($string) of type string is deprecated
in SYSTEMPATH\Validation\Validation.php on line 302.
 1 [internal function]: CodeIgniter\Debug\Exceptions->errorHandler(8192, 'trim(): Passing null to parameter #1 ($string) of type string is deprecated', 'SYSTEMPATH\\Validation\\Validation.php', 302)
 2 SYSTEMPATH\Validation\Validation.php(302): trim(null)
 3 SYSTEMPATH\Validation\Validation.php(175): CodeIgniter\Validation\Validation->processRules('firstname', 'firstname', null, [...], [...])
 4 SYSTEMPATH\BaseModel.php(1350): CodeIgniter\Validation\Validation->run([...], null, null)
 5 SYSTEMPATH\BaseModel.php(707): CodeIgniter\BaseModel->validate([...])
 6 SYSTEMPATH\Model.php(667): CodeIgniter\BaseModel->insert([...], false)
 7 SYSTEMPATH\BaseModel.php(658): CodeIgniter\Model->insert([...], false)
 8 APPPATH\Controllers\User.php(131): CodeIgniter\BaseModel->save([...])
 9 SYSTEMPATH\CodeIgniter.php(907): App\Controllers\User->register()
10 SYSTEMPATH\CodeIgniter.php(457): CodeIgniter\CodeIgniter->runController(Object(App\Controllers\User))
11 SYSTEMPATH\CodeIgniter.php(340): CodeIgniter\CodeIgniter->handleRequest(null, Object(Config\Cache), false)
12 FCPATH\index.php(68): CodeIgniter\CodeIgniter->run()
CRITICAL - 2022-10-20 13:03:18 --> trim(): Passing null to parameter #1 ($string) of type string is deprecated
in SYSTEMPATH\Validation\Validation.php on line 302.
 1 [internal function]: CodeIgniter\Debug\Exceptions->errorHandler(8192, 'trim(): Passing null to parameter #1 ($string) of type string is deprecated', 'SYSTEMPATH\\Validation\\Validation.php', 302)
 2 SYSTEMPATH\Validation\Validation.php(302): trim(null)
 3 SYSTEMPATH\Validation\Validation.php(175): CodeIgniter\Validation\Validation->processRules('firstname', 'firstname', null, [...], [...])
 4 SYSTEMPATH\BaseModel.php(1350): CodeIgniter\Validation\Validation->run([...], null, null)
 5 SYSTEMPATH\BaseModel.php(707): CodeIgniter\BaseModel->validate([...])
 6 SYSTEMPATH\Model.php(667): CodeIgniter\BaseModel->insert([...], false)
 7 SYSTEMPATH\BaseModel.php(658): CodeIgniter\Model->insert([...], false)
 8 APPPATH\Controllers\User.php(131): CodeIgniter\BaseModel->save([...])
 9 SYSTEMPATH\CodeIgniter.php(907): App\Controllers\User->register()
10 SYSTEMPATH\CodeIgniter.php(457): CodeIgniter\CodeIgniter->runController(Object(App\Controllers\User))
11 SYSTEMPATH\CodeIgniter.php(340): CodeIgniter\CodeIgniter->handleRequest(null, Object(Config\Cache), false)
12 FCPATH\index.php(68): CodeIgniter\CodeIgniter->run()
CRITICAL - 2022-10-20 13:29:35 --> Array to string conversion
in APPPATH\Controllers\User.php on line 137.
 1 APPPATH\Controllers\User.php(137): CodeIgniter\Debug\Exceptions->errorHandler(2, 'Array to string conversion', 'APPPATH\\Controllers\\User.php', 137)
 2 SYSTEMPATH\CodeIgniter.php(907): App\Controllers\User->register()
 3 SYSTEMPATH\CodeIgniter.php(457): CodeIgniter\CodeIgniter->runController(Object(App\Controllers\User))
 4 SYSTEMPATH\CodeIgniter.php(340): CodeIgniter\CodeIgniter->handleRequest(null, Object(Config\Cache), false)
 5 FCPATH\index.php(68): CodeIgniter\CodeIgniter->run()
