CRITICAL - 2022-11-22 11:12:26 --> Array to string conversion
in APPPATH\Views\search\search.php on line 15.
 1 APPPATH\Views\search\search.php(15): CodeIgniter\Debug\Exceptions->errorHandler(2, 'Array to string conversion', 'APPPATH\\Views\\search\\search.php', 15)
 2 SYSTEMPATH\View\View.php(213): include('APPPATH\\Views\\search\\search.php')
 3 SYSTEMPATH\View\View.php(216): CodeIgniter\View\View->CodeIgniter\View\{closure}()
 4 SYSTEMPATH\Common.php(1142): CodeIgniter\View\View->render('search/search', [], true)
 5 APPPATH\Controllers\Search.php(26): view('search/search', [...])
 6 SYSTEMPATH\CodeIgniter.php(907): App\Controllers\Search->index()
 7 SYSTEMPATH\CodeIgniter.php(457): CodeIgniter\CodeIgniter->runController(Object(App\Controllers\Search))
 8 SYSTEMPATH\CodeIgniter.php(340): CodeIgniter\CodeIgniter->handleRequest(null, Object(Config\Cache), false)
 9 FCPATH\index.php(68): CodeIgniter\CodeIgniter->run()
CRITICAL - 2022-11-22 11:13:00 --> Undefined array key "id"
in APPPATH\Views\search\search.php on line 15.
 1 APPPATH\Views\search\search.php(15): CodeIgniter\Debug\Exceptions->errorHandler(2, 'Undefined array key "id"', 'APPPATH\\Views\\search\\search.php', 15)
 2 SYSTEMPATH\View\View.php(213): include('APPPATH\\Views\\search\\search.php')
 3 SYSTEMPATH\View\View.php(216): CodeIgniter\View\View->CodeIgniter\View\{closure}()
 4 SYSTEMPATH\Common.php(1142): CodeIgniter\View\View->render('search/search', [], true)
 5 APPPATH\Controllers\Search.php(26): view('search/search', [...])
 6 SYSTEMPATH\CodeIgniter.php(907): App\Controllers\Search->index()
 7 SYSTEMPATH\CodeIgniter.php(457): CodeIgniter\CodeIgniter->runController(Object(App\Controllers\Search))
 8 SYSTEMPATH\CodeIgniter.php(340): CodeIgniter\CodeIgniter->handleRequest(null, Object(Config\Cache), false)
 9 FCPATH\index.php(68): CodeIgniter\CodeIgniter->run()
CRITICAL - 2022-11-22 11:13:01 --> Undefined array key "id"
in APPPATH\Views\search\search.php on line 15.
 1 APPPATH\Views\search\search.php(15): CodeIgniter\Debug\Exceptions->errorHandler(2, 'Undefined array key "id"', 'APPPATH\\Views\\search\\search.php', 15)
 2 SYSTEMPATH\View\View.php(213): include('APPPATH\\Views\\search\\search.php')
 3 SYSTEMPATH\View\View.php(216): CodeIgniter\View\View->CodeIgniter\View\{closure}()
 4 SYSTEMPATH\Common.php(1142): CodeIgniter\View\View->render('search/search', [], true)
 5 APPPATH\Controllers\Search.php(26): view('search/search', [...])
 6 SYSTEMPATH\CodeIgniter.php(907): App\Controllers\Search->index()
 7 SYSTEMPATH\CodeIgniter.php(457): CodeIgniter\CodeIgniter->runController(Object(App\Controllers\Search))
 8 SYSTEMPATH\CodeIgniter.php(340): CodeIgniter\CodeIgniter->handleRequest(null, Object(Config\Cache), false)
 9 FCPATH\index.php(68): CodeIgniter\CodeIgniter->run()
CRITICAL - 2022-11-22 11:13:02 --> Undefined array key "id"
in APPPATH\Views\search\search.php on line 15.
 1 APPPATH\Views\search\search.php(15): CodeIgniter\Debug\Exceptions->errorHandler(2, 'Undefined array key "id"', 'APPPATH\\Views\\search\\search.php', 15)
 2 SYSTEMPATH\View\View.php(213): include('APPPATH\\Views\\search\\search.php')
 3 SYSTEMPATH\View\View.php(216): CodeIgniter\View\View->CodeIgniter\View\{closure}()
 4 SYSTEMPATH\Common.php(1142): CodeIgniter\View\View->render('search/search', [], true)
 5 APPPATH\Controllers\Search.php(26): view('search/search', [...])
 6 SYSTEMPATH\CodeIgniter.php(907): App\Controllers\Search->index()
 7 SYSTEMPATH\CodeIgniter.php(457): CodeIgniter\CodeIgniter->runController(Object(App\Controllers\Search))
 8 SYSTEMPATH\CodeIgniter.php(340): CodeIgniter\CodeIgniter->handleRequest(null, Object(Config\Cache), false)
 9 FCPATH\index.php(68): CodeIgniter\CodeIgniter->run()
CRITICAL - 2022-11-22 11:13:35 --> Undefined variable $session
in APPPATH\Views\search\search.php on line 15.
 1 APPPATH\Views\search\search.php(15): CodeIgniter\Debug\Exceptions->errorHandler(2, 'Undefined variable $session', 'APPPATH\\Views\\search\\search.php', 15)
 2 SYSTEMPATH\View\View.php(213): include('APPPATH\\Views\\search\\search.php')
 3 SYSTEMPATH\View\View.php(216): CodeIgniter\View\View->CodeIgniter\View\{closure}()
 4 SYSTEMPATH\Common.php(1142): CodeIgniter\View\View->render('search/search', [], true)
 5 APPPATH\Controllers\Search.php(26): view('search/search', [...])
 6 SYSTEMPATH\CodeIgniter.php(907): App\Controllers\Search->index()
 7 SYSTEMPATH\CodeIgniter.php(457): CodeIgniter\CodeIgniter->runController(Object(App\Controllers\Search))
 8 SYSTEMPATH\CodeIgniter.php(340): CodeIgniter\CodeIgniter->handleRequest(null, Object(Config\Cache), false)
 9 FCPATH\index.php(68): CodeIgniter\CodeIgniter->run()
CRITICAL - 2022-11-22 11:14:34 --> Undefined variable $ci_session
in APPPATH\Views\search\search.php on line 15.
 1 APPPATH\Views\search\search.php(15): CodeIgniter\Debug\Exceptions->errorHandler(2, 'Undefined variable $ci_session', 'APPPATH\\Views\\search\\search.php', 15)
 2 SYSTEMPATH\View\View.php(213): include('APPPATH\\Views\\search\\search.php')
 3 SYSTEMPATH\View\View.php(216): CodeIgniter\View\View->CodeIgniter\View\{closure}()
 4 SYSTEMPATH\Common.php(1142): CodeIgniter\View\View->render('search/search', [], true)
 5 APPPATH\Controllers\Search.php(26): view('search/search', [...])
 6 SYSTEMPATH\CodeIgniter.php(907): App\Controllers\Search->index()
 7 SYSTEMPATH\CodeIgniter.php(457): CodeIgniter\CodeIgniter->runController(Object(App\Controllers\Search))
 8 SYSTEMPATH\CodeIgniter.php(340): CodeIgniter\CodeIgniter->handleRequest(null, Object(Config\Cache), false)
 9 FCPATH\index.php(68): CodeIgniter\CodeIgniter->run()
CRITICAL - 2022-11-22 11:14:45 --> Undefined array key "ci_session"
in APPPATH\Views\search\search.php on line 15.
 1 APPPATH\Views\search\search.php(15): CodeIgniter\Debug\Exceptions->errorHandler(2, 'Undefined array key "ci_session"', 'APPPATH\\Views\\search\\search.php', 15)
 2 SYSTEMPATH\View\View.php(213): include('APPPATH\\Views\\search\\search.php')
 3 SYSTEMPATH\View\View.php(216): CodeIgniter\View\View->CodeIgniter\View\{closure}()
 4 SYSTEMPATH\Common.php(1142): CodeIgniter\View\View->render('search/search', [], true)
 5 APPPATH\Controllers\Search.php(26): view('search/search', [...])
 6 SYSTEMPATH\CodeIgniter.php(907): App\Controllers\Search->index()
 7 SYSTEMPATH\CodeIgniter.php(457): CodeIgniter\CodeIgniter->runController(Object(App\Controllers\Search))
 8 SYSTEMPATH\CodeIgniter.php(340): CodeIgniter\CodeIgniter->handleRequest(null, Object(Config\Cache), false)
 9 FCPATH\index.php(68): CodeIgniter\CodeIgniter->run()
CRITICAL - 2022-11-22 11:15:24 --> Undefined variable $session
in APPPATH\Views\search\search.php on line 15.
 1 APPPATH\Views\search\search.php(15): CodeIgniter\Debug\Exceptions->errorHandler(2, 'Undefined variable $session', 'APPPATH\\Views\\search\\search.php', 15)
 2 SYSTEMPATH\View\View.php(213): include('APPPATH\\Views\\search\\search.php')
 3 SYSTEMPATH\View\View.php(216): CodeIgniter\View\View->CodeIgniter\View\{closure}()
 4 SYSTEMPATH\Common.php(1142): CodeIgniter\View\View->render('search/search', [], true)
 5 APPPATH\Controllers\Search.php(26): view('search/search', [...])
 6 SYSTEMPATH\CodeIgniter.php(907): App\Controllers\Search->index()
 7 SYSTEMPATH\CodeIgniter.php(457): CodeIgniter\CodeIgniter->runController(Object(App\Controllers\Search))
 8 SYSTEMPATH\CodeIgniter.php(340): CodeIgniter\CodeIgniter->handleRequest(null, Object(Config\Cache), false)
 9 FCPATH\index.php(68): CodeIgniter\CodeIgniter->run()
CRITICAL - 2022-11-22 11:15:25 --> Undefined variable $session
in APPPATH\Views\search\search.php on line 15.
 1 APPPATH\Views\search\search.php(15): CodeIgniter\Debug\Exceptions->errorHandler(2, 'Undefined variable $session', 'APPPATH\\Views\\search\\search.php', 15)
 2 SYSTEMPATH\View\View.php(213): include('APPPATH\\Views\\search\\search.php')
 3 SYSTEMPATH\View\View.php(216): CodeIgniter\View\View->CodeIgniter\View\{closure}()
 4 SYSTEMPATH\Common.php(1142): CodeIgniter\View\View->render('search/search', [], true)
 5 APPPATH\Controllers\Search.php(26): view('search/search', [...])
 6 SYSTEMPATH\CodeIgniter.php(907): App\Controllers\Search->index()
 7 SYSTEMPATH\CodeIgniter.php(457): CodeIgniter\CodeIgniter->runController(Object(App\Controllers\Search))
 8 SYSTEMPATH\CodeIgniter.php(340): CodeIgniter\CodeIgniter->handleRequest(null, Object(Config\Cache), false)
 9 FCPATH\index.php(68): CodeIgniter\CodeIgniter->run()
CRITICAL - 2022-11-22 11:15:25 --> Undefined variable $session
in APPPATH\Views\search\search.php on line 15.
 1 APPPATH\Views\search\search.php(15): CodeIgniter\Debug\Exceptions->errorHandler(2, 'Undefined variable $session', 'APPPATH\\Views\\search\\search.php', 15)
 2 SYSTEMPATH\View\View.php(213): include('APPPATH\\Views\\search\\search.php')
 3 SYSTEMPATH\View\View.php(216): CodeIgniter\View\View->CodeIgniter\View\{closure}()
 4 SYSTEMPATH\Common.php(1142): CodeIgniter\View\View->render('search/search', [], true)
 5 APPPATH\Controllers\Search.php(26): view('search/search', [...])
 6 SYSTEMPATH\CodeIgniter.php(907): App\Controllers\Search->index()
 7 SYSTEMPATH\CodeIgniter.php(457): CodeIgniter\CodeIgniter->runController(Object(App\Controllers\Search))
 8 SYSTEMPATH\CodeIgniter.php(340): CodeIgniter\CodeIgniter->handleRequest(null, Object(Config\Cache), false)
 9 FCPATH\index.php(68): CodeIgniter\CodeIgniter->run()
CRITICAL - 2022-11-22 11:16:46 --> Undefined variable $session
in APPPATH\Views\search\search.php on line 15.
 1 APPPATH\Views\search\search.php(15): CodeIgniter\Debug\Exceptions->errorHandler(2, 'Undefined variable $session', 'APPPATH\\Views\\search\\search.php', 15)
 2 SYSTEMPATH\View\View.php(213): include('APPPATH\\Views\\search\\search.php')
 3 SYSTEMPATH\View\View.php(216): CodeIgniter\View\View->CodeIgniter\View\{closure}()
 4 SYSTEMPATH\Common.php(1142): CodeIgniter\View\View->render('search/search', [], true)
 5 APPPATH\Controllers\Search.php(27): view('search/search', [...])
 6 SYSTEMPATH\CodeIgniter.php(907): App\Controllers\Search->index()
 7 SYSTEMPATH\CodeIgniter.php(457): CodeIgniter\CodeIgniter->runController(Object(App\Controllers\Search))
 8 SYSTEMPATH\CodeIgniter.php(340): CodeIgniter\CodeIgniter->handleRequest(null, Object(Config\Cache), false)
 9 FCPATH\index.php(68): CodeIgniter\CodeIgniter->run()
CRITICAL - 2022-11-22 11:16:47 --> Undefined variable $session
in APPPATH\Views\search\search.php on line 15.
 1 APPPATH\Views\search\search.php(15): CodeIgniter\Debug\Exceptions->errorHandler(2, 'Undefined variable $session', 'APPPATH\\Views\\search\\search.php', 15)
 2 SYSTEMPATH\View\View.php(213): include('APPPATH\\Views\\search\\search.php')
 3 SYSTEMPATH\View\View.php(216): CodeIgniter\View\View->CodeIgniter\View\{closure}()
 4 SYSTEMPATH\Common.php(1142): CodeIgniter\View\View->render('search/search', [], true)
 5 APPPATH\Controllers\Search.php(27): view('search/search', [...])
 6 SYSTEMPATH\CodeIgniter.php(907): App\Controllers\Search->index()
 7 SYSTEMPATH\CodeIgniter.php(457): CodeIgniter\CodeIgniter->runController(Object(App\Controllers\Search))
 8 SYSTEMPATH\CodeIgniter.php(340): CodeIgniter\CodeIgniter->handleRequest(null, Object(Config\Cache), false)
 9 FCPATH\index.php(68): CodeIgniter\CodeIgniter->run()
CRITICAL - 2022-11-22 11:17:34 --> Undefined variable $session
in APPPATH\Views\search\search.php on line 15.
 1 APPPATH\Views\search\search.php(15): CodeIgniter\Debug\Exceptions->errorHandler(2, 'Undefined variable $session', 'APPPATH\\Views\\search\\search.php', 15)
 2 SYSTEMPATH\View\View.php(213): include('APPPATH\\Views\\search\\search.php')
 3 SYSTEMPATH\View\View.php(216): CodeIgniter\View\View->CodeIgniter\View\{closure}()
 4 SYSTEMPATH\Common.php(1142): CodeIgniter\View\View->render('search/search', [], true)
 5 APPPATH\Controllers\Search.php(27): view('search/search', [...])
 6 SYSTEMPATH\CodeIgniter.php(907): App\Controllers\Search->index()
 7 SYSTEMPATH\CodeIgniter.php(457): CodeIgniter\CodeIgniter->runController(Object(App\Controllers\Search))
 8 SYSTEMPATH\CodeIgniter.php(340): CodeIgniter\CodeIgniter->handleRequest(null, Object(Config\Cache), false)
 9 FCPATH\index.php(68): CodeIgniter\CodeIgniter->run()
CRITICAL - 2022-11-22 11:23:45 --> Array to string conversion
in APPPATH\Views\search\search.php on line 15.
 1 APPPATH\Views\search\search.php(15): CodeIgniter\Debug\Exceptions->errorHandler(2, 'Array to string conversion', 'APPPATH\\Views\\search\\search.php', 15)
 2 SYSTEMPATH\View\View.php(213): include('APPPATH\\Views\\search\\search.php')
 3 SYSTEMPATH\View\View.php(216): CodeIgniter\View\View->CodeIgniter\View\{closure}()
 4 SYSTEMPATH\Common.php(1142): CodeIgniter\View\View->render('search/search', [], true)
 5 APPPATH\Controllers\Search.php(29): view('search/search', [...])
 6 SYSTEMPATH\CodeIgniter.php(907): App\Controllers\Search->index()
 7 SYSTEMPATH\CodeIgniter.php(457): CodeIgniter\CodeIgniter->runController(Object(App\Controllers\Search))
 8 SYSTEMPATH\CodeIgniter.php(340): CodeIgniter\CodeIgniter->handleRequest(null, Object(Config\Cache), false)
 9 FCPATH\index.php(68): CodeIgniter\CodeIgniter->run()
CRITICAL - 2022-11-22 11:23:46 --> Array to string conversion
in APPPATH\Views\search\search.php on line 15.
 1 APPPATH\Views\search\search.php(15): CodeIgniter\Debug\Exceptions->errorHandler(2, 'Array to string conversion', 'APPPATH\\Views\\search\\search.php', 15)
 2 SYSTEMPATH\View\View.php(213): include('APPPATH\\Views\\search\\search.php')
 3 SYSTEMPATH\View\View.php(216): CodeIgniter\View\View->CodeIgniter\View\{closure}()
 4 SYSTEMPATH\Common.php(1142): CodeIgniter\View\View->render('search/search', [], true)
 5 APPPATH\Controllers\Search.php(29): view('search/search', [...])
 6 SYSTEMPATH\CodeIgniter.php(907): App\Controllers\Search->index()
 7 SYSTEMPATH\CodeIgniter.php(457): CodeIgniter\CodeIgniter->runController(Object(App\Controllers\Search))
 8 SYSTEMPATH\CodeIgniter.php(340): CodeIgniter\CodeIgniter->handleRequest(null, Object(Config\Cache), false)
 9 FCPATH\index.php(68): CodeIgniter\CodeIgniter->run()
CRITICAL - 2022-11-22 11:28:45 --> Undefined variable $session_id
in APPPATH\Views\search\search.php on line 15.
 1 APPPATH\Views\search\search.php(15): CodeIgniter\Debug\Exceptions->errorHandler(2, 'Undefined variable $session_id', 'APPPATH\\Views\\search\\search.php', 15)
 2 SYSTEMPATH\View\View.php(213): include('APPPATH\\Views\\search\\search.php')
 3 SYSTEMPATH\View\View.php(216): CodeIgniter\View\View->CodeIgniter\View\{closure}()
 4 SYSTEMPATH\Common.php(1142): CodeIgniter\View\View->render('search/search', [], true)
 5 APPPATH\Controllers\Search.php(29): view('search/search', [...])
 6 SYSTEMPATH\CodeIgniter.php(907): App\Controllers\Search->index()
 7 SYSTEMPATH\CodeIgniter.php(457): CodeIgniter\CodeIgniter->runController(Object(App\Controllers\Search))
 8 SYSTEMPATH\CodeIgniter.php(340): CodeIgniter\CodeIgniter->handleRequest(null, Object(Config\Cache), false)
 9 FCPATH\index.php(68): CodeIgniter\CodeIgniter->run()
CRITICAL - 2022-11-22 11:33:24 --> Call to undefined method CodeIgniter\Session\Session::userdata()
in APPPATH\Controllers\Search.php on line 27.
 1 SYSTEMPATH\CodeIgniter.php(907): App\Controllers\Search->index()
 2 SYSTEMPATH\CodeIgniter.php(457): CodeIgniter\CodeIgniter->runController(Object(App\Controllers\Search))
 3 SYSTEMPATH\CodeIgniter.php(340): CodeIgniter\CodeIgniter->handleRequest(null, Object(Config\Cache), false)
 4 FCPATH\index.php(68): CodeIgniter\CodeIgniter->run()
CRITICAL - 2022-11-22 11:33:40 --> Call to undefined method CodeIgniter\Session\Session::userdata()
in APPPATH\Controllers\Search.php on line 27.
 1 SYSTEMPATH\CodeIgniter.php(907): App\Controllers\Search->index()
 2 SYSTEMPATH\CodeIgniter.php(457): CodeIgniter\CodeIgniter->runController(Object(App\Controllers\Search))
 3 SYSTEMPATH\CodeIgniter.php(340): CodeIgniter\CodeIgniter->handleRequest(null, Object(Config\Cache), false)
 4 FCPATH\index.php(68): CodeIgniter\CodeIgniter->run()
CRITICAL - 2022-11-22 11:33:41 --> Call to undefined method CodeIgniter\Session\Session::userdata()
in APPPATH\Controllers\Search.php on line 27.
 1 SYSTEMPATH\CodeIgniter.php(907): App\Controllers\Search->index()
 2 SYSTEMPATH\CodeIgniter.php(457): CodeIgniter\CodeIgniter->runController(Object(App\Controllers\Search))
 3 SYSTEMPATH\CodeIgniter.php(340): CodeIgniter\CodeIgniter->handleRequest(null, Object(Config\Cache), false)
 4 FCPATH\index.php(68): CodeIgniter\CodeIgniter->run()
CRITICAL - 2022-11-22 11:33:41 --> Call to undefined method CodeIgniter\Session\Session::userdata()
in APPPATH\Controllers\Search.php on line 27.
 1 SYSTEMPATH\CodeIgniter.php(907): App\Controllers\Search->index()
 2 SYSTEMPATH\CodeIgniter.php(457): CodeIgniter\CodeIgniter->runController(Object(App\Controllers\Search))
 3 SYSTEMPATH\CodeIgniter.php(340): CodeIgniter\CodeIgniter->handleRequest(null, Object(Config\Cache), false)
 4 FCPATH\index.php(68): CodeIgniter\CodeIgniter->run()
CRITICAL - 2022-11-22 11:33:41 --> Call to undefined method CodeIgniter\Session\Session::userdata()
in APPPATH\Controllers\Search.php on line 27.
 1 SYSTEMPATH\CodeIgniter.php(907): App\Controllers\Search->index()
 2 SYSTEMPATH\CodeIgniter.php(457): CodeIgniter\CodeIgniter->runController(Object(App\Controllers\Search))
 3 SYSTEMPATH\CodeIgniter.php(340): CodeIgniter\CodeIgniter->handleRequest(null, Object(Config\Cache), false)
 4 FCPATH\index.php(68): CodeIgniter\CodeIgniter->run()
CRITICAL - 2022-11-22 11:35:19 --> Call to undefined method CodeIgniter\Session\Session::all_userdata()
in APPPATH\Controllers\Search.php on line 27.
 1 SYSTEMPATH\CodeIgniter.php(907): App\Controllers\Search->index()
 2 SYSTEMPATH\CodeIgniter.php(457): CodeIgniter\CodeIgniter->runController(Object(App\Controllers\Search))
 3 SYSTEMPATH\CodeIgniter.php(340): CodeIgniter\CodeIgniter->handleRequest(null, Object(Config\Cache), false)
 4 FCPATH\index.php(68): CodeIgniter\CodeIgniter->run()
CRITICAL - 2022-11-22 11:35:20 --> Call to undefined method CodeIgniter\Session\Session::all_userdata()
in APPPATH\Controllers\Search.php on line 27.
 1 SYSTEMPATH\CodeIgniter.php(907): App\Controllers\Search->index()
 2 SYSTEMPATH\CodeIgniter.php(457): CodeIgniter\CodeIgniter->runController(Object(App\Controllers\Search))
 3 SYSTEMPATH\CodeIgniter.php(340): CodeIgniter\CodeIgniter->handleRequest(null, Object(Config\Cache), false)
 4 FCPATH\index.php(68): CodeIgniter\CodeIgniter->run()
CRITICAL - 2022-11-22 11:35:21 --> Call to undefined method CodeIgniter\Session\Session::all_userdata()
in APPPATH\Controllers\Search.php on line 27.
 1 SYSTEMPATH\CodeIgniter.php(907): App\Controllers\Search->index()
 2 SYSTEMPATH\CodeIgniter.php(457): CodeIgniter\CodeIgniter->runController(Object(App\Controllers\Search))
 3 SYSTEMPATH\CodeIgniter.php(340): CodeIgniter\CodeIgniter->handleRequest(null, Object(Config\Cache), false)
 4 FCPATH\index.php(68): CodeIgniter\CodeIgniter->run()
CRITICAL - 2022-11-22 11:37:24 --> Object of class App\Controllers\Search could not be converted to string
in APPPATH\Controllers\Search.php on line 27.
 1 SYSTEMPATH\CodeIgniter.php(907): App\Controllers\Search->index()
 2 SYSTEMPATH\CodeIgniter.php(457): CodeIgniter\CodeIgniter->runController(Object(App\Controllers\Search))
 3 SYSTEMPATH\CodeIgniter.php(340): CodeIgniter\CodeIgniter->handleRequest(null, Object(Config\Cache), false)
 4 FCPATH\index.php(68): CodeIgniter\CodeIgniter->run()
CRITICAL - 2022-11-22 11:37:25 --> Object of class App\Controllers\Search could not be converted to string
in APPPATH\Controllers\Search.php on line 27.
 1 SYSTEMPATH\CodeIgniter.php(907): App\Controllers\Search->index()
 2 SYSTEMPATH\CodeIgniter.php(457): CodeIgniter\CodeIgniter->runController(Object(App\Controllers\Search))
 3 SYSTEMPATH\CodeIgniter.php(340): CodeIgniter\CodeIgniter->handleRequest(null, Object(Config\Cache), false)
 4 FCPATH\index.php(68): CodeIgniter\CodeIgniter->run()
CRITICAL - 2022-11-22 11:37:47 --> Undefined property: App\Controllers\Search::$session
in APPPATH\Controllers\Search.php on line 27.
 1 APPPATH\Controllers\Search.php(27): CodeIgniter\Debug\Exceptions->errorHandler(2, 'Undefined property: App\\Controllers\\Search::$session', 'APPPATH\\Controllers\\Search.php', 27)
 2 SYSTEMPATH\CodeIgniter.php(907): App\Controllers\Search->index()
 3 SYSTEMPATH\CodeIgniter.php(457): CodeIgniter\CodeIgniter->runController(Object(App\Controllers\Search))
 4 SYSTEMPATH\CodeIgniter.php(340): CodeIgniter\CodeIgniter->handleRequest(null, Object(Config\Cache), false)
 5 FCPATH\index.php(68): CodeIgniter\CodeIgniter->run()
CRITICAL - 2022-11-22 11:38:43 --> Undefined property: App\Controllers\Search::$load
in APPPATH\Controllers\Search.php on line 13.
 1 APPPATH\Controllers\Search.php(13): CodeIgniter\Debug\Exceptions->errorHandler(2, 'Undefined property: App\\Controllers\\Search::$load', 'APPPATH\\Controllers\\Search.php', 13)
 2 SYSTEMPATH\CodeIgniter.php(869): App\Controllers\Search->__construct()
 3 SYSTEMPATH\CodeIgniter.php(448): CodeIgniter\CodeIgniter->createController()
 4 SYSTEMPATH\CodeIgniter.php(340): CodeIgniter\CodeIgniter->handleRequest(null, Object(Config\Cache), false)
 5 FCPATH\index.php(68): CodeIgniter\CodeIgniter->run()
CRITICAL - 2022-11-22 11:38:45 --> Undefined property: App\Controllers\Search::$load
in APPPATH\Controllers\Search.php on line 13.
 1 APPPATH\Controllers\Search.php(13): CodeIgniter\Debug\Exceptions->errorHandler(2, 'Undefined property: App\\Controllers\\Search::$load', 'APPPATH\\Controllers\\Search.php', 13)
 2 SYSTEMPATH\CodeIgniter.php(869): App\Controllers\Search->__construct()
 3 SYSTEMPATH\CodeIgniter.php(448): CodeIgniter\CodeIgniter->createController()
 4 SYSTEMPATH\CodeIgniter.php(340): CodeIgniter\CodeIgniter->handleRequest(null, Object(Config\Cache), false)
 5 FCPATH\index.php(68): CodeIgniter\CodeIgniter->run()
CRITICAL - 2022-11-22 11:42:16 --> Call to undefined method CodeIgniter\Session\Session::all_userdata()
in APPPATH\Controllers\Search.php on line 27.
 1 SYSTEMPATH\CodeIgniter.php(907): App\Controllers\Search->index()
 2 SYSTEMPATH\CodeIgniter.php(457): CodeIgniter\CodeIgniter->runController(Object(App\Controllers\Search))
 3 SYSTEMPATH\CodeIgniter.php(340): CodeIgniter\CodeIgniter->handleRequest(null, Object(Config\Cache), false)
 4 FCPATH\index.php(68): CodeIgniter\CodeIgniter->run()
CRITICAL - 2022-11-22 11:56:07 --> Call to undefined method CodeIgniter\Session\Session::all_userdata()
in APPPATH\Controllers\Search.php on line 25.
 1 SYSTEMPATH\CodeIgniter.php(907): App\Controllers\Search->index()
 2 SYSTEMPATH\CodeIgniter.php(457): CodeIgniter\CodeIgniter->runController(Object(App\Controllers\Search))
 3 SYSTEMPATH\CodeIgniter.php(340): CodeIgniter\CodeIgniter->handleRequest(null, Object(Config\Cache), false)
 4 FCPATH\index.php(68): CodeIgniter\CodeIgniter->run()
CRITICAL - 2022-11-22 11:56:08 --> Call to undefined method CodeIgniter\Session\Session::all_userdata()
in APPPATH\Controllers\Search.php on line 25.
 1 SYSTEMPATH\CodeIgniter.php(907): App\Controllers\Search->index()
 2 SYSTEMPATH\CodeIgniter.php(457): CodeIgniter\CodeIgniter->runController(Object(App\Controllers\Search))
 3 SYSTEMPATH\CodeIgniter.php(340): CodeIgniter\CodeIgniter->handleRequest(null, Object(Config\Cache), false)
 4 FCPATH\index.php(68): CodeIgniter\CodeIgniter->run()
CRITICAL - 2022-11-22 11:56:52 --> Undefined property: App\Controllers\Search::$load
in APPPATH\Controllers\Search.php on line 13.
 1 APPPATH\Controllers\Search.php(13): CodeIgniter\Debug\Exceptions->errorHandler(2, 'Undefined property: App\\Controllers\\Search::$load', 'APPPATH\\Controllers\\Search.php', 13)
 2 SYSTEMPATH\CodeIgniter.php(869): App\Controllers\Search->__construct()
 3 SYSTEMPATH\CodeIgniter.php(448): CodeIgniter\CodeIgniter->createController()
 4 SYSTEMPATH\CodeIgniter.php(340): CodeIgniter\CodeIgniter->handleRequest(null, Object(Config\Cache), false)
 5 FCPATH\index.php(68): CodeIgniter\CodeIgniter->run()
CRITICAL - 2022-11-22 11:57:00 --> Undefined property: App\Controllers\Search::$load
in APPPATH\Controllers\Search.php on line 19.
 1 APPPATH\Controllers\Search.php(19): CodeIgniter\Debug\Exceptions->errorHandler(2, 'Undefined property: App\\Controllers\\Search::$load', 'APPPATH\\Controllers\\Search.php', 19)
 2 SYSTEMPATH\CodeIgniter.php(907): App\Controllers\Search->index()
 3 SYSTEMPATH\CodeIgniter.php(457): CodeIgniter\CodeIgniter->runController(Object(App\Controllers\Search))
 4 SYSTEMPATH\CodeIgniter.php(340): CodeIgniter\CodeIgniter->handleRequest(null, Object(Config\Cache), false)
 5 FCPATH\index.php(68): CodeIgniter\CodeIgniter->run()
CRITICAL - 2022-11-22 12:02:40 --> Cannot use object of type CodeIgniter\Session\Session as array
in APPPATH\Controllers\Search.php on line 25.
 1 SYSTEMPATH\CodeIgniter.php(907): App\Controllers\Search->index()
 2 SYSTEMPATH\CodeIgniter.php(457): CodeIgniter\CodeIgniter->runController(Object(App\Controllers\Search))
 3 SYSTEMPATH\CodeIgniter.php(340): CodeIgniter\CodeIgniter->handleRequest(null, Object(Config\Cache), false)
 4 FCPATH\index.php(68): CodeIgniter\CodeIgniter->run()
CRITICAL - 2022-11-22 12:07:38 --> Call to undefined method CodeIgniter\Session\Session::userdata()
in APPPATH\Controllers\Search.php on line 26.
 1 SYSTEMPATH\CodeIgniter.php(907): App\Controllers\Search->index()
 2 SYSTEMPATH\CodeIgniter.php(457): CodeIgniter\CodeIgniter->runController(Object(App\Controllers\Search))
 3 SYSTEMPATH\CodeIgniter.php(340): CodeIgniter\CodeIgniter->handleRequest(null, Object(Config\Cache), false)
 4 FCPATH\index.php(68): CodeIgniter\CodeIgniter->run()
CRITICAL - 2022-11-22 12:15:10 --> Undefined property: App\Controllers\Search::$session_id
in APPPATH\Controllers\Search.php on line 25.
 1 APPPATH\Controllers\Search.php(25): CodeIgniter\Debug\Exceptions->errorHandler(2, 'Undefined property: App\\Controllers\\Search::$session_id', 'APPPATH\\Controllers\\Search.php', 25)
 2 SYSTEMPATH\CodeIgniter.php(907): App\Controllers\Search->index()
 3 SYSTEMPATH\CodeIgniter.php(457): CodeIgniter\CodeIgniter->runController(Object(App\Controllers\Search))
 4 SYSTEMPATH\CodeIgniter.php(340): CodeIgniter\CodeIgniter->handleRequest(null, Object(Config\Cache), false)
 5 FCPATH\index.php(68): CodeIgniter\CodeIgniter->run()
CRITICAL - 2022-11-22 12:17:55 --> Undefined property: App\Controllers\Search::$ci_sessions
in APPPATH\Controllers\Search.php on line 25.
 1 APPPATH\Controllers\Search.php(25): CodeIgniter\Debug\Exceptions->errorHandler(2, 'Undefined property: App\\Controllers\\Search::$ci_sessions', 'APPPATH\\Controllers\\Search.php', 25)
 2 SYSTEMPATH\CodeIgniter.php(907): App\Controllers\Search->index()
 3 SYSTEMPATH\CodeIgniter.php(457): CodeIgniter\CodeIgniter->runController(Object(App\Controllers\Search))
 4 SYSTEMPATH\CodeIgniter.php(340): CodeIgniter\CodeIgniter->handleRequest(null, Object(Config\Cache), false)
 5 FCPATH\index.php(68): CodeIgniter\CodeIgniter->run()
CRITICAL - 2022-11-22 12:21:08 --> Undefined property: App\Controllers\Search::$ci_sessions
in APPPATH\Controllers\Search.php on line 25.
 1 APPPATH\Controllers\Search.php(25): CodeIgniter\Debug\Exceptions->errorHandler(2, 'Undefined property: App\\Controllers\\Search::$ci_sessions', 'APPPATH\\Controllers\\Search.php', 25)
 2 SYSTEMPATH\CodeIgniter.php(907): App\Controllers\Search->index()
 3 SYSTEMPATH\CodeIgniter.php(457): CodeIgniter\CodeIgniter->runController(Object(App\Controllers\Search))
 4 SYSTEMPATH\CodeIgniter.php(340): CodeIgniter\CodeIgniter->handleRequest(null, Object(Config\Cache), false)
 5 FCPATH\index.php(68): CodeIgniter\CodeIgniter->run()
CRITICAL - 2022-11-22 12:23:35 --> Undefined property: App\Controllers\Search::$load
in APPPATH\Controllers\Search.php on line 14.
 1 APPPATH\Controllers\Search.php(14): CodeIgniter\Debug\Exceptions->errorHandler(2, 'Undefined property: App\\Controllers\\Search::$load', 'APPPATH\\Controllers\\Search.php', 14)
 2 SYSTEMPATH\CodeIgniter.php(869): App\Controllers\Search->__construct()
 3 SYSTEMPATH\CodeIgniter.php(448): CodeIgniter\CodeIgniter->createController()
 4 SYSTEMPATH\CodeIgniter.php(340): CodeIgniter\CodeIgniter->handleRequest(null, Object(Config\Cache), false)
 5 FCPATH\index.php(68): CodeIgniter\CodeIgniter->run()
CRITICAL - 2022-11-22 12:25:14 --> Undefined property: App\Controllers\Search::$ci_sessions
in APPPATH\Controllers\Search.php on line 25.
 1 APPPATH\Controllers\Search.php(25): CodeIgniter\Debug\Exceptions->errorHandler(2, 'Undefined property: App\\Controllers\\Search::$ci_sessions', 'APPPATH\\Controllers\\Search.php', 25)
 2 SYSTEMPATH\CodeIgniter.php(907): App\Controllers\Search->index()
 3 SYSTEMPATH\CodeIgniter.php(457): CodeIgniter\CodeIgniter->runController(Object(App\Controllers\Search))
 4 SYSTEMPATH\CodeIgniter.php(340): CodeIgniter\CodeIgniter->handleRequest(null, Object(Config\Cache), false)
 5 FCPATH\index.php(68): CodeIgniter\CodeIgniter->run()
CRITICAL - 2022-11-22 12:25:45 --> Attempt to read property "id" on null
in APPPATH\Controllers\Search.php on line 25.
 1 APPPATH\Controllers\Search.php(25): CodeIgniter\Debug\Exceptions->errorHandler(2, 'Attempt to read property "id" on null', 'APPPATH\\Controllers\\Search.php', 25)
 2 SYSTEMPATH\CodeIgniter.php(907): App\Controllers\Search->index()
 3 SYSTEMPATH\CodeIgniter.php(457): CodeIgniter\CodeIgniter->runController(Object(App\Controllers\Search))
 4 SYSTEMPATH\CodeIgniter.php(340): CodeIgniter\CodeIgniter->handleRequest(null, Object(Config\Cache), false)
 5 FCPATH\index.php(68): CodeIgniter\CodeIgniter->run()
CRITICAL - 2022-11-22 12:26:04 --> Attempt to read property "userdata" on null
in APPPATH\Controllers\Search.php on line 26.
 1 APPPATH\Controllers\Search.php(26): CodeIgniter\Debug\Exceptions->errorHandler(2, 'Attempt to read property "userdata" on null', 'APPPATH\\Controllers\\Search.php', 26)
 2 SYSTEMPATH\CodeIgniter.php(907): App\Controllers\Search->index()
 3 SYSTEMPATH\CodeIgniter.php(457): CodeIgniter\CodeIgniter->runController(Object(App\Controllers\Search))
 4 SYSTEMPATH\CodeIgniter.php(340): CodeIgniter\CodeIgniter->handleRequest(null, Object(Config\Cache), false)
 5 FCPATH\index.php(68): CodeIgniter\CodeIgniter->run()
CRITICAL - 2022-11-22 12:26:21 --> Call to a member function userdata() on null
in APPPATH\Controllers\Search.php on line 26.
 1 SYSTEMPATH\CodeIgniter.php(907): App\Controllers\Search->index()
 2 SYSTEMPATH\CodeIgniter.php(457): CodeIgniter\CodeIgniter->runController(Object(App\Controllers\Search))
 3 SYSTEMPATH\CodeIgniter.php(340): CodeIgniter\CodeIgniter->handleRequest(null, Object(Config\Cache), false)
 4 FCPATH\index.php(68): CodeIgniter\CodeIgniter->run()
CRITICAL - 2022-11-22 12:29:22 --> Call to undefined function App\Controllers\ci_sessions()
in APPPATH\Controllers\Search.php on line 13.
 1 SYSTEMPATH\CodeIgniter.php(869): App\Controllers\Search->__construct()
 2 SYSTEMPATH\CodeIgniter.php(448): CodeIgniter\CodeIgniter->createController()
 3 SYSTEMPATH\CodeIgniter.php(340): CodeIgniter\CodeIgniter->handleRequest(null, Object(Config\Cache), false)
 4 FCPATH\index.php(68): CodeIgniter\CodeIgniter->run()
CRITICAL - 2022-11-22 12:31:03 --> Attempt to read property "id" on null
in APPPATH\Controllers\Search.php on line 26.
 1 APPPATH\Controllers\Search.php(26): CodeIgniter\Debug\Exceptions->errorHandler(2, 'Attempt to read property "id" on null', 'APPPATH\\Controllers\\Search.php', 26)
 2 SYSTEMPATH\CodeIgniter.php(907): App\Controllers\Search->index()
 3 SYSTEMPATH\CodeIgniter.php(457): CodeIgniter\CodeIgniter->runController(Object(App\Controllers\Search))
 4 SYSTEMPATH\CodeIgniter.php(340): CodeIgniter\CodeIgniter->handleRequest(null, Object(Config\Cache), false)
 5 FCPATH\index.php(68): CodeIgniter\CodeIgniter->run()
CRITICAL - 2022-11-22 12:31:23 --> Call to undefined method CodeIgniter\Session\Session::ci_session()
in APPPATH\Controllers\Search.php on line 26.
 1 SYSTEMPATH\CodeIgniter.php(907): App\Controllers\Search->index()
 2 SYSTEMPATH\CodeIgniter.php(457): CodeIgniter\CodeIgniter->runController(Object(App\Controllers\Search))
 3 SYSTEMPATH\CodeIgniter.php(340): CodeIgniter\CodeIgniter->handleRequest(null, Object(Config\Cache), false)
 4 FCPATH\index.php(68): CodeIgniter\CodeIgniter->run()
CRITICAL - 2022-11-22 12:31:33 --> Call to undefined method CodeIgniter\Session\Session::ci_sessionCook()
in APPPATH\Controllers\Search.php on line 26.
 1 SYSTEMPATH\CodeIgniter.php(907): App\Controllers\Search->index()
 2 SYSTEMPATH\CodeIgniter.php(457): CodeIgniter\CodeIgniter->runController(Object(App\Controllers\Search))
 3 SYSTEMPATH\CodeIgniter.php(340): CodeIgniter\CodeIgniter->handleRequest(null, Object(Config\Cache), false)
 4 FCPATH\index.php(68): CodeIgniter\CodeIgniter->run()
CRITICAL - 2022-11-22 12:31:51 --> Attempt to read property "id" on null
in APPPATH\Controllers\Search.php on line 26.
 1 APPPATH\Controllers\Search.php(26): CodeIgniter\Debug\Exceptions->errorHandler(2, 'Attempt to read property "id" on null', 'APPPATH\\Controllers\\Search.php', 26)
 2 SYSTEMPATH\CodeIgniter.php(907): App\Controllers\Search->index()
 3 SYSTEMPATH\CodeIgniter.php(457): CodeIgniter\CodeIgniter->runController(Object(App\Controllers\Search))
 4 SYSTEMPATH\CodeIgniter.php(340): CodeIgniter\CodeIgniter->handleRequest(null, Object(Config\Cache), false)
 5 FCPATH\index.php(68): CodeIgniter\CodeIgniter->run()
CRITICAL - 2022-11-22 12:32:37 --> Cannot use object of type CodeIgniter\Session\Session as array
in APPPATH\Controllers\Search.php on line 26.
 1 SYSTEMPATH\CodeIgniter.php(907): App\Controllers\Search->index()
 2 SYSTEMPATH\CodeIgniter.php(457): CodeIgniter\CodeIgniter->runController(Object(App\Controllers\Search))
 3 SYSTEMPATH\CodeIgniter.php(340): CodeIgniter\CodeIgniter->handleRequest(null, Object(Config\Cache), false)
 4 FCPATH\index.php(68): CodeIgniter\CodeIgniter->run()
CRITICAL - 2022-11-22 12:32:48 --> Cannot use object of type CodeIgniter\Session\Session as array
in APPPATH\Controllers\Search.php on line 26.
 1 SYSTEMPATH\CodeIgniter.php(907): App\Controllers\Search->index()
 2 SYSTEMPATH\CodeIgniter.php(457): CodeIgniter\CodeIgniter->runController(Object(App\Controllers\Search))
 3 SYSTEMPATH\CodeIgniter.php(340): CodeIgniter\CodeIgniter->handleRequest(null, Object(Config\Cache), false)
 4 FCPATH\index.php(68): CodeIgniter\CodeIgniter->run()
CRITICAL - 2022-11-22 12:32:49 --> Cannot use object of type CodeIgniter\Session\Session as array
in APPPATH\Controllers\Search.php on line 26.
 1 SYSTEMPATH\CodeIgniter.php(907): App\Controllers\Search->index()
 2 SYSTEMPATH\CodeIgniter.php(457): CodeIgniter\CodeIgniter->runController(Object(App\Controllers\Search))
 3 SYSTEMPATH\CodeIgniter.php(340): CodeIgniter\CodeIgniter->handleRequest(null, Object(Config\Cache), false)
 4 FCPATH\index.php(68): CodeIgniter\CodeIgniter->run()
CRITICAL - 2022-11-22 12:32:59 --> Cannot use object of type CodeIgniter\Session\Session as array
in APPPATH\Controllers\Search.php on line 26.
 1 SYSTEMPATH\CodeIgniter.php(907): App\Controllers\Search->index()
 2 SYSTEMPATH\CodeIgniter.php(457): CodeIgniter\CodeIgniter->runController(Object(App\Controllers\Search))
 3 SYSTEMPATH\CodeIgniter.php(340): CodeIgniter\CodeIgniter->handleRequest(null, Object(Config\Cache), false)
 4 FCPATH\index.php(68): CodeIgniter\CodeIgniter->run()
CRITICAL - 2022-11-22 12:50:24 --> Cannot use object of type CodeIgniter\Session\Session as array
in APPPATH\Views\search\search.php on line 15.
 1 SYSTEMPATH\View\View.php(213): include()
 2 SYSTEMPATH\View\View.php(216): CodeIgniter\View\View->CodeIgniter\View\{closure}()
 3 SYSTEMPATH\Common.php(1142): CodeIgniter\View\View->render('search/search', [], true)
 4 APPPATH\Controllers\Search.php(28): view('search/search', [...])
 5 SYSTEMPATH\CodeIgniter.php(907): App\Controllers\Search->index()
 6 SYSTEMPATH\CodeIgniter.php(457): CodeIgniter\CodeIgniter->runController(Object(App\Controllers\Search))
 7 SYSTEMPATH\CodeIgniter.php(340): CodeIgniter\CodeIgniter->handleRequest(null, Object(Config\Cache), false)
 8 FCPATH\index.php(68): CodeIgniter\CodeIgniter->run()
CRITICAL - 2022-11-22 12:54:19 --> Array to string conversion
in APPPATH\Views\search\search.php on line 15.
 1 APPPATH\Views\search\search.php(15): CodeIgniter\Debug\Exceptions->errorHandler(2, 'Array to string conversion', 'APPPATH\\Views\\search\\search.php', 15)
 2 SYSTEMPATH\View\View.php(213): include('APPPATH\\Views\\search\\search.php')
 3 SYSTEMPATH\View\View.php(216): CodeIgniter\View\View->CodeIgniter\View\{closure}()
 4 SYSTEMPATH\Common.php(1142): CodeIgniter\View\View->render('search/search', [], true)
 5 APPPATH\Controllers\Search.php(28): view('search/search', [...])
 6 SYSTEMPATH\CodeIgniter.php(907): App\Controllers\Search->index()
 7 SYSTEMPATH\CodeIgniter.php(457): CodeIgniter\CodeIgniter->runController(Object(App\Controllers\Search))
 8 SYSTEMPATH\CodeIgniter.php(340): CodeIgniter\CodeIgniter->handleRequest(null, Object(Config\Cache), false)
 9 FCPATH\index.php(68): CodeIgniter\CodeIgniter->run()
CRITICAL - 2022-11-22 12:55:03 --> syntax error, unexpected token ";", expecting ")"
in APPPATH\Views\search\search.php on line 15.
 1 SYSTEMPATH\View\View.php(216): CodeIgniter\View\View->CodeIgniter\View\{closure}()
 2 SYSTEMPATH\Common.php(1142): CodeIgniter\View\View->render('search/search', [], true)
 3 APPPATH\Controllers\Search.php(28): view('search/search', [...])
 4 SYSTEMPATH\CodeIgniter.php(907): App\Controllers\Search->index()
 5 SYSTEMPATH\CodeIgniter.php(457): CodeIgniter\CodeIgniter->runController(Object(App\Controllers\Search))
 6 SYSTEMPATH\CodeIgniter.php(340): CodeIgniter\CodeIgniter->handleRequest(null, Object(Config\Cache), false)
 7 FCPATH\index.php(68): CodeIgniter\CodeIgniter->run()
CRITICAL - 2022-11-22 13:03:10 --> Call to undefined method App\Controllers\Search::session()
in APPPATH\Controllers\Search.php on line 26.
 1 SYSTEMPATH\CodeIgniter.php(907): App\Controllers\Search->index()
 2 SYSTEMPATH\CodeIgniter.php(457): CodeIgniter\CodeIgniter->runController(Object(App\Controllers\Search))
 3 SYSTEMPATH\CodeIgniter.php(340): CodeIgniter\CodeIgniter->handleRequest(null, Object(Config\Cache), false)
 4 FCPATH\index.php(68): CodeIgniter\CodeIgniter->run()
CRITICAL - 2022-11-22 13:12:00 --> Trying to access array offset on value of type null
in APPPATH\Controllers\Search.php on line 25.
 1 APPPATH\Controllers\Search.php(25): CodeIgniter\Debug\Exceptions->errorHandler(2, 'Trying to access array offset on value of type null', 'APPPATH\\Controllers\\Search.php', 25)
 2 SYSTEMPATH\CodeIgniter.php(907): App\Controllers\Search->index()
 3 SYSTEMPATH\CodeIgniter.php(457): CodeIgniter\CodeIgniter->runController(Object(App\Controllers\Search))
 4 SYSTEMPATH\CodeIgniter.php(340): CodeIgniter\CodeIgniter->handleRequest(null, Object(Config\Cache), false)
 5 FCPATH\index.php(68): CodeIgniter\CodeIgniter->run()
CRITICAL - 2022-11-22 18:08:26 --> Cannot use object of type App\Models\WordMeaningModel as array
in APPPATH\Views\search\search.php on line 15.
 1 SYSTEMPATH\View\View.php(213): include()
 2 SYSTEMPATH\View\View.php(216): CodeIgniter\View\View->CodeIgniter\View\{closure}()
 3 SYSTEMPATH\Common.php(1142): CodeIgniter\View\View->render('search/search', [], true)
 4 APPPATH\Controllers\Search.php(31): view('search/search', [...])
 5 SYSTEMPATH\CodeIgniter.php(907): App\Controllers\Search->index()
 6 SYSTEMPATH\CodeIgniter.php(457): CodeIgniter\CodeIgniter->runController(Object(App\Controllers\Search))
 7 SYSTEMPATH\CodeIgniter.php(340): CodeIgniter\CodeIgniter->handleRequest(null, Object(Config\Cache), false)
 8 FCPATH\index.php(68): CodeIgniter\CodeIgniter->run()
CRITICAL - 2022-11-22 18:14:19 --> Call to undefined method App\Models\WordMeaningModel::getResultArray
in SYSTEMPATH\Model.php on line 774.
 1 APPPATH\Models\WordMeaningModel.php(78): CodeIgniter\Model->__call('getResultArray', [])
 2 APPPATH\Controllers\Search.php(29): App\Models\WordMeaningModel->getgroupMeanig()
 3 SYSTEMPATH\CodeIgniter.php(907): App\Controllers\Search->index()
 4 SYSTEMPATH\CodeIgniter.php(457): CodeIgniter\CodeIgniter->runController(Object(App\Controllers\Search))
 5 SYSTEMPATH\CodeIgniter.php(340): CodeIgniter\CodeIgniter->handleRequest(null, Object(Config\Cache), false)
 6 FCPATH\index.php(68): CodeIgniter\CodeIgniter->run()
CRITICAL - 2022-11-22 18:19:35 --> Undefined array key "word"
in APPPATH\Views\search\search.php on line 39.
 1 APPPATH\Views\search\search.php(39): CodeIgniter\Debug\Exceptions->errorHandler(2, 'Undefined array key "word"', 'APPPATH\\Views\\search\\search.php', 39)
 2 SYSTEMPATH\View\View.php(213): include('APPPATH\\Views\\search\\search.php')
 3 SYSTEMPATH\View\View.php(216): CodeIgniter\View\View->CodeIgniter\View\{closure}()
 4 SYSTEMPATH\Common.php(1142): CodeIgniter\View\View->render('search/search', [], true)
 5 APPPATH\Controllers\Search.php(31): view('search/search', [...])
 6 SYSTEMPATH\CodeIgniter.php(907): App\Controllers\Search->index()
 7 SYSTEMPATH\CodeIgniter.php(457): CodeIgniter\CodeIgniter->runController(Object(App\Controllers\Search))
 8 SYSTEMPATH\CodeIgniter.php(340): CodeIgniter\CodeIgniter->handleRequest(null, Object(Config\Cache), false)
 9 FCPATH\index.php(68): CodeIgniter\CodeIgniter->run()
CRITICAL - 2022-11-22 18:20:20 --> Attempt to read property "word" on array
in APPPATH\Views\search\search.php on line 39.
 1 APPPATH\Views\search\search.php(39): CodeIgniter\Debug\Exceptions->errorHandler(2, 'Attempt to read property "word" on array', 'APPPATH\\Views\\search\\search.php', 39)
 2 SYSTEMPATH\View\View.php(213): include('APPPATH\\Views\\search\\search.php')
 3 SYSTEMPATH\View\View.php(216): CodeIgniter\View\View->CodeIgniter\View\{closure}()
 4 SYSTEMPATH\Common.php(1142): CodeIgniter\View\View->render('search/search', [], true)
 5 APPPATH\Controllers\Search.php(31): view('search/search', [...])
 6 SYSTEMPATH\CodeIgniter.php(907): App\Controllers\Search->index()
 7 SYSTEMPATH\CodeIgniter.php(457): CodeIgniter\CodeIgniter->runController(Object(App\Controllers\Search))
 8 SYSTEMPATH\CodeIgniter.php(340): CodeIgniter\CodeIgniter->handleRequest(null, Object(Config\Cache), false)
 9 FCPATH\index.php(68): CodeIgniter\CodeIgniter->run()
CRITICAL - 2022-11-22 19:08:01 --> Cannot access offset of type string on string
in APPPATH\Views\search\search.php on line 39.
 1 SYSTEMPATH\View\View.php(213): include()
 2 SYSTEMPATH\View\View.php(216): CodeIgniter\View\View->CodeIgniter\View\{closure}()
 3 SYSTEMPATH\Common.php(1142): CodeIgniter\View\View->render('search/search', [], true)
 4 APPPATH\Controllers\Search.php(31): view('search/search', [...])
 5 SYSTEMPATH\CodeIgniter.php(907): App\Controllers\Search->index()
 6 SYSTEMPATH\CodeIgniter.php(457): CodeIgniter\CodeIgniter->runController(Object(App\Controllers\Search))
 7 SYSTEMPATH\CodeIgniter.php(340): CodeIgniter\CodeIgniter->handleRequest(null, Object(Config\Cache), false)
 8 FCPATH\index.php(68): CodeIgniter\CodeIgniter->run()
ERROR - 2022-11-22 19:33:38 --> mysqli_sql_exception: Unknown column 'wm.word_meaning_id' in 'field list' in C:\xampp\htdocs\etkal\system\Database\MySQLi\Connection.php:292
Stack trace:
#0 C:\xampp\htdocs\etkal\system\Database\MySQLi\Connection.php(292): mysqli->query('SELECT `w`.`wor...', 0)
#1 C:\xampp\htdocs\etkal\system\Database\BaseConnection.php(693): CodeIgniter\Database\MySQLi\Connection->execute('SELECT `w`.`wor...')
#2 C:\xampp\htdocs\etkal\system\Database\BaseConnection.php(620): CodeIgniter\Database\BaseConnection->simpleQuery('SELECT `w`.`wor...')
#3 C:\xampp\htdocs\etkal\system\Database\BaseBuilder.php(1585): CodeIgniter\Database\BaseConnection->query('SELECT `w`.`wor...', Array, false)
#4 C:\xampp\htdocs\etkal\system\Model.php(772): CodeIgniter\Database\BaseBuilder->get()
#5 C:\xampp\htdocs\etkal\app\Models\WordMeaningModel.php(78): CodeIgniter\Model->__call('get', Array)
#6 C:\xampp\htdocs\etkal\app\Controllers\Search.php(29): App\Models\WordMeaningModel->getgroupMeanig()
#7 C:\xampp\htdocs\etkal\system\CodeIgniter.php(907): App\Controllers\Search->index()
#8 C:\xampp\htdocs\etkal\system\CodeIgniter.php(457): CodeIgniter\CodeIgniter->runController(Object(App\Controllers\Search))
#9 C:\xampp\htdocs\etkal\system\CodeIgniter.php(340): CodeIgniter\CodeIgniter->handleRequest(NULL, Object(Config\Cache), false)
#10 C:\xampp\htdocs\etkal\index.php(68): CodeIgniter\CodeIgniter->run()
#11 {main}
CRITICAL - 2022-11-22 19:33:38 --> Unknown column 'wm.word_meaning_id' in 'field list'
in SYSTEMPATH\Database\MySQLi\Connection.php on line 292.
 1 SYSTEMPATH\Database\MySQLi\Connection.php(292): mysqli->query('SELECT `w`.`word`, `w`.`pronunciation`, `w`.`accessibility`, `m`.`meaning`, `m`.`example`, `m`.`homonyms`, `m`.`part_of_speech_id`, `m`.`created_at`, `u`.`firstname`, `u`.`lastname`, `u`.`email`, `u`.`image`, `d`.`full_name`, `d`.`short_name`, `wm`.`word_meaning_id`
FROM `word_meaning`
JOIN `words` as `w` ON `word_meaning`.`word_id` = `w`.`word_id`
JOIN `meaning` AS `m` ON `word_meaning`.`meaning_id` = `m`.`meaning_id`
JOIN `users` AS `u` ON `word_meaning`.`user_id` = `u`.`user_id`
JOIN `dictionary` AS `d` ON `word_meaning`.`dictionary_id` = `d`.`dictionary_id`', 0)
 2 SYSTEMPATH\Database\BaseConnection.php(693): CodeIgniter\Database\MySQLi\Connection->execute('SELECT `w`.`word`, `w`.`pronunciation`, `w`.`accessibility`, `m`.`meaning`, `m`.`example`, `m`.`homonyms`, `m`.`part_of_speech_id`, `m`.`created_at`, `u`.`firstname`, `u`.`lastname`, `u`.`email`, `u`.`image`, `d`.`full_name`, `d`.`short_name`, `wm`.`word_meaning_id`
FROM `word_meaning`
JOIN `words` as `w` ON `word_meaning`.`word_id` = `w`.`word_id`
JOIN `meaning` AS `m` ON `word_meaning`.`meaning_id` = `m`.`meaning_id`
JOIN `users` AS `u` ON `word_meaning`.`user_id` = `u`.`user_id`
JOIN `dictionary` AS `d` ON `word_meaning`.`dictionary_id` = `d`.`dictionary_id`')
 3 SYSTEMPATH\Database\BaseConnection.php(620): CodeIgniter\Database\BaseConnection->simpleQuery('SELECT `w`.`word`, `w`.`pronunciation`, `w`.`accessibility`, `m`.`meaning`, `m`.`example`, `m`.`homonyms`, `m`.`part_of_speech_id`, `m`.`created_at`, `u`.`firstname`, `u`.`lastname`, `u`.`email`, `u`.`image`, `d`.`full_name`, `d`.`short_name`, `wm`.`word_meaning_id`
FROM `word_meaning`
JOIN `words` as `w` ON `word_meaning`.`word_id` = `w`.`word_id`
JOIN `meaning` AS `m` ON `word_meaning`.`meaning_id` = `m`.`meaning_id`
JOIN `users` AS `u` ON `word_meaning`.`user_id` = `u`.`user_id`
JOIN `dictionary` AS `d` ON `word_meaning`.`dictionary_id` = `d`.`dictionary_id`')
 4 SYSTEMPATH\Database\BaseBuilder.php(1585): CodeIgniter\Database\BaseConnection->query('SELECT `w`.`word`, `w`.`pronunciation`, `w`.`accessibility`, `m`.`meaning`, `m`.`example`, `m`.`homonyms`, `m`.`part_of_speech_id`, `m`.`created_at`, `u`.`firstname`, `u`.`lastname`, `u`.`email`, `u`.`image`, `d`.`full_name`, `d`.`short_name`, `wm`.`word_meaning_id`
FROM `word_meaning`
JOIN `words` as `w` ON `word_meaning`.`word_id` = `w`.`word_id`
JOIN `meaning` AS `m` ON `word_meaning`.`meaning_id` = `m`.`meaning_id`
JOIN `users` AS `u` ON `word_meaning`.`user_id` = `u`.`user_id`
JOIN `dictionary` AS `d` ON `word_meaning`.`dictionary_id` = `d`.`dictionary_id`', [], false)
 5 SYSTEMPATH\Model.php(772): CodeIgniter\Database\BaseBuilder->get()
 6 APPPATH\Models\WordMeaningModel.php(78): CodeIgniter\Model->__call('get', [])
 7 APPPATH\Controllers\Search.php(29): App\Models\WordMeaningModel->getgroupMeanig()
 8 SYSTEMPATH\CodeIgniter.php(907): App\Controllers\Search->index()
 9 SYSTEMPATH\CodeIgniter.php(457): CodeIgniter\CodeIgniter->runController(Object(App\Controllers\Search))
10 SYSTEMPATH\CodeIgniter.php(340): CodeIgniter\CodeIgniter->handleRequest(null, Object(Config\Cache), false)
11 FCPATH\index.php(68): CodeIgniter\CodeIgniter->run()
