CRITICAL - 2022-11-25 00:44:29 --> Cannot re-assign $this
in APPPATH\Models\WordMeaningModel.php on line 80.
 1 [internal function]: CodeIgniter\Debug\Exceptions->shutdownHandler()
CRITICAL - 2022-11-25 00:45:03 --> whereIn() expects $values to be of type array or closure
in SYSTEMPATH\Database\BaseBuilder.php on line 907.
 1 SYSTEMPATH\Database\BaseBuilder.php(789): CodeIgniter\Database\BaseBuilder->_whereIn('word_meaning_id =', null, false, 'AND ', null)
 2 SYSTEMPATH\Model.php(772): CodeIgniter\Database\BaseBuilder->whereIn('word_meaning_id =', null)
 3 APPPATH\Models\UserSuggestionsModel.php(60): CodeIgniter\Model->__call('whereIn', [...])
 4 APPPATH\Models\WordMeaningModel.php(82): App\Models\UserSuggestionsModel->getsuggestions(Object(App\Models\WordMeaningModel))
 5 APPPATH\Controllers\Search.php(30): App\Models\WordMeaningModel->getgroupMeanig()
 6 SYSTEMPATH\CodeIgniter.php(907): App\Controllers\Search->index()
 7 SYSTEMPATH\CodeIgniter.php(457): CodeIgniter\CodeIgniter->runController(Object(App\Controllers\Search))
 8 SYSTEMPATH\CodeIgniter.php(340): CodeIgniter\CodeIgniter->handleRequest(null, Object(Config\Cache), false)
 9 FCPATH\index.php(68): CodeIgniter\CodeIgniter->run()
CRITICAL - 2022-11-25 00:47:11 --> Cannot use object of type App\Models\WordMeaningModel as array
in APPPATH\Models\UserSuggestionsModel.php on line 60.
 1 APPPATH\Models\WordMeaningModel.php(82): App\Models\UserSuggestionsModel->getsuggestions(Object(App\Models\WordMeaningModel))
 2 APPPATH\Controllers\Search.php(30): App\Models\WordMeaningModel->getgroupMeanig()
 3 SYSTEMPATH\CodeIgniter.php(907): App\Controllers\Search->index()
 4 SYSTEMPATH\CodeIgniter.php(457): CodeIgniter\CodeIgniter->runController(Object(App\Controllers\Search))
 5 SYSTEMPATH\CodeIgniter.php(340): CodeIgniter\CodeIgniter->handleRequest(null, Object(Config\Cache), false)
 6 FCPATH\index.php(68): CodeIgniter\CodeIgniter->run()
CRITICAL - 2022-11-25 00:57:27 --> Object of type App\Models\WordMeaningModel is not callable
in APPPATH\Models\UserSuggestionsModel.php on line 62.
 1 APPPATH\Models\WordMeaningModel.php(82): App\Models\UserSuggestionsModel->getsuggestions(Object(App\Models\WordMeaningModel))
 2 APPPATH\Controllers\Search.php(30): App\Models\WordMeaningModel->getgroupMeanig()
 3 SYSTEMPATH\CodeIgniter.php(907): App\Controllers\Search->index()
 4 SYSTEMPATH\CodeIgniter.php(457): CodeIgniter\CodeIgniter->runController(Object(App\Controllers\Search))
 5 SYSTEMPATH\CodeIgniter.php(340): CodeIgniter\CodeIgniter->handleRequest(null, Object(Config\Cache), false)
 6 FCPATH\index.php(68): CodeIgniter\CodeIgniter->run()
CRITICAL - 2022-11-25 01:07:24 --> CodeIgniter\Database\BaseBuilder::selectSubquery(): Argument #1 ($subquery) must be of type CodeIgniter\Database\BaseBuilder, App\Models\WordMeaningModel given, called in C:\xampp\htdocs\etkal\system\Model.php on line 772
in SYSTEMPATH\Database\BaseBuilder.php on line 464.
 1 SYSTEMPATH\Model.php(772): CodeIgniter\Database\BaseBuilder->selectSubquery(Object(App\Models\WordMeaningModel), 'word_meaning_id')
 2 APPPATH\Models\UserSuggestionsModel.php(64): CodeIgniter\Model->__call('selectSubquery', [...])
 3 APPPATH\Models\WordMeaningModel.php(83): App\Models\UserSuggestionsModel->getsuggestions(Object(App\Models\WordMeaningModel))
 4 APPPATH\Controllers\Search.php(30): App\Models\WordMeaningModel->getgroupMeanig()
 5 SYSTEMPATH\CodeIgniter.php(907): App\Controllers\Search->index()
 6 SYSTEMPATH\CodeIgniter.php(457): CodeIgniter\CodeIgniter->runController(Object(App\Controllers\Search))
 7 SYSTEMPATH\CodeIgniter.php(340): CodeIgniter\CodeIgniter->handleRequest(null, Object(Config\Cache), false)
 8 FCPATH\index.php(68): CodeIgniter\CodeIgniter->run()
CRITICAL - 2022-11-25 01:07:26 --> CodeIgniter\Database\BaseBuilder::selectSubquery(): Argument #1 ($subquery) must be of type CodeIgniter\Database\BaseBuilder, App\Models\WordMeaningModel given, called in C:\xampp\htdocs\etkal\system\Model.php on line 772
in SYSTEMPATH\Database\BaseBuilder.php on line 464.
 1 SYSTEMPATH\Model.php(772): CodeIgniter\Database\BaseBuilder->selectSubquery(Object(App\Models\WordMeaningModel), 'word_meaning_id')
 2 APPPATH\Models\UserSuggestionsModel.php(64): CodeIgniter\Model->__call('selectSubquery', [...])
 3 APPPATH\Models\WordMeaningModel.php(83): App\Models\UserSuggestionsModel->getsuggestions(Object(App\Models\WordMeaningModel))
 4 APPPATH\Controllers\Search.php(30): App\Models\WordMeaningModel->getgroupMeanig()
 5 SYSTEMPATH\CodeIgniter.php(907): App\Controllers\Search->index()
 6 SYSTEMPATH\CodeIgniter.php(457): CodeIgniter\CodeIgniter->runController(Object(App\Controllers\Search))
 7 SYSTEMPATH\CodeIgniter.php(340): CodeIgniter\CodeIgniter->handleRequest(null, Object(Config\Cache), false)
 8 FCPATH\index.php(68): CodeIgniter\CodeIgniter->run()
CRITICAL - 2022-11-25 01:09:11 --> CodeIgniter\Database\BaseBuilder::selectSubquery(): Argument #1 ($subquery) must be of type CodeIgniter\Database\BaseBuilder, App\Models\WordMeaningModel given, called in C:\xampp\htdocs\etkal\system\Model.php on line 772
in SYSTEMPATH\Database\BaseBuilder.php on line 464.
 1 SYSTEMPATH\Model.php(772): CodeIgniter\Database\BaseBuilder->selectSubquery(Object(App\Models\WordMeaningModel), 'word_meaning_id')
 2 APPPATH\Models\UserSuggestionsModel.php(64): CodeIgniter\Model->__call('selectSubquery', [...])
 3 APPPATH\Models\WordMeaningModel.php(83): App\Models\UserSuggestionsModel->getsuggestions(Object(App\Models\WordMeaningModel))
 4 APPPATH\Controllers\Search.php(30): App\Models\WordMeaningModel->getgroupMeanig()
 5 SYSTEMPATH\CodeIgniter.php(907): App\Controllers\Search->index()
 6 SYSTEMPATH\CodeIgniter.php(457): CodeIgniter\CodeIgniter->runController(Object(App\Controllers\Search))
 7 SYSTEMPATH\CodeIgniter.php(340): CodeIgniter\CodeIgniter->handleRequest(null, Object(Config\Cache), false)
 8 FCPATH\index.php(68): CodeIgniter\CodeIgniter->run()
CRITICAL - 2022-11-25 01:09:42 --> CodeIgniter\Database\BaseBuilder::selectSubquery(): Argument #1 ($subquery) must be of type CodeIgniter\Database\BaseBuilder, App\Models\WordMeaningModel given, called in C:\xampp\htdocs\etkal\system\Model.php on line 772
in SYSTEMPATH\Database\BaseBuilder.php on line 464.
 1 SYSTEMPATH\Model.php(772): CodeIgniter\Database\BaseBuilder->selectSubquery(Object(App\Models\WordMeaningModel), 'word_meaning_id')
 2 APPPATH\Models\UserSuggestionsModel.php(64): CodeIgniter\Model->__call('selectSubquery', [...])
 3 APPPATH\Models\WordMeaningModel.php(83): App\Models\UserSuggestionsModel->getsuggestions(Object(App\Models\WordMeaningModel))
 4 APPPATH\Controllers\Search.php(30): App\Models\WordMeaningModel->getgroupMeanig()
 5 SYSTEMPATH\CodeIgniter.php(907): App\Controllers\Search->index()
 6 SYSTEMPATH\CodeIgniter.php(457): CodeIgniter\CodeIgniter->runController(Object(App\Controllers\Search))
 7 SYSTEMPATH\CodeIgniter.php(340): CodeIgniter\CodeIgniter->handleRequest(null, Object(Config\Cache), false)
 8 FCPATH\index.php(68): CodeIgniter\CodeIgniter->run()
CRITICAL - 2022-11-25 01:09:43 --> CodeIgniter\Database\BaseBuilder::selectSubquery(): Argument #1 ($subquery) must be of type CodeIgniter\Database\BaseBuilder, App\Models\WordMeaningModel given, called in C:\xampp\htdocs\etkal\system\Model.php on line 772
in SYSTEMPATH\Database\BaseBuilder.php on line 464.
 1 SYSTEMPATH\Model.php(772): CodeIgniter\Database\BaseBuilder->selectSubquery(Object(App\Models\WordMeaningModel), 'word_meaning_id')
 2 APPPATH\Models\UserSuggestionsModel.php(64): CodeIgniter\Model->__call('selectSubquery', [...])
 3 APPPATH\Models\WordMeaningModel.php(83): App\Models\UserSuggestionsModel->getsuggestions(Object(App\Models\WordMeaningModel))
 4 APPPATH\Controllers\Search.php(30): App\Models\WordMeaningModel->getgroupMeanig()
 5 SYSTEMPATH\CodeIgniter.php(907): App\Controllers\Search->index()
 6 SYSTEMPATH\CodeIgniter.php(457): CodeIgniter\CodeIgniter->runController(Object(App\Controllers\Search))
 7 SYSTEMPATH\CodeIgniter.php(340): CodeIgniter\CodeIgniter->handleRequest(null, Object(Config\Cache), false)
 8 FCPATH\index.php(68): CodeIgniter\CodeIgniter->run()
CRITICAL - 2022-11-25 01:09:43 --> CodeIgniter\Database\BaseBuilder::selectSubquery(): Argument #1 ($subquery) must be of type CodeIgniter\Database\BaseBuilder, App\Models\WordMeaningModel given, called in C:\xampp\htdocs\etkal\system\Model.php on line 772
in SYSTEMPATH\Database\BaseBuilder.php on line 464.
 1 SYSTEMPATH\Model.php(772): CodeIgniter\Database\BaseBuilder->selectSubquery(Object(App\Models\WordMeaningModel), 'word_meaning_id')
 2 APPPATH\Models\UserSuggestionsModel.php(64): CodeIgniter\Model->__call('selectSubquery', [...])
 3 APPPATH\Models\WordMeaningModel.php(83): App\Models\UserSuggestionsModel->getsuggestions(Object(App\Models\WordMeaningModel))
 4 APPPATH\Controllers\Search.php(30): App\Models\WordMeaningModel->getgroupMeanig()
 5 SYSTEMPATH\CodeIgniter.php(907): App\Controllers\Search->index()
 6 SYSTEMPATH\CodeIgniter.php(457): CodeIgniter\CodeIgniter->runController(Object(App\Controllers\Search))
 7 SYSTEMPATH\CodeIgniter.php(340): CodeIgniter\CodeIgniter->handleRequest(null, Object(Config\Cache), false)
 8 FCPATH\index.php(68): CodeIgniter\CodeIgniter->run()
CRITICAL - 2022-11-25 10:30:39 --> CodeIgniter\Database\BaseBuilder::selectSubquery(): Argument #1 ($subquery) must be of type CodeIgniter\Database\BaseBuilder, App\Models\WordMeaningModel given, called in C:\xampp\htdocs\etkal\system\Model.php on line 772
in SYSTEMPATH\Database\BaseBuilder.php on line 464.
 1 SYSTEMPATH\Model.php(772): CodeIgniter\Database\BaseBuilder->selectSubquery(Object(App\Models\WordMeaningModel), 'word_meaning_id')
 2 APPPATH\Models\UserSuggestionsModel.php(64): CodeIgniter\Model->__call('selectSubquery', [...])
 3 APPPATH\Models\WordMeaningModel.php(83): App\Models\UserSuggestionsModel->getsuggestions(Object(App\Models\WordMeaningModel))
 4 APPPATH\Controllers\Search.php(30): App\Models\WordMeaningModel->getgroupMeanig()
 5 SYSTEMPATH\CodeIgniter.php(907): App\Controllers\Search->index()
 6 SYSTEMPATH\CodeIgniter.php(457): CodeIgniter\CodeIgniter->runController(Object(App\Controllers\Search))
 7 SYSTEMPATH\CodeIgniter.php(340): CodeIgniter\CodeIgniter->handleRequest(null, Object(Config\Cache), false)
 8 FCPATH\index.php(68): CodeIgniter\CodeIgniter->run()
CRITICAL - 2022-11-25 10:35:00 --> CodeIgniter\Database\BaseBuilder::selectSubquery(): Argument #1 ($subquery) must be of type CodeIgniter\Database\BaseBuilder, App\Models\WordMeaningModel given, called in C:\xampp\htdocs\etkal\system\Model.php on line 772
in SYSTEMPATH\Database\BaseBuilder.php on line 464.
 1 SYSTEMPATH\Model.php(772): CodeIgniter\Database\BaseBuilder->selectSubquery(Object(App\Models\WordMeaningModel), 'word_meaning_id')
 2 APPPATH\Models\WordMeaningModel.php(89): CodeIgniter\Model->__call('selectSubquery', [...])
 3 APPPATH\Controllers\Search.php(30): App\Models\WordMeaningModel->getgroupMeanig()
 4 SYSTEMPATH\CodeIgniter.php(907): App\Controllers\Search->index()
 5 SYSTEMPATH\CodeIgniter.php(457): CodeIgniter\CodeIgniter->runController(Object(App\Controllers\Search))
 6 SYSTEMPATH\CodeIgniter.php(340): CodeIgniter\CodeIgniter->handleRequest(null, Object(Config\Cache), false)
 7 FCPATH\index.php(68): CodeIgniter\CodeIgniter->run()
CRITICAL - 2022-11-25 10:35:01 --> CodeIgniter\Database\BaseBuilder::selectSubquery(): Argument #1 ($subquery) must be of type CodeIgniter\Database\BaseBuilder, App\Models\WordMeaningModel given, called in C:\xampp\htdocs\etkal\system\Model.php on line 772
in SYSTEMPATH\Database\BaseBuilder.php on line 464.
 1 SYSTEMPATH\Model.php(772): CodeIgniter\Database\BaseBuilder->selectSubquery(Object(App\Models\WordMeaningModel), 'word_meaning_id')
 2 APPPATH\Models\WordMeaningModel.php(89): CodeIgniter\Model->__call('selectSubquery', [...])
 3 APPPATH\Controllers\Search.php(30): App\Models\WordMeaningModel->getgroupMeanig()
 4 SYSTEMPATH\CodeIgniter.php(907): App\Controllers\Search->index()
 5 SYSTEMPATH\CodeIgniter.php(457): CodeIgniter\CodeIgniter->runController(Object(App\Controllers\Search))
 6 SYSTEMPATH\CodeIgniter.php(340): CodeIgniter\CodeIgniter->handleRequest(null, Object(Config\Cache), false)
 7 FCPATH\index.php(68): CodeIgniter\CodeIgniter->run()
CRITICAL - 2022-11-25 10:35:02 --> CodeIgniter\Database\BaseBuilder::selectSubquery(): Argument #1 ($subquery) must be of type CodeIgniter\Database\BaseBuilder, App\Models\WordMeaningModel given, called in C:\xampp\htdocs\etkal\system\Model.php on line 772
in SYSTEMPATH\Database\BaseBuilder.php on line 464.
 1 SYSTEMPATH\Model.php(772): CodeIgniter\Database\BaseBuilder->selectSubquery(Object(App\Models\WordMeaningModel), 'word_meaning_id')
 2 APPPATH\Models\WordMeaningModel.php(89): CodeIgniter\Model->__call('selectSubquery', [...])
 3 APPPATH\Controllers\Search.php(30): App\Models\WordMeaningModel->getgroupMeanig()
 4 SYSTEMPATH\CodeIgniter.php(907): App\Controllers\Search->index()
 5 SYSTEMPATH\CodeIgniter.php(457): CodeIgniter\CodeIgniter->runController(Object(App\Controllers\Search))
 6 SYSTEMPATH\CodeIgniter.php(340): CodeIgniter\CodeIgniter->handleRequest(null, Object(Config\Cache), false)
 7 FCPATH\index.php(68): CodeIgniter\CodeIgniter->run()
CRITICAL - 2022-11-25 10:35:03 --> CodeIgniter\Database\BaseBuilder::selectSubquery(): Argument #1 ($subquery) must be of type CodeIgniter\Database\BaseBuilder, App\Models\WordMeaningModel given, called in C:\xampp\htdocs\etkal\system\Model.php on line 772
in SYSTEMPATH\Database\BaseBuilder.php on line 464.
 1 SYSTEMPATH\Model.php(772): CodeIgniter\Database\BaseBuilder->selectSubquery(Object(App\Models\WordMeaningModel), 'word_meaning_id')
 2 APPPATH\Models\WordMeaningModel.php(89): CodeIgniter\Model->__call('selectSubquery', [...])
 3 APPPATH\Controllers\Search.php(30): App\Models\WordMeaningModel->getgroupMeanig()
 4 SYSTEMPATH\CodeIgniter.php(907): App\Controllers\Search->index()
 5 SYSTEMPATH\CodeIgniter.php(457): CodeIgniter\CodeIgniter->runController(Object(App\Controllers\Search))
 6 SYSTEMPATH\CodeIgniter.php(340): CodeIgniter\CodeIgniter->handleRequest(null, Object(Config\Cache), false)
 7 FCPATH\index.php(68): CodeIgniter\CodeIgniter->run()
CRITICAL - 2022-11-25 10:35:03 --> CodeIgniter\Database\BaseBuilder::selectSubquery(): Argument #1 ($subquery) must be of type CodeIgniter\Database\BaseBuilder, App\Models\WordMeaningModel given, called in C:\xampp\htdocs\etkal\system\Model.php on line 772
in SYSTEMPATH\Database\BaseBuilder.php on line 464.
 1 SYSTEMPATH\Model.php(772): CodeIgniter\Database\BaseBuilder->selectSubquery(Object(App\Models\WordMeaningModel), 'word_meaning_id')
 2 APPPATH\Models\WordMeaningModel.php(89): CodeIgniter\Model->__call('selectSubquery', [...])
 3 APPPATH\Controllers\Search.php(30): App\Models\WordMeaningModel->getgroupMeanig()
 4 SYSTEMPATH\CodeIgniter.php(907): App\Controllers\Search->index()
 5 SYSTEMPATH\CodeIgniter.php(457): CodeIgniter\CodeIgniter->runController(Object(App\Controllers\Search))
 6 SYSTEMPATH\CodeIgniter.php(340): CodeIgniter\CodeIgniter->handleRequest(null, Object(Config\Cache), false)
 7 FCPATH\index.php(68): CodeIgniter\CodeIgniter->run()
CRITICAL - 2022-11-25 10:35:04 --> CodeIgniter\Database\BaseBuilder::selectSubquery(): Argument #1 ($subquery) must be of type CodeIgniter\Database\BaseBuilder, App\Models\WordMeaningModel given, called in C:\xampp\htdocs\etkal\system\Model.php on line 772
in SYSTEMPATH\Database\BaseBuilder.php on line 464.
 1 SYSTEMPATH\Model.php(772): CodeIgniter\Database\BaseBuilder->selectSubquery(Object(App\Models\WordMeaningModel), 'word_meaning_id')
 2 APPPATH\Models\WordMeaningModel.php(89): CodeIgniter\Model->__call('selectSubquery', [...])
 3 APPPATH\Controllers\Search.php(30): App\Models\WordMeaningModel->getgroupMeanig()
 4 SYSTEMPATH\CodeIgniter.php(907): App\Controllers\Search->index()
 5 SYSTEMPATH\CodeIgniter.php(457): CodeIgniter\CodeIgniter->runController(Object(App\Controllers\Search))
 6 SYSTEMPATH\CodeIgniter.php(340): CodeIgniter\CodeIgniter->handleRequest(null, Object(Config\Cache), false)
 7 FCPATH\index.php(68): CodeIgniter\CodeIgniter->run()
CRITICAL - 2022-11-25 10:35:04 --> CodeIgniter\Database\BaseBuilder::selectSubquery(): Argument #1 ($subquery) must be of type CodeIgniter\Database\BaseBuilder, App\Models\WordMeaningModel given, called in C:\xampp\htdocs\etkal\system\Model.php on line 772
in SYSTEMPATH\Database\BaseBuilder.php on line 464.
 1 SYSTEMPATH\Model.php(772): CodeIgniter\Database\BaseBuilder->selectSubquery(Object(App\Models\WordMeaningModel), 'word_meaning_id')
 2 APPPATH\Models\WordMeaningModel.php(89): CodeIgniter\Model->__call('selectSubquery', [...])
 3 APPPATH\Controllers\Search.php(30): App\Models\WordMeaningModel->getgroupMeanig()
 4 SYSTEMPATH\CodeIgniter.php(907): App\Controllers\Search->index()
 5 SYSTEMPATH\CodeIgniter.php(457): CodeIgniter\CodeIgniter->runController(Object(App\Controllers\Search))
 6 SYSTEMPATH\CodeIgniter.php(340): CodeIgniter\CodeIgniter->handleRequest(null, Object(Config\Cache), false)
 7 FCPATH\index.php(68): CodeIgniter\CodeIgniter->run()
CRITICAL - 2022-11-25 10:35:05 --> CodeIgniter\Database\BaseBuilder::selectSubquery(): Argument #1 ($subquery) must be of type CodeIgniter\Database\BaseBuilder, App\Models\WordMeaningModel given, called in C:\xampp\htdocs\etkal\system\Model.php on line 772
in SYSTEMPATH\Database\BaseBuilder.php on line 464.
 1 SYSTEMPATH\Model.php(772): CodeIgniter\Database\BaseBuilder->selectSubquery(Object(App\Models\WordMeaningModel), 'word_meaning_id')
 2 APPPATH\Models\WordMeaningModel.php(89): CodeIgniter\Model->__call('selectSubquery', [...])
 3 APPPATH\Controllers\Search.php(30): App\Models\WordMeaningModel->getgroupMeanig()
 4 SYSTEMPATH\CodeIgniter.php(907): App\Controllers\Search->index()
 5 SYSTEMPATH\CodeIgniter.php(457): CodeIgniter\CodeIgniter->runController(Object(App\Controllers\Search))
 6 SYSTEMPATH\CodeIgniter.php(340): CodeIgniter\CodeIgniter->handleRequest(null, Object(Config\Cache), false)
 7 FCPATH\index.php(68): CodeIgniter\CodeIgniter->run()
CRITICAL - 2022-11-25 10:35:05 --> CodeIgniter\Database\BaseBuilder::selectSubquery(): Argument #1 ($subquery) must be of type CodeIgniter\Database\BaseBuilder, App\Models\WordMeaningModel given, called in C:\xampp\htdocs\etkal\system\Model.php on line 772
in SYSTEMPATH\Database\BaseBuilder.php on line 464.
 1 SYSTEMPATH\Model.php(772): CodeIgniter\Database\BaseBuilder->selectSubquery(Object(App\Models\WordMeaningModel), 'word_meaning_id')
 2 APPPATH\Models\WordMeaningModel.php(89): CodeIgniter\Model->__call('selectSubquery', [...])
 3 APPPATH\Controllers\Search.php(30): App\Models\WordMeaningModel->getgroupMeanig()
 4 SYSTEMPATH\CodeIgniter.php(907): App\Controllers\Search->index()
 5 SYSTEMPATH\CodeIgniter.php(457): CodeIgniter\CodeIgniter->runController(Object(App\Controllers\Search))
 6 SYSTEMPATH\CodeIgniter.php(340): CodeIgniter\CodeIgniter->handleRequest(null, Object(Config\Cache), false)
 7 FCPATH\index.php(68): CodeIgniter\CodeIgniter->run()
CRITICAL - 2022-11-25 10:35:06 --> CodeIgniter\Database\BaseBuilder::selectSubquery(): Argument #1 ($subquery) must be of type CodeIgniter\Database\BaseBuilder, App\Models\WordMeaningModel given, called in C:\xampp\htdocs\etkal\system\Model.php on line 772
in SYSTEMPATH\Database\BaseBuilder.php on line 464.
 1 SYSTEMPATH\Model.php(772): CodeIgniter\Database\BaseBuilder->selectSubquery(Object(App\Models\WordMeaningModel), 'word_meaning_id')
 2 APPPATH\Models\WordMeaningModel.php(89): CodeIgniter\Model->__call('selectSubquery', [...])
 3 APPPATH\Controllers\Search.php(30): App\Models\WordMeaningModel->getgroupMeanig()
 4 SYSTEMPATH\CodeIgniter.php(907): App\Controllers\Search->index()
 5 SYSTEMPATH\CodeIgniter.php(457): CodeIgniter\CodeIgniter->runController(Object(App\Controllers\Search))
 6 SYSTEMPATH\CodeIgniter.php(340): CodeIgniter\CodeIgniter->handleRequest(null, Object(Config\Cache), false)
 7 FCPATH\index.php(68): CodeIgniter\CodeIgniter->run()
CRITICAL - 2022-11-25 12:24:24 --> mysqli_result::fetch_object(): Argument #1 ($class) must be a valid class name, App\Entities\User given
in SYSTEMPATH\Database\MySQLi\Result.php on line 148.
 1 SYSTEMPATH\Database\MySQLi\Result.php(148): mysqli_result->fetch_object('App\\Entities\\User')
 2 SYSTEMPATH\Database\BaseResult.php(149): CodeIgniter\Database\MySQLi\Result->fetchObject('App\\Entities\\User')
 3 SYSTEMPATH\Database\BaseResult.php(106): CodeIgniter\Database\BaseResult->getCustomResultObject('App\\Entities\\User')
 4 SYSTEMPATH\Model.php(224): CodeIgniter\Database\BaseResult->getResult('App\\Entities\\User')
 5 SYSTEMPATH\BaseModel.php(584): CodeIgniter\Model->doFindAll(8, 0)
 6 SYSTEMPATH\BaseModel.php(1089): CodeIgniter\BaseModel->findAll(8, 0)
 7 APPPATH\Controllers\Search.php(30): CodeIgniter\BaseModel->paginate(8)
 8 SYSTEMPATH\CodeIgniter.php(907): App\Controllers\Search->index()
 9 SYSTEMPATH\CodeIgniter.php(457): CodeIgniter\CodeIgniter->runController(Object(App\Controllers\Search))
10 SYSTEMPATH\CodeIgniter.php(340): CodeIgniter\CodeIgniter->handleRequest(null, Object(Config\Cache), false)
11 FCPATH\index.php(68): CodeIgniter\CodeIgniter->run()
CRITICAL - 2022-11-25 12:25:29 --> mysqli_result::fetch_object(): Argument #1 ($class) must be a valid class name, App\Entities\User given
in SYSTEMPATH\Database\MySQLi\Result.php on line 148.
 1 SYSTEMPATH\Database\MySQLi\Result.php(148): mysqli_result->fetch_object('App\\Entities\\User')
 2 SYSTEMPATH\Database\BaseResult.php(149): CodeIgniter\Database\MySQLi\Result->fetchObject('App\\Entities\\User')
 3 SYSTEMPATH\Database\BaseResult.php(106): CodeIgniter\Database\BaseResult->getCustomResultObject('App\\Entities\\User')
 4 SYSTEMPATH\Model.php(224): CodeIgniter\Database\BaseResult->getResult('App\\Entities\\User')
 5 SYSTEMPATH\BaseModel.php(584): CodeIgniter\Model->doFindAll(8, 0)
 6 SYSTEMPATH\BaseModel.php(1089): CodeIgniter\BaseModel->findAll(8, 0)
 7 APPPATH\Controllers\Search.php(30): CodeIgniter\BaseModel->paginate(8)
 8 SYSTEMPATH\CodeIgniter.php(907): App\Controllers\Search->index()
 9 SYSTEMPATH\CodeIgniter.php(457): CodeIgniter\CodeIgniter->runController(Object(App\Controllers\Search))
10 SYSTEMPATH\CodeIgniter.php(340): CodeIgniter\CodeIgniter->handleRequest(null, Object(Config\Cache), false)
11 FCPATH\index.php(68): CodeIgniter\CodeIgniter->run()
CRITICAL - 2022-11-25 12:25:30 --> mysqli_result::fetch_object(): Argument #1 ($class) must be a valid class name, App\Entities\User given
in SYSTEMPATH\Database\MySQLi\Result.php on line 148.
 1 SYSTEMPATH\Database\MySQLi\Result.php(148): mysqli_result->fetch_object('App\\Entities\\User')
 2 SYSTEMPATH\Database\BaseResult.php(149): CodeIgniter\Database\MySQLi\Result->fetchObject('App\\Entities\\User')
 3 SYSTEMPATH\Database\BaseResult.php(106): CodeIgniter\Database\BaseResult->getCustomResultObject('App\\Entities\\User')
 4 SYSTEMPATH\Model.php(224): CodeIgniter\Database\BaseResult->getResult('App\\Entities\\User')
 5 SYSTEMPATH\BaseModel.php(584): CodeIgniter\Model->doFindAll(8, 0)
 6 SYSTEMPATH\BaseModel.php(1089): CodeIgniter\BaseModel->findAll(8, 0)
 7 APPPATH\Controllers\Search.php(30): CodeIgniter\BaseModel->paginate(8)
 8 SYSTEMPATH\CodeIgniter.php(907): App\Controllers\Search->index()
 9 SYSTEMPATH\CodeIgniter.php(457): CodeIgniter\CodeIgniter->runController(Object(App\Controllers\Search))
10 SYSTEMPATH\CodeIgniter.php(340): CodeIgniter\CodeIgniter->handleRequest(null, Object(Config\Cache), false)
11 FCPATH\index.php(68): CodeIgniter\CodeIgniter->run()
CRITICAL - 2022-11-25 12:25:53 --> Cannot use object of type App\Entities\WordMeaning as array
in APPPATH\Views\search\search.php on line 67.
 1 SYSTEMPATH\View\View.php(213): include()
 2 SYSTEMPATH\View\View.php(216): CodeIgniter\View\View->CodeIgniter\View\{closure}()
 3 SYSTEMPATH\Common.php(1142): CodeIgniter\View\View->render('search/search', [], true)
 4 APPPATH\Controllers\Search.php(35): view('search/search', [...])
 5 SYSTEMPATH\CodeIgniter.php(907): App\Controllers\Search->index()
 6 SYSTEMPATH\CodeIgniter.php(457): CodeIgniter\CodeIgniter->runController(Object(App\Controllers\Search))
 7 SYSTEMPATH\CodeIgniter.php(340): CodeIgniter\CodeIgniter->handleRequest(null, Object(Config\Cache), false)
 8 FCPATH\index.php(68): CodeIgniter\CodeIgniter->run()
CRITICAL - 2022-11-25 12:26:46 --> Cannot use object of type App\Entities\WordMeaning as array
in APPPATH\Views\search\search.php on line 72.
 1 SYSTEMPATH\View\View.php(213): include()
 2 SYSTEMPATH\View\View.php(216): CodeIgniter\View\View->CodeIgniter\View\{closure}()
 3 SYSTEMPATH\Common.php(1142): CodeIgniter\View\View->render('search/search', [], true)
 4 APPPATH\Controllers\Search.php(35): view('search/search', [...])
 5 SYSTEMPATH\CodeIgniter.php(907): App\Controllers\Search->index()
 6 SYSTEMPATH\CodeIgniter.php(457): CodeIgniter\CodeIgniter->runController(Object(App\Controllers\Search))
 7 SYSTEMPATH\CodeIgniter.php(340): CodeIgniter\CodeIgniter->handleRequest(null, Object(Config\Cache), false)
 8 FCPATH\index.php(68): CodeIgniter\CodeIgniter->run()
ERROR - 2022-11-25 12:48:20 --> mysqli_sql_exception: You have an error in your SQL syntax; check the manual that corresponds to your MariaDB server version for the right syntax to use near 'as `LIKES`) AS `suggestion = 1 as LIKES`, SUM(`suggestion = 2` as `DISLIKES`)...' at line 3 in C:\xampp\htdocs\etkal\system\Database\MySQLi\Connection.php:292
Stack trace:
#0 C:\xampp\htdocs\etkal\system\Database\MySQLi\Connection.php(292): mysqli->query('SELECT COUNT(*)...', 0)
#1 C:\xampp\htdocs\etkal\system\Database\BaseConnection.php(693): CodeIgniter\Database\MySQLi\Connection->execute('SELECT COUNT(*)...')
#2 C:\xampp\htdocs\etkal\system\Database\BaseConnection.php(620): CodeIgniter\Database\BaseConnection->simpleQuery('SELECT COUNT(*)...')
#3 C:\xampp\htdocs\etkal\system\Database\BaseBuilder.php(1669): CodeIgniter\Database\BaseConnection->query('SELECT COUNT(*)...', Array, false)
#4 C:\xampp\htdocs\etkal\system\Model.php(551): CodeIgniter\Database\BaseBuilder->countAllResults(false)
#5 C:\xampp\htdocs\etkal\system\BaseModel.php(1085): CodeIgniter\Model->countAllResults(false)
#6 C:\xampp\htdocs\etkal\app\Controllers\Search.php(30): CodeIgniter\BaseModel->paginate(8)
#7 C:\xampp\htdocs\etkal\system\CodeIgniter.php(907): App\Controllers\Search->index()
#8 C:\xampp\htdocs\etkal\system\CodeIgniter.php(457): CodeIgniter\CodeIgniter->runController(Object(App\Controllers\Search))
#9 C:\xampp\htdocs\etkal\system\CodeIgniter.php(340): CodeIgniter\CodeIgniter->handleRequest(NULL, Object(Config\Cache), false)
#10 C:\xampp\htdocs\etkal\index.php(68): CodeIgniter\CodeIgniter->run()
#11 {main}
CRITICAL - 2022-11-25 12:48:20 --> You have an error in your SQL syntax; check the manual that corresponds to your MariaDB server version for the right syntax to use near 'as `LIKES`) AS `suggestion = 1 as LIKES`, SUM(`suggestion = 2` as `DISLIKES`)...' at line 3
in SYSTEMPATH\Database\MySQLi\Connection.php on line 292.
 1 SYSTEMPATH\Database\MySQLi\Connection.php(292): mysqli->query('SELECT COUNT(*) AS `numrows`
FROM (
SELECT `w`.`word`, `w`.`pronunciation`, `w`.`accessibility`, `m`.`meaning`, `m`.`example`, `m`.`homonyms`, `m`.`part_of_speech_id`, `m`.`created_at`, `u`.`firstname`, `u`.`lastname`, `u`.`email`, `u`.`image`, `d`.`full_name`, `d`.`short_name`, `word_meaning`.`word_meaning_id`, SUM(`suggestion = 1` as `LIKES`) AS `suggestion = 1 as LIKES`, SUM(`suggestion = 2` as `DISLIKES`) AS `suggestion = 2 as DISLIKES`, SUM(`suggestion = 3` as `FLAGE`) AS `suggestion = 3 as FLAGE`
FROM `word_meaning`
JOIN `words` as `w` ON `word_meaning`.`word_id` = `w`.`word_id`
JOIN `meaning` AS `m` ON `word_meaning`.`meaning_id` = `m`.`meaning_id`
JOIN `users` AS `u` ON `word_meaning`.`user_id` = `u`.`user_id`
JOIN `dictionary` AS `d` ON `word_meaning`.`dictionary_id` = `d`.`dictionary_id`
LEFT JOIN `user_suggestions` AS `us` ON `word_meaning`.`word_meaning_id` = `us`.`word_meaning_id`
GROUP BY `word_meaning_id`, `word_meaning_id`
) CI_count_all_results', 0)
 2 SYSTEMPATH\Database\BaseConnection.php(693): CodeIgniter\Database\MySQLi\Connection->execute('SELECT COUNT(*) AS `numrows`
FROM (
SELECT `w`.`word`, `w`.`pronunciation`, `w`.`accessibility`, `m`.`meaning`, `m`.`example`, `m`.`homonyms`, `m`.`part_of_speech_id`, `m`.`created_at`, `u`.`firstname`, `u`.`lastname`, `u`.`email`, `u`.`image`, `d`.`full_name`, `d`.`short_name`, `word_meaning`.`word_meaning_id`, SUM(`suggestion = 1` as `LIKES`) AS `suggestion = 1 as LIKES`, SUM(`suggestion = 2` as `DISLIKES`) AS `suggestion = 2 as DISLIKES`, SUM(`suggestion = 3` as `FLAGE`) AS `suggestion = 3 as FLAGE`
FROM `word_meaning`
JOIN `words` as `w` ON `word_meaning`.`word_id` = `w`.`word_id`
JOIN `meaning` AS `m` ON `word_meaning`.`meaning_id` = `m`.`meaning_id`
JOIN `users` AS `u` ON `word_meaning`.`user_id` = `u`.`user_id`
JOIN `dictionary` AS `d` ON `word_meaning`.`dictionary_id` = `d`.`dictionary_id`
LEFT JOIN `user_suggestions` AS `us` ON `word_meaning`.`word_meaning_id` = `us`.`word_meaning_id`
GROUP BY `word_meaning_id`, `word_meaning_id`
) CI_count_all_results')
 3 SYSTEMPATH\Database\BaseConnection.php(620): CodeIgniter\Database\BaseConnection->simpleQuery('SELECT COUNT(*) AS `numrows`
FROM (
SELECT `w`.`word`, `w`.`pronunciation`, `w`.`accessibility`, `m`.`meaning`, `m`.`example`, `m`.`homonyms`, `m`.`part_of_speech_id`, `m`.`created_at`, `u`.`firstname`, `u`.`lastname`, `u`.`email`, `u`.`image`, `d`.`full_name`, `d`.`short_name`, `word_meaning`.`word_meaning_id`, SUM(`suggestion = 1` as `LIKES`) AS `suggestion = 1 as LIKES`, SUM(`suggestion = 2` as `DISLIKES`) AS `suggestion = 2 as DISLIKES`, SUM(`suggestion = 3` as `FLAGE`) AS `suggestion = 3 as FLAGE`
FROM `word_meaning`
JOIN `words` as `w` ON `word_meaning`.`word_id` = `w`.`word_id`
JOIN `meaning` AS `m` ON `word_meaning`.`meaning_id` = `m`.`meaning_id`
JOIN `users` AS `u` ON `word_meaning`.`user_id` = `u`.`user_id`
JOIN `dictionary` AS `d` ON `word_meaning`.`dictionary_id` = `d`.`dictionary_id`
LEFT JOIN `user_suggestions` AS `us` ON `word_meaning`.`word_meaning_id` = `us`.`word_meaning_id`
GROUP BY `word_meaning_id`, `word_meaning_id`
) CI_count_all_results')
 4 SYSTEMPATH\Database\BaseBuilder.php(1669): CodeIgniter\Database\BaseConnection->query('SELECT COUNT(*) AS `numrows`
FROM (
SELECT `w`.`word`, `w`.`pronunciation`, `w`.`accessibility`, `m`.`meaning`, `m`.`example`, `m`.`homonyms`, `m`.`part_of_speech_id`, `m`.`created_at`, `u`.`firstname`, `u`.`lastname`, `u`.`email`, `u`.`image`, `d`.`full_name`, `d`.`short_name`, `word_meaning`.`word_meaning_id`, SUM(`suggestion = 1` as `LIKES`) AS `suggestion = 1 as LIKES`, SUM(`suggestion = 2` as `DISLIKES`) AS `suggestion = 2 as DISLIKES`, SUM(`suggestion = 3` as `FLAGE`) AS `suggestion = 3 as FLAGE`
FROM `word_meaning`
JOIN `words` as `w` ON `word_meaning`.`word_id` = `w`.`word_id`
JOIN `meaning` AS `m` ON `word_meaning`.`meaning_id` = `m`.`meaning_id`
JOIN `users` AS `u` ON `word_meaning`.`user_id` = `u`.`user_id`
JOIN `dictionary` AS `d` ON `word_meaning`.`dictionary_id` = `d`.`dictionary_id`
LEFT JOIN `user_suggestions` AS `us` ON `word_meaning`.`word_meaning_id` = `us`.`word_meaning_id`
GROUP BY `word_meaning_id`, `word_meaning_id`
) CI_count_all_results', [], false)
 5 SYSTEMPATH\Model.php(551): CodeIgniter\Database\BaseBuilder->countAllResults(false)
 6 SYSTEMPATH\BaseModel.php(1085): CodeIgniter\Model->countAllResults(false)
 7 APPPATH\Controllers\Search.php(30): CodeIgniter\BaseModel->paginate(8)
 8 SYSTEMPATH\CodeIgniter.php(907): App\Controllers\Search->index()
 9 SYSTEMPATH\CodeIgniter.php(457): CodeIgniter\CodeIgniter->runController(Object(App\Controllers\Search))
10 SYSTEMPATH\CodeIgniter.php(340): CodeIgniter\CodeIgniter->handleRequest(null, Object(Config\Cache), false)
11 FCPATH\index.php(68): CodeIgniter\CodeIgniter->run()
ERROR - 2022-11-25 12:50:29 --> mysqli_sql_exception: You have an error in your SQL syntax; check the manual that corresponds to your MariaDB server version for the right syntax to use near 'as `LIKES`) AS `suggestion = 1 as LIKES`, SUM(`us`.`suggestion = 2` as `DISLI...' at line 3 in C:\xampp\htdocs\etkal\system\Database\MySQLi\Connection.php:292
Stack trace:
#0 C:\xampp\htdocs\etkal\system\Database\MySQLi\Connection.php(292): mysqli->query('SELECT COUNT(*)...', 0)
#1 C:\xampp\htdocs\etkal\system\Database\BaseConnection.php(693): CodeIgniter\Database\MySQLi\Connection->execute('SELECT COUNT(*)...')
#2 C:\xampp\htdocs\etkal\system\Database\BaseConnection.php(620): CodeIgniter\Database\BaseConnection->simpleQuery('SELECT COUNT(*)...')
#3 C:\xampp\htdocs\etkal\system\Database\BaseBuilder.php(1669): CodeIgniter\Database\BaseConnection->query('SELECT COUNT(*)...', Array, false)
#4 C:\xampp\htdocs\etkal\system\Model.php(551): CodeIgniter\Database\BaseBuilder->countAllResults(false)
#5 C:\xampp\htdocs\etkal\system\BaseModel.php(1085): CodeIgniter\Model->countAllResults(false)
#6 C:\xampp\htdocs\etkal\app\Controllers\Search.php(30): CodeIgniter\BaseModel->paginate(8)
#7 C:\xampp\htdocs\etkal\system\CodeIgniter.php(907): App\Controllers\Search->index()
#8 C:\xampp\htdocs\etkal\system\CodeIgniter.php(457): CodeIgniter\CodeIgniter->runController(Object(App\Controllers\Search))
#9 C:\xampp\htdocs\etkal\system\CodeIgniter.php(340): CodeIgniter\CodeIgniter->handleRequest(NULL, Object(Config\Cache), false)
#10 C:\xampp\htdocs\etkal\index.php(68): CodeIgniter\CodeIgniter->run()
#11 {main}
CRITICAL - 2022-11-25 12:50:29 --> You have an error in your SQL syntax; check the manual that corresponds to your MariaDB server version for the right syntax to use near 'as `LIKES`) AS `suggestion = 1 as LIKES`, SUM(`us`.`suggestion = 2` as `DISLI...' at line 3
in SYSTEMPATH\Database\MySQLi\Connection.php on line 292.
 1 SYSTEMPATH\Database\MySQLi\Connection.php(292): mysqli->query('SELECT COUNT(*) AS `numrows`
FROM (
SELECT `w`.`word`, `w`.`pronunciation`, `w`.`accessibility`, `m`.`meaning`, `m`.`example`, `m`.`homonyms`, `m`.`part_of_speech_id`, `m`.`created_at`, `u`.`firstname`, `u`.`lastname`, `u`.`email`, `u`.`image`, `d`.`full_name`, `d`.`short_name`, `word_meaning`.`word_meaning_id`, SUM(`us`.`suggestion = 1` as `LIKES`) AS `suggestion = 1 as LIKES`, SUM(`us`.`suggestion = 2` as `DISLIKES`) AS `suggestion = 2 as DISLIKES`, SUM(`us`.`suggestion = 3` as `FLAGE`) AS `suggestion = 3 as FLAGE`
FROM `word_meaning`
JOIN `words` as `w` ON `word_meaning`.`word_id` = `w`.`word_id`
JOIN `meaning` AS `m` ON `word_meaning`.`meaning_id` = `m`.`meaning_id`
JOIN `users` AS `u` ON `word_meaning`.`user_id` = `u`.`user_id`
JOIN `dictionary` AS `d` ON `word_meaning`.`dictionary_id` = `d`.`dictionary_id`
LEFT JOIN `user_suggestions` AS `us` ON `word_meaning`.`word_meaning_id` = `us`.`word_meaning_id`
GROUP BY `word_meaning`.`word_meaning_id`, `us`.`word_meaning_id`
) CI_count_all_results', 0)
 2 SYSTEMPATH\Database\BaseConnection.php(693): CodeIgniter\Database\MySQLi\Connection->execute('SELECT COUNT(*) AS `numrows`
FROM (
SELECT `w`.`word`, `w`.`pronunciation`, `w`.`accessibility`, `m`.`meaning`, `m`.`example`, `m`.`homonyms`, `m`.`part_of_speech_id`, `m`.`created_at`, `u`.`firstname`, `u`.`lastname`, `u`.`email`, `u`.`image`, `d`.`full_name`, `d`.`short_name`, `word_meaning`.`word_meaning_id`, SUM(`us`.`suggestion = 1` as `LIKES`) AS `suggestion = 1 as LIKES`, SUM(`us`.`suggestion = 2` as `DISLIKES`) AS `suggestion = 2 as DISLIKES`, SUM(`us`.`suggestion = 3` as `FLAGE`) AS `suggestion = 3 as FLAGE`
FROM `word_meaning`
JOIN `words` as `w` ON `word_meaning`.`word_id` = `w`.`word_id`
JOIN `meaning` AS `m` ON `word_meaning`.`meaning_id` = `m`.`meaning_id`
JOIN `users` AS `u` ON `word_meaning`.`user_id` = `u`.`user_id`
JOIN `dictionary` AS `d` ON `word_meaning`.`dictionary_id` = `d`.`dictionary_id`
LEFT JOIN `user_suggestions` AS `us` ON `word_meaning`.`word_meaning_id` = `us`.`word_meaning_id`
GROUP BY `word_meaning`.`word_meaning_id`, `us`.`word_meaning_id`
) CI_count_all_results')
 3 SYSTEMPATH\Database\BaseConnection.php(620): CodeIgniter\Database\BaseConnection->simpleQuery('SELECT COUNT(*) AS `numrows`
FROM (
SELECT `w`.`word`, `w`.`pronunciation`, `w`.`accessibility`, `m`.`meaning`, `m`.`example`, `m`.`homonyms`, `m`.`part_of_speech_id`, `m`.`created_at`, `u`.`firstname`, `u`.`lastname`, `u`.`email`, `u`.`image`, `d`.`full_name`, `d`.`short_name`, `word_meaning`.`word_meaning_id`, SUM(`us`.`suggestion = 1` as `LIKES`) AS `suggestion = 1 as LIKES`, SUM(`us`.`suggestion = 2` as `DISLIKES`) AS `suggestion = 2 as DISLIKES`, SUM(`us`.`suggestion = 3` as `FLAGE`) AS `suggestion = 3 as FLAGE`
FROM `word_meaning`
JOIN `words` as `w` ON `word_meaning`.`word_id` = `w`.`word_id`
JOIN `meaning` AS `m` ON `word_meaning`.`meaning_id` = `m`.`meaning_id`
JOIN `users` AS `u` ON `word_meaning`.`user_id` = `u`.`user_id`
JOIN `dictionary` AS `d` ON `word_meaning`.`dictionary_id` = `d`.`dictionary_id`
LEFT JOIN `user_suggestions` AS `us` ON `word_meaning`.`word_meaning_id` = `us`.`word_meaning_id`
GROUP BY `word_meaning`.`word_meaning_id`, `us`.`word_meaning_id`
) CI_count_all_results')
 4 SYSTEMPATH\Database\BaseBuilder.php(1669): CodeIgniter\Database\BaseConnection->query('SELECT COUNT(*) AS `numrows`
FROM (
SELECT `w`.`word`, `w`.`pronunciation`, `w`.`accessibility`, `m`.`meaning`, `m`.`example`, `m`.`homonyms`, `m`.`part_of_speech_id`, `m`.`created_at`, `u`.`firstname`, `u`.`lastname`, `u`.`email`, `u`.`image`, `d`.`full_name`, `d`.`short_name`, `word_meaning`.`word_meaning_id`, SUM(`us`.`suggestion = 1` as `LIKES`) AS `suggestion = 1 as LIKES`, SUM(`us`.`suggestion = 2` as `DISLIKES`) AS `suggestion = 2 as DISLIKES`, SUM(`us`.`suggestion = 3` as `FLAGE`) AS `suggestion = 3 as FLAGE`
FROM `word_meaning`
JOIN `words` as `w` ON `word_meaning`.`word_id` = `w`.`word_id`
JOIN `meaning` AS `m` ON `word_meaning`.`meaning_id` = `m`.`meaning_id`
JOIN `users` AS `u` ON `word_meaning`.`user_id` = `u`.`user_id`
JOIN `dictionary` AS `d` ON `word_meaning`.`dictionary_id` = `d`.`dictionary_id`
LEFT JOIN `user_suggestions` AS `us` ON `word_meaning`.`word_meaning_id` = `us`.`word_meaning_id`
GROUP BY `word_meaning`.`word_meaning_id`, `us`.`word_meaning_id`
) CI_count_all_results', [], false)
 5 SYSTEMPATH\Model.php(551): CodeIgniter\Database\BaseBuilder->countAllResults(false)
 6 SYSTEMPATH\BaseModel.php(1085): CodeIgniter\Model->countAllResults(false)
 7 APPPATH\Controllers\Search.php(30): CodeIgniter\BaseModel->paginate(8)
 8 SYSTEMPATH\CodeIgniter.php(907): App\Controllers\Search->index()
 9 SYSTEMPATH\CodeIgniter.php(457): CodeIgniter\CodeIgniter->runController(Object(App\Controllers\Search))
10 SYSTEMPATH\CodeIgniter.php(340): CodeIgniter\CodeIgniter->handleRequest(null, Object(Config\Cache), false)
11 FCPATH\index.php(68): CodeIgniter\CodeIgniter->run()
ERROR - 2022-11-25 12:50:30 --> mysqli_sql_exception: You have an error in your SQL syntax; check the manual that corresponds to your MariaDB server version for the right syntax to use near 'as `LIKES`) AS `suggestion = 1 as LIKES`, SUM(`us`.`suggestion = 2` as `DISLI...' at line 3 in C:\xampp\htdocs\etkal\system\Database\MySQLi\Connection.php:292
Stack trace:
#0 C:\xampp\htdocs\etkal\system\Database\MySQLi\Connection.php(292): mysqli->query('SELECT COUNT(*)...', 0)
#1 C:\xampp\htdocs\etkal\system\Database\BaseConnection.php(693): CodeIgniter\Database\MySQLi\Connection->execute('SELECT COUNT(*)...')
#2 C:\xampp\htdocs\etkal\system\Database\BaseConnection.php(620): CodeIgniter\Database\BaseConnection->simpleQuery('SELECT COUNT(*)...')
#3 C:\xampp\htdocs\etkal\system\Database\BaseBuilder.php(1669): CodeIgniter\Database\BaseConnection->query('SELECT COUNT(*)...', Array, false)
#4 C:\xampp\htdocs\etkal\system\Model.php(551): CodeIgniter\Database\BaseBuilder->countAllResults(false)
#5 C:\xampp\htdocs\etkal\system\BaseModel.php(1085): CodeIgniter\Model->countAllResults(false)
#6 C:\xampp\htdocs\etkal\app\Controllers\Search.php(30): CodeIgniter\BaseModel->paginate(8)
#7 C:\xampp\htdocs\etkal\system\CodeIgniter.php(907): App\Controllers\Search->index()
#8 C:\xampp\htdocs\etkal\system\CodeIgniter.php(457): CodeIgniter\CodeIgniter->runController(Object(App\Controllers\Search))
#9 C:\xampp\htdocs\etkal\system\CodeIgniter.php(340): CodeIgniter\CodeIgniter->handleRequest(NULL, Object(Config\Cache), false)
#10 C:\xampp\htdocs\etkal\index.php(68): CodeIgniter\CodeIgniter->run()
#11 {main}
CRITICAL - 2022-11-25 12:50:30 --> You have an error in your SQL syntax; check the manual that corresponds to your MariaDB server version for the right syntax to use near 'as `LIKES`) AS `suggestion = 1 as LIKES`, SUM(`us`.`suggestion = 2` as `DISLI...' at line 3
in SYSTEMPATH\Database\MySQLi\Connection.php on line 292.
 1 SYSTEMPATH\Database\MySQLi\Connection.php(292): mysqli->query('SELECT COUNT(*) AS `numrows`
FROM (
SELECT `w`.`word`, `w`.`pronunciation`, `w`.`accessibility`, `m`.`meaning`, `m`.`example`, `m`.`homonyms`, `m`.`part_of_speech_id`, `m`.`created_at`, `u`.`firstname`, `u`.`lastname`, `u`.`email`, `u`.`image`, `d`.`full_name`, `d`.`short_name`, `word_meaning`.`word_meaning_id`, SUM(`us`.`suggestion = 1` as `LIKES`) AS `suggestion = 1 as LIKES`, SUM(`us`.`suggestion = 2` as `DISLIKES`) AS `suggestion = 2 as DISLIKES`, SUM(`us`.`suggestion = 3` as `FLAGE`) AS `suggestion = 3 as FLAGE`
FROM `word_meaning`
JOIN `words` as `w` ON `word_meaning`.`word_id` = `w`.`word_id`
JOIN `meaning` AS `m` ON `word_meaning`.`meaning_id` = `m`.`meaning_id`
JOIN `users` AS `u` ON `word_meaning`.`user_id` = `u`.`user_id`
JOIN `dictionary` AS `d` ON `word_meaning`.`dictionary_id` = `d`.`dictionary_id`
LEFT JOIN `user_suggestions` AS `us` ON `word_meaning`.`word_meaning_id` = `us`.`word_meaning_id`
GROUP BY `word_meaning`.`word_meaning_id`, `us`.`word_meaning_id`
) CI_count_all_results', 0)
 2 SYSTEMPATH\Database\BaseConnection.php(693): CodeIgniter\Database\MySQLi\Connection->execute('SELECT COUNT(*) AS `numrows`
FROM (
SELECT `w`.`word`, `w`.`pronunciation`, `w`.`accessibility`, `m`.`meaning`, `m`.`example`, `m`.`homonyms`, `m`.`part_of_speech_id`, `m`.`created_at`, `u`.`firstname`, `u`.`lastname`, `u`.`email`, `u`.`image`, `d`.`full_name`, `d`.`short_name`, `word_meaning`.`word_meaning_id`, SUM(`us`.`suggestion = 1` as `LIKES`) AS `suggestion = 1 as LIKES`, SUM(`us`.`suggestion = 2` as `DISLIKES`) AS `suggestion = 2 as DISLIKES`, SUM(`us`.`suggestion = 3` as `FLAGE`) AS `suggestion = 3 as FLAGE`
FROM `word_meaning`
JOIN `words` as `w` ON `word_meaning`.`word_id` = `w`.`word_id`
JOIN `meaning` AS `m` ON `word_meaning`.`meaning_id` = `m`.`meaning_id`
JOIN `users` AS `u` ON `word_meaning`.`user_id` = `u`.`user_id`
JOIN `dictionary` AS `d` ON `word_meaning`.`dictionary_id` = `d`.`dictionary_id`
LEFT JOIN `user_suggestions` AS `us` ON `word_meaning`.`word_meaning_id` = `us`.`word_meaning_id`
GROUP BY `word_meaning`.`word_meaning_id`, `us`.`word_meaning_id`
) CI_count_all_results')
 3 SYSTEMPATH\Database\BaseConnection.php(620): CodeIgniter\Database\BaseConnection->simpleQuery('SELECT COUNT(*) AS `numrows`
FROM (
SELECT `w`.`word`, `w`.`pronunciation`, `w`.`accessibility`, `m`.`meaning`, `m`.`example`, `m`.`homonyms`, `m`.`part_of_speech_id`, `m`.`created_at`, `u`.`firstname`, `u`.`lastname`, `u`.`email`, `u`.`image`, `d`.`full_name`, `d`.`short_name`, `word_meaning`.`word_meaning_id`, SUM(`us`.`suggestion = 1` as `LIKES`) AS `suggestion = 1 as LIKES`, SUM(`us`.`suggestion = 2` as `DISLIKES`) AS `suggestion = 2 as DISLIKES`, SUM(`us`.`suggestion = 3` as `FLAGE`) AS `suggestion = 3 as FLAGE`
FROM `word_meaning`
JOIN `words` as `w` ON `word_meaning`.`word_id` = `w`.`word_id`
JOIN `meaning` AS `m` ON `word_meaning`.`meaning_id` = `m`.`meaning_id`
JOIN `users` AS `u` ON `word_meaning`.`user_id` = `u`.`user_id`
JOIN `dictionary` AS `d` ON `word_meaning`.`dictionary_id` = `d`.`dictionary_id`
LEFT JOIN `user_suggestions` AS `us` ON `word_meaning`.`word_meaning_id` = `us`.`word_meaning_id`
GROUP BY `word_meaning`.`word_meaning_id`, `us`.`word_meaning_id`
) CI_count_all_results')
 4 SYSTEMPATH\Database\BaseBuilder.php(1669): CodeIgniter\Database\BaseConnection->query('SELECT COUNT(*) AS `numrows`
FROM (
SELECT `w`.`word`, `w`.`pronunciation`, `w`.`accessibility`, `m`.`meaning`, `m`.`example`, `m`.`homonyms`, `m`.`part_of_speech_id`, `m`.`created_at`, `u`.`firstname`, `u`.`lastname`, `u`.`email`, `u`.`image`, `d`.`full_name`, `d`.`short_name`, `word_meaning`.`word_meaning_id`, SUM(`us`.`suggestion = 1` as `LIKES`) AS `suggestion = 1 as LIKES`, SUM(`us`.`suggestion = 2` as `DISLIKES`) AS `suggestion = 2 as DISLIKES`, SUM(`us`.`suggestion = 3` as `FLAGE`) AS `suggestion = 3 as FLAGE`
FROM `word_meaning`
JOIN `words` as `w` ON `word_meaning`.`word_id` = `w`.`word_id`
JOIN `meaning` AS `m` ON `word_meaning`.`meaning_id` = `m`.`meaning_id`
JOIN `users` AS `u` ON `word_meaning`.`user_id` = `u`.`user_id`
JOIN `dictionary` AS `d` ON `word_meaning`.`dictionary_id` = `d`.`dictionary_id`
LEFT JOIN `user_suggestions` AS `us` ON `word_meaning`.`word_meaning_id` = `us`.`word_meaning_id`
GROUP BY `word_meaning`.`word_meaning_id`, `us`.`word_meaning_id`
) CI_count_all_results', [], false)
 5 SYSTEMPATH\Model.php(551): CodeIgniter\Database\BaseBuilder->countAllResults(false)
 6 SYSTEMPATH\BaseModel.php(1085): CodeIgniter\Model->countAllResults(false)
 7 APPPATH\Controllers\Search.php(30): CodeIgniter\BaseModel->paginate(8)
 8 SYSTEMPATH\CodeIgniter.php(907): App\Controllers\Search->index()
 9 SYSTEMPATH\CodeIgniter.php(457): CodeIgniter\CodeIgniter->runController(Object(App\Controllers\Search))
10 SYSTEMPATH\CodeIgniter.php(340): CodeIgniter\CodeIgniter->handleRequest(null, Object(Config\Cache), false)
11 FCPATH\index.php(68): CodeIgniter\CodeIgniter->run()
ERROR - 2022-11-25 12:50:30 --> mysqli_sql_exception: You have an error in your SQL syntax; check the manual that corresponds to your MariaDB server version for the right syntax to use near 'as `LIKES`) AS `suggestion = 1 as LIKES`, SUM(`us`.`suggestion = 2` as `DISLI...' at line 3 in C:\xampp\htdocs\etkal\system\Database\MySQLi\Connection.php:292
Stack trace:
#0 C:\xampp\htdocs\etkal\system\Database\MySQLi\Connection.php(292): mysqli->query('SELECT COUNT(*)...', 0)
#1 C:\xampp\htdocs\etkal\system\Database\BaseConnection.php(693): CodeIgniter\Database\MySQLi\Connection->execute('SELECT COUNT(*)...')
#2 C:\xampp\htdocs\etkal\system\Database\BaseConnection.php(620): CodeIgniter\Database\BaseConnection->simpleQuery('SELECT COUNT(*)...')
#3 C:\xampp\htdocs\etkal\system\Database\BaseBuilder.php(1669): CodeIgniter\Database\BaseConnection->query('SELECT COUNT(*)...', Array, false)
#4 C:\xampp\htdocs\etkal\system\Model.php(551): CodeIgniter\Database\BaseBuilder->countAllResults(false)
#5 C:\xampp\htdocs\etkal\system\BaseModel.php(1085): CodeIgniter\Model->countAllResults(false)
#6 C:\xampp\htdocs\etkal\app\Controllers\Search.php(30): CodeIgniter\BaseModel->paginate(8)
#7 C:\xampp\htdocs\etkal\system\CodeIgniter.php(907): App\Controllers\Search->index()
#8 C:\xampp\htdocs\etkal\system\CodeIgniter.php(457): CodeIgniter\CodeIgniter->runController(Object(App\Controllers\Search))
#9 C:\xampp\htdocs\etkal\system\CodeIgniter.php(340): CodeIgniter\CodeIgniter->handleRequest(NULL, Object(Config\Cache), false)
#10 C:\xampp\htdocs\etkal\index.php(68): CodeIgniter\CodeIgniter->run()
#11 {main}
CRITICAL - 2022-11-25 12:50:30 --> You have an error in your SQL syntax; check the manual that corresponds to your MariaDB server version for the right syntax to use near 'as `LIKES`) AS `suggestion = 1 as LIKES`, SUM(`us`.`suggestion = 2` as `DISLI...' at line 3
in SYSTEMPATH\Database\MySQLi\Connection.php on line 292.
 1 SYSTEMPATH\Database\MySQLi\Connection.php(292): mysqli->query('SELECT COUNT(*) AS `numrows`
FROM (
SELECT `w`.`word`, `w`.`pronunciation`, `w`.`accessibility`, `m`.`meaning`, `m`.`example`, `m`.`homonyms`, `m`.`part_of_speech_id`, `m`.`created_at`, `u`.`firstname`, `u`.`lastname`, `u`.`email`, `u`.`image`, `d`.`full_name`, `d`.`short_name`, `word_meaning`.`word_meaning_id`, SUM(`us`.`suggestion = 1` as `LIKES`) AS `suggestion = 1 as LIKES`, SUM(`us`.`suggestion = 2` as `DISLIKES`) AS `suggestion = 2 as DISLIKES`, SUM(`us`.`suggestion = 3` as `FLAGE`) AS `suggestion = 3 as FLAGE`
FROM `word_meaning`
JOIN `words` as `w` ON `word_meaning`.`word_id` = `w`.`word_id`
JOIN `meaning` AS `m` ON `word_meaning`.`meaning_id` = `m`.`meaning_id`
JOIN `users` AS `u` ON `word_meaning`.`user_id` = `u`.`user_id`
JOIN `dictionary` AS `d` ON `word_meaning`.`dictionary_id` = `d`.`dictionary_id`
LEFT JOIN `user_suggestions` AS `us` ON `word_meaning`.`word_meaning_id` = `us`.`word_meaning_id`
GROUP BY `word_meaning`.`word_meaning_id`, `us`.`word_meaning_id`
) CI_count_all_results', 0)
 2 SYSTEMPATH\Database\BaseConnection.php(693): CodeIgniter\Database\MySQLi\Connection->execute('SELECT COUNT(*) AS `numrows`
FROM (
SELECT `w`.`word`, `w`.`pronunciation`, `w`.`accessibility`, `m`.`meaning`, `m`.`example`, `m`.`homonyms`, `m`.`part_of_speech_id`, `m`.`created_at`, `u`.`firstname`, `u`.`lastname`, `u`.`email`, `u`.`image`, `d`.`full_name`, `d`.`short_name`, `word_meaning`.`word_meaning_id`, SUM(`us`.`suggestion = 1` as `LIKES`) AS `suggestion = 1 as LIKES`, SUM(`us`.`suggestion = 2` as `DISLIKES`) AS `suggestion = 2 as DISLIKES`, SUM(`us`.`suggestion = 3` as `FLAGE`) AS `suggestion = 3 as FLAGE`
FROM `word_meaning`
JOIN `words` as `w` ON `word_meaning`.`word_id` = `w`.`word_id`
JOIN `meaning` AS `m` ON `word_meaning`.`meaning_id` = `m`.`meaning_id`
JOIN `users` AS `u` ON `word_meaning`.`user_id` = `u`.`user_id`
JOIN `dictionary` AS `d` ON `word_meaning`.`dictionary_id` = `d`.`dictionary_id`
LEFT JOIN `user_suggestions` AS `us` ON `word_meaning`.`word_meaning_id` = `us`.`word_meaning_id`
GROUP BY `word_meaning`.`word_meaning_id`, `us`.`word_meaning_id`
) CI_count_all_results')
 3 SYSTEMPATH\Database\BaseConnection.php(620): CodeIgniter\Database\BaseConnection->simpleQuery('SELECT COUNT(*) AS `numrows`
FROM (
SELECT `w`.`word`, `w`.`pronunciation`, `w`.`accessibility`, `m`.`meaning`, `m`.`example`, `m`.`homonyms`, `m`.`part_of_speech_id`, `m`.`created_at`, `u`.`firstname`, `u`.`lastname`, `u`.`email`, `u`.`image`, `d`.`full_name`, `d`.`short_name`, `word_meaning`.`word_meaning_id`, SUM(`us`.`suggestion = 1` as `LIKES`) AS `suggestion = 1 as LIKES`, SUM(`us`.`suggestion = 2` as `DISLIKES`) AS `suggestion = 2 as DISLIKES`, SUM(`us`.`suggestion = 3` as `FLAGE`) AS `suggestion = 3 as FLAGE`
FROM `word_meaning`
JOIN `words` as `w` ON `word_meaning`.`word_id` = `w`.`word_id`
JOIN `meaning` AS `m` ON `word_meaning`.`meaning_id` = `m`.`meaning_id`
JOIN `users` AS `u` ON `word_meaning`.`user_id` = `u`.`user_id`
JOIN `dictionary` AS `d` ON `word_meaning`.`dictionary_id` = `d`.`dictionary_id`
LEFT JOIN `user_suggestions` AS `us` ON `word_meaning`.`word_meaning_id` = `us`.`word_meaning_id`
GROUP BY `word_meaning`.`word_meaning_id`, `us`.`word_meaning_id`
) CI_count_all_results')
 4 SYSTEMPATH\Database\BaseBuilder.php(1669): CodeIgniter\Database\BaseConnection->query('SELECT COUNT(*) AS `numrows`
FROM (
SELECT `w`.`word`, `w`.`pronunciation`, `w`.`accessibility`, `m`.`meaning`, `m`.`example`, `m`.`homonyms`, `m`.`part_of_speech_id`, `m`.`created_at`, `u`.`firstname`, `u`.`lastname`, `u`.`email`, `u`.`image`, `d`.`full_name`, `d`.`short_name`, `word_meaning`.`word_meaning_id`, SUM(`us`.`suggestion = 1` as `LIKES`) AS `suggestion = 1 as LIKES`, SUM(`us`.`suggestion = 2` as `DISLIKES`) AS `suggestion = 2 as DISLIKES`, SUM(`us`.`suggestion = 3` as `FLAGE`) AS `suggestion = 3 as FLAGE`
FROM `word_meaning`
JOIN `words` as `w` ON `word_meaning`.`word_id` = `w`.`word_id`
JOIN `meaning` AS `m` ON `word_meaning`.`meaning_id` = `m`.`meaning_id`
JOIN `users` AS `u` ON `word_meaning`.`user_id` = `u`.`user_id`
JOIN `dictionary` AS `d` ON `word_meaning`.`dictionary_id` = `d`.`dictionary_id`
LEFT JOIN `user_suggestions` AS `us` ON `word_meaning`.`word_meaning_id` = `us`.`word_meaning_id`
GROUP BY `word_meaning`.`word_meaning_id`, `us`.`word_meaning_id`
) CI_count_all_results', [], false)
 5 SYSTEMPATH\Model.php(551): CodeIgniter\Database\BaseBuilder->countAllResults(false)
 6 SYSTEMPATH\BaseModel.php(1085): CodeIgniter\Model->countAllResults(false)
 7 APPPATH\Controllers\Search.php(30): CodeIgniter\BaseModel->paginate(8)
 8 SYSTEMPATH\CodeIgniter.php(907): App\Controllers\Search->index()
 9 SYSTEMPATH\CodeIgniter.php(457): CodeIgniter\CodeIgniter->runController(Object(App\Controllers\Search))
10 SYSTEMPATH\CodeIgniter.php(340): CodeIgniter\CodeIgniter->handleRequest(null, Object(Config\Cache), false)
11 FCPATH\index.php(68): CodeIgniter\CodeIgniter->run()
ERROR - 2022-11-25 12:51:29 --> mysqli_sql_exception: You have an error in your SQL syntax; check the manual that corresponds to your MariaDB server version for the right syntax to use near 'AS "LIKES") AS `suggestion = 1 AS "LIKES"`, SUM(`us`.`suggestion = 2` AS "DIS...' at line 3 in C:\xampp\htdocs\etkal\system\Database\MySQLi\Connection.php:292
Stack trace:
#0 C:\xampp\htdocs\etkal\system\Database\MySQLi\Connection.php(292): mysqli->query('SELECT COUNT(*)...', 0)
#1 C:\xampp\htdocs\etkal\system\Database\BaseConnection.php(693): CodeIgniter\Database\MySQLi\Connection->execute('SELECT COUNT(*)...')
#2 C:\xampp\htdocs\etkal\system\Database\BaseConnection.php(620): CodeIgniter\Database\BaseConnection->simpleQuery('SELECT COUNT(*)...')
#3 C:\xampp\htdocs\etkal\system\Database\BaseBuilder.php(1669): CodeIgniter\Database\BaseConnection->query('SELECT COUNT(*)...', Array, false)
#4 C:\xampp\htdocs\etkal\system\Model.php(551): CodeIgniter\Database\BaseBuilder->countAllResults(false)
#5 C:\xampp\htdocs\etkal\system\BaseModel.php(1085): CodeIgniter\Model->countAllResults(false)
#6 C:\xampp\htdocs\etkal\app\Controllers\Search.php(30): CodeIgniter\BaseModel->paginate(8)
#7 C:\xampp\htdocs\etkal\system\CodeIgniter.php(907): App\Controllers\Search->index()
#8 C:\xampp\htdocs\etkal\system\CodeIgniter.php(457): CodeIgniter\CodeIgniter->runController(Object(App\Controllers\Search))
#9 C:\xampp\htdocs\etkal\system\CodeIgniter.php(340): CodeIgniter\CodeIgniter->handleRequest(NULL, Object(Config\Cache), false)
#10 C:\xampp\htdocs\etkal\index.php(68): CodeIgniter\CodeIgniter->run()
#11 {main}
CRITICAL - 2022-11-25 12:51:29 --> You have an error in your SQL syntax; check the manual that corresponds to your MariaDB server version for the right syntax to use near 'AS "LIKES") AS `suggestion = 1 AS "LIKES"`, SUM(`us`.`suggestion = 2` AS "DIS...' at line 3
in SYSTEMPATH\Database\MySQLi\Connection.php on line 292.
 1 SYSTEMPATH\Database\MySQLi\Connection.php(292): mysqli->query('SELECT COUNT(*) AS `numrows`
FROM (
SELECT `w`.`word`, `w`.`pronunciation`, `w`.`accessibility`, `m`.`meaning`, `m`.`example`, `m`.`homonyms`, `m`.`part_of_speech_id`, `m`.`created_at`, `u`.`firstname`, `u`.`lastname`, `u`.`email`, `u`.`image`, `d`.`full_name`, `d`.`short_name`, `word_meaning`.`word_meaning_id`, SUM(`us`.`suggestion = 1` AS "LIKES") AS `suggestion = 1 AS "LIKES"`, SUM(`us`.`suggestion = 2` AS "DISLIKES") AS `suggestion = 2 AS "DISLIKES"`, SUM(`us`.`suggestion = 3` AS "FLAGE") AS `suggestion = 3 AS "FLAGE"`
FROM `word_meaning`
JOIN `words` as `w` ON `word_meaning`.`word_id` = `w`.`word_id`
JOIN `meaning` AS `m` ON `word_meaning`.`meaning_id` = `m`.`meaning_id`
JOIN `users` AS `u` ON `word_meaning`.`user_id` = `u`.`user_id`
JOIN `dictionary` AS `d` ON `word_meaning`.`dictionary_id` = `d`.`dictionary_id`
LEFT JOIN `user_suggestions` AS `us` ON `word_meaning`.`word_meaning_id` = `us`.`word_meaning_id`
GROUP BY `word_meaning`.`word_meaning_id`, `us`.`word_meaning_id`
) CI_count_all_results', 0)
 2 SYSTEMPATH\Database\BaseConnection.php(693): CodeIgniter\Database\MySQLi\Connection->execute('SELECT COUNT(*) AS `numrows`
FROM (
SELECT `w`.`word`, `w`.`pronunciation`, `w`.`accessibility`, `m`.`meaning`, `m`.`example`, `m`.`homonyms`, `m`.`part_of_speech_id`, `m`.`created_at`, `u`.`firstname`, `u`.`lastname`, `u`.`email`, `u`.`image`, `d`.`full_name`, `d`.`short_name`, `word_meaning`.`word_meaning_id`, SUM(`us`.`suggestion = 1` AS "LIKES") AS `suggestion = 1 AS "LIKES"`, SUM(`us`.`suggestion = 2` AS "DISLIKES") AS `suggestion = 2 AS "DISLIKES"`, SUM(`us`.`suggestion = 3` AS "FLAGE") AS `suggestion = 3 AS "FLAGE"`
FROM `word_meaning`
JOIN `words` as `w` ON `word_meaning`.`word_id` = `w`.`word_id`
JOIN `meaning` AS `m` ON `word_meaning`.`meaning_id` = `m`.`meaning_id`
JOIN `users` AS `u` ON `word_meaning`.`user_id` = `u`.`user_id`
JOIN `dictionary` AS `d` ON `word_meaning`.`dictionary_id` = `d`.`dictionary_id`
LEFT JOIN `user_suggestions` AS `us` ON `word_meaning`.`word_meaning_id` = `us`.`word_meaning_id`
GROUP BY `word_meaning`.`word_meaning_id`, `us`.`word_meaning_id`
) CI_count_all_results')
 3 SYSTEMPATH\Database\BaseConnection.php(620): CodeIgniter\Database\BaseConnection->simpleQuery('SELECT COUNT(*) AS `numrows`
FROM (
SELECT `w`.`word`, `w`.`pronunciation`, `w`.`accessibility`, `m`.`meaning`, `m`.`example`, `m`.`homonyms`, `m`.`part_of_speech_id`, `m`.`created_at`, `u`.`firstname`, `u`.`lastname`, `u`.`email`, `u`.`image`, `d`.`full_name`, `d`.`short_name`, `word_meaning`.`word_meaning_id`, SUM(`us`.`suggestion = 1` AS "LIKES") AS `suggestion = 1 AS "LIKES"`, SUM(`us`.`suggestion = 2` AS "DISLIKES") AS `suggestion = 2 AS "DISLIKES"`, SUM(`us`.`suggestion = 3` AS "FLAGE") AS `suggestion = 3 AS "FLAGE"`
FROM `word_meaning`
JOIN `words` as `w` ON `word_meaning`.`word_id` = `w`.`word_id`
JOIN `meaning` AS `m` ON `word_meaning`.`meaning_id` = `m`.`meaning_id`
JOIN `users` AS `u` ON `word_meaning`.`user_id` = `u`.`user_id`
JOIN `dictionary` AS `d` ON `word_meaning`.`dictionary_id` = `d`.`dictionary_id`
LEFT JOIN `user_suggestions` AS `us` ON `word_meaning`.`word_meaning_id` = `us`.`word_meaning_id`
GROUP BY `word_meaning`.`word_meaning_id`, `us`.`word_meaning_id`
) CI_count_all_results')
 4 SYSTEMPATH\Database\BaseBuilder.php(1669): CodeIgniter\Database\BaseConnection->query('SELECT COUNT(*) AS `numrows`
FROM (
SELECT `w`.`word`, `w`.`pronunciation`, `w`.`accessibility`, `m`.`meaning`, `m`.`example`, `m`.`homonyms`, `m`.`part_of_speech_id`, `m`.`created_at`, `u`.`firstname`, `u`.`lastname`, `u`.`email`, `u`.`image`, `d`.`full_name`, `d`.`short_name`, `word_meaning`.`word_meaning_id`, SUM(`us`.`suggestion = 1` AS "LIKES") AS `suggestion = 1 AS "LIKES"`, SUM(`us`.`suggestion = 2` AS "DISLIKES") AS `suggestion = 2 AS "DISLIKES"`, SUM(`us`.`suggestion = 3` AS "FLAGE") AS `suggestion = 3 AS "FLAGE"`
FROM `word_meaning`
JOIN `words` as `w` ON `word_meaning`.`word_id` = `w`.`word_id`
JOIN `meaning` AS `m` ON `word_meaning`.`meaning_id` = `m`.`meaning_id`
JOIN `users` AS `u` ON `word_meaning`.`user_id` = `u`.`user_id`
JOIN `dictionary` AS `d` ON `word_meaning`.`dictionary_id` = `d`.`dictionary_id`
LEFT JOIN `user_suggestions` AS `us` ON `word_meaning`.`word_meaning_id` = `us`.`word_meaning_id`
GROUP BY `word_meaning`.`word_meaning_id`, `us`.`word_meaning_id`
) CI_count_all_results', [], false)
 5 SYSTEMPATH\Model.php(551): CodeIgniter\Database\BaseBuilder->countAllResults(false)
 6 SYSTEMPATH\BaseModel.php(1085): CodeIgniter\Model->countAllResults(false)
 7 APPPATH\Controllers\Search.php(30): CodeIgniter\BaseModel->paginate(8)
 8 SYSTEMPATH\CodeIgniter.php(907): App\Controllers\Search->index()
 9 SYSTEMPATH\CodeIgniter.php(457): CodeIgniter\CodeIgniter->runController(Object(App\Controllers\Search))
10 SYSTEMPATH\CodeIgniter.php(340): CodeIgniter\CodeIgniter->handleRequest(null, Object(Config\Cache), false)
11 FCPATH\index.php(68): CodeIgniter\CodeIgniter->run()
CRITICAL - 2022-11-25 12:53:06 --> Call to undefined method App\Models\WordMeaningModel::sum
in SYSTEMPATH\Model.php on line 774.
 1 APPPATH\Models\WordMeaningModel.php(74): CodeIgniter\Model->__call('sum', [...])
 2 APPPATH\Controllers\Search.php(30): App\Models\WordMeaningModel->getgroupMeanig()
 3 SYSTEMPATH\CodeIgniter.php(907): App\Controllers\Search->index()
 4 SYSTEMPATH\CodeIgniter.php(457): CodeIgniter\CodeIgniter->runController(Object(App\Controllers\Search))
 5 SYSTEMPATH\CodeIgniter.php(340): CodeIgniter\CodeIgniter->handleRequest(null, Object(Config\Cache), false)
 6 FCPATH\index.php(68): CodeIgniter\CodeIgniter->run()
ERROR - 2022-11-25 20:47:23 --> mysqli_sql_exception: Unknown column 'wm.word_meaning_id' in 'on clause' in C:\xampp\htdocs\etkal\system\Database\MySQLi\Connection.php:292
Stack trace:
#0 C:\xampp\htdocs\etkal\system\Database\MySQLi\Connection.php(292): mysqli->query('SELECT COUNT(*)...', 0)
#1 C:\xampp\htdocs\etkal\system\Database\BaseConnection.php(693): CodeIgniter\Database\MySQLi\Connection->execute('SELECT COUNT(*)...')
#2 C:\xampp\htdocs\etkal\system\Database\BaseConnection.php(620): CodeIgniter\Database\BaseConnection->simpleQuery('SELECT COUNT(*)...')
#3 C:\xampp\htdocs\etkal\system\Database\BaseBuilder.php(1669): CodeIgniter\Database\BaseConnection->query('SELECT COUNT(*)...', Array, false)
#4 C:\xampp\htdocs\etkal\system\Model.php(551): CodeIgniter\Database\BaseBuilder->countAllResults(false)
#5 C:\xampp\htdocs\etkal\system\BaseModel.php(1085): CodeIgniter\Model->countAllResults(false)
#6 C:\xampp\htdocs\etkal\app\Controllers\Search.php(30): CodeIgniter\BaseModel->paginate(8)
#7 C:\xampp\htdocs\etkal\system\CodeIgniter.php(907): App\Controllers\Search->index()
#8 C:\xampp\htdocs\etkal\system\CodeIgniter.php(457): CodeIgniter\CodeIgniter->runController(Object(App\Controllers\Search))
#9 C:\xampp\htdocs\etkal\system\CodeIgniter.php(340): CodeIgniter\CodeIgniter->handleRequest(NULL, Object(Config\Cache), false)
#10 C:\xampp\htdocs\etkal\index.php(68): CodeIgniter\CodeIgniter->run()
#11 {main}
CRITICAL - 2022-11-25 20:47:23 --> Unknown column 'wm.word_meaning_id' in 'on clause'
in SYSTEMPATH\Database\MySQLi\Connection.php on line 292.
 1 SYSTEMPATH\Database\MySQLi\Connection.php(292): mysqli->query('SELECT COUNT(*) AS `numrows`
FROM (
SELECT `w`.`word`, `w`.`pronunciation`, `w`.`accessibility`, `m`.`meaning`, `m`.`example`, `m`.`homonyms`, `m`.`part_of_speech_id`, `m`.`created_at`, `u`.`firstname`, `u`.`lastname`, `u`.`email`, `u`.`image`, `d`.`full_name`, `d`.`short_name`, `word_meaning`.`word_meaning_id`, sum(us.suggestion = 1) as LIKES, sum(us.suggestion = 2) as DISLIKES, sum(us.suggestion = 3) as FLAGE, `ps`.`part_of_speech`, `ps`.`abbreviation`
FROM `word_meaning`
JOIN `words` as `w` ON `word_meaning`.`word_id` = `w`.`word_id`
JOIN `meaning` AS `m` ON `word_meaning`.`meaning_id` = `m`.`meaning_id`
JOIN `users` AS `u` ON `word_meaning`.`user_id` = `u`.`user_id`
JOIN `dictionary` AS `d` ON `word_meaning`.`dictionary_id` = `d`.`dictionary_id`
LEFT JOIN `user_suggestions` AS `us` ON `word_meaning`.`word_meaning_id` = `us`.`word_meaning_id`
LEFT JOIN `word_part_of_speech` AS `wps` ON `m`.`part_of_speech_id` = `wps`.`word_part_of_speech_id`
LEFT JOIN `parts_of_speechs` AS `ps` ON `wps`.`part_of_speech_id` = `ps`.`part_of_speech_id`
LEFT JOIN `word_meaning_tags` AS `wmt` ON `wm`.`word_meaning_id` = `wmt`.`word_meaning_id`
GROUP BY `word_meaning`.`word_meaning_id`, `us`.`word_meaning_id`
) CI_count_all_results', 0)
 2 SYSTEMPATH\Database\BaseConnection.php(693): CodeIgniter\Database\MySQLi\Connection->execute('SELECT COUNT(*) AS `numrows`
FROM (
SELECT `w`.`word`, `w`.`pronunciation`, `w`.`accessibility`, `m`.`meaning`, `m`.`example`, `m`.`homonyms`, `m`.`part_of_speech_id`, `m`.`created_at`, `u`.`firstname`, `u`.`lastname`, `u`.`email`, `u`.`image`, `d`.`full_name`, `d`.`short_name`, `word_meaning`.`word_meaning_id`, sum(us.suggestion = 1) as LIKES, sum(us.suggestion = 2) as DISLIKES, sum(us.suggestion = 3) as FLAGE, `ps`.`part_of_speech`, `ps`.`abbreviation`
FROM `word_meaning`
JOIN `words` as `w` ON `word_meaning`.`word_id` = `w`.`word_id`
JOIN `meaning` AS `m` ON `word_meaning`.`meaning_id` = `m`.`meaning_id`
JOIN `users` AS `u` ON `word_meaning`.`user_id` = `u`.`user_id`
JOIN `dictionary` AS `d` ON `word_meaning`.`dictionary_id` = `d`.`dictionary_id`
LEFT JOIN `user_suggestions` AS `us` ON `word_meaning`.`word_meaning_id` = `us`.`word_meaning_id`
LEFT JOIN `word_part_of_speech` AS `wps` ON `m`.`part_of_speech_id` = `wps`.`word_part_of_speech_id`
LEFT JOIN `parts_of_speechs` AS `ps` ON `wps`.`part_of_speech_id` = `ps`.`part_of_speech_id`
LEFT JOIN `word_meaning_tags` AS `wmt` ON `wm`.`word_meaning_id` = `wmt`.`word_meaning_id`
GROUP BY `word_meaning`.`word_meaning_id`, `us`.`word_meaning_id`
) CI_count_all_results')
 3 SYSTEMPATH\Database\BaseConnection.php(620): CodeIgniter\Database\BaseConnection->simpleQuery('SELECT COUNT(*) AS `numrows`
FROM (
SELECT `w`.`word`, `w`.`pronunciation`, `w`.`accessibility`, `m`.`meaning`, `m`.`example`, `m`.`homonyms`, `m`.`part_of_speech_id`, `m`.`created_at`, `u`.`firstname`, `u`.`lastname`, `u`.`email`, `u`.`image`, `d`.`full_name`, `d`.`short_name`, `word_meaning`.`word_meaning_id`, sum(us.suggestion = 1) as LIKES, sum(us.suggestion = 2) as DISLIKES, sum(us.suggestion = 3) as FLAGE, `ps`.`part_of_speech`, `ps`.`abbreviation`
FROM `word_meaning`
JOIN `words` as `w` ON `word_meaning`.`word_id` = `w`.`word_id`
JOIN `meaning` AS `m` ON `word_meaning`.`meaning_id` = `m`.`meaning_id`
JOIN `users` AS `u` ON `word_meaning`.`user_id` = `u`.`user_id`
JOIN `dictionary` AS `d` ON `word_meaning`.`dictionary_id` = `d`.`dictionary_id`
LEFT JOIN `user_suggestions` AS `us` ON `word_meaning`.`word_meaning_id` = `us`.`word_meaning_id`
LEFT JOIN `word_part_of_speech` AS `wps` ON `m`.`part_of_speech_id` = `wps`.`word_part_of_speech_id`
LEFT JOIN `parts_of_speechs` AS `ps` ON `wps`.`part_of_speech_id` = `ps`.`part_of_speech_id`
LEFT JOIN `word_meaning_tags` AS `wmt` ON `wm`.`word_meaning_id` = `wmt`.`word_meaning_id`
GROUP BY `word_meaning`.`word_meaning_id`, `us`.`word_meaning_id`
) CI_count_all_results')
 4 SYSTEMPATH\Database\BaseBuilder.php(1669): CodeIgniter\Database\BaseConnection->query('SELECT COUNT(*) AS `numrows`
FROM (
SELECT `w`.`word`, `w`.`pronunciation`, `w`.`accessibility`, `m`.`meaning`, `m`.`example`, `m`.`homonyms`, `m`.`part_of_speech_id`, `m`.`created_at`, `u`.`firstname`, `u`.`lastname`, `u`.`email`, `u`.`image`, `d`.`full_name`, `d`.`short_name`, `word_meaning`.`word_meaning_id`, sum(us.suggestion = 1) as LIKES, sum(us.suggestion = 2) as DISLIKES, sum(us.suggestion = 3) as FLAGE, `ps`.`part_of_speech`, `ps`.`abbreviation`
FROM `word_meaning`
JOIN `words` as `w` ON `word_meaning`.`word_id` = `w`.`word_id`
JOIN `meaning` AS `m` ON `word_meaning`.`meaning_id` = `m`.`meaning_id`
JOIN `users` AS `u` ON `word_meaning`.`user_id` = `u`.`user_id`
JOIN `dictionary` AS `d` ON `word_meaning`.`dictionary_id` = `d`.`dictionary_id`
LEFT JOIN `user_suggestions` AS `us` ON `word_meaning`.`word_meaning_id` = `us`.`word_meaning_id`
LEFT JOIN `word_part_of_speech` AS `wps` ON `m`.`part_of_speech_id` = `wps`.`word_part_of_speech_id`
LEFT JOIN `parts_of_speechs` AS `ps` ON `wps`.`part_of_speech_id` = `ps`.`part_of_speech_id`
LEFT JOIN `word_meaning_tags` AS `wmt` ON `wm`.`word_meaning_id` = `wmt`.`word_meaning_id`
GROUP BY `word_meaning`.`word_meaning_id`, `us`.`word_meaning_id`
) CI_count_all_results', [], false)
 5 SYSTEMPATH\Model.php(551): CodeIgniter\Database\BaseBuilder->countAllResults(false)
 6 SYSTEMPATH\BaseModel.php(1085): CodeIgniter\Model->countAllResults(false)
 7 APPPATH\Controllers\Search.php(30): CodeIgniter\BaseModel->paginate(8)
 8 SYSTEMPATH\CodeIgniter.php(907): App\Controllers\Search->index()
 9 SYSTEMPATH\CodeIgniter.php(457): CodeIgniter\CodeIgniter->runController(Object(App\Controllers\Search))
10 SYSTEMPATH\CodeIgniter.php(340): CodeIgniter\CodeIgniter->handleRequest(null, Object(Config\Cache), false)
11 FCPATH\index.php(68): CodeIgniter\CodeIgniter->run()
