CRITICAL - 2022-10-31 11:12:17 --> Too few arguments to function CodeIgniter\HTTP\IncomingRequest::getFile(), 0 passed in C:\xampp\htdocs\etkal\app\Controllers\Users.php on line 241 and exactly 1 expected
in SYSTEMPATH\HTTP\IncomingRequest.php on line 744.
 1 APPPATH\Controllers\Users.php(241): CodeIgniter\HTTP\IncomingRequest->getFile()
 2 SYSTEMPATH\CodeIgniter.php(907): App\Controllers\Users->profile()
 3 SYSTEMPATH\CodeIgniter.php(457): CodeIgniter\CodeIgniter->runController(Object(App\Controllers\Users))
 4 SYSTEMPATH\CodeIgniter.php(340): CodeIgniter\CodeIgniter->handleRequest(null, Object(Config\Cache), false)
 5 FCPATH\index.php(68): CodeIgniter\CodeIgniter->run()
CRITICAL - 2022-10-31 11:13:06 --> Call to a member function getRandomName() on array
in APPPATH\Controllers\Users.php on line 243.
 1 SYSTEMPATH\CodeIgniter.php(907): App\Controllers\Users->profile()
 2 SYSTEMPATH\CodeIgniter.php(457): CodeIgniter\CodeIgniter->runController(Object(App\Controllers\Users))
 3 SYSTEMPATH\CodeIgniter.php(340): CodeIgniter\CodeIgniter->handleRequest(null, Object(Config\Cache), false)
 4 FCPATH\index.php(68): CodeIgniter\CodeIgniter->run()
CRITICAL - 2022-10-31 11:17:51 --> The original file is not a valid file.
in SYSTEMPATH\HTTP\Files\UploadedFile.php on line 137.
 1 SYSTEMPATH\HTTP\Files\UploadedFile.php(137): CodeIgniter\HTTP\Exceptions\HTTPException::forInvalidFile()
 2 APPPATH\Controllers\Users.php(244): CodeIgniter\HTTP\Files\UploadedFile->move('FCPATH\\public\\asset\\img\\user', '1667240271_273bbfdf61cee48bc60c')
 3 SYSTEMPATH\CodeIgniter.php(907): App\Controllers\Users->profile()
 4 SYSTEMPATH\CodeIgniter.php(457): CodeIgniter\CodeIgniter->runController(Object(App\Controllers\Users))
 5 SYSTEMPATH\CodeIgniter.php(340): CodeIgniter\CodeIgniter->handleRequest(null, Object(Config\Cache), false)
 6 FCPATH\index.php(68): CodeIgniter\CodeIgniter->run()
CRITICAL - 2022-10-31 11:22:34 --> Undefined variable $file
in APPPATH\Controllers\Users.php on line 252.
 1 APPPATH\Controllers\Users.php(252): CodeIgniter\Debug\Exceptions->errorHandler(2, 'Undefined variable $file', 'APPPATH\\Controllers\\Users.php', 252)
 2 SYSTEMPATH\CodeIgniter.php(907): App\Controllers\Users->profile()
 3 SYSTEMPATH\CodeIgniter.php(457): CodeIgniter\CodeIgniter->runController(Object(App\Controllers\Users))
 4 SYSTEMPATH\CodeIgniter.php(340): CodeIgniter\CodeIgniter->handleRequest(null, Object(Config\Cache), false)
 5 FCPATH\index.php(68): CodeIgniter\CodeIgniter->run()
CRITICAL - 2022-10-31 11:23:18 --> Undefined variable $updeatuser
in APPPATH\Controllers\Users.php on line 253.
 1 APPPATH\Controllers\Users.php(253): CodeIgniter\Debug\Exceptions->errorHandler(2, 'Undefined variable $updeatuser', 'APPPATH\\Controllers\\Users.php', 253)
 2 SYSTEMPATH\CodeIgniter.php(907): App\Controllers\Users->profile()
 3 SYSTEMPATH\CodeIgniter.php(457): CodeIgniter\CodeIgniter->runController(Object(App\Controllers\Users))
 4 SYSTEMPATH\CodeIgniter.php(340): CodeIgniter\CodeIgniter->handleRequest(null, Object(Config\Cache), false)
 5 FCPATH\index.php(68): CodeIgniter\CodeIgniter->run()
CRITICAL - 2022-10-31 11:23:47 --> Undefined array key "profilepicture"
in APPPATH\Controllers\Users.php on line 242.
 1 APPPATH\Controllers\Users.php(242): CodeIgniter\Debug\Exceptions->errorHandler(2, 'Undefined array key "profilepicture"', 'APPPATH\\Controllers\\Users.php', 242)
 2 SYSTEMPATH\CodeIgniter.php(907): App\Controllers\Users->profile()
 3 SYSTEMPATH\CodeIgniter.php(457): CodeIgniter\CodeIgniter->runController(Object(App\Controllers\Users))
 4 SYSTEMPATH\CodeIgniter.php(340): CodeIgniter\CodeIgniter->handleRequest(null, Object(Config\Cache), false)
 5 FCPATH\index.php(68): CodeIgniter\CodeIgniter->run()
CRITICAL - 2022-10-31 11:24:19 --> Undefined array key "profilepicture"
in APPPATH\Controllers\Users.php on line 242.
 1 APPPATH\Controllers\Users.php(242): CodeIgniter\Debug\Exceptions->errorHandler(2, 'Undefined array key "profilepicture"', 'APPPATH\\Controllers\\Users.php', 242)
 2 SYSTEMPATH\CodeIgniter.php(907): App\Controllers\Users->profile()
 3 SYSTEMPATH\CodeIgniter.php(457): CodeIgniter\CodeIgniter->runController(Object(App\Controllers\Users))
 4 SYSTEMPATH\CodeIgniter.php(340): CodeIgniter\CodeIgniter->handleRequest(null, Object(Config\Cache), false)
 5 FCPATH\index.php(68): CodeIgniter\CodeIgniter->run()
CRITICAL - 2022-10-31 11:28:10 --> Undefined array key "profilepicture"
in APPPATH\Controllers\Users.php on line 242.
 1 APPPATH\Controllers\Users.php(242): CodeIgniter\Debug\Exceptions->errorHandler(2, 'Undefined array key "profilepicture"', 'APPPATH\\Controllers\\Users.php', 242)
 2 SYSTEMPATH\CodeIgniter.php(907): App\Controllers\Users->profile()
 3 SYSTEMPATH\CodeIgniter.php(457): CodeIgniter\CodeIgniter->runController(Object(App\Controllers\Users))
 4 SYSTEMPATH\CodeIgniter.php(340): CodeIgniter\CodeIgniter->handleRequest(null, Object(Config\Cache), false)
 5 FCPATH\index.php(68): CodeIgniter\CodeIgniter->run()
CRITICAL - 2022-10-31 13:15:42 --> The original file is not a valid file.
in SYSTEMPATH\HTTP\Files\UploadedFile.php on line 137.
 1 SYSTEMPATH\HTTP\Files\UploadedFile.php(137): CodeIgniter\HTTP\Exceptions\HTTPException::forInvalidFile()
 2 APPPATH\Controllers\Users.php(244): CodeIgniter\HTTP\Files\UploadedFile->move('FCPATH\\public\\asset\\img\\user', '1667247342_c38b2fab8638de52100e')
 3 SYSTEMPATH\CodeIgniter.php(907): App\Controllers\Users->profile()
 4 SYSTEMPATH\CodeIgniter.php(457): CodeIgniter\CodeIgniter->runController(Object(App\Controllers\Users))
 5 SYSTEMPATH\CodeIgniter.php(340): CodeIgniter\CodeIgniter->handleRequest(null, Object(Config\Cache), false)
 6 FCPATH\index.php(68): CodeIgniter\CodeIgniter->run()
CRITICAL - 2022-10-31 13:20:29 --> The original file is not a valid file.
in SYSTEMPATH\HTTP\Files\UploadedFile.php on line 137.
 1 SYSTEMPATH\HTTP\Files\UploadedFile.php(137): CodeIgniter\HTTP\Exceptions\HTTPException::forInvalidFile()
 2 APPPATH\Controllers\Users.php(244): CodeIgniter\HTTP\Files\UploadedFile->move('FCPATH\\public\\asset\\img\\user', '1667247629_e135f21aa856ded95c8a')
 3 SYSTEMPATH\CodeIgniter.php(907): App\Controllers\Users->profile()
 4 SYSTEMPATH\CodeIgniter.php(457): CodeIgniter\CodeIgniter->runController(Object(App\Controllers\Users))
 5 SYSTEMPATH\CodeIgniter.php(340): CodeIgniter\CodeIgniter->handleRequest(null, Object(Config\Cache), false)
 6 FCPATH\index.php(68): CodeIgniter\CodeIgniter->run()
CRITICAL - 2022-10-31 13:20:33 --> The original file is not a valid file.
in SYSTEMPATH\HTTP\Files\UploadedFile.php on line 137.
 1 SYSTEMPATH\HTTP\Files\UploadedFile.php(137): CodeIgniter\HTTP\Exceptions\HTTPException::forInvalidFile()
 2 APPPATH\Controllers\Users.php(244): CodeIgniter\HTTP\Files\UploadedFile->move('FCPATH\\public\\asset\\img\\user', '1667247633_42ed1bf8e29fc98c3dbd')
 3 SYSTEMPATH\CodeIgniter.php(907): App\Controllers\Users->profile()
 4 SYSTEMPATH\CodeIgniter.php(457): CodeIgniter\CodeIgniter->runController(Object(App\Controllers\Users))
 5 SYSTEMPATH\CodeIgniter.php(340): CodeIgniter\CodeIgniter->handleRequest(null, Object(Config\Cache), false)
 6 FCPATH\index.php(68): CodeIgniter\CodeIgniter->run()
CRITICAL - 2022-10-31 13:26:54 --> The original file is not a valid file.
in SYSTEMPATH\HTTP\Files\UploadedFile.php on line 137.
 1 SYSTEMPATH\HTTP\Files\UploadedFile.php(137): CodeIgniter\HTTP\Exceptions\HTTPException::forInvalidFile()
 2 APPPATH\Controllers\Users.php(244): CodeIgniter\HTTP\Files\UploadedFile->move('FCPATH\\public\\asset\\img\\user', '1667248014_29ed65d1afc48271b928')
 3 SYSTEMPATH\CodeIgniter.php(907): App\Controllers\Users->profile()
 4 SYSTEMPATH\CodeIgniter.php(457): CodeIgniter\CodeIgniter->runController(Object(App\Controllers\Users))
 5 SYSTEMPATH\CodeIgniter.php(340): CodeIgniter\CodeIgniter->handleRequest(null, Object(Config\Cache), false)
 6 FCPATH\index.php(68): CodeIgniter\CodeIgniter->run()
CRITICAL - 2022-10-31 13:32:34 --> The original file is not a valid file.
in SYSTEMPATH\HTTP\Files\UploadedFile.php on line 137.
 1 SYSTEMPATH\HTTP\Files\UploadedFile.php(137): CodeIgniter\HTTP\Exceptions\HTTPException::forInvalidFile()
 2 APPPATH\Controllers\Users.php(244): CodeIgniter\HTTP\Files\UploadedFile->move('FCPATH\\public\\asset\\img\\user', '1667248354_cbf5098fa09a38a6d8b2')
 3 SYSTEMPATH\CodeIgniter.php(907): App\Controllers\Users->profile()
 4 SYSTEMPATH\CodeIgniter.php(457): CodeIgniter\CodeIgniter->runController(Object(App\Controllers\Users))
 5 SYSTEMPATH\CodeIgniter.php(340): CodeIgniter\CodeIgniter->handleRequest(null, Object(Config\Cache), false)
 6 FCPATH\index.php(68): CodeIgniter\CodeIgniter->run()
CRITICAL - 2022-10-31 13:40:20 --> Undefined variable $image
in APPPATH\Views\partials\sidebar.php on line 5.
 1 APPPATH\Views\partials\sidebar.php(5): CodeIgniter\Debug\Exceptions->errorHandler(2, 'Undefined variable $image', 'APPPATH\\Views\\partials\\sidebar.php', 5)
 2 SYSTEMPATH\View\View.php(213): include('APPPATH\\Views\\partials\\sidebar.php')
 3 SYSTEMPATH\View\View.php(216): CodeIgniter\View\View->CodeIgniter\View\{closure}()
 4 SYSTEMPATH\View\View.php(429): CodeIgniter\View\View->render('partials/sidebar', null, true)
 5 APPPATH\Views\default.php(17): CodeIgniter\View\View->include('partials/sidebar')
 6 SYSTEMPATH\View\View.php(213): include('APPPATH\\Views\\default.php')
 7 SYSTEMPATH\View\View.php(216): CodeIgniter\View\View->CodeIgniter\View\{closure}()
 8 SYSTEMPATH\View\View.php(229): CodeIgniter\View\View->render('default', [], true)
 9 SYSTEMPATH\Common.php(1142): CodeIgniter\View\View->render('adminDashbord', [], true)
10 APPPATH\Libraries\Functions.php(18): view('adminDashbord', [...])
11 APPPATH\Controllers\Users.php(23): App\Libraries\Functions::check_login()
12 APPPATH\Controllers\Home.php(16): App\Controllers\Users->__construct()
13 SYSTEMPATH\CodeIgniter.php(869): App\Controllers\Home->__construct()
14 SYSTEMPATH\CodeIgniter.php(448): CodeIgniter\CodeIgniter->createController()
15 SYSTEMPATH\CodeIgniter.php(340): CodeIgniter\CodeIgniter->handleRequest(null, Object(Config\Cache), false)
16 FCPATH\index.php(68): CodeIgniter\CodeIgniter->run()
CRITICAL - 2022-10-31 13:40:22 --> Undefined variable $image
in APPPATH\Views\partials\sidebar.php on line 5.
 1 APPPATH\Views\partials\sidebar.php(5): CodeIgniter\Debug\Exceptions->errorHandler(2, 'Undefined variable $image', 'APPPATH\\Views\\partials\\sidebar.php', 5)
 2 SYSTEMPATH\View\View.php(213): include('APPPATH\\Views\\partials\\sidebar.php')
 3 SYSTEMPATH\View\View.php(216): CodeIgniter\View\View->CodeIgniter\View\{closure}()
 4 SYSTEMPATH\View\View.php(429): CodeIgniter\View\View->render('partials/sidebar', null, true)
 5 APPPATH\Views\default.php(17): CodeIgniter\View\View->include('partials/sidebar')
 6 SYSTEMPATH\View\View.php(213): include('APPPATH\\Views\\default.php')
 7 SYSTEMPATH\View\View.php(216): CodeIgniter\View\View->CodeIgniter\View\{closure}()
 8 SYSTEMPATH\View\View.php(229): CodeIgniter\View\View->render('default', [], true)
 9 SYSTEMPATH\Common.php(1142): CodeIgniter\View\View->render('adminDashbord', [], true)
10 APPPATH\Libraries\Functions.php(18): view('adminDashbord', [...])
11 APPPATH\Controllers\Users.php(23): App\Libraries\Functions::check_login()
12 APPPATH\Controllers\Home.php(16): App\Controllers\Users->__construct()
13 SYSTEMPATH\CodeIgniter.php(869): App\Controllers\Home->__construct()
14 SYSTEMPATH\CodeIgniter.php(448): CodeIgniter\CodeIgniter->createController()
15 SYSTEMPATH\CodeIgniter.php(340): CodeIgniter\CodeIgniter->handleRequest(null, Object(Config\Cache), false)
16 FCPATH\index.php(68): CodeIgniter\CodeIgniter->run()
CRITICAL - 2022-10-31 13:51:31 --> Undefined array key 0
in APPPATH\Libraries\Functions.php on line 47.
 1 APPPATH\Libraries\Functions.php(47): CodeIgniter\Debug\Exceptions->errorHandler(2, 'Undefined array key 0', 'APPPATH\\Libraries\\Functions.php', 47)
 2 APPPATH\Controllers\Users.php(26): App\Libraries\Functions::pagedata()
 3 SYSTEMPATH\CodeIgniter.php(869): App\Controllers\Users->__construct()
 4 SYSTEMPATH\CodeIgniter.php(448): CodeIgniter\CodeIgniter->createController()
 5 SYSTEMPATH\CodeIgniter.php(340): CodeIgniter\CodeIgniter->handleRequest(null, Object(Config\Cache), false)
 6 FCPATH\index.php(68): CodeIgniter\CodeIgniter->run()
CRITICAL - 2022-10-31 13:53:07 --> Undefined array key 0
in APPPATH\Libraries\Functions.php on line 47.
 1 APPPATH\Libraries\Functions.php(47): CodeIgniter\Debug\Exceptions->errorHandler(2, 'Undefined array key 0', 'APPPATH\\Libraries\\Functions.php', 47)
 2 APPPATH\Libraries\Functions.php(17): App\Libraries\Functions::pagedata()
 3 APPPATH\Controllers\Users.php(23): App\Libraries\Functions::check_login()
 4 APPPATH\Controllers\Home.php(16): App\Controllers\Users->__construct()
 5 SYSTEMPATH\CodeIgniter.php(869): App\Controllers\Home->__construct()
 6 SYSTEMPATH\CodeIgniter.php(448): CodeIgniter\CodeIgniter->createController()
 7 SYSTEMPATH\CodeIgniter.php(340): CodeIgniter\CodeIgniter->handleRequest(null, Object(Config\Cache), false)
 8 FCPATH\index.php(68): CodeIgniter\CodeIgniter->run()
CRITICAL - 2022-10-31 13:54:52 --> Undefined array key 0
in APPPATH\Libraries\Functions.php on line 47.
 1 APPPATH\Libraries\Functions.php(47): CodeIgniter\Debug\Exceptions->errorHandler(2, 'Undefined array key 0', 'APPPATH\\Libraries\\Functions.php', 47)
 2 APPPATH\Libraries\Functions.php(17): App\Libraries\Functions::pagedata()
 3 APPPATH\Controllers\Users.php(23): App\Libraries\Functions::check_login()
 4 APPPATH\Controllers\Home.php(16): App\Controllers\Users->__construct()
 5 SYSTEMPATH\CodeIgniter.php(869): App\Controllers\Home->__construct()
 6 SYSTEMPATH\CodeIgniter.php(448): CodeIgniter\CodeIgniter->createController()
 7 SYSTEMPATH\CodeIgniter.php(340): CodeIgniter\CodeIgniter->handleRequest(null, Object(Config\Cache), false)
 8 FCPATH\index.php(68): CodeIgniter\CodeIgniter->run()
CRITICAL - 2022-10-31 13:54:53 --> Undefined array key 0
in APPPATH\Libraries\Functions.php on line 47.
 1 APPPATH\Libraries\Functions.php(47): CodeIgniter\Debug\Exceptions->errorHandler(2, 'Undefined array key 0', 'APPPATH\\Libraries\\Functions.php', 47)
 2 APPPATH\Libraries\Functions.php(17): App\Libraries\Functions::pagedata()
 3 APPPATH\Controllers\Users.php(23): App\Libraries\Functions::check_login()
 4 APPPATH\Controllers\Home.php(16): App\Controllers\Users->__construct()
 5 SYSTEMPATH\CodeIgniter.php(869): App\Controllers\Home->__construct()
 6 SYSTEMPATH\CodeIgniter.php(448): CodeIgniter\CodeIgniter->createController()
 7 SYSTEMPATH\CodeIgniter.php(340): CodeIgniter\CodeIgniter->handleRequest(null, Object(Config\Cache), false)
 8 FCPATH\index.php(68): CodeIgniter\CodeIgniter->run()
CRITICAL - 2022-10-31 13:54:55 --> Undefined array key 0
in APPPATH\Libraries\Functions.php on line 47.
 1 APPPATH\Libraries\Functions.php(47): CodeIgniter\Debug\Exceptions->errorHandler(2, 'Undefined array key 0', 'APPPATH\\Libraries\\Functions.php', 47)
 2 APPPATH\Libraries\Functions.php(17): App\Libraries\Functions::pagedata()
 3 APPPATH\Controllers\Users.php(23): App\Libraries\Functions::check_login()
 4 APPPATH\Controllers\Home.php(16): App\Controllers\Users->__construct()
 5 SYSTEMPATH\CodeIgniter.php(869): App\Controllers\Home->__construct()
 6 SYSTEMPATH\CodeIgniter.php(448): CodeIgniter\CodeIgniter->createController()
 7 SYSTEMPATH\CodeIgniter.php(340): CodeIgniter\CodeIgniter->handleRequest(null, Object(Config\Cache), false)
 8 FCPATH\index.php(68): CodeIgniter\CodeIgniter->run()
CRITICAL - 2022-10-31 13:55:24 --> Undefined array key 0
in APPPATH\Libraries\Functions.php on line 51.
 1 APPPATH\Libraries\Functions.php(51): CodeIgniter\Debug\Exceptions->errorHandler(2, 'Undefined array key 0', 'APPPATH\\Libraries\\Functions.php', 51)
 2 APPPATH\Libraries\Functions.php(17): App\Libraries\Functions::pagedata()
 3 APPPATH\Controllers\Users.php(23): App\Libraries\Functions::check_login()
 4 APPPATH\Controllers\Home.php(16): App\Controllers\Users->__construct()
 5 SYSTEMPATH\CodeIgniter.php(869): App\Controllers\Home->__construct()
 6 SYSTEMPATH\CodeIgniter.php(448): CodeIgniter\CodeIgniter->createController()
 7 SYSTEMPATH\CodeIgniter.php(340): CodeIgniter\CodeIgniter->handleRequest(null, Object(Config\Cache), false)
 8 FCPATH\index.php(68): CodeIgniter\CodeIgniter->run()
CRITICAL - 2022-10-31 13:55:27 --> Undefined array key 0
in APPPATH\Libraries\Functions.php on line 51.
 1 APPPATH\Libraries\Functions.php(51): CodeIgniter\Debug\Exceptions->errorHandler(2, 'Undefined array key 0', 'APPPATH\\Libraries\\Functions.php', 51)
 2 APPPATH\Libraries\Functions.php(17): App\Libraries\Functions::pagedata()
 3 APPPATH\Controllers\Users.php(23): App\Libraries\Functions::check_login()
 4 APPPATH\Controllers\Home.php(16): App\Controllers\Users->__construct()
 5 SYSTEMPATH\CodeIgniter.php(869): App\Controllers\Home->__construct()
 6 SYSTEMPATH\CodeIgniter.php(448): CodeIgniter\CodeIgniter->createController()
 7 SYSTEMPATH\CodeIgniter.php(340): CodeIgniter\CodeIgniter->handleRequest(null, Object(Config\Cache), false)
 8 FCPATH\index.php(68): CodeIgniter\CodeIgniter->run()
CRITICAL - 2022-10-31 13:55:28 --> Undefined array key 0
in APPPATH\Libraries\Functions.php on line 51.
 1 APPPATH\Libraries\Functions.php(51): CodeIgniter\Debug\Exceptions->errorHandler(2, 'Undefined array key 0', 'APPPATH\\Libraries\\Functions.php', 51)
 2 APPPATH\Libraries\Functions.php(17): App\Libraries\Functions::pagedata()
 3 APPPATH\Controllers\Users.php(23): App\Libraries\Functions::check_login()
 4 APPPATH\Controllers\Home.php(16): App\Controllers\Users->__construct()
 5 SYSTEMPATH\CodeIgniter.php(869): App\Controllers\Home->__construct()
 6 SYSTEMPATH\CodeIgniter.php(448): CodeIgniter\CodeIgniter->createController()
 7 SYSTEMPATH\CodeIgniter.php(340): CodeIgniter\CodeIgniter->handleRequest(null, Object(Config\Cache), false)
 8 FCPATH\index.php(68): CodeIgniter\CodeIgniter->run()
CRITICAL - 2022-10-31 13:55:42 --> Undefined variable $image
in APPPATH\Views\partials\sidebar.php on line 5.
 1 APPPATH\Views\partials\sidebar.php(5): CodeIgniter\Debug\Exceptions->errorHandler(2, 'Undefined variable $image', 'APPPATH\\Views\\partials\\sidebar.php', 5)
 2 SYSTEMPATH\View\View.php(213): include('APPPATH\\Views\\partials\\sidebar.php')
 3 SYSTEMPATH\View\View.php(216): CodeIgniter\View\View->CodeIgniter\View\{closure}()
 4 SYSTEMPATH\View\View.php(429): CodeIgniter\View\View->render('partials/sidebar', null, true)
 5 APPPATH\Views\default.php(17): CodeIgniter\View\View->include('partials/sidebar')
 6 SYSTEMPATH\View\View.php(213): include('APPPATH\\Views\\default.php')
 7 SYSTEMPATH\View\View.php(216): CodeIgniter\View\View->CodeIgniter\View\{closure}()
 8 SYSTEMPATH\View\View.php(229): CodeIgniter\View\View->render('default', [], true)
 9 SYSTEMPATH\Common.php(1142): CodeIgniter\View\View->render('adminDashbord', [], true)
10 APPPATH\Libraries\Functions.php(18): view('adminDashbord', [...])
11 APPPATH\Controllers\Users.php(23): App\Libraries\Functions::check_login()
12 APPPATH\Controllers\Home.php(16): App\Controllers\Users->__construct()
13 SYSTEMPATH\CodeIgniter.php(869): App\Controllers\Home->__construct()
14 SYSTEMPATH\CodeIgniter.php(448): CodeIgniter\CodeIgniter->createController()
15 SYSTEMPATH\CodeIgniter.php(340): CodeIgniter\CodeIgniter->handleRequest(null, Object(Config\Cache), false)
16 FCPATH\index.php(68): CodeIgniter\CodeIgniter->run()
CRITICAL - 2022-10-31 13:55:44 --> Undefined variable $image
in APPPATH\Views\partials\sidebar.php on line 5.
 1 APPPATH\Views\partials\sidebar.php(5): CodeIgniter\Debug\Exceptions->errorHandler(2, 'Undefined variable $image', 'APPPATH\\Views\\partials\\sidebar.php', 5)
 2 SYSTEMPATH\View\View.php(213): include('APPPATH\\Views\\partials\\sidebar.php')
 3 SYSTEMPATH\View\View.php(216): CodeIgniter\View\View->CodeIgniter\View\{closure}()
 4 SYSTEMPATH\View\View.php(429): CodeIgniter\View\View->render('partials/sidebar', null, true)
 5 APPPATH\Views\default.php(17): CodeIgniter\View\View->include('partials/sidebar')
 6 SYSTEMPATH\View\View.php(213): include('APPPATH\\Views\\default.php')
 7 SYSTEMPATH\View\View.php(216): CodeIgniter\View\View->CodeIgniter\View\{closure}()
 8 SYSTEMPATH\View\View.php(229): CodeIgniter\View\View->render('default', [], true)
 9 SYSTEMPATH\Common.php(1142): CodeIgniter\View\View->render('adminDashbord', [], true)
10 APPPATH\Libraries\Functions.php(18): view('adminDashbord', [...])
11 APPPATH\Controllers\Users.php(23): App\Libraries\Functions::check_login()
12 APPPATH\Controllers\Home.php(16): App\Controllers\Users->__construct()
13 SYSTEMPATH\CodeIgniter.php(869): App\Controllers\Home->__construct()
14 SYSTEMPATH\CodeIgniter.php(448): CodeIgniter\CodeIgniter->createController()
15 SYSTEMPATH\CodeIgniter.php(340): CodeIgniter\CodeIgniter->handleRequest(null, Object(Config\Cache), false)
16 FCPATH\index.php(68): CodeIgniter\CodeIgniter->run()
CRITICAL - 2022-10-31 13:55:47 --> Undefined variable $image
in APPPATH\Views\partials\sidebar.php on line 5.
 1 APPPATH\Views\partials\sidebar.php(5): CodeIgniter\Debug\Exceptions->errorHandler(2, 'Undefined variable $image', 'APPPATH\\Views\\partials\\sidebar.php', 5)
 2 SYSTEMPATH\View\View.php(213): include('APPPATH\\Views\\partials\\sidebar.php')
 3 SYSTEMPATH\View\View.php(216): CodeIgniter\View\View->CodeIgniter\View\{closure}()
 4 SYSTEMPATH\View\View.php(429): CodeIgniter\View\View->render('partials/sidebar', null, true)
 5 APPPATH\Views\default.php(17): CodeIgniter\View\View->include('partials/sidebar')
 6 SYSTEMPATH\View\View.php(213): include('APPPATH\\Views\\default.php')
 7 SYSTEMPATH\View\View.php(216): CodeIgniter\View\View->CodeIgniter\View\{closure}()
 8 SYSTEMPATH\View\View.php(229): CodeIgniter\View\View->render('default', [], true)
 9 SYSTEMPATH\Common.php(1142): CodeIgniter\View\View->render('adminDashbord', [], true)
10 APPPATH\Libraries\Functions.php(18): view('adminDashbord', [...])
11 APPPATH\Controllers\Users.php(23): App\Libraries\Functions::check_login()
12 APPPATH\Controllers\Home.php(16): App\Controllers\Users->__construct()
13 SYSTEMPATH\CodeIgniter.php(869): App\Controllers\Home->__construct()
14 SYSTEMPATH\CodeIgniter.php(448): CodeIgniter\CodeIgniter->createController()
15 SYSTEMPATH\CodeIgniter.php(340): CodeIgniter\CodeIgniter->handleRequest(null, Object(Config\Cache), false)
16 FCPATH\index.php(68): CodeIgniter\CodeIgniter->run()
CRITICAL - 2022-10-31 13:55:47 --> Undefined variable $image
in APPPATH\Views\partials\sidebar.php on line 5.
 1 APPPATH\Views\partials\sidebar.php(5): CodeIgniter\Debug\Exceptions->errorHandler(2, 'Undefined variable $image', 'APPPATH\\Views\\partials\\sidebar.php', 5)
 2 SYSTEMPATH\View\View.php(213): include('APPPATH\\Views\\partials\\sidebar.php')
 3 SYSTEMPATH\View\View.php(216): CodeIgniter\View\View->CodeIgniter\View\{closure}()
 4 SYSTEMPATH\View\View.php(429): CodeIgniter\View\View->render('partials/sidebar', null, true)
 5 APPPATH\Views\default.php(17): CodeIgniter\View\View->include('partials/sidebar')
 6 SYSTEMPATH\View\View.php(213): include('APPPATH\\Views\\default.php')
 7 SYSTEMPATH\View\View.php(216): CodeIgniter\View\View->CodeIgniter\View\{closure}()
 8 SYSTEMPATH\View\View.php(229): CodeIgniter\View\View->render('default', [], true)
 9 SYSTEMPATH\Common.php(1142): CodeIgniter\View\View->render('adminDashbord', [], true)
10 APPPATH\Libraries\Functions.php(18): view('adminDashbord', [...])
11 APPPATH\Controllers\Users.php(23): App\Libraries\Functions::check_login()
12 APPPATH\Controllers\Home.php(16): App\Controllers\Users->__construct()
13 SYSTEMPATH\CodeIgniter.php(869): App\Controllers\Home->__construct()
14 SYSTEMPATH\CodeIgniter.php(448): CodeIgniter\CodeIgniter->createController()
15 SYSTEMPATH\CodeIgniter.php(340): CodeIgniter\CodeIgniter->handleRequest(null, Object(Config\Cache), false)
16 FCPATH\index.php(68): CodeIgniter\CodeIgniter->run()
CRITICAL - 2022-10-31 13:57:09 --> Undefined variable $image
in APPPATH\Views\partials\sidebar.php on line 5.
 1 APPPATH\Views\partials\sidebar.php(5): CodeIgniter\Debug\Exceptions->errorHandler(2, 'Undefined variable $image', 'APPPATH\\Views\\partials\\sidebar.php', 5)
 2 SYSTEMPATH\View\View.php(213): include('APPPATH\\Views\\partials\\sidebar.php')
 3 SYSTEMPATH\View\View.php(216): CodeIgniter\View\View->CodeIgniter\View\{closure}()
 4 SYSTEMPATH\View\View.php(429): CodeIgniter\View\View->render('partials/sidebar', null, true)
 5 APPPATH\Views\default.php(17): CodeIgniter\View\View->include('partials/sidebar')
 6 SYSTEMPATH\View\View.php(213): include('APPPATH\\Views\\default.php')
 7 SYSTEMPATH\View\View.php(216): CodeIgniter\View\View->CodeIgniter\View\{closure}()
 8 SYSTEMPATH\View\View.php(229): CodeIgniter\View\View->render('default', [], true)
 9 SYSTEMPATH\Common.php(1142): CodeIgniter\View\View->render('adminDashbord', [], true)
10 APPPATH\Libraries\Functions.php(18): view('adminDashbord', [...])
11 APPPATH\Controllers\Users.php(23): App\Libraries\Functions::check_login()
12 APPPATH\Controllers\Home.php(16): App\Controllers\Users->__construct()
13 SYSTEMPATH\CodeIgniter.php(869): App\Controllers\Home->__construct()
14 SYSTEMPATH\CodeIgniter.php(448): CodeIgniter\CodeIgniter->createController()
15 SYSTEMPATH\CodeIgniter.php(340): CodeIgniter\CodeIgniter->handleRequest(null, Object(Config\Cache), false)
16 FCPATH\index.php(68): CodeIgniter\CodeIgniter->run()
CRITICAL - 2022-10-31 13:57:10 --> Undefined variable $image
in APPPATH\Views\partials\sidebar.php on line 5.
 1 APPPATH\Views\partials\sidebar.php(5): CodeIgniter\Debug\Exceptions->errorHandler(2, 'Undefined variable $image', 'APPPATH\\Views\\partials\\sidebar.php', 5)
 2 SYSTEMPATH\View\View.php(213): include('APPPATH\\Views\\partials\\sidebar.php')
 3 SYSTEMPATH\View\View.php(216): CodeIgniter\View\View->CodeIgniter\View\{closure}()
 4 SYSTEMPATH\View\View.php(429): CodeIgniter\View\View->render('partials/sidebar', null, true)
 5 APPPATH\Views\default.php(17): CodeIgniter\View\View->include('partials/sidebar')
 6 SYSTEMPATH\View\View.php(213): include('APPPATH\\Views\\default.php')
 7 SYSTEMPATH\View\View.php(216): CodeIgniter\View\View->CodeIgniter\View\{closure}()
 8 SYSTEMPATH\View\View.php(229): CodeIgniter\View\View->render('default', [], true)
 9 SYSTEMPATH\Common.php(1142): CodeIgniter\View\View->render('adminDashbord', [], true)
10 APPPATH\Libraries\Functions.php(18): view('adminDashbord', [...])
11 APPPATH\Controllers\Users.php(23): App\Libraries\Functions::check_login()
12 APPPATH\Controllers\Home.php(16): App\Controllers\Users->__construct()
13 SYSTEMPATH\CodeIgniter.php(869): App\Controllers\Home->__construct()
14 SYSTEMPATH\CodeIgniter.php(448): CodeIgniter\CodeIgniter->createController()
15 SYSTEMPATH\CodeIgniter.php(340): CodeIgniter\CodeIgniter->handleRequest(null, Object(Config\Cache), false)
16 FCPATH\index.php(68): CodeIgniter\CodeIgniter->run()
CRITICAL - 2022-10-31 13:57:11 --> Undefined variable $image
in APPPATH\Views\partials\sidebar.php on line 5.
 1 APPPATH\Views\partials\sidebar.php(5): CodeIgniter\Debug\Exceptions->errorHandler(2, 'Undefined variable $image', 'APPPATH\\Views\\partials\\sidebar.php', 5)
 2 SYSTEMPATH\View\View.php(213): include('APPPATH\\Views\\partials\\sidebar.php')
 3 SYSTEMPATH\View\View.php(216): CodeIgniter\View\View->CodeIgniter\View\{closure}()
 4 SYSTEMPATH\View\View.php(429): CodeIgniter\View\View->render('partials/sidebar', null, true)
 5 APPPATH\Views\default.php(17): CodeIgniter\View\View->include('partials/sidebar')
 6 SYSTEMPATH\View\View.php(213): include('APPPATH\\Views\\default.php')
 7 SYSTEMPATH\View\View.php(216): CodeIgniter\View\View->CodeIgniter\View\{closure}()
 8 SYSTEMPATH\View\View.php(229): CodeIgniter\View\View->render('default', [], true)
 9 SYSTEMPATH\Common.php(1142): CodeIgniter\View\View->render('adminDashbord', [], true)
10 APPPATH\Libraries\Functions.php(18): view('adminDashbord', [...])
11 APPPATH\Controllers\Users.php(23): App\Libraries\Functions::check_login()
12 APPPATH\Controllers\Home.php(16): App\Controllers\Users->__construct()
13 SYSTEMPATH\CodeIgniter.php(869): App\Controllers\Home->__construct()
14 SYSTEMPATH\CodeIgniter.php(448): CodeIgniter\CodeIgniter->createController()
15 SYSTEMPATH\CodeIgniter.php(340): CodeIgniter\CodeIgniter->handleRequest(null, Object(Config\Cache), false)
16 FCPATH\index.php(68): CodeIgniter\CodeIgniter->run()
CRITICAL - 2022-10-31 13:57:14 --> Undefined variable $image
in APPPATH\Views\partials\sidebar.php on line 5.
 1 APPPATH\Views\partials\sidebar.php(5): CodeIgniter\Debug\Exceptions->errorHandler(2, 'Undefined variable $image', 'APPPATH\\Views\\partials\\sidebar.php', 5)
 2 SYSTEMPATH\View\View.php(213): include('APPPATH\\Views\\partials\\sidebar.php')
 3 SYSTEMPATH\View\View.php(216): CodeIgniter\View\View->CodeIgniter\View\{closure}()
 4 SYSTEMPATH\View\View.php(429): CodeIgniter\View\View->render('partials/sidebar', null, true)
 5 APPPATH\Views\default.php(17): CodeIgniter\View\View->include('partials/sidebar')
 6 SYSTEMPATH\View\View.php(213): include('APPPATH\\Views\\default.php')
 7 SYSTEMPATH\View\View.php(216): CodeIgniter\View\View->CodeIgniter\View\{closure}()
 8 SYSTEMPATH\View\View.php(229): CodeIgniter\View\View->render('default', [], true)
 9 SYSTEMPATH\Common.php(1142): CodeIgniter\View\View->render('adminDashbord', [], true)
10 APPPATH\Libraries\Functions.php(18): view('adminDashbord', [...])
11 APPPATH\Controllers\Users.php(23): App\Libraries\Functions::check_login()
12 APPPATH\Controllers\Home.php(16): App\Controllers\Users->__construct()
13 SYSTEMPATH\CodeIgniter.php(869): App\Controllers\Home->__construct()
14 SYSTEMPATH\CodeIgniter.php(448): CodeIgniter\CodeIgniter->createController()
15 SYSTEMPATH\CodeIgniter.php(340): CodeIgniter\CodeIgniter->handleRequest(null, Object(Config\Cache), false)
16 FCPATH\index.php(68): CodeIgniter\CodeIgniter->run()
CRITICAL - 2022-10-31 13:57:15 --> Undefined variable $image
in APPPATH\Views\partials\sidebar.php on line 5.
 1 APPPATH\Views\partials\sidebar.php(5): CodeIgniter\Debug\Exceptions->errorHandler(2, 'Undefined variable $image', 'APPPATH\\Views\\partials\\sidebar.php', 5)
 2 SYSTEMPATH\View\View.php(213): include('APPPATH\\Views\\partials\\sidebar.php')
 3 SYSTEMPATH\View\View.php(216): CodeIgniter\View\View->CodeIgniter\View\{closure}()
 4 SYSTEMPATH\View\View.php(429): CodeIgniter\View\View->render('partials/sidebar', null, true)
 5 APPPATH\Views\default.php(17): CodeIgniter\View\View->include('partials/sidebar')
 6 SYSTEMPATH\View\View.php(213): include('APPPATH\\Views\\default.php')
 7 SYSTEMPATH\View\View.php(216): CodeIgniter\View\View->CodeIgniter\View\{closure}()
 8 SYSTEMPATH\View\View.php(229): CodeIgniter\View\View->render('default', [], true)
 9 SYSTEMPATH\Common.php(1142): CodeIgniter\View\View->render('adminDashbord', [], true)
10 APPPATH\Libraries\Functions.php(18): view('adminDashbord', [...])
11 APPPATH\Controllers\Users.php(23): App\Libraries\Functions::check_login()
12 APPPATH\Controllers\Home.php(16): App\Controllers\Users->__construct()
13 SYSTEMPATH\CodeIgniter.php(869): App\Controllers\Home->__construct()
14 SYSTEMPATH\CodeIgniter.php(448): CodeIgniter\CodeIgniter->createController()
15 SYSTEMPATH\CodeIgniter.php(340): CodeIgniter\CodeIgniter->handleRequest(null, Object(Config\Cache), false)
16 FCPATH\index.php(68): CodeIgniter\CodeIgniter->run()
CRITICAL - 2022-10-31 13:57:32 --> Undefined array key 0
in APPPATH\Libraries\Functions.php on line 52.
 1 APPPATH\Libraries\Functions.php(52): CodeIgniter\Debug\Exceptions->errorHandler(2, 'Undefined array key 0', 'APPPATH\\Libraries\\Functions.php', 52)
 2 APPPATH\Libraries\Functions.php(17): App\Libraries\Functions::pagedata()
 3 APPPATH\Controllers\Users.php(23): App\Libraries\Functions::check_login()
 4 APPPATH\Controllers\Home.php(16): App\Controllers\Users->__construct()
 5 SYSTEMPATH\CodeIgniter.php(869): App\Controllers\Home->__construct()
 6 SYSTEMPATH\CodeIgniter.php(448): CodeIgniter\CodeIgniter->createController()
 7 SYSTEMPATH\CodeIgniter.php(340): CodeIgniter\CodeIgniter->handleRequest(null, Object(Config\Cache), false)
 8 FCPATH\index.php(68): CodeIgniter\CodeIgniter->run()
CRITICAL - 2022-10-31 13:58:27 --> Undefined array key 0
in APPPATH\Libraries\Functions.php on line 51.
 1 APPPATH\Libraries\Functions.php(51): CodeIgniter\Debug\Exceptions->errorHandler(2, 'Undefined array key 0', 'APPPATH\\Libraries\\Functions.php', 51)
 2 APPPATH\Libraries\Functions.php(17): App\Libraries\Functions::pagedata()
 3 APPPATH\Controllers\Users.php(23): App\Libraries\Functions::check_login()
 4 APPPATH\Controllers\Home.php(16): App\Controllers\Users->__construct()
 5 SYSTEMPATH\CodeIgniter.php(869): App\Controllers\Home->__construct()
 6 SYSTEMPATH\CodeIgniter.php(448): CodeIgniter\CodeIgniter->createController()
 7 SYSTEMPATH\CodeIgniter.php(340): CodeIgniter\CodeIgniter->handleRequest(null, Object(Config\Cache), false)
 8 FCPATH\index.php(68): CodeIgniter\CodeIgniter->run()
CRITICAL - 2022-10-31 14:00:23 --> Call to undefined method App\Models\UsersModel::getRow
in SYSTEMPATH\Model.php on line 774.
 1 APPPATH\Libraries\Functions.php(27): CodeIgniter\Model->__call('getRow', [])
 2 APPPATH\Libraries\Functions.php(17): App\Libraries\Functions::pagedata()
 3 APPPATH\Controllers\Users.php(23): App\Libraries\Functions::check_login()
 4 APPPATH\Controllers\Home.php(16): App\Controllers\Users->__construct()
 5 SYSTEMPATH\CodeIgniter.php(869): App\Controllers\Home->__construct()
 6 SYSTEMPATH\CodeIgniter.php(448): CodeIgniter\CodeIgniter->createController()
 7 SYSTEMPATH\CodeIgniter.php(340): CodeIgniter\CodeIgniter->handleRequest(null, Object(Config\Cache), false)
 8 FCPATH\index.php(68): CodeIgniter\CodeIgniter->run()
CRITICAL - 2022-10-31 14:02:56 --> Call to undefined method App\Models\UsersModel::getFirstRow
in SYSTEMPATH\Model.php on line 774.
 1 APPPATH\Libraries\Functions.php(28): CodeIgniter\Model->__call('getFirstRow', [...])
 2 APPPATH\Libraries\Functions.php(17): App\Libraries\Functions::pagedata()
 3 APPPATH\Controllers\Users.php(23): App\Libraries\Functions::check_login()
 4 APPPATH\Controllers\Home.php(16): App\Controllers\Users->__construct()
 5 SYSTEMPATH\CodeIgniter.php(869): App\Controllers\Home->__construct()
 6 SYSTEMPATH\CodeIgniter.php(448): CodeIgniter\CodeIgniter->createController()
 7 SYSTEMPATH\CodeIgniter.php(340): CodeIgniter\CodeIgniter->handleRequest(null, Object(Config\Cache), false)
 8 FCPATH\index.php(68): CodeIgniter\CodeIgniter->run()
CRITICAL - 2022-10-31 14:03:27 --> Call to undefined method App\Models\UsersModel::getRowArray
in SYSTEMPATH\Model.php on line 774.
 1 APPPATH\Libraries\Functions.php(28): CodeIgniter\Model->__call('getRowArray', [...])
 2 APPPATH\Libraries\Functions.php(17): App\Libraries\Functions::pagedata()
 3 APPPATH\Controllers\Users.php(23): App\Libraries\Functions::check_login()
 4 APPPATH\Controllers\Home.php(16): App\Controllers\Users->__construct()
 5 SYSTEMPATH\CodeIgniter.php(869): App\Controllers\Home->__construct()
 6 SYSTEMPATH\CodeIgniter.php(448): CodeIgniter\CodeIgniter->createController()
 7 SYSTEMPATH\CodeIgniter.php(340): CodeIgniter\CodeIgniter->handleRequest(null, Object(Config\Cache), false)
 8 FCPATH\index.php(68): CodeIgniter\CodeIgniter->run()
CRITICAL - 2022-10-31 14:03:28 --> Call to undefined method App\Models\UsersModel::getRowArray
in SYSTEMPATH\Model.php on line 774.
 1 APPPATH\Libraries\Functions.php(28): CodeIgniter\Model->__call('getRowArray', [...])
 2 APPPATH\Libraries\Functions.php(17): App\Libraries\Functions::pagedata()
 3 APPPATH\Controllers\Users.php(23): App\Libraries\Functions::check_login()
 4 APPPATH\Controllers\Home.php(16): App\Controllers\Users->__construct()
 5 SYSTEMPATH\CodeIgniter.php(869): App\Controllers\Home->__construct()
 6 SYSTEMPATH\CodeIgniter.php(448): CodeIgniter\CodeIgniter->createController()
 7 SYSTEMPATH\CodeIgniter.php(340): CodeIgniter\CodeIgniter->handleRequest(null, Object(Config\Cache), false)
 8 FCPATH\index.php(68): CodeIgniter\CodeIgniter->run()
CRITICAL - 2022-10-31 14:03:28 --> Call to undefined method App\Models\UsersModel::getRowArray
in SYSTEMPATH\Model.php on line 774.
 1 APPPATH\Libraries\Functions.php(28): CodeIgniter\Model->__call('getRowArray', [...])
 2 APPPATH\Libraries\Functions.php(17): App\Libraries\Functions::pagedata()
 3 APPPATH\Controllers\Users.php(23): App\Libraries\Functions::check_login()
 4 APPPATH\Controllers\Home.php(16): App\Controllers\Users->__construct()
 5 SYSTEMPATH\CodeIgniter.php(869): App\Controllers\Home->__construct()
 6 SYSTEMPATH\CodeIgniter.php(448): CodeIgniter\CodeIgniter->createController()
 7 SYSTEMPATH\CodeIgniter.php(340): CodeIgniter\CodeIgniter->handleRequest(null, Object(Config\Cache), false)
 8 FCPATH\index.php(68): CodeIgniter\CodeIgniter->run()
CRITICAL - 2022-10-31 14:03:28 --> Call to undefined method App\Models\UsersModel::getRowArray
in SYSTEMPATH\Model.php on line 774.
 1 APPPATH\Libraries\Functions.php(28): CodeIgniter\Model->__call('getRowArray', [...])
 2 APPPATH\Libraries\Functions.php(17): App\Libraries\Functions::pagedata()
 3 APPPATH\Controllers\Users.php(23): App\Libraries\Functions::check_login()
 4 APPPATH\Controllers\Home.php(16): App\Controllers\Users->__construct()
 5 SYSTEMPATH\CodeIgniter.php(869): App\Controllers\Home->__construct()
 6 SYSTEMPATH\CodeIgniter.php(448): CodeIgniter\CodeIgniter->createController()
 7 SYSTEMPATH\CodeIgniter.php(340): CodeIgniter\CodeIgniter->handleRequest(null, Object(Config\Cache), false)
 8 FCPATH\index.php(68): CodeIgniter\CodeIgniter->run()
CRITICAL - 2022-10-31 14:08:42 --> Undefined variable $image
in APPPATH\Views\partials\sidebar.php on line 5.
 1 APPPATH\Views\partials\sidebar.php(5): CodeIgniter\Debug\Exceptions->errorHandler(2, 'Undefined variable $image', 'APPPATH\\Views\\partials\\sidebar.php', 5)
 2 SYSTEMPATH\View\View.php(213): include('APPPATH\\Views\\partials\\sidebar.php')
 3 SYSTEMPATH\View\View.php(216): CodeIgniter\View\View->CodeIgniter\View\{closure}()
 4 SYSTEMPATH\View\View.php(429): CodeIgniter\View\View->render('partials/sidebar', null, true)
 5 APPPATH\Views\default.php(17): CodeIgniter\View\View->include('partials/sidebar')
 6 SYSTEMPATH\View\View.php(213): include('APPPATH\\Views\\default.php')
 7 SYSTEMPATH\View\View.php(216): CodeIgniter\View\View->CodeIgniter\View\{closure}()
 8 SYSTEMPATH\View\View.php(229): CodeIgniter\View\View->render('default', [], true)
 9 SYSTEMPATH\Common.php(1142): CodeIgniter\View\View->render('adminDashbord', [], true)
10 APPPATH\Libraries\Functions.php(18): view('adminDashbord', [...])
11 APPPATH\Controllers\Users.php(23): App\Libraries\Functions::check_login()
12 APPPATH\Controllers\Home.php(16): App\Controllers\Users->__construct()
13 SYSTEMPATH\CodeIgniter.php(869): App\Controllers\Home->__construct()
14 SYSTEMPATH\CodeIgniter.php(448): CodeIgniter\CodeIgniter->createController()
15 SYSTEMPATH\CodeIgniter.php(340): CodeIgniter\CodeIgniter->handleRequest(null, Object(Config\Cache), false)
16 FCPATH\index.php(68): CodeIgniter\CodeIgniter->run()
CRITICAL - 2022-10-31 14:08:44 --> Undefined variable $image
in APPPATH\Views\partials\sidebar.php on line 5.
 1 APPPATH\Views\partials\sidebar.php(5): CodeIgniter\Debug\Exceptions->errorHandler(2, 'Undefined variable $image', 'APPPATH\\Views\\partials\\sidebar.php', 5)
 2 SYSTEMPATH\View\View.php(213): include('APPPATH\\Views\\partials\\sidebar.php')
 3 SYSTEMPATH\View\View.php(216): CodeIgniter\View\View->CodeIgniter\View\{closure}()
 4 SYSTEMPATH\View\View.php(429): CodeIgniter\View\View->render('partials/sidebar', null, true)
 5 APPPATH\Views\default.php(17): CodeIgniter\View\View->include('partials/sidebar')
 6 SYSTEMPATH\View\View.php(213): include('APPPATH\\Views\\default.php')
 7 SYSTEMPATH\View\View.php(216): CodeIgniter\View\View->CodeIgniter\View\{closure}()
 8 SYSTEMPATH\View\View.php(229): CodeIgniter\View\View->render('default', [], true)
 9 SYSTEMPATH\Common.php(1142): CodeIgniter\View\View->render('adminDashbord', [], true)
10 APPPATH\Libraries\Functions.php(18): view('adminDashbord', [...])
11 APPPATH\Controllers\Users.php(23): App\Libraries\Functions::check_login()
12 APPPATH\Controllers\Home.php(16): App\Controllers\Users->__construct()
13 SYSTEMPATH\CodeIgniter.php(869): App\Controllers\Home->__construct()
14 SYSTEMPATH\CodeIgniter.php(448): CodeIgniter\CodeIgniter->createController()
15 SYSTEMPATH\CodeIgniter.php(340): CodeIgniter\CodeIgniter->handleRequest(null, Object(Config\Cache), false)
16 FCPATH\index.php(68): CodeIgniter\CodeIgniter->run()
CRITICAL - 2022-10-31 14:08:44 --> Undefined variable $image
in APPPATH\Views\partials\sidebar.php on line 5.
 1 APPPATH\Views\partials\sidebar.php(5): CodeIgniter\Debug\Exceptions->errorHandler(2, 'Undefined variable $image', 'APPPATH\\Views\\partials\\sidebar.php', 5)
 2 SYSTEMPATH\View\View.php(213): include('APPPATH\\Views\\partials\\sidebar.php')
 3 SYSTEMPATH\View\View.php(216): CodeIgniter\View\View->CodeIgniter\View\{closure}()
 4 SYSTEMPATH\View\View.php(429): CodeIgniter\View\View->render('partials/sidebar', null, true)
 5 APPPATH\Views\default.php(17): CodeIgniter\View\View->include('partials/sidebar')
 6 SYSTEMPATH\View\View.php(213): include('APPPATH\\Views\\default.php')
 7 SYSTEMPATH\View\View.php(216): CodeIgniter\View\View->CodeIgniter\View\{closure}()
 8 SYSTEMPATH\View\View.php(229): CodeIgniter\View\View->render('default', [], true)
 9 SYSTEMPATH\Common.php(1142): CodeIgniter\View\View->render('adminDashbord', [], true)
10 APPPATH\Libraries\Functions.php(18): view('adminDashbord', [...])
11 APPPATH\Controllers\Users.php(23): App\Libraries\Functions::check_login()
12 APPPATH\Controllers\Home.php(16): App\Controllers\Users->__construct()
13 SYSTEMPATH\CodeIgniter.php(869): App\Controllers\Home->__construct()
14 SYSTEMPATH\CodeIgniter.php(448): CodeIgniter\CodeIgniter->createController()
15 SYSTEMPATH\CodeIgniter.php(340): CodeIgniter\CodeIgniter->handleRequest(null, Object(Config\Cache), false)
16 FCPATH\index.php(68): CodeIgniter\CodeIgniter->run()
CRITICAL - 2022-10-31 14:08:45 --> Undefined variable $image
in APPPATH\Views\partials\sidebar.php on line 5.
 1 APPPATH\Views\partials\sidebar.php(5): CodeIgniter\Debug\Exceptions->errorHandler(2, 'Undefined variable $image', 'APPPATH\\Views\\partials\\sidebar.php', 5)
 2 SYSTEMPATH\View\View.php(213): include('APPPATH\\Views\\partials\\sidebar.php')
 3 SYSTEMPATH\View\View.php(216): CodeIgniter\View\View->CodeIgniter\View\{closure}()
 4 SYSTEMPATH\View\View.php(429): CodeIgniter\View\View->render('partials/sidebar', null, true)
 5 APPPATH\Views\default.php(17): CodeIgniter\View\View->include('partials/sidebar')
 6 SYSTEMPATH\View\View.php(213): include('APPPATH\\Views\\default.php')
 7 SYSTEMPATH\View\View.php(216): CodeIgniter\View\View->CodeIgniter\View\{closure}()
 8 SYSTEMPATH\View\View.php(229): CodeIgniter\View\View->render('default', [], true)
 9 SYSTEMPATH\Common.php(1142): CodeIgniter\View\View->render('adminDashbord', [], true)
10 APPPATH\Libraries\Functions.php(18): view('adminDashbord', [...])
11 APPPATH\Controllers\Users.php(23): App\Libraries\Functions::check_login()
12 APPPATH\Controllers\Home.php(16): App\Controllers\Users->__construct()
13 SYSTEMPATH\CodeIgniter.php(869): App\Controllers\Home->__construct()
14 SYSTEMPATH\CodeIgniter.php(448): CodeIgniter\CodeIgniter->createController()
15 SYSTEMPATH\CodeIgniter.php(340): CodeIgniter\CodeIgniter->handleRequest(null, Object(Config\Cache), false)
16 FCPATH\index.php(68): CodeIgniter\CodeIgniter->run()
CRITICAL - 2022-10-31 14:11:06 --> foreach() argument must be of type array|object, null given
in APPPATH\Libraries\Functions.php on line 52.
 1 APPPATH\Libraries\Functions.php(52): CodeIgniter\Debug\Exceptions->errorHandler(2, 'foreach() argument must be of type array|object, null given', 'APPPATH\\Libraries\\Functions.php', 52)
 2 APPPATH\Libraries\Functions.php(17): App\Libraries\Functions::pagedata()
 3 APPPATH\Controllers\Users.php(23): App\Libraries\Functions::check_login()
 4 APPPATH\Controllers\Home.php(16): App\Controllers\Users->__construct()
 5 SYSTEMPATH\CodeIgniter.php(869): App\Controllers\Home->__construct()
 6 SYSTEMPATH\CodeIgniter.php(448): CodeIgniter\CodeIgniter->createController()
 7 SYSTEMPATH\CodeIgniter.php(340): CodeIgniter\CodeIgniter->handleRequest(null, Object(Config\Cache), false)
 8 FCPATH\index.php(68): CodeIgniter\CodeIgniter->run()
CRITICAL - 2022-10-31 14:11:19 --> array_merge(): Argument #2 must be of type array, null given
in APPPATH\Libraries\Functions.php on line 52.
 1 APPPATH\Libraries\Functions.php(52): array_merge([...], null)
 2 APPPATH\Libraries\Functions.php(17): App\Libraries\Functions::pagedata()
 3 APPPATH\Controllers\Users.php(23): App\Libraries\Functions::check_login()
 4 APPPATH\Controllers\Home.php(16): App\Controllers\Users->__construct()
 5 SYSTEMPATH\CodeIgniter.php(869): App\Controllers\Home->__construct()
 6 SYSTEMPATH\CodeIgniter.php(448): CodeIgniter\CodeIgniter->createController()
 7 SYSTEMPATH\CodeIgniter.php(340): CodeIgniter\CodeIgniter->handleRequest(null, Object(Config\Cache), false)
 8 FCPATH\index.php(68): CodeIgniter\CodeIgniter->run()
CRITICAL - 2022-10-31 14:11:56 --> Undefined variable $image
in APPPATH\Views\partials\sidebar.php on line 5.
 1 APPPATH\Views\partials\sidebar.php(5): CodeIgniter\Debug\Exceptions->errorHandler(2, 'Undefined variable $image', 'APPPATH\\Views\\partials\\sidebar.php', 5)
 2 SYSTEMPATH\View\View.php(213): include('APPPATH\\Views\\partials\\sidebar.php')
 3 SYSTEMPATH\View\View.php(216): CodeIgniter\View\View->CodeIgniter\View\{closure}()
 4 SYSTEMPATH\View\View.php(429): CodeIgniter\View\View->render('partials/sidebar', null, true)
 5 APPPATH\Views\default.php(17): CodeIgniter\View\View->include('partials/sidebar')
 6 SYSTEMPATH\View\View.php(213): include('APPPATH\\Views\\default.php')
 7 SYSTEMPATH\View\View.php(216): CodeIgniter\View\View->CodeIgniter\View\{closure}()
 8 SYSTEMPATH\View\View.php(229): CodeIgniter\View\View->render('default', [], true)
 9 SYSTEMPATH\Common.php(1142): CodeIgniter\View\View->render('adminDashbord', [], true)
10 APPPATH\Libraries\Functions.php(18): view('adminDashbord', [...])
11 APPPATH\Controllers\Users.php(23): App\Libraries\Functions::check_login()
12 APPPATH\Controllers\Home.php(16): App\Controllers\Users->__construct()
13 SYSTEMPATH\CodeIgniter.php(869): App\Controllers\Home->__construct()
14 SYSTEMPATH\CodeIgniter.php(448): CodeIgniter\CodeIgniter->createController()
15 SYSTEMPATH\CodeIgniter.php(340): CodeIgniter\CodeIgniter->handleRequest(null, Object(Config\Cache), false)
16 FCPATH\index.php(68): CodeIgniter\CodeIgniter->run()
CRITICAL - 2022-10-31 14:11:58 --> Undefined variable $image
in APPPATH\Views\partials\sidebar.php on line 5.
 1 APPPATH\Views\partials\sidebar.php(5): CodeIgniter\Debug\Exceptions->errorHandler(2, 'Undefined variable $image', 'APPPATH\\Views\\partials\\sidebar.php', 5)
 2 SYSTEMPATH\View\View.php(213): include('APPPATH\\Views\\partials\\sidebar.php')
 3 SYSTEMPATH\View\View.php(216): CodeIgniter\View\View->CodeIgniter\View\{closure}()
 4 SYSTEMPATH\View\View.php(429): CodeIgniter\View\View->render('partials/sidebar', null, true)
 5 APPPATH\Views\default.php(17): CodeIgniter\View\View->include('partials/sidebar')
 6 SYSTEMPATH\View\View.php(213): include('APPPATH\\Views\\default.php')
 7 SYSTEMPATH\View\View.php(216): CodeIgniter\View\View->CodeIgniter\View\{closure}()
 8 SYSTEMPATH\View\View.php(229): CodeIgniter\View\View->render('default', [], true)
 9 SYSTEMPATH\Common.php(1142): CodeIgniter\View\View->render('adminDashbord', [], true)
10 APPPATH\Libraries\Functions.php(18): view('adminDashbord', [...])
11 APPPATH\Controllers\Users.php(23): App\Libraries\Functions::check_login()
12 APPPATH\Controllers\Home.php(16): App\Controllers\Users->__construct()
13 SYSTEMPATH\CodeIgniter.php(869): App\Controllers\Home->__construct()
14 SYSTEMPATH\CodeIgniter.php(448): CodeIgniter\CodeIgniter->createController()
15 SYSTEMPATH\CodeIgniter.php(340): CodeIgniter\CodeIgniter->handleRequest(null, Object(Config\Cache), false)
16 FCPATH\index.php(68): CodeIgniter\CodeIgniter->run()
CRITICAL - 2022-10-31 14:11:59 --> Undefined variable $image
in APPPATH\Views\partials\sidebar.php on line 5.
 1 APPPATH\Views\partials\sidebar.php(5): CodeIgniter\Debug\Exceptions->errorHandler(2, 'Undefined variable $image', 'APPPATH\\Views\\partials\\sidebar.php', 5)
 2 SYSTEMPATH\View\View.php(213): include('APPPATH\\Views\\partials\\sidebar.php')
 3 SYSTEMPATH\View\View.php(216): CodeIgniter\View\View->CodeIgniter\View\{closure}()
 4 SYSTEMPATH\View\View.php(429): CodeIgniter\View\View->render('partials/sidebar', null, true)
 5 APPPATH\Views\default.php(17): CodeIgniter\View\View->include('partials/sidebar')
 6 SYSTEMPATH\View\View.php(213): include('APPPATH\\Views\\default.php')
 7 SYSTEMPATH\View\View.php(216): CodeIgniter\View\View->CodeIgniter\View\{closure}()
 8 SYSTEMPATH\View\View.php(229): CodeIgniter\View\View->render('default', [], true)
 9 SYSTEMPATH\Common.php(1142): CodeIgniter\View\View->render('adminDashbord', [], true)
10 APPPATH\Libraries\Functions.php(18): view('adminDashbord', [...])
11 APPPATH\Controllers\Users.php(23): App\Libraries\Functions::check_login()
12 APPPATH\Controllers\Home.php(16): App\Controllers\Users->__construct()
13 SYSTEMPATH\CodeIgniter.php(869): App\Controllers\Home->__construct()
14 SYSTEMPATH\CodeIgniter.php(448): CodeIgniter\CodeIgniter->createController()
15 SYSTEMPATH\CodeIgniter.php(340): CodeIgniter\CodeIgniter->handleRequest(null, Object(Config\Cache), false)
16 FCPATH\index.php(68): CodeIgniter\CodeIgniter->run()
CRITICAL - 2022-10-31 14:13:15 --> array_merge(): Argument #2 must be of type array, null given
in APPPATH\Libraries\Functions.php on line 53.
 1 APPPATH\Libraries\Functions.php(53): array_merge([...], null)
 2 APPPATH\Libraries\Functions.php(17): App\Libraries\Functions::pagedata()
 3 APPPATH\Controllers\Users.php(23): App\Libraries\Functions::check_login()
 4 APPPATH\Controllers\Home.php(16): App\Controllers\Users->__construct()
 5 SYSTEMPATH\CodeIgniter.php(869): App\Controllers\Home->__construct()
 6 SYSTEMPATH\CodeIgniter.php(448): CodeIgniter\CodeIgniter->createController()
 7 SYSTEMPATH\CodeIgniter.php(340): CodeIgniter\CodeIgniter->handleRequest(null, Object(Config\Cache), false)
 8 FCPATH\index.php(68): CodeIgniter\CodeIgniter->run()
CRITICAL - 2022-10-31 14:14:48 --> array_merge(): Argument #1 must be of type array, int given
in APPPATH\Libraries\Functions.php on line 17.
 1 APPPATH\Libraries\Functions.php(17): array_merge(12, [...])
 2 APPPATH\Controllers\Users.php(23): App\Libraries\Functions::check_login()
 3 APPPATH\Controllers\Home.php(16): App\Controllers\Users->__construct()
 4 SYSTEMPATH\CodeIgniter.php(869): App\Controllers\Home->__construct()
 5 SYSTEMPATH\CodeIgniter.php(448): CodeIgniter\CodeIgniter->createController()
 6 SYSTEMPATH\CodeIgniter.php(340): CodeIgniter\CodeIgniter->handleRequest(null, Object(Config\Cache), false)
 7 FCPATH\index.php(68): CodeIgniter\CodeIgniter->run()
CRITICAL - 2022-10-31 14:14:51 --> array_merge(): Argument #1 must be of type array, int given
in APPPATH\Libraries\Functions.php on line 17.
 1 APPPATH\Libraries\Functions.php(17): array_merge(12, [...])
 2 APPPATH\Controllers\Users.php(23): App\Libraries\Functions::check_login()
 3 APPPATH\Controllers\Home.php(16): App\Controllers\Users->__construct()
 4 SYSTEMPATH\CodeIgniter.php(869): App\Controllers\Home->__construct()
 5 SYSTEMPATH\CodeIgniter.php(448): CodeIgniter\CodeIgniter->createController()
 6 SYSTEMPATH\CodeIgniter.php(340): CodeIgniter\CodeIgniter->handleRequest(null, Object(Config\Cache), false)
 7 FCPATH\index.php(68): CodeIgniter\CodeIgniter->run()
CRITICAL - 2022-10-31 14:17:11 --> Undefined variable $image
in APPPATH\Views\partials\sidebar.php on line 5.
 1 APPPATH\Views\partials\sidebar.php(5): CodeIgniter\Debug\Exceptions->errorHandler(2, 'Undefined variable $image', 'APPPATH\\Views\\partials\\sidebar.php', 5)
 2 SYSTEMPATH\View\View.php(213): include('APPPATH\\Views\\partials\\sidebar.php')
 3 SYSTEMPATH\View\View.php(216): CodeIgniter\View\View->CodeIgniter\View\{closure}()
 4 SYSTEMPATH\View\View.php(429): CodeIgniter\View\View->render('partials/sidebar', null, true)
 5 APPPATH\Views\default.php(17): CodeIgniter\View\View->include('partials/sidebar')
 6 SYSTEMPATH\View\View.php(213): include('APPPATH\\Views\\default.php')
 7 SYSTEMPATH\View\View.php(216): CodeIgniter\View\View->CodeIgniter\View\{closure}()
 8 SYSTEMPATH\View\View.php(229): CodeIgniter\View\View->render('default', [], true)
 9 SYSTEMPATH\Common.php(1142): CodeIgniter\View\View->render('adminDashbord', [], true)
10 APPPATH\Libraries\Functions.php(18): view('adminDashbord', [...])
11 APPPATH\Controllers\Users.php(23): App\Libraries\Functions::check_login()
12 APPPATH\Controllers\Home.php(16): App\Controllers\Users->__construct()
13 SYSTEMPATH\CodeIgniter.php(869): App\Controllers\Home->__construct()
14 SYSTEMPATH\CodeIgniter.php(448): CodeIgniter\CodeIgniter->createController()
15 SYSTEMPATH\CodeIgniter.php(340): CodeIgniter\CodeIgniter->handleRequest(null, Object(Config\Cache), false)
16 FCPATH\index.php(68): CodeIgniter\CodeIgniter->run()
CRITICAL - 2022-10-31 14:17:13 --> Undefined variable $image
in APPPATH\Views\partials\sidebar.php on line 5.
 1 APPPATH\Views\partials\sidebar.php(5): CodeIgniter\Debug\Exceptions->errorHandler(2, 'Undefined variable $image', 'APPPATH\\Views\\partials\\sidebar.php', 5)
 2 SYSTEMPATH\View\View.php(213): include('APPPATH\\Views\\partials\\sidebar.php')
 3 SYSTEMPATH\View\View.php(216): CodeIgniter\View\View->CodeIgniter\View\{closure}()
 4 SYSTEMPATH\View\View.php(429): CodeIgniter\View\View->render('partials/sidebar', null, true)
 5 APPPATH\Views\default.php(17): CodeIgniter\View\View->include('partials/sidebar')
 6 SYSTEMPATH\View\View.php(213): include('APPPATH\\Views\\default.php')
 7 SYSTEMPATH\View\View.php(216): CodeIgniter\View\View->CodeIgniter\View\{closure}()
 8 SYSTEMPATH\View\View.php(229): CodeIgniter\View\View->render('default', [], true)
 9 SYSTEMPATH\Common.php(1142): CodeIgniter\View\View->render('adminDashbord', [], true)
10 APPPATH\Libraries\Functions.php(18): view('adminDashbord', [...])
11 APPPATH\Controllers\Users.php(23): App\Libraries\Functions::check_login()
12 APPPATH\Controllers\Home.php(16): App\Controllers\Users->__construct()
13 SYSTEMPATH\CodeIgniter.php(869): App\Controllers\Home->__construct()
14 SYSTEMPATH\CodeIgniter.php(448): CodeIgniter\CodeIgniter->createController()
15 SYSTEMPATH\CodeIgniter.php(340): CodeIgniter\CodeIgniter->handleRequest(null, Object(Config\Cache), false)
16 FCPATH\index.php(68): CodeIgniter\CodeIgniter->run()
CRITICAL - 2022-10-31 14:19:30 --> Undefined variable $image
in APPPATH\Views\partials\sidebar.php on line 5.
 1 APPPATH\Views\partials\sidebar.php(5): CodeIgniter\Debug\Exceptions->errorHandler(2, 'Undefined variable $image', 'APPPATH\\Views\\partials\\sidebar.php', 5)
 2 SYSTEMPATH\View\View.php(213): include('APPPATH\\Views\\partials\\sidebar.php')
 3 SYSTEMPATH\View\View.php(216): CodeIgniter\View\View->CodeIgniter\View\{closure}()
 4 SYSTEMPATH\View\View.php(429): CodeIgniter\View\View->render('partials/sidebar', null, true)
 5 APPPATH\Views\default.php(17): CodeIgniter\View\View->include('partials/sidebar')
 6 SYSTEMPATH\View\View.php(213): include('APPPATH\\Views\\default.php')
 7 SYSTEMPATH\View\View.php(216): CodeIgniter\View\View->CodeIgniter\View\{closure}()
 8 SYSTEMPATH\View\View.php(229): CodeIgniter\View\View->render('default', [], true)
 9 SYSTEMPATH\Common.php(1142): CodeIgniter\View\View->render('adminDashbord', [], true)
10 APPPATH\Libraries\Functions.php(18): view('adminDashbord', [...])
11 APPPATH\Controllers\Users.php(23): App\Libraries\Functions::check_login()
12 APPPATH\Controllers\Home.php(16): App\Controllers\Users->__construct()
13 SYSTEMPATH\CodeIgniter.php(869): App\Controllers\Home->__construct()
14 SYSTEMPATH\CodeIgniter.php(448): CodeIgniter\CodeIgniter->createController()
15 SYSTEMPATH\CodeIgniter.php(340): CodeIgniter\CodeIgniter->handleRequest(null, Object(Config\Cache), false)
16 FCPATH\index.php(68): CodeIgniter\CodeIgniter->run()
CRITICAL - 2022-10-31 14:19:30 --> Undefined variable $image
in APPPATH\Views\partials\sidebar.php on line 5.
 1 APPPATH\Views\partials\sidebar.php(5): CodeIgniter\Debug\Exceptions->errorHandler(2, 'Undefined variable $image', 'APPPATH\\Views\\partials\\sidebar.php', 5)
 2 SYSTEMPATH\View\View.php(213): include('APPPATH\\Views\\partials\\sidebar.php')
 3 SYSTEMPATH\View\View.php(216): CodeIgniter\View\View->CodeIgniter\View\{closure}()
 4 SYSTEMPATH\View\View.php(429): CodeIgniter\View\View->render('partials/sidebar', null, true)
 5 APPPATH\Views\default.php(17): CodeIgniter\View\View->include('partials/sidebar')
 6 SYSTEMPATH\View\View.php(213): include('APPPATH\\Views\\default.php')
 7 SYSTEMPATH\View\View.php(216): CodeIgniter\View\View->CodeIgniter\View\{closure}()
 8 SYSTEMPATH\View\View.php(229): CodeIgniter\View\View->render('default', [], true)
 9 SYSTEMPATH\Common.php(1142): CodeIgniter\View\View->render('adminDashbord', [], true)
10 APPPATH\Libraries\Functions.php(18): view('adminDashbord', [...])
11 APPPATH\Controllers\Users.php(23): App\Libraries\Functions::check_login()
12 APPPATH\Controllers\Home.php(16): App\Controllers\Users->__construct()
13 SYSTEMPATH\CodeIgniter.php(869): App\Controllers\Home->__construct()
14 SYSTEMPATH\CodeIgniter.php(448): CodeIgniter\CodeIgniter->createController()
15 SYSTEMPATH\CodeIgniter.php(340): CodeIgniter\CodeIgniter->handleRequest(null, Object(Config\Cache), false)
16 FCPATH\index.php(68): CodeIgniter\CodeIgniter->run()
CRITICAL - 2022-10-31 14:26:33 --> Undefined variable $errors
in APPPATH\Views\adminDashbord.php on line 21.
 1 APPPATH\Views\adminDashbord.php(21): CodeIgniter\Debug\Exceptions->errorHandler(2, 'Undefined variable $errors', 'APPPATH\\Views\\adminDashbord.php', 21)
 2 SYSTEMPATH\View\View.php(213): include('APPPATH\\Views\\adminDashbord.php')
 3 SYSTEMPATH\View\View.php(216): CodeIgniter\View\View->CodeIgniter\View\{closure}()
 4 SYSTEMPATH\Common.php(1142): CodeIgniter\View\View->render('adminDashbord', [], true)
 5 APPPATH\Libraries\Functions.php(18): view('adminDashbord', [...])
 6 APPPATH\Controllers\Users.php(23): App\Libraries\Functions::check_login()
 7 APPPATH\Controllers\Home.php(16): App\Controllers\Users->__construct()
 8 SYSTEMPATH\CodeIgniter.php(869): App\Controllers\Home->__construct()
 9 SYSTEMPATH\CodeIgniter.php(448): CodeIgniter\CodeIgniter->createController()
10 SYSTEMPATH\CodeIgniter.php(340): CodeIgniter\CodeIgniter->handleRequest(null, Object(Config\Cache), false)
11 FCPATH\index.php(68): CodeIgniter\CodeIgniter->run()
CRITICAL - 2022-10-31 14:26:48 --> Undefined variable $errors
in APPPATH\Views\adminDashbord.php on line 21.
 1 APPPATH\Views\adminDashbord.php(21): CodeIgniter\Debug\Exceptions->errorHandler(2, 'Undefined variable $errors', 'APPPATH\\Views\\adminDashbord.php', 21)
 2 SYSTEMPATH\View\View.php(213): include('APPPATH\\Views\\adminDashbord.php')
 3 SYSTEMPATH\View\View.php(216): CodeIgniter\View\View->CodeIgniter\View\{closure}()
 4 SYSTEMPATH\Common.php(1142): CodeIgniter\View\View->render('adminDashbord', [], true)
 5 APPPATH\Libraries\Functions.php(18): view('adminDashbord', [...])
 6 APPPATH\Controllers\Users.php(23): App\Libraries\Functions::check_login()
 7 APPPATH\Controllers\Home.php(16): App\Controllers\Users->__construct()
 8 SYSTEMPATH\CodeIgniter.php(869): App\Controllers\Home->__construct()
 9 SYSTEMPATH\CodeIgniter.php(448): CodeIgniter\CodeIgniter->createController()
10 SYSTEMPATH\CodeIgniter.php(340): CodeIgniter\CodeIgniter->handleRequest(null, Object(Config\Cache), false)
11 FCPATH\index.php(68): CodeIgniter\CodeIgniter->run()
CRITICAL - 2022-10-31 14:27:57 --> Undefined variable $errors
in APPPATH\Views\adminDashbord.php on line 21.
 1 APPPATH\Views\adminDashbord.php(21): CodeIgniter\Debug\Exceptions->errorHandler(2, 'Undefined variable $errors', 'APPPATH\\Views\\adminDashbord.php', 21)
 2 SYSTEMPATH\View\View.php(213): include('APPPATH\\Views\\adminDashbord.php')
 3 SYSTEMPATH\View\View.php(216): CodeIgniter\View\View->CodeIgniter\View\{closure}()
 4 SYSTEMPATH\Common.php(1142): CodeIgniter\View\View->render('adminDashbord', [], true)
 5 APPPATH\Libraries\Functions.php(18): view('adminDashbord', [...])
 6 APPPATH\Controllers\Users.php(23): App\Libraries\Functions::check_login()
 7 APPPATH\Controllers\Home.php(16): App\Controllers\Users->__construct()
 8 SYSTEMPATH\CodeIgniter.php(869): App\Controllers\Home->__construct()
 9 SYSTEMPATH\CodeIgniter.php(448): CodeIgniter\CodeIgniter->createController()
10 SYSTEMPATH\CodeIgniter.php(340): CodeIgniter\CodeIgniter->handleRequest(null, Object(Config\Cache), false)
11 FCPATH\index.php(68): CodeIgniter\CodeIgniter->run()
CRITICAL - 2022-10-31 14:27:58 --> Undefined variable $errors
in APPPATH\Views\adminDashbord.php on line 21.
 1 APPPATH\Views\adminDashbord.php(21): CodeIgniter\Debug\Exceptions->errorHandler(2, 'Undefined variable $errors', 'APPPATH\\Views\\adminDashbord.php', 21)
 2 SYSTEMPATH\View\View.php(213): include('APPPATH\\Views\\adminDashbord.php')
 3 SYSTEMPATH\View\View.php(216): CodeIgniter\View\View->CodeIgniter\View\{closure}()
 4 SYSTEMPATH\Common.php(1142): CodeIgniter\View\View->render('adminDashbord', [], true)
 5 APPPATH\Libraries\Functions.php(18): view('adminDashbord', [...])
 6 APPPATH\Controllers\Users.php(23): App\Libraries\Functions::check_login()
 7 APPPATH\Controllers\Home.php(16): App\Controllers\Users->__construct()
 8 SYSTEMPATH\CodeIgniter.php(869): App\Controllers\Home->__construct()
 9 SYSTEMPATH\CodeIgniter.php(448): CodeIgniter\CodeIgniter->createController()
10 SYSTEMPATH\CodeIgniter.php(340): CodeIgniter\CodeIgniter->handleRequest(null, Object(Config\Cache), false)
11 FCPATH\index.php(68): CodeIgniter\CodeIgniter->run()
CRITICAL - 2022-10-31 14:27:59 --> Undefined variable $errors
in APPPATH\Views\adminDashbord.php on line 21.
 1 APPPATH\Views\adminDashbord.php(21): CodeIgniter\Debug\Exceptions->errorHandler(2, 'Undefined variable $errors', 'APPPATH\\Views\\adminDashbord.php', 21)
 2 SYSTEMPATH\View\View.php(213): include('APPPATH\\Views\\adminDashbord.php')
 3 SYSTEMPATH\View\View.php(216): CodeIgniter\View\View->CodeIgniter\View\{closure}()
 4 SYSTEMPATH\Common.php(1142): CodeIgniter\View\View->render('adminDashbord', [], true)
 5 APPPATH\Libraries\Functions.php(18): view('adminDashbord', [...])
 6 APPPATH\Controllers\Users.php(23): App\Libraries\Functions::check_login()
 7 APPPATH\Controllers\Home.php(16): App\Controllers\Users->__construct()
 8 SYSTEMPATH\CodeIgniter.php(869): App\Controllers\Home->__construct()
 9 SYSTEMPATH\CodeIgniter.php(448): CodeIgniter\CodeIgniter->createController()
10 SYSTEMPATH\CodeIgniter.php(340): CodeIgniter\CodeIgniter->handleRequest(null, Object(Config\Cache), false)
11 FCPATH\index.php(68): CodeIgniter\CodeIgniter->run()
CRITICAL - 2022-10-31 14:28:58 --> Undefined variable $errors
in APPPATH\Views\adminDashbord.php on line 21.
 1 APPPATH\Views\adminDashbord.php(21): CodeIgniter\Debug\Exceptions->errorHandler(2, 'Undefined variable $errors', 'APPPATH\\Views\\adminDashbord.php', 21)
 2 SYSTEMPATH\View\View.php(213): include('APPPATH\\Views\\adminDashbord.php')
 3 SYSTEMPATH\View\View.php(216): CodeIgniter\View\View->CodeIgniter\View\{closure}()
 4 SYSTEMPATH\Common.php(1142): CodeIgniter\View\View->render('adminDashbord', [], true)
 5 APPPATH\Libraries\Functions.php(18): view('adminDashbord', [...])
 6 APPPATH\Controllers\Users.php(23): App\Libraries\Functions::check_login()
 7 APPPATH\Controllers\Home.php(16): App\Controllers\Users->__construct()
 8 SYSTEMPATH\CodeIgniter.php(869): App\Controllers\Home->__construct()
 9 SYSTEMPATH\CodeIgniter.php(448): CodeIgniter\CodeIgniter->createController()
10 SYSTEMPATH\CodeIgniter.php(340): CodeIgniter\CodeIgniter->handleRequest(null, Object(Config\Cache), false)
11 FCPATH\index.php(68): CodeIgniter\CodeIgniter->run()
CRITICAL - 2022-10-31 14:29:00 --> Undefined variable $errors
in APPPATH\Views\adminDashbord.php on line 21.
 1 APPPATH\Views\adminDashbord.php(21): CodeIgniter\Debug\Exceptions->errorHandler(2, 'Undefined variable $errors', 'APPPATH\\Views\\adminDashbord.php', 21)
 2 SYSTEMPATH\View\View.php(213): include('APPPATH\\Views\\adminDashbord.php')
 3 SYSTEMPATH\View\View.php(216): CodeIgniter\View\View->CodeIgniter\View\{closure}()
 4 SYSTEMPATH\Common.php(1142): CodeIgniter\View\View->render('adminDashbord', [], true)
 5 APPPATH\Libraries\Functions.php(18): view('adminDashbord', [...])
 6 APPPATH\Controllers\Users.php(23): App\Libraries\Functions::check_login()
 7 APPPATH\Controllers\Home.php(16): App\Controllers\Users->__construct()
 8 SYSTEMPATH\CodeIgniter.php(869): App\Controllers\Home->__construct()
 9 SYSTEMPATH\CodeIgniter.php(448): CodeIgniter\CodeIgniter->createController()
10 SYSTEMPATH\CodeIgniter.php(340): CodeIgniter\CodeIgniter->handleRequest(null, Object(Config\Cache), false)
11 FCPATH\index.php(68): CodeIgniter\CodeIgniter->run()
CRITICAL - 2022-10-31 14:29:41 --> Undefined variable $errors
in APPPATH\Views\adminDashbord.php on line 21.
 1 APPPATH\Views\adminDashbord.php(21): CodeIgniter\Debug\Exceptions->errorHandler(2, 'Undefined variable $errors', 'APPPATH\\Views\\adminDashbord.php', 21)
 2 SYSTEMPATH\View\View.php(213): include('APPPATH\\Views\\adminDashbord.php')
 3 SYSTEMPATH\View\View.php(216): CodeIgniter\View\View->CodeIgniter\View\{closure}()
 4 SYSTEMPATH\Common.php(1142): CodeIgniter\View\View->render('adminDashbord', [], true)
 5 APPPATH\Libraries\Functions.php(18): view('adminDashbord', [...])
 6 APPPATH\Controllers\Users.php(23): App\Libraries\Functions::check_login()
 7 APPPATH\Controllers\Home.php(16): App\Controllers\Users->__construct()
 8 SYSTEMPATH\CodeIgniter.php(869): App\Controllers\Home->__construct()
 9 SYSTEMPATH\CodeIgniter.php(448): CodeIgniter\CodeIgniter->createController()
10 SYSTEMPATH\CodeIgniter.php(340): CodeIgniter\CodeIgniter->handleRequest(null, Object(Config\Cache), false)
11 FCPATH\index.php(68): CodeIgniter\CodeIgniter->run()
CRITICAL - 2022-10-31 14:29:42 --> Undefined variable $errors
in APPPATH\Views\adminDashbord.php on line 21.
 1 APPPATH\Views\adminDashbord.php(21): CodeIgniter\Debug\Exceptions->errorHandler(2, 'Undefined variable $errors', 'APPPATH\\Views\\adminDashbord.php', 21)
 2 SYSTEMPATH\View\View.php(213): include('APPPATH\\Views\\adminDashbord.php')
 3 SYSTEMPATH\View\View.php(216): CodeIgniter\View\View->CodeIgniter\View\{closure}()
 4 SYSTEMPATH\Common.php(1142): CodeIgniter\View\View->render('adminDashbord', [], true)
 5 APPPATH\Libraries\Functions.php(18): view('adminDashbord', [...])
 6 APPPATH\Controllers\Users.php(23): App\Libraries\Functions::check_login()
 7 APPPATH\Controllers\Home.php(16): App\Controllers\Users->__construct()
 8 SYSTEMPATH\CodeIgniter.php(869): App\Controllers\Home->__construct()
 9 SYSTEMPATH\CodeIgniter.php(448): CodeIgniter\CodeIgniter->createController()
10 SYSTEMPATH\CodeIgniter.php(340): CodeIgniter\CodeIgniter->handleRequest(null, Object(Config\Cache), false)
11 FCPATH\index.php(68): CodeIgniter\CodeIgniter->run()
CRITICAL - 2022-10-31 14:30:56 --> Undefined variable $errors
in APPPATH\Views\adminDashbord.php on line 21.
 1 APPPATH\Views\adminDashbord.php(21): CodeIgniter\Debug\Exceptions->errorHandler(2, 'Undefined variable $errors', 'APPPATH\\Views\\adminDashbord.php', 21)
 2 SYSTEMPATH\View\View.php(213): include('APPPATH\\Views\\adminDashbord.php')
 3 SYSTEMPATH\View\View.php(216): CodeIgniter\View\View->CodeIgniter\View\{closure}()
 4 SYSTEMPATH\Common.php(1142): CodeIgniter\View\View->render('adminDashbord', [], true)
 5 APPPATH\Libraries\Functions.php(18): view('adminDashbord', [...])
 6 APPPATH\Controllers\Users.php(23): App\Libraries\Functions::check_login()
 7 APPPATH\Controllers\Home.php(16): App\Controllers\Users->__construct()
 8 SYSTEMPATH\CodeIgniter.php(869): App\Controllers\Home->__construct()
 9 SYSTEMPATH\CodeIgniter.php(448): CodeIgniter\CodeIgniter->createController()
10 SYSTEMPATH\CodeIgniter.php(340): CodeIgniter\CodeIgniter->handleRequest(null, Object(Config\Cache), false)
11 FCPATH\index.php(68): CodeIgniter\CodeIgniter->run()
CRITICAL - 2022-10-31 14:31:28 --> Undefined variable $errors
in APPPATH\Views\adminDashbord.php on line 21.
 1 APPPATH\Views\adminDashbord.php(21): CodeIgniter\Debug\Exceptions->errorHandler(2, 'Undefined variable $errors', 'APPPATH\\Views\\adminDashbord.php', 21)
 2 SYSTEMPATH\View\View.php(213): include('APPPATH\\Views\\adminDashbord.php')
 3 SYSTEMPATH\View\View.php(216): CodeIgniter\View\View->CodeIgniter\View\{closure}()
 4 SYSTEMPATH\Common.php(1142): CodeIgniter\View\View->render('adminDashbord', [], true)
 5 APPPATH\Libraries\Functions.php(18): view('adminDashbord', [...])
 6 APPPATH\Controllers\Users.php(23): App\Libraries\Functions::check_login()
 7 APPPATH\Controllers\Home.php(16): App\Controllers\Users->__construct()
 8 SYSTEMPATH\CodeIgniter.php(869): App\Controllers\Home->__construct()
 9 SYSTEMPATH\CodeIgniter.php(448): CodeIgniter\CodeIgniter->createController()
10 SYSTEMPATH\CodeIgniter.php(340): CodeIgniter\CodeIgniter->handleRequest(null, Object(Config\Cache), false)
11 FCPATH\index.php(68): CodeIgniter\CodeIgniter->run()
CRITICAL - 2022-10-31 14:31:36 --> Undefined variable $errors
in APPPATH\Views\adminDashbord.php on line 21.
 1 APPPATH\Views\adminDashbord.php(21): CodeIgniter\Debug\Exceptions->errorHandler(2, 'Undefined variable $errors', 'APPPATH\\Views\\adminDashbord.php', 21)
 2 SYSTEMPATH\View\View.php(213): include('APPPATH\\Views\\adminDashbord.php')
 3 SYSTEMPATH\View\View.php(216): CodeIgniter\View\View->CodeIgniter\View\{closure}()
 4 SYSTEMPATH\Common.php(1142): CodeIgniter\View\View->render('adminDashbord', [], true)
 5 APPPATH\Libraries\Functions.php(18): view('adminDashbord', [...])
 6 APPPATH\Controllers\Users.php(23): App\Libraries\Functions::check_login()
 7 APPPATH\Controllers\Home.php(16): App\Controllers\Users->__construct()
 8 SYSTEMPATH\CodeIgniter.php(869): App\Controllers\Home->__construct()
 9 SYSTEMPATH\CodeIgniter.php(448): CodeIgniter\CodeIgniter->createController()
10 SYSTEMPATH\CodeIgniter.php(340): CodeIgniter\CodeIgniter->handleRequest(null, Object(Config\Cache), false)
11 FCPATH\index.php(68): CodeIgniter\CodeIgniter->run()
CRITICAL - 2022-10-31 14:31:50 --> Undefined variable $errors2
in APPPATH\Views\adminDashbord.php on line 21.
 1 APPPATH\Views\adminDashbord.php(21): CodeIgniter\Debug\Exceptions->errorHandler(2, 'Undefined variable $errors2', 'APPPATH\\Views\\adminDashbord.php', 21)
 2 SYSTEMPATH\View\View.php(213): include('APPPATH\\Views\\adminDashbord.php')
 3 SYSTEMPATH\View\View.php(216): CodeIgniter\View\View->CodeIgniter\View\{closure}()
 4 SYSTEMPATH\Common.php(1142): CodeIgniter\View\View->render('adminDashbord', [], true)
 5 APPPATH\Libraries\Functions.php(18): view('adminDashbord', [...])
 6 APPPATH\Controllers\Users.php(23): App\Libraries\Functions::check_login()
 7 APPPATH\Controllers\Home.php(16): App\Controllers\Users->__construct()
 8 SYSTEMPATH\CodeIgniter.php(869): App\Controllers\Home->__construct()
 9 SYSTEMPATH\CodeIgniter.php(448): CodeIgniter\CodeIgniter->createController()
10 SYSTEMPATH\CodeIgniter.php(340): CodeIgniter\CodeIgniter->handleRequest(null, Object(Config\Cache), false)
11 FCPATH\index.php(68): CodeIgniter\CodeIgniter->run()
CRITICAL - 2022-10-31 14:31:51 --> Undefined variable $errors2
in APPPATH\Views\adminDashbord.php on line 21.
 1 APPPATH\Views\adminDashbord.php(21): CodeIgniter\Debug\Exceptions->errorHandler(2, 'Undefined variable $errors2', 'APPPATH\\Views\\adminDashbord.php', 21)
 2 SYSTEMPATH\View\View.php(213): include('APPPATH\\Views\\adminDashbord.php')
 3 SYSTEMPATH\View\View.php(216): CodeIgniter\View\View->CodeIgniter\View\{closure}()
 4 SYSTEMPATH\Common.php(1142): CodeIgniter\View\View->render('adminDashbord', [], true)
 5 APPPATH\Libraries\Functions.php(18): view('adminDashbord', [...])
 6 APPPATH\Controllers\Users.php(23): App\Libraries\Functions::check_login()
 7 APPPATH\Controllers\Home.php(16): App\Controllers\Users->__construct()
 8 SYSTEMPATH\CodeIgniter.php(869): App\Controllers\Home->__construct()
 9 SYSTEMPATH\CodeIgniter.php(448): CodeIgniter\CodeIgniter->createController()
10 SYSTEMPATH\CodeIgniter.php(340): CodeIgniter\CodeIgniter->handleRequest(null, Object(Config\Cache), false)
11 FCPATH\index.php(68): CodeIgniter\CodeIgniter->run()
CRITICAL - 2022-10-31 18:37:28 --> The file uploaded with success.(0)
in APPPATH\Controllers\Users.php on line 251.
 1 SYSTEMPATH\CodeIgniter.php(907): App\Controllers\Users->profile()
 2 SYSTEMPATH\CodeIgniter.php(457): CodeIgniter\CodeIgniter->runController(Object(App\Controllers\Users))
 3 SYSTEMPATH\CodeIgniter.php(340): CodeIgniter\CodeIgniter->handleRequest(null, Object(Config\Cache), false)
 4 FCPATH\index.php(68): CodeIgniter\CodeIgniter->run()
CRITICAL - 2022-10-31 18:38:07 --> The file uploaded with success.(0)
in APPPATH\Controllers\Users.php on line 252.
 1 SYSTEMPATH\CodeIgniter.php(907): App\Controllers\Users->profile()
 2 SYSTEMPATH\CodeIgniter.php(457): CodeIgniter\CodeIgniter->runController(Object(App\Controllers\Users))
 3 SYSTEMPATH\CodeIgniter.php(340): CodeIgniter\CodeIgniter->handleRequest(null, Object(Config\Cache), false)
 4 FCPATH\index.php(68): CodeIgniter\CodeIgniter->run()
CRITICAL - 2022-10-31 18:39:08 --> The file uploaded with success.(0)
in APPPATH\Controllers\Users.php on line 238.
 1 SYSTEMPATH\CodeIgniter.php(907): App\Controllers\Users->profile()
 2 SYSTEMPATH\CodeIgniter.php(457): CodeIgniter\CodeIgniter->runController(Object(App\Controllers\Users))
 3 SYSTEMPATH\CodeIgniter.php(340): CodeIgniter\CodeIgniter->handleRequest(null, Object(Config\Cache), false)
 4 FCPATH\index.php(68): CodeIgniter\CodeIgniter->run()
CRITICAL - 2022-10-31 18:39:41 --> No file was uploaded.(4)
in APPPATH\Controllers\Users.php on line 238.
 1 SYSTEMPATH\CodeIgniter.php(907): App\Controllers\Users->profile()
 2 SYSTEMPATH\CodeIgniter.php(457): CodeIgniter\CodeIgniter->runController(Object(App\Controllers\Users))
 3 SYSTEMPATH\CodeIgniter.php(340): CodeIgniter\CodeIgniter->handleRequest(null, Object(Config\Cache), false)
 4 FCPATH\index.php(68): CodeIgniter\CodeIgniter->run()
CRITICAL - 2022-10-31 18:40:47 --> No file was uploaded.(4)
in APPPATH\Controllers\Users.php on line 238.
 1 SYSTEMPATH\CodeIgniter.php(907): App\Controllers\Users->profile()
 2 SYSTEMPATH\CodeIgniter.php(457): CodeIgniter\CodeIgniter->runController(Object(App\Controllers\Users))
 3 SYSTEMPATH\CodeIgniter.php(340): CodeIgniter\CodeIgniter->handleRequest(null, Object(Config\Cache), false)
 4 FCPATH\index.php(68): CodeIgniter\CodeIgniter->run()
CRITICAL - 2022-10-31 18:41:10 --> The original file is not a valid file.
in SYSTEMPATH\HTTP\Files\UploadedFile.php on line 137.
 1 SYSTEMPATH\HTTP\Files\UploadedFile.php(137): CodeIgniter\HTTP\Exceptions\HTTPException::forInvalidFile()
 2 APPPATH\Controllers\Users.php(241): CodeIgniter\HTTP\Files\UploadedFile->move('FCPATH\\public\\asset\\img\\user', '1667266870_c3f84b4381f7ce1b901f')
 3 SYSTEMPATH\CodeIgniter.php(907): App\Controllers\Users->profile()
 4 SYSTEMPATH\CodeIgniter.php(457): CodeIgniter\CodeIgniter->runController(Object(App\Controllers\Users))
 5 SYSTEMPATH\CodeIgniter.php(340): CodeIgniter\CodeIgniter->handleRequest(null, Object(Config\Cache), false)
 6 FCPATH\index.php(68): CodeIgniter\CodeIgniter->run()
CRITICAL - 2022-10-31 18:42:11 --> The original file is not a valid file.
in SYSTEMPATH\HTTP\Files\UploadedFile.php on line 137.
 1 SYSTEMPATH\HTTP\Files\UploadedFile.php(137): CodeIgniter\HTTP\Exceptions\HTTPException::forInvalidFile()
 2 APPPATH\Controllers\Users.php(239): CodeIgniter\HTTP\Files\UploadedFile->move('FCPATH\\public\\asset\\img\\user', '1667266931_44d5862654da94a6b78e')
 3 SYSTEMPATH\CodeIgniter.php(907): App\Controllers\Users->profile()
 4 SYSTEMPATH\CodeIgniter.php(457): CodeIgniter\CodeIgniter->runController(Object(App\Controllers\Users))
 5 SYSTEMPATH\CodeIgniter.php(340): CodeIgniter\CodeIgniter->handleRequest(null, Object(Config\Cache), false)
 6 FCPATH\index.php(68): CodeIgniter\CodeIgniter->run()
