CRITICAL - 2023-01-30 11:38:10 --> Undefined array key "word_meaning.word_meaning_id"
in APPPATH\Controllers\Search.php on line 55.
 1 APPPATH\Controllers\Search.php(55): CodeIgniter\Debug\Exceptions->errorHandler(2, 'Undefined array key "word_meaning.word_meaning_id"', 'APPPATH\\Controllers\\Search.php', 55)
 2 SYSTEMPATH\CodeIgniter.php(907): App\Controllers\Search->searchword()
 3 SYSTEMPATH\CodeIgniter.php(457): CodeIgniter\CodeIgniter->runController(Object(App\Controllers\Search))
 4 SYSTEMPATH\CodeIgniter.php(340): CodeIgniter\CodeIgniter->handleRequest(null, Object(Config\Cache), false)
 5 FCPATH\index.php(68): CodeIgniter\CodeIgniter->run()
CRITICAL - 2023-01-30 11:39:17 --> Undefined array key "word_meaning.word_meaning_id"
in APPPATH\Controllers\Search.php on line 55.
 1 APPPATH\Controllers\Search.php(55): CodeIgniter\Debug\Exceptions->errorHandler(2, 'Undefined array key "word_meaning.word_meaning_id"', 'APPPATH\\Controllers\\Search.php', 55)
 2 SYSTEMPATH\CodeIgniter.php(907): App\Controllers\Search->searchword()
 3 SYSTEMPATH\CodeIgniter.php(457): CodeIgniter\CodeIgniter->runController(Object(App\Controllers\Search))
 4 SYSTEMPATH\CodeIgniter.php(340): CodeIgniter\CodeIgniter->handleRequest(null, Object(Config\Cache), false)
 5 FCPATH\index.php(68): CodeIgniter\CodeIgniter->run()
CRITICAL - 2023-01-30 11:39:21 --> Undefined array key "word_meaning.word_meaning_id"
in APPPATH\Controllers\Search.php on line 55.
 1 APPPATH\Controllers\Search.php(55): CodeIgniter\Debug\Exceptions->errorHandler(2, 'Undefined array key "word_meaning.word_meaning_id"', 'APPPATH\\Controllers\\Search.php', 55)
 2 SYSTEMPATH\CodeIgniter.php(907): App\Controllers\Search->searchword()
 3 SYSTEMPATH\CodeIgniter.php(457): CodeIgniter\CodeIgniter->runController(Object(App\Controllers\Search))
 4 SYSTEMPATH\CodeIgniter.php(340): CodeIgniter\CodeIgniter->handleRequest(null, Object(Config\Cache), false)
 5 FCPATH\index.php(68): CodeIgniter\CodeIgniter->run()
