CRITICAL - 2022-10-19 11:26:07 --> Call to a member function first() on array
in APPPATH\Controllers\User.php on line 213.
 1 SYSTEMPATH\CodeIgniter.php(907): App\Controllers\User->profile()
 2 SYSTEMPATH\CodeIgniter.php(457): CodeIgniter\CodeIgniter->runController(Object(App\Controllers\User))
 3 SYSTEMPATH\CodeIgniter.php(340): CodeIgniter\CodeIgniter->handleRequest(null, Object(Config\Cache), false)
 4 FCPATH\index.php(68): CodeIgniter\CodeIgniter->run()
CRITICAL - 2022-10-19 23:20:49 --> Undefined variable $firstname
in APPPATH\Views\users\profile.php on line 34.
 1 APPPATH\Views\users\profile.php(34): CodeIgniter\Debug\Exceptions->errorHandler(2, 'Undefined variable $firstname', 'APPPATH\\Views\\users\\profile.php', 34)
 2 SYSTEMPATH\View\View.php(213): include('APPPATH\\Views\\users\\profile.php')
 3 SYSTEMPATH\View\View.php(216): CodeIgniter\View\View->CodeIgniter\View\{closure}()
 4 SYSTEMPATH\Common.php(1142): CodeIgniter\View\View->render('users/profile', [], true)
 5 APPPATH\Controllers\User.php(235): view('users/profile', [...])
 6 SYSTEMPATH\CodeIgniter.php(907): App\Controllers\User->profile()
 7 SYSTEMPATH\CodeIgniter.php(457): CodeIgniter\CodeIgniter->runController(Object(App\Controllers\User))
 8 SYSTEMPATH\CodeIgniter.php(340): CodeIgniter\CodeIgniter->handleRequest(null, Object(Config\Cache), false)
 9 FCPATH\index.php(68): CodeIgniter\CodeIgniter->run()
CRITICAL - 2022-10-19 23:21:33 --> Undefined variable $firstname
in APPPATH\Views\users\profile.php on line 34.
 1 APPPATH\Views\users\profile.php(34): CodeIgniter\Debug\Exceptions->errorHandler(2, 'Undefined variable $firstname', 'APPPATH\\Views\\users\\profile.php', 34)
 2 SYSTEMPATH\View\View.php(213): include('APPPATH\\Views\\users\\profile.php')
 3 SYSTEMPATH\View\View.php(216): CodeIgniter\View\View->CodeIgniter\View\{closure}()
 4 SYSTEMPATH\Common.php(1142): CodeIgniter\View\View->render('users/profile', [], true)
 5 APPPATH\Controllers\User.php(235): view('users/profile', [...])
 6 SYSTEMPATH\CodeIgniter.php(907): App\Controllers\User->profile()
 7 SYSTEMPATH\CodeIgniter.php(457): CodeIgniter\CodeIgniter->runController(Object(App\Controllers\User))
 8 SYSTEMPATH\CodeIgniter.php(340): CodeIgniter\CodeIgniter->handleRequest(null, Object(Config\Cache), false)
 9 FCPATH\index.php(68): CodeIgniter\CodeIgniter->run()
CRITICAL - 2022-10-19 23:38:03 --> The original file is not a valid file.
in SYSTEMPATH\HTTP\Files\UploadedFile.php on line 137.
 1 SYSTEMPATH\HTTP\Files\UploadedFile.php(137): CodeIgniter\HTTP\Exceptions\HTTPException::forInvalidFile()
 2 APPPATH\Controllers\User.php(224): CodeIgniter\HTTP\Files\UploadedFile->move('FCPATH\\public\\asset\\img\\user', '1666247883_70eab472dd115bf8cacf')
 3 SYSTEMPATH\CodeIgniter.php(907): App\Controllers\User->profile()
 4 SYSTEMPATH\CodeIgniter.php(457): CodeIgniter\CodeIgniter->runController(Object(App\Controllers\User))
 5 SYSTEMPATH\CodeIgniter.php(340): CodeIgniter\CodeIgniter->handleRequest(null, Object(Config\Cache), false)
 6 FCPATH\index.php(68): CodeIgniter\CodeIgniter->run()
CRITICAL - 2022-10-19 23:38:27 --> The original file is not a valid file.
in SYSTEMPATH\HTTP\Files\UploadedFile.php on line 137.
 1 SYSTEMPATH\HTTP\Files\UploadedFile.php(137): CodeIgniter\HTTP\Exceptions\HTTPException::forInvalidFile()
 2 APPPATH\Controllers\User.php(224): CodeIgniter\HTTP\Files\UploadedFile->move('FCPATH\\public\\asset\\img\\user', '1666247907_38a1171c9b17b729dca1')
 3 SYSTEMPATH\CodeIgniter.php(907): App\Controllers\User->profile()
 4 SYSTEMPATH\CodeIgniter.php(457): CodeIgniter\CodeIgniter->runController(Object(App\Controllers\User))
 5 SYSTEMPATH\CodeIgniter.php(340): CodeIgniter\CodeIgniter->handleRequest(null, Object(Config\Cache), false)
 6 FCPATH\index.php(68): CodeIgniter\CodeIgniter->run()
CRITICAL - 2022-10-19 23:38:39 --> The original file is not a valid file.
in SYSTEMPATH\HTTP\Files\UploadedFile.php on line 137.
 1 SYSTEMPATH\HTTP\Files\UploadedFile.php(137): CodeIgniter\HTTP\Exceptions\HTTPException::forInvalidFile()
 2 APPPATH\Controllers\User.php(224): CodeIgniter\HTTP\Files\UploadedFile->move('FCPATH\\public\\asset\\img\\user', '1666247919_fead4526d2c519b38235')
 3 SYSTEMPATH\CodeIgniter.php(907): App\Controllers\User->profile()
 4 SYSTEMPATH\CodeIgniter.php(457): CodeIgniter\CodeIgniter->runController(Object(App\Controllers\User))
 5 SYSTEMPATH\CodeIgniter.php(340): CodeIgniter\CodeIgniter->handleRequest(null, Object(Config\Cache), false)
 6 FCPATH\index.php(68): CodeIgniter\CodeIgniter->run()
CRITICAL - 2022-10-19 23:38:56 --> Array to string conversion
in APPPATH\Controllers\User.php on line 231.
 1 APPPATH\Controllers\User.php(231): CodeIgniter\Debug\Exceptions->errorHandler(2, 'Array to string conversion', 'APPPATH\\Controllers\\User.php', 231)
 2 SYSTEMPATH\CodeIgniter.php(907): App\Controllers\User->profile()
 3 SYSTEMPATH\CodeIgniter.php(457): CodeIgniter\CodeIgniter->runController(Object(App\Controllers\User))
 4 SYSTEMPATH\CodeIgniter.php(340): CodeIgniter\CodeIgniter->handleRequest(null, Object(Config\Cache), false)
 5 FCPATH\index.php(68): CodeIgniter\CodeIgniter->run()
CRITICAL - 2022-10-19 23:39:32 --> Array to string conversion
in APPPATH\Controllers\User.php on line 231.
 1 APPPATH\Controllers\User.php(231): CodeIgniter\Debug\Exceptions->errorHandler(2, 'Array to string conversion', 'APPPATH\\Controllers\\User.php', 231)
 2 SYSTEMPATH\CodeIgniter.php(907): App\Controllers\User->profile()
 3 SYSTEMPATH\CodeIgniter.php(457): CodeIgniter\CodeIgniter->runController(Object(App\Controllers\User))
 4 SYSTEMPATH\CodeIgniter.php(340): CodeIgniter\CodeIgniter->handleRequest(null, Object(Config\Cache), false)
 5 FCPATH\index.php(68): CodeIgniter\CodeIgniter->run()
CRITICAL - 2022-10-19 23:40:14 --> Array to string conversion
in APPPATH\Controllers\User.php on line 231.
 1 APPPATH\Controllers\User.php(231): CodeIgniter\Debug\Exceptions->errorHandler(2, 'Array to string conversion', 'APPPATH\\Controllers\\User.php', 231)
 2 SYSTEMPATH\CodeIgniter.php(907): App\Controllers\User->profile()
 3 SYSTEMPATH\CodeIgniter.php(457): CodeIgniter\CodeIgniter->runController(Object(App\Controllers\User))
 4 SYSTEMPATH\CodeIgniter.php(340): CodeIgniter\CodeIgniter->handleRequest(null, Object(Config\Cache), false)
 5 FCPATH\index.php(68): CodeIgniter\CodeIgniter->run()
CRITICAL - 2022-10-19 23:40:52 --> Array to string conversion
in APPPATH\Controllers\User.php on line 231.
 1 APPPATH\Controllers\User.php(231): CodeIgniter\Debug\Exceptions->errorHandler(2, 'Array to string conversion', 'APPPATH\\Controllers\\User.php', 231)
 2 SYSTEMPATH\CodeIgniter.php(907): App\Controllers\User->profile()
 3 SYSTEMPATH\CodeIgniter.php(457): CodeIgniter\CodeIgniter->runController(Object(App\Controllers\User))
 4 SYSTEMPATH\CodeIgniter.php(340): CodeIgniter\CodeIgniter->handleRequest(null, Object(Config\Cache), false)
 5 FCPATH\index.php(68): CodeIgniter\CodeIgniter->run()
CRITICAL - 2022-10-19 23:41:21 --> Array to string conversion
in APPPATH\Controllers\User.php on line 231.
 1 APPPATH\Controllers\User.php(231): CodeIgniter\Debug\Exceptions->errorHandler(2, 'Array to string conversion', 'APPPATH\\Controllers\\User.php', 231)
 2 SYSTEMPATH\CodeIgniter.php(907): App\Controllers\User->profile()
 3 SYSTEMPATH\CodeIgniter.php(457): CodeIgniter\CodeIgniter->runController(Object(App\Controllers\User))
 4 SYSTEMPATH\CodeIgniter.php(340): CodeIgniter\CodeIgniter->handleRequest(null, Object(Config\Cache), false)
 5 FCPATH\index.php(68): CodeIgniter\CodeIgniter->run()
CRITICAL - 2022-10-19 23:41:44 --> Array to string conversion
in APPPATH\Controllers\User.php on line 231.
 1 APPPATH\Controllers\User.php(231): CodeIgniter\Debug\Exceptions->errorHandler(2, 'Array to string conversion', 'APPPATH\\Controllers\\User.php', 231)
 2 SYSTEMPATH\CodeIgniter.php(907): App\Controllers\User->profile()
 3 SYSTEMPATH\CodeIgniter.php(457): CodeIgniter\CodeIgniter->runController(Object(App\Controllers\User))
 4 SYSTEMPATH\CodeIgniter.php(340): CodeIgniter\CodeIgniter->handleRequest(null, Object(Config\Cache), false)
 5 FCPATH\index.php(68): CodeIgniter\CodeIgniter->run()
CRITICAL - 2022-10-19 23:42:34 --> The original file is not a valid file.
in SYSTEMPATH\HTTP\Files\UploadedFile.php on line 137.
 1 SYSTEMPATH\HTTP\Files\UploadedFile.php(137): CodeIgniter\HTTP\Exceptions\HTTPException::forInvalidFile()
 2 APPPATH\Controllers\User.php(224): CodeIgniter\HTTP\Files\UploadedFile->move('FCPATH\\public\\asset\\img\\user', '1666248154_205d8411c6b43b7578f3')
 3 SYSTEMPATH\CodeIgniter.php(907): App\Controllers\User->profile()
 4 SYSTEMPATH\CodeIgniter.php(457): CodeIgniter\CodeIgniter->runController(Object(App\Controllers\User))
 5 SYSTEMPATH\CodeIgniter.php(340): CodeIgniter\CodeIgniter->handleRequest(null, Object(Config\Cache), false)
 6 FCPATH\index.php(68): CodeIgniter\CodeIgniter->run()
CRITICAL - 2022-10-19 23:42:58 --> The original file is not a valid file.
in SYSTEMPATH\HTTP\Files\UploadedFile.php on line 137.
 1 SYSTEMPATH\HTTP\Files\UploadedFile.php(137): CodeIgniter\HTTP\Exceptions\HTTPException::forInvalidFile()
 2 APPPATH\Controllers\User.php(224): CodeIgniter\HTTP\Files\UploadedFile->move('FCPATH\\public\\asset\\img\\user', '1666248178_4979a9e3d8afda715afc')
 3 SYSTEMPATH\CodeIgniter.php(907): App\Controllers\User->profile()
 4 SYSTEMPATH\CodeIgniter.php(457): CodeIgniter\CodeIgniter->runController(Object(App\Controllers\User))
 5 SYSTEMPATH\CodeIgniter.php(340): CodeIgniter\CodeIgniter->handleRequest(null, Object(Config\Cache), false)
 6 FCPATH\index.php(68): CodeIgniter\CodeIgniter->run()
CRITICAL - 2022-10-19 23:43:11 --> Attempt to read property "email" on array
in APPPATH\Controllers\User.php on line 233.
 1 APPPATH\Controllers\User.php(233): CodeIgniter\Debug\Exceptions->errorHandler(2, 'Attempt to read property "email" on array', 'APPPATH\\Controllers\\User.php', 233)
 2 SYSTEMPATH\CodeIgniter.php(907): App\Controllers\User->profile()
 3 SYSTEMPATH\CodeIgniter.php(457): CodeIgniter\CodeIgniter->runController(Object(App\Controllers\User))
 4 SYSTEMPATH\CodeIgniter.php(340): CodeIgniter\CodeIgniter->handleRequest(null, Object(Config\Cache), false)
 5 FCPATH\index.php(68): CodeIgniter\CodeIgniter->run()
CRITICAL - 2022-10-19 23:44:26 --> Attempt to read property "email" on array
in APPPATH\Controllers\User.php on line 233.
 1 APPPATH\Controllers\User.php(233): CodeIgniter\Debug\Exceptions->errorHandler(2, 'Attempt to read property "email" on array', 'APPPATH\\Controllers\\User.php', 233)
 2 SYSTEMPATH\CodeIgniter.php(907): App\Controllers\User->profile()
 3 SYSTEMPATH\CodeIgniter.php(457): CodeIgniter\CodeIgniter->runController(Object(App\Controllers\User))
 4 SYSTEMPATH\CodeIgniter.php(340): CodeIgniter\CodeIgniter->handleRequest(null, Object(Config\Cache), false)
 5 FCPATH\index.php(68): CodeIgniter\CodeIgniter->run()
CRITICAL - 2022-10-19 23:45:16 --> The original file is not a valid file.
in SYSTEMPATH\HTTP\Files\UploadedFile.php on line 137.
 1 SYSTEMPATH\HTTP\Files\UploadedFile.php(137): CodeIgniter\HTTP\Exceptions\HTTPException::forInvalidFile()
 2 APPPATH\Controllers\User.php(224): CodeIgniter\HTTP\Files\UploadedFile->move('FCPATH\\public\\asset\\img\\user', '1666248316_82db775f919fd448a875')
 3 SYSTEMPATH\CodeIgniter.php(907): App\Controllers\User->profile()
 4 SYSTEMPATH\CodeIgniter.php(457): CodeIgniter\CodeIgniter->runController(Object(App\Controllers\User))
 5 SYSTEMPATH\CodeIgniter.php(340): CodeIgniter\CodeIgniter->handleRequest(null, Object(Config\Cache), false)
 6 FCPATH\index.php(68): CodeIgniter\CodeIgniter->run()
CRITICAL - 2022-10-19 23:47:25 --> finfo_file(C:\xampp\tmp\php7602.tmp): Failed to open stream: No such file or directory
in SYSTEMPATH\Files\File.php on line 114.
 1 [internal function]: CodeIgniter\Debug\Exceptions->errorHandler(2, 'finfo_file(C:\\xampp\\tmp\\php7602.tmp): Failed to open stream: No such file or directory', 'SYSTEMPATH\\Files\\File.php', 114)
 2 SYSTEMPATH\Files\File.php(114): finfo_file(Object(finfo), 'C:\\xampp\\tmp\\php7602.tmp')
 3 SYSTEMPATH\HTTP\Files\UploadedFile.php(302): CodeIgniter\Files\File->getMimeType()
 4 SYSTEMPATH\HTTP\Files\UploadedFile.php(291): CodeIgniter\HTTP\Files\UploadedFile->guessExtension()
 5 SYSTEMPATH\Validation\FileRules.php(143): CodeIgniter\HTTP\Files\UploadedFile->getExtension()
 6 SYSTEMPATH\Validation\Validation.php(315): CodeIgniter\Validation\FileRules->is_image('1666248445_850d0c883bb17fee49c5.jpg', [], [...], null)
 7 SYSTEMPATH\Validation\Validation.php(175): CodeIgniter\Validation\Validation->processRules('image', 'image', '1666248445_850d0c883bb17fee49c5.jpg', [...], [...])
 8 SYSTEMPATH\BaseModel.php(1350): CodeIgniter\Validation\Validation->run([...], null, null)
 9 SYSTEMPATH\BaseModel.php(835): CodeIgniter\BaseModel->validate([...])
10 SYSTEMPATH\Model.php(693): CodeIgniter\BaseModel->update(null, [...])
11 APPPATH\Controllers\User.php(233): CodeIgniter\Model->update()
12 SYSTEMPATH\CodeIgniter.php(907): App\Controllers\User->profile()
13 SYSTEMPATH\CodeIgniter.php(457): CodeIgniter\CodeIgniter->runController(Object(App\Controllers\User))
14 SYSTEMPATH\CodeIgniter.php(340): CodeIgniter\CodeIgniter->handleRequest(null, Object(Config\Cache), false)
15 FCPATH\index.php(68): CodeIgniter\CodeIgniter->run()
CRITICAL - 2022-10-19 23:49:05 --> finfo_file(C:\xampp\tmp\phpFBC8.tmp): Failed to open stream: No such file or directory
in SYSTEMPATH\Files\File.php on line 114.
 1 [internal function]: CodeIgniter\Debug\Exceptions->errorHandler(2, 'finfo_file(C:\\xampp\\tmp\\phpFBC8.tmp): Failed to open stream: No such file or directory', 'SYSTEMPATH\\Files\\File.php', 114)
 2 SYSTEMPATH\Files\File.php(114): finfo_file(Object(finfo), 'C:\\xampp\\tmp\\phpFBC8.tmp')
 3 SYSTEMPATH\HTTP\Files\UploadedFile.php(302): CodeIgniter\Files\File->getMimeType()
 4 SYSTEMPATH\HTTP\Files\UploadedFile.php(291): CodeIgniter\HTTP\Files\UploadedFile->guessExtension()
 5 SYSTEMPATH\Validation\FileRules.php(143): CodeIgniter\HTTP\Files\UploadedFile->getExtension()
 6 SYSTEMPATH\Validation\Validation.php(315): CodeIgniter\Validation\FileRules->is_image('1666248545_a92ee96a88d91442d272.jpg', [], [...], null)
 7 SYSTEMPATH\Validation\Validation.php(175): CodeIgniter\Validation\Validation->processRules('image', 'image', '1666248545_a92ee96a88d91442d272.jpg', [...], [...])
 8 SYSTEMPATH\BaseModel.php(1350): CodeIgniter\Validation\Validation->run([...], null, null)
 9 SYSTEMPATH\BaseModel.php(835): CodeIgniter\BaseModel->validate([...])
10 SYSTEMPATH\Model.php(693): CodeIgniter\BaseModel->update(null, [...])
11 APPPATH\Controllers\User.php(233): CodeIgniter\Model->update()
12 SYSTEMPATH\CodeIgniter.php(907): App\Controllers\User->profile()
13 SYSTEMPATH\CodeIgniter.php(457): CodeIgniter\CodeIgniter->runController(Object(App\Controllers\User))
14 SYSTEMPATH\CodeIgniter.php(340): CodeIgniter\CodeIgniter->handleRequest(null, Object(Config\Cache), false)
15 FCPATH\index.php(68): CodeIgniter\CodeIgniter->run()
CRITICAL - 2022-10-19 23:50:06 --> The original file is not a valid file.
in SYSTEMPATH\HTTP\Files\UploadedFile.php on line 137.
 1 SYSTEMPATH\HTTP\Files\UploadedFile.php(137): CodeIgniter\HTTP\Exceptions\HTTPException::forInvalidFile()
 2 APPPATH\Controllers\User.php(225): CodeIgniter\HTTP\Files\UploadedFile->move('FCPATH\\public\\asset\\img\\user', '1666248606_0b3c8642dee655d60fa7')
 3 SYSTEMPATH\CodeIgniter.php(907): App\Controllers\User->profile()
 4 SYSTEMPATH\CodeIgniter.php(457): CodeIgniter\CodeIgniter->runController(Object(App\Controllers\User))
 5 SYSTEMPATH\CodeIgniter.php(340): CodeIgniter\CodeIgniter->handleRequest(null, Object(Config\Cache), false)
 6 FCPATH\index.php(68): CodeIgniter\CodeIgniter->run()
CRITICAL - 2022-10-19 23:54:38 --> The original file is not a valid file.
in SYSTEMPATH\HTTP\Files\UploadedFile.php on line 137.
 1 SYSTEMPATH\HTTP\Files\UploadedFile.php(137): CodeIgniter\HTTP\Exceptions\HTTPException::forInvalidFile()
 2 APPPATH\Controllers\User.php(225): CodeIgniter\HTTP\Files\UploadedFile->move('FCPATH\\public\\asset\\img\\user', '1666248878_a72c945a0f1f94bba69b')
 3 SYSTEMPATH\CodeIgniter.php(907): App\Controllers\User->profile()
 4 SYSTEMPATH\CodeIgniter.php(457): CodeIgniter\CodeIgniter->runController(Object(App\Controllers\User))
 5 SYSTEMPATH\CodeIgniter.php(340): CodeIgniter\CodeIgniter->handleRequest(null, Object(Config\Cache), false)
 6 FCPATH\index.php(68): CodeIgniter\CodeIgniter->run()
CRITICAL - 2022-10-19 23:54:54 --> finfo_file(C:\xampp\tmp\php501B.tmp): Failed to open stream: No such file or directory
in SYSTEMPATH\Files\File.php on line 114.
 1 [internal function]: CodeIgniter\Debug\Exceptions->errorHandler(2, 'finfo_file(C:\\xampp\\tmp\\php501B.tmp): Failed to open stream: No such file or directory', 'SYSTEMPATH\\Files\\File.php', 114)
 2 SYSTEMPATH\Files\File.php(114): finfo_file(Object(finfo), 'C:\\xampp\\tmp\\php501B.tmp')
 3 SYSTEMPATH\HTTP\Files\UploadedFile.php(302): CodeIgniter\Files\File->getMimeType()
 4 SYSTEMPATH\HTTP\Files\UploadedFile.php(291): CodeIgniter\HTTP\Files\UploadedFile->guessExtension()
 5 SYSTEMPATH\Validation\FileRules.php(143): CodeIgniter\HTTP\Files\UploadedFile->getExtension()
 6 SYSTEMPATH\Validation\Validation.php(315): CodeIgniter\Validation\FileRules->is_image('1666248894_d6930b348f4547d24369.jpg', [], [...], null)
 7 SYSTEMPATH\Validation\Validation.php(175): CodeIgniter\Validation\Validation->processRules('image', 'image', '1666248894_d6930b348f4547d24369.jpg', [...], [...])
 8 SYSTEMPATH\BaseModel.php(1350): CodeIgniter\Validation\Validation->run([...], null, null)
 9 SYSTEMPATH\BaseModel.php(835): CodeIgniter\BaseModel->validate([...])
10 SYSTEMPATH\Model.php(693): CodeIgniter\BaseModel->update(null, [...])
11 APPPATH\Controllers\User.php(233): CodeIgniter\Model->update()
12 SYSTEMPATH\CodeIgniter.php(907): App\Controllers\User->profile()
13 SYSTEMPATH\CodeIgniter.php(457): CodeIgniter\CodeIgniter->runController(Object(App\Controllers\User))
14 SYSTEMPATH\CodeIgniter.php(340): CodeIgniter\CodeIgniter->handleRequest(null, Object(Config\Cache), false)
15 FCPATH\index.php(68): CodeIgniter\CodeIgniter->run()
CRITICAL - 2022-10-19 23:57:26 --> finfo_file(C:\xampp\tmp\phpA297.tmp): Failed to open stream: No such file or directory
in SYSTEMPATH\Files\File.php on line 114.
 1 [internal function]: CodeIgniter\Debug\Exceptions->errorHandler(2, 'finfo_file(C:\\xampp\\tmp\\phpA297.tmp): Failed to open stream: No such file or directory', 'SYSTEMPATH\\Files\\File.php', 114)
 2 SYSTEMPATH\Files\File.php(114): finfo_file(Object(finfo), 'C:\\xampp\\tmp\\phpA297.tmp')
 3 SYSTEMPATH\HTTP\Files\UploadedFile.php(302): CodeIgniter\Files\File->getMimeType()
 4 SYSTEMPATH\HTTP\Files\UploadedFile.php(291): CodeIgniter\HTTP\Files\UploadedFile->guessExtension()
 5 SYSTEMPATH\Validation\FileRules.php(143): CodeIgniter\HTTP\Files\UploadedFile->getExtension()
 6 SYSTEMPATH\Validation\Validation.php(315): CodeIgniter\Validation\FileRules->is_image('1666249046_acf10730d3819576f494.jpg', [], [...], null)
 7 SYSTEMPATH\Validation\Validation.php(175): CodeIgniter\Validation\Validation->processRules('image', 'image', '1666249046_acf10730d3819576f494.jpg', [...], [...])
 8 SYSTEMPATH\BaseModel.php(1350): CodeIgniter\Validation\Validation->run([...], null, null)
 9 SYSTEMPATH\BaseModel.php(835): CodeIgniter\BaseModel->validate([...])
10 SYSTEMPATH\Model.php(693): CodeIgniter\BaseModel->update(null, [...])
11 APPPATH\Controllers\User.php(233): CodeIgniter\Model->update()
12 SYSTEMPATH\CodeIgniter.php(907): App\Controllers\User->profile()
13 SYSTEMPATH\CodeIgniter.php(457): CodeIgniter\CodeIgniter->runController(Object(App\Controllers\User))
14 SYSTEMPATH\CodeIgniter.php(340): CodeIgniter\CodeIgniter->handleRequest(null, Object(Config\Cache), false)
15 FCPATH\index.php(68): CodeIgniter\CodeIgniter->run()
CRITICAL - 2022-10-19 23:57:38 --> finfo_file(C:\xampp\tmp\phpCFA4.tmp): Failed to open stream: No such file or directory
in SYSTEMPATH\Files\File.php on line 114.
 1 [internal function]: CodeIgniter\Debug\Exceptions->errorHandler(2, 'finfo_file(C:\\xampp\\tmp\\phpCFA4.tmp): Failed to open stream: No such file or directory', 'SYSTEMPATH\\Files\\File.php', 114)
 2 SYSTEMPATH\Files\File.php(114): finfo_file(Object(finfo), 'C:\\xampp\\tmp\\phpCFA4.tmp')
 3 SYSTEMPATH\HTTP\Files\UploadedFile.php(302): CodeIgniter\Files\File->getMimeType()
 4 SYSTEMPATH\HTTP\Files\UploadedFile.php(291): CodeIgniter\HTTP\Files\UploadedFile->guessExtension()
 5 SYSTEMPATH\Validation\FileRules.php(143): CodeIgniter\HTTP\Files\UploadedFile->getExtension()
 6 SYSTEMPATH\Validation\Validation.php(315): CodeIgniter\Validation\FileRules->is_image('1666249058_535644bc7aa706b04573.jpg', [], [...], null)
 7 SYSTEMPATH\Validation\Validation.php(175): CodeIgniter\Validation\Validation->processRules('image', 'image', '1666249058_535644bc7aa706b04573.jpg', [...], [...])
 8 SYSTEMPATH\BaseModel.php(1350): CodeIgniter\Validation\Validation->run([...], null, null)
 9 SYSTEMPATH\BaseModel.php(835): CodeIgniter\BaseModel->validate([...])
10 SYSTEMPATH\Model.php(693): CodeIgniter\BaseModel->update(null, [...])
11 APPPATH\Controllers\User.php(233): CodeIgniter\Model->update()
12 SYSTEMPATH\CodeIgniter.php(907): App\Controllers\User->profile()
13 SYSTEMPATH\CodeIgniter.php(457): CodeIgniter\CodeIgniter->runController(Object(App\Controllers\User))
14 SYSTEMPATH\CodeIgniter.php(340): CodeIgniter\CodeIgniter->handleRequest(null, Object(Config\Cache), false)
15 FCPATH\index.php(68): CodeIgniter\CodeIgniter->run()
