CRITICAL - 2022-12-02 09:08:36 --> Undefined array key "part_of_speech_id"
in APPPATH\Models\MeaningModel.php on line 75.
 1 APPPATH\Models\MeaningModel.php(75): CodeIgniter\Debug\Exceptions->errorHandler(2, 'Undefined array key "part_of_speech_id"', 'APPPATH\\Models\\MeaningModel.php', 75)
 2 APPPATH\Controllers\Meaning.php(113): App\Models\MeaningModel->insert_meaning([...])
 3 SYSTEMPATH\CodeIgniter.php(907): App\Controllers\Meaning->addmeaning()
 4 SYSTEMPATH\CodeIgniter.php(457): CodeIgniter\CodeIgniter->runController(Object(App\Controllers\Meaning))
 5 SYSTEMPATH\CodeIgniter.php(340): CodeIgniter\CodeIgniter->handleRequest(null, Object(Config\Cache), false)
 6 FCPATH\index.php(68): CodeIgniter\CodeIgniter->run()
CRITICAL - 2022-12-02 09:12:55 --> Undefined array key "example"
in APPPATH\Models\MeaningModel.php on line 75.
 1 APPPATH\Models\MeaningModel.php(75): CodeIgniter\Debug\Exceptions->errorHandler(2, 'Undefined array key "example"', 'APPPATH\\Models\\MeaningModel.php', 75)
 2 APPPATH\Controllers\Meaning.php(114): App\Models\MeaningModel->insert_meaning([...])
 3 SYSTEMPATH\CodeIgniter.php(907): App\Controllers\Meaning->addmeaning()
 4 SYSTEMPATH\CodeIgniter.php(457): CodeIgniter\CodeIgniter->runController(Object(App\Controllers\Meaning))
 5 SYSTEMPATH\CodeIgniter.php(340): CodeIgniter\CodeIgniter->handleRequest(null, Object(Config\Cache), false)
 6 FCPATH\index.php(68): CodeIgniter\CodeIgniter->run()
CRITICAL - 2022-12-02 11:02:47 --> You cannot use `getCompiledInsert()` in `App\Models\MeaningsModel`. This is a method of the `Query Builder` class.
in SYSTEMPATH\Model.php on line 790.
 1 SYSTEMPATH\Model.php(790): CodeIgniter\Exceptions\ModelException::forMethodNotAvailable('App\\Models\\MeaningsModel', 'getCompiledInsert()')
 2 SYSTEMPATH\Model.php(770): CodeIgniter\Model->checkBuilderMethod('getCompiledInsert')
 3 APPPATH\Models\MeaningsModel.php(98): CodeIgniter\Model->__call('getCompiledInsert', [])
 4 APPPATH\Controllers\Meaning.php(116): App\Models\MeaningsModel->insert_meaning([...])
 5 SYSTEMPATH\CodeIgniter.php(907): App\Controllers\Meaning->addmeaning()
 6 SYSTEMPATH\CodeIgniter.php(457): CodeIgniter\CodeIgniter->runController(Object(App\Controllers\Meaning))
 7 SYSTEMPATH\CodeIgniter.php(340): CodeIgniter\CodeIgniter->handleRequest(null, Object(Config\Cache), false)
 8 FCPATH\index.php(68): CodeIgniter\CodeIgniter->run()
CRITICAL - 2022-12-02 11:03:38 --> You cannot use `getCompiledInsert()` in `App\Models\MeaningsModel`. This is a method of the `Query Builder` class.
in SYSTEMPATH\Model.php on line 790.
 1 SYSTEMPATH\Model.php(790): CodeIgniter\Exceptions\ModelException::forMethodNotAvailable('App\\Models\\MeaningsModel', 'getCompiledInsert()')
 2 SYSTEMPATH\Model.php(770): CodeIgniter\Model->checkBuilderMethod('getCompiledInsert')
 3 APPPATH\Models\MeaningsModel.php(98): CodeIgniter\Model->__call('getCompiledInsert', [...])
 4 APPPATH\Controllers\Meaning.php(116): App\Models\MeaningsModel->insert_meaning([...])
 5 SYSTEMPATH\CodeIgniter.php(907): App\Controllers\Meaning->addmeaning()
 6 SYSTEMPATH\CodeIgniter.php(457): CodeIgniter\CodeIgniter->runController(Object(App\Controllers\Meaning))
 7 SYSTEMPATH\CodeIgniter.php(340): CodeIgniter\CodeIgniter->handleRequest(null, Object(Config\Cache), false)
 8 FCPATH\index.php(68): CodeIgniter\CodeIgniter->run()
CRITICAL - 2022-12-02 11:07:56 --> Call to a member function getQuery() on bool
in APPPATH\Models\MeaningsModel.php on line 100.
 1 APPPATH\Controllers\Meaning.php(116): App\Models\MeaningsModel->insert_meaning([...])
 2 SYSTEMPATH\CodeIgniter.php(907): App\Controllers\Meaning->addmeaning()
 3 SYSTEMPATH\CodeIgniter.php(457): CodeIgniter\CodeIgniter->runController(Object(App\Controllers\Meaning))
 4 SYSTEMPATH\CodeIgniter.php(340): CodeIgniter\CodeIgniter->handleRequest(null, Object(Config\Cache), false)
 5 FCPATH\index.php(68): CodeIgniter\CodeIgniter->run()
CRITICAL - 2022-12-02 11:08:38 --> Call to a member function getQuery() on bool
in APPPATH\Models\MeaningsModel.php on line 100.
 1 APPPATH\Controllers\Meaning.php(116): App\Models\MeaningsModel->insert_meaning([...])
 2 SYSTEMPATH\CodeIgniter.php(907): App\Controllers\Meaning->addmeaning()
 3 SYSTEMPATH\CodeIgniter.php(457): CodeIgniter\CodeIgniter->runController(Object(App\Controllers\Meaning))
 4 SYSTEMPATH\CodeIgniter.php(340): CodeIgniter\CodeIgniter->handleRequest(null, Object(Config\Cache), false)
 5 FCPATH\index.php(68): CodeIgniter\CodeIgniter->run()
CRITICAL - 2022-12-02 11:08:55 --> Call to undefined method App\Models\MeaningsModel::getQuery
in SYSTEMPATH\Model.php on line 774.
 1 APPPATH\Models\MeaningsModel.php(100): CodeIgniter\Model->__call('getQuery', [])
 2 APPPATH\Controllers\Meaning.php(116): App\Models\MeaningsModel->insert_meaning([...])
 3 SYSTEMPATH\CodeIgniter.php(907): App\Controllers\Meaning->addmeaning()
 4 SYSTEMPATH\CodeIgniter.php(457): CodeIgniter\CodeIgniter->runController(Object(App\Controllers\Meaning))
 5 SYSTEMPATH\CodeIgniter.php(340): CodeIgniter\CodeIgniter->handleRequest(null, Object(Config\Cache), false)
 6 FCPATH\index.php(68): CodeIgniter\CodeIgniter->run()
CRITICAL - 2022-12-02 12:05:37 --> CodeIgniter\Validation\Rules::min_length(): Argument #1 ($str) must be of type ?string, array given, called in C:\xampp\htdocs\etkal\system\Validation\Validation.php on line 315
in SYSTEMPATH\Validation\Rules.php on line 186.
 1 SYSTEMPATH\Validation\Validation.php(315): CodeIgniter\Validation\Rules->min_length([...], '1', [...], null)
 2 SYSTEMPATH\Validation\Validation.php(175): CodeIgniter\Validation\Validation->processRules('homonyms', 'homonyms', [...], [...], [...])
 3 SYSTEMPATH\Controller.php(140): CodeIgniter\Validation\Validation->run()
 4 APPPATH\Controllers\Meaning.php(80): CodeIgniter\Controller->validate([...])
 5 SYSTEMPATH\CodeIgniter.php(907): App\Controllers\Meaning->addmeaning()
 6 SYSTEMPATH\CodeIgniter.php(457): CodeIgniter\CodeIgniter->runController(Object(App\Controllers\Meaning))
 7 SYSTEMPATH\CodeIgniter.php(340): CodeIgniter\CodeIgniter->handleRequest(null, Object(Config\Cache), false)
 8 FCPATH\index.php(68): CodeIgniter\CodeIgniter->run()
CRITICAL - 2022-12-02 12:11:02 --> CodeIgniter\Validation\Rules::min_length(): Argument #1 ($str) must be of type ?string, array given, called in C:\xampp\htdocs\etkal\system\Validation\Validation.php on line 315
in SYSTEMPATH\Validation\Rules.php on line 186.
 1 SYSTEMPATH\Validation\Validation.php(315): CodeIgniter\Validation\Rules->min_length([...], '1', [...], null)
 2 SYSTEMPATH\Validation\Validation.php(175): CodeIgniter\Validation\Validation->processRules('homonyms', 'homonyms', [...], [...], [...])
 3 SYSTEMPATH\Controller.php(140): CodeIgniter\Validation\Validation->run()
 4 APPPATH\Controllers\Meaning.php(80): CodeIgniter\Controller->validate([...])
 5 SYSTEMPATH\CodeIgniter.php(907): App\Controllers\Meaning->addmeaning()
 6 SYSTEMPATH\CodeIgniter.php(457): CodeIgniter\CodeIgniter->runController(Object(App\Controllers\Meaning))
 7 SYSTEMPATH\CodeIgniter.php(340): CodeIgniter\CodeIgniter->handleRequest(null, Object(Config\Cache), false)
 8 FCPATH\index.php(68): CodeIgniter\CodeIgniter->run()
CRITICAL - 2022-12-02 12:11:17 --> CodeIgniter\Validation\Rules::min_length(): Argument #1 ($str) must be of type ?string, array given, called in C:\xampp\htdocs\etkal\system\Validation\Validation.php on line 315
in SYSTEMPATH\Validation\Rules.php on line 186.
 1 SYSTEMPATH\Validation\Validation.php(315): CodeIgniter\Validation\Rules->min_length([...], '1', [...], null)
 2 SYSTEMPATH\Validation\Validation.php(175): CodeIgniter\Validation\Validation->processRules('homonyms', 'homonyms', [...], [...], [...])
 3 SYSTEMPATH\Controller.php(140): CodeIgniter\Validation\Validation->run()
 4 APPPATH\Controllers\Meaning.php(80): CodeIgniter\Controller->validate([...])
 5 SYSTEMPATH\CodeIgniter.php(907): App\Controllers\Meaning->addmeaning()
 6 SYSTEMPATH\CodeIgniter.php(457): CodeIgniter\CodeIgniter->runController(Object(App\Controllers\Meaning))
 7 SYSTEMPATH\CodeIgniter.php(340): CodeIgniter\CodeIgniter->handleRequest(null, Object(Config\Cache), false)
 8 FCPATH\index.php(68): CodeIgniter\CodeIgniter->run()
CRITICAL - 2022-12-02 12:22:56 --> Undefined array key "dictionary_id"
in APPPATH\Controllers\Meaning.php on line 113.
 1 APPPATH\Controllers\Meaning.php(113): CodeIgniter\Debug\Exceptions->errorHandler(2, 'Undefined array key "dictionary_id"', 'APPPATH\\Controllers\\Meaning.php', 113)
 2 SYSTEMPATH\CodeIgniter.php(907): App\Controllers\Meaning->addmeaning()
 3 SYSTEMPATH\CodeIgniter.php(457): CodeIgniter\CodeIgniter->runController(Object(App\Controllers\Meaning))
 4 SYSTEMPATH\CodeIgniter.php(340): CodeIgniter\CodeIgniter->handleRequest(null, Object(Config\Cache), false)
 5 FCPATH\index.php(68): CodeIgniter\CodeIgniter->run()
CRITICAL - 2022-12-02 12:25:29 --> Undefined array key "dictionary_id"
in APPPATH\Controllers\Meaning.php on line 117.
 1 APPPATH\Controllers\Meaning.php(117): CodeIgniter\Debug\Exceptions->errorHandler(2, 'Undefined array key "dictionary_id"', 'APPPATH\\Controllers\\Meaning.php', 117)
 2 SYSTEMPATH\CodeIgniter.php(907): App\Controllers\Meaning->addmeaning()
 3 SYSTEMPATH\CodeIgniter.php(457): CodeIgniter\CodeIgniter->runController(Object(App\Controllers\Meaning))
 4 SYSTEMPATH\CodeIgniter.php(340): CodeIgniter\CodeIgniter->handleRequest(null, Object(Config\Cache), false)
 5 FCPATH\index.php(68): CodeIgniter\CodeIgniter->run()
CRITICAL - 2022-12-02 17:44:37 --> Call to undefined method App\Models\MeaningsModel::insert_meaning
in SYSTEMPATH\Model.php on line 774.
 1 APPPATH\Controllers\Meaning.php(126): CodeIgniter\Model->__call('insert_meaning', [...])
 2 SYSTEMPATH\CodeIgniter.php(907): App\Controllers\Meaning->addmeaning()
 3 SYSTEMPATH\CodeIgniter.php(457): CodeIgniter\CodeIgniter->runController(Object(App\Controllers\Meaning))
 4 SYSTEMPATH\CodeIgniter.php(340): CodeIgniter\CodeIgniter->handleRequest(null, Object(Config\Cache), false)
 5 FCPATH\index.php(68): CodeIgniter\CodeIgniter->run()
