CRITICAL - 2022-12-05 10:51:01 --> You cannot use `getCompiledInsert()` in `App\Models\MeaningsModel`. This is a method of the `Query Builder` class.
in SYSTEMPATH\Model.php on line 790.
 1 SYSTEMPATH\Model.php(790): CodeIgniter\Exceptions\ModelException::forMethodNotAvailable('App\\Models\\MeaningsModel', 'getCompiledInsert()')
 2 SYSTEMPATH\Model.php(770): CodeIgniter\Model->checkBuilderMethod('getCompiledInsert')
 3 APPPATH\Models\MeaningsModel.php(87): CodeIgniter\Model->__call('getCompiledInsert', [])
 4 APPPATH\Controllers\Meaning.php(122): App\Models\MeaningsModel->insert_meanings([...])
 5 SYSTEMPATH\CodeIgniter.php(907): App\Controllers\Meaning->addmeaning()
 6 SYSTEMPATH\CodeIgniter.php(457): CodeIgniter\CodeIgniter->runController(Object(App\Controllers\Meaning))
 7 SYSTEMPATH\CodeIgniter.php(340): CodeIgniter\CodeIgniter->handleRequest(null, Object(Config\Cache), false)
 8 FCPATH\index.php(68): CodeIgniter\CodeIgniter->run()
ERROR - 2022-12-05 11:38:47 --> mysqli_sql_exception: Table 'kal.meaning' doesn't exist in C:\xampp\htdocs\etkal\system\Database\MySQLi\Connection.php:292
Stack trace:
#0 C:\xampp\htdocs\etkal\system\Database\MySQLi\Connection.php(292): mysqli->query('SELECT 1\nFROM `...', 0)
#1 C:\xampp\htdocs\etkal\system\Database\BaseConnection.php(693): CodeIgniter\Database\MySQLi\Connection->execute('SELECT 1\nFROM `...')
#2 C:\xampp\htdocs\etkal\system\Database\BaseConnection.php(620): CodeIgniter\Database\BaseConnection->simpleQuery('SELECT 1\nFROM `...')
#3 C:\xampp\htdocs\etkal\system\Database\BaseBuilder.php(1585): CodeIgniter\Database\BaseConnection->query('SELECT 1\nFROM `...', Array, false)
#4 C:\xampp\htdocs\etkal\system\Validation\Rules.php(104): CodeIgniter\Database\BaseBuilder->get()
#5 C:\xampp\htdocs\etkal\system\Validation\Validation.php(315): CodeIgniter\Validation\Rules->is_not_unique('25', 'meaning_id', Array, NULL)
#6 C:\xampp\htdocs\etkal\system\Validation\Validation.php(175): CodeIgniter\Validation\Validation->processRules('meaning_id', 'meaning_id', 25, Array, Array)
#7 C:\xampp\htdocs\etkal\system\BaseModel.php(1350): CodeIgniter\Validation\Validation->run(Array, NULL, NULL)
#8 C:\xampp\htdocs\etkal\system\BaseModel.php(707): CodeIgniter\BaseModel->validate(Array)
#9 C:\xampp\htdocs\etkal\system\Model.php(667): CodeIgniter\BaseModel->insert(Array, true)
#10 C:\xampp\htdocs\etkal\app\Models\WordMeaningModel.php(70): CodeIgniter\Model->insert(Array)
#11 C:\xampp\htdocs\etkal\app\Controllers\Meaning.php(123): App\Models\WordMeaningModel->insert_word_meaning(Array)
#12 C:\xampp\htdocs\etkal\system\CodeIgniter.php(907): App\Controllers\Meaning->addmeaning()
#13 C:\xampp\htdocs\etkal\system\CodeIgniter.php(457): CodeIgniter\CodeIgniter->runController(Object(App\Controllers\Meaning))
#14 C:\xampp\htdocs\etkal\system\CodeIgniter.php(340): CodeIgniter\CodeIgniter->handleRequest(NULL, Object(Config\Cache), false)
#15 C:\xampp\htdocs\etkal\index.php(68): CodeIgniter\CodeIgniter->run()
#16 {main}
CRITICAL - 2022-12-05 11:38:47 --> Table 'kal.meaning' doesn't exist
in SYSTEMPATH\Database\MySQLi\Connection.php on line 292.
 1 SYSTEMPATH\Database\MySQLi\Connection.php(292): mysqli->query('SELECT 1
FROM `meaning`
WHERE `meaning_id` = \'25\'
 LIMIT 1', 0)
 2 SYSTEMPATH\Database\BaseConnection.php(693): CodeIgniter\Database\MySQLi\Connection->execute('SELECT 1
FROM `meaning`
WHERE `meaning_id` = \'25\'
 LIMIT 1')
 3 SYSTEMPATH\Database\BaseConnection.php(620): CodeIgniter\Database\BaseConnection->simpleQuery('SELECT 1
FROM `meaning`
WHERE `meaning_id` = \'25\'
 LIMIT 1')
 4 SYSTEMPATH\Database\BaseBuilder.php(1585): CodeIgniter\Database\BaseConnection->query('SELECT 1
FROM `meaning`
WHERE `meaning_id` = :meaning_id:
 LIMIT 1', [...], false)
 5 SYSTEMPATH\Validation\Rules.php(104): CodeIgniter\Database\BaseBuilder->get()
 6 SYSTEMPATH\Validation\Validation.php(315): CodeIgniter\Validation\Rules->is_not_unique('25', 'meaning_id', [...], null)
 7 SYSTEMPATH\Validation\Validation.php(175): CodeIgniter\Validation\Validation->processRules('meaning_id', 'meaning_id', 25, [...], [...])
 8 SYSTEMPATH\BaseModel.php(1350): CodeIgniter\Validation\Validation->run([...], null, null)
 9 SYSTEMPATH\BaseModel.php(707): CodeIgniter\BaseModel->validate([...])
10 SYSTEMPATH\Model.php(667): CodeIgniter\BaseModel->insert([...], true)
11 APPPATH\Models\WordMeaningModel.php(70): CodeIgniter\Model->insert([...])
12 APPPATH\Controllers\Meaning.php(123): App\Models\WordMeaningModel->insert_word_meaning([...])
13 SYSTEMPATH\CodeIgniter.php(907): App\Controllers\Meaning->addmeaning()
14 SYSTEMPATH\CodeIgniter.php(457): CodeIgniter\CodeIgniter->runController(Object(App\Controllers\Meaning))
15 SYSTEMPATH\CodeIgniter.php(340): CodeIgniter\CodeIgniter->handleRequest(null, Object(Config\Cache), false)
16 FCPATH\index.php(68): CodeIgniter\CodeIgniter->run()
ERROR - 2022-12-05 11:53:13 --> mysqli_sql_exception: Table 'kal.meaning' doesn't exist in C:\xampp\htdocs\etkal\system\Database\MySQLi\Connection.php:292
Stack trace:
#0 C:\xampp\htdocs\etkal\system\Database\MySQLi\Connection.php(292): mysqli->query('SELECT 1\nFROM `...', 0)
#1 C:\xampp\htdocs\etkal\system\Database\BaseConnection.php(693): CodeIgniter\Database\MySQLi\Connection->execute('SELECT 1\nFROM `...')
#2 C:\xampp\htdocs\etkal\system\Database\BaseConnection.php(620): CodeIgniter\Database\BaseConnection->simpleQuery('SELECT 1\nFROM `...')
#3 C:\xampp\htdocs\etkal\system\Database\BaseBuilder.php(1585): CodeIgniter\Database\BaseConnection->query('SELECT 1\nFROM `...', Array, false)
#4 C:\xampp\htdocs\etkal\system\Validation\Rules.php(104): CodeIgniter\Database\BaseBuilder->get()
#5 C:\xampp\htdocs\etkal\system\Validation\Validation.php(315): CodeIgniter\Validation\Rules->is_not_unique('26', 'meaning_id', Array, NULL)
#6 C:\xampp\htdocs\etkal\system\Validation\Validation.php(175): CodeIgniter\Validation\Validation->processRules('meaning_id', 'meaning_id', 26, Array, Array)
#7 C:\xampp\htdocs\etkal\system\BaseModel.php(1350): CodeIgniter\Validation\Validation->run(Array, NULL, NULL)
#8 C:\xampp\htdocs\etkal\system\BaseModel.php(707): CodeIgniter\BaseModel->validate(Array)
#9 C:\xampp\htdocs\etkal\system\Model.php(667): CodeIgniter\BaseModel->insert(Array, true)
#10 C:\xampp\htdocs\etkal\app\Models\WordMeaningModel.php(70): CodeIgniter\Model->insert(Array)
#11 C:\xampp\htdocs\etkal\app\Controllers\Meaning.php(123): App\Models\WordMeaningModel->insert_word_meaning(Array)
#12 C:\xampp\htdocs\etkal\system\CodeIgniter.php(907): App\Controllers\Meaning->addmeaning()
#13 C:\xampp\htdocs\etkal\system\CodeIgniter.php(457): CodeIgniter\CodeIgniter->runController(Object(App\Controllers\Meaning))
#14 C:\xampp\htdocs\etkal\system\CodeIgniter.php(340): CodeIgniter\CodeIgniter->handleRequest(NULL, Object(Config\Cache), false)
#15 C:\xampp\htdocs\etkal\index.php(68): CodeIgniter\CodeIgniter->run()
#16 {main}
CRITICAL - 2022-12-05 11:53:13 --> Table 'kal.meaning' doesn't exist
in SYSTEMPATH\Database\MySQLi\Connection.php on line 292.
 1 SYSTEMPATH\Database\MySQLi\Connection.php(292): mysqli->query('SELECT 1
FROM `meaning`
WHERE `meaning_id` = \'26\'
 LIMIT 1', 0)
 2 SYSTEMPATH\Database\BaseConnection.php(693): CodeIgniter\Database\MySQLi\Connection->execute('SELECT 1
FROM `meaning`
WHERE `meaning_id` = \'26\'
 LIMIT 1')
 3 SYSTEMPATH\Database\BaseConnection.php(620): CodeIgniter\Database\BaseConnection->simpleQuery('SELECT 1
FROM `meaning`
WHERE `meaning_id` = \'26\'
 LIMIT 1')
 4 SYSTEMPATH\Database\BaseBuilder.php(1585): CodeIgniter\Database\BaseConnection->query('SELECT 1
FROM `meaning`
WHERE `meaning_id` = :meaning_id:
 LIMIT 1', [...], false)
 5 SYSTEMPATH\Validation\Rules.php(104): CodeIgniter\Database\BaseBuilder->get()
 6 SYSTEMPATH\Validation\Validation.php(315): CodeIgniter\Validation\Rules->is_not_unique('26', 'meaning_id', [...], null)
 7 SYSTEMPATH\Validation\Validation.php(175): CodeIgniter\Validation\Validation->processRules('meaning_id', 'meaning_id', 26, [...], [...])
 8 SYSTEMPATH\BaseModel.php(1350): CodeIgniter\Validation\Validation->run([...], null, null)
 9 SYSTEMPATH\BaseModel.php(707): CodeIgniter\BaseModel->validate([...])
10 SYSTEMPATH\Model.php(667): CodeIgniter\BaseModel->insert([...], true)
11 APPPATH\Models\WordMeaningModel.php(70): CodeIgniter\Model->insert([...])
12 APPPATH\Controllers\Meaning.php(123): App\Models\WordMeaningModel->insert_word_meaning([...])
13 SYSTEMPATH\CodeIgniter.php(907): App\Controllers\Meaning->addmeaning()
14 SYSTEMPATH\CodeIgniter.php(457): CodeIgniter\CodeIgniter->runController(Object(App\Controllers\Meaning))
15 SYSTEMPATH\CodeIgniter.php(340): CodeIgniter\CodeIgniter->handleRequest(null, Object(Config\Cache), false)
16 FCPATH\index.php(68): CodeIgniter\CodeIgniter->run()
CRITICAL - 2022-12-05 12:16:48 --> Call to undefined method CodeIgniter\Database\MySQLi\Connection::set()
in APPPATH\Models\MeaningsModel.php on line 86.
 1 APPPATH\Controllers\Meaning.php(122): App\Models\MeaningsModel->insert_meanings([...])
 2 SYSTEMPATH\CodeIgniter.php(907): App\Controllers\Meaning->addmeaning()
 3 SYSTEMPATH\CodeIgniter.php(457): CodeIgniter\CodeIgniter->runController(Object(App\Controllers\Meaning))
 4 SYSTEMPATH\CodeIgniter.php(340): CodeIgniter\CodeIgniter->handleRequest(null, Object(Config\Cache), false)
 5 FCPATH\index.php(68): CodeIgniter\CodeIgniter->run()
