ERROR - 2023-03-09 11:22:30 --> mysqli_sql_exception: Unknown column 'p.role_id' in 'on clause' in C:\xampp\htdocs\etkal\system\Database\MySQLi\Connection.php:292
Stack trace:
#0 C:\xampp\htdocs\etkal\system\Database\MySQLi\Connection.php(292): mysqli->query('SELECT `pc`.`pa...', 0)
#1 C:\xampp\htdocs\etkal\system\Database\BaseConnection.php(693): CodeIgniter\Database\MySQLi\Connection->execute('SELECT `pc`.`pa...')
#2 C:\xampp\htdocs\etkal\system\Database\BaseConnection.php(620): CodeIgniter\Database\BaseConnection->simpleQuery('SELECT `pc`.`pa...')
#3 C:\xampp\htdocs\etkal\system\Database\BaseBuilder.php(1585): CodeIgniter\Database\BaseConnection->query('SELECT `pc`.`pa...', Array, false)
#4 C:\xampp\htdocs\etkal\app\Libraries\Functions.php(107): CodeIgniter\Database\BaseBuilder->get()
#5 C:\xampp\htdocs\etkal\app\Libraries\Functions.php(68): App\Libraries\Functions::userrole()
#6 C:\xampp\htdocs\etkal\app\Controllers\Users.php(70): App\Libraries\Functions::pagedata()
#7 C:\xampp\htdocs\etkal\system\CodeIgniter.php(907): App\Controllers\Users->index()
#8 C:\xampp\htdocs\etkal\system\CodeIgniter.php(457): CodeIgniter\CodeIgniter->runController(Object(App\Controllers\Users))
#9 C:\xampp\htdocs\etkal\system\CodeIgniter.php(340): CodeIgniter\CodeIgniter->handleRequest(NULL, Object(Config\Cache), false)
#10 C:\xampp\htdocs\etkal\index.php(68): CodeIgniter\CodeIgniter->run()
#11 {main}
CRITICAL - 2023-03-09 11:22:30 --> Unknown column 'p.role_id' in 'on clause'
in SYSTEMPATH\Database\MySQLi\Connection.php on line 292.
 1 SYSTEMPATH\Database\MySQLi\Connection.php(292): mysqli->query('SELECT `pc`.`page_category_id`, `pc`.`category`, `pc`.`link`, `pc`.`icon`, `pc`.`view_order`, `pc`.`sefix_html`, `p`.`page`, `p`.`page_link`, `p`.`page_icon`, `p`.`page_view_order`, `p`.`page_sefix`, `p`.`category_id`, `ra`.`role_action_id`, `ra`.`action`, `ur`.`user_id`, `ur`.`created_at`, `ur`.`updated_at`, `ur`.`expiry_date`, `r`.`role`, `u`.`role_id`, `u`.`dictionary_flag`
FROM `user_roles` AS `ur`
JOIN `role_actions` AS `ra` ON `ur`.`role_action_id` = `ra`.`role_action_id`
JOIN `rolepage` AS `rp` ON `ur`.`role_page_id` = `rp`.`rolepage_id`
JOIN `pages` AS `p` ON `rp`.`page_id` = `p`.`page_id`
JOIN `page_categories` AS `pc` ON `p`.`category_id` = `pc`.`page_category_id`
JOIN `roles` AS `r` ON `p`.`role_id` = `r`.`role_id`
JOIN `users` AS `u` ON `ur`.`user_id` = `u`.`user_id`
WHERE `u`.`email` = \'dwtk.ayele@gmail.com\'
AND `ur`.`flag` = 1
AND `p`.`flag` = 1
AND `pc`.`flag` = 1
AND 0 = \'ur.expiry_date >= CURRENT_DATE() OR ur.expiry_date IS NULL\'
GROUP BY `p`.`page_id`, `ra`.`role_action_id`
ORDER BY `pc`.`view_order` ASC, `p`.`page_view_order` ASC', 0)
 2 SYSTEMPATH\Database\BaseConnection.php(693): CodeIgniter\Database\MySQLi\Connection->execute('SELECT `pc`.`page_category_id`, `pc`.`category`, `pc`.`link`, `pc`.`icon`, `pc`.`view_order`, `pc`.`sefix_html`, `p`.`page`, `p`.`page_link`, `p`.`page_icon`, `p`.`page_view_order`, `p`.`page_sefix`, `p`.`category_id`, `ra`.`role_action_id`, `ra`.`action`, `ur`.`user_id`, `ur`.`created_at`, `ur`.`updated_at`, `ur`.`expiry_date`, `r`.`role`, `u`.`role_id`, `u`.`dictionary_flag`
FROM `user_roles` AS `ur`
JOIN `role_actions` AS `ra` ON `ur`.`role_action_id` = `ra`.`role_action_id`
JOIN `rolepage` AS `rp` ON `ur`.`role_page_id` = `rp`.`rolepage_id`
JOIN `pages` AS `p` ON `rp`.`page_id` = `p`.`page_id`
JOIN `page_categories` AS `pc` ON `p`.`category_id` = `pc`.`page_category_id`
JOIN `roles` AS `r` ON `p`.`role_id` = `r`.`role_id`
JOIN `users` AS `u` ON `ur`.`user_id` = `u`.`user_id`
WHERE `u`.`email` = \'dwtk.ayele@gmail.com\'
AND `ur`.`flag` = 1
AND `p`.`flag` = 1
AND `pc`.`flag` = 1
AND 0 = \'ur.expiry_date >= CURRENT_DATE() OR ur.expiry_date IS NULL\'
GROUP BY `p`.`page_id`, `ra`.`role_action_id`
ORDER BY `pc`.`view_order` ASC, `p`.`page_view_order` ASC')
 3 SYSTEMPATH\Database\BaseConnection.php(620): CodeIgniter\Database\BaseConnection->simpleQuery('SELECT `pc`.`page_category_id`, `pc`.`category`, `pc`.`link`, `pc`.`icon`, `pc`.`view_order`, `pc`.`sefix_html`, `p`.`page`, `p`.`page_link`, `p`.`page_icon`, `p`.`page_view_order`, `p`.`page_sefix`, `p`.`category_id`, `ra`.`role_action_id`, `ra`.`action`, `ur`.`user_id`, `ur`.`created_at`, `ur`.`updated_at`, `ur`.`expiry_date`, `r`.`role`, `u`.`role_id`, `u`.`dictionary_flag`
FROM `user_roles` AS `ur`
JOIN `role_actions` AS `ra` ON `ur`.`role_action_id` = `ra`.`role_action_id`
JOIN `rolepage` AS `rp` ON `ur`.`role_page_id` = `rp`.`rolepage_id`
JOIN `pages` AS `p` ON `rp`.`page_id` = `p`.`page_id`
JOIN `page_categories` AS `pc` ON `p`.`category_id` = `pc`.`page_category_id`
JOIN `roles` AS `r` ON `p`.`role_id` = `r`.`role_id`
JOIN `users` AS `u` ON `ur`.`user_id` = `u`.`user_id`
WHERE `u`.`email` = \'dwtk.ayele@gmail.com\'
AND `ur`.`flag` = 1
AND `p`.`flag` = 1
AND `pc`.`flag` = 1
AND 0 = \'ur.expiry_date >= CURRENT_DATE() OR ur.expiry_date IS NULL\'
GROUP BY `p`.`page_id`, `ra`.`role_action_id`
ORDER BY `pc`.`view_order` ASC, `p`.`page_view_order` ASC')
 4 SYSTEMPATH\Database\BaseBuilder.php(1585): CodeIgniter\Database\BaseConnection->query('SELECT `pc`.`page_category_id`, `pc`.`category`, `pc`.`link`, `pc`.`icon`, `pc`.`view_order`, `pc`.`sefix_html`, `p`.`page`, `p`.`page_link`, `p`.`page_icon`, `p`.`page_view_order`, `p`.`page_sefix`, `p`.`category_id`, `ra`.`role_action_id`, `ra`.`action`, `ur`.`user_id`, `ur`.`created_at`, `ur`.`updated_at`, `ur`.`expiry_date`, `r`.`role`, `u`.`role_id`, `u`.`dictionary_flag`
FROM `user_roles` AS `ur`
JOIN `role_actions` AS `ra` ON `ur`.`role_action_id` = `ra`.`role_action_id`
JOIN `rolepage` AS `rp` ON `ur`.`role_page_id` = `rp`.`rolepage_id`
JOIN `pages` AS `p` ON `rp`.`page_id` = `p`.`page_id`
JOIN `page_categories` AS `pc` ON `p`.`category_id` = `pc`.`page_category_id`
JOIN `roles` AS `r` ON `p`.`role_id` = `r`.`role_id`
JOIN `users` AS `u` ON `ur`.`user_id` = `u`.`user_id`
WHERE `u`.`email` = :u.email:
AND `ur`.`flag` = :ur.flag:
AND `p`.`flag` = :p.flag:
AND `pc`.`flag` = :pc.flag:
AND 0 = :0:
GROUP BY `p`.`page_id`, `ra`.`role_action_id`
ORDER BY `pc`.`view_order` ASC, `p`.`page_view_order` ASC', [...], false)
 5 APPPATH\Libraries\Functions.php(107): CodeIgniter\Database\BaseBuilder->get()
 6 APPPATH\Libraries\Functions.php(68): App\Libraries\Functions::userrole()
 7 APPPATH\Controllers\Users.php(70): App\Libraries\Functions::pagedata()
 8 SYSTEMPATH\CodeIgniter.php(907): App\Controllers\Users->index()
 9 SYSTEMPATH\CodeIgniter.php(457): CodeIgniter\CodeIgniter->runController(Object(App\Controllers\Users))
10 SYSTEMPATH\CodeIgniter.php(340): CodeIgniter\CodeIgniter->handleRequest(null, Object(Config\Cache), false)
11 FCPATH\index.php(68): CodeIgniter\CodeIgniter->run()
ERROR - 2023-03-09 11:39:32 --> mysqli_sql_exception: Not unique table/alias: 'ur' in C:\xampp\htdocs\etkal\system\Database\MySQLi\Connection.php:292
Stack trace:
#0 C:\xampp\htdocs\etkal\system\Database\MySQLi\Connection.php(292): mysqli->query('SELECT `pc`.`pa...', 0)
#1 C:\xampp\htdocs\etkal\system\Database\BaseConnection.php(693): CodeIgniter\Database\MySQLi\Connection->execute('SELECT `pc`.`pa...')
#2 C:\xampp\htdocs\etkal\system\Database\BaseConnection.php(620): CodeIgniter\Database\BaseConnection->simpleQuery('SELECT `pc`.`pa...')
#3 C:\xampp\htdocs\etkal\system\Database\BaseBuilder.php(1585): CodeIgniter\Database\BaseConnection->query('SELECT `pc`.`pa...', Array, false)
#4 C:\xampp\htdocs\etkal\app\Libraries\Functions.php(108): CodeIgniter\Database\BaseBuilder->get()
#5 C:\xampp\htdocs\etkal\app\Libraries\Functions.php(68): App\Libraries\Functions::userrole()
#6 C:\xampp\htdocs\etkal\app\Controllers\Users.php(70): App\Libraries\Functions::pagedata()
#7 C:\xampp\htdocs\etkal\system\CodeIgniter.php(907): App\Controllers\Users->index()
#8 C:\xampp\htdocs\etkal\system\CodeIgniter.php(457): CodeIgniter\CodeIgniter->runController(Object(App\Controllers\Users))
#9 C:\xampp\htdocs\etkal\system\CodeIgniter.php(340): CodeIgniter\CodeIgniter->handleRequest(NULL, Object(Config\Cache), false)
#10 C:\xampp\htdocs\etkal\index.php(68): CodeIgniter\CodeIgniter->run()
#11 {main}
CRITICAL - 2023-03-09 11:39:32 --> Not unique table/alias: 'ur'
in SYSTEMPATH\Database\MySQLi\Connection.php on line 292.
 1 SYSTEMPATH\Database\MySQLi\Connection.php(292): mysqli->query('SELECT `pc`.`page_category_id`, `pc`.`category`, `pc`.`link`, `pc`.`icon`, `pc`.`view_order`, `pc`.`sefix_html`, `p`.`page`, `p`.`page_link`, `p`.`page_icon`, `p`.`page_view_order`, `p`.`page_sefix`, `p`.`category_id`, `ra`.`role_action_id`, `ra`.`action`, `ur`.`user_id`, `ur`.`created_at`, `ur`.`updated_at`, `ur`.`expiry_date`, `r`.`role`, `u`.`role_id`, `u`.`dictionary_flag`
FROM (`user_roles` AS `ur`, `user_roles` AS `ur`)
JOIN `role_actions` AS `ra` ON `ur`.`role_action_id` = `ra`.`role_action_id`
JOIN `rolepage` AS `rp` ON `ur`.`role_page_id` = `rp`.`rolepage_id`
JOIN `pages` AS `p` ON `rp`.`page_id` = `p`.`page_id`
JOIN `page_categories` AS `pc` ON `p`.`category_id` = `pc`.`page_category_id`
JOIN `roles` AS `r` ON `rp`.`role_id` = `r`.`role_id`
JOIN `users` AS `u` ON `ur`.`user_id` = `u`.`user_id`
WHERE `u`.`email` = \'dwtk.ayele@gmail.com\'
AND `ur`.`flag` = 1
AND `p`.`flag` = 1
AND `pc`.`flag` = 1
AND 0 = \'ur.expiry_date >= CURRENT_DATE() OR ur.expiry_date IS NULL\'
GROUP BY `p`.`page_id`, `ra`.`role_action_id`, `ur`.`created_at`, `ur`.`updated_at`
ORDER BY `pc`.`view_order` ASC, `p`.`page_view_order` ASC', 0)
 2 SYSTEMPATH\Database\BaseConnection.php(693): CodeIgniter\Database\MySQLi\Connection->execute('SELECT `pc`.`page_category_id`, `pc`.`category`, `pc`.`link`, `pc`.`icon`, `pc`.`view_order`, `pc`.`sefix_html`, `p`.`page`, `p`.`page_link`, `p`.`page_icon`, `p`.`page_view_order`, `p`.`page_sefix`, `p`.`category_id`, `ra`.`role_action_id`, `ra`.`action`, `ur`.`user_id`, `ur`.`created_at`, `ur`.`updated_at`, `ur`.`expiry_date`, `r`.`role`, `u`.`role_id`, `u`.`dictionary_flag`
FROM (`user_roles` AS `ur`, `user_roles` AS `ur`)
JOIN `role_actions` AS `ra` ON `ur`.`role_action_id` = `ra`.`role_action_id`
JOIN `rolepage` AS `rp` ON `ur`.`role_page_id` = `rp`.`rolepage_id`
JOIN `pages` AS `p` ON `rp`.`page_id` = `p`.`page_id`
JOIN `page_categories` AS `pc` ON `p`.`category_id` = `pc`.`page_category_id`
JOIN `roles` AS `r` ON `rp`.`role_id` = `r`.`role_id`
JOIN `users` AS `u` ON `ur`.`user_id` = `u`.`user_id`
WHERE `u`.`email` = \'dwtk.ayele@gmail.com\'
AND `ur`.`flag` = 1
AND `p`.`flag` = 1
AND `pc`.`flag` = 1
AND 0 = \'ur.expiry_date >= CURRENT_DATE() OR ur.expiry_date IS NULL\'
GROUP BY `p`.`page_id`, `ra`.`role_action_id`, `ur`.`created_at`, `ur`.`updated_at`
ORDER BY `pc`.`view_order` ASC, `p`.`page_view_order` ASC')
 3 SYSTEMPATH\Database\BaseConnection.php(620): CodeIgniter\Database\BaseConnection->simpleQuery('SELECT `pc`.`page_category_id`, `pc`.`category`, `pc`.`link`, `pc`.`icon`, `pc`.`view_order`, `pc`.`sefix_html`, `p`.`page`, `p`.`page_link`, `p`.`page_icon`, `p`.`page_view_order`, `p`.`page_sefix`, `p`.`category_id`, `ra`.`role_action_id`, `ra`.`action`, `ur`.`user_id`, `ur`.`created_at`, `ur`.`updated_at`, `ur`.`expiry_date`, `r`.`role`, `u`.`role_id`, `u`.`dictionary_flag`
FROM (`user_roles` AS `ur`, `user_roles` AS `ur`)
JOIN `role_actions` AS `ra` ON `ur`.`role_action_id` = `ra`.`role_action_id`
JOIN `rolepage` AS `rp` ON `ur`.`role_page_id` = `rp`.`rolepage_id`
JOIN `pages` AS `p` ON `rp`.`page_id` = `p`.`page_id`
JOIN `page_categories` AS `pc` ON `p`.`category_id` = `pc`.`page_category_id`
JOIN `roles` AS `r` ON `rp`.`role_id` = `r`.`role_id`
JOIN `users` AS `u` ON `ur`.`user_id` = `u`.`user_id`
WHERE `u`.`email` = \'dwtk.ayele@gmail.com\'
AND `ur`.`flag` = 1
AND `p`.`flag` = 1
AND `pc`.`flag` = 1
AND 0 = \'ur.expiry_date >= CURRENT_DATE() OR ur.expiry_date IS NULL\'
GROUP BY `p`.`page_id`, `ra`.`role_action_id`, `ur`.`created_at`, `ur`.`updated_at`
ORDER BY `pc`.`view_order` ASC, `p`.`page_view_order` ASC')
 4 SYSTEMPATH\Database\BaseBuilder.php(1585): CodeIgniter\Database\BaseConnection->query('SELECT `pc`.`page_category_id`, `pc`.`category`, `pc`.`link`, `pc`.`icon`, `pc`.`view_order`, `pc`.`sefix_html`, `p`.`page`, `p`.`page_link`, `p`.`page_icon`, `p`.`page_view_order`, `p`.`page_sefix`, `p`.`category_id`, `ra`.`role_action_id`, `ra`.`action`, `ur`.`user_id`, `ur`.`created_at`, `ur`.`updated_at`, `ur`.`expiry_date`, `r`.`role`, `u`.`role_id`, `u`.`dictionary_flag`
FROM (`user_roles` AS `ur`, `user_roles` AS `ur`)
JOIN `role_actions` AS `ra` ON `ur`.`role_action_id` = `ra`.`role_action_id`
JOIN `rolepage` AS `rp` ON `ur`.`role_page_id` = `rp`.`rolepage_id`
JOIN `pages` AS `p` ON `rp`.`page_id` = `p`.`page_id`
JOIN `page_categories` AS `pc` ON `p`.`category_id` = `pc`.`page_category_id`
JOIN `roles` AS `r` ON `rp`.`role_id` = `r`.`role_id`
JOIN `users` AS `u` ON `ur`.`user_id` = `u`.`user_id`
WHERE `u`.`email` = :u.email:
AND `ur`.`flag` = :ur.flag:
AND `p`.`flag` = :p.flag:
AND `pc`.`flag` = :pc.flag:
AND 0 = :0:
GROUP BY `p`.`page_id`, `ra`.`role_action_id`, `ur`.`created_at`, `ur`.`updated_at`
ORDER BY `pc`.`view_order` ASC, `p`.`page_view_order` ASC', [...], false)
 5 APPPATH\Libraries\Functions.php(108): CodeIgniter\Database\BaseBuilder->get()
 6 APPPATH\Libraries\Functions.php(68): App\Libraries\Functions::userrole()
 7 APPPATH\Controllers\Users.php(70): App\Libraries\Functions::pagedata()
 8 SYSTEMPATH\CodeIgniter.php(907): App\Controllers\Users->index()
 9 SYSTEMPATH\CodeIgniter.php(457): CodeIgniter\CodeIgniter->runController(Object(App\Controllers\Users))
10 SYSTEMPATH\CodeIgniter.php(340): CodeIgniter\CodeIgniter->handleRequest(null, Object(Config\Cache), false)
11 FCPATH\index.php(68): CodeIgniter\CodeIgniter->run()
CRITICAL - 2023-03-09 12:02:04 --> Trying to access array offset on value of type null
in APPPATH\Views\partials\sidebar.php on line 29.
 1 APPPATH\Views\partials\sidebar.php(29): CodeIgniter\Debug\Exceptions->errorHandler(2, 'Trying to access array offset on value of type null', 'APPPATH\\Views\\partials\\sidebar.php', 29)
 2 SYSTEMPATH\View\View.php(213): include('APPPATH\\Views\\partials\\sidebar.php')
 3 SYSTEMPATH\View\View.php(216): CodeIgniter\View\View->CodeIgniter\View\{closure}()
 4 SYSTEMPATH\View\View.php(429): CodeIgniter\View\View->render('partials/sidebar', null, true)
 5 APPPATH\Views\default.php(17): CodeIgniter\View\View->include('partials/sidebar')
 6 SYSTEMPATH\View\View.php(213): include('APPPATH\\Views\\default.php')
 7 SYSTEMPATH\View\View.php(216): CodeIgniter\View\View->CodeIgniter\View\{closure}()
 8 SYSTEMPATH\View\View.php(229): CodeIgniter\View\View->render('default', [], true)
 9 SYSTEMPATH\Common.php(1142): CodeIgniter\View\View->render('adminDashbord', [], true)
10 APPPATH\Controllers\Home.php(21): view('adminDashbord', [...])
11 SYSTEMPATH\CodeIgniter.php(907): App\Controllers\Home->index()
12 SYSTEMPATH\CodeIgniter.php(457): CodeIgniter\CodeIgniter->runController(Object(App\Controllers\Home))
13 SYSTEMPATH\CodeIgniter.php(340): CodeIgniter\CodeIgniter->handleRequest(null, Object(Config\Cache), false)
14 FCPATH\index.php(68): CodeIgniter\CodeIgniter->run()
CRITICAL - 2023-03-09 12:02:24 --> Trying to access array offset on value of type null
in APPPATH\Views\partials\sidebar.php on line 29.
 1 APPPATH\Views\partials\sidebar.php(29): CodeIgniter\Debug\Exceptions->errorHandler(2, 'Trying to access array offset on value of type null', 'APPPATH\\Views\\partials\\sidebar.php', 29)
 2 SYSTEMPATH\View\View.php(213): include('APPPATH\\Views\\partials\\sidebar.php')
 3 SYSTEMPATH\View\View.php(216): CodeIgniter\View\View->CodeIgniter\View\{closure}()
 4 SYSTEMPATH\View\View.php(429): CodeIgniter\View\View->render('partials/sidebar', null, true)
 5 APPPATH\Views\default.php(17): CodeIgniter\View\View->include('partials/sidebar')
 6 SYSTEMPATH\View\View.php(213): include('APPPATH\\Views\\default.php')
 7 SYSTEMPATH\View\View.php(216): CodeIgniter\View\View->CodeIgniter\View\{closure}()
 8 SYSTEMPATH\View\View.php(229): CodeIgniter\View\View->render('default', [], true)
 9 SYSTEMPATH\Common.php(1142): CodeIgniter\View\View->render('adminDashbord', [], true)
10 APPPATH\Controllers\Home.php(21): view('adminDashbord', [...])
11 SYSTEMPATH\CodeIgniter.php(907): App\Controllers\Home->index()
12 SYSTEMPATH\CodeIgniter.php(457): CodeIgniter\CodeIgniter->runController(Object(App\Controllers\Home))
13 SYSTEMPATH\CodeIgniter.php(340): CodeIgniter\CodeIgniter->handleRequest(null, Object(Config\Cache), false)
14 FCPATH\index.php(68): CodeIgniter\CodeIgniter->run()
CRITICAL - 2023-03-09 12:02:25 --> Trying to access array offset on value of type null
in APPPATH\Views\partials\sidebar.php on line 29.
 1 APPPATH\Views\partials\sidebar.php(29): CodeIgniter\Debug\Exceptions->errorHandler(2, 'Trying to access array offset on value of type null', 'APPPATH\\Views\\partials\\sidebar.php', 29)
 2 SYSTEMPATH\View\View.php(213): include('APPPATH\\Views\\partials\\sidebar.php')
 3 SYSTEMPATH\View\View.php(216): CodeIgniter\View\View->CodeIgniter\View\{closure}()
 4 SYSTEMPATH\View\View.php(429): CodeIgniter\View\View->render('partials/sidebar', null, true)
 5 APPPATH\Views\default.php(17): CodeIgniter\View\View->include('partials/sidebar')
 6 SYSTEMPATH\View\View.php(213): include('APPPATH\\Views\\default.php')
 7 SYSTEMPATH\View\View.php(216): CodeIgniter\View\View->CodeIgniter\View\{closure}()
 8 SYSTEMPATH\View\View.php(229): CodeIgniter\View\View->render('default', [], true)
 9 SYSTEMPATH\Common.php(1142): CodeIgniter\View\View->render('adminDashbord', [], true)
10 APPPATH\Controllers\Home.php(21): view('adminDashbord', [...])
11 SYSTEMPATH\CodeIgniter.php(907): App\Controllers\Home->index()
12 SYSTEMPATH\CodeIgniter.php(457): CodeIgniter\CodeIgniter->runController(Object(App\Controllers\Home))
13 SYSTEMPATH\CodeIgniter.php(340): CodeIgniter\CodeIgniter->handleRequest(null, Object(Config\Cache), false)
14 FCPATH\index.php(68): CodeIgniter\CodeIgniter->run()
CRITICAL - 2023-03-09 12:03:17 --> Trying to access array offset on value of type null
in APPPATH\Views\partials\sidebar.php on line 29.
 1 APPPATH\Views\partials\sidebar.php(29): CodeIgniter\Debug\Exceptions->errorHandler(2, 'Trying to access array offset on value of type null', 'APPPATH\\Views\\partials\\sidebar.php', 29)
 2 SYSTEMPATH\View\View.php(213): include('APPPATH\\Views\\partials\\sidebar.php')
 3 SYSTEMPATH\View\View.php(216): CodeIgniter\View\View->CodeIgniter\View\{closure}()
 4 SYSTEMPATH\View\View.php(429): CodeIgniter\View\View->render('partials/sidebar', null, true)
 5 APPPATH\Views\default.php(17): CodeIgniter\View\View->include('partials/sidebar')
 6 SYSTEMPATH\View\View.php(213): include('APPPATH\\Views\\default.php')
 7 SYSTEMPATH\View\View.php(216): CodeIgniter\View\View->CodeIgniter\View\{closure}()
 8 SYSTEMPATH\View\View.php(229): CodeIgniter\View\View->render('default', [], true)
 9 SYSTEMPATH\Common.php(1142): CodeIgniter\View\View->render('adminDashbord', [], true)
10 APPPATH\Controllers\Home.php(21): view('adminDashbord', [...])
11 SYSTEMPATH\CodeIgniter.php(907): App\Controllers\Home->index()
12 SYSTEMPATH\CodeIgniter.php(457): CodeIgniter\CodeIgniter->runController(Object(App\Controllers\Home))
13 SYSTEMPATH\CodeIgniter.php(340): CodeIgniter\CodeIgniter->handleRequest(null, Object(Config\Cache), false)
14 FCPATH\index.php(68): CodeIgniter\CodeIgniter->run()
CRITICAL - 2023-03-09 12:03:18 --> Trying to access array offset on value of type null
in APPPATH\Views\partials\sidebar.php on line 29.
 1 APPPATH\Views\partials\sidebar.php(29): CodeIgniter\Debug\Exceptions->errorHandler(2, 'Trying to access array offset on value of type null', 'APPPATH\\Views\\partials\\sidebar.php', 29)
 2 SYSTEMPATH\View\View.php(213): include('APPPATH\\Views\\partials\\sidebar.php')
 3 SYSTEMPATH\View\View.php(216): CodeIgniter\View\View->CodeIgniter\View\{closure}()
 4 SYSTEMPATH\View\View.php(429): CodeIgniter\View\View->render('partials/sidebar', null, true)
 5 APPPATH\Views\default.php(17): CodeIgniter\View\View->include('partials/sidebar')
 6 SYSTEMPATH\View\View.php(213): include('APPPATH\\Views\\default.php')
 7 SYSTEMPATH\View\View.php(216): CodeIgniter\View\View->CodeIgniter\View\{closure}()
 8 SYSTEMPATH\View\View.php(229): CodeIgniter\View\View->render('default', [], true)
 9 SYSTEMPATH\Common.php(1142): CodeIgniter\View\View->render('adminDashbord', [], true)
10 APPPATH\Controllers\Home.php(21): view('adminDashbord', [...])
11 SYSTEMPATH\CodeIgniter.php(907): App\Controllers\Home->index()
12 SYSTEMPATH\CodeIgniter.php(457): CodeIgniter\CodeIgniter->runController(Object(App\Controllers\Home))
13 SYSTEMPATH\CodeIgniter.php(340): CodeIgniter\CodeIgniter->handleRequest(null, Object(Config\Cache), false)
14 FCPATH\index.php(68): CodeIgniter\CodeIgniter->run()
CRITICAL - 2023-03-09 12:03:19 --> Trying to access array offset on value of type null
in APPPATH\Views\partials\sidebar.php on line 29.
 1 APPPATH\Views\partials\sidebar.php(29): CodeIgniter\Debug\Exceptions->errorHandler(2, 'Trying to access array offset on value of type null', 'APPPATH\\Views\\partials\\sidebar.php', 29)
 2 SYSTEMPATH\View\View.php(213): include('APPPATH\\Views\\partials\\sidebar.php')
 3 SYSTEMPATH\View\View.php(216): CodeIgniter\View\View->CodeIgniter\View\{closure}()
 4 SYSTEMPATH\View\View.php(429): CodeIgniter\View\View->render('partials/sidebar', null, true)
 5 APPPATH\Views\default.php(17): CodeIgniter\View\View->include('partials/sidebar')
 6 SYSTEMPATH\View\View.php(213): include('APPPATH\\Views\\default.php')
 7 SYSTEMPATH\View\View.php(216): CodeIgniter\View\View->CodeIgniter\View\{closure}()
 8 SYSTEMPATH\View\View.php(229): CodeIgniter\View\View->render('default', [], true)
 9 SYSTEMPATH\Common.php(1142): CodeIgniter\View\View->render('adminDashbord', [], true)
10 APPPATH\Controllers\Home.php(21): view('adminDashbord', [...])
11 SYSTEMPATH\CodeIgniter.php(907): App\Controllers\Home->index()
12 SYSTEMPATH\CodeIgniter.php(457): CodeIgniter\CodeIgniter->runController(Object(App\Controllers\Home))
13 SYSTEMPATH\CodeIgniter.php(340): CodeIgniter\CodeIgniter->handleRequest(null, Object(Config\Cache), false)
14 FCPATH\index.php(68): CodeIgniter\CodeIgniter->run()
CRITICAL - 2023-03-09 12:03:20 --> Trying to access array offset on value of type null
in APPPATH\Views\partials\sidebar.php on line 29.
 1 APPPATH\Views\partials\sidebar.php(29): CodeIgniter\Debug\Exceptions->errorHandler(2, 'Trying to access array offset on value of type null', 'APPPATH\\Views\\partials\\sidebar.php', 29)
 2 SYSTEMPATH\View\View.php(213): include('APPPATH\\Views\\partials\\sidebar.php')
 3 SYSTEMPATH\View\View.php(216): CodeIgniter\View\View->CodeIgniter\View\{closure}()
 4 SYSTEMPATH\View\View.php(429): CodeIgniter\View\View->render('partials/sidebar', null, true)
 5 APPPATH\Views\default.php(17): CodeIgniter\View\View->include('partials/sidebar')
 6 SYSTEMPATH\View\View.php(213): include('APPPATH\\Views\\default.php')
 7 SYSTEMPATH\View\View.php(216): CodeIgniter\View\View->CodeIgniter\View\{closure}()
 8 SYSTEMPATH\View\View.php(229): CodeIgniter\View\View->render('default', [], true)
 9 SYSTEMPATH\Common.php(1142): CodeIgniter\View\View->render('adminDashbord', [], true)
10 APPPATH\Controllers\Home.php(21): view('adminDashbord', [...])
11 SYSTEMPATH\CodeIgniter.php(907): App\Controllers\Home->index()
12 SYSTEMPATH\CodeIgniter.php(457): CodeIgniter\CodeIgniter->runController(Object(App\Controllers\Home))
13 SYSTEMPATH\CodeIgniter.php(340): CodeIgniter\CodeIgniter->handleRequest(null, Object(Config\Cache), false)
14 FCPATH\index.php(68): CodeIgniter\CodeIgniter->run()
CRITICAL - 2023-03-09 12:03:21 --> Trying to access array offset on value of type null
in APPPATH\Views\partials\sidebar.php on line 29.
 1 APPPATH\Views\partials\sidebar.php(29): CodeIgniter\Debug\Exceptions->errorHandler(2, 'Trying to access array offset on value of type null', 'APPPATH\\Views\\partials\\sidebar.php', 29)
 2 SYSTEMPATH\View\View.php(213): include('APPPATH\\Views\\partials\\sidebar.php')
 3 SYSTEMPATH\View\View.php(216): CodeIgniter\View\View->CodeIgniter\View\{closure}()
 4 SYSTEMPATH\View\View.php(429): CodeIgniter\View\View->render('partials/sidebar', null, true)
 5 APPPATH\Views\default.php(17): CodeIgniter\View\View->include('partials/sidebar')
 6 SYSTEMPATH\View\View.php(213): include('APPPATH\\Views\\default.php')
 7 SYSTEMPATH\View\View.php(216): CodeIgniter\View\View->CodeIgniter\View\{closure}()
 8 SYSTEMPATH\View\View.php(229): CodeIgniter\View\View->render('default', [], true)
 9 SYSTEMPATH\Common.php(1142): CodeIgniter\View\View->render('adminDashbord', [], true)
10 APPPATH\Controllers\Home.php(21): view('adminDashbord', [...])
11 SYSTEMPATH\CodeIgniter.php(907): App\Controllers\Home->index()
12 SYSTEMPATH\CodeIgniter.php(457): CodeIgniter\CodeIgniter->runController(Object(App\Controllers\Home))
13 SYSTEMPATH\CodeIgniter.php(340): CodeIgniter\CodeIgniter->handleRequest(null, Object(Config\Cache), false)
14 FCPATH\index.php(68): CodeIgniter\CodeIgniter->run()
CRITICAL - 2023-03-09 12:24:07 --> Cannot use object of type CodeIgniter\HTTP\ContentSecurityPolicy as array
in APPPATH\Libraries\Functions.php on line 129.
 1 APPPATH\Libraries\Functions.php(70): App\Libraries\Functions::unique_multidim_array(Object(CodeIgniter\HTTP\RedirectResponse), 'category')
 2 APPPATH\Controllers\Home.php(21): App\Libraries\Functions::pagedata()
 3 SYSTEMPATH\CodeIgniter.php(907): App\Controllers\Home->index()
 4 SYSTEMPATH\CodeIgniter.php(457): CodeIgniter\CodeIgniter->runController(Object(App\Controllers\Home))
 5 SYSTEMPATH\CodeIgniter.php(340): CodeIgniter\CodeIgniter->handleRequest(null, Object(Config\Cache), false)
 6 FCPATH\index.php(68): CodeIgniter\CodeIgniter->run()
CRITICAL - 2023-03-09 12:24:55 --> Cannot use object of type CodeIgniter\HTTP\ContentSecurityPolicy as array
in APPPATH\Libraries\Functions.php on line 129.
 1 APPPATH\Libraries\Functions.php(70): App\Libraries\Functions::unique_multidim_array(Object(CodeIgniter\HTTP\RedirectResponse), 'category')
 2 APPPATH\Controllers\Users.php(20): App\Libraries\Functions::pagedata()
 3 SYSTEMPATH\CodeIgniter.php(869): App\Controllers\Users->__construct()
 4 SYSTEMPATH\CodeIgniter.php(448): CodeIgniter\CodeIgniter->createController()
 5 SYSTEMPATH\CodeIgniter.php(340): CodeIgniter\CodeIgniter->handleRequest(null, Object(Config\Cache), false)
 6 FCPATH\index.php(68): CodeIgniter\CodeIgniter->run()
CRITICAL - 2023-03-09 12:24:57 --> Cannot use object of type CodeIgniter\HTTP\ContentSecurityPolicy as array
in APPPATH\Libraries\Functions.php on line 129.
 1 APPPATH\Libraries\Functions.php(70): App\Libraries\Functions::unique_multidim_array(Object(CodeIgniter\HTTP\RedirectResponse), 'category')
 2 APPPATH\Controllers\Users.php(20): App\Libraries\Functions::pagedata()
 3 SYSTEMPATH\CodeIgniter.php(869): App\Controllers\Users->__construct()
 4 SYSTEMPATH\CodeIgniter.php(448): CodeIgniter\CodeIgniter->createController()
 5 SYSTEMPATH\CodeIgniter.php(340): CodeIgniter\CodeIgniter->handleRequest(null, Object(Config\Cache), false)
 6 FCPATH\index.php(68): CodeIgniter\CodeIgniter->run()
CRITICAL - 2023-03-09 12:24:58 --> Cannot use object of type CodeIgniter\HTTP\ContentSecurityPolicy as array
in APPPATH\Libraries\Functions.php on line 129.
 1 APPPATH\Libraries\Functions.php(70): App\Libraries\Functions::unique_multidim_array(Object(CodeIgniter\HTTP\RedirectResponse), 'category')
 2 APPPATH\Controllers\Users.php(20): App\Libraries\Functions::pagedata()
 3 SYSTEMPATH\CodeIgniter.php(869): App\Controllers\Users->__construct()
 4 SYSTEMPATH\CodeIgniter.php(448): CodeIgniter\CodeIgniter->createController()
 5 SYSTEMPATH\CodeIgniter.php(340): CodeIgniter\CodeIgniter->handleRequest(null, Object(Config\Cache), false)
 6 FCPATH\index.php(68): CodeIgniter\CodeIgniter->run()
CRITICAL - 2023-03-09 12:24:58 --> Cannot use object of type CodeIgniter\HTTP\ContentSecurityPolicy as array
in APPPATH\Libraries\Functions.php on line 129.
 1 APPPATH\Libraries\Functions.php(70): App\Libraries\Functions::unique_multidim_array(Object(CodeIgniter\HTTP\RedirectResponse), 'category')
 2 APPPATH\Controllers\Users.php(20): App\Libraries\Functions::pagedata()
 3 SYSTEMPATH\CodeIgniter.php(869): App\Controllers\Users->__construct()
 4 SYSTEMPATH\CodeIgniter.php(448): CodeIgniter\CodeIgniter->createController()
 5 SYSTEMPATH\CodeIgniter.php(340): CodeIgniter\CodeIgniter->handleRequest(null, Object(Config\Cache), false)
 6 FCPATH\index.php(68): CodeIgniter\CodeIgniter->run()
CRITICAL - 2023-03-09 12:24:58 --> Cannot use object of type CodeIgniter\HTTP\ContentSecurityPolicy as array
in APPPATH\Libraries\Functions.php on line 129.
 1 APPPATH\Libraries\Functions.php(70): App\Libraries\Functions::unique_multidim_array(Object(CodeIgniter\HTTP\RedirectResponse), 'category')
 2 APPPATH\Controllers\Users.php(20): App\Libraries\Functions::pagedata()
 3 SYSTEMPATH\CodeIgniter.php(869): App\Controllers\Users->__construct()
 4 SYSTEMPATH\CodeIgniter.php(448): CodeIgniter\CodeIgniter->createController()
 5 SYSTEMPATH\CodeIgniter.php(340): CodeIgniter\CodeIgniter->handleRequest(null, Object(Config\Cache), false)
 6 FCPATH\index.php(68): CodeIgniter\CodeIgniter->run()
CRITICAL - 2023-03-09 12:25:26 --> Cannot use object of type CodeIgniter\HTTP\ContentSecurityPolicy as array
in APPPATH\Libraries\Functions.php on line 129.
 1 APPPATH\Libraries\Functions.php(70): App\Libraries\Functions::unique_multidim_array(Object(CodeIgniter\HTTP\RedirectResponse), 'category')
 2 APPPATH\Controllers\Users.php(20): App\Libraries\Functions::pagedata()
 3 SYSTEMPATH\CodeIgniter.php(869): App\Controllers\Users->__construct()
 4 SYSTEMPATH\CodeIgniter.php(448): CodeIgniter\CodeIgniter->createController()
 5 SYSTEMPATH\CodeIgniter.php(340): CodeIgniter\CodeIgniter->handleRequest(null, Object(Config\Cache), false)
 6 FCPATH\index.php(68): CodeIgniter\CodeIgniter->run()
CRITICAL - 2023-03-09 12:25:27 --> Cannot use object of type CodeIgniter\HTTP\ContentSecurityPolicy as array
in APPPATH\Libraries\Functions.php on line 129.
 1 APPPATH\Libraries\Functions.php(70): App\Libraries\Functions::unique_multidim_array(Object(CodeIgniter\HTTP\RedirectResponse), 'category')
 2 APPPATH\Controllers\Users.php(20): App\Libraries\Functions::pagedata()
 3 SYSTEMPATH\CodeIgniter.php(869): App\Controllers\Users->__construct()
 4 SYSTEMPATH\CodeIgniter.php(448): CodeIgniter\CodeIgniter->createController()
 5 SYSTEMPATH\CodeIgniter.php(340): CodeIgniter\CodeIgniter->handleRequest(null, Object(Config\Cache), false)
 6 FCPATH\index.php(68): CodeIgniter\CodeIgniter->run()
CRITICAL - 2023-03-09 16:30:21 --> view(): Argument #2 ($data) must be of type array, string given, called in C:\xampp\htdocs\etkal\app\Controllers\Home.php on line 21
in SYSTEMPATH\Common.php on line 1128.
 1 APPPATH\Controllers\Home.php(21): view('login/login', '<!DOCTYPE html>
<html lang="en">

<head>
  <meta charset="utf-8">
  <meta name="viewport" content="width=device-width, initial-scale=1">
  <meta name="X-CSRF-TOKEN" content="a469bfdef22f06782c3df81cebac402414f25e90fa04303d208b2af4458fc18f" />  <title> የአማርኛ | ማዝገበ ቃላት </title>

  <!-- Google Font: Source Sans Pro -->
  <link rel="stylesheet" href="https://fonts.googleapis.com/css?family=Source+Sans+Pro:300,400,400i,700&display=fallback">
  <!-- Font Awesome -->
  <link rel="stylesheet" href="https://cdnjs.cloudflare.com/ajax/libs/font-awesome/4.7.0/css/font-awesome.min.css">
  <!-- overlayScrollbars-->
  <link rel="stylesheet" href="https://cdnjs.cloudflare.com/ajax/libs/overlayscrollbars/1.13.3/css/OverlayScrollbars.min.css">
  <!-- Theme style -->
  <link rel="stylesheet" href="http://localhost/etkal/public/asset/adminlte/adminlte.min.css">


  
</head>
<body class="hold-transition login-page">
  <div class="login-box">
    <!-- /.login-logo -->
    <div class="card card-outline card-primary">
      <div class="card-header text-center">
        <a href="login" class="h1"><b>ET </b> KAL አስተዳደር</a>
      </div>
      <div class="card-body">


                  <p class="login-box-msg">Sign in to <b>ET </b> KAL Admin Page</p>        

        <form action="login" method="post">
        <input type="hidden" name="csrf_test_name" value="1dc434b0eefb143e4c50046afdd672afad5fd5fee6d0227b40e6d68253f5f304" />          <div class="input-group mb-3">
            <input type="email" name="email" value="" size="50" class="form-control" placeholder="Email" autocomplete="off">
            <div class="input-group-append">
              <div class="input-group-text">
                <span class="fa fa-envelope"></span>
              </div>
            </div>
            <div class="input-group">

              <span class="text-danger"></span>

            </div>
          </div>
          <div class="input-group mb-3">
            <input type="password" name="password" value="" size="12" class="form-control" placeholder="Password">
            <div class="input-group-append">
              <div class="input-group-text">
                <span class="fa fa-lock"></span>
              </div>
            </div>
            <div class="input-group">
              <span class="text-danger"> </span>
            </div>
          </div>
          <div class="row">
            <div class="col-8">
              <div class="icheck-primary">
                <input type="checkbox" id="remember">
                <label for="remember">
                  Remember Me
                </label>
              </div>
            </div>
            <!-- /.col -->
            <div class="col-4">
              <button type="submit" class="btn btn-primary btn-block">Sign In</button>
            </div>
            <!-- /.col -->
          </div>
        </form>

        <div class="social-auth-links text-center mt-2 mb-3">
          <a href="#" class="btn btn-block btn-primary">
            <i class="fa fa-facebook mr-2"></i> Sign in using Facebook
          </a>
          <a href="#" class="btn btn-block btn-danger">
            <i class="fa fa-google-plus mr-2"></i> Sign in using Google+
          </a>
        </div>
        <!-- /.social-auth-links -->

        <p class="mb-1">
          <a href="forgotpassword">I forgot my password</a>
        </p>
        <p class="mb-0">
          <a href="register" class="text-center">Register a new membership</a>
        </p>
      </div>
      <!-- /.card-body -->
    </div>
    <!-- /.card -->
  </div>
  <!-- /.login-box -->
  <!-- jQuery -->
<script src="https://ajax.googleapis.com/ajax/libs/jquery/3.6.0/jquery.min.js"></script>
<!-- Bootstrap 4 -->
<script src="https://cdn.jsdelivr.net/npm/bootstrap@4.5.3/dist/js/bootstrap.bundle.min.js" integrity="sha384-ho+j7jyWK8fNQe+A12Hb8AhRq26LrZ/JpcUGGOn+Y7RsweNrtN/tE3MoK7ZeZDyx" crossorigin="anonymous"></script>
<!-- overlayScrollbars -->
<script src="https://cdnjs.cloudflare.com/ajax/libs/overlayscrollbars/1.13.3/js/jquery.overlayScrollbars.min.js"></script>
<!-- AdminLTE App -->
<script src="http://localhost/etkal/public/asset/adminlte/js/adminlte.min.js"></script>

</body>

</html>')
 2 SYSTEMPATH\CodeIgniter.php(907): App\Controllers\Home->index()
 3 SYSTEMPATH\CodeIgniter.php(457): CodeIgniter\CodeIgniter->runController(Object(App\Controllers\Home))
 4 SYSTEMPATH\CodeIgniter.php(340): CodeIgniter\CodeIgniter->handleRequest(null, Object(Config\Cache), false)
 5 FCPATH\index.php(68): CodeIgniter\CodeIgniter->run()
CRITICAL - 2023-03-09 16:30:31 --> view(): Argument #2 ($data) must be of type array, string given, called in C:\xampp\htdocs\etkal\app\Controllers\Home.php on line 21
in SYSTEMPATH\Common.php on line 1128.
 1 APPPATH\Controllers\Home.php(21): view('login/login', '<!DOCTYPE html>
<html lang="en">

<head>
  <meta charset="utf-8">
  <meta name="viewport" content="width=device-width, initial-scale=1">
  <meta name="X-CSRF-TOKEN" content="30403735f5de172cb31fcd82cb34061a80dbd67bfdf52169bfa91f6a651787b1" />  <title> የአማርኛ | ማዝገበ ቃላት </title>

  <!-- Google Font: Source Sans Pro -->
  <link rel="stylesheet" href="https://fonts.googleapis.com/css?family=Source+Sans+Pro:300,400,400i,700&display=fallback">
  <!-- Font Awesome -->
  <link rel="stylesheet" href="https://cdnjs.cloudflare.com/ajax/libs/font-awesome/4.7.0/css/font-awesome.min.css">
  <!-- overlayScrollbars-->
  <link rel="stylesheet" href="https://cdnjs.cloudflare.com/ajax/libs/overlayscrollbars/1.13.3/css/OverlayScrollbars.min.css">
  <!-- Theme style -->
  <link rel="stylesheet" href="http://localhost/etkal/public/asset/adminlte/adminlte.min.css">


  
</head>
<body class="hold-transition login-page">
  <div class="login-box">
    <!-- /.login-logo -->
    <div class="card card-outline card-primary">
      <div class="card-header text-center">
        <a href="login" class="h1"><b>ET </b> KAL አስተዳደር</a>
      </div>
      <div class="card-body">


                  <p class="login-box-msg">Sign in to <b>ET </b> KAL Admin Page</p>        

        <form action="login" method="post">
        <input type="hidden" name="csrf_test_name" value="97025fe4dfe79ed5c1ec1efc0824a83c2799beaad7cca890cd5acc14a6072997" />          <div class="input-group mb-3">
            <input type="email" name="email" value="" size="50" class="form-control" placeholder="Email" autocomplete="off">
            <div class="input-group-append">
              <div class="input-group-text">
                <span class="fa fa-envelope"></span>
              </div>
            </div>
            <div class="input-group">

              <span class="text-danger"></span>

            </div>
          </div>
          <div class="input-group mb-3">
            <input type="password" name="password" value="" size="12" class="form-control" placeholder="Password">
            <div class="input-group-append">
              <div class="input-group-text">
                <span class="fa fa-lock"></span>
              </div>
            </div>
            <div class="input-group">
              <span class="text-danger"> </span>
            </div>
          </div>
          <div class="row">
            <div class="col-8">
              <div class="icheck-primary">
                <input type="checkbox" id="remember">
                <label for="remember">
                  Remember Me
                </label>
              </div>
            </div>
            <!-- /.col -->
            <div class="col-4">
              <button type="submit" class="btn btn-primary btn-block">Sign In</button>
            </div>
            <!-- /.col -->
          </div>
        </form>

        <div class="social-auth-links text-center mt-2 mb-3">
          <a href="#" class="btn btn-block btn-primary">
            <i class="fa fa-facebook mr-2"></i> Sign in using Facebook
          </a>
          <a href="#" class="btn btn-block btn-danger">
            <i class="fa fa-google-plus mr-2"></i> Sign in using Google+
          </a>
        </div>
        <!-- /.social-auth-links -->

        <p class="mb-1">
          <a href="forgotpassword">I forgot my password</a>
        </p>
        <p class="mb-0">
          <a href="register" class="text-center">Register a new membership</a>
        </p>
      </div>
      <!-- /.card-body -->
    </div>
    <!-- /.card -->
  </div>
  <!-- /.login-box -->
  <!-- jQuery -->
<script src="https://ajax.googleapis.com/ajax/libs/jquery/3.6.0/jquery.min.js"></script>
<!-- Bootstrap 4 -->
<script src="https://cdn.jsdelivr.net/npm/bootstrap@4.5.3/dist/js/bootstrap.bundle.min.js" integrity="sha384-ho+j7jyWK8fNQe+A12Hb8AhRq26LrZ/JpcUGGOn+Y7RsweNrtN/tE3MoK7ZeZDyx" crossorigin="anonymous"></script>
<!-- overlayScrollbars -->
<script src="https://cdnjs.cloudflare.com/ajax/libs/overlayscrollbars/1.13.3/js/jquery.overlayScrollbars.min.js"></script>
<!-- AdminLTE App -->
<script src="http://localhost/etkal/public/asset/adminlte/js/adminlte.min.js"></script>

</body>

</html>')
 2 SYSTEMPATH\CodeIgniter.php(907): App\Controllers\Home->index()
 3 SYSTEMPATH\CodeIgniter.php(457): CodeIgniter\CodeIgniter->runController(Object(App\Controllers\Home))
 4 SYSTEMPATH\CodeIgniter.php(340): CodeIgniter\CodeIgniter->handleRequest(null, Object(Config\Cache), false)
 5 FCPATH\index.php(68): CodeIgniter\CodeIgniter->run()
CRITICAL - 2023-03-09 16:31:45 --> view(): Argument #2 ($data) must be of type array, string given, called in C:\xampp\htdocs\etkal\app\Controllers\Users.php on line 81
in SYSTEMPATH\Common.php on line 1128.
 1 APPPATH\Controllers\Users.php(81): view('login/login', '<!DOCTYPE html>
<html lang="en">

<head>
  <meta charset="utf-8">
  <meta name="viewport" content="width=device-width, initial-scale=1">
  <meta name="X-CSRF-TOKEN" content="b348477b047a42d62cf9a6b6af0f01f103d3a6350c517493204f745e012c805a" />  <title> የአማርኛ | ማዝገበ ቃላት </title>

  <!-- Google Font: Source Sans Pro -->
  <link rel="stylesheet" href="https://fonts.googleapis.com/css?family=Source+Sans+Pro:300,400,400i,700&display=fallback">
  <!-- Font Awesome -->
  <link rel="stylesheet" href="https://cdnjs.cloudflare.com/ajax/libs/font-awesome/4.7.0/css/font-awesome.min.css">
  <!-- overlayScrollbars-->
  <link rel="stylesheet" href="https://cdnjs.cloudflare.com/ajax/libs/overlayscrollbars/1.13.3/css/OverlayScrollbars.min.css">
  <!-- Theme style -->
  <link rel="stylesheet" href="http://localhost/etkal/public/asset/adminlte/adminlte.min.css">


  
</head>
<body class="hold-transition login-page">
  <div class="login-box">
    <!-- /.login-logo -->
    <div class="card card-outline card-primary">
      <div class="card-header text-center">
        <a href="login" class="h1"><b>ET </b> KAL አስተዳደር</a>
      </div>
      <div class="card-body">


                  <p class="login-box-msg">Sign in to <b>ET </b> KAL Admin Page</p>        

        <form action="login" method="post">
        <input type="hidden" name="csrf_test_name" value="bcf138eee1e36d2da86dcde5122916590c6ad9a0e9c85b68a4db1f0dbc0a97f2" />          <div class="input-group mb-3">
            <input type="email" name="email" value="" size="50" class="form-control" placeholder="Email" autocomplete="off">
            <div class="input-group-append">
              <div class="input-group-text">
                <span class="fa fa-envelope"></span>
              </div>
            </div>
            <div class="input-group">

              <span class="text-danger"></span>

            </div>
          </div>
          <div class="input-group mb-3">
            <input type="password" name="password" value="" size="12" class="form-control" placeholder="Password">
            <div class="input-group-append">
              <div class="input-group-text">
                <span class="fa fa-lock"></span>
              </div>
            </div>
            <div class="input-group">
              <span class="text-danger"> </span>
            </div>
          </div>
          <div class="row">
            <div class="col-8">
              <div class="icheck-primary">
                <input type="checkbox" id="remember">
                <label for="remember">
                  Remember Me
                </label>
              </div>
            </div>
            <!-- /.col -->
            <div class="col-4">
              <button type="submit" class="btn btn-primary btn-block">Sign In</button>
            </div>
            <!-- /.col -->
          </div>
        </form>

        <div class="social-auth-links text-center mt-2 mb-3">
          <a href="#" class="btn btn-block btn-primary">
            <i class="fa fa-facebook mr-2"></i> Sign in using Facebook
          </a>
          <a href="#" class="btn btn-block btn-danger">
            <i class="fa fa-google-plus mr-2"></i> Sign in using Google+
          </a>
        </div>
        <!-- /.social-auth-links -->

        <p class="mb-1">
          <a href="forgotpassword">I forgot my password</a>
        </p>
        <p class="mb-0">
          <a href="register" class="text-center">Register a new membership</a>
        </p>
      </div>
      <!-- /.card-body -->
    </div>
    <!-- /.card -->
  </div>
  <!-- /.login-box -->
  <!-- jQuery -->
<script src="https://ajax.googleapis.com/ajax/libs/jquery/3.6.0/jquery.min.js"></script>
<!-- Bootstrap 4 -->
<script src="https://cdn.jsdelivr.net/npm/bootstrap@4.5.3/dist/js/bootstrap.bundle.min.js" integrity="sha384-ho+j7jyWK8fNQe+A12Hb8AhRq26LrZ/JpcUGGOn+Y7RsweNrtN/tE3MoK7ZeZDyx" crossorigin="anonymous"></script>
<!-- overlayScrollbars -->
<script src="https://cdnjs.cloudflare.com/ajax/libs/overlayscrollbars/1.13.3/js/jquery.overlayScrollbars.min.js"></script>
<!-- AdminLTE App -->
<script src="http://localhost/etkal/public/asset/adminlte/js/adminlte.min.js"></script>

</body>

</html>')
 2 SYSTEMPATH\CodeIgniter.php(907): App\Controllers\Users->index()
 3 SYSTEMPATH\CodeIgniter.php(457): CodeIgniter\CodeIgniter->runController(Object(App\Controllers\Users))
 4 SYSTEMPATH\CodeIgniter.php(340): CodeIgniter\CodeIgniter->handleRequest(null, Object(Config\Cache), false)
 5 FCPATH\index.php(68): CodeIgniter\CodeIgniter->run()
CRITICAL - 2023-03-09 16:31:47 --> view(): Argument #2 ($data) must be of type array, string given, called in C:\xampp\htdocs\etkal\app\Controllers\Users.php on line 81
in SYSTEMPATH\Common.php on line 1128.
 1 APPPATH\Controllers\Users.php(81): view('login/login', '<!DOCTYPE html>
<html lang="en">

<head>
  <meta charset="utf-8">
  <meta name="viewport" content="width=device-width, initial-scale=1">
  <meta name="X-CSRF-TOKEN" content="28dc96a478d51b30e1659f1ff5d0f999984777ea70fe2d75edd34df75bf37832" />  <title> የአማርኛ | ማዝገበ ቃላት </title>

  <!-- Google Font: Source Sans Pro -->
  <link rel="stylesheet" href="https://fonts.googleapis.com/css?family=Source+Sans+Pro:300,400,400i,700&display=fallback">
  <!-- Font Awesome -->
  <link rel="stylesheet" href="https://cdnjs.cloudflare.com/ajax/libs/font-awesome/4.7.0/css/font-awesome.min.css">
  <!-- overlayScrollbars-->
  <link rel="stylesheet" href="https://cdnjs.cloudflare.com/ajax/libs/overlayscrollbars/1.13.3/css/OverlayScrollbars.min.css">
  <!-- Theme style -->
  <link rel="stylesheet" href="http://localhost/etkal/public/asset/adminlte/adminlte.min.css">


  
</head>
<body class="hold-transition login-page">
  <div class="login-box">
    <!-- /.login-logo -->
    <div class="card card-outline card-primary">
      <div class="card-header text-center">
        <a href="login" class="h1"><b>ET </b> KAL አስተዳደር</a>
      </div>
      <div class="card-body">


                  <p class="login-box-msg">Sign in to <b>ET </b> KAL Admin Page</p>        

        <form action="login" method="post">
        <input type="hidden" name="csrf_test_name" value="ec5a70aa33a8ae78e4ae2762b57c6f275cc191e43b83983de818f58a1b5fee8c" />          <div class="input-group mb-3">
            <input type="email" name="email" value="" size="50" class="form-control" placeholder="Email" autocomplete="off">
            <div class="input-group-append">
              <div class="input-group-text">
                <span class="fa fa-envelope"></span>
              </div>
            </div>
            <div class="input-group">

              <span class="text-danger"></span>

            </div>
          </div>
          <div class="input-group mb-3">
            <input type="password" name="password" value="" size="12" class="form-control" placeholder="Password">
            <div class="input-group-append">
              <div class="input-group-text">
                <span class="fa fa-lock"></span>
              </div>
            </div>
            <div class="input-group">
              <span class="text-danger"> </span>
            </div>
          </div>
          <div class="row">
            <div class="col-8">
              <div class="icheck-primary">
                <input type="checkbox" id="remember">
                <label for="remember">
                  Remember Me
                </label>
              </div>
            </div>
            <!-- /.col -->
            <div class="col-4">
              <button type="submit" class="btn btn-primary btn-block">Sign In</button>
            </div>
            <!-- /.col -->
          </div>
        </form>

        <div class="social-auth-links text-center mt-2 mb-3">
          <a href="#" class="btn btn-block btn-primary">
            <i class="fa fa-facebook mr-2"></i> Sign in using Facebook
          </a>
          <a href="#" class="btn btn-block btn-danger">
            <i class="fa fa-google-plus mr-2"></i> Sign in using Google+
          </a>
        </div>
        <!-- /.social-auth-links -->

        <p class="mb-1">
          <a href="forgotpassword">I forgot my password</a>
        </p>
        <p class="mb-0">
          <a href="register" class="text-center">Register a new membership</a>
        </p>
      </div>
      <!-- /.card-body -->
    </div>
    <!-- /.card -->
  </div>
  <!-- /.login-box -->
  <!-- jQuery -->
<script src="https://ajax.googleapis.com/ajax/libs/jquery/3.6.0/jquery.min.js"></script>
<!-- Bootstrap 4 -->
<script src="https://cdn.jsdelivr.net/npm/bootstrap@4.5.3/dist/js/bootstrap.bundle.min.js" integrity="sha384-ho+j7jyWK8fNQe+A12Hb8AhRq26LrZ/JpcUGGOn+Y7RsweNrtN/tE3MoK7ZeZDyx" crossorigin="anonymous"></script>
<!-- overlayScrollbars -->
<script src="https://cdnjs.cloudflare.com/ajax/libs/overlayscrollbars/1.13.3/js/jquery.overlayScrollbars.min.js"></script>
<!-- AdminLTE App -->
<script src="http://localhost/etkal/public/asset/adminlte/js/adminlte.min.js"></script>

</body>

</html>')
 2 SYSTEMPATH\CodeIgniter.php(907): App\Controllers\Users->index()
 3 SYSTEMPATH\CodeIgniter.php(457): CodeIgniter\CodeIgniter->runController(Object(App\Controllers\Users))
 4 SYSTEMPATH\CodeIgniter.php(340): CodeIgniter\CodeIgniter->handleRequest(null, Object(Config\Cache), false)
 5 FCPATH\index.php(68): CodeIgniter\CodeIgniter->run()
CRITICAL - 2023-03-09 16:31:48 --> view(): Argument #2 ($data) must be of type array, string given, called in C:\xampp\htdocs\etkal\app\Controllers\Users.php on line 81
in SYSTEMPATH\Common.php on line 1128.
 1 APPPATH\Controllers\Users.php(81): view('login/login', '<!DOCTYPE html>
<html lang="en">

<head>
  <meta charset="utf-8">
  <meta name="viewport" content="width=device-width, initial-scale=1">
  <meta name="X-CSRF-TOKEN" content="a385680bdde419295be7dcad27297d69131e8945d5cf2f6c57510e45890afcc2" />  <title> የአማርኛ | ማዝገበ ቃላት </title>

  <!-- Google Font: Source Sans Pro -->
  <link rel="stylesheet" href="https://fonts.googleapis.com/css?family=Source+Sans+Pro:300,400,400i,700&display=fallback">
  <!-- Font Awesome -->
  <link rel="stylesheet" href="https://cdnjs.cloudflare.com/ajax/libs/font-awesome/4.7.0/css/font-awesome.min.css">
  <!-- overlayScrollbars-->
  <link rel="stylesheet" href="https://cdnjs.cloudflare.com/ajax/libs/overlayscrollbars/1.13.3/css/OverlayScrollbars.min.css">
  <!-- Theme style -->
  <link rel="stylesheet" href="http://localhost/etkal/public/asset/adminlte/adminlte.min.css">


  
</head>
<body class="hold-transition login-page">
  <div class="login-box">
    <!-- /.login-logo -->
    <div class="card card-outline card-primary">
      <div class="card-header text-center">
        <a href="login" class="h1"><b>ET </b> KAL አስተዳደር</a>
      </div>
      <div class="card-body">


                  <p class="login-box-msg">Sign in to <b>ET </b> KAL Admin Page</p>        

        <form action="login" method="post">
        <input type="hidden" name="csrf_test_name" value="52ee6c96bd1ec3b2ff846be89e13a034e2758dd8b535f5f7f332b9003030219f" />          <div class="input-group mb-3">
            <input type="email" name="email" value="" size="50" class="form-control" placeholder="Email" autocomplete="off">
            <div class="input-group-append">
              <div class="input-group-text">
                <span class="fa fa-envelope"></span>
              </div>
            </div>
            <div class="input-group">

              <span class="text-danger"></span>

            </div>
          </div>
          <div class="input-group mb-3">
            <input type="password" name="password" value="" size="12" class="form-control" placeholder="Password">
            <div class="input-group-append">
              <div class="input-group-text">
                <span class="fa fa-lock"></span>
              </div>
            </div>
            <div class="input-group">
              <span class="text-danger"> </span>
            </div>
          </div>
          <div class="row">
            <div class="col-8">
              <div class="icheck-primary">
                <input type="checkbox" id="remember">
                <label for="remember">
                  Remember Me
                </label>
              </div>
            </div>
            <!-- /.col -->
            <div class="col-4">
              <button type="submit" class="btn btn-primary btn-block">Sign In</button>
            </div>
            <!-- /.col -->
          </div>
        </form>

        <div class="social-auth-links text-center mt-2 mb-3">
          <a href="#" class="btn btn-block btn-primary">
            <i class="fa fa-facebook mr-2"></i> Sign in using Facebook
          </a>
          <a href="#" class="btn btn-block btn-danger">
            <i class="fa fa-google-plus mr-2"></i> Sign in using Google+
          </a>
        </div>
        <!-- /.social-auth-links -->

        <p class="mb-1">
          <a href="forgotpassword">I forgot my password</a>
        </p>
        <p class="mb-0">
          <a href="register" class="text-center">Register a new membership</a>
        </p>
      </div>
      <!-- /.card-body -->
    </div>
    <!-- /.card -->
  </div>
  <!-- /.login-box -->
  <!-- jQuery -->
<script src="https://ajax.googleapis.com/ajax/libs/jquery/3.6.0/jquery.min.js"></script>
<!-- Bootstrap 4 -->
<script src="https://cdn.jsdelivr.net/npm/bootstrap@4.5.3/dist/js/bootstrap.bundle.min.js" integrity="sha384-ho+j7jyWK8fNQe+A12Hb8AhRq26LrZ/JpcUGGOn+Y7RsweNrtN/tE3MoK7ZeZDyx" crossorigin="anonymous"></script>
<!-- overlayScrollbars -->
<script src="https://cdnjs.cloudflare.com/ajax/libs/overlayscrollbars/1.13.3/js/jquery.overlayScrollbars.min.js"></script>
<!-- AdminLTE App -->
<script src="http://localhost/etkal/public/asset/adminlte/js/adminlte.min.js"></script>

</body>

</html>')
 2 SYSTEMPATH\CodeIgniter.php(907): App\Controllers\Users->index()
 3 SYSTEMPATH\CodeIgniter.php(457): CodeIgniter\CodeIgniter->runController(Object(App\Controllers\Users))
 4 SYSTEMPATH\CodeIgniter.php(340): CodeIgniter\CodeIgniter->handleRequest(null, Object(Config\Cache), false)
 5 FCPATH\index.php(68): CodeIgniter\CodeIgniter->run()
CRITICAL - 2023-03-09 16:31:49 --> view(): Argument #2 ($data) must be of type array, string given, called in C:\xampp\htdocs\etkal\app\Controllers\Users.php on line 81
in SYSTEMPATH\Common.php on line 1128.
 1 APPPATH\Controllers\Users.php(81): view('login/login', '<!DOCTYPE html>
<html lang="en">

<head>
  <meta charset="utf-8">
  <meta name="viewport" content="width=device-width, initial-scale=1">
  <meta name="X-CSRF-TOKEN" content="a115d5f51448f6d98715a61f43af4a4a118e34bb1c63c09c8ba374f7ed8ccbe1" />  <title> የአማርኛ | ማዝገበ ቃላት </title>

  <!-- Google Font: Source Sans Pro -->
  <link rel="stylesheet" href="https://fonts.googleapis.com/css?family=Source+Sans+Pro:300,400,400i,700&display=fallback">
  <!-- Font Awesome -->
  <link rel="stylesheet" href="https://cdnjs.cloudflare.com/ajax/libs/font-awesome/4.7.0/css/font-awesome.min.css">
  <!-- overlayScrollbars-->
  <link rel="stylesheet" href="https://cdnjs.cloudflare.com/ajax/libs/overlayscrollbars/1.13.3/css/OverlayScrollbars.min.css">
  <!-- Theme style -->
  <link rel="stylesheet" href="http://localhost/etkal/public/asset/adminlte/adminlte.min.css">


  
</head>
<body class="hold-transition login-page">
  <div class="login-box">
    <!-- /.login-logo -->
    <div class="card card-outline card-primary">
      <div class="card-header text-center">
        <a href="login" class="h1"><b>ET </b> KAL አስተዳደር</a>
      </div>
      <div class="card-body">


                  <p class="login-box-msg">Sign in to <b>ET </b> KAL Admin Page</p>        

        <form action="login" method="post">
        <input type="hidden" name="csrf_test_name" value="eff5159b591a999616c865db8bd2247f5f6ef4d55131afd31a7eb73325f1a5d4" />          <div class="input-group mb-3">
            <input type="email" name="email" value="" size="50" class="form-control" placeholder="Email" autocomplete="off">
            <div class="input-group-append">
              <div class="input-group-text">
                <span class="fa fa-envelope"></span>
              </div>
            </div>
            <div class="input-group">

              <span class="text-danger"></span>

            </div>
          </div>
          <div class="input-group mb-3">
            <input type="password" name="password" value="" size="12" class="form-control" placeholder="Password">
            <div class="input-group-append">
              <div class="input-group-text">
                <span class="fa fa-lock"></span>
              </div>
            </div>
            <div class="input-group">
              <span class="text-danger"> </span>
            </div>
          </div>
          <div class="row">
            <div class="col-8">
              <div class="icheck-primary">
                <input type="checkbox" id="remember">
                <label for="remember">
                  Remember Me
                </label>
              </div>
            </div>
            <!-- /.col -->
            <div class="col-4">
              <button type="submit" class="btn btn-primary btn-block">Sign In</button>
            </div>
            <!-- /.col -->
          </div>
        </form>

        <div class="social-auth-links text-center mt-2 mb-3">
          <a href="#" class="btn btn-block btn-primary">
            <i class="fa fa-facebook mr-2"></i> Sign in using Facebook
          </a>
          <a href="#" class="btn btn-block btn-danger">
            <i class="fa fa-google-plus mr-2"></i> Sign in using Google+
          </a>
        </div>
        <!-- /.social-auth-links -->

        <p class="mb-1">
          <a href="forgotpassword">I forgot my password</a>
        </p>
        <p class="mb-0">
          <a href="register" class="text-center">Register a new membership</a>
        </p>
      </div>
      <!-- /.card-body -->
    </div>
    <!-- /.card -->
  </div>
  <!-- /.login-box -->
  <!-- jQuery -->
<script src="https://ajax.googleapis.com/ajax/libs/jquery/3.6.0/jquery.min.js"></script>
<!-- Bootstrap 4 -->
<script src="https://cdn.jsdelivr.net/npm/bootstrap@4.5.3/dist/js/bootstrap.bundle.min.js" integrity="sha384-ho+j7jyWK8fNQe+A12Hb8AhRq26LrZ/JpcUGGOn+Y7RsweNrtN/tE3MoK7ZeZDyx" crossorigin="anonymous"></script>
<!-- overlayScrollbars -->
<script src="https://cdnjs.cloudflare.com/ajax/libs/overlayscrollbars/1.13.3/js/jquery.overlayScrollbars.min.js"></script>
<!-- AdminLTE App -->
<script src="http://localhost/etkal/public/asset/adminlte/js/adminlte.min.js"></script>

</body>

</html>')
 2 SYSTEMPATH\CodeIgniter.php(907): App\Controllers\Users->index()
 3 SYSTEMPATH\CodeIgniter.php(457): CodeIgniter\CodeIgniter->runController(Object(App\Controllers\Users))
 4 SYSTEMPATH\CodeIgniter.php(340): CodeIgniter\CodeIgniter->handleRequest(null, Object(Config\Cache), false)
 5 FCPATH\index.php(68): CodeIgniter\CodeIgniter->run()
CRITICAL - 2023-03-09 16:31:49 --> view(): Argument #2 ($data) must be of type array, string given, called in C:\xampp\htdocs\etkal\app\Controllers\Users.php on line 81
in SYSTEMPATH\Common.php on line 1128.
 1 APPPATH\Controllers\Users.php(81): view('login/login', '<!DOCTYPE html>
<html lang="en">

<head>
  <meta charset="utf-8">
  <meta name="viewport" content="width=device-width, initial-scale=1">
  <meta name="X-CSRF-TOKEN" content="673859bf07a9f2d4db6057de5dc3a8e1d7a3b8f10f82c491d7d68536f3e0294a" />  <title> የአማርኛ | ማዝገበ ቃላት </title>

  <!-- Google Font: Source Sans Pro -->
  <link rel="stylesheet" href="https://fonts.googleapis.com/css?family=Source+Sans+Pro:300,400,400i,700&display=fallback">
  <!-- Font Awesome -->
  <link rel="stylesheet" href="https://cdnjs.cloudflare.com/ajax/libs/font-awesome/4.7.0/css/font-awesome.min.css">
  <!-- overlayScrollbars-->
  <link rel="stylesheet" href="https://cdnjs.cloudflare.com/ajax/libs/overlayscrollbars/1.13.3/css/OverlayScrollbars.min.css">
  <!-- Theme style -->
  <link rel="stylesheet" href="http://localhost/etkal/public/asset/adminlte/adminlte.min.css">


  
</head>
<body class="hold-transition login-page">
  <div class="login-box">
    <!-- /.login-logo -->
    <div class="card card-outline card-primary">
      <div class="card-header text-center">
        <a href="login" class="h1"><b>ET </b> KAL አስተዳደር</a>
      </div>
      <div class="card-body">


                  <p class="login-box-msg">Sign in to <b>ET </b> KAL Admin Page</p>        

        <form action="login" method="post">
        <input type="hidden" name="csrf_test_name" value="1c19d3cebeec1a1b2612795244e0f951ac823280b6c72c5e2aa4abbaeac378fa" />          <div class="input-group mb-3">
            <input type="email" name="email" value="" size="50" class="form-control" placeholder="Email" autocomplete="off">
            <div class="input-group-append">
              <div class="input-group-text">
                <span class="fa fa-envelope"></span>
              </div>
            </div>
            <div class="input-group">

              <span class="text-danger"></span>

            </div>
          </div>
          <div class="input-group mb-3">
            <input type="password" name="password" value="" size="12" class="form-control" placeholder="Password">
            <div class="input-group-append">
              <div class="input-group-text">
                <span class="fa fa-lock"></span>
              </div>
            </div>
            <div class="input-group">
              <span class="text-danger"> </span>
            </div>
          </div>
          <div class="row">
            <div class="col-8">
              <div class="icheck-primary">
                <input type="checkbox" id="remember">
                <label for="remember">
                  Remember Me
                </label>
              </div>
            </div>
            <!-- /.col -->
            <div class="col-4">
              <button type="submit" class="btn btn-primary btn-block">Sign In</button>
            </div>
            <!-- /.col -->
          </div>
        </form>

        <div class="social-auth-links text-center mt-2 mb-3">
          <a href="#" class="btn btn-block btn-primary">
            <i class="fa fa-facebook mr-2"></i> Sign in using Facebook
          </a>
          <a href="#" class="btn btn-block btn-danger">
            <i class="fa fa-google-plus mr-2"></i> Sign in using Google+
          </a>
        </div>
        <!-- /.social-auth-links -->

        <p class="mb-1">
          <a href="forgotpassword">I forgot my password</a>
        </p>
        <p class="mb-0">
          <a href="register" class="text-center">Register a new membership</a>
        </p>
      </div>
      <!-- /.card-body -->
    </div>
    <!-- /.card -->
  </div>
  <!-- /.login-box -->
  <!-- jQuery -->
<script src="https://ajax.googleapis.com/ajax/libs/jquery/3.6.0/jquery.min.js"></script>
<!-- Bootstrap 4 -->
<script src="https://cdn.jsdelivr.net/npm/bootstrap@4.5.3/dist/js/bootstrap.bundle.min.js" integrity="sha384-ho+j7jyWK8fNQe+A12Hb8AhRq26LrZ/JpcUGGOn+Y7RsweNrtN/tE3MoK7ZeZDyx" crossorigin="anonymous"></script>
<!-- overlayScrollbars -->
<script src="https://cdnjs.cloudflare.com/ajax/libs/overlayscrollbars/1.13.3/js/jquery.overlayScrollbars.min.js"></script>
<!-- AdminLTE App -->
<script src="http://localhost/etkal/public/asset/adminlte/js/adminlte.min.js"></script>

</body>

</html>')
 2 SYSTEMPATH\CodeIgniter.php(907): App\Controllers\Users->index()
 3 SYSTEMPATH\CodeIgniter.php(457): CodeIgniter\CodeIgniter->runController(Object(App\Controllers\Users))
 4 SYSTEMPATH\CodeIgniter.php(340): CodeIgniter\CodeIgniter->handleRequest(null, Object(Config\Cache), false)
 5 FCPATH\index.php(68): CodeIgniter\CodeIgniter->run()
CRITICAL - 2023-03-09 16:31:49 --> view(): Argument #2 ($data) must be of type array, string given, called in C:\xampp\htdocs\etkal\app\Controllers\Users.php on line 81
in SYSTEMPATH\Common.php on line 1128.
 1 APPPATH\Controllers\Users.php(81): view('login/login', '<!DOCTYPE html>
<html lang="en">

<head>
  <meta charset="utf-8">
  <meta name="viewport" content="width=device-width, initial-scale=1">
  <meta name="X-CSRF-TOKEN" content="17ae53b3fa54d008728e016dd0e98b81a735b2fdf27fe64d7e38d3857eca0a2a" />  <title> የአማርኛ | ማዝገበ ቃላት </title>

  <!-- Google Font: Source Sans Pro -->
  <link rel="stylesheet" href="https://fonts.googleapis.com/css?family=Source+Sans+Pro:300,400,400i,700&display=fallback">
  <!-- Font Awesome -->
  <link rel="stylesheet" href="https://cdnjs.cloudflare.com/ajax/libs/font-awesome/4.7.0/css/font-awesome.min.css">
  <!-- overlayScrollbars-->
  <link rel="stylesheet" href="https://cdnjs.cloudflare.com/ajax/libs/overlayscrollbars/1.13.3/css/OverlayScrollbars.min.css">
  <!-- Theme style -->
  <link rel="stylesheet" href="http://localhost/etkal/public/asset/adminlte/adminlte.min.css">


  
</head>
<body class="hold-transition login-page">
  <div class="login-box">
    <!-- /.login-logo -->
    <div class="card card-outline card-primary">
      <div class="card-header text-center">
        <a href="login" class="h1"><b>ET </b> KAL አስተዳደር</a>
      </div>
      <div class="card-body">


                  <p class="login-box-msg">Sign in to <b>ET </b> KAL Admin Page</p>        

        <form action="login" method="post">
        <input type="hidden" name="csrf_test_name" value="1333d4effb94377c856006073d601c09a3a835a1f3bf013989d6d4ef93439da2" />          <div class="input-group mb-3">
            <input type="email" name="email" value="" size="50" class="form-control" placeholder="Email" autocomplete="off">
            <div class="input-group-append">
              <div class="input-group-text">
                <span class="fa fa-envelope"></span>
              </div>
            </div>
            <div class="input-group">

              <span class="text-danger"></span>

            </div>
          </div>
          <div class="input-group mb-3">
            <input type="password" name="password" value="" size="12" class="form-control" placeholder="Password">
            <div class="input-group-append">
              <div class="input-group-text">
                <span class="fa fa-lock"></span>
              </div>
            </div>
            <div class="input-group">
              <span class="text-danger"> </span>
            </div>
          </div>
          <div class="row">
            <div class="col-8">
              <div class="icheck-primary">
                <input type="checkbox" id="remember">
                <label for="remember">
                  Remember Me
                </label>
              </div>
            </div>
            <!-- /.col -->
            <div class="col-4">
              <button type="submit" class="btn btn-primary btn-block">Sign In</button>
            </div>
            <!-- /.col -->
          </div>
        </form>

        <div class="social-auth-links text-center mt-2 mb-3">
          <a href="#" class="btn btn-block btn-primary">
            <i class="fa fa-facebook mr-2"></i> Sign in using Facebook
          </a>
          <a href="#" class="btn btn-block btn-danger">
            <i class="fa fa-google-plus mr-2"></i> Sign in using Google+
          </a>
        </div>
        <!-- /.social-auth-links -->

        <p class="mb-1">
          <a href="forgotpassword">I forgot my password</a>
        </p>
        <p class="mb-0">
          <a href="register" class="text-center">Register a new membership</a>
        </p>
      </div>
      <!-- /.card-body -->
    </div>
    <!-- /.card -->
  </div>
  <!-- /.login-box -->
  <!-- jQuery -->
<script src="https://ajax.googleapis.com/ajax/libs/jquery/3.6.0/jquery.min.js"></script>
<!-- Bootstrap 4 -->
<script src="https://cdn.jsdelivr.net/npm/bootstrap@4.5.3/dist/js/bootstrap.bundle.min.js" integrity="sha384-ho+j7jyWK8fNQe+A12Hb8AhRq26LrZ/JpcUGGOn+Y7RsweNrtN/tE3MoK7ZeZDyx" crossorigin="anonymous"></script>
<!-- overlayScrollbars -->
<script src="https://cdnjs.cloudflare.com/ajax/libs/overlayscrollbars/1.13.3/js/jquery.overlayScrollbars.min.js"></script>
<!-- AdminLTE App -->
<script src="http://localhost/etkal/public/asset/adminlte/js/adminlte.min.js"></script>

</body>

</html>')
 2 SYSTEMPATH\CodeIgniter.php(907): App\Controllers\Users->index()
 3 SYSTEMPATH\CodeIgniter.php(457): CodeIgniter\CodeIgniter->runController(Object(App\Controllers\Users))
 4 SYSTEMPATH\CodeIgniter.php(340): CodeIgniter\CodeIgniter->handleRequest(null, Object(Config\Cache), false)
 5 FCPATH\index.php(68): CodeIgniter\CodeIgniter->run()
CRITICAL - 2023-03-09 16:32:45 --> view(): Argument #2 ($data) must be of type array, CodeIgniter\HTTP\RedirectResponse given, called in C:\xampp\htdocs\etkal\app\Controllers\Users.php on line 81
in SYSTEMPATH\Common.php on line 1128.
 1 APPPATH\Controllers\Users.php(81): view('login/login', Object(CodeIgniter\HTTP\RedirectResponse))
 2 SYSTEMPATH\CodeIgniter.php(907): App\Controllers\Users->index()
 3 SYSTEMPATH\CodeIgniter.php(457): CodeIgniter\CodeIgniter->runController(Object(App\Controllers\Users))
 4 SYSTEMPATH\CodeIgniter.php(340): CodeIgniter\CodeIgniter->handleRequest(null, Object(Config\Cache), false)
 5 FCPATH\index.php(68): CodeIgniter\CodeIgniter->run()
CRITICAL - 2023-03-09 16:32:46 --> view(): Argument #2 ($data) must be of type array, CodeIgniter\HTTP\RedirectResponse given, called in C:\xampp\htdocs\etkal\app\Controllers\Users.php on line 81
in SYSTEMPATH\Common.php on line 1128.
 1 APPPATH\Controllers\Users.php(81): view('login/login', Object(CodeIgniter\HTTP\RedirectResponse))
 2 SYSTEMPATH\CodeIgniter.php(907): App\Controllers\Users->index()
 3 SYSTEMPATH\CodeIgniter.php(457): CodeIgniter\CodeIgniter->runController(Object(App\Controllers\Users))
 4 SYSTEMPATH\CodeIgniter.php(340): CodeIgniter\CodeIgniter->handleRequest(null, Object(Config\Cache), false)
 5 FCPATH\index.php(68): CodeIgniter\CodeIgniter->run()
CRITICAL - 2023-03-09 17:04:14 --> view(): Argument #2 ($data) must be of type array, null given, called in C:\xampp\htdocs\etkal\app\Controllers\Users.php on line 81
in SYSTEMPATH\Common.php on line 1128.
 1 APPPATH\Controllers\Users.php(81): view('login/login', null)
 2 SYSTEMPATH\CodeIgniter.php(907): App\Controllers\Users->index()
 3 SYSTEMPATH\CodeIgniter.php(457): CodeIgniter\CodeIgniter->runController(Object(App\Controllers\Users))
 4 SYSTEMPATH\CodeIgniter.php(340): CodeIgniter\CodeIgniter->handleRequest(null, Object(Config\Cache), false)
 5 FCPATH\index.php(68): CodeIgniter\CodeIgniter->run()
CRITICAL - 2023-03-09 17:04:27 --> view(): Argument #2 ($data) must be of type array, null given, called in C:\xampp\htdocs\etkal\app\Controllers\Home.php on line 21
in SYSTEMPATH\Common.php on line 1128.
 1 APPPATH\Controllers\Home.php(21): view('login/login', null)
 2 SYSTEMPATH\CodeIgniter.php(907): App\Controllers\Home->index()
 3 SYSTEMPATH\CodeIgniter.php(457): CodeIgniter\CodeIgniter->runController(Object(App\Controllers\Home))
 4 SYSTEMPATH\CodeIgniter.php(340): CodeIgniter\CodeIgniter->handleRequest(null, Object(Config\Cache), false)
 5 FCPATH\index.php(68): CodeIgniter\CodeIgniter->run()
CRITICAL - 2023-03-09 17:06:14 --> Cannot use object of type CodeIgniter\HTTP\ContentSecurityPolicy as array
in APPPATH\Libraries\Functions.php on line 134.
 1 APPPATH\Libraries\Functions.php(76): App\Libraries\Functions::unique_multidim_array(Object(CodeIgniter\HTTP\RedirectResponse), 'category')
 2 APPPATH\Controllers\Home.php(21): App\Libraries\Functions::pagedata()
 3 SYSTEMPATH\CodeIgniter.php(907): App\Controllers\Home->index()
 4 SYSTEMPATH\CodeIgniter.php(457): CodeIgniter\CodeIgniter->runController(Object(App\Controllers\Home))
 5 SYSTEMPATH\CodeIgniter.php(340): CodeIgniter\CodeIgniter->handleRequest(null, Object(Config\Cache), false)
 6 FCPATH\index.php(68): CodeIgniter\CodeIgniter->run()
CRITICAL - 2023-03-09 17:06:16 --> Cannot use object of type CodeIgniter\HTTP\ContentSecurityPolicy as array
in APPPATH\Libraries\Functions.php on line 134.
 1 APPPATH\Libraries\Functions.php(76): App\Libraries\Functions::unique_multidim_array(Object(CodeIgniter\HTTP\RedirectResponse), 'category')
 2 APPPATH\Controllers\Home.php(21): App\Libraries\Functions::pagedata()
 3 SYSTEMPATH\CodeIgniter.php(907): App\Controllers\Home->index()
 4 SYSTEMPATH\CodeIgniter.php(457): CodeIgniter\CodeIgniter->runController(Object(App\Controllers\Home))
 5 SYSTEMPATH\CodeIgniter.php(340): CodeIgniter\CodeIgniter->handleRequest(null, Object(Config\Cache), false)
 6 FCPATH\index.php(68): CodeIgniter\CodeIgniter->run()
CRITICAL - 2023-03-09 17:22:44 --> Undefined global variable $_SESSION
in APPPATH\Libraries\Functions.php on line 21.
 1 APPPATH\Libraries\Functions.php(21): CodeIgniter\Debug\Exceptions->errorHandler(2, 'Undefined global variable $_SESSION', 'APPPATH\\Libraries\\Functions.php', 21)
 2 APPPATH\Controllers\Home.php(13): App\Libraries\Functions::check_login()
 3 SYSTEMPATH\CodeIgniter.php(869): App\Controllers\Home->__construct()
 4 SYSTEMPATH\CodeIgniter.php(448): CodeIgniter\CodeIgniter->createController()
 5 SYSTEMPATH\CodeIgniter.php(340): CodeIgniter\CodeIgniter->handleRequest(null, Object(Config\Cache), false)
 6 FCPATH\index.php(68): CodeIgniter\CodeIgniter->run()
CRITICAL - 2023-03-09 17:32:48 --> Undefined variable $image
in APPPATH\Views\partials\navbar.php on line 47.
 1 APPPATH\Views\partials\navbar.php(47): CodeIgniter\Debug\Exceptions->errorHandler(2, 'Undefined variable $image', 'APPPATH\\Views\\partials\\navbar.php', 47)
 2 SYSTEMPATH\View\View.php(213): include('APPPATH\\Views\\partials\\navbar.php')
 3 SYSTEMPATH\View\View.php(216): CodeIgniter\View\View->CodeIgniter\View\{closure}()
 4 SYSTEMPATH\View\View.php(429): CodeIgniter\View\View->render('partials/navbar', null, true)
 5 APPPATH\Views\default.php(6): CodeIgniter\View\View->include('partials/navbar')
 6 SYSTEMPATH\View\View.php(213): include('APPPATH\\Views\\default.php')
 7 SYSTEMPATH\View\View.php(216): CodeIgniter\View\View->CodeIgniter\View\{closure}()
 8 SYSTEMPATH\View\View.php(229): CodeIgniter\View\View->render('default', [], true)
 9 SYSTEMPATH\Common.php(1142): CodeIgniter\View\View->render('adminDashbord', [], true)
10 APPPATH\Controllers\Home.php(24): view('adminDashbord', [...])
11 SYSTEMPATH\CodeIgniter.php(907): App\Controllers\Home->index()
12 SYSTEMPATH\CodeIgniter.php(457): CodeIgniter\CodeIgniter->runController(Object(App\Controllers\Home))
13 SYSTEMPATH\CodeIgniter.php(340): CodeIgniter\CodeIgniter->handleRequest(null, Object(Config\Cache), false)
14 FCPATH\index.php(68): CodeIgniter\CodeIgniter->run()
CRITICAL - 2023-03-09 17:32:54 --> Undefined variable $image
in APPPATH\Views\partials\navbar.php on line 47.
 1 APPPATH\Views\partials\navbar.php(47): CodeIgniter\Debug\Exceptions->errorHandler(2, 'Undefined variable $image', 'APPPATH\\Views\\partials\\navbar.php', 47)
 2 SYSTEMPATH\View\View.php(213): include('APPPATH\\Views\\partials\\navbar.php')
 3 SYSTEMPATH\View\View.php(216): CodeIgniter\View\View->CodeIgniter\View\{closure}()
 4 SYSTEMPATH\View\View.php(429): CodeIgniter\View\View->render('partials/navbar', null, true)
 5 APPPATH\Views\default.php(6): CodeIgniter\View\View->include('partials/navbar')
 6 SYSTEMPATH\View\View.php(213): include('APPPATH\\Views\\default.php')
 7 SYSTEMPATH\View\View.php(216): CodeIgniter\View\View->CodeIgniter\View\{closure}()
 8 SYSTEMPATH\View\View.php(229): CodeIgniter\View\View->render('default', [], true)
 9 SYSTEMPATH\Common.php(1142): CodeIgniter\View\View->render('adminDashbord', [], true)
10 APPPATH\Controllers\Home.php(24): view('adminDashbord', [...])
11 SYSTEMPATH\CodeIgniter.php(907): App\Controllers\Home->index()
12 SYSTEMPATH\CodeIgniter.php(457): CodeIgniter\CodeIgniter->runController(Object(App\Controllers\Home))
13 SYSTEMPATH\CodeIgniter.php(340): CodeIgniter\CodeIgniter->handleRequest(null, Object(Config\Cache), false)
14 FCPATH\index.php(68): CodeIgniter\CodeIgniter->run()
