CRITICAL - 2023-07-12 13:10:25 --> fputcsv(): Argument #2 ($fields) must be of type array, App\Entities\WordMeaning given
in APPPATH\Libraries\Functions.php on line 256.
 1 APPPATH\Libraries\Functions.php(256): fputcsv(resource (stream), Object(App\Entities\WordMeaning))
 2 APPPATH\Controllers\Meaning.php(149): App\Libraries\Functions->exportData([...], [...], 'ትርጉሞች')
 3 SYSTEMPATH\CodeIgniter.php(907): App\Controllers\Meaning->wordmeaninglist()
 4 SYSTEMPATH\CodeIgniter.php(457): CodeIgniter\CodeIgniter->runController(Object(App\Controllers\Meaning))
 5 SYSTEMPATH\CodeIgniter.php(340): CodeIgniter\CodeIgniter->handleRequest(null, Object(Config\Cache), false)
 6 FCPATH\index.php(68): CodeIgniter\CodeIgniter->run()
CRITICAL - 2023-07-12 13:10:31 --> fputcsv(): Argument #2 ($fields) must be of type array, App\Entities\WordMeaning given
in APPPATH\Libraries\Functions.php on line 256.
 1 APPPATH\Libraries\Functions.php(256): fputcsv(resource (stream), Object(App\Entities\WordMeaning))
 2 APPPATH\Controllers\Meaning.php(149): App\Libraries\Functions->exportData([...], [...], 'ትርጉሞች')
 3 SYSTEMPATH\CodeIgniter.php(907): App\Controllers\Meaning->wordmeaninglist()
 4 SYSTEMPATH\CodeIgniter.php(457): CodeIgniter\CodeIgniter->runController(Object(App\Controllers\Meaning))
 5 SYSTEMPATH\CodeIgniter.php(340): CodeIgniter\CodeIgniter->handleRequest(null, Object(Config\Cache), false)
 6 FCPATH\index.php(68): CodeIgniter\CodeIgniter->run()
CRITICAL - 2023-07-12 13:10:38 --> fputcsv(): Argument #2 ($fields) must be of type array, App\Entities\WordMeaning given
in APPPATH\Libraries\Functions.php on line 256.
 1 APPPATH\Libraries\Functions.php(256): fputcsv(resource (stream), Object(App\Entities\WordMeaning))
 2 APPPATH\Controllers\Meaning.php(149): App\Libraries\Functions->exportData([...], [...], 'ትርጉሞች')
 3 SYSTEMPATH\CodeIgniter.php(907): App\Controllers\Meaning->wordmeaninglist()
 4 SYSTEMPATH\CodeIgniter.php(457): CodeIgniter\CodeIgniter->runController(Object(App\Controllers\Meaning))
 5 SYSTEMPATH\CodeIgniter.php(340): CodeIgniter\CodeIgniter->handleRequest(null, Object(Config\Cache), false)
 6 FCPATH\index.php(68): CodeIgniter\CodeIgniter->run()
ERROR - 2023-07-12 13:13:43 --> mysqli_sql_exception: Unknown column 'wm.comment' in 'field list' in C:\xampp\htdocs\etkal\system\Database\MySQLi\Connection.php:292
Stack trace:
#0 C:\xampp\htdocs\etkal\system\Database\MySQLi\Connection.php(292): mysqli->query('SELECT ROW_NUMB...', 0)
#1 C:\xampp\htdocs\etkal\system\Database\BaseConnection.php(693): CodeIgniter\Database\MySQLi\Connection->execute('SELECT ROW_NUMB...')
#2 C:\xampp\htdocs\etkal\system\Database\BaseConnection.php(620): CodeIgniter\Database\BaseConnection->simpleQuery('SELECT ROW_NUMB...')
#3 C:\xampp\htdocs\etkal\system\Database\BaseBuilder.php(1585): CodeIgniter\Database\BaseConnection->query('SELECT ROW_NUMB...', Array, false)
#4 C:\xampp\htdocs\etkal\system\Model.php(772): CodeIgniter\Database\BaseBuilder->get()
#5 C:\xampp\htdocs\etkal\app\Controllers\Meaning.php(145): CodeIgniter\Model->__call('get', Array)
#6 C:\xampp\htdocs\etkal\system\CodeIgniter.php(907): App\Controllers\Meaning->wordmeaninglist()
#7 C:\xampp\htdocs\etkal\system\CodeIgniter.php(457): CodeIgniter\CodeIgniter->runController(Object(App\Controllers\Meaning))
#8 C:\xampp\htdocs\etkal\system\CodeIgniter.php(340): CodeIgniter\CodeIgniter->handleRequest(NULL, Object(Config\Cache), false)
#9 C:\xampp\htdocs\etkal\index.php(68): CodeIgniter\CodeIgniter->run()
#10 {main}
CRITICAL - 2023-07-12 13:13:43 --> Unknown column 'wm.comment' in 'field list'
in SYSTEMPATH\Database\MySQLi\Connection.php on line 292.
 1 SYSTEMPATH\Database\MySQLi\Connection.php(292): mysqli->query('SELECT ROW_NUMBER() over ( order by w.word ASC) AS row_num, `w`.`word`, `w`.`short_note`, `m`.`homonyms`, `m`.`meaning`, `m`.`example`, `m`.`meaning_image`, `wm`.`comment`, `wm`.`page_no`, `d`.`short_name`
FROM `word_meaning`
JOIN `words` as `w` ON `word_meaning`.`word_id` = `w`.`word_id`
JOIN `meanings` AS `m` ON `word_meaning`.`meaning_id` = `m`.`meaning_id`
JOIN `dictionary` AS `d` ON `word_meaning`.`dictionary_id` = `d`.`dictionary_id`
JOIN `users` AS `u` ON `word_meaning`.`user_id` = `u`.`user_id`
LEFT JOIN `word_dic_abbrivation` AS `wda` ON `w`.`word_id` = `wda`.`word_id`
LEFT JOIN `dictionary_abbrivation` AS `dica` ON `wda`.`dictionary_abbrivation_id` = `dica`.`dictionary_abbrivation_Id`
LEFT JOIN `parts_of_speechs` AS `ps` ON `m`.`part_of_speech_id` = `ps`.`part_of_speech_id`
WHERE `w`.`word` LIKE \'%%\' ESCAPE \'!\'
GROUP BY `word_meaning`.`word_meaning_id`, `dica`.`dictionary_abbrivation_Id`
ORDER BY `w`.`word` ASC
 LIMIT 100', 0)
 2 SYSTEMPATH\Database\BaseConnection.php(693): CodeIgniter\Database\MySQLi\Connection->execute('SELECT ROW_NUMBER() over ( order by w.word ASC) AS row_num, `w`.`word`, `w`.`short_note`, `m`.`homonyms`, `m`.`meaning`, `m`.`example`, `m`.`meaning_image`, `wm`.`comment`, `wm`.`page_no`, `d`.`short_name`
FROM `word_meaning`
JOIN `words` as `w` ON `word_meaning`.`word_id` = `w`.`word_id`
JOIN `meanings` AS `m` ON `word_meaning`.`meaning_id` = `m`.`meaning_id`
JOIN `dictionary` AS `d` ON `word_meaning`.`dictionary_id` = `d`.`dictionary_id`
JOIN `users` AS `u` ON `word_meaning`.`user_id` = `u`.`user_id`
LEFT JOIN `word_dic_abbrivation` AS `wda` ON `w`.`word_id` = `wda`.`word_id`
LEFT JOIN `dictionary_abbrivation` AS `dica` ON `wda`.`dictionary_abbrivation_id` = `dica`.`dictionary_abbrivation_Id`
LEFT JOIN `parts_of_speechs` AS `ps` ON `m`.`part_of_speech_id` = `ps`.`part_of_speech_id`
WHERE `w`.`word` LIKE \'%%\' ESCAPE \'!\'
GROUP BY `word_meaning`.`word_meaning_id`, `dica`.`dictionary_abbrivation_Id`
ORDER BY `w`.`word` ASC
 LIMIT 100')
 3 SYSTEMPATH\Database\BaseConnection.php(620): CodeIgniter\Database\BaseConnection->simpleQuery('SELECT ROW_NUMBER() over ( order by w.word ASC) AS row_num, `w`.`word`, `w`.`short_note`, `m`.`homonyms`, `m`.`meaning`, `m`.`example`, `m`.`meaning_image`, `wm`.`comment`, `wm`.`page_no`, `d`.`short_name`
FROM `word_meaning`
JOIN `words` as `w` ON `word_meaning`.`word_id` = `w`.`word_id`
JOIN `meanings` AS `m` ON `word_meaning`.`meaning_id` = `m`.`meaning_id`
JOIN `dictionary` AS `d` ON `word_meaning`.`dictionary_id` = `d`.`dictionary_id`
JOIN `users` AS `u` ON `word_meaning`.`user_id` = `u`.`user_id`
LEFT JOIN `word_dic_abbrivation` AS `wda` ON `w`.`word_id` = `wda`.`word_id`
LEFT JOIN `dictionary_abbrivation` AS `dica` ON `wda`.`dictionary_abbrivation_id` = `dica`.`dictionary_abbrivation_Id`
LEFT JOIN `parts_of_speechs` AS `ps` ON `m`.`part_of_speech_id` = `ps`.`part_of_speech_id`
WHERE `w`.`word` LIKE \'%%\' ESCAPE \'!\'
GROUP BY `word_meaning`.`word_meaning_id`, `dica`.`dictionary_abbrivation_Id`
ORDER BY `w`.`word` ASC
 LIMIT 100')
 4 SYSTEMPATH\Database\BaseBuilder.php(1585): CodeIgniter\Database\BaseConnection->query('SELECT ROW_NUMBER() over ( order by w.word ASC) AS row_num, `w`.`word`, `w`.`short_note`, `m`.`homonyms`, `m`.`meaning`, `m`.`example`, `m`.`meaning_image`, `wm`.`comment`, `wm`.`page_no`, `d`.`short_name`
FROM `word_meaning`
JOIN `words` as `w` ON `word_meaning`.`word_id` = `w`.`word_id`
JOIN `meanings` AS `m` ON `word_meaning`.`meaning_id` = `m`.`meaning_id`
JOIN `dictionary` AS `d` ON `word_meaning`.`dictionary_id` = `d`.`dictionary_id`
JOIN `users` AS `u` ON `word_meaning`.`user_id` = `u`.`user_id`
LEFT JOIN `word_dic_abbrivation` AS `wda` ON `w`.`word_id` = `wda`.`word_id`
LEFT JOIN `dictionary_abbrivation` AS `dica` ON `wda`.`dictionary_abbrivation_id` = `dica`.`dictionary_abbrivation_Id`
LEFT JOIN `parts_of_speechs` AS `ps` ON `m`.`part_of_speech_id` = `ps`.`part_of_speech_id`
WHERE `w`.`word` LIKE :w.word: ESCAPE \'!\'
GROUP BY `word_meaning`.`word_meaning_id`, `dica`.`dictionary_abbrivation_Id`
ORDER BY `w`.`word` ASC
 LIMIT 100', [...], false)
 5 SYSTEMPATH\Model.php(772): CodeIgniter\Database\BaseBuilder->get()
 6 APPPATH\Controllers\Meaning.php(145): CodeIgniter\Model->__call('get', [])
 7 SYSTEMPATH\CodeIgniter.php(907): App\Controllers\Meaning->wordmeaninglist()
 8 SYSTEMPATH\CodeIgniter.php(457): CodeIgniter\CodeIgniter->runController(Object(App\Controllers\Meaning))
 9 SYSTEMPATH\CodeIgniter.php(340): CodeIgniter\CodeIgniter->handleRequest(null, Object(Config\Cache), false)
10 FCPATH\index.php(68): CodeIgniter\CodeIgniter->run()
CRITICAL - 2023-07-12 14:15:44 --> fputcsv(): Argument #2 ($fields) must be of type array, App\Entities\WordMeaning given
in APPPATH\Libraries\Functions.php on line 256.
 1 APPPATH\Libraries\Functions.php(256): fputcsv(resource (stream), Object(App\Entities\WordMeaning))
 2 APPPATH\Controllers\Meaning.php(149): App\Libraries\Functions->exportData([...], [...], 'ትርጉሞች')
 3 SYSTEMPATH\CodeIgniter.php(907): App\Controllers\Meaning->wordmeaninglist()
 4 SYSTEMPATH\CodeIgniter.php(457): CodeIgniter\CodeIgniter->runController(Object(App\Controllers\Meaning))
 5 SYSTEMPATH\CodeIgniter.php(340): CodeIgniter\CodeIgniter->handleRequest(null, Object(Config\Cache), false)
 6 FCPATH\index.php(68): CodeIgniter\CodeIgniter->run()
CRITICAL - 2023-07-12 14:15:50 --> fputcsv(): Argument #2 ($fields) must be of type array, App\Entities\WordMeaning given
in APPPATH\Libraries\Functions.php on line 256.
 1 APPPATH\Libraries\Functions.php(256): fputcsv(resource (stream), Object(App\Entities\WordMeaning))
 2 APPPATH\Controllers\Meaning.php(149): App\Libraries\Functions->exportData([...], [...], 'ትርጉሞች')
 3 SYSTEMPATH\CodeIgniter.php(907): App\Controllers\Meaning->wordmeaninglist()
 4 SYSTEMPATH\CodeIgniter.php(457): CodeIgniter\CodeIgniter->runController(Object(App\Controllers\Meaning))
 5 SYSTEMPATH\CodeIgniter.php(340): CodeIgniter\CodeIgniter->handleRequest(null, Object(Config\Cache), false)
 6 FCPATH\index.php(68): CodeIgniter\CodeIgniter->run()
