CRITICAL - 2023-02-02 12:50:35 --> Undefined variable $base_url
in APPPATH\Views\search\search2.php on line 17.
 1 APPPATH\Views\search\search2.php(17): CodeIgniter\Debug\Exceptions->errorHandler(2, 'Undefined variable $base_url', 'APPPATH\\Views\\search\\search2.php', 17)
 2 SYSTEMPATH\View\View.php(213): include('APPPATH\\Views\\search\\search2.php')
 3 SYSTEMPATH\View\View.php(216): CodeIgniter\View\View->CodeIgniter\View\{closure}()
 4 SYSTEMPATH\Common.php(1142): CodeIgniter\View\View->render('search/search2', [], true)
 5 APPPATH\Controllers\Search.php(66): view('search/search2', [...])
 6 SYSTEMPATH\CodeIgniter.php(907): App\Controllers\Search->searchword()
 7 SYSTEMPATH\CodeIgniter.php(457): CodeIgniter\CodeIgniter->runController(Object(App\Controllers\Search))
 8 SYSTEMPATH\CodeIgniter.php(340): CodeIgniter\CodeIgniter->handleRequest(null, Object(Config\Cache), false)
 9 FCPATH\index.php(68): CodeIgniter\CodeIgniter->run()
CRITICAL - 2023-02-02 13:15:01 --> Attempt to read property "word" on null
in APPPATH\Views\search\search2.php on line 41.
 1 APPPATH\Views\search\search2.php(41): CodeIgniter\Debug\Exceptions->errorHandler(2, 'Attempt to read property "word" on null', 'APPPATH\\Views\\search\\search2.php', 41)
 2 SYSTEMPATH\View\View.php(213): include('APPPATH\\Views\\search\\search2.php')
 3 SYSTEMPATH\View\View.php(216): CodeIgniter\View\View->CodeIgniter\View\{closure}()
 4 SYSTEMPATH\Common.php(1142): CodeIgniter\View\View->render('search/search2', [], true)
 5 APPPATH\Controllers\Search.php(66): view('search/search2', [...])
 6 SYSTEMPATH\CodeIgniter.php(907): App\Controllers\Search->searchword()
 7 SYSTEMPATH\CodeIgniter.php(457): CodeIgniter\CodeIgniter->runController(Object(App\Controllers\Search))
 8 SYSTEMPATH\CodeIgniter.php(340): CodeIgniter\CodeIgniter->handleRequest(null, Object(Config\Cache), false)
 9 FCPATH\index.php(68): CodeIgniter\CodeIgniter->run()
CRITICAL - 2023-02-02 13:16:09 --> Call to undefined method App\Models\WordMeaningModel::getResultArray
in SYSTEMPATH\Model.php on line 774.
 1 APPPATH\Controllers\Search.php(87): CodeIgniter\Model->__call('getResultArray', [])
 2 APPPATH\Controllers\Search.php(63): App\Controllers\Search->find_word([...])
 3 SYSTEMPATH\CodeIgniter.php(907): App\Controllers\Search->searchword()
 4 SYSTEMPATH\CodeIgniter.php(457): CodeIgniter\CodeIgniter->runController(Object(App\Controllers\Search))
 5 SYSTEMPATH\CodeIgniter.php(340): CodeIgniter\CodeIgniter->handleRequest(null, Object(Config\Cache), false)
 6 FCPATH\index.php(68): CodeIgniter\CodeIgniter->run()
CRITICAL - 2023-02-02 13:16:10 --> Call to undefined method App\Models\WordMeaningModel::getResultArray
in SYSTEMPATH\Model.php on line 774.
 1 APPPATH\Controllers\Search.php(87): CodeIgniter\Model->__call('getResultArray', [])
 2 APPPATH\Controllers\Search.php(63): App\Controllers\Search->find_word([...])
 3 SYSTEMPATH\CodeIgniter.php(907): App\Controllers\Search->searchword()
 4 SYSTEMPATH\CodeIgniter.php(457): CodeIgniter\CodeIgniter->runController(Object(App\Controllers\Search))
 5 SYSTEMPATH\CodeIgniter.php(340): CodeIgniter\CodeIgniter->handleRequest(null, Object(Config\Cache), false)
 6 FCPATH\index.php(68): CodeIgniter\CodeIgniter->run()
CRITICAL - 2023-02-02 13:17:04 --> Attempt to read property "word" on array
in APPPATH\Views\search\search2.php on line 41.
 1 APPPATH\Views\search\search2.php(41): CodeIgniter\Debug\Exceptions->errorHandler(2, 'Attempt to read property "word" on array', 'APPPATH\\Views\\search\\search2.php', 41)
 2 SYSTEMPATH\View\View.php(213): include('APPPATH\\Views\\search\\search2.php')
 3 SYSTEMPATH\View\View.php(216): CodeIgniter\View\View->CodeIgniter\View\{closure}()
 4 SYSTEMPATH\Common.php(1142): CodeIgniter\View\View->render('search/search2', [], true)
 5 APPPATH\Controllers\Search.php(66): view('search/search2', [...])
 6 SYSTEMPATH\CodeIgniter.php(907): App\Controllers\Search->searchword()
 7 SYSTEMPATH\CodeIgniter.php(457): CodeIgniter\CodeIgniter->runController(Object(App\Controllers\Search))
 8 SYSTEMPATH\CodeIgniter.php(340): CodeIgniter\CodeIgniter->handleRequest(null, Object(Config\Cache), false)
 9 FCPATH\index.php(68): CodeIgniter\CodeIgniter->run()
CRITICAL - 2023-02-02 13:17:21 --> Attempt to read property "word" on array
in APPPATH\Views\search\search2.php on line 41.
 1 APPPATH\Views\search\search2.php(41): CodeIgniter\Debug\Exceptions->errorHandler(2, 'Attempt to read property "word" on array', 'APPPATH\\Views\\search\\search2.php', 41)
 2 SYSTEMPATH\View\View.php(213): include('APPPATH\\Views\\search\\search2.php')
 3 SYSTEMPATH\View\View.php(216): CodeIgniter\View\View->CodeIgniter\View\{closure}()
 4 SYSTEMPATH\Common.php(1142): CodeIgniter\View\View->render('search/search2', [], true)
 5 APPPATH\Controllers\Search.php(66): view('search/search2', [...])
 6 SYSTEMPATH\CodeIgniter.php(907): App\Controllers\Search->searchword()
 7 SYSTEMPATH\CodeIgniter.php(457): CodeIgniter\CodeIgniter->runController(Object(App\Controllers\Search))
 8 SYSTEMPATH\CodeIgniter.php(340): CodeIgniter\CodeIgniter->handleRequest(null, Object(Config\Cache), false)
 9 FCPATH\index.php(68): CodeIgniter\CodeIgniter->run()
CRITICAL - 2023-02-02 13:17:53 --> Attempt to read property "word" on array
in APPPATH\Views\search\search2.php on line 41.
 1 APPPATH\Views\search\search2.php(41): CodeIgniter\Debug\Exceptions->errorHandler(2, 'Attempt to read property "word" on array', 'APPPATH\\Views\\search\\search2.php', 41)
 2 SYSTEMPATH\View\View.php(213): include('APPPATH\\Views\\search\\search2.php')
 3 SYSTEMPATH\View\View.php(216): CodeIgniter\View\View->CodeIgniter\View\{closure}()
 4 SYSTEMPATH\Common.php(1142): CodeIgniter\View\View->render('search/search2', [], true)
 5 APPPATH\Controllers\Search.php(66): view('search/search2', [...])
 6 SYSTEMPATH\CodeIgniter.php(907): App\Controllers\Search->searchword()
 7 SYSTEMPATH\CodeIgniter.php(457): CodeIgniter\CodeIgniter->runController(Object(App\Controllers\Search))
 8 SYSTEMPATH\CodeIgniter.php(340): CodeIgniter\CodeIgniter->handleRequest(null, Object(Config\Cache), false)
 9 FCPATH\index.php(68): CodeIgniter\CodeIgniter->run()
CRITICAL - 2023-02-02 13:17:56 --> Attempt to read property "word" on array
in APPPATH\Views\search\search2.php on line 41.
 1 APPPATH\Views\search\search2.php(41): CodeIgniter\Debug\Exceptions->errorHandler(2, 'Attempt to read property "word" on array', 'APPPATH\\Views\\search\\search2.php', 41)
 2 SYSTEMPATH\View\View.php(213): include('APPPATH\\Views\\search\\search2.php')
 3 SYSTEMPATH\View\View.php(216): CodeIgniter\View\View->CodeIgniter\View\{closure}()
 4 SYSTEMPATH\Common.php(1142): CodeIgniter\View\View->render('search/search2', [], true)
 5 APPPATH\Controllers\Search.php(66): view('search/search2', [...])
 6 SYSTEMPATH\CodeIgniter.php(907): App\Controllers\Search->searchword()
 7 SYSTEMPATH\CodeIgniter.php(457): CodeIgniter\CodeIgniter->runController(Object(App\Controllers\Search))
 8 SYSTEMPATH\CodeIgniter.php(340): CodeIgniter\CodeIgniter->handleRequest(null, Object(Config\Cache), false)
 9 FCPATH\index.php(68): CodeIgniter\CodeIgniter->run()
CRITICAL - 2023-02-02 13:23:40 --> Call to undefined method App\Models\WordMeaningModel::getResultObject
in SYSTEMPATH\Model.php on line 774.
 1 APPPATH\Controllers\Search.php(87): CodeIgniter\Model->__call('getResultObject', [])
 2 APPPATH\Controllers\Search.php(63): App\Controllers\Search->find_word([...])
 3 SYSTEMPATH\CodeIgniter.php(907): App\Controllers\Search->searchword()
 4 SYSTEMPATH\CodeIgniter.php(457): CodeIgniter\CodeIgniter->runController(Object(App\Controllers\Search))
 5 SYSTEMPATH\CodeIgniter.php(340): CodeIgniter\CodeIgniter->handleRequest(null, Object(Config\Cache), false)
 6 FCPATH\index.php(68): CodeIgniter\CodeIgniter->run()
CRITICAL - 2023-02-02 13:50:20 --> Attempt to read property "word" on null
in APPPATH\Views\search\search2.php on line 41.
 1 APPPATH\Views\search\search2.php(41): CodeIgniter\Debug\Exceptions->errorHandler(2, 'Attempt to read property "word" on null', 'APPPATH\\Views\\search\\search2.php', 41)
 2 SYSTEMPATH\View\View.php(213): include('APPPATH\\Views\\search\\search2.php')
 3 SYSTEMPATH\View\View.php(216): CodeIgniter\View\View->CodeIgniter\View\{closure}()
 4 SYSTEMPATH\Common.php(1142): CodeIgniter\View\View->render('search/search2', [], true)
 5 APPPATH\Controllers\Search.php(66): view('search/search2', [...])
 6 SYSTEMPATH\CodeIgniter.php(907): App\Controllers\Search->searchword()
 7 SYSTEMPATH\CodeIgniter.php(457): CodeIgniter\CodeIgniter->runController(Object(App\Controllers\Search))
 8 SYSTEMPATH\CodeIgniter.php(340): CodeIgniter\CodeIgniter->handleRequest(null, Object(Config\Cache), false)
 9 FCPATH\index.php(68): CodeIgniter\CodeIgniter->run()
CRITICAL - 2023-02-02 13:51:05 --> Attempt to read property "word" on null
in APPPATH\Views\search\search2.php on line 41.
 1 APPPATH\Views\search\search2.php(41): CodeIgniter\Debug\Exceptions->errorHandler(2, 'Attempt to read property "word" on null', 'APPPATH\\Views\\search\\search2.php', 41)
 2 SYSTEMPATH\View\View.php(213): include('APPPATH\\Views\\search\\search2.php')
 3 SYSTEMPATH\View\View.php(216): CodeIgniter\View\View->CodeIgniter\View\{closure}()
 4 SYSTEMPATH\Common.php(1142): CodeIgniter\View\View->render('search/search2', [], true)
 5 APPPATH\Controllers\Search.php(66): view('search/search2', [...])
 6 SYSTEMPATH\CodeIgniter.php(907): App\Controllers\Search->searchword()
 7 SYSTEMPATH\CodeIgniter.php(457): CodeIgniter\CodeIgniter->runController(Object(App\Controllers\Search))
 8 SYSTEMPATH\CodeIgniter.php(340): CodeIgniter\CodeIgniter->handleRequest(null, Object(Config\Cache), false)
 9 FCPATH\index.php(68): CodeIgniter\CodeIgniter->run()
CRITICAL - 2023-02-02 13:51:10 --> Attempt to read property "word" on null
in APPPATH\Views\search\search2.php on line 41.
 1 APPPATH\Views\search\search2.php(41): CodeIgniter\Debug\Exceptions->errorHandler(2, 'Attempt to read property "word" on null', 'APPPATH\\Views\\search\\search2.php', 41)
 2 SYSTEMPATH\View\View.php(213): include('APPPATH\\Views\\search\\search2.php')
 3 SYSTEMPATH\View\View.php(216): CodeIgniter\View\View->CodeIgniter\View\{closure}()
 4 SYSTEMPATH\Common.php(1142): CodeIgniter\View\View->render('search/search2', [], true)
 5 APPPATH\Controllers\Search.php(66): view('search/search2', [...])
 6 SYSTEMPATH\CodeIgniter.php(907): App\Controllers\Search->searchword()
 7 SYSTEMPATH\CodeIgniter.php(457): CodeIgniter\CodeIgniter->runController(Object(App\Controllers\Search))
 8 SYSTEMPATH\CodeIgniter.php(340): CodeIgniter\CodeIgniter->handleRequest(null, Object(Config\Cache), false)
 9 FCPATH\index.php(68): CodeIgniter\CodeIgniter->run()
CRITICAL - 2023-02-02 13:55:03 --> Attempt to read property "word" on null
in APPPATH\Views\search\search2.php on line 41.
 1 APPPATH\Views\search\search2.php(41): CodeIgniter\Debug\Exceptions->errorHandler(2, 'Attempt to read property "word" on null', 'APPPATH\\Views\\search\\search2.php', 41)
 2 SYSTEMPATH\View\View.php(213): include('APPPATH\\Views\\search\\search2.php')
 3 SYSTEMPATH\View\View.php(216): CodeIgniter\View\View->CodeIgniter\View\{closure}()
 4 SYSTEMPATH\Common.php(1142): CodeIgniter\View\View->render('search/search2', [], true)
 5 APPPATH\Controllers\Search.php(66): view('search/search2', [...])
 6 SYSTEMPATH\CodeIgniter.php(907): App\Controllers\Search->searchword()
 7 SYSTEMPATH\CodeIgniter.php(457): CodeIgniter\CodeIgniter->runController(Object(App\Controllers\Search))
 8 SYSTEMPATH\CodeIgniter.php(340): CodeIgniter\CodeIgniter->handleRequest(null, Object(Config\Cache), false)
 9 FCPATH\index.php(68): CodeIgniter\CodeIgniter->run()
CRITICAL - 2023-02-02 13:57:36 --> Call to a member function getResultArray() on array
in APPPATH\Controllers\Search.php on line 83.
 1 APPPATH\Controllers\Search.php(63): App\Controllers\Search->find_word([...])
 2 SYSTEMPATH\CodeIgniter.php(907): App\Controllers\Search->searchword()
 3 SYSTEMPATH\CodeIgniter.php(457): CodeIgniter\CodeIgniter->runController(Object(App\Controllers\Search))
 4 SYSTEMPATH\CodeIgniter.php(340): CodeIgniter\CodeIgniter->handleRequest(null, Object(Config\Cache), false)
 5 FCPATH\index.php(68): CodeIgniter\CodeIgniter->run()
CRITICAL - 2023-02-02 13:58:32 --> Attempt to read property "word" on array
in APPPATH\Views\search\search2.php on line 41.
 1 APPPATH\Views\search\search2.php(41): CodeIgniter\Debug\Exceptions->errorHandler(2, 'Attempt to read property "word" on array', 'APPPATH\\Views\\search\\search2.php', 41)
 2 SYSTEMPATH\View\View.php(213): include('APPPATH\\Views\\search\\search2.php')
 3 SYSTEMPATH\View\View.php(216): CodeIgniter\View\View->CodeIgniter\View\{closure}()
 4 SYSTEMPATH\Common.php(1142): CodeIgniter\View\View->render('search/search2', [], true)
 5 APPPATH\Controllers\Search.php(66): view('search/search2', [...])
 6 SYSTEMPATH\CodeIgniter.php(907): App\Controllers\Search->searchword()
 7 SYSTEMPATH\CodeIgniter.php(457): CodeIgniter\CodeIgniter->runController(Object(App\Controllers\Search))
 8 SYSTEMPATH\CodeIgniter.php(340): CodeIgniter\CodeIgniter->handleRequest(null, Object(Config\Cache), false)
 9 FCPATH\index.php(68): CodeIgniter\CodeIgniter->run()
CRITICAL - 2023-02-02 13:59:42 --> Attempt to read property "word" on array
in APPPATH\Views\search\search2.php on line 41.
 1 APPPATH\Views\search\search2.php(41): CodeIgniter\Debug\Exceptions->errorHandler(2, 'Attempt to read property "word" on array', 'APPPATH\\Views\\search\\search2.php', 41)
 2 SYSTEMPATH\View\View.php(213): include('APPPATH\\Views\\search\\search2.php')
 3 SYSTEMPATH\View\View.php(216): CodeIgniter\View\View->CodeIgniter\View\{closure}()
 4 SYSTEMPATH\Common.php(1142): CodeIgniter\View\View->render('search/search2', [], true)
 5 APPPATH\Controllers\Search.php(66): view('search/search2', [...])
 6 SYSTEMPATH\CodeIgniter.php(907): App\Controllers\Search->searchword()
 7 SYSTEMPATH\CodeIgniter.php(457): CodeIgniter\CodeIgniter->runController(Object(App\Controllers\Search))
 8 SYSTEMPATH\CodeIgniter.php(340): CodeIgniter\CodeIgniter->handleRequest(null, Object(Config\Cache), false)
 9 FCPATH\index.php(68): CodeIgniter\CodeIgniter->run()
CRITICAL - 2023-02-02 14:02:54 --> Call to undefined method App\Models\WordMeaningModel::getResultArray
in SYSTEMPATH\Model.php on line 774.
 1 APPPATH\Controllers\Search.php(82): CodeIgniter\Model->__call('getResultArray', [])
 2 APPPATH\Controllers\Search.php(63): App\Controllers\Search->find_word([...])
 3 SYSTEMPATH\CodeIgniter.php(907): App\Controllers\Search->searchword()
 4 SYSTEMPATH\CodeIgniter.php(457): CodeIgniter\CodeIgniter->runController(Object(App\Controllers\Search))
 5 SYSTEMPATH\CodeIgniter.php(340): CodeIgniter\CodeIgniter->handleRequest(null, Object(Config\Cache), false)
 6 FCPATH\index.php(68): CodeIgniter\CodeIgniter->run()
CRITICAL - 2023-02-02 14:03:07 --> Call to undefined method App\Models\WordMeaningModel::getResult
in SYSTEMPATH\Model.php on line 774.
 1 APPPATH\Controllers\Search.php(82): CodeIgniter\Model->__call('getResult', [])
 2 APPPATH\Controllers\Search.php(63): App\Controllers\Search->find_word([...])
 3 SYSTEMPATH\CodeIgniter.php(907): App\Controllers\Search->searchword()
 4 SYSTEMPATH\CodeIgniter.php(457): CodeIgniter\CodeIgniter->runController(Object(App\Controllers\Search))
 5 SYSTEMPATH\CodeIgniter.php(340): CodeIgniter\CodeIgniter->handleRequest(null, Object(Config\Cache), false)
 6 FCPATH\index.php(68): CodeIgniter\CodeIgniter->run()
CRITICAL - 2023-02-02 14:03:09 --> Call to undefined method App\Models\WordMeaningModel::getResult
in SYSTEMPATH\Model.php on line 774.
 1 APPPATH\Controllers\Search.php(82): CodeIgniter\Model->__call('getResult', [])
 2 APPPATH\Controllers\Search.php(63): App\Controllers\Search->find_word([...])
 3 SYSTEMPATH\CodeIgniter.php(907): App\Controllers\Search->searchword()
 4 SYSTEMPATH\CodeIgniter.php(457): CodeIgniter\CodeIgniter->runController(Object(App\Controllers\Search))
 5 SYSTEMPATH\CodeIgniter.php(340): CodeIgniter\CodeIgniter->handleRequest(null, Object(Config\Cache), false)
 6 FCPATH\index.php(68): CodeIgniter\CodeIgniter->run()
CRITICAL - 2023-02-02 14:03:40 --> Cannot use object of type stdClass as array
in APPPATH\Views\search\search2.php on line 41.
 1 SYSTEMPATH\View\View.php(213): include()
 2 SYSTEMPATH\View\View.php(216): CodeIgniter\View\View->CodeIgniter\View\{closure}()
 3 SYSTEMPATH\Common.php(1142): CodeIgniter\View\View->render('search/search2', [], true)
 4 APPPATH\Controllers\Search.php(66): view('search/search2', [...])
 5 SYSTEMPATH\CodeIgniter.php(907): App\Controllers\Search->searchword()
 6 SYSTEMPATH\CodeIgniter.php(457): CodeIgniter\CodeIgniter->runController(Object(App\Controllers\Search))
 7 SYSTEMPATH\CodeIgniter.php(340): CodeIgniter\CodeIgniter->handleRequest(null, Object(Config\Cache), false)
 8 FCPATH\index.php(68): CodeIgniter\CodeIgniter->run()
CRITICAL - 2023-02-02 14:04:06 --> Call to a member function humanize() on string
in APPPATH\Views\search\search2.php on line 46.
 1 SYSTEMPATH\View\View.php(213): include()
 2 SYSTEMPATH\View\View.php(216): CodeIgniter\View\View->CodeIgniter\View\{closure}()
 3 SYSTEMPATH\Common.php(1142): CodeIgniter\View\View->render('search/search2', [], true)
 4 APPPATH\Controllers\Search.php(66): view('search/search2', [...])
 5 SYSTEMPATH\CodeIgniter.php(907): App\Controllers\Search->searchword()
 6 SYSTEMPATH\CodeIgniter.php(457): CodeIgniter\CodeIgniter->runController(Object(App\Controllers\Search))
 7 SYSTEMPATH\CodeIgniter.php(340): CodeIgniter\CodeIgniter->handleRequest(null, Object(Config\Cache), false)
 8 FCPATH\index.php(68): CodeIgniter\CodeIgniter->run()
ERROR - 2023-02-02 14:24:00 --> mysqli_sql_exception: You have an error in your SQL syntax; check the manual that corresponds to your MariaDB server version for the right syntax to use near 'LIKE '%3%' ESCAPE '!' 
GROUP BY `word_meaning`.`word_meaning_id`
ORDER BY RAND()' at line 10 in C:\xampp\htdocs\etkal\system\Database\MySQLi\Connection.php:292
Stack trace:
#0 C:\xampp\htdocs\etkal\system\Database\MySQLi\Connection.php(292): mysqli->query('SELECT ROW_NUMB...', 0)
#1 C:\xampp\htdocs\etkal\system\Database\BaseConnection.php(693): CodeIgniter\Database\MySQLi\Connection->execute('SELECT ROW_NUMB...')
#2 C:\xampp\htdocs\etkal\system\Database\BaseConnection.php(620): CodeIgniter\Database\BaseConnection->simpleQuery('SELECT ROW_NUMB...')
#3 C:\xampp\htdocs\etkal\system\Database\BaseBuilder.php(1585): CodeIgniter\Database\BaseConnection->query('SELECT ROW_NUMB...', Array, false)
#4 C:\xampp\htdocs\etkal\system\Model.php(772): CodeIgniter\Database\BaseBuilder->get()
#5 C:\xampp\htdocs\etkal\app\Controllers\Search.php(86): CodeIgniter\Model->__call('get', Array)
#6 C:\xampp\htdocs\etkal\app\Controllers\Search.php(63): App\Controllers\Search->find_word(Array)
#7 C:\xampp\htdocs\etkal\system\CodeIgniter.php(907): App\Controllers\Search->searchword()
#8 C:\xampp\htdocs\etkal\system\CodeIgniter.php(457): CodeIgniter\CodeIgniter->runController(Object(App\Controllers\Search))
#9 C:\xampp\htdocs\etkal\system\CodeIgniter.php(340): CodeIgniter\CodeIgniter->handleRequest(NULL, Object(Config\Cache), false)
#10 C:\xampp\htdocs\etkal\index.php(68): CodeIgniter\CodeIgniter->run()
#11 {main}
CRITICAL - 2023-02-02 14:24:00 --> You have an error in your SQL syntax; check the manual that corresponds to your MariaDB server version for the right syntax to use near 'LIKE '%3%' ESCAPE '!' 
GROUP BY `word_meaning`.`word_meaning_id`
ORDER BY RAND()' at line 10
in SYSTEMPATH\Database\MySQLi\Connection.php on line 292.
 1 SYSTEMPATH\Database\MySQLi\Connection.php(292): mysqli->query('SELECT ROW_NUMBER() over ( order by w.word ASC) AS row_num, `w`.`word_id`, `w`.`word`, `w`.`pronunciation`, `w`.`accessibility`, `m`.`meaning`, `m`.`example`, `m`.`homonyms`, `m`.`part_of_speech_id`, `m`.`meaning_image`, `m`.`created_at`, `u`.`firstname`, `u`.`lastname`, `u`.`email`, `u`.`image`, `d`.`full_name`, `d`.`short_name`, `word_meaning`.`word_meaning_id`, `num_like`, `num_dislike`, sum(us.suggestion = 3) as FLAGE, `ps`.`part_of_speech`, `ps`.`abbreviation`
FROM `word_meaning`
JOIN `words` as `w` ON `word_meaning`.`word_id` = `w`.`word_id`
JOIN `meanings` AS `m` ON `word_meaning`.`meaning_id` = `m`.`meaning_id`
JOIN `users` AS `u` ON `word_meaning`.`user_id` = `u`.`user_id`
JOIN `dictionary` AS `d` ON `word_meaning`.`dictionary_id` = `d`.`dictionary_id`
LEFT JOIN `user_suggestions` AS `us` ON `word_meaning`.`word_meaning_id` = `us`.`word_meaning_id`
LEFT JOIN `parts_of_speechs` AS `ps` ON `m`.`part_of_speech_id` = `ps`.`part_of_speech_id`
WHERE `w`.`word` LIKE \'%ሆድን%\' ESCAPE \'!\'
OR  `d`.`flag` <= LIKE \'%3%\' ESCAPE \'!\' 
GROUP BY `word_meaning`.`word_meaning_id`
ORDER BY RAND()', 0)
 2 SYSTEMPATH\Database\BaseConnection.php(693): CodeIgniter\Database\MySQLi\Connection->execute('SELECT ROW_NUMBER() over ( order by w.word ASC) AS row_num, `w`.`word_id`, `w`.`word`, `w`.`pronunciation`, `w`.`accessibility`, `m`.`meaning`, `m`.`example`, `m`.`homonyms`, `m`.`part_of_speech_id`, `m`.`meaning_image`, `m`.`created_at`, `u`.`firstname`, `u`.`lastname`, `u`.`email`, `u`.`image`, `d`.`full_name`, `d`.`short_name`, `word_meaning`.`word_meaning_id`, `num_like`, `num_dislike`, sum(us.suggestion = 3) as FLAGE, `ps`.`part_of_speech`, `ps`.`abbreviation`
FROM `word_meaning`
JOIN `words` as `w` ON `word_meaning`.`word_id` = `w`.`word_id`
JOIN `meanings` AS `m` ON `word_meaning`.`meaning_id` = `m`.`meaning_id`
JOIN `users` AS `u` ON `word_meaning`.`user_id` = `u`.`user_id`
JOIN `dictionary` AS `d` ON `word_meaning`.`dictionary_id` = `d`.`dictionary_id`
LEFT JOIN `user_suggestions` AS `us` ON `word_meaning`.`word_meaning_id` = `us`.`word_meaning_id`
LEFT JOIN `parts_of_speechs` AS `ps` ON `m`.`part_of_speech_id` = `ps`.`part_of_speech_id`
WHERE `w`.`word` LIKE \'%ሆድን%\' ESCAPE \'!\'
OR  `d`.`flag` <= LIKE \'%3%\' ESCAPE \'!\' 
GROUP BY `word_meaning`.`word_meaning_id`
ORDER BY RAND()')
 3 SYSTEMPATH\Database\BaseConnection.php(620): CodeIgniter\Database\BaseConnection->simpleQuery('SELECT ROW_NUMBER() over ( order by w.word ASC) AS row_num, `w`.`word_id`, `w`.`word`, `w`.`pronunciation`, `w`.`accessibility`, `m`.`meaning`, `m`.`example`, `m`.`homonyms`, `m`.`part_of_speech_id`, `m`.`meaning_image`, `m`.`created_at`, `u`.`firstname`, `u`.`lastname`, `u`.`email`, `u`.`image`, `d`.`full_name`, `d`.`short_name`, `word_meaning`.`word_meaning_id`, `num_like`, `num_dislike`, sum(us.suggestion = 3) as FLAGE, `ps`.`part_of_speech`, `ps`.`abbreviation`
FROM `word_meaning`
JOIN `words` as `w` ON `word_meaning`.`word_id` = `w`.`word_id`
JOIN `meanings` AS `m` ON `word_meaning`.`meaning_id` = `m`.`meaning_id`
JOIN `users` AS `u` ON `word_meaning`.`user_id` = `u`.`user_id`
JOIN `dictionary` AS `d` ON `word_meaning`.`dictionary_id` = `d`.`dictionary_id`
LEFT JOIN `user_suggestions` AS `us` ON `word_meaning`.`word_meaning_id` = `us`.`word_meaning_id`
LEFT JOIN `parts_of_speechs` AS `ps` ON `m`.`part_of_speech_id` = `ps`.`part_of_speech_id`
WHERE `w`.`word` LIKE \'%ሆድን%\' ESCAPE \'!\'
OR  `d`.`flag` <= LIKE \'%3%\' ESCAPE \'!\' 
GROUP BY `word_meaning`.`word_meaning_id`
ORDER BY RAND()')
 4 SYSTEMPATH\Database\BaseBuilder.php(1585): CodeIgniter\Database\BaseConnection->query('SELECT ROW_NUMBER() over ( order by w.word ASC) AS row_num, `w`.`word_id`, `w`.`word`, `w`.`pronunciation`, `w`.`accessibility`, `m`.`meaning`, `m`.`example`, `m`.`homonyms`, `m`.`part_of_speech_id`, `m`.`meaning_image`, `m`.`created_at`, `u`.`firstname`, `u`.`lastname`, `u`.`email`, `u`.`image`, `d`.`full_name`, `d`.`short_name`, `word_meaning`.`word_meaning_id`, `num_like`, `num_dislike`, sum(us.suggestion = 3) as FLAGE, `ps`.`part_of_speech`, `ps`.`abbreviation`
FROM `word_meaning`
JOIN `words` as `w` ON `word_meaning`.`word_id` = `w`.`word_id`
JOIN `meanings` AS `m` ON `word_meaning`.`meaning_id` = `m`.`meaning_id`
JOIN `users` AS `u` ON `word_meaning`.`user_id` = `u`.`user_id`
JOIN `dictionary` AS `d` ON `word_meaning`.`dictionary_id` = `d`.`dictionary_id`
LEFT JOIN `user_suggestions` AS `us` ON `word_meaning`.`word_meaning_id` = `us`.`word_meaning_id`
LEFT JOIN `parts_of_speechs` AS `ps` ON `m`.`part_of_speech_id` = `ps`.`part_of_speech_id`
WHERE `w`.`word` LIKE :w.word: ESCAPE \'!\'
OR  `d`.`flag` <= LIKE :d.flag <= : ESCAPE \'!\' 
GROUP BY `word_meaning`.`word_meaning_id`
ORDER BY RAND()', [...], false)
 5 SYSTEMPATH\Model.php(772): CodeIgniter\Database\BaseBuilder->get()
 6 APPPATH\Controllers\Search.php(86): CodeIgniter\Model->__call('get', [])
 7 APPPATH\Controllers\Search.php(63): App\Controllers\Search->find_word([...])
 8 SYSTEMPATH\CodeIgniter.php(907): App\Controllers\Search->searchword()
 9 SYSTEMPATH\CodeIgniter.php(457): CodeIgniter\CodeIgniter->runController(Object(App\Controllers\Search))
10 SYSTEMPATH\CodeIgniter.php(340): CodeIgniter\CodeIgniter->handleRequest(null, Object(Config\Cache), false)
11 FCPATH\index.php(68): CodeIgniter\CodeIgniter->run()
ERROR - 2023-02-02 14:24:33 --> mysqli_sql_exception: You have an error in your SQL syntax; check the manual that corresponds to your MariaDB server version for the right syntax to use near 'LIKE '%3%' ESCAPE '!' 
GROUP BY `word_meaning`.`word_meaning_id`
ORDER BY RAND()' at line 10 in C:\xampp\htdocs\etkal\system\Database\MySQLi\Connection.php:292
Stack trace:
#0 C:\xampp\htdocs\etkal\system\Database\MySQLi\Connection.php(292): mysqli->query('SELECT ROW_NUMB...', 0)
#1 C:\xampp\htdocs\etkal\system\Database\BaseConnection.php(693): CodeIgniter\Database\MySQLi\Connection->execute('SELECT ROW_NUMB...')
#2 C:\xampp\htdocs\etkal\system\Database\BaseConnection.php(620): CodeIgniter\Database\BaseConnection->simpleQuery('SELECT ROW_NUMB...')
#3 C:\xampp\htdocs\etkal\system\Database\BaseBuilder.php(1585): CodeIgniter\Database\BaseConnection->query('SELECT ROW_NUMB...', Array, false)
#4 C:\xampp\htdocs\etkal\system\Model.php(772): CodeIgniter\Database\BaseBuilder->get()
#5 C:\xampp\htdocs\etkal\app\Controllers\Search.php(86): CodeIgniter\Model->__call('get', Array)
#6 C:\xampp\htdocs\etkal\app\Controllers\Search.php(63): App\Controllers\Search->find_word(Array)
#7 C:\xampp\htdocs\etkal\system\CodeIgniter.php(907): App\Controllers\Search->searchword()
#8 C:\xampp\htdocs\etkal\system\CodeIgniter.php(457): CodeIgniter\CodeIgniter->runController(Object(App\Controllers\Search))
#9 C:\xampp\htdocs\etkal\system\CodeIgniter.php(340): CodeIgniter\CodeIgniter->handleRequest(NULL, Object(Config\Cache), false)
#10 C:\xampp\htdocs\etkal\index.php(68): CodeIgniter\CodeIgniter->run()
#11 {main}
CRITICAL - 2023-02-02 14:24:33 --> You have an error in your SQL syntax; check the manual that corresponds to your MariaDB server version for the right syntax to use near 'LIKE '%3%' ESCAPE '!' 
GROUP BY `word_meaning`.`word_meaning_id`
ORDER BY RAND()' at line 10
in SYSTEMPATH\Database\MySQLi\Connection.php on line 292.
 1 SYSTEMPATH\Database\MySQLi\Connection.php(292): mysqli->query('SELECT ROW_NUMBER() over ( order by w.word ASC) AS row_num, `w`.`word_id`, `w`.`word`, `w`.`pronunciation`, `w`.`accessibility`, `m`.`meaning`, `m`.`example`, `m`.`homonyms`, `m`.`part_of_speech_id`, `m`.`meaning_image`, `m`.`created_at`, `u`.`firstname`, `u`.`lastname`, `u`.`email`, `u`.`image`, `d`.`full_name`, `d`.`short_name`, `word_meaning`.`word_meaning_id`, `num_like`, `num_dislike`, sum(us.suggestion = 3) as FLAGE, `ps`.`part_of_speech`, `ps`.`abbreviation`
FROM `word_meaning`
JOIN `words` as `w` ON `word_meaning`.`word_id` = `w`.`word_id`
JOIN `meanings` AS `m` ON `word_meaning`.`meaning_id` = `m`.`meaning_id`
JOIN `users` AS `u` ON `word_meaning`.`user_id` = `u`.`user_id`
JOIN `dictionary` AS `d` ON `word_meaning`.`dictionary_id` = `d`.`dictionary_id`
LEFT JOIN `user_suggestions` AS `us` ON `word_meaning`.`word_meaning_id` = `us`.`word_meaning_id`
LEFT JOIN `parts_of_speechs` AS `ps` ON `m`.`part_of_speech_id` = `ps`.`part_of_speech_id`
WHERE `w`.`word` LIKE \'%ሆድን%\' ESCAPE \'!\'
AND  `d`.`flag` <= LIKE \'%3%\' ESCAPE \'!\' 
GROUP BY `word_meaning`.`word_meaning_id`
ORDER BY RAND()', 0)
 2 SYSTEMPATH\Database\BaseConnection.php(693): CodeIgniter\Database\MySQLi\Connection->execute('SELECT ROW_NUMBER() over ( order by w.word ASC) AS row_num, `w`.`word_id`, `w`.`word`, `w`.`pronunciation`, `w`.`accessibility`, `m`.`meaning`, `m`.`example`, `m`.`homonyms`, `m`.`part_of_speech_id`, `m`.`meaning_image`, `m`.`created_at`, `u`.`firstname`, `u`.`lastname`, `u`.`email`, `u`.`image`, `d`.`full_name`, `d`.`short_name`, `word_meaning`.`word_meaning_id`, `num_like`, `num_dislike`, sum(us.suggestion = 3) as FLAGE, `ps`.`part_of_speech`, `ps`.`abbreviation`
FROM `word_meaning`
JOIN `words` as `w` ON `word_meaning`.`word_id` = `w`.`word_id`
JOIN `meanings` AS `m` ON `word_meaning`.`meaning_id` = `m`.`meaning_id`
JOIN `users` AS `u` ON `word_meaning`.`user_id` = `u`.`user_id`
JOIN `dictionary` AS `d` ON `word_meaning`.`dictionary_id` = `d`.`dictionary_id`
LEFT JOIN `user_suggestions` AS `us` ON `word_meaning`.`word_meaning_id` = `us`.`word_meaning_id`
LEFT JOIN `parts_of_speechs` AS `ps` ON `m`.`part_of_speech_id` = `ps`.`part_of_speech_id`
WHERE `w`.`word` LIKE \'%ሆድን%\' ESCAPE \'!\'
AND  `d`.`flag` <= LIKE \'%3%\' ESCAPE \'!\' 
GROUP BY `word_meaning`.`word_meaning_id`
ORDER BY RAND()')
 3 SYSTEMPATH\Database\BaseConnection.php(620): CodeIgniter\Database\BaseConnection->simpleQuery('SELECT ROW_NUMBER() over ( order by w.word ASC) AS row_num, `w`.`word_id`, `w`.`word`, `w`.`pronunciation`, `w`.`accessibility`, `m`.`meaning`, `m`.`example`, `m`.`homonyms`, `m`.`part_of_speech_id`, `m`.`meaning_image`, `m`.`created_at`, `u`.`firstname`, `u`.`lastname`, `u`.`email`, `u`.`image`, `d`.`full_name`, `d`.`short_name`, `word_meaning`.`word_meaning_id`, `num_like`, `num_dislike`, sum(us.suggestion = 3) as FLAGE, `ps`.`part_of_speech`, `ps`.`abbreviation`
FROM `word_meaning`
JOIN `words` as `w` ON `word_meaning`.`word_id` = `w`.`word_id`
JOIN `meanings` AS `m` ON `word_meaning`.`meaning_id` = `m`.`meaning_id`
JOIN `users` AS `u` ON `word_meaning`.`user_id` = `u`.`user_id`
JOIN `dictionary` AS `d` ON `word_meaning`.`dictionary_id` = `d`.`dictionary_id`
LEFT JOIN `user_suggestions` AS `us` ON `word_meaning`.`word_meaning_id` = `us`.`word_meaning_id`
LEFT JOIN `parts_of_speechs` AS `ps` ON `m`.`part_of_speech_id` = `ps`.`part_of_speech_id`
WHERE `w`.`word` LIKE \'%ሆድን%\' ESCAPE \'!\'
AND  `d`.`flag` <= LIKE \'%3%\' ESCAPE \'!\' 
GROUP BY `word_meaning`.`word_meaning_id`
ORDER BY RAND()')
 4 SYSTEMPATH\Database\BaseBuilder.php(1585): CodeIgniter\Database\BaseConnection->query('SELECT ROW_NUMBER() over ( order by w.word ASC) AS row_num, `w`.`word_id`, `w`.`word`, `w`.`pronunciation`, `w`.`accessibility`, `m`.`meaning`, `m`.`example`, `m`.`homonyms`, `m`.`part_of_speech_id`, `m`.`meaning_image`, `m`.`created_at`, `u`.`firstname`, `u`.`lastname`, `u`.`email`, `u`.`image`, `d`.`full_name`, `d`.`short_name`, `word_meaning`.`word_meaning_id`, `num_like`, `num_dislike`, sum(us.suggestion = 3) as FLAGE, `ps`.`part_of_speech`, `ps`.`abbreviation`
FROM `word_meaning`
JOIN `words` as `w` ON `word_meaning`.`word_id` = `w`.`word_id`
JOIN `meanings` AS `m` ON `word_meaning`.`meaning_id` = `m`.`meaning_id`
JOIN `users` AS `u` ON `word_meaning`.`user_id` = `u`.`user_id`
JOIN `dictionary` AS `d` ON `word_meaning`.`dictionary_id` = `d`.`dictionary_id`
LEFT JOIN `user_suggestions` AS `us` ON `word_meaning`.`word_meaning_id` = `us`.`word_meaning_id`
LEFT JOIN `parts_of_speechs` AS `ps` ON `m`.`part_of_speech_id` = `ps`.`part_of_speech_id`
WHERE `w`.`word` LIKE :w.word: ESCAPE \'!\'
AND  `d`.`flag` <= LIKE :d.flag <= : ESCAPE \'!\' 
GROUP BY `word_meaning`.`word_meaning_id`
ORDER BY RAND()', [...], false)
 5 SYSTEMPATH\Model.php(772): CodeIgniter\Database\BaseBuilder->get()
 6 APPPATH\Controllers\Search.php(86): CodeIgniter\Model->__call('get', [])
 7 APPPATH\Controllers\Search.php(63): App\Controllers\Search->find_word([...])
 8 SYSTEMPATH\CodeIgniter.php(907): App\Controllers\Search->searchword()
 9 SYSTEMPATH\CodeIgniter.php(457): CodeIgniter\CodeIgniter->runController(Object(App\Controllers\Search))
10 SYSTEMPATH\CodeIgniter.php(340): CodeIgniter\CodeIgniter->handleRequest(null, Object(Config\Cache), false)
11 FCPATH\index.php(68): CodeIgniter\CodeIgniter->run()
ERROR - 2023-02-02 14:24:33 --> mysqli_sql_exception: You have an error in your SQL syntax; check the manual that corresponds to your MariaDB server version for the right syntax to use near 'LIKE '%3%' ESCAPE '!' 
GROUP BY `word_meaning`.`word_meaning_id`
ORDER BY RAND()' at line 10 in C:\xampp\htdocs\etkal\system\Database\MySQLi\Connection.php:292
Stack trace:
#0 C:\xampp\htdocs\etkal\system\Database\MySQLi\Connection.php(292): mysqli->query('SELECT ROW_NUMB...', 0)
#1 C:\xampp\htdocs\etkal\system\Database\BaseConnection.php(693): CodeIgniter\Database\MySQLi\Connection->execute('SELECT ROW_NUMB...')
#2 C:\xampp\htdocs\etkal\system\Database\BaseConnection.php(620): CodeIgniter\Database\BaseConnection->simpleQuery('SELECT ROW_NUMB...')
#3 C:\xampp\htdocs\etkal\system\Database\BaseBuilder.php(1585): CodeIgniter\Database\BaseConnection->query('SELECT ROW_NUMB...', Array, false)
#4 C:\xampp\htdocs\etkal\system\Model.php(772): CodeIgniter\Database\BaseBuilder->get()
#5 C:\xampp\htdocs\etkal\app\Controllers\Search.php(86): CodeIgniter\Model->__call('get', Array)
#6 C:\xampp\htdocs\etkal\app\Controllers\Search.php(63): App\Controllers\Search->find_word(Array)
#7 C:\xampp\htdocs\etkal\system\CodeIgniter.php(907): App\Controllers\Search->searchword()
#8 C:\xampp\htdocs\etkal\system\CodeIgniter.php(457): CodeIgniter\CodeIgniter->runController(Object(App\Controllers\Search))
#9 C:\xampp\htdocs\etkal\system\CodeIgniter.php(340): CodeIgniter\CodeIgniter->handleRequest(NULL, Object(Config\Cache), false)
#10 C:\xampp\htdocs\etkal\index.php(68): CodeIgniter\CodeIgniter->run()
#11 {main}
CRITICAL - 2023-02-02 14:24:33 --> You have an error in your SQL syntax; check the manual that corresponds to your MariaDB server version for the right syntax to use near 'LIKE '%3%' ESCAPE '!' 
GROUP BY `word_meaning`.`word_meaning_id`
ORDER BY RAND()' at line 10
in SYSTEMPATH\Database\MySQLi\Connection.php on line 292.
 1 SYSTEMPATH\Database\MySQLi\Connection.php(292): mysqli->query('SELECT ROW_NUMBER() over ( order by w.word ASC) AS row_num, `w`.`word_id`, `w`.`word`, `w`.`pronunciation`, `w`.`accessibility`, `m`.`meaning`, `m`.`example`, `m`.`homonyms`, `m`.`part_of_speech_id`, `m`.`meaning_image`, `m`.`created_at`, `u`.`firstname`, `u`.`lastname`, `u`.`email`, `u`.`image`, `d`.`full_name`, `d`.`short_name`, `word_meaning`.`word_meaning_id`, `num_like`, `num_dislike`, sum(us.suggestion = 3) as FLAGE, `ps`.`part_of_speech`, `ps`.`abbreviation`
FROM `word_meaning`
JOIN `words` as `w` ON `word_meaning`.`word_id` = `w`.`word_id`
JOIN `meanings` AS `m` ON `word_meaning`.`meaning_id` = `m`.`meaning_id`
JOIN `users` AS `u` ON `word_meaning`.`user_id` = `u`.`user_id`
JOIN `dictionary` AS `d` ON `word_meaning`.`dictionary_id` = `d`.`dictionary_id`
LEFT JOIN `user_suggestions` AS `us` ON `word_meaning`.`word_meaning_id` = `us`.`word_meaning_id`
LEFT JOIN `parts_of_speechs` AS `ps` ON `m`.`part_of_speech_id` = `ps`.`part_of_speech_id`
WHERE `w`.`word` LIKE \'%ሆድን%\' ESCAPE \'!\'
AND  `d`.`flag` <= LIKE \'%3%\' ESCAPE \'!\' 
GROUP BY `word_meaning`.`word_meaning_id`
ORDER BY RAND()', 0)
 2 SYSTEMPATH\Database\BaseConnection.php(693): CodeIgniter\Database\MySQLi\Connection->execute('SELECT ROW_NUMBER() over ( order by w.word ASC) AS row_num, `w`.`word_id`, `w`.`word`, `w`.`pronunciation`, `w`.`accessibility`, `m`.`meaning`, `m`.`example`, `m`.`homonyms`, `m`.`part_of_speech_id`, `m`.`meaning_image`, `m`.`created_at`, `u`.`firstname`, `u`.`lastname`, `u`.`email`, `u`.`image`, `d`.`full_name`, `d`.`short_name`, `word_meaning`.`word_meaning_id`, `num_like`, `num_dislike`, sum(us.suggestion = 3) as FLAGE, `ps`.`part_of_speech`, `ps`.`abbreviation`
FROM `word_meaning`
JOIN `words` as `w` ON `word_meaning`.`word_id` = `w`.`word_id`
JOIN `meanings` AS `m` ON `word_meaning`.`meaning_id` = `m`.`meaning_id`
JOIN `users` AS `u` ON `word_meaning`.`user_id` = `u`.`user_id`
JOIN `dictionary` AS `d` ON `word_meaning`.`dictionary_id` = `d`.`dictionary_id`
LEFT JOIN `user_suggestions` AS `us` ON `word_meaning`.`word_meaning_id` = `us`.`word_meaning_id`
LEFT JOIN `parts_of_speechs` AS `ps` ON `m`.`part_of_speech_id` = `ps`.`part_of_speech_id`
WHERE `w`.`word` LIKE \'%ሆድን%\' ESCAPE \'!\'
AND  `d`.`flag` <= LIKE \'%3%\' ESCAPE \'!\' 
GROUP BY `word_meaning`.`word_meaning_id`
ORDER BY RAND()')
 3 SYSTEMPATH\Database\BaseConnection.php(620): CodeIgniter\Database\BaseConnection->simpleQuery('SELECT ROW_NUMBER() over ( order by w.word ASC) AS row_num, `w`.`word_id`, `w`.`word`, `w`.`pronunciation`, `w`.`accessibility`, `m`.`meaning`, `m`.`example`, `m`.`homonyms`, `m`.`part_of_speech_id`, `m`.`meaning_image`, `m`.`created_at`, `u`.`firstname`, `u`.`lastname`, `u`.`email`, `u`.`image`, `d`.`full_name`, `d`.`short_name`, `word_meaning`.`word_meaning_id`, `num_like`, `num_dislike`, sum(us.suggestion = 3) as FLAGE, `ps`.`part_of_speech`, `ps`.`abbreviation`
FROM `word_meaning`
JOIN `words` as `w` ON `word_meaning`.`word_id` = `w`.`word_id`
JOIN `meanings` AS `m` ON `word_meaning`.`meaning_id` = `m`.`meaning_id`
JOIN `users` AS `u` ON `word_meaning`.`user_id` = `u`.`user_id`
JOIN `dictionary` AS `d` ON `word_meaning`.`dictionary_id` = `d`.`dictionary_id`
LEFT JOIN `user_suggestions` AS `us` ON `word_meaning`.`word_meaning_id` = `us`.`word_meaning_id`
LEFT JOIN `parts_of_speechs` AS `ps` ON `m`.`part_of_speech_id` = `ps`.`part_of_speech_id`
WHERE `w`.`word` LIKE \'%ሆድን%\' ESCAPE \'!\'
AND  `d`.`flag` <= LIKE \'%3%\' ESCAPE \'!\' 
GROUP BY `word_meaning`.`word_meaning_id`
ORDER BY RAND()')
 4 SYSTEMPATH\Database\BaseBuilder.php(1585): CodeIgniter\Database\BaseConnection->query('SELECT ROW_NUMBER() over ( order by w.word ASC) AS row_num, `w`.`word_id`, `w`.`word`, `w`.`pronunciation`, `w`.`accessibility`, `m`.`meaning`, `m`.`example`, `m`.`homonyms`, `m`.`part_of_speech_id`, `m`.`meaning_image`, `m`.`created_at`, `u`.`firstname`, `u`.`lastname`, `u`.`email`, `u`.`image`, `d`.`full_name`, `d`.`short_name`, `word_meaning`.`word_meaning_id`, `num_like`, `num_dislike`, sum(us.suggestion = 3) as FLAGE, `ps`.`part_of_speech`, `ps`.`abbreviation`
FROM `word_meaning`
JOIN `words` as `w` ON `word_meaning`.`word_id` = `w`.`word_id`
JOIN `meanings` AS `m` ON `word_meaning`.`meaning_id` = `m`.`meaning_id`
JOIN `users` AS `u` ON `word_meaning`.`user_id` = `u`.`user_id`
JOIN `dictionary` AS `d` ON `word_meaning`.`dictionary_id` = `d`.`dictionary_id`
LEFT JOIN `user_suggestions` AS `us` ON `word_meaning`.`word_meaning_id` = `us`.`word_meaning_id`
LEFT JOIN `parts_of_speechs` AS `ps` ON `m`.`part_of_speech_id` = `ps`.`part_of_speech_id`
WHERE `w`.`word` LIKE :w.word: ESCAPE \'!\'
AND  `d`.`flag` <= LIKE :d.flag <= : ESCAPE \'!\' 
GROUP BY `word_meaning`.`word_meaning_id`
ORDER BY RAND()', [...], false)
 5 SYSTEMPATH\Model.php(772): CodeIgniter\Database\BaseBuilder->get()
 6 APPPATH\Controllers\Search.php(86): CodeIgniter\Model->__call('get', [])
 7 APPPATH\Controllers\Search.php(63): App\Controllers\Search->find_word([...])
 8 SYSTEMPATH\CodeIgniter.php(907): App\Controllers\Search->searchword()
 9 SYSTEMPATH\CodeIgniter.php(457): CodeIgniter\CodeIgniter->runController(Object(App\Controllers\Search))
10 SYSTEMPATH\CodeIgniter.php(340): CodeIgniter\CodeIgniter->handleRequest(null, Object(Config\Cache), false)
11 FCPATH\index.php(68): CodeIgniter\CodeIgniter->run()
ERROR - 2023-02-02 14:38:52 --> mysqli_sql_exception: You have an error in your SQL syntax; check the manual that corresponds to your MariaDB server version for the right syntax to use near 'LIKE '%3%' ESCAPE '!' 
GROUP BY `word_meaning`.`word_meaning_id`
ORDER BY RAND()' at line 10 in C:\xampp\htdocs\etkal\system\Database\MySQLi\Connection.php:292
Stack trace:
#0 C:\xampp\htdocs\etkal\system\Database\MySQLi\Connection.php(292): mysqli->query('SELECT ROW_NUMB...', 0)
#1 C:\xampp\htdocs\etkal\system\Database\BaseConnection.php(693): CodeIgniter\Database\MySQLi\Connection->execute('SELECT ROW_NUMB...')
#2 C:\xampp\htdocs\etkal\system\Database\BaseConnection.php(620): CodeIgniter\Database\BaseConnection->simpleQuery('SELECT ROW_NUMB...')
#3 C:\xampp\htdocs\etkal\system\Database\BaseBuilder.php(1585): CodeIgniter\Database\BaseConnection->query('SELECT ROW_NUMB...', Array, false)
#4 C:\xampp\htdocs\etkal\system\Model.php(772): CodeIgniter\Database\BaseBuilder->get()
#5 C:\xampp\htdocs\etkal\app\Controllers\Search.php(86): CodeIgniter\Model->__call('get', Array)
#6 C:\xampp\htdocs\etkal\app\Controllers\Search.php(63): App\Controllers\Search->find_word(Array)
#7 C:\xampp\htdocs\etkal\system\CodeIgniter.php(907): App\Controllers\Search->searchword()
#8 C:\xampp\htdocs\etkal\system\CodeIgniter.php(457): CodeIgniter\CodeIgniter->runController(Object(App\Controllers\Search))
#9 C:\xampp\htdocs\etkal\system\CodeIgniter.php(340): CodeIgniter\CodeIgniter->handleRequest(NULL, Object(Config\Cache), false)
#10 C:\xampp\htdocs\etkal\index.php(68): CodeIgniter\CodeIgniter->run()
#11 {main}
CRITICAL - 2023-02-02 14:38:52 --> You have an error in your SQL syntax; check the manual that corresponds to your MariaDB server version for the right syntax to use near 'LIKE '%3%' ESCAPE '!' 
GROUP BY `word_meaning`.`word_meaning_id`
ORDER BY RAND()' at line 10
in SYSTEMPATH\Database\MySQLi\Connection.php on line 292.
 1 SYSTEMPATH\Database\MySQLi\Connection.php(292): mysqli->query('SELECT ROW_NUMBER() over ( order by w.word ASC) AS row_num, `w`.`word_id`, `w`.`word`, `w`.`pronunciation`, `w`.`accessibility`, `m`.`meaning`, `m`.`example`, `m`.`homonyms`, `m`.`part_of_speech_id`, `m`.`meaning_image`, `m`.`created_at`, `u`.`firstname`, `u`.`lastname`, `u`.`email`, `u`.`image`, `d`.`full_name`, `d`.`short_name`, `word_meaning`.`word_meaning_id`, `num_like`, `num_dislike`, sum(us.suggestion = 3) as FLAGE, `ps`.`part_of_speech`, `ps`.`abbreviation`
FROM `word_meaning`
JOIN `words` as `w` ON `word_meaning`.`word_id` = `w`.`word_id`
JOIN `meanings` AS `m` ON `word_meaning`.`meaning_id` = `m`.`meaning_id`
JOIN `users` AS `u` ON `word_meaning`.`user_id` = `u`.`user_id`
JOIN `dictionary` AS `d` ON `word_meaning`.`dictionary_id` = `d`.`dictionary_id`
LEFT JOIN `user_suggestions` AS `us` ON `word_meaning`.`word_meaning_id` = `us`.`word_meaning_id`
LEFT JOIN `parts_of_speechs` AS `ps` ON `m`.`part_of_speech_id` = `ps`.`part_of_speech_id`
WHERE `w`.`word` LIKE \'%ሆድን%\' ESCAPE \'!\'
AND  `d`.`flag` <= LIKE \'%3%\' ESCAPE \'!\' 
GROUP BY `word_meaning`.`word_meaning_id`
ORDER BY RAND()', 0)
 2 SYSTEMPATH\Database\BaseConnection.php(693): CodeIgniter\Database\MySQLi\Connection->execute('SELECT ROW_NUMBER() over ( order by w.word ASC) AS row_num, `w`.`word_id`, `w`.`word`, `w`.`pronunciation`, `w`.`accessibility`, `m`.`meaning`, `m`.`example`, `m`.`homonyms`, `m`.`part_of_speech_id`, `m`.`meaning_image`, `m`.`created_at`, `u`.`firstname`, `u`.`lastname`, `u`.`email`, `u`.`image`, `d`.`full_name`, `d`.`short_name`, `word_meaning`.`word_meaning_id`, `num_like`, `num_dislike`, sum(us.suggestion = 3) as FLAGE, `ps`.`part_of_speech`, `ps`.`abbreviation`
FROM `word_meaning`
JOIN `words` as `w` ON `word_meaning`.`word_id` = `w`.`word_id`
JOIN `meanings` AS `m` ON `word_meaning`.`meaning_id` = `m`.`meaning_id`
JOIN `users` AS `u` ON `word_meaning`.`user_id` = `u`.`user_id`
JOIN `dictionary` AS `d` ON `word_meaning`.`dictionary_id` = `d`.`dictionary_id`
LEFT JOIN `user_suggestions` AS `us` ON `word_meaning`.`word_meaning_id` = `us`.`word_meaning_id`
LEFT JOIN `parts_of_speechs` AS `ps` ON `m`.`part_of_speech_id` = `ps`.`part_of_speech_id`
WHERE `w`.`word` LIKE \'%ሆድን%\' ESCAPE \'!\'
AND  `d`.`flag` <= LIKE \'%3%\' ESCAPE \'!\' 
GROUP BY `word_meaning`.`word_meaning_id`
ORDER BY RAND()')
 3 SYSTEMPATH\Database\BaseConnection.php(620): CodeIgniter\Database\BaseConnection->simpleQuery('SELECT ROW_NUMBER() over ( order by w.word ASC) AS row_num, `w`.`word_id`, `w`.`word`, `w`.`pronunciation`, `w`.`accessibility`, `m`.`meaning`, `m`.`example`, `m`.`homonyms`, `m`.`part_of_speech_id`, `m`.`meaning_image`, `m`.`created_at`, `u`.`firstname`, `u`.`lastname`, `u`.`email`, `u`.`image`, `d`.`full_name`, `d`.`short_name`, `word_meaning`.`word_meaning_id`, `num_like`, `num_dislike`, sum(us.suggestion = 3) as FLAGE, `ps`.`part_of_speech`, `ps`.`abbreviation`
FROM `word_meaning`
JOIN `words` as `w` ON `word_meaning`.`word_id` = `w`.`word_id`
JOIN `meanings` AS `m` ON `word_meaning`.`meaning_id` = `m`.`meaning_id`
JOIN `users` AS `u` ON `word_meaning`.`user_id` = `u`.`user_id`
JOIN `dictionary` AS `d` ON `word_meaning`.`dictionary_id` = `d`.`dictionary_id`
LEFT JOIN `user_suggestions` AS `us` ON `word_meaning`.`word_meaning_id` = `us`.`word_meaning_id`
LEFT JOIN `parts_of_speechs` AS `ps` ON `m`.`part_of_speech_id` = `ps`.`part_of_speech_id`
WHERE `w`.`word` LIKE \'%ሆድን%\' ESCAPE \'!\'
AND  `d`.`flag` <= LIKE \'%3%\' ESCAPE \'!\' 
GROUP BY `word_meaning`.`word_meaning_id`
ORDER BY RAND()')
 4 SYSTEMPATH\Database\BaseBuilder.php(1585): CodeIgniter\Database\BaseConnection->query('SELECT ROW_NUMBER() over ( order by w.word ASC) AS row_num, `w`.`word_id`, `w`.`word`, `w`.`pronunciation`, `w`.`accessibility`, `m`.`meaning`, `m`.`example`, `m`.`homonyms`, `m`.`part_of_speech_id`, `m`.`meaning_image`, `m`.`created_at`, `u`.`firstname`, `u`.`lastname`, `u`.`email`, `u`.`image`, `d`.`full_name`, `d`.`short_name`, `word_meaning`.`word_meaning_id`, `num_like`, `num_dislike`, sum(us.suggestion = 3) as FLAGE, `ps`.`part_of_speech`, `ps`.`abbreviation`
FROM `word_meaning`
JOIN `words` as `w` ON `word_meaning`.`word_id` = `w`.`word_id`
JOIN `meanings` AS `m` ON `word_meaning`.`meaning_id` = `m`.`meaning_id`
JOIN `users` AS `u` ON `word_meaning`.`user_id` = `u`.`user_id`
JOIN `dictionary` AS `d` ON `word_meaning`.`dictionary_id` = `d`.`dictionary_id`
LEFT JOIN `user_suggestions` AS `us` ON `word_meaning`.`word_meaning_id` = `us`.`word_meaning_id`
LEFT JOIN `parts_of_speechs` AS `ps` ON `m`.`part_of_speech_id` = `ps`.`part_of_speech_id`
WHERE `w`.`word` LIKE :w.word: ESCAPE \'!\'
AND  `d`.`flag` <= LIKE :d.flag <= : ESCAPE \'!\' 
GROUP BY `word_meaning`.`word_meaning_id`
ORDER BY RAND()', [...], false)
 5 SYSTEMPATH\Model.php(772): CodeIgniter\Database\BaseBuilder->get()
 6 APPPATH\Controllers\Search.php(86): CodeIgniter\Model->__call('get', [])
 7 APPPATH\Controllers\Search.php(63): App\Controllers\Search->find_word([...])
 8 SYSTEMPATH\CodeIgniter.php(907): App\Controllers\Search->searchword()
 9 SYSTEMPATH\CodeIgniter.php(457): CodeIgniter\CodeIgniter->runController(Object(App\Controllers\Search))
10 SYSTEMPATH\CodeIgniter.php(340): CodeIgniter\CodeIgniter->handleRequest(null, Object(Config\Cache), false)
11 FCPATH\index.php(68): CodeIgniter\CodeIgniter->run()
ERROR - 2023-02-02 14:38:53 --> mysqli_sql_exception: You have an error in your SQL syntax; check the manual that corresponds to your MariaDB server version for the right syntax to use near 'LIKE '%3%' ESCAPE '!' 
GROUP BY `word_meaning`.`word_meaning_id`
ORDER BY RAND()' at line 10 in C:\xampp\htdocs\etkal\system\Database\MySQLi\Connection.php:292
Stack trace:
#0 C:\xampp\htdocs\etkal\system\Database\MySQLi\Connection.php(292): mysqli->query('SELECT ROW_NUMB...', 0)
#1 C:\xampp\htdocs\etkal\system\Database\BaseConnection.php(693): CodeIgniter\Database\MySQLi\Connection->execute('SELECT ROW_NUMB...')
#2 C:\xampp\htdocs\etkal\system\Database\BaseConnection.php(620): CodeIgniter\Database\BaseConnection->simpleQuery('SELECT ROW_NUMB...')
#3 C:\xampp\htdocs\etkal\system\Database\BaseBuilder.php(1585): CodeIgniter\Database\BaseConnection->query('SELECT ROW_NUMB...', Array, false)
#4 C:\xampp\htdocs\etkal\system\Model.php(772): CodeIgniter\Database\BaseBuilder->get()
#5 C:\xampp\htdocs\etkal\app\Controllers\Search.php(86): CodeIgniter\Model->__call('get', Array)
#6 C:\xampp\htdocs\etkal\app\Controllers\Search.php(63): App\Controllers\Search->find_word(Array)
#7 C:\xampp\htdocs\etkal\system\CodeIgniter.php(907): App\Controllers\Search->searchword()
#8 C:\xampp\htdocs\etkal\system\CodeIgniter.php(457): CodeIgniter\CodeIgniter->runController(Object(App\Controllers\Search))
#9 C:\xampp\htdocs\etkal\system\CodeIgniter.php(340): CodeIgniter\CodeIgniter->handleRequest(NULL, Object(Config\Cache), false)
#10 C:\xampp\htdocs\etkal\index.php(68): CodeIgniter\CodeIgniter->run()
#11 {main}
CRITICAL - 2023-02-02 14:38:53 --> You have an error in your SQL syntax; check the manual that corresponds to your MariaDB server version for the right syntax to use near 'LIKE '%3%' ESCAPE '!' 
GROUP BY `word_meaning`.`word_meaning_id`
ORDER BY RAND()' at line 10
in SYSTEMPATH\Database\MySQLi\Connection.php on line 292.
 1 SYSTEMPATH\Database\MySQLi\Connection.php(292): mysqli->query('SELECT ROW_NUMBER() over ( order by w.word ASC) AS row_num, `w`.`word_id`, `w`.`word`, `w`.`pronunciation`, `w`.`accessibility`, `m`.`meaning`, `m`.`example`, `m`.`homonyms`, `m`.`part_of_speech_id`, `m`.`meaning_image`, `m`.`created_at`, `u`.`firstname`, `u`.`lastname`, `u`.`email`, `u`.`image`, `d`.`full_name`, `d`.`short_name`, `word_meaning`.`word_meaning_id`, `num_like`, `num_dislike`, sum(us.suggestion = 3) as FLAGE, `ps`.`part_of_speech`, `ps`.`abbreviation`
FROM `word_meaning`
JOIN `words` as `w` ON `word_meaning`.`word_id` = `w`.`word_id`
JOIN `meanings` AS `m` ON `word_meaning`.`meaning_id` = `m`.`meaning_id`
JOIN `users` AS `u` ON `word_meaning`.`user_id` = `u`.`user_id`
JOIN `dictionary` AS `d` ON `word_meaning`.`dictionary_id` = `d`.`dictionary_id`
LEFT JOIN `user_suggestions` AS `us` ON `word_meaning`.`word_meaning_id` = `us`.`word_meaning_id`
LEFT JOIN `parts_of_speechs` AS `ps` ON `m`.`part_of_speech_id` = `ps`.`part_of_speech_id`
WHERE `w`.`word` LIKE \'%ሆድን%\' ESCAPE \'!\'
AND  `d`.`flag` <= LIKE \'%3%\' ESCAPE \'!\' 
GROUP BY `word_meaning`.`word_meaning_id`
ORDER BY RAND()', 0)
 2 SYSTEMPATH\Database\BaseConnection.php(693): CodeIgniter\Database\MySQLi\Connection->execute('SELECT ROW_NUMBER() over ( order by w.word ASC) AS row_num, `w`.`word_id`, `w`.`word`, `w`.`pronunciation`, `w`.`accessibility`, `m`.`meaning`, `m`.`example`, `m`.`homonyms`, `m`.`part_of_speech_id`, `m`.`meaning_image`, `m`.`created_at`, `u`.`firstname`, `u`.`lastname`, `u`.`email`, `u`.`image`, `d`.`full_name`, `d`.`short_name`, `word_meaning`.`word_meaning_id`, `num_like`, `num_dislike`, sum(us.suggestion = 3) as FLAGE, `ps`.`part_of_speech`, `ps`.`abbreviation`
FROM `word_meaning`
JOIN `words` as `w` ON `word_meaning`.`word_id` = `w`.`word_id`
JOIN `meanings` AS `m` ON `word_meaning`.`meaning_id` = `m`.`meaning_id`
JOIN `users` AS `u` ON `word_meaning`.`user_id` = `u`.`user_id`
JOIN `dictionary` AS `d` ON `word_meaning`.`dictionary_id` = `d`.`dictionary_id`
LEFT JOIN `user_suggestions` AS `us` ON `word_meaning`.`word_meaning_id` = `us`.`word_meaning_id`
LEFT JOIN `parts_of_speechs` AS `ps` ON `m`.`part_of_speech_id` = `ps`.`part_of_speech_id`
WHERE `w`.`word` LIKE \'%ሆድን%\' ESCAPE \'!\'
AND  `d`.`flag` <= LIKE \'%3%\' ESCAPE \'!\' 
GROUP BY `word_meaning`.`word_meaning_id`
ORDER BY RAND()')
 3 SYSTEMPATH\Database\BaseConnection.php(620): CodeIgniter\Database\BaseConnection->simpleQuery('SELECT ROW_NUMBER() over ( order by w.word ASC) AS row_num, `w`.`word_id`, `w`.`word`, `w`.`pronunciation`, `w`.`accessibility`, `m`.`meaning`, `m`.`example`, `m`.`homonyms`, `m`.`part_of_speech_id`, `m`.`meaning_image`, `m`.`created_at`, `u`.`firstname`, `u`.`lastname`, `u`.`email`, `u`.`image`, `d`.`full_name`, `d`.`short_name`, `word_meaning`.`word_meaning_id`, `num_like`, `num_dislike`, sum(us.suggestion = 3) as FLAGE, `ps`.`part_of_speech`, `ps`.`abbreviation`
FROM `word_meaning`
JOIN `words` as `w` ON `word_meaning`.`word_id` = `w`.`word_id`
JOIN `meanings` AS `m` ON `word_meaning`.`meaning_id` = `m`.`meaning_id`
JOIN `users` AS `u` ON `word_meaning`.`user_id` = `u`.`user_id`
JOIN `dictionary` AS `d` ON `word_meaning`.`dictionary_id` = `d`.`dictionary_id`
LEFT JOIN `user_suggestions` AS `us` ON `word_meaning`.`word_meaning_id` = `us`.`word_meaning_id`
LEFT JOIN `parts_of_speechs` AS `ps` ON `m`.`part_of_speech_id` = `ps`.`part_of_speech_id`
WHERE `w`.`word` LIKE \'%ሆድን%\' ESCAPE \'!\'
AND  `d`.`flag` <= LIKE \'%3%\' ESCAPE \'!\' 
GROUP BY `word_meaning`.`word_meaning_id`
ORDER BY RAND()')
 4 SYSTEMPATH\Database\BaseBuilder.php(1585): CodeIgniter\Database\BaseConnection->query('SELECT ROW_NUMBER() over ( order by w.word ASC) AS row_num, `w`.`word_id`, `w`.`word`, `w`.`pronunciation`, `w`.`accessibility`, `m`.`meaning`, `m`.`example`, `m`.`homonyms`, `m`.`part_of_speech_id`, `m`.`meaning_image`, `m`.`created_at`, `u`.`firstname`, `u`.`lastname`, `u`.`email`, `u`.`image`, `d`.`full_name`, `d`.`short_name`, `word_meaning`.`word_meaning_id`, `num_like`, `num_dislike`, sum(us.suggestion = 3) as FLAGE, `ps`.`part_of_speech`, `ps`.`abbreviation`
FROM `word_meaning`
JOIN `words` as `w` ON `word_meaning`.`word_id` = `w`.`word_id`
JOIN `meanings` AS `m` ON `word_meaning`.`meaning_id` = `m`.`meaning_id`
JOIN `users` AS `u` ON `word_meaning`.`user_id` = `u`.`user_id`
JOIN `dictionary` AS `d` ON `word_meaning`.`dictionary_id` = `d`.`dictionary_id`
LEFT JOIN `user_suggestions` AS `us` ON `word_meaning`.`word_meaning_id` = `us`.`word_meaning_id`
LEFT JOIN `parts_of_speechs` AS `ps` ON `m`.`part_of_speech_id` = `ps`.`part_of_speech_id`
WHERE `w`.`word` LIKE :w.word: ESCAPE \'!\'
AND  `d`.`flag` <= LIKE :d.flag <= : ESCAPE \'!\' 
GROUP BY `word_meaning`.`word_meaning_id`
ORDER BY RAND()', [...], false)
 5 SYSTEMPATH\Model.php(772): CodeIgniter\Database\BaseBuilder->get()
 6 APPPATH\Controllers\Search.php(86): CodeIgniter\Model->__call('get', [])
 7 APPPATH\Controllers\Search.php(63): App\Controllers\Search->find_word([...])
 8 SYSTEMPATH\CodeIgniter.php(907): App\Controllers\Search->searchword()
 9 SYSTEMPATH\CodeIgniter.php(457): CodeIgniter\CodeIgniter->runController(Object(App\Controllers\Search))
10 SYSTEMPATH\CodeIgniter.php(340): CodeIgniter\CodeIgniter->handleRequest(null, Object(Config\Cache), false)
11 FCPATH\index.php(68): CodeIgniter\CodeIgniter->run()
