CRITICAL - 2022-12-21 08:17:11 --> Undefined array key 0
in APPPATH\Controllers\Meaning.php on line 242.
 1 APPPATH\Controllers\Meaning.php(242): CodeIgniter\Debug\Exceptions->errorHandler(2, 'Undefined array key 0', 'APPPATH\\Controllers\\Meaning.php', 242)
 2 APPPATH\Controllers\Meaning.php(213): App\Controllers\Meaning->importfile('FCPATH\\public\\asset\\import\\1671639431_58139ac9a78ef1953ab8.csv')
 3 SYSTEMPATH\CodeIgniter.php(907): App\Controllers\Meaning->importdata()
 4 SYSTEMPATH\CodeIgniter.php(457): CodeIgniter\CodeIgniter->runController(Object(App\Controllers\Meaning))
 5 SYSTEMPATH\CodeIgniter.php(340): CodeIgniter\CodeIgniter->handleRequest(null, Object(Config\Cache), false)
 6 FCPATH\index.php(68): CodeIgniter\CodeIgniter->run()
CRITICAL - 2022-12-21 08:18:32 --> Undefined array key 0
in APPPATH\Controllers\Meaning.php on line 242.
 1 APPPATH\Controllers\Meaning.php(242): CodeIgniter\Debug\Exceptions->errorHandler(2, 'Undefined array key 0', 'APPPATH\\Controllers\\Meaning.php', 242)
 2 APPPATH\Controllers\Meaning.php(213): App\Controllers\Meaning->importfile('FCPATH\\public\\asset\\import\\1671639512_0b06775e703b7ae05d55.csv')
 3 SYSTEMPATH\CodeIgniter.php(907): App\Controllers\Meaning->importdata()
 4 SYSTEMPATH\CodeIgniter.php(457): CodeIgniter\CodeIgniter->runController(Object(App\Controllers\Meaning))
 5 SYSTEMPATH\CodeIgniter.php(340): CodeIgniter\CodeIgniter->handleRequest(null, Object(Config\Cache), false)
 6 FCPATH\index.php(68): CodeIgniter\CodeIgniter->run()
CRITICAL - 2022-12-21 08:20:18 --> Undefined variable $csv
in APPPATH\Views\dictionary\import.php on line 43.
 1 APPPATH\Views\dictionary\import.php(43): CodeIgniter\Debug\Exceptions->errorHandler(2, 'Undefined variable $csv', 'APPPATH\\Views\\dictionary\\import.php', 43)
 2 SYSTEMPATH\View\View.php(213): include('APPPATH\\Views\\dictionary\\import.php')
 3 SYSTEMPATH\View\View.php(216): CodeIgniter\View\View->CodeIgniter\View\{closure}()
 4 SYSTEMPATH\Common.php(1142): CodeIgniter\View\View->render('dictionary/import', [], true)
 5 APPPATH\Controllers\Meaning.php(223): view('dictionary/import', [...])
 6 SYSTEMPATH\CodeIgniter.php(907): App\Controllers\Meaning->importdata()
 7 SYSTEMPATH\CodeIgniter.php(457): CodeIgniter\CodeIgniter->runController(Object(App\Controllers\Meaning))
 8 SYSTEMPATH\CodeIgniter.php(340): CodeIgniter\CodeIgniter->handleRequest(null, Object(Config\Cache), false)
 9 FCPATH\index.php(68): CodeIgniter\CodeIgniter->run()
CRITICAL - 2022-12-21 08:20:49 --> Undefined variable $csv
in APPPATH\Views\dictionary\import.php on line 43.
 1 APPPATH\Views\dictionary\import.php(43): CodeIgniter\Debug\Exceptions->errorHandler(2, 'Undefined variable $csv', 'APPPATH\\Views\\dictionary\\import.php', 43)
 2 SYSTEMPATH\View\View.php(213): include('APPPATH\\Views\\dictionary\\import.php')
 3 SYSTEMPATH\View\View.php(216): CodeIgniter\View\View->CodeIgniter\View\{closure}()
 4 SYSTEMPATH\Common.php(1142): CodeIgniter\View\View->render('dictionary/import', [], true)
 5 APPPATH\Controllers\Meaning.php(223): view('dictionary/import', [...])
 6 SYSTEMPATH\CodeIgniter.php(907): App\Controllers\Meaning->importdata()
 7 SYSTEMPATH\CodeIgniter.php(457): CodeIgniter\CodeIgniter->runController(Object(App\Controllers\Meaning))
 8 SYSTEMPATH\CodeIgniter.php(340): CodeIgniter\CodeIgniter->handleRequest(null, Object(Config\Cache), false)
 9 FCPATH\index.php(68): CodeIgniter\CodeIgniter->run()
CRITICAL - 2022-12-21 08:20:54 --> Undefined variable $csv
in APPPATH\Views\dictionary\import.php on line 43.
 1 APPPATH\Views\dictionary\import.php(43): CodeIgniter\Debug\Exceptions->errorHandler(2, 'Undefined variable $csv', 'APPPATH\\Views\\dictionary\\import.php', 43)
 2 SYSTEMPATH\View\View.php(213): include('APPPATH\\Views\\dictionary\\import.php')
 3 SYSTEMPATH\View\View.php(216): CodeIgniter\View\View->CodeIgniter\View\{closure}()
 4 SYSTEMPATH\Common.php(1142): CodeIgniter\View\View->render('dictionary/import', [], true)
 5 APPPATH\Controllers\Meaning.php(223): view('dictionary/import', [...])
 6 SYSTEMPATH\CodeIgniter.php(907): App\Controllers\Meaning->importdata()
 7 SYSTEMPATH\CodeIgniter.php(457): CodeIgniter\CodeIgniter->runController(Object(App\Controllers\Meaning))
 8 SYSTEMPATH\CodeIgniter.php(340): CodeIgniter\CodeIgniter->handleRequest(null, Object(Config\Cache), false)
 9 FCPATH\index.php(68): CodeIgniter\CodeIgniter->run()
CRITICAL - 2022-12-21 08:21:53 --> Undefined variable $csv
in APPPATH\Views\dictionary\import.php on line 43.
 1 APPPATH\Views\dictionary\import.php(43): CodeIgniter\Debug\Exceptions->errorHandler(2, 'Undefined variable $csv', 'APPPATH\\Views\\dictionary\\import.php', 43)
 2 SYSTEMPATH\View\View.php(213): include('APPPATH\\Views\\dictionary\\import.php')
 3 SYSTEMPATH\View\View.php(216): CodeIgniter\View\View->CodeIgniter\View\{closure}()
 4 SYSTEMPATH\Common.php(1142): CodeIgniter\View\View->render('dictionary/import', [], true)
 5 APPPATH\Controllers\Meaning.php(224): view('dictionary/import', [...])
 6 SYSTEMPATH\CodeIgniter.php(907): App\Controllers\Meaning->importdata()
 7 SYSTEMPATH\CodeIgniter.php(457): CodeIgniter\CodeIgniter->runController(Object(App\Controllers\Meaning))
 8 SYSTEMPATH\CodeIgniter.php(340): CodeIgniter\CodeIgniter->handleRequest(null, Object(Config\Cache), false)
 9 FCPATH\index.php(68): CodeIgniter\CodeIgniter->run()
CRITICAL - 2022-12-21 08:21:55 --> Undefined variable $csv
in APPPATH\Views\dictionary\import.php on line 43.
 1 APPPATH\Views\dictionary\import.php(43): CodeIgniter\Debug\Exceptions->errorHandler(2, 'Undefined variable $csv', 'APPPATH\\Views\\dictionary\\import.php', 43)
 2 SYSTEMPATH\View\View.php(213): include('APPPATH\\Views\\dictionary\\import.php')
 3 SYSTEMPATH\View\View.php(216): CodeIgniter\View\View->CodeIgniter\View\{closure}()
 4 SYSTEMPATH\Common.php(1142): CodeIgniter\View\View->render('dictionary/import', [], true)
 5 APPPATH\Controllers\Meaning.php(224): view('dictionary/import', [...])
 6 SYSTEMPATH\CodeIgniter.php(907): App\Controllers\Meaning->importdata()
 7 SYSTEMPATH\CodeIgniter.php(457): CodeIgniter\CodeIgniter->runController(Object(App\Controllers\Meaning))
 8 SYSTEMPATH\CodeIgniter.php(340): CodeIgniter\CodeIgniter->handleRequest(null, Object(Config\Cache), false)
 9 FCPATH\index.php(68): CodeIgniter\CodeIgniter->run()
CRITICAL - 2022-12-21 08:21:57 --> Undefined variable $csv
in APPPATH\Views\dictionary\import.php on line 43.
 1 APPPATH\Views\dictionary\import.php(43): CodeIgniter\Debug\Exceptions->errorHandler(2, 'Undefined variable $csv', 'APPPATH\\Views\\dictionary\\import.php', 43)
 2 SYSTEMPATH\View\View.php(213): include('APPPATH\\Views\\dictionary\\import.php')
 3 SYSTEMPATH\View\View.php(216): CodeIgniter\View\View->CodeIgniter\View\{closure}()
 4 SYSTEMPATH\Common.php(1142): CodeIgniter\View\View->render('dictionary/import', [], true)
 5 APPPATH\Controllers\Meaning.php(224): view('dictionary/import', [...])
 6 SYSTEMPATH\CodeIgniter.php(907): App\Controllers\Meaning->importdata()
 7 SYSTEMPATH\CodeIgniter.php(457): CodeIgniter\CodeIgniter->runController(Object(App\Controllers\Meaning))
 8 SYSTEMPATH\CodeIgniter.php(340): CodeIgniter\CodeIgniter->handleRequest(null, Object(Config\Cache), false)
 9 FCPATH\index.php(68): CodeIgniter\CodeIgniter->run()
CRITICAL - 2022-12-21 08:22:06 --> Undefined variable $csv
in APPPATH\Views\dictionary\import.php on line 43.
 1 APPPATH\Views\dictionary\import.php(43): CodeIgniter\Debug\Exceptions->errorHandler(2, 'Undefined variable $csv', 'APPPATH\\Views\\dictionary\\import.php', 43)
 2 SYSTEMPATH\View\View.php(213): include('APPPATH\\Views\\dictionary\\import.php')
 3 SYSTEMPATH\View\View.php(216): CodeIgniter\View\View->CodeIgniter\View\{closure}()
 4 SYSTEMPATH\Common.php(1142): CodeIgniter\View\View->render('dictionary/import', [], true)
 5 APPPATH\Controllers\Meaning.php(224): view('dictionary/import', [...])
 6 SYSTEMPATH\CodeIgniter.php(907): App\Controllers\Meaning->importdata()
 7 SYSTEMPATH\CodeIgniter.php(457): CodeIgniter\CodeIgniter->runController(Object(App\Controllers\Meaning))
 8 SYSTEMPATH\CodeIgniter.php(340): CodeIgniter\CodeIgniter->handleRequest(null, Object(Config\Cache), false)
 9 FCPATH\index.php(68): CodeIgniter\CodeIgniter->run()
CRITICAL - 2022-12-21 08:22:40 --> Undefined variable $csv
in APPPATH\Views\dictionary\import.php on line 43.
 1 APPPATH\Views\dictionary\import.php(43): CodeIgniter\Debug\Exceptions->errorHandler(2, 'Undefined variable $csv', 'APPPATH\\Views\\dictionary\\import.php', 43)
 2 SYSTEMPATH\View\View.php(213): include('APPPATH\\Views\\dictionary\\import.php')
 3 SYSTEMPATH\View\View.php(216): CodeIgniter\View\View->CodeIgniter\View\{closure}()
 4 SYSTEMPATH\Common.php(1142): CodeIgniter\View\View->render('dictionary/import', [], true)
 5 APPPATH\Controllers\Meaning.php(224): view('dictionary/import', [...])
 6 SYSTEMPATH\CodeIgniter.php(907): App\Controllers\Meaning->importdata()
 7 SYSTEMPATH\CodeIgniter.php(457): CodeIgniter\CodeIgniter->runController(Object(App\Controllers\Meaning))
 8 SYSTEMPATH\CodeIgniter.php(340): CodeIgniter\CodeIgniter->handleRequest(null, Object(Config\Cache), false)
 9 FCPATH\index.php(68): CodeIgniter\CodeIgniter->run()
CRITICAL - 2022-12-21 08:23:23 --> Undefined variable $csv
in APPPATH\Views\dictionary\import.php on line 43.
 1 APPPATH\Views\dictionary\import.php(43): CodeIgniter\Debug\Exceptions->errorHandler(2, 'Undefined variable $csv', 'APPPATH\\Views\\dictionary\\import.php', 43)
 2 SYSTEMPATH\View\View.php(213): include('APPPATH\\Views\\dictionary\\import.php')
 3 SYSTEMPATH\View\View.php(216): CodeIgniter\View\View->CodeIgniter\View\{closure}()
 4 SYSTEMPATH\Common.php(1142): CodeIgniter\View\View->render('dictionary/import', [], true)
 5 APPPATH\Controllers\Meaning.php(224): view('dictionary/import', [...])
 6 SYSTEMPATH\CodeIgniter.php(907): App\Controllers\Meaning->importdata()
 7 SYSTEMPATH\CodeIgniter.php(457): CodeIgniter\CodeIgniter->runController(Object(App\Controllers\Meaning))
 8 SYSTEMPATH\CodeIgniter.php(340): CodeIgniter\CodeIgniter->handleRequest(null, Object(Config\Cache), false)
 9 FCPATH\index.php(68): CodeIgniter\CodeIgniter->run()
CRITICAL - 2022-12-21 08:23:27 --> Undefined variable $csv
in APPPATH\Views\dictionary\import.php on line 43.
 1 APPPATH\Views\dictionary\import.php(43): CodeIgniter\Debug\Exceptions->errorHandler(2, 'Undefined variable $csv', 'APPPATH\\Views\\dictionary\\import.php', 43)
 2 SYSTEMPATH\View\View.php(213): include('APPPATH\\Views\\dictionary\\import.php')
 3 SYSTEMPATH\View\View.php(216): CodeIgniter\View\View->CodeIgniter\View\{closure}()
 4 SYSTEMPATH\Common.php(1142): CodeIgniter\View\View->render('dictionary/import', [], true)
 5 APPPATH\Controllers\Meaning.php(224): view('dictionary/import', [...])
 6 SYSTEMPATH\CodeIgniter.php(907): App\Controllers\Meaning->importdata()
 7 SYSTEMPATH\CodeIgniter.php(457): CodeIgniter\CodeIgniter->runController(Object(App\Controllers\Meaning))
 8 SYSTEMPATH\CodeIgniter.php(340): CodeIgniter\CodeIgniter->handleRequest(null, Object(Config\Cache), false)
 9 FCPATH\index.php(68): CodeIgniter\CodeIgniter->run()
CRITICAL - 2022-12-21 08:23:59 --> Undefined array key 0
in APPPATH\Controllers\Meaning.php on line 217.
 1 APPPATH\Controllers\Meaning.php(217): CodeIgniter\Debug\Exceptions->errorHandler(2, 'Undefined array key 0', 'APPPATH\\Controllers\\Meaning.php', 217)
 2 SYSTEMPATH\CodeIgniter.php(907): App\Controllers\Meaning->importdata()
 3 SYSTEMPATH\CodeIgniter.php(457): CodeIgniter\CodeIgniter->runController(Object(App\Controllers\Meaning))
 4 SYSTEMPATH\CodeIgniter.php(340): CodeIgniter\CodeIgniter->handleRequest(null, Object(Config\Cache), false)
 5 FCPATH\index.php(68): CodeIgniter\CodeIgniter->run()
CRITICAL - 2022-12-21 08:24:55 --> Undefined array key 0
in APPPATH\Controllers\Meaning.php on line 217.
 1 APPPATH\Controllers\Meaning.php(217): CodeIgniter\Debug\Exceptions->errorHandler(2, 'Undefined array key 0', 'APPPATH\\Controllers\\Meaning.php', 217)
 2 SYSTEMPATH\CodeIgniter.php(907): App\Controllers\Meaning->importdata()
 3 SYSTEMPATH\CodeIgniter.php(457): CodeIgniter\CodeIgniter->runController(Object(App\Controllers\Meaning))
 4 SYSTEMPATH\CodeIgniter.php(340): CodeIgniter\CodeIgniter->handleRequest(null, Object(Config\Cache), false)
 5 FCPATH\index.php(68): CodeIgniter\CodeIgniter->run()
CRITICAL - 2022-12-21 08:50:36 --> Undefined variable $languages
in APPPATH\Views\dictionary\import.php on line 34.
 1 APPPATH\Views\dictionary\import.php(34): CodeIgniter\Debug\Exceptions->errorHandler(2, 'Undefined variable $languages', 'APPPATH\\Views\\dictionary\\import.php', 34)
 2 SYSTEMPATH\View\View.php(213): include('APPPATH\\Views\\dictionary\\import.php')
 3 SYSTEMPATH\View\View.php(216): CodeIgniter\View\View->CodeIgniter\View\{closure}()
 4 SYSTEMPATH\Common.php(1142): CodeIgniter\View\View->render('dictionary/import', [], true)
 5 APPPATH\Controllers\Meaning.php(223): view('dictionary/import', [...])
 6 SYSTEMPATH\CodeIgniter.php(907): App\Controllers\Meaning->importdata()
 7 SYSTEMPATH\CodeIgniter.php(457): CodeIgniter\CodeIgniter->runController(Object(App\Controllers\Meaning))
 8 SYSTEMPATH\CodeIgniter.php(340): CodeIgniter\CodeIgniter->handleRequest(null, Object(Config\Cache), false)
 9 FCPATH\index.php(68): CodeIgniter\CodeIgniter->run()
CRITICAL - 2022-12-21 08:57:34 --> Undefined variable $style
in APPPATH\Views\dictionary\import.php on line 34.
 1 APPPATH\Views\dictionary\import.php(34): CodeIgniter\Debug\Exceptions->errorHandler(2, 'Undefined variable $style', 'APPPATH\\Views\\dictionary\\import.php', 34)
 2 SYSTEMPATH\View\View.php(213): include('APPPATH\\Views\\dictionary\\import.php')
 3 SYSTEMPATH\View\View.php(216): CodeIgniter\View\View->CodeIgniter\View\{closure}()
 4 SYSTEMPATH\Common.php(1142): CodeIgniter\View\View->render('dictionary/import', [], true)
 5 APPPATH\Controllers\Meaning.php(236): view('dictionary/import', [...])
 6 SYSTEMPATH\CodeIgniter.php(907): App\Controllers\Meaning->importdata()
 7 SYSTEMPATH\CodeIgniter.php(457): CodeIgniter\CodeIgniter->runController(Object(App\Controllers\Meaning))
 8 SYSTEMPATH\CodeIgniter.php(340): CodeIgniter\CodeIgniter->handleRequest(null, Object(Config\Cache), false)
 9 FCPATH\index.php(68): CodeIgniter\CodeIgniter->run()
CRITICAL - 2022-12-21 08:57:35 --> Undefined variable $style
in APPPATH\Views\dictionary\import.php on line 34.
 1 APPPATH\Views\dictionary\import.php(34): CodeIgniter\Debug\Exceptions->errorHandler(2, 'Undefined variable $style', 'APPPATH\\Views\\dictionary\\import.php', 34)
 2 SYSTEMPATH\View\View.php(213): include('APPPATH\\Views\\dictionary\\import.php')
 3 SYSTEMPATH\View\View.php(216): CodeIgniter\View\View->CodeIgniter\View\{closure}()
 4 SYSTEMPATH\Common.php(1142): CodeIgniter\View\View->render('dictionary/import', [], true)
 5 APPPATH\Controllers\Meaning.php(236): view('dictionary/import', [...])
 6 SYSTEMPATH\CodeIgniter.php(907): App\Controllers\Meaning->importdata()
 7 SYSTEMPATH\CodeIgniter.php(457): CodeIgniter\CodeIgniter->runController(Object(App\Controllers\Meaning))
 8 SYSTEMPATH\CodeIgniter.php(340): CodeIgniter\CodeIgniter->handleRequest(null, Object(Config\Cache), false)
 9 FCPATH\index.php(68): CodeIgniter\CodeIgniter->run()
CRITICAL - 2022-12-21 08:57:40 --> Undefined variable $style
in APPPATH\Views\dictionary\import.php on line 34.
 1 APPPATH\Views\dictionary\import.php(34): CodeIgniter\Debug\Exceptions->errorHandler(2, 'Undefined variable $style', 'APPPATH\\Views\\dictionary\\import.php', 34)
 2 SYSTEMPATH\View\View.php(213): include('APPPATH\\Views\\dictionary\\import.php')
 3 SYSTEMPATH\View\View.php(216): CodeIgniter\View\View->CodeIgniter\View\{closure}()
 4 SYSTEMPATH\Common.php(1142): CodeIgniter\View\View->render('dictionary/import', [], true)
 5 APPPATH\Controllers\Meaning.php(236): view('dictionary/import', [...])
 6 SYSTEMPATH\CodeIgniter.php(907): App\Controllers\Meaning->importdata()
 7 SYSTEMPATH\CodeIgniter.php(457): CodeIgniter\CodeIgniter->runController(Object(App\Controllers\Meaning))
 8 SYSTEMPATH\CodeIgniter.php(340): CodeIgniter\CodeIgniter->handleRequest(null, Object(Config\Cache), false)
 9 FCPATH\index.php(68): CodeIgniter\CodeIgniter->run()
CRITICAL - 2022-12-21 09:35:14 --> Trying to access array offset on value of type null
in APPPATH\Models\WordsModel.php on line 82.
 1 APPPATH\Models\WordsModel.php(82): CodeIgniter\Debug\Exceptions->errorHandler(2, 'Trying to access array offset on value of type null', 'APPPATH\\Models\\WordsModel.php', 82)
 2 APPPATH\Controllers\Meaning.php(247): App\Models\WordsModel->insert_word([...])
 3 SYSTEMPATH\CodeIgniter.php(907): App\Controllers\Meaning->importdata()
 4 SYSTEMPATH\CodeIgniter.php(457): CodeIgniter\CodeIgniter->runController(Object(App\Controllers\Meaning))
 5 SYSTEMPATH\CodeIgniter.php(340): CodeIgniter\CodeIgniter->handleRequest(null, Object(Config\Cache), false)
 6 FCPATH\index.php(68): CodeIgniter\CodeIgniter->run()
CRITICAL - 2022-12-21 09:37:08 --> Undefined array key 10
in APPPATH\Controllers\Meaning.php on line 251.
 1 APPPATH\Controllers\Meaning.php(251): CodeIgniter\Debug\Exceptions->errorHandler(2, 'Undefined array key 10', 'APPPATH\\Controllers\\Meaning.php', 251)
 2 SYSTEMPATH\CodeIgniter.php(907): App\Controllers\Meaning->importdata()
 3 SYSTEMPATH\CodeIgniter.php(457): CodeIgniter\CodeIgniter->runController(Object(App\Controllers\Meaning))
 4 SYSTEMPATH\CodeIgniter.php(340): CodeIgniter\CodeIgniter->handleRequest(null, Object(Config\Cache), false)
 5 FCPATH\index.php(68): CodeIgniter\CodeIgniter->run()
CRITICAL - 2022-12-21 09:40:45 --> Trying to access array offset on value of type null
in APPPATH\Models\WordsModel.php on line 82.
 1 APPPATH\Models\WordsModel.php(82): CodeIgniter\Debug\Exceptions->errorHandler(2, 'Trying to access array offset on value of type null', 'APPPATH\\Models\\WordsModel.php', 82)
 2 APPPATH\Controllers\Meaning.php(247): App\Models\WordsModel->insert_word([...])
 3 SYSTEMPATH\CodeIgniter.php(907): App\Controllers\Meaning->importdata()
 4 SYSTEMPATH\CodeIgniter.php(457): CodeIgniter\CodeIgniter->runController(Object(App\Controllers\Meaning))
 5 SYSTEMPATH\CodeIgniter.php(340): CodeIgniter\CodeIgniter->handleRequest(null, Object(Config\Cache), false)
 6 FCPATH\index.php(68): CodeIgniter\CodeIgniter->run()
CRITICAL - 2022-12-21 09:43:40 --> Trying to access array offset on value of type null
in APPPATH\Models\WordsModel.php on line 82.
 1 APPPATH\Models\WordsModel.php(82): CodeIgniter\Debug\Exceptions->errorHandler(2, 'Trying to access array offset on value of type null', 'APPPATH\\Models\\WordsModel.php', 82)
 2 APPPATH\Controllers\Meaning.php(247): App\Models\WordsModel->insert_word([...])
 3 SYSTEMPATH\CodeIgniter.php(907): App\Controllers\Meaning->importdata()
 4 SYSTEMPATH\CodeIgniter.php(457): CodeIgniter\CodeIgniter->runController(Object(App\Controllers\Meaning))
 5 SYSTEMPATH\CodeIgniter.php(340): CodeIgniter\CodeIgniter->handleRequest(null, Object(Config\Cache), false)
 6 FCPATH\index.php(68): CodeIgniter\CodeIgniter->run()
CRITICAL - 2022-12-21 09:43:44 --> Trying to access array offset on value of type null
in APPPATH\Models\WordsModel.php on line 82.
 1 APPPATH\Models\WordsModel.php(82): CodeIgniter\Debug\Exceptions->errorHandler(2, 'Trying to access array offset on value of type null', 'APPPATH\\Models\\WordsModel.php', 82)
 2 APPPATH\Controllers\Meaning.php(247): App\Models\WordsModel->insert_word([...])
 3 SYSTEMPATH\CodeIgniter.php(907): App\Controllers\Meaning->importdata()
 4 SYSTEMPATH\CodeIgniter.php(457): CodeIgniter\CodeIgniter->runController(Object(App\Controllers\Meaning))
 5 SYSTEMPATH\CodeIgniter.php(340): CodeIgniter\CodeIgniter->handleRequest(null, Object(Config\Cache), false)
 6 FCPATH\index.php(68): CodeIgniter\CodeIgniter->run()
CRITICAL - 2022-12-21 09:59:44 --> Trying to access array offset on value of type null
in APPPATH\Models\WordsModel.php on line 82.
 1 APPPATH\Models\WordsModel.php(82): CodeIgniter\Debug\Exceptions->errorHandler(2, 'Trying to access array offset on value of type null', 'APPPATH\\Models\\WordsModel.php', 82)
 2 APPPATH\Controllers\Meaning.php(247): App\Models\WordsModel->insert_word([...])
 3 SYSTEMPATH\CodeIgniter.php(907): App\Controllers\Meaning->importdata()
 4 SYSTEMPATH\CodeIgniter.php(457): CodeIgniter\CodeIgniter->runController(Object(App\Controllers\Meaning))
 5 SYSTEMPATH\CodeIgniter.php(340): CodeIgniter\CodeIgniter->handleRequest(null, Object(Config\Cache), false)
 6 FCPATH\index.php(68): CodeIgniter\CodeIgniter->run()
CRITICAL - 2022-12-21 10:03:26 --> Trying to access array offset on value of type null
in APPPATH\Models\WordsModel.php on line 82.
 1 APPPATH\Models\WordsModel.php(82): CodeIgniter\Debug\Exceptions->errorHandler(2, 'Trying to access array offset on value of type null', 'APPPATH\\Models\\WordsModel.php', 82)
 2 APPPATH\Controllers\Meaning.php(247): App\Models\WordsModel->insert_word([...])
 3 SYSTEMPATH\CodeIgniter.php(907): App\Controllers\Meaning->importdata()
 4 SYSTEMPATH\CodeIgniter.php(457): CodeIgniter\CodeIgniter->runController(Object(App\Controllers\Meaning))
 5 SYSTEMPATH\CodeIgniter.php(340): CodeIgniter\CodeIgniter->handleRequest(null, Object(Config\Cache), false)
 6 FCPATH\index.php(68): CodeIgniter\CodeIgniter->run()
CRITICAL - 2022-12-21 10:08:05 --> Trying to access array offset on value of type null
in APPPATH\Models\WordsModel.php on line 82.
 1 APPPATH\Models\WordsModel.php(82): CodeIgniter\Debug\Exceptions->errorHandler(2, 'Trying to access array offset on value of type null', 'APPPATH\\Models\\WordsModel.php', 82)
 2 APPPATH\Controllers\Meaning.php(248): App\Models\WordsModel->insert_word([...])
 3 SYSTEMPATH\CodeIgniter.php(907): App\Controllers\Meaning->importdata()
 4 SYSTEMPATH\CodeIgniter.php(457): CodeIgniter\CodeIgniter->runController(Object(App\Controllers\Meaning))
 5 SYSTEMPATH\CodeIgniter.php(340): CodeIgniter\CodeIgniter->handleRequest(null, Object(Config\Cache), false)
 6 FCPATH\index.php(68): CodeIgniter\CodeIgniter->run()
ERROR - 2022-12-21 10:37:37 --> mysqli_sql_exception: Unknown column 'w.wordASC' in 'order clause' in C:\xampp\htdocs\etkal\system\Database\MySQLi\Connection.php:292
Stack trace:
#0 C:\xampp\htdocs\etkal\system\Database\MySQLi\Connection.php(292): mysqli->query('SELECT COUNT(*)...', 0)
#1 C:\xampp\htdocs\etkal\system\Database\BaseConnection.php(693): CodeIgniter\Database\MySQLi\Connection->execute('SELECT COUNT(*)...')
#2 C:\xampp\htdocs\etkal\system\Database\BaseConnection.php(620): CodeIgniter\Database\BaseConnection->simpleQuery('SELECT COUNT(*)...')
#3 C:\xampp\htdocs\etkal\system\Database\BaseBuilder.php(1669): CodeIgniter\Database\BaseConnection->query('SELECT COUNT(*)...', Array, false)
#4 C:\xampp\htdocs\etkal\system\Model.php(551): CodeIgniter\Database\BaseBuilder->countAllResults(false)
#5 C:\xampp\htdocs\etkal\system\BaseModel.php(1085): CodeIgniter\Model->countAllResults(false)
#6 C:\xampp\htdocs\etkal\app\Controllers\Meaning.php(133): CodeIgniter\BaseModel->paginate(25)
#7 C:\xampp\htdocs\etkal\system\CodeIgniter.php(907): App\Controllers\Meaning->wordmeaninglist()
#8 C:\xampp\htdocs\etkal\system\CodeIgniter.php(457): CodeIgniter\CodeIgniter->runController(Object(App\Controllers\Meaning))
#9 C:\xampp\htdocs\etkal\system\CodeIgniter.php(340): CodeIgniter\CodeIgniter->handleRequest(NULL, Object(Config\Cache), false)
#10 C:\xampp\htdocs\etkal\index.php(68): CodeIgniter\CodeIgniter->run()
#11 {main}
CRITICAL - 2022-12-21 10:37:37 --> Unknown column 'w.wordASC' in 'order clause'
in SYSTEMPATH\Database\MySQLi\Connection.php on line 292.
 1 SYSTEMPATH\Database\MySQLi\Connection.php(292): mysqli->query('SELECT COUNT(*) AS `numrows`
FROM (
SELECT ROW_NUMBER() over ( order by w.wordASC) AS row_num, `w`.`word`, `w`.`pronunciation`, `w`.`accessibility`, `m`.`meaning`, `m`.`example`, `m`.`homonyms`, `m`.`part_of_speech_id`, `m`.`meaning_image`, `m`.`created_at`, `u`.`firstname`, `u`.`lastname`, `u`.`email`, `u`.`image`, `d`.`full_name`, `d`.`short_name`, `word_meaning`.`word_meaning_id`, `no_like`, `no_dislike`, sum(us.suggestion = 3) as FLAGE, `ps`.`part_of_speech`, `ps`.`abbreviation`
FROM `word_meaning`
JOIN `words` as `w` ON `word_meaning`.`word_id` = `w`.`word_id`
JOIN `meanings` AS `m` ON `word_meaning`.`meaning_id` = `m`.`meaning_id`
JOIN `users` AS `u` ON `word_meaning`.`user_id` = `u`.`user_id`
JOIN `dictionary` AS `d` ON `word_meaning`.`dictionary_id` = `d`.`dictionary_id`
LEFT JOIN `user_suggestions` AS `us` ON `word_meaning`.`word_meaning_id` = `us`.`word_meaning_id`
LEFT JOIN `parts_of_speechs` AS `ps` ON `m`.`part_of_speech_id` = `ps`.`part_of_speech_id`
WHERE `w`.`word` LIKE \'%%\' ESCAPE \'!\'
GROUP BY `m`.`meaning_id`
) CI_count_all_results', 0)
 2 SYSTEMPATH\Database\BaseConnection.php(693): CodeIgniter\Database\MySQLi\Connection->execute('SELECT COUNT(*) AS `numrows`
FROM (
SELECT ROW_NUMBER() over ( order by w.wordASC) AS row_num, `w`.`word`, `w`.`pronunciation`, `w`.`accessibility`, `m`.`meaning`, `m`.`example`, `m`.`homonyms`, `m`.`part_of_speech_id`, `m`.`meaning_image`, `m`.`created_at`, `u`.`firstname`, `u`.`lastname`, `u`.`email`, `u`.`image`, `d`.`full_name`, `d`.`short_name`, `word_meaning`.`word_meaning_id`, `no_like`, `no_dislike`, sum(us.suggestion = 3) as FLAGE, `ps`.`part_of_speech`, `ps`.`abbreviation`
FROM `word_meaning`
JOIN `words` as `w` ON `word_meaning`.`word_id` = `w`.`word_id`
JOIN `meanings` AS `m` ON `word_meaning`.`meaning_id` = `m`.`meaning_id`
JOIN `users` AS `u` ON `word_meaning`.`user_id` = `u`.`user_id`
JOIN `dictionary` AS `d` ON `word_meaning`.`dictionary_id` = `d`.`dictionary_id`
LEFT JOIN `user_suggestions` AS `us` ON `word_meaning`.`word_meaning_id` = `us`.`word_meaning_id`
LEFT JOIN `parts_of_speechs` AS `ps` ON `m`.`part_of_speech_id` = `ps`.`part_of_speech_id`
WHERE `w`.`word` LIKE \'%%\' ESCAPE \'!\'
GROUP BY `m`.`meaning_id`
) CI_count_all_results')
 3 SYSTEMPATH\Database\BaseConnection.php(620): CodeIgniter\Database\BaseConnection->simpleQuery('SELECT COUNT(*) AS `numrows`
FROM (
SELECT ROW_NUMBER() over ( order by w.wordASC) AS row_num, `w`.`word`, `w`.`pronunciation`, `w`.`accessibility`, `m`.`meaning`, `m`.`example`, `m`.`homonyms`, `m`.`part_of_speech_id`, `m`.`meaning_image`, `m`.`created_at`, `u`.`firstname`, `u`.`lastname`, `u`.`email`, `u`.`image`, `d`.`full_name`, `d`.`short_name`, `word_meaning`.`word_meaning_id`, `no_like`, `no_dislike`, sum(us.suggestion = 3) as FLAGE, `ps`.`part_of_speech`, `ps`.`abbreviation`
FROM `word_meaning`
JOIN `words` as `w` ON `word_meaning`.`word_id` = `w`.`word_id`
JOIN `meanings` AS `m` ON `word_meaning`.`meaning_id` = `m`.`meaning_id`
JOIN `users` AS `u` ON `word_meaning`.`user_id` = `u`.`user_id`
JOIN `dictionary` AS `d` ON `word_meaning`.`dictionary_id` = `d`.`dictionary_id`
LEFT JOIN `user_suggestions` AS `us` ON `word_meaning`.`word_meaning_id` = `us`.`word_meaning_id`
LEFT JOIN `parts_of_speechs` AS `ps` ON `m`.`part_of_speech_id` = `ps`.`part_of_speech_id`
WHERE `w`.`word` LIKE \'%%\' ESCAPE \'!\'
GROUP BY `m`.`meaning_id`
) CI_count_all_results')
 4 SYSTEMPATH\Database\BaseBuilder.php(1669): CodeIgniter\Database\BaseConnection->query('SELECT COUNT(*) AS `numrows`
FROM (
SELECT ROW_NUMBER() over ( order by w.wordASC) AS row_num, `w`.`word`, `w`.`pronunciation`, `w`.`accessibility`, `m`.`meaning`, `m`.`example`, `m`.`homonyms`, `m`.`part_of_speech_id`, `m`.`meaning_image`, `m`.`created_at`, `u`.`firstname`, `u`.`lastname`, `u`.`email`, `u`.`image`, `d`.`full_name`, `d`.`short_name`, `word_meaning`.`word_meaning_id`, `no_like`, `no_dislike`, sum(us.suggestion = 3) as FLAGE, `ps`.`part_of_speech`, `ps`.`abbreviation`
FROM `word_meaning`
JOIN `words` as `w` ON `word_meaning`.`word_id` = `w`.`word_id`
JOIN `meanings` AS `m` ON `word_meaning`.`meaning_id` = `m`.`meaning_id`
JOIN `users` AS `u` ON `word_meaning`.`user_id` = `u`.`user_id`
JOIN `dictionary` AS `d` ON `word_meaning`.`dictionary_id` = `d`.`dictionary_id`
LEFT JOIN `user_suggestions` AS `us` ON `word_meaning`.`word_meaning_id` = `us`.`word_meaning_id`
LEFT JOIN `parts_of_speechs` AS `ps` ON `m`.`part_of_speech_id` = `ps`.`part_of_speech_id`
WHERE `w`.`word` LIKE :w.word: ESCAPE \'!\'
GROUP BY `m`.`meaning_id`
) CI_count_all_results', [...], false)
 5 SYSTEMPATH\Model.php(551): CodeIgniter\Database\BaseBuilder->countAllResults(false)
 6 SYSTEMPATH\BaseModel.php(1085): CodeIgniter\Model->countAllResults(false)
 7 APPPATH\Controllers\Meaning.php(133): CodeIgniter\BaseModel->paginate(25)
 8 SYSTEMPATH\CodeIgniter.php(907): App\Controllers\Meaning->wordmeaninglist()
 9 SYSTEMPATH\CodeIgniter.php(457): CodeIgniter\CodeIgniter->runController(Object(App\Controllers\Meaning))
10 SYSTEMPATH\CodeIgniter.php(340): CodeIgniter\CodeIgniter->handleRequest(null, Object(Config\Cache), false)
11 FCPATH\index.php(68): CodeIgniter\CodeIgniter->run()
CRITICAL - 2022-12-21 10:38:09 --> Undefined variable $row_num
in APPPATH\Views\dictionary\wordmeaninglist.php on line 38.
 1 APPPATH\Views\dictionary\wordmeaninglist.php(38): CodeIgniter\Debug\Exceptions->errorHandler(2, 'Undefined variable $row_num', 'APPPATH\\Views\\dictionary\\wordmeaninglist.php', 38)
 2 SYSTEMPATH\View\View.php(213): include('APPPATH\\Views\\dictionary\\wordmeaninglist.php')
 3 SYSTEMPATH\View\View.php(216): CodeIgniter\View\View->CodeIgniter\View\{closure}()
 4 SYSTEMPATH\Common.php(1142): CodeIgniter\View\View->render('dictionary/wordmeaninglist', [], true)
 5 APPPATH\Controllers\Meaning.php(142): view('dictionary/wordmeaninglist', [...])
 6 SYSTEMPATH\CodeIgniter.php(907): App\Controllers\Meaning->wordmeaninglist()
 7 SYSTEMPATH\CodeIgniter.php(457): CodeIgniter\CodeIgniter->runController(Object(App\Controllers\Meaning))
 8 SYSTEMPATH\CodeIgniter.php(340): CodeIgniter\CodeIgniter->handleRequest(null, Object(Config\Cache), false)
 9 FCPATH\index.php(68): CodeIgniter\CodeIgniter->run()
CRITICAL - 2022-12-21 11:07:04 --> count(): Argument #1 ($value) must be of type Countable|array, CodeIgniter\Pager\Pager given
in APPPATH\Views\search\search.php on line 123.
 1 SYSTEMPATH\View\View.php(213): include()
 2 SYSTEMPATH\View\View.php(216): CodeIgniter\View\View->CodeIgniter\View\{closure}()
 3 SYSTEMPATH\Common.php(1142): CodeIgniter\View\View->render('search/search', [], true)
 4 APPPATH\Controllers\Search.php(36): view('search/search', [...])
 5 SYSTEMPATH\CodeIgniter.php(907): App\Controllers\Search->index()
 6 SYSTEMPATH\CodeIgniter.php(457): CodeIgniter\CodeIgniter->runController(Object(App\Controllers\Search))
 7 SYSTEMPATH\CodeIgniter.php(340): CodeIgniter\CodeIgniter->handleRequest(null, Object(Config\Cache), false)
 8 FCPATH\index.php(68): CodeIgniter\CodeIgniter->run()
CRITICAL - 2022-12-21 11:21:00 --> Trying to access array offset on value of type null
in APPPATH\Models\WordsModel.php on line 82.
 1 APPPATH\Models\WordsModel.php(82): CodeIgniter\Debug\Exceptions->errorHandler(2, 'Trying to access array offset on value of type null', 'APPPATH\\Models\\WordsModel.php', 82)
 2 APPPATH\Controllers\Meaning.php(248): App\Models\WordsModel->insert_word([...])
 3 SYSTEMPATH\CodeIgniter.php(907): App\Controllers\Meaning->importdata()
 4 SYSTEMPATH\CodeIgniter.php(457): CodeIgniter\CodeIgniter->runController(Object(App\Controllers\Meaning))
 5 SYSTEMPATH\CodeIgniter.php(340): CodeIgniter\CodeIgniter->handleRequest(null, Object(Config\Cache), false)
 6 FCPATH\index.php(68): CodeIgniter\CodeIgniter->run()
