ERROR - 2023-02-19 07:52:39 --> mysqli_sql_exception: Not unique table/alias: 'word_meaning' in C:\xampp\htdocs\etkal\system\Database\MySQLi\Connection.php:292
Stack trace:
#0 C:\xampp\htdocs\etkal\system\Database\MySQLi\Connection.php(292): mysqli->query('SELECT COUNT(*)...', 0)
#1 C:\xampp\htdocs\etkal\system\Database\BaseConnection.php(693): CodeIgniter\Database\MySQLi\Connection->execute('SELECT COUNT(*)...')
#2 C:\xampp\htdocs\etkal\system\Database\BaseConnection.php(620): CodeIgniter\Database\BaseConnection->simpleQuery('SELECT COUNT(*)...')
#3 C:\xampp\htdocs\etkal\system\Database\BaseBuilder.php(1669): CodeIgniter\Database\BaseConnection->query('SELECT COUNT(*)...', Array, false)
#4 C:\xampp\htdocs\etkal\system\Model.php(551): CodeIgniter\Database\BaseBuilder->countAllResults(false)
#5 C:\xampp\htdocs\etkal\system\BaseModel.php(1085): CodeIgniter\Model->countAllResults(false)
#6 C:\xampp\htdocs\etkal\app\Controllers\Search.php(34): CodeIgniter\BaseModel->paginate(10)
#7 C:\xampp\htdocs\etkal\system\CodeIgniter.php(907): App\Controllers\Search->index()
#8 C:\xampp\htdocs\etkal\system\CodeIgniter.php(457): CodeIgniter\CodeIgniter->runController(Object(App\Controllers\Search))
#9 C:\xampp\htdocs\etkal\system\CodeIgniter.php(340): CodeIgniter\CodeIgniter->handleRequest(NULL, Object(Config\Cache), false)
#10 C:\xampp\htdocs\etkal\index.php(68): CodeIgniter\CodeIgniter->run()
#11 {main}
CRITICAL - 2023-02-19 07:52:39 --> Not unique table/alias: 'word_meaning'
in SYSTEMPATH\Database\MySQLi\Connection.php on line 292.
 1 SYSTEMPATH\Database\MySQLi\Connection.php(292): mysqli->query('SELECT COUNT(*) AS `numrows`
FROM (
SELECT ROW_NUMBER() over ( order by w.word ASC) AS row_num, `w`.`word_id`, `w`.`word`, `w`.`pronunciation`, `w`.`accessibility`, `m`.`meaning`, `m`.`example`, `m`.`homonyms`, `m`.`part_of_speech_id`, `m`.`meaning_image`, `m`.`created_at`, `u`.`firstname`, `u`.`lastname`, `u`.`email`, `u`.`image`, `d`.`full_name`, `d`.`short_name`, `word_meaning`.`word_meaning_id`, `num_like`, `num_dislike`, `ps`.`part_of_speech`, `ps`.`abbreviation`
FROM (`word_meaning`, `word_meaning`)
JOIN `words` as `w` ON `word_meaning`.`word_id` = `w`.`word_id`
JOIN `meanings` AS `m` ON `word_meaning`.`meaning_id` = `m`.`meaning_id`
JOIN `users` AS `u` ON `word_meaning`.`user_id` = `u`.`user_id`
JOIN `dictionary` AS `d` ON `word_meaning`.`dictionary_id` = `d`.`dictionary_id`
LEFT JOIN `parts_of_speechs` AS `ps` ON `m`.`part_of_speech_id` = `ps`.`part_of_speech_id`
WHERE `d`.`flag` <= 3
GROUP BY `w`.`word`
) CI_count_all_results', 0)
 2 SYSTEMPATH\Database\BaseConnection.php(693): CodeIgniter\Database\MySQLi\Connection->execute('SELECT COUNT(*) AS `numrows`
FROM (
SELECT ROW_NUMBER() over ( order by w.word ASC) AS row_num, `w`.`word_id`, `w`.`word`, `w`.`pronunciation`, `w`.`accessibility`, `m`.`meaning`, `m`.`example`, `m`.`homonyms`, `m`.`part_of_speech_id`, `m`.`meaning_image`, `m`.`created_at`, `u`.`firstname`, `u`.`lastname`, `u`.`email`, `u`.`image`, `d`.`full_name`, `d`.`short_name`, `word_meaning`.`word_meaning_id`, `num_like`, `num_dislike`, `ps`.`part_of_speech`, `ps`.`abbreviation`
FROM (`word_meaning`, `word_meaning`)
JOIN `words` as `w` ON `word_meaning`.`word_id` = `w`.`word_id`
JOIN `meanings` AS `m` ON `word_meaning`.`meaning_id` = `m`.`meaning_id`
JOIN `users` AS `u` ON `word_meaning`.`user_id` = `u`.`user_id`
JOIN `dictionary` AS `d` ON `word_meaning`.`dictionary_id` = `d`.`dictionary_id`
LEFT JOIN `parts_of_speechs` AS `ps` ON `m`.`part_of_speech_id` = `ps`.`part_of_speech_id`
WHERE `d`.`flag` <= 3
GROUP BY `w`.`word`
) CI_count_all_results')
 3 SYSTEMPATH\Database\BaseConnection.php(620): CodeIgniter\Database\BaseConnection->simpleQuery('SELECT COUNT(*) AS `numrows`
FROM (
SELECT ROW_NUMBER() over ( order by w.word ASC) AS row_num, `w`.`word_id`, `w`.`word`, `w`.`pronunciation`, `w`.`accessibility`, `m`.`meaning`, `m`.`example`, `m`.`homonyms`, `m`.`part_of_speech_id`, `m`.`meaning_image`, `m`.`created_at`, `u`.`firstname`, `u`.`lastname`, `u`.`email`, `u`.`image`, `d`.`full_name`, `d`.`short_name`, `word_meaning`.`word_meaning_id`, `num_like`, `num_dislike`, `ps`.`part_of_speech`, `ps`.`abbreviation`
FROM (`word_meaning`, `word_meaning`)
JOIN `words` as `w` ON `word_meaning`.`word_id` = `w`.`word_id`
JOIN `meanings` AS `m` ON `word_meaning`.`meaning_id` = `m`.`meaning_id`
JOIN `users` AS `u` ON `word_meaning`.`user_id` = `u`.`user_id`
JOIN `dictionary` AS `d` ON `word_meaning`.`dictionary_id` = `d`.`dictionary_id`
LEFT JOIN `parts_of_speechs` AS `ps` ON `m`.`part_of_speech_id` = `ps`.`part_of_speech_id`
WHERE `d`.`flag` <= 3
GROUP BY `w`.`word`
) CI_count_all_results')
 4 SYSTEMPATH\Database\BaseBuilder.php(1669): CodeIgniter\Database\BaseConnection->query('SELECT COUNT(*) AS `numrows`
FROM (
SELECT ROW_NUMBER() over ( order by w.word ASC) AS row_num, `w`.`word_id`, `w`.`word`, `w`.`pronunciation`, `w`.`accessibility`, `m`.`meaning`, `m`.`example`, `m`.`homonyms`, `m`.`part_of_speech_id`, `m`.`meaning_image`, `m`.`created_at`, `u`.`firstname`, `u`.`lastname`, `u`.`email`, `u`.`image`, `d`.`full_name`, `d`.`short_name`, `word_meaning`.`word_meaning_id`, `num_like`, `num_dislike`, `ps`.`part_of_speech`, `ps`.`abbreviation`
FROM (`word_meaning`, `word_meaning`)
JOIN `words` as `w` ON `word_meaning`.`word_id` = `w`.`word_id`
JOIN `meanings` AS `m` ON `word_meaning`.`meaning_id` = `m`.`meaning_id`
JOIN `users` AS `u` ON `word_meaning`.`user_id` = `u`.`user_id`
JOIN `dictionary` AS `d` ON `word_meaning`.`dictionary_id` = `d`.`dictionary_id`
LEFT JOIN `parts_of_speechs` AS `ps` ON `m`.`part_of_speech_id` = `ps`.`part_of_speech_id`
WHERE `d`.`flag` <= :d.flag:
GROUP BY `w`.`word`
) CI_count_all_results', [...], false)
 5 SYSTEMPATH\Model.php(551): CodeIgniter\Database\BaseBuilder->countAllResults(false)
 6 SYSTEMPATH\BaseModel.php(1085): CodeIgniter\Model->countAllResults(false)
 7 APPPATH\Controllers\Search.php(34): CodeIgniter\BaseModel->paginate(10)
 8 SYSTEMPATH\CodeIgniter.php(907): App\Controllers\Search->index()
 9 SYSTEMPATH\CodeIgniter.php(457): CodeIgniter\CodeIgniter->runController(Object(App\Controllers\Search))
10 SYSTEMPATH\CodeIgniter.php(340): CodeIgniter\CodeIgniter->handleRequest(null, Object(Config\Cache), false)
11 FCPATH\index.php(68): CodeIgniter\CodeIgniter->run()
ERROR - 2023-02-19 07:55:26 --> mysqli_sql_exception: Unknown column 'wm.word_meaning_id' in 'field list' in C:\xampp\htdocs\etkal\system\Database\MySQLi\Connection.php:292
Stack trace:
#0 C:\xampp\htdocs\etkal\system\Database\MySQLi\Connection.php(292): mysqli->query('SELECT ROW_NUMB...', 0)
#1 C:\xampp\htdocs\etkal\system\Database\BaseConnection.php(693): CodeIgniter\Database\MySQLi\Connection->execute('SELECT ROW_NUMB...')
#2 C:\xampp\htdocs\etkal\system\Database\BaseConnection.php(620): CodeIgniter\Database\BaseConnection->simpleQuery('SELECT ROW_NUMB...')
#3 C:\xampp\htdocs\etkal\system\Database\BaseBuilder.php(1585): CodeIgniter\Database\BaseConnection->query('SELECT ROW_NUMB...', Array, false)
#4 C:\xampp\htdocs\etkal\system\Model.php(772): CodeIgniter\Database\BaseBuilder->get()
#5 C:\xampp\htdocs\etkal\app\Controllers\Search.php(81): CodeIgniter\Model->__call('get', Array)
#6 C:\xampp\htdocs\etkal\app\Controllers\Search.php(64): App\Controllers\Search->find_word(Array)
#7 C:\xampp\htdocs\etkal\system\CodeIgniter.php(907): App\Controllers\Search->searchword()
#8 C:\xampp\htdocs\etkal\system\CodeIgniter.php(457): CodeIgniter\CodeIgniter->runController(Object(App\Controllers\Search))
#9 C:\xampp\htdocs\etkal\system\CodeIgniter.php(340): CodeIgniter\CodeIgniter->handleRequest(NULL, Object(Config\Cache), false)
#10 C:\xampp\htdocs\etkal\index.php(68): CodeIgniter\CodeIgniter->run()
#11 {main}
CRITICAL - 2023-02-19 07:55:26 --> Unknown column 'wm.word_meaning_id' in 'field list'
in SYSTEMPATH\Database\MySQLi\Connection.php on line 292.
 1 SYSTEMPATH\Database\MySQLi\Connection.php(292): mysqli->query('SELECT ROW_NUMBER() over ( order by w.word ASC) AS row_num, `w`.`word_id`, `w`.`word`, `w`.`pronunciation`, `w`.`accessibility`, `m`.`meaning`, `m`.`example`, `m`.`homonyms`, `m`.`part_of_speech_id`, `m`.`meaning_image`, `m`.`created_at`, `u`.`firstname`, `u`.`lastname`, `u`.`email`, `u`.`image`, `d`.`full_name`, `d`.`short_name`, `wm`.`word_meaning_id`, `num_like`, `num_dislike`, `ps`.`part_of_speech`, `ps`.`abbreviation`
FROM `word_meaning`
JOIN `words` as `w` ON `wm`.`word_id` = `w`.`word_id`
JOIN `meanings` AS `m` ON `wm`.`meaning_id` = `m`.`meaning_id`
JOIN `users` AS `u` ON `wm`.`user_id` = `u`.`user_id`
JOIN `dictionary` AS `d` ON `wm`.`dictionary_id` = `d`.`dictionary_id`
LEFT JOIN `parts_of_speechs` AS `ps` ON `m`.`part_of_speech_id` = `ps`.`part_of_speech_id`
WHERE `w`.`word` = \'መለከ\'
AND `d`.`flag` <= 3
GROUP BY `word_meaning`.`word_meaning_id`
ORDER BY RAND()', 0)
 2 SYSTEMPATH\Database\BaseConnection.php(693): CodeIgniter\Database\MySQLi\Connection->execute('SELECT ROW_NUMBER() over ( order by w.word ASC) AS row_num, `w`.`word_id`, `w`.`word`, `w`.`pronunciation`, `w`.`accessibility`, `m`.`meaning`, `m`.`example`, `m`.`homonyms`, `m`.`part_of_speech_id`, `m`.`meaning_image`, `m`.`created_at`, `u`.`firstname`, `u`.`lastname`, `u`.`email`, `u`.`image`, `d`.`full_name`, `d`.`short_name`, `wm`.`word_meaning_id`, `num_like`, `num_dislike`, `ps`.`part_of_speech`, `ps`.`abbreviation`
FROM `word_meaning`
JOIN `words` as `w` ON `wm`.`word_id` = `w`.`word_id`
JOIN `meanings` AS `m` ON `wm`.`meaning_id` = `m`.`meaning_id`
JOIN `users` AS `u` ON `wm`.`user_id` = `u`.`user_id`
JOIN `dictionary` AS `d` ON `wm`.`dictionary_id` = `d`.`dictionary_id`
LEFT JOIN `parts_of_speechs` AS `ps` ON `m`.`part_of_speech_id` = `ps`.`part_of_speech_id`
WHERE `w`.`word` = \'መለከ\'
AND `d`.`flag` <= 3
GROUP BY `word_meaning`.`word_meaning_id`
ORDER BY RAND()')
 3 SYSTEMPATH\Database\BaseConnection.php(620): CodeIgniter\Database\BaseConnection->simpleQuery('SELECT ROW_NUMBER() over ( order by w.word ASC) AS row_num, `w`.`word_id`, `w`.`word`, `w`.`pronunciation`, `w`.`accessibility`, `m`.`meaning`, `m`.`example`, `m`.`homonyms`, `m`.`part_of_speech_id`, `m`.`meaning_image`, `m`.`created_at`, `u`.`firstname`, `u`.`lastname`, `u`.`email`, `u`.`image`, `d`.`full_name`, `d`.`short_name`, `wm`.`word_meaning_id`, `num_like`, `num_dislike`, `ps`.`part_of_speech`, `ps`.`abbreviation`
FROM `word_meaning`
JOIN `words` as `w` ON `wm`.`word_id` = `w`.`word_id`
JOIN `meanings` AS `m` ON `wm`.`meaning_id` = `m`.`meaning_id`
JOIN `users` AS `u` ON `wm`.`user_id` = `u`.`user_id`
JOIN `dictionary` AS `d` ON `wm`.`dictionary_id` = `d`.`dictionary_id`
LEFT JOIN `parts_of_speechs` AS `ps` ON `m`.`part_of_speech_id` = `ps`.`part_of_speech_id`
WHERE `w`.`word` = \'መለከ\'
AND `d`.`flag` <= 3
GROUP BY `word_meaning`.`word_meaning_id`
ORDER BY RAND()')
 4 SYSTEMPATH\Database\BaseBuilder.php(1585): CodeIgniter\Database\BaseConnection->query('SELECT ROW_NUMBER() over ( order by w.word ASC) AS row_num, `w`.`word_id`, `w`.`word`, `w`.`pronunciation`, `w`.`accessibility`, `m`.`meaning`, `m`.`example`, `m`.`homonyms`, `m`.`part_of_speech_id`, `m`.`meaning_image`, `m`.`created_at`, `u`.`firstname`, `u`.`lastname`, `u`.`email`, `u`.`image`, `d`.`full_name`, `d`.`short_name`, `wm`.`word_meaning_id`, `num_like`, `num_dislike`, `ps`.`part_of_speech`, `ps`.`abbreviation`
FROM `word_meaning`
JOIN `words` as `w` ON `wm`.`word_id` = `w`.`word_id`
JOIN `meanings` AS `m` ON `wm`.`meaning_id` = `m`.`meaning_id`
JOIN `users` AS `u` ON `wm`.`user_id` = `u`.`user_id`
JOIN `dictionary` AS `d` ON `wm`.`dictionary_id` = `d`.`dictionary_id`
LEFT JOIN `parts_of_speechs` AS `ps` ON `m`.`part_of_speech_id` = `ps`.`part_of_speech_id`
WHERE `w`.`word` = :w.word:
AND `d`.`flag` <= :d.flag:
GROUP BY `word_meaning`.`word_meaning_id`
ORDER BY RAND()', [...], false)
 5 SYSTEMPATH\Model.php(772): CodeIgniter\Database\BaseBuilder->get()
 6 APPPATH\Controllers\Search.php(81): CodeIgniter\Model->__call('get', [])
 7 APPPATH\Controllers\Search.php(64): App\Controllers\Search->find_word([...])
 8 SYSTEMPATH\CodeIgniter.php(907): App\Controllers\Search->searchword()
 9 SYSTEMPATH\CodeIgniter.php(457): CodeIgniter\CodeIgniter->runController(Object(App\Controllers\Search))
10 SYSTEMPATH\CodeIgniter.php(340): CodeIgniter\CodeIgniter->handleRequest(null, Object(Config\Cache), false)
11 FCPATH\index.php(68): CodeIgniter\CodeIgniter->run()
ERROR - 2023-02-19 19:43:25 --> mysqli_sql_exception: Unknown column 'wm.comment_page_no' in 'field list' in C:\xampp\htdocs\etkal\system\Database\MySQLi\Connection.php:292
Stack trace:
#0 C:\xampp\htdocs\etkal\system\Database\MySQLi\Connection.php(292): mysqli->query('SELECT ROW_NUMB...', 0)
#1 C:\xampp\htdocs\etkal\system\Database\BaseConnection.php(693): CodeIgniter\Database\MySQLi\Connection->execute('SELECT ROW_NUMB...')
#2 C:\xampp\htdocs\etkal\system\Database\BaseConnection.php(620): CodeIgniter\Database\BaseConnection->simpleQuery('SELECT ROW_NUMB...')
#3 C:\xampp\htdocs\etkal\system\Database\BaseBuilder.php(1585): CodeIgniter\Database\BaseConnection->query('SELECT ROW_NUMB...', Array, false)
#4 C:\xampp\htdocs\etkal\system\Model.php(772): CodeIgniter\Database\BaseBuilder->get()
#5 C:\xampp\htdocs\etkal\app\Models\WordsModel.php(86): CodeIgniter\Model->__call('get', Array)
#6 C:\xampp\htdocs\etkal\app\Controllers\EditMeaning.php(173): App\Models\WordsModel->getword('1')
#7 C:\xampp\htdocs\etkal\app\Controllers\EditMeaning.php(34): App\Controllers\EditMeaning->edit_page('1', false)
#8 C:\xampp\htdocs\etkal\system\CodeIgniter.php(907): App\Controllers\EditMeaning->edit('1')
#9 C:\xampp\htdocs\etkal\system\CodeIgniter.php(457): CodeIgniter\CodeIgniter->runController(Object(App\Controllers\EditMeaning))
#10 C:\xampp\htdocs\etkal\system\CodeIgniter.php(340): CodeIgniter\CodeIgniter->handleRequest(NULL, Object(Config\Cache), false)
#11 C:\xampp\htdocs\etkal\index.php(68): CodeIgniter\CodeIgniter->run()
#12 {main}
CRITICAL - 2023-02-19 19:43:25 --> Unknown column 'wm.comment_page_no' in 'field list'
in SYSTEMPATH\Database\MySQLi\Connection.php on line 292.
 1 SYSTEMPATH\Database\MySQLi\Connection.php(292): mysqli->query('SELECT ROW_NUMBER() over ( order by words.word_id ASC) AS row_num, `words`.*, `words`.`Language_id` AS `languagefrom_id`, `m`.*, `m`.`language_id` AS `languageto_id`, `m`.`flag` AS `mflag`, `ps`.`abbreviation`, `wm`.`word_meaning_id`, `wm`.`user_id`, `wm`.`dictionary_id`, `wm`.`comment_page_no`, `wm`.`num_like`, `wm`.`num_dislike`, `wm`.`user_report`, `d`.`short_name`
FROM `words`
JOIN `word_meaning` as `wm` ON `words`.`word_id` = `wm`.`word_id`
JOIN `meanings` AS `m` ON `wm`.`meaning_id` = `m`.`meaning_id`
JOIN `dictionary` AS `d` ON `wm`.`dictionary_id` = `d`.`dictionary_id`
LEFT JOIN `parts_of_speechs` AS `ps` ON `m`.`part_of_speech_id` = `ps`.`part_of_speech_id`
WHERE `words`.`word_id` = \'1\'', 0)
 2 SYSTEMPATH\Database\BaseConnection.php(693): CodeIgniter\Database\MySQLi\Connection->execute('SELECT ROW_NUMBER() over ( order by words.word_id ASC) AS row_num, `words`.*, `words`.`Language_id` AS `languagefrom_id`, `m`.*, `m`.`language_id` AS `languageto_id`, `m`.`flag` AS `mflag`, `ps`.`abbreviation`, `wm`.`word_meaning_id`, `wm`.`user_id`, `wm`.`dictionary_id`, `wm`.`comment_page_no`, `wm`.`num_like`, `wm`.`num_dislike`, `wm`.`user_report`, `d`.`short_name`
FROM `words`
JOIN `word_meaning` as `wm` ON `words`.`word_id` = `wm`.`word_id`
JOIN `meanings` AS `m` ON `wm`.`meaning_id` = `m`.`meaning_id`
JOIN `dictionary` AS `d` ON `wm`.`dictionary_id` = `d`.`dictionary_id`
LEFT JOIN `parts_of_speechs` AS `ps` ON `m`.`part_of_speech_id` = `ps`.`part_of_speech_id`
WHERE `words`.`word_id` = \'1\'')
 3 SYSTEMPATH\Database\BaseConnection.php(620): CodeIgniter\Database\BaseConnection->simpleQuery('SELECT ROW_NUMBER() over ( order by words.word_id ASC) AS row_num, `words`.*, `words`.`Language_id` AS `languagefrom_id`, `m`.*, `m`.`language_id` AS `languageto_id`, `m`.`flag` AS `mflag`, `ps`.`abbreviation`, `wm`.`word_meaning_id`, `wm`.`user_id`, `wm`.`dictionary_id`, `wm`.`comment_page_no`, `wm`.`num_like`, `wm`.`num_dislike`, `wm`.`user_report`, `d`.`short_name`
FROM `words`
JOIN `word_meaning` as `wm` ON `words`.`word_id` = `wm`.`word_id`
JOIN `meanings` AS `m` ON `wm`.`meaning_id` = `m`.`meaning_id`
JOIN `dictionary` AS `d` ON `wm`.`dictionary_id` = `d`.`dictionary_id`
LEFT JOIN `parts_of_speechs` AS `ps` ON `m`.`part_of_speech_id` = `ps`.`part_of_speech_id`
WHERE `words`.`word_id` = \'1\'')
 4 SYSTEMPATH\Database\BaseBuilder.php(1585): CodeIgniter\Database\BaseConnection->query('SELECT ROW_NUMBER() over ( order by words.word_id ASC) AS row_num, `words`.*, `words`.`Language_id` AS `languagefrom_id`, `m`.*, `m`.`language_id` AS `languageto_id`, `m`.`flag` AS `mflag`, `ps`.`abbreviation`, `wm`.`word_meaning_id`, `wm`.`user_id`, `wm`.`dictionary_id`, `wm`.`comment_page_no`, `wm`.`num_like`, `wm`.`num_dislike`, `wm`.`user_report`, `d`.`short_name`
FROM `words`
JOIN `word_meaning` as `wm` ON `words`.`word_id` = `wm`.`word_id`
JOIN `meanings` AS `m` ON `wm`.`meaning_id` = `m`.`meaning_id`
JOIN `dictionary` AS `d` ON `wm`.`dictionary_id` = `d`.`dictionary_id`
LEFT JOIN `parts_of_speechs` AS `ps` ON `m`.`part_of_speech_id` = `ps`.`part_of_speech_id`
WHERE `words`.`word_id` = :words.word_id:', [...], false)
 5 SYSTEMPATH\Model.php(772): CodeIgniter\Database\BaseBuilder->get()
 6 APPPATH\Models\WordsModel.php(86): CodeIgniter\Model->__call('get', [])
 7 APPPATH\Controllers\EditMeaning.php(173): App\Models\WordsModel->getword('1')
 8 APPPATH\Controllers\EditMeaning.php(34): App\Controllers\EditMeaning->edit_page('1', false)
 9 SYSTEMPATH\CodeIgniter.php(907): App\Controllers\EditMeaning->edit('1')
10 SYSTEMPATH\CodeIgniter.php(457): CodeIgniter\CodeIgniter->runController(Object(App\Controllers\EditMeaning))
11 SYSTEMPATH\CodeIgniter.php(340): CodeIgniter\CodeIgniter->handleRequest(null, Object(Config\Cache), false)
12 FCPATH\index.php(68): CodeIgniter\CodeIgniter->run()
