CRITICAL - 2022-10-03 14:35:30 --> Undefined variable $validation
in APPPATH\Views\login\login.php on line 13.
 1 APPPATH\Views\login\login.php(13): CodeIgniter\Debug\Exceptions->errorHandler(2, 'Undefined variable $validation', 'APPPATH\\Views\\login\\login.php', 13)
 2 SYSTEMPATH\View\View.php(213): include('APPPATH\\Views\\login\\login.php')
 3 SYSTEMPATH\View\View.php(216): CodeIgniter\View\View->CodeIgniter\View\{closure}()
 4 SYSTEMPATH\Common.php(1142): CodeIgniter\View\View->render('login/login', [], true)
 5 APPPATH\Controllers\User.php(35): view('login/login')
 6 SYSTEMPATH\CodeIgniter.php(907): App\Controllers\User->index()
 7 SYSTEMPATH\CodeIgniter.php(457): CodeIgniter\CodeIgniter->runController(Object(App\Controllers\User))
 8 SYSTEMPATH\CodeIgniter.php(340): CodeIgniter\CodeIgniter->handleRequest(null, Object(Config\Cache), false)
 9 FCPATH\index.php(67): CodeIgniter\CodeIgniter->run()
CRITICAL - 2022-10-03 14:41:07 --> Undefined variable $validation
in APPPATH\Views\login\login.php on line 13.
 1 APPPATH\Views\login\login.php(13): CodeIgniter\Debug\Exceptions->errorHandler(2, 'Undefined variable $validation', 'APPPATH\\Views\\login\\login.php', 13)
 2 SYSTEMPATH\View\View.php(213): include('APPPATH\\Views\\login\\login.php')
 3 SYSTEMPATH\View\View.php(216): CodeIgniter\View\View->CodeIgniter\View\{closure}()
 4 SYSTEMPATH\Common.php(1142): CodeIgniter\View\View->render('login/login', [], true)
 5 APPPATH\Controllers\User.php(35): view('login/login')
 6 SYSTEMPATH\CodeIgniter.php(907): App\Controllers\User->index()
 7 SYSTEMPATH\CodeIgniter.php(457): CodeIgniter\CodeIgniter->runController(Object(App\Controllers\User))
 8 SYSTEMPATH\CodeIgniter.php(340): CodeIgniter\CodeIgniter->handleRequest(null, Object(Config\Cache), false)
 9 FCPATH\index.php(67): CodeIgniter\CodeIgniter->run()
CRITICAL - 2022-10-03 14:41:18 --> Undefined variable $validation
in APPPATH\Views\login\login.php on line 13.
 1 APPPATH\Views\login\login.php(13): CodeIgniter\Debug\Exceptions->errorHandler(2, 'Undefined variable $validation', 'APPPATH\\Views\\login\\login.php', 13)
 2 SYSTEMPATH\View\View.php(213): include('APPPATH\\Views\\login\\login.php')
 3 SYSTEMPATH\View\View.php(216): CodeIgniter\View\View->CodeIgniter\View\{closure}()
 4 SYSTEMPATH\Common.php(1142): CodeIgniter\View\View->render('login/login', [], true)
 5 APPPATH\Controllers\User.php(35): view('login/login')
 6 SYSTEMPATH\CodeIgniter.php(907): App\Controllers\User->index()
 7 SYSTEMPATH\CodeIgniter.php(457): CodeIgniter\CodeIgniter->runController(Object(App\Controllers\User))
 8 SYSTEMPATH\CodeIgniter.php(340): CodeIgniter\CodeIgniter->handleRequest(null, Object(Config\Cache), false)
 9 FCPATH\index.php(67): CodeIgniter\CodeIgniter->run()
CRITICAL - 2022-10-03 20:22:01 --> Call to undefined method CodeIgniter\Session\Session::sess_destroy()
in APPPATH\Controllers\User.php on line 63.
 1 SYSTEMPATH\CodeIgniter.php(907): App\Controllers\User->signout()
 2 SYSTEMPATH\CodeIgniter.php(457): CodeIgniter\CodeIgniter->runController(Object(App\Controllers\User))
 3 SYSTEMPATH\CodeIgniter.php(340): CodeIgniter\CodeIgniter->handleRequest(null, Object(Config\Cache), false)
 4 FCPATH\index.php(67): CodeIgniter\CodeIgniter->run()
CRITICAL - 2022-10-03 20:23:28 --> Call to undefined method CodeIgniter\Session\Session::sess_destroy()
in APPPATH\Controllers\User.php on line 63.
 1 SYSTEMPATH\CodeIgniter.php(907): App\Controllers\User->signout()
 2 SYSTEMPATH\CodeIgniter.php(457): CodeIgniter\CodeIgniter->runController(Object(App\Controllers\User))
 3 SYSTEMPATH\CodeIgniter.php(340): CodeIgniter\CodeIgniter->handleRequest(null, Object(Config\Cache), false)
 4 FCPATH\index.php(67): CodeIgniter\CodeIgniter->run()
CRITICAL - 2022-10-03 20:23:29 --> Call to undefined method CodeIgniter\Session\Session::sess_destroy()
in APPPATH\Controllers\User.php on line 63.
 1 SYSTEMPATH\CodeIgniter.php(907): App\Controllers\User->signout()
 2 SYSTEMPATH\CodeIgniter.php(457): CodeIgniter\CodeIgniter->runController(Object(App\Controllers\User))
 3 SYSTEMPATH\CodeIgniter.php(340): CodeIgniter\CodeIgniter->handleRequest(null, Object(Config\Cache), false)
 4 FCPATH\index.php(67): CodeIgniter\CodeIgniter->run()
CRITICAL - 2022-10-03 20:28:23 --> Call to undefined method CodeIgniter\Session\Session::sess_destroy()
in APPPATH\Controllers\User.php on line 63.
 1 SYSTEMPATH\CodeIgniter.php(907): App\Controllers\User->signout()
 2 SYSTEMPATH\CodeIgniter.php(457): CodeIgniter\CodeIgniter->runController(Object(App\Controllers\User))
 3 SYSTEMPATH\CodeIgniter.php(340): CodeIgniter\CodeIgniter->handleRequest(null, Object(Config\Cache), false)
 4 FCPATH\index.php(67): CodeIgniter\CodeIgniter->run()
CRITICAL - 2022-10-03 20:29:54 --> Undefined variable $validation
in APPPATH\Views\login\login.php on line 13.
 1 APPPATH\Views\login\login.php(13): CodeIgniter\Debug\Exceptions->errorHandler(2, 'Undefined variable $validation', 'APPPATH\\Views\\login\\login.php', 13)
 2 SYSTEMPATH\View\View.php(213): include('APPPATH\\Views\\login\\login.php')
 3 SYSTEMPATH\View\View.php(216): CodeIgniter\View\View->CodeIgniter\View\{closure}()
 4 SYSTEMPATH\Common.php(1142): CodeIgniter\View\View->render('login/login', [], true)
 5 APPPATH\Controllers\User.php(65): view('login/login')
 6 SYSTEMPATH\CodeIgniter.php(907): App\Controllers\User->signout()
 7 SYSTEMPATH\CodeIgniter.php(457): CodeIgniter\CodeIgniter->runController(Object(App\Controllers\User))
 8 SYSTEMPATH\CodeIgniter.php(340): CodeIgniter\CodeIgniter->handleRequest(null, Object(Config\Cache), false)
 9 FCPATH\index.php(67): CodeIgniter\CodeIgniter->run()
CRITICAL - 2022-10-03 20:29:55 --> Undefined variable $validation
in APPPATH\Views\login\login.php on line 13.
 1 APPPATH\Views\login\login.php(13): CodeIgniter\Debug\Exceptions->errorHandler(2, 'Undefined variable $validation', 'APPPATH\\Views\\login\\login.php', 13)
 2 SYSTEMPATH\View\View.php(213): include('APPPATH\\Views\\login\\login.php')
 3 SYSTEMPATH\View\View.php(216): CodeIgniter\View\View->CodeIgniter\View\{closure}()
 4 SYSTEMPATH\Common.php(1142): CodeIgniter\View\View->render('login/login', [], true)
 5 APPPATH\Controllers\User.php(65): view('login/login')
 6 SYSTEMPATH\CodeIgniter.php(907): App\Controllers\User->signout()
 7 SYSTEMPATH\CodeIgniter.php(457): CodeIgniter\CodeIgniter->runController(Object(App\Controllers\User))
 8 SYSTEMPATH\CodeIgniter.php(340): CodeIgniter\CodeIgniter->handleRequest(null, Object(Config\Cache), false)
 9 FCPATH\index.php(67): CodeIgniter\CodeIgniter->run()
CRITICAL - 2022-10-03 20:29:55 --> Undefined variable $validation
in APPPATH\Views\login\login.php on line 13.
 1 APPPATH\Views\login\login.php(13): CodeIgniter\Debug\Exceptions->errorHandler(2, 'Undefined variable $validation', 'APPPATH\\Views\\login\\login.php', 13)
 2 SYSTEMPATH\View\View.php(213): include('APPPATH\\Views\\login\\login.php')
 3 SYSTEMPATH\View\View.php(216): CodeIgniter\View\View->CodeIgniter\View\{closure}()
 4 SYSTEMPATH\Common.php(1142): CodeIgniter\View\View->render('login/login', [], true)
 5 APPPATH\Controllers\User.php(65): view('login/login')
 6 SYSTEMPATH\CodeIgniter.php(907): App\Controllers\User->signout()
 7 SYSTEMPATH\CodeIgniter.php(457): CodeIgniter\CodeIgniter->runController(Object(App\Controllers\User))
 8 SYSTEMPATH\CodeIgniter.php(340): CodeIgniter\CodeIgniter->handleRequest(null, Object(Config\Cache), false)
 9 FCPATH\index.php(67): CodeIgniter\CodeIgniter->run()
CRITICAL - 2022-10-03 20:29:55 --> Undefined variable $validation
in APPPATH\Views\login\login.php on line 13.
 1 APPPATH\Views\login\login.php(13): CodeIgniter\Debug\Exceptions->errorHandler(2, 'Undefined variable $validation', 'APPPATH\\Views\\login\\login.php', 13)
 2 SYSTEMPATH\View\View.php(213): include('APPPATH\\Views\\login\\login.php')
 3 SYSTEMPATH\View\View.php(216): CodeIgniter\View\View->CodeIgniter\View\{closure}()
 4 SYSTEMPATH\Common.php(1142): CodeIgniter\View\View->render('login/login', [], true)
 5 APPPATH\Controllers\User.php(65): view('login/login')
 6 SYSTEMPATH\CodeIgniter.php(907): App\Controllers\User->signout()
 7 SYSTEMPATH\CodeIgniter.php(457): CodeIgniter\CodeIgniter->runController(Object(App\Controllers\User))
 8 SYSTEMPATH\CodeIgniter.php(340): CodeIgniter\CodeIgniter->handleRequest(null, Object(Config\Cache), false)
 9 FCPATH\index.php(67): CodeIgniter\CodeIgniter->run()
CRITICAL - 2022-10-03 20:31:37 --> Call to a member function listErrors() on null
in APPPATH\Views\login\login.php on line 13.
 1 SYSTEMPATH\View\View.php(213): include()
 2 SYSTEMPATH\View\View.php(216): CodeIgniter\View\View->CodeIgniter\View\{closure}()
 3 SYSTEMPATH\Common.php(1142): CodeIgniter\View\View->render('login/login', [], true)
 4 APPPATH\Controllers\User.php(65): view('login/login', [...])
 5 SYSTEMPATH\CodeIgniter.php(907): App\Controllers\User->signout()
 6 SYSTEMPATH\CodeIgniter.php(457): CodeIgniter\CodeIgniter->runController(Object(App\Controllers\User))
 7 SYSTEMPATH\CodeIgniter.php(340): CodeIgniter\CodeIgniter->handleRequest(null, Object(Config\Cache), false)
 8 FCPATH\index.php(67): CodeIgniter\CodeIgniter->run()
CRITICAL - 2022-10-03 20:31:38 --> Call to a member function listErrors() on null
in APPPATH\Views\login\login.php on line 13.
 1 SYSTEMPATH\View\View.php(213): include()
 2 SYSTEMPATH\View\View.php(216): CodeIgniter\View\View->CodeIgniter\View\{closure}()
 3 SYSTEMPATH\Common.php(1142): CodeIgniter\View\View->render('login/login', [], true)
 4 APPPATH\Controllers\User.php(65): view('login/login', [...])
 5 SYSTEMPATH\CodeIgniter.php(907): App\Controllers\User->signout()
 6 SYSTEMPATH\CodeIgniter.php(457): CodeIgniter\CodeIgniter->runController(Object(App\Controllers\User))
 7 SYSTEMPATH\CodeIgniter.php(340): CodeIgniter\CodeIgniter->handleRequest(null, Object(Config\Cache), false)
 8 FCPATH\index.php(67): CodeIgniter\CodeIgniter->run()
CRITICAL - 2022-10-03 20:31:38 --> Call to a member function listErrors() on null
in APPPATH\Views\login\login.php on line 13.
 1 SYSTEMPATH\View\View.php(213): include()
 2 SYSTEMPATH\View\View.php(216): CodeIgniter\View\View->CodeIgniter\View\{closure}()
 3 SYSTEMPATH\Common.php(1142): CodeIgniter\View\View->render('login/login', [], true)
 4 APPPATH\Controllers\User.php(65): view('login/login', [...])
 5 SYSTEMPATH\CodeIgniter.php(907): App\Controllers\User->signout()
 6 SYSTEMPATH\CodeIgniter.php(457): CodeIgniter\CodeIgniter->runController(Object(App\Controllers\User))
 7 SYSTEMPATH\CodeIgniter.php(340): CodeIgniter\CodeIgniter->handleRequest(null, Object(Config\Cache), false)
 8 FCPATH\index.php(67): CodeIgniter\CodeIgniter->run()
CRITICAL - 2022-10-03 20:31:39 --> Call to a member function listErrors() on null
in APPPATH\Views\login\login.php on line 13.
 1 SYSTEMPATH\View\View.php(213): include()
 2 SYSTEMPATH\View\View.php(216): CodeIgniter\View\View->CodeIgniter\View\{closure}()
 3 SYSTEMPATH\Common.php(1142): CodeIgniter\View\View->render('login/login', [], true)
 4 APPPATH\Controllers\User.php(65): view('login/login', [...])
 5 SYSTEMPATH\CodeIgniter.php(907): App\Controllers\User->signout()
 6 SYSTEMPATH\CodeIgniter.php(457): CodeIgniter\CodeIgniter->runController(Object(App\Controllers\User))
 7 SYSTEMPATH\CodeIgniter.php(340): CodeIgniter\CodeIgniter->handleRequest(null, Object(Config\Cache), false)
 8 FCPATH\index.php(67): CodeIgniter\CodeIgniter->run()
CRITICAL - 2022-10-03 20:31:47 --> Call to a member function listErrors() on null
in APPPATH\Views\login\login.php on line 13.
 1 SYSTEMPATH\View\View.php(213): include()
 2 SYSTEMPATH\View\View.php(216): CodeIgniter\View\View->CodeIgniter\View\{closure}()
 3 SYSTEMPATH\Common.php(1142): CodeIgniter\View\View->render('login/login', [], true)
 4 APPPATH\Controllers\User.php(65): view('login/login', [...])
 5 SYSTEMPATH\CodeIgniter.php(907): App\Controllers\User->signout()
 6 SYSTEMPATH\CodeIgniter.php(457): CodeIgniter\CodeIgniter->runController(Object(App\Controllers\User))
 7 SYSTEMPATH\CodeIgniter.php(340): CodeIgniter\CodeIgniter->handleRequest(null, Object(Config\Cache), false)
 8 FCPATH\index.php(67): CodeIgniter\CodeIgniter->run()
CRITICAL - 2022-10-03 20:31:52 --> Call to a member function listErrors() on null
in APPPATH\Views\login\login.php on line 13.
 1 SYSTEMPATH\View\View.php(213): include()
 2 SYSTEMPATH\View\View.php(216): CodeIgniter\View\View->CodeIgniter\View\{closure}()
 3 SYSTEMPATH\Common.php(1142): CodeIgniter\View\View->render('login/login', [], true)
 4 APPPATH\Controllers\User.php(65): view('login/login', [...])
 5 SYSTEMPATH\CodeIgniter.php(907): App\Controllers\User->signout()
 6 SYSTEMPATH\CodeIgniter.php(457): CodeIgniter\CodeIgniter->runController(Object(App\Controllers\User))
 7 SYSTEMPATH\CodeIgniter.php(340): CodeIgniter\CodeIgniter->handleRequest(null, Object(Config\Cache), false)
 8 FCPATH\index.php(67): CodeIgniter\CodeIgniter->run()
CRITICAL - 2022-10-03 20:32:55 --> Call to a member function listErrors() on null
in APPPATH\Views\login\login.php on line 13.
 1 SYSTEMPATH\View\View.php(213): include()
 2 SYSTEMPATH\View\View.php(216): CodeIgniter\View\View->CodeIgniter\View\{closure}()
 3 SYSTEMPATH\Common.php(1142): CodeIgniter\View\View->render('login/login', [], true)
 4 APPPATH\Controllers\User.php(65): view('login/login', [...])
 5 SYSTEMPATH\CodeIgniter.php(907): App\Controllers\User->signout()
 6 SYSTEMPATH\CodeIgniter.php(457): CodeIgniter\CodeIgniter->runController(Object(App\Controllers\User))
 7 SYSTEMPATH\CodeIgniter.php(340): CodeIgniter\CodeIgniter->handleRequest(null, Object(Config\Cache), false)
 8 FCPATH\index.php(67): CodeIgniter\CodeIgniter->run()
CRITICAL - 2022-10-03 20:32:56 --> Call to a member function listErrors() on null
in APPPATH\Views\login\login.php on line 13.
 1 SYSTEMPATH\View\View.php(213): include()
 2 SYSTEMPATH\View\View.php(216): CodeIgniter\View\View->CodeIgniter\View\{closure}()
 3 SYSTEMPATH\Common.php(1142): CodeIgniter\View\View->render('login/login', [], true)
 4 APPPATH\Controllers\User.php(65): view('login/login', [...])
 5 SYSTEMPATH\CodeIgniter.php(907): App\Controllers\User->signout()
 6 SYSTEMPATH\CodeIgniter.php(457): CodeIgniter\CodeIgniter->runController(Object(App\Controllers\User))
 7 SYSTEMPATH\CodeIgniter.php(340): CodeIgniter\CodeIgniter->handleRequest(null, Object(Config\Cache), false)
 8 FCPATH\index.php(67): CodeIgniter\CodeIgniter->run()
CRITICAL - 2022-10-03 20:32:56 --> Call to a member function listErrors() on null
in APPPATH\Views\login\login.php on line 13.
 1 SYSTEMPATH\View\View.php(213): include()
 2 SYSTEMPATH\View\View.php(216): CodeIgniter\View\View->CodeIgniter\View\{closure}()
 3 SYSTEMPATH\Common.php(1142): CodeIgniter\View\View->render('login/login', [], true)
 4 APPPATH\Controllers\User.php(65): view('login/login', [...])
 5 SYSTEMPATH\CodeIgniter.php(907): App\Controllers\User->signout()
 6 SYSTEMPATH\CodeIgniter.php(457): CodeIgniter\CodeIgniter->runController(Object(App\Controllers\User))
 7 SYSTEMPATH\CodeIgniter.php(340): CodeIgniter\CodeIgniter->handleRequest(null, Object(Config\Cache), false)
 8 FCPATH\index.php(67): CodeIgniter\CodeIgniter->run()
CRITICAL - 2022-10-03 20:32:56 --> Call to a member function listErrors() on null
in APPPATH\Views\login\login.php on line 13.
 1 SYSTEMPATH\View\View.php(213): include()
 2 SYSTEMPATH\View\View.php(216): CodeIgniter\View\View->CodeIgniter\View\{closure}()
 3 SYSTEMPATH\Common.php(1142): CodeIgniter\View\View->render('login/login', [], true)
 4 APPPATH\Controllers\User.php(65): view('login/login', [...])
 5 SYSTEMPATH\CodeIgniter.php(907): App\Controllers\User->signout()
 6 SYSTEMPATH\CodeIgniter.php(457): CodeIgniter\CodeIgniter->runController(Object(App\Controllers\User))
 7 SYSTEMPATH\CodeIgniter.php(340): CodeIgniter\CodeIgniter->handleRequest(null, Object(Config\Cache), false)
 8 FCPATH\index.php(67): CodeIgniter\CodeIgniter->run()
CRITICAL - 2022-10-03 20:41:24 --> CodeIgniter\Validation\Validation::setRules(): Argument #1 ($rules) must be of type array, bool given, called in C:\xampp\htdocs\etkal\system\Controller.php on line 184
in SYSTEMPATH\Validation\Validation.php on line 463.
 1 SYSTEMPATH\Controller.php(184): CodeIgniter\Validation\Validation->setRules(false, [])
 2 SYSTEMPATH\Controller.php(138): CodeIgniter\Controller->setValidator(false, [])
 3 APPPATH\Controllers\User.php(65): CodeIgniter\Controller->validate(false)
 4 SYSTEMPATH\CodeIgniter.php(907): App\Controllers\User->signout()
 5 SYSTEMPATH\CodeIgniter.php(457): CodeIgniter\CodeIgniter->runController(Object(App\Controllers\User))
 6 SYSTEMPATH\CodeIgniter.php(340): CodeIgniter\CodeIgniter->handleRequest(null, Object(Config\Cache), false)
 7 FCPATH\index.php(67): CodeIgniter\CodeIgniter->run()
CRITICAL - 2022-10-03 20:41:25 --> CodeIgniter\Validation\Validation::setRules(): Argument #1 ($rules) must be of type array, bool given, called in C:\xampp\htdocs\etkal\system\Controller.php on line 184
in SYSTEMPATH\Validation\Validation.php on line 463.
 1 SYSTEMPATH\Controller.php(184): CodeIgniter\Validation\Validation->setRules(false, [])
 2 SYSTEMPATH\Controller.php(138): CodeIgniter\Controller->setValidator(false, [])
 3 APPPATH\Controllers\User.php(65): CodeIgniter\Controller->validate(false)
 4 SYSTEMPATH\CodeIgniter.php(907): App\Controllers\User->signout()
 5 SYSTEMPATH\CodeIgniter.php(457): CodeIgniter\CodeIgniter->runController(Object(App\Controllers\User))
 6 SYSTEMPATH\CodeIgniter.php(340): CodeIgniter\CodeIgniter->handleRequest(null, Object(Config\Cache), false)
 7 FCPATH\index.php(67): CodeIgniter\CodeIgniter->run()
CRITICAL - 2022-10-03 23:22:53 --> Undefined property: App\Controllers\Home::$session
in APPPATH\Controllers\Home.php on line 9.
 1 APPPATH\Controllers\Home.php(9): CodeIgniter\Debug\Exceptions->errorHandler(2, 'Undefined property: App\\Controllers\\Home::$session', 'APPPATH\\Controllers\\Home.php', 9)
 2 SYSTEMPATH\CodeIgniter.php(907): App\Controllers\Home->index()
 3 SYSTEMPATH\CodeIgniter.php(457): CodeIgniter\CodeIgniter->runController(Object(App\Controllers\Home))
 4 SYSTEMPATH\CodeIgniter.php(340): CodeIgniter\CodeIgniter->handleRequest(null, Object(Config\Cache), false)
 5 FCPATH\index.php(67): CodeIgniter\CodeIgniter->run()
CRITICAL - 2022-10-03 23:24:26 --> Undefined variable $validation
in APPPATH\Views\login\login.php on line 13.
 1 APPPATH\Views\login\login.php(13): CodeIgniter\Debug\Exceptions->errorHandler(2, 'Undefined variable $validation', 'APPPATH\\Views\\login\\login.php', 13)
 2 SYSTEMPATH\View\View.php(213): include('APPPATH\\Views\\login\\login.php')
 3 SYSTEMPATH\View\View.php(216): CodeIgniter\View\View->CodeIgniter\View\{closure}()
 4 SYSTEMPATH\Common.php(1142): CodeIgniter\View\View->render('login/login', [], true)
 5 APPPATH\Controllers\Home.php(18): view('login/login')
 6 SYSTEMPATH\CodeIgniter.php(907): App\Controllers\Home->index()
 7 SYSTEMPATH\CodeIgniter.php(457): CodeIgniter\CodeIgniter->runController(Object(App\Controllers\Home))
 8 SYSTEMPATH\CodeIgniter.php(340): CodeIgniter\CodeIgniter->handleRequest(null, Object(Config\Cache), false)
 9 FCPATH\index.php(67): CodeIgniter\CodeIgniter->run()
CRITICAL - 2022-10-03 23:24:27 --> Undefined variable $validation
in APPPATH\Views\login\login.php on line 13.
 1 APPPATH\Views\login\login.php(13): CodeIgniter\Debug\Exceptions->errorHandler(2, 'Undefined variable $validation', 'APPPATH\\Views\\login\\login.php', 13)
 2 SYSTEMPATH\View\View.php(213): include('APPPATH\\Views\\login\\login.php')
 3 SYSTEMPATH\View\View.php(216): CodeIgniter\View\View->CodeIgniter\View\{closure}()
 4 SYSTEMPATH\Common.php(1142): CodeIgniter\View\View->render('login/login', [], true)
 5 APPPATH\Controllers\Home.php(18): view('login/login')
 6 SYSTEMPATH\CodeIgniter.php(907): App\Controllers\Home->index()
 7 SYSTEMPATH\CodeIgniter.php(457): CodeIgniter\CodeIgniter->runController(Object(App\Controllers\Home))
 8 SYSTEMPATH\CodeIgniter.php(340): CodeIgniter\CodeIgniter->handleRequest(null, Object(Config\Cache), false)
 9 FCPATH\index.php(67): CodeIgniter\CodeIgniter->run()
CRITICAL - 2022-10-03 23:24:28 --> Undefined variable $validation
in APPPATH\Views\login\login.php on line 13.
 1 APPPATH\Views\login\login.php(13): CodeIgniter\Debug\Exceptions->errorHandler(2, 'Undefined variable $validation', 'APPPATH\\Views\\login\\login.php', 13)
 2 SYSTEMPATH\View\View.php(213): include('APPPATH\\Views\\login\\login.php')
 3 SYSTEMPATH\View\View.php(216): CodeIgniter\View\View->CodeIgniter\View\{closure}()
 4 SYSTEMPATH\Common.php(1142): CodeIgniter\View\View->render('login/login', [], true)
 5 APPPATH\Controllers\Home.php(18): view('login/login')
 6 SYSTEMPATH\CodeIgniter.php(907): App\Controllers\Home->index()
 7 SYSTEMPATH\CodeIgniter.php(457): CodeIgniter\CodeIgniter->runController(Object(App\Controllers\Home))
 8 SYSTEMPATH\CodeIgniter.php(340): CodeIgniter\CodeIgniter->handleRequest(null, Object(Config\Cache), false)
 9 FCPATH\index.php(67): CodeIgniter\CodeIgniter->run()
CRITICAL - 2022-10-03 23:24:28 --> Undefined variable $validation
in APPPATH\Views\login\login.php on line 13.
 1 APPPATH\Views\login\login.php(13): CodeIgniter\Debug\Exceptions->errorHandler(2, 'Undefined variable $validation', 'APPPATH\\Views\\login\\login.php', 13)
 2 SYSTEMPATH\View\View.php(213): include('APPPATH\\Views\\login\\login.php')
 3 SYSTEMPATH\View\View.php(216): CodeIgniter\View\View->CodeIgniter\View\{closure}()
 4 SYSTEMPATH\Common.php(1142): CodeIgniter\View\View->render('login/login', [], true)
 5 APPPATH\Controllers\Home.php(18): view('login/login')
 6 SYSTEMPATH\CodeIgniter.php(907): App\Controllers\Home->index()
 7 SYSTEMPATH\CodeIgniter.php(457): CodeIgniter\CodeIgniter->runController(Object(App\Controllers\Home))
 8 SYSTEMPATH\CodeIgniter.php(340): CodeIgniter\CodeIgniter->handleRequest(null, Object(Config\Cache), false)
 9 FCPATH\index.php(67): CodeIgniter\CodeIgniter->run()
CRITICAL - 2022-10-03 23:28:24 --> Undefined global variable $_SESSION
in APPPATH\Controllers\Home.php on line 9.
 1 APPPATH\Controllers\Home.php(9): CodeIgniter\Debug\Exceptions->errorHandler(2, 'Undefined global variable $_SESSION', 'APPPATH\\Controllers\\Home.php', 9)
 2 SYSTEMPATH\CodeIgniter.php(907): App\Controllers\Home->index()
 3 SYSTEMPATH\CodeIgniter.php(457): CodeIgniter\CodeIgniter->runController(Object(App\Controllers\Home))
 4 SYSTEMPATH\CodeIgniter.php(340): CodeIgniter\CodeIgniter->handleRequest(null, Object(Config\Cache), false)
 5 FCPATH\index.php(67): CodeIgniter\CodeIgniter->run()
CRITICAL - 2022-10-03 23:30:47 --> Undefined global variable $_SESSION
in APPPATH\Controllers\Home.php on line 9.
 1 APPPATH\Controllers\Home.php(9): CodeIgniter\Debug\Exceptions->errorHandler(2, 'Undefined global variable $_SESSION', 'APPPATH\\Controllers\\Home.php', 9)
 2 SYSTEMPATH\CodeIgniter.php(907): App\Controllers\Home->index()
 3 SYSTEMPATH\CodeIgniter.php(457): CodeIgniter\CodeIgniter->runController(Object(App\Controllers\Home))
 4 SYSTEMPATH\CodeIgniter.php(340): CodeIgniter\CodeIgniter->handleRequest(null, Object(Config\Cache), false)
 5 FCPATH\index.php(67): CodeIgniter\CodeIgniter->run()
CRITICAL - 2022-10-03 23:30:48 --> Undefined global variable $_SESSION
in APPPATH\Controllers\Home.php on line 9.
 1 APPPATH\Controllers\Home.php(9): CodeIgniter\Debug\Exceptions->errorHandler(2, 'Undefined global variable $_SESSION', 'APPPATH\\Controllers\\Home.php', 9)
 2 SYSTEMPATH\CodeIgniter.php(907): App\Controllers\Home->index()
 3 SYSTEMPATH\CodeIgniter.php(457): CodeIgniter\CodeIgniter->runController(Object(App\Controllers\Home))
 4 SYSTEMPATH\CodeIgniter.php(340): CodeIgniter\CodeIgniter->handleRequest(null, Object(Config\Cache), false)
 5 FCPATH\index.php(67): CodeIgniter\CodeIgniter->run()
CRITICAL - 2022-10-03 23:31:18 --> Undefined variable $validation
in APPPATH\Views\login\login.php on line 13.
 1 APPPATH\Views\login\login.php(13): CodeIgniter\Debug\Exceptions->errorHandler(2, 'Undefined variable $validation', 'APPPATH\\Views\\login\\login.php', 13)
 2 SYSTEMPATH\View\View.php(213): include('APPPATH\\Views\\login\\login.php')
 3 SYSTEMPATH\View\View.php(216): CodeIgniter\View\View->CodeIgniter\View\{closure}()
 4 SYSTEMPATH\Common.php(1142): CodeIgniter\View\View->render('login/login', [], true)
 5 APPPATH\Controllers\Home.php(11): view('login/login')
 6 SYSTEMPATH\CodeIgniter.php(907): App\Controllers\Home->index()
 7 SYSTEMPATH\CodeIgniter.php(457): CodeIgniter\CodeIgniter->runController(Object(App\Controllers\Home))
 8 SYSTEMPATH\CodeIgniter.php(340): CodeIgniter\CodeIgniter->handleRequest(null, Object(Config\Cache), false)
 9 FCPATH\index.php(67): CodeIgniter\CodeIgniter->run()
CRITICAL - 2022-10-03 23:37:11 --> Non-static method App\Controllers\User::index() cannot be called statically
in APPPATH\Controllers\Home.php on line 11.
 1 SYSTEMPATH\CodeIgniter.php(907): App\Controllers\Home->index()
 2 SYSTEMPATH\CodeIgniter.php(457): CodeIgniter\CodeIgniter->runController(Object(App\Controllers\Home))
 3 SYSTEMPATH\CodeIgniter.php(340): CodeIgniter\CodeIgniter->handleRequest(null, Object(Config\Cache), false)
 4 FCPATH\index.php(67): CodeIgniter\CodeIgniter->run()
CRITICAL - 2022-10-03 23:37:13 --> Non-static method App\Controllers\User::index() cannot be called statically
in APPPATH\Controllers\Home.php on line 11.
 1 SYSTEMPATH\CodeIgniter.php(907): App\Controllers\Home->index()
 2 SYSTEMPATH\CodeIgniter.php(457): CodeIgniter\CodeIgniter->runController(Object(App\Controllers\Home))
 3 SYSTEMPATH\CodeIgniter.php(340): CodeIgniter\CodeIgniter->handleRequest(null, Object(Config\Cache), false)
 4 FCPATH\index.php(67): CodeIgniter\CodeIgniter->run()
