CRITICAL - 2022-11-16 09:02:09 --> Undefined array key "user_id"
in APPPATH\Controllers\Meaning.php on line 109.
 1 APPPATH\Controllers\Meaning.php(109): CodeIgniter\Debug\Exceptions->errorHandler(2, 'Undefined array key "user_id"', 'APPPATH\\Controllers\\Meaning.php', 109)
 2 APPPATH\Controllers\Meaning.php(42): App\Controllers\Meaning->pageload()
 3 SYSTEMPATH\CodeIgniter.php(907): App\Controllers\Meaning->addmeaning()
 4 SYSTEMPATH\CodeIgniter.php(457): CodeIgniter\CodeIgniter->runController(Object(App\Controllers\Meaning))
 5 SYSTEMPATH\CodeIgniter.php(340): CodeIgniter\CodeIgniter->handleRequest(null, Object(Config\Cache), false)
 6 FCPATH\index.php(68): CodeIgniter\CodeIgniter->run()
ERROR - 2022-11-16 09:02:25 --> mysqli_sql_exception: Duplicate entry 'አበበ' for key 'word' in C:\xampp\htdocs\etkal\system\Database\MySQLi\Connection.php:292
Stack trace:
#0 C:\xampp\htdocs\etkal\system\Database\MySQLi\Connection.php(292): mysqli->query('INSERT INTO `wo...', 0)
#1 C:\xampp\htdocs\etkal\system\Database\BaseConnection.php(693): CodeIgniter\Database\MySQLi\Connection->execute('INSERT INTO `wo...')
#2 C:\xampp\htdocs\etkal\system\Database\BaseConnection.php(620): CodeIgniter\Database\BaseConnection->simpleQuery('INSERT INTO `wo...')
#3 C:\xampp\htdocs\etkal\system\Database\BaseBuilder.php(1916): CodeIgniter\Database\BaseConnection->query('INSERT INTO `wo...', Array, false)
#4 C:\xampp\htdocs\etkal\system\Model.php(279): CodeIgniter\Database\BaseBuilder->insert()
#5 C:\xampp\htdocs\etkal\system\BaseModel.php(738): CodeIgniter\Model->doInsert(Array)
#6 C:\xampp\htdocs\etkal\system\Model.php(667): CodeIgniter\BaseModel->insert(Array, false)
#7 C:\xampp\htdocs\etkal\system\BaseModel.php(658): CodeIgniter\Model->insert(Array, false)
#8 C:\xampp\htdocs\etkal\app\Controllers\Meaning.php(80): CodeIgniter\BaseModel->save(Array)
#9 C:\xampp\htdocs\etkal\system\CodeIgniter.php(907): App\Controllers\Meaning->addmeaning()
#10 C:\xampp\htdocs\etkal\system\CodeIgniter.php(457): CodeIgniter\CodeIgniter->runController(Object(App\Controllers\Meaning))
#11 C:\xampp\htdocs\etkal\system\CodeIgniter.php(340): CodeIgniter\CodeIgniter->handleRequest(NULL, Object(Config\Cache), false)
#12 C:\xampp\htdocs\etkal\index.php(68): CodeIgniter\CodeIgniter->run()
#13 {main}
CRITICAL - 2022-11-16 09:02:25 --> Duplicate entry 'አበበ' for key 'word'
in SYSTEMPATH\Database\MySQLi\Connection.php on line 292.
 1 SYSTEMPATH\Database\MySQLi\Connection.php(292): mysqli->query('INSERT INTO `words` (`word`, `accessibility`, `Language_id`, `flag`, `created_at`, `updated_at`) VALUES (\'አበበ\', \'በጣም የተለመደ\', \'6\', 5, \'2022-11-16 09:02:25\', \'2022-11-16 09:02:25\')', 0)
 2 SYSTEMPATH\Database\BaseConnection.php(693): CodeIgniter\Database\MySQLi\Connection->execute('INSERT INTO `words` (`word`, `accessibility`, `Language_id`, `flag`, `created_at`, `updated_at`) VALUES (\'አበበ\', \'በጣም የተለመደ\', \'6\', 5, \'2022-11-16 09:02:25\', \'2022-11-16 09:02:25\')')
 3 SYSTEMPATH\Database\BaseConnection.php(620): CodeIgniter\Database\BaseConnection->simpleQuery('INSERT INTO `words` (`word`, `accessibility`, `Language_id`, `flag`, `created_at`, `updated_at`) VALUES (\'አበበ\', \'በጣም የተለመደ\', \'6\', 5, \'2022-11-16 09:02:25\', \'2022-11-16 09:02:25\')')
 4 SYSTEMPATH\Database\BaseBuilder.php(1916): CodeIgniter\Database\BaseConnection->query('INSERT INTO `words` (`word`, `accessibility`, `Language_id`, `flag`, `created_at`, `updated_at`) VALUES (:word:, :accessibility:, :Language_id:, :flag:, :created_at:, :updated_at:)', [...], false)
 5 SYSTEMPATH\Model.php(279): CodeIgniter\Database\BaseBuilder->insert()
 6 SYSTEMPATH\BaseModel.php(738): CodeIgniter\Model->doInsert([...])
 7 SYSTEMPATH\Model.php(667): CodeIgniter\BaseModel->insert([...], false)
 8 SYSTEMPATH\BaseModel.php(658): CodeIgniter\Model->insert([...], false)
 9 APPPATH\Controllers\Meaning.php(80): CodeIgniter\BaseModel->save([...])
10 SYSTEMPATH\CodeIgniter.php(907): App\Controllers\Meaning->addmeaning()
11 SYSTEMPATH\CodeIgniter.php(457): CodeIgniter\CodeIgniter->runController(Object(App\Controllers\Meaning))
12 SYSTEMPATH\CodeIgniter.php(340): CodeIgniter\CodeIgniter->handleRequest(null, Object(Config\Cache), false)
13 FCPATH\index.php(68): CodeIgniter\CodeIgniter->run()
CRITICAL - 2022-11-16 09:48:05 --> CodeIgniter\Validation\Rules::is_unique(): Argument #1 ($str) must be of type ?string, array given, called in C:\xampp\htdocs\etkal\system\Validation\Validation.php on line 315
in SYSTEMPATH\Validation\Rules.php on line 126.
 1 SYSTEMPATH\Validation\Validation.php(315): CodeIgniter\Validation\Rules->is_unique([...], 'tags.tag', [...], null)
 2 SYSTEMPATH\Validation\Validation.php(175): CodeIgniter\Validation\Validation->processRules('tag', 'tag', [...], [...], [...])
 3 SYSTEMPATH\Controller.php(140): CodeIgniter\Validation\Validation->run()
 4 APPPATH\Controllers\Meaning.php(68): CodeIgniter\Controller->validate([...])
 5 SYSTEMPATH\CodeIgniter.php(907): App\Controllers\Meaning->addmeaning()
 6 SYSTEMPATH\CodeIgniter.php(457): CodeIgniter\CodeIgniter->runController(Object(App\Controllers\Meaning))
 7 SYSTEMPATH\CodeIgniter.php(340): CodeIgniter\CodeIgniter->handleRequest(null, Object(Config\Cache), false)
 8 FCPATH\index.php(68): CodeIgniter\CodeIgniter->run()
CRITICAL - 2022-11-16 09:53:17 --> CodeIgniter\Validation\Rules::is_unique(): Argument #1 ($str) must be of type ?string, array given, called in C:\xampp\htdocs\etkal\system\Validation\Validation.php on line 315
in SYSTEMPATH\Validation\Rules.php on line 126.
 1 SYSTEMPATH\Validation\Validation.php(315): CodeIgniter\Validation\Rules->is_unique([...], 'tags.tag', [...], null)
 2 SYSTEMPATH\Validation\Validation.php(175): CodeIgniter\Validation\Validation->processRules('tag', 'tag', [...], [...], [...])
 3 SYSTEMPATH\Controller.php(140): CodeIgniter\Validation\Validation->run()
 4 APPPATH\Controllers\Meaning.php(68): CodeIgniter\Controller->validate([...])
 5 SYSTEMPATH\CodeIgniter.php(907): App\Controllers\Meaning->addmeaning()
 6 SYSTEMPATH\CodeIgniter.php(457): CodeIgniter\CodeIgniter->runController(Object(App\Controllers\Meaning))
 7 SYSTEMPATH\CodeIgniter.php(340): CodeIgniter\CodeIgniter->handleRequest(null, Object(Config\Cache), false)
 8 FCPATH\index.php(68): CodeIgniter\CodeIgniter->run()
CRITICAL - 2022-11-16 10:37:24 --> CodeIgniter\Validation\Rules::is_unique(): Argument #1 ($str) must be of type ?string, array given, called in C:\xampp\htdocs\etkal\system\Validation\Validation.php on line 315
in SYSTEMPATH\Validation\Rules.php on line 126.
 1 SYSTEMPATH\Validation\Validation.php(315): CodeIgniter\Validation\Rules->is_unique([...], 'tags.tag', [...], null)
 2 SYSTEMPATH\Validation\Validation.php(175): CodeIgniter\Validation\Validation->processRules('tag', 'tag', [...], [...], [...])
 3 SYSTEMPATH\Controller.php(140): CodeIgniter\Validation\Validation->run()
 4 APPPATH\Controllers\Meaning.php(68): CodeIgniter\Controller->validate([...])
 5 SYSTEMPATH\CodeIgniter.php(907): App\Controllers\Meaning->addmeaning()
 6 SYSTEMPATH\CodeIgniter.php(457): CodeIgniter\CodeIgniter->runController(Object(App\Controllers\Meaning))
 7 SYSTEMPATH\CodeIgniter.php(340): CodeIgniter\CodeIgniter->handleRequest(null, Object(Config\Cache), false)
 8 FCPATH\index.php(68): CodeIgniter\CodeIgniter->run()
CRITICAL - 2022-11-16 10:37:27 --> CodeIgniter\Validation\Rules::is_unique(): Argument #1 ($str) must be of type ?string, array given, called in C:\xampp\htdocs\etkal\system\Validation\Validation.php on line 315
in SYSTEMPATH\Validation\Rules.php on line 126.
 1 SYSTEMPATH\Validation\Validation.php(315): CodeIgniter\Validation\Rules->is_unique([...], 'tags.tag', [...], null)
 2 SYSTEMPATH\Validation\Validation.php(175): CodeIgniter\Validation\Validation->processRules('tag', 'tag', [...], [...], [...])
 3 SYSTEMPATH\Controller.php(140): CodeIgniter\Validation\Validation->run()
 4 APPPATH\Controllers\Meaning.php(68): CodeIgniter\Controller->validate([...])
 5 SYSTEMPATH\CodeIgniter.php(907): App\Controllers\Meaning->addmeaning()
 6 SYSTEMPATH\CodeIgniter.php(457): CodeIgniter\CodeIgniter->runController(Object(App\Controllers\Meaning))
 7 SYSTEMPATH\CodeIgniter.php(340): CodeIgniter\CodeIgniter->handleRequest(null, Object(Config\Cache), false)
 8 FCPATH\index.php(68): CodeIgniter\CodeIgniter->run()
CRITICAL - 2022-11-16 10:42:25 --> CodeIgniter\Validation\Rules::is_unique(): Argument #1 ($str) must be of type ?string, array given, called in C:\xampp\htdocs\etkal\system\Validation\Validation.php on line 315
in SYSTEMPATH\Validation\Rules.php on line 126.
 1 SYSTEMPATH\Validation\Validation.php(315): CodeIgniter\Validation\Rules->is_unique([...], 'tags.tag', [...], null)
 2 SYSTEMPATH\Validation\Validation.php(175): CodeIgniter\Validation\Validation->processRules('tag', 'tag', [...], [...], [...])
 3 SYSTEMPATH\Controller.php(140): CodeIgniter\Validation\Validation->run()
 4 APPPATH\Controllers\Meaning.php(68): CodeIgniter\Controller->validate([...])
 5 SYSTEMPATH\CodeIgniter.php(907): App\Controllers\Meaning->addmeaning()
 6 SYSTEMPATH\CodeIgniter.php(457): CodeIgniter\CodeIgniter->runController(Object(App\Controllers\Meaning))
 7 SYSTEMPATH\CodeIgniter.php(340): CodeIgniter\CodeIgniter->handleRequest(null, Object(Config\Cache), false)
 8 FCPATH\index.php(68): CodeIgniter\CodeIgniter->run()
CRITICAL - 2022-11-16 10:43:45 --> CodeIgniter\Validation\Rules::is_unique(): Argument #1 ($str) must be of type ?string, array given, called in C:\xampp\htdocs\etkal\system\Validation\Validation.php on line 315
in SYSTEMPATH\Validation\Rules.php on line 126.
 1 SYSTEMPATH\Validation\Validation.php(315): CodeIgniter\Validation\Rules->is_unique([...], 'tags.tag', [...], null)
 2 SYSTEMPATH\Validation\Validation.php(175): CodeIgniter\Validation\Validation->processRules('tag', 'tag', [...], [...], [...])
 3 SYSTEMPATH\Controller.php(140): CodeIgniter\Validation\Validation->run()
 4 APPPATH\Controllers\Meaning.php(68): CodeIgniter\Controller->validate([...])
 5 SYSTEMPATH\CodeIgniter.php(907): App\Controllers\Meaning->addmeaning()
 6 SYSTEMPATH\CodeIgniter.php(457): CodeIgniter\CodeIgniter->runController(Object(App\Controllers\Meaning))
 7 SYSTEMPATH\CodeIgniter.php(340): CodeIgniter\CodeIgniter->handleRequest(null, Object(Config\Cache), false)
 8 FCPATH\index.php(68): CodeIgniter\CodeIgniter->run()
CRITICAL - 2022-11-16 10:43:54 --> CodeIgniter\Validation\Rules::is_unique(): Argument #1 ($str) must be of type ?string, array given, called in C:\xampp\htdocs\etkal\system\Validation\Validation.php on line 315
in SYSTEMPATH\Validation\Rules.php on line 126.
 1 SYSTEMPATH\Validation\Validation.php(315): CodeIgniter\Validation\Rules->is_unique([...], 'tags.tag', [...], null)
 2 SYSTEMPATH\Validation\Validation.php(175): CodeIgniter\Validation\Validation->processRules('tag', 'tag', [...], [...], [...])
 3 SYSTEMPATH\Controller.php(140): CodeIgniter\Validation\Validation->run()
 4 APPPATH\Controllers\Meaning.php(68): CodeIgniter\Controller->validate([...])
 5 SYSTEMPATH\CodeIgniter.php(907): App\Controllers\Meaning->addmeaning()
 6 SYSTEMPATH\CodeIgniter.php(457): CodeIgniter\CodeIgniter->runController(Object(App\Controllers\Meaning))
 7 SYSTEMPATH\CodeIgniter.php(340): CodeIgniter\CodeIgniter->handleRequest(null, Object(Config\Cache), false)
 8 FCPATH\index.php(68): CodeIgniter\CodeIgniter->run()
CRITICAL - 2022-11-16 10:44:58 --> CodeIgniter\Validation\Rules::is_unique(): Argument #1 ($str) must be of type ?string, array given, called in C:\xampp\htdocs\etkal\system\Validation\Validation.php on line 315
in SYSTEMPATH\Validation\Rules.php on line 126.
 1 SYSTEMPATH\Validation\Validation.php(315): CodeIgniter\Validation\Rules->is_unique([...], 'tags.tag', [...], null)
 2 SYSTEMPATH\Validation\Validation.php(175): CodeIgniter\Validation\Validation->processRules('tag', 'tag', [...], [...], [...])
 3 SYSTEMPATH\Controller.php(140): CodeIgniter\Validation\Validation->run()
 4 APPPATH\Controllers\Meaning.php(68): CodeIgniter\Controller->validate([...])
 5 SYSTEMPATH\CodeIgniter.php(907): App\Controllers\Meaning->addmeaning()
 6 SYSTEMPATH\CodeIgniter.php(457): CodeIgniter\CodeIgniter->runController(Object(App\Controllers\Meaning))
 7 SYSTEMPATH\CodeIgniter.php(340): CodeIgniter\CodeIgniter->handleRequest(null, Object(Config\Cache), false)
 8 FCPATH\index.php(68): CodeIgniter\CodeIgniter->run()
CRITICAL - 2022-11-16 10:50:35 --> CodeIgniter\Validation\Rules::is_unique(): Argument #1 ($str) must be of type ?string, array given, called in C:\xampp\htdocs\etkal\system\Validation\Validation.php on line 315
in SYSTEMPATH\Validation\Rules.php on line 126.
 1 SYSTEMPATH\Validation\Validation.php(315): CodeIgniter\Validation\Rules->is_unique([...], 'tags.tag', [...], null)
 2 SYSTEMPATH\Validation\Validation.php(175): CodeIgniter\Validation\Validation->processRules('tag', 'tag', [...], [...], [...])
 3 SYSTEMPATH\Controller.php(140): CodeIgniter\Validation\Validation->run()
 4 APPPATH\Controllers\Meaning.php(68): CodeIgniter\Controller->validate([...])
 5 SYSTEMPATH\CodeIgniter.php(907): App\Controllers\Meaning->addmeaning()
 6 SYSTEMPATH\CodeIgniter.php(457): CodeIgniter\CodeIgniter->runController(Object(App\Controllers\Meaning))
 7 SYSTEMPATH\CodeIgniter.php(340): CodeIgniter\CodeIgniter->handleRequest(null, Object(Config\Cache), false)
 8 FCPATH\index.php(68): CodeIgniter\CodeIgniter->run()
CRITICAL - 2022-11-16 11:02:49 --> CodeIgniter\Validation\Rules::is_unique(): Argument #1 ($str) must be of type ?string, array given, called in C:\xampp\htdocs\etkal\system\Validation\Validation.php on line 315
in SYSTEMPATH\Validation\Rules.php on line 126.
 1 SYSTEMPATH\Validation\Validation.php(315): CodeIgniter\Validation\Rules->is_unique([...], 'tags.tag', [...], null)
 2 SYSTEMPATH\Validation\Validation.php(175): CodeIgniter\Validation\Validation->processRules('tag', 'tag', [...], [...], [...])
 3 SYSTEMPATH\Controller.php(140): CodeIgniter\Validation\Validation->run()
 4 APPPATH\Controllers\Meaning.php(68): CodeIgniter\Controller->validate([...])
 5 SYSTEMPATH\CodeIgniter.php(907): App\Controllers\Meaning->addmeaning()
 6 SYSTEMPATH\CodeIgniter.php(457): CodeIgniter\CodeIgniter->runController(Object(App\Controllers\Meaning))
 7 SYSTEMPATH\CodeIgniter.php(340): CodeIgniter\CodeIgniter->handleRequest(null, Object(Config\Cache), false)
 8 FCPATH\index.php(68): CodeIgniter\CodeIgniter->run()
CRITICAL - 2022-11-16 11:07:03 --> CodeIgniter\Validation\Rules::is_unique(): Argument #1 ($str) must be of type ?string, array given, called in C:\xampp\htdocs\etkal\system\Validation\Validation.php on line 315
in SYSTEMPATH\Validation\Rules.php on line 126.
 1 SYSTEMPATH\Validation\Validation.php(315): CodeIgniter\Validation\Rules->is_unique([...], 'tags.tag', [...], null)
 2 SYSTEMPATH\Validation\Validation.php(175): CodeIgniter\Validation\Validation->processRules('tag', 'tag', [...], [...], [...])
 3 SYSTEMPATH\Controller.php(140): CodeIgniter\Validation\Validation->run()
 4 APPPATH\Controllers\Meaning.php(68): CodeIgniter\Controller->validate([...])
 5 SYSTEMPATH\CodeIgniter.php(907): App\Controllers\Meaning->addmeaning()
 6 SYSTEMPATH\CodeIgniter.php(457): CodeIgniter\CodeIgniter->runController(Object(App\Controllers\Meaning))
 7 SYSTEMPATH\CodeIgniter.php(340): CodeIgniter\CodeIgniter->handleRequest(null, Object(Config\Cache), false)
 8 FCPATH\index.php(68): CodeIgniter\CodeIgniter->run()
CRITICAL - 2022-11-16 11:09:21 --> CodeIgniter\Validation\Rules::is_unique(): Argument #1 ($str) must be of type ?string, array given, called in C:\xampp\htdocs\etkal\system\Validation\Validation.php on line 315
in SYSTEMPATH\Validation\Rules.php on line 126.
 1 SYSTEMPATH\Validation\Validation.php(315): CodeIgniter\Validation\Rules->is_unique([...], 'tags.tag', [...], null)
 2 SYSTEMPATH\Validation\Validation.php(175): CodeIgniter\Validation\Validation->processRules('tag', 'tag', [...], [...], [...])
 3 SYSTEMPATH\Controller.php(140): CodeIgniter\Validation\Validation->run()
 4 APPPATH\Controllers\Meaning.php(68): CodeIgniter\Controller->validate([...])
 5 SYSTEMPATH\CodeIgniter.php(907): App\Controllers\Meaning->addmeaning()
 6 SYSTEMPATH\CodeIgniter.php(457): CodeIgniter\CodeIgniter->runController(Object(App\Controllers\Meaning))
 7 SYSTEMPATH\CodeIgniter.php(340): CodeIgniter\CodeIgniter->handleRequest(null, Object(Config\Cache), false)
 8 FCPATH\index.php(68): CodeIgniter\CodeIgniter->run()
CRITICAL - 2022-11-16 11:10:10 --> CodeIgniter\Validation\Rules::is_unique(): Argument #1 ($str) must be of type ?string, array given, called in C:\xampp\htdocs\etkal\system\Validation\Validation.php on line 315
in SYSTEMPATH\Validation\Rules.php on line 126.
 1 SYSTEMPATH\Validation\Validation.php(315): CodeIgniter\Validation\Rules->is_unique([...], 'tags.tag', [...], null)
 2 SYSTEMPATH\Validation\Validation.php(175): CodeIgniter\Validation\Validation->processRules('tag', 'tag', [...], [...], [...])
 3 SYSTEMPATH\Controller.php(140): CodeIgniter\Validation\Validation->run()
 4 APPPATH\Controllers\Meaning.php(68): CodeIgniter\Controller->validate([...])
 5 SYSTEMPATH\CodeIgniter.php(907): App\Controllers\Meaning->addmeaning()
 6 SYSTEMPATH\CodeIgniter.php(457): CodeIgniter\CodeIgniter->runController(Object(App\Controllers\Meaning))
 7 SYSTEMPATH\CodeIgniter.php(340): CodeIgniter\CodeIgniter->handleRequest(null, Object(Config\Cache), false)
 8 FCPATH\index.php(68): CodeIgniter\CodeIgniter->run()
CRITICAL - 2022-11-16 11:11:57 --> CodeIgniter\Validation\Rules::is_unique(): Argument #1 ($str) must be of type ?string, array given, called in C:\xampp\htdocs\etkal\system\Validation\Validation.php on line 315
in SYSTEMPATH\Validation\Rules.php on line 126.
 1 SYSTEMPATH\Validation\Validation.php(315): CodeIgniter\Validation\Rules->is_unique([...], 'tags.tag', [...], null)
 2 SYSTEMPATH\Validation\Validation.php(175): CodeIgniter\Validation\Validation->processRules('tag', 'tag', [...], [...], [...])
 3 SYSTEMPATH\Controller.php(140): CodeIgniter\Validation\Validation->run()
 4 APPPATH\Controllers\Meaning.php(68): CodeIgniter\Controller->validate([...])
 5 SYSTEMPATH\CodeIgniter.php(907): App\Controllers\Meaning->addmeaning()
 6 SYSTEMPATH\CodeIgniter.php(457): CodeIgniter\CodeIgniter->runController(Object(App\Controllers\Meaning))
 7 SYSTEMPATH\CodeIgniter.php(340): CodeIgniter\CodeIgniter->handleRequest(null, Object(Config\Cache), false)
 8 FCPATH\index.php(68): CodeIgniter\CodeIgniter->run()
CRITICAL - 2022-11-16 11:12:01 --> CodeIgniter\Validation\Rules::is_unique(): Argument #1 ($str) must be of type ?string, array given, called in C:\xampp\htdocs\etkal\system\Validation\Validation.php on line 315
in SYSTEMPATH\Validation\Rules.php on line 126.
 1 SYSTEMPATH\Validation\Validation.php(315): CodeIgniter\Validation\Rules->is_unique([...], 'tags.tag', [...], null)
 2 SYSTEMPATH\Validation\Validation.php(175): CodeIgniter\Validation\Validation->processRules('tag', 'tag', [...], [...], [...])
 3 SYSTEMPATH\Controller.php(140): CodeIgniter\Validation\Validation->run()
 4 APPPATH\Controllers\Meaning.php(68): CodeIgniter\Controller->validate([...])
 5 SYSTEMPATH\CodeIgniter.php(907): App\Controllers\Meaning->addmeaning()
 6 SYSTEMPATH\CodeIgniter.php(457): CodeIgniter\CodeIgniter->runController(Object(App\Controllers\Meaning))
 7 SYSTEMPATH\CodeIgniter.php(340): CodeIgniter\CodeIgniter->handleRequest(null, Object(Config\Cache), false)
 8 FCPATH\index.php(68): CodeIgniter\CodeIgniter->run()
CRITICAL - 2022-11-16 11:12:14 --> CodeIgniter\Validation\Rules::is_unique(): Argument #1 ($str) must be of type ?string, array given, called in C:\xampp\htdocs\etkal\system\Validation\Validation.php on line 315
in SYSTEMPATH\Validation\Rules.php on line 126.
 1 SYSTEMPATH\Validation\Validation.php(315): CodeIgniter\Validation\Rules->is_unique([...], 'tags.tag', [...], null)
 2 SYSTEMPATH\Validation\Validation.php(175): CodeIgniter\Validation\Validation->processRules('tag', 'tag', [...], [...], [...])
 3 SYSTEMPATH\Controller.php(140): CodeIgniter\Validation\Validation->run()
 4 APPPATH\Controllers\Meaning.php(68): CodeIgniter\Controller->validate([...])
 5 SYSTEMPATH\CodeIgniter.php(907): App\Controllers\Meaning->addmeaning()
 6 SYSTEMPATH\CodeIgniter.php(457): CodeIgniter\CodeIgniter->runController(Object(App\Controllers\Meaning))
 7 SYSTEMPATH\CodeIgniter.php(340): CodeIgniter\CodeIgniter->handleRequest(null, Object(Config\Cache), false)
 8 FCPATH\index.php(68): CodeIgniter\CodeIgniter->run()
CRITICAL - 2022-11-16 12:32:02 --> Undefined array key "tag_id"
in APPPATH\Controllers\Meaning.php on line 100.
 1 APPPATH\Controllers\Meaning.php(100): CodeIgniter\Debug\Exceptions->errorHandler(2, 'Undefined array key "tag_id"', 'APPPATH\\Controllers\\Meaning.php', 100)
 2 SYSTEMPATH\CodeIgniter.php(907): App\Controllers\Meaning->addmeaning()
 3 SYSTEMPATH\CodeIgniter.php(457): CodeIgniter\CodeIgniter->runController(Object(App\Controllers\Meaning))
 4 SYSTEMPATH\CodeIgniter.php(340): CodeIgniter\CodeIgniter->handleRequest(null, Object(Config\Cache), false)
 5 FCPATH\index.php(68): CodeIgniter\CodeIgniter->run()
CRITICAL - 2022-11-16 14:11:19 --> CodeIgniter\Validation\FormatRules::is_natural(): Argument #1 ($str) must be of type ?string, array given, called in C:\xampp\htdocs\etkal\system\Validation\Validation.php on line 314
in SYSTEMPATH\Validation\FormatRules.php on line 140.
 1 SYSTEMPATH\Validation\Validation.php(314): CodeIgniter\Validation\FormatRules->is_natural([...], null)
 2 SYSTEMPATH\Validation\Validation.php(175): CodeIgniter\Validation\Validation->processRules('tag_id', 'tag_id', [...], [...], [...])
 3 SYSTEMPATH\BaseModel.php(1350): CodeIgniter\Validation\Validation->run([...], null, null)
 4 SYSTEMPATH\BaseModel.php(707): CodeIgniter\BaseModel->validate([...])
 5 SYSTEMPATH\Model.php(667): CodeIgniter\BaseModel->insert([...], true)
 6 APPPATH\Controllers\Meaning.php(97): CodeIgniter\Model->insert([...])
 7 SYSTEMPATH\CodeIgniter.php(907): App\Controllers\Meaning->addmeaning()
 8 SYSTEMPATH\CodeIgniter.php(457): CodeIgniter\CodeIgniter->runController(Object(App\Controllers\Meaning))
 9 SYSTEMPATH\CodeIgniter.php(340): CodeIgniter\CodeIgniter->handleRequest(null, Object(Config\Cache), false)
10 FCPATH\index.php(68): CodeIgniter\CodeIgniter->run()
CRITICAL - 2022-11-16 17:41:28 --> Undefined variable $word_id
in APPPATH\Controllers\Meaning.php on line 86.
 1 APPPATH\Controllers\Meaning.php(86): CodeIgniter\Debug\Exceptions->errorHandler(2, 'Undefined variable $word_id', 'APPPATH\\Controllers\\Meaning.php', 86)
 2 SYSTEMPATH\CodeIgniter.php(907): App\Controllers\Meaning->addmeaning()
 3 SYSTEMPATH\CodeIgniter.php(457): CodeIgniter\CodeIgniter->runController(Object(App\Controllers\Meaning))
 4 SYSTEMPATH\CodeIgniter.php(340): CodeIgniter\CodeIgniter->handleRequest(null, Object(Config\Cache), false)
 5 FCPATH\index.php(68): CodeIgniter\CodeIgniter->run()
ERROR - 2022-11-16 17:47:25 --> mysqli_sql_exception: Cannot add or update a child row: a foreign key constraint fails (`kal`.`meaning`, CONSTRAINT `meaning_ibfk_1` FOREIGN KEY (`part_of_speech_id`) REFERENCES `parts_of_speechs` (`part_of_speech_id`)) in C:\xampp\htdocs\etkal\system\Database\MySQLi\Connection.php:292
Stack trace:
#0 C:\xampp\htdocs\etkal\system\Database\MySQLi\Connection.php(292): mysqli->query('INSERT INTO `me...', 0)
#1 C:\xampp\htdocs\etkal\system\Database\BaseConnection.php(693): CodeIgniter\Database\MySQLi\Connection->execute('INSERT INTO `me...')
#2 C:\xampp\htdocs\etkal\system\Database\BaseConnection.php(620): CodeIgniter\Database\BaseConnection->simpleQuery('INSERT INTO `me...')
#3 C:\xampp\htdocs\etkal\system\Database\BaseBuilder.php(1916): CodeIgniter\Database\BaseConnection->query('INSERT INTO `me...', Array, false)
#4 C:\xampp\htdocs\etkal\system\Model.php(279): CodeIgniter\Database\BaseBuilder->insert()
#5 C:\xampp\htdocs\etkal\system\BaseModel.php(738): CodeIgniter\Model->doInsert(Array)
#6 C:\xampp\htdocs\etkal\system\Model.php(667): CodeIgniter\BaseModel->insert(Array, true)
#7 C:\xampp\htdocs\etkal\app\Controllers\Meaning.php(83): CodeIgniter\Model->insert(Array)
#8 C:\xampp\htdocs\etkal\system\CodeIgniter.php(907): App\Controllers\Meaning->addmeaning()
#9 C:\xampp\htdocs\etkal\system\CodeIgniter.php(457): CodeIgniter\CodeIgniter->runController(Object(App\Controllers\Meaning))
#10 C:\xampp\htdocs\etkal\system\CodeIgniter.php(340): CodeIgniter\CodeIgniter->handleRequest(NULL, Object(Config\Cache), false)
#11 C:\xampp\htdocs\etkal\index.php(68): CodeIgniter\CodeIgniter->run()
#12 {main}
CRITICAL - 2022-11-16 17:47:25 --> Cannot add or update a child row: a foreign key constraint fails (`kal`.`meaning`, CONSTRAINT `meaning_ibfk_1` FOREIGN KEY (`part_of_speech_id`) REFERENCES `parts_of_speechs` (`part_of_speech_id`))
in SYSTEMPATH\Database\MySQLi\Connection.php on line 292.
 1 SYSTEMPATH\Database\MySQLi\Connection.php(292): mysqli->query('INSERT INTO `meaning` (`meaning`, `example`, `language_id`, `created_at`, `updated_at`) VALUES (\'<p>የመጀመሪያ ትርጉም</p>\', \'\', \'6\', \'2022-11-16 17:47:25\', \'2022-11-16 17:47:25\')', 0)
 2 SYSTEMPATH\Database\BaseConnection.php(693): CodeIgniter\Database\MySQLi\Connection->execute('INSERT INTO `meaning` (`meaning`, `example`, `language_id`, `created_at`, `updated_at`) VALUES (\'<p>የመጀመሪያ ትርጉም</p>\', \'\', \'6\', \'2022-11-16 17:47:25\', \'2022-11-16 17:47:25\')')
 3 SYSTEMPATH\Database\BaseConnection.php(620): CodeIgniter\Database\BaseConnection->simpleQuery('INSERT INTO `meaning` (`meaning`, `example`, `language_id`, `created_at`, `updated_at`) VALUES (\'<p>የመጀመሪያ ትርጉም</p>\', \'\', \'6\', \'2022-11-16 17:47:25\', \'2022-11-16 17:47:25\')')
 4 SYSTEMPATH\Database\BaseBuilder.php(1916): CodeIgniter\Database\BaseConnection->query('INSERT INTO `meaning` (`meaning`, `example`, `language_id`, `created_at`, `updated_at`) VALUES (:meaning:, :example:, :language_id:, :created_at:, :updated_at:)', [...], false)
 5 SYSTEMPATH\Model.php(279): CodeIgniter\Database\BaseBuilder->insert()
 6 SYSTEMPATH\BaseModel.php(738): CodeIgniter\Model->doInsert([...])
 7 SYSTEMPATH\Model.php(667): CodeIgniter\BaseModel->insert([...], true)
 8 APPPATH\Controllers\Meaning.php(83): CodeIgniter\Model->insert([...])
 9 SYSTEMPATH\CodeIgniter.php(907): App\Controllers\Meaning->addmeaning()
10 SYSTEMPATH\CodeIgniter.php(457): CodeIgniter\CodeIgniter->runController(Object(App\Controllers\Meaning))
11 SYSTEMPATH\CodeIgniter.php(340): CodeIgniter\CodeIgniter->handleRequest(null, Object(Config\Cache), false)
12 FCPATH\index.php(68): CodeIgniter\CodeIgniter->run()
ERROR - 2022-11-16 19:01:35 --> mysqli_sql_exception: Duplicate entry '<p>የመጀመሪያ ትርጉም</p>-6' for key 'meaning' in C:\xampp\htdocs\etkal\system\Database\MySQLi\Connection.php:292
Stack trace:
#0 C:\xampp\htdocs\etkal\system\Database\MySQLi\Connection.php(292): mysqli->query('INSERT INTO `me...', 0)
#1 C:\xampp\htdocs\etkal\system\Database\BaseConnection.php(693): CodeIgniter\Database\MySQLi\Connection->execute('INSERT INTO `me...')
#2 C:\xampp\htdocs\etkal\system\Database\BaseConnection.php(620): CodeIgniter\Database\BaseConnection->simpleQuery('INSERT INTO `me...')
#3 C:\xampp\htdocs\etkal\system\Database\BaseBuilder.php(1916): CodeIgniter\Database\BaseConnection->query('INSERT INTO `me...', Array, false)
#4 C:\xampp\htdocs\etkal\system\Model.php(279): CodeIgniter\Database\BaseBuilder->insert()
#5 C:\xampp\htdocs\etkal\system\BaseModel.php(738): CodeIgniter\Model->doInsert(Array)
#6 C:\xampp\htdocs\etkal\system\Model.php(667): CodeIgniter\BaseModel->insert(Array, true)
#7 C:\xampp\htdocs\etkal\app\Controllers\Meaning.php(85): CodeIgniter\Model->insert(Array)
#8 C:\xampp\htdocs\etkal\system\CodeIgniter.php(907): App\Controllers\Meaning->addmeaning()
#9 C:\xampp\htdocs\etkal\system\CodeIgniter.php(457): CodeIgniter\CodeIgniter->runController(Object(App\Controllers\Meaning))
#10 C:\xampp\htdocs\etkal\system\CodeIgniter.php(340): CodeIgniter\CodeIgniter->handleRequest(NULL, Object(Config\Cache), false)
#11 C:\xampp\htdocs\etkal\index.php(68): CodeIgniter\CodeIgniter->run()
#12 {main}
CRITICAL - 2022-11-16 19:01:35 --> Duplicate entry '<p>የመጀመሪያ ትርጉም</p>-6' for key 'meaning'
in SYSTEMPATH\Database\MySQLi\Connection.php on line 292.
 1 SYSTEMPATH\Database\MySQLi\Connection.php(292): mysqli->query('INSERT INTO `meaning` (`meaning`, `example`, `language_id`, `created_at`, `updated_at`) VALUES (\'<p>የመጀመሪያ ትርጉም</p>\', \'\', \'6\', \'2022-11-16 19:01:35\', \'2022-11-16 19:01:35\')', 0)
 2 SYSTEMPATH\Database\BaseConnection.php(693): CodeIgniter\Database\MySQLi\Connection->execute('INSERT INTO `meaning` (`meaning`, `example`, `language_id`, `created_at`, `updated_at`) VALUES (\'<p>የመጀመሪያ ትርጉም</p>\', \'\', \'6\', \'2022-11-16 19:01:35\', \'2022-11-16 19:01:35\')')
 3 SYSTEMPATH\Database\BaseConnection.php(620): CodeIgniter\Database\BaseConnection->simpleQuery('INSERT INTO `meaning` (`meaning`, `example`, `language_id`, `created_at`, `updated_at`) VALUES (\'<p>የመጀመሪያ ትርጉም</p>\', \'\', \'6\', \'2022-11-16 19:01:35\', \'2022-11-16 19:01:35\')')
 4 SYSTEMPATH\Database\BaseBuilder.php(1916): CodeIgniter\Database\BaseConnection->query('INSERT INTO `meaning` (`meaning`, `example`, `language_id`, `created_at`, `updated_at`) VALUES (:meaning:, :example:, :language_id:, :created_at:, :updated_at:)', [...], false)
 5 SYSTEMPATH\Model.php(279): CodeIgniter\Database\BaseBuilder->insert()
 6 SYSTEMPATH\BaseModel.php(738): CodeIgniter\Model->doInsert([...])
 7 SYSTEMPATH\Model.php(667): CodeIgniter\BaseModel->insert([...], true)
 8 APPPATH\Controllers\Meaning.php(85): CodeIgniter\Model->insert([...])
 9 SYSTEMPATH\CodeIgniter.php(907): App\Controllers\Meaning->addmeaning()
10 SYSTEMPATH\CodeIgniter.php(457): CodeIgniter\CodeIgniter->runController(Object(App\Controllers\Meaning))
11 SYSTEMPATH\CodeIgniter.php(340): CodeIgniter\CodeIgniter->handleRequest(null, Object(Config\Cache), false)
12 FCPATH\index.php(68): CodeIgniter\CodeIgniter->run()
ERROR - 2022-11-16 19:20:37 --> mysqli_sql_exception: Duplicate entry '<p>የመጀመሪያ ትርጉም</p>-162' for key 'meaning' in C:\xampp\htdocs\etkal\system\Database\MySQLi\Connection.php:292
Stack trace:
#0 C:\xampp\htdocs\etkal\system\Database\MySQLi\Connection.php(292): mysqli->query('INSERT INTO `me...', 0)
#1 C:\xampp\htdocs\etkal\system\Database\BaseConnection.php(693): CodeIgniter\Database\MySQLi\Connection->execute('INSERT INTO `me...')
#2 C:\xampp\htdocs\etkal\system\Database\BaseConnection.php(620): CodeIgniter\Database\BaseConnection->simpleQuery('INSERT INTO `me...')
#3 C:\xampp\htdocs\etkal\system\Database\BaseBuilder.php(1916): CodeIgniter\Database\BaseConnection->query('INSERT INTO `me...', Array, false)
#4 C:\xampp\htdocs\etkal\system\Model.php(279): CodeIgniter\Database\BaseBuilder->insert()
#5 C:\xampp\htdocs\etkal\system\BaseModel.php(738): CodeIgniter\Model->doInsert(Array)
#6 C:\xampp\htdocs\etkal\system\Model.php(667): CodeIgniter\BaseModel->insert(Array, true)
#7 C:\xampp\htdocs\etkal\app\Controllers\Meaning.php(85): CodeIgniter\Model->insert(Array)
#8 C:\xampp\htdocs\etkal\system\CodeIgniter.php(907): App\Controllers\Meaning->addmeaning()
#9 C:\xampp\htdocs\etkal\system\CodeIgniter.php(457): CodeIgniter\CodeIgniter->runController(Object(App\Controllers\Meaning))
#10 C:\xampp\htdocs\etkal\system\CodeIgniter.php(340): CodeIgniter\CodeIgniter->handleRequest(NULL, Object(Config\Cache), false)
#11 C:\xampp\htdocs\etkal\index.php(68): CodeIgniter\CodeIgniter->run()
#12 {main}
CRITICAL - 2022-11-16 19:20:37 --> Duplicate entry '<p>የመጀመሪያ ትርጉም</p>-162' for key 'meaning'
in SYSTEMPATH\Database\MySQLi\Connection.php on line 292.
 1 SYSTEMPATH\Database\MySQLi\Connection.php(292): mysqli->query('INSERT INTO `meaning` (`meaning`, `example`, `language_id`, `created_at`, `updated_at`) VALUES (\'<p>የመጀመሪያ ትርጉም</p>\', \'\', \'162\', \'2022-11-16 19:20:37\', \'2022-11-16 19:20:37\')', 0)
 2 SYSTEMPATH\Database\BaseConnection.php(693): CodeIgniter\Database\MySQLi\Connection->execute('INSERT INTO `meaning` (`meaning`, `example`, `language_id`, `created_at`, `updated_at`) VALUES (\'<p>የመጀመሪያ ትርጉም</p>\', \'\', \'162\', \'2022-11-16 19:20:37\', \'2022-11-16 19:20:37\')')
 3 SYSTEMPATH\Database\BaseConnection.php(620): CodeIgniter\Database\BaseConnection->simpleQuery('INSERT INTO `meaning` (`meaning`, `example`, `language_id`, `created_at`, `updated_at`) VALUES (\'<p>የመጀመሪያ ትርጉም</p>\', \'\', \'162\', \'2022-11-16 19:20:37\', \'2022-11-16 19:20:37\')')
 4 SYSTEMPATH\Database\BaseBuilder.php(1916): CodeIgniter\Database\BaseConnection->query('INSERT INTO `meaning` (`meaning`, `example`, `language_id`, `created_at`, `updated_at`) VALUES (:meaning:, :example:, :language_id:, :created_at:, :updated_at:)', [...], false)
 5 SYSTEMPATH\Model.php(279): CodeIgniter\Database\BaseBuilder->insert()
 6 SYSTEMPATH\BaseModel.php(738): CodeIgniter\Model->doInsert([...])
 7 SYSTEMPATH\Model.php(667): CodeIgniter\BaseModel->insert([...], true)
 8 APPPATH\Controllers\Meaning.php(85): CodeIgniter\Model->insert([...])
 9 SYSTEMPATH\CodeIgniter.php(907): App\Controllers\Meaning->addmeaning()
10 SYSTEMPATH\CodeIgniter.php(457): CodeIgniter\CodeIgniter->runController(Object(App\Controllers\Meaning))
11 SYSTEMPATH\CodeIgniter.php(340): CodeIgniter\CodeIgniter->handleRequest(null, Object(Config\Cache), false)
12 FCPATH\index.php(68): CodeIgniter\CodeIgniter->run()
ERROR - 2022-11-16 19:26:56 --> mysqli_sql_exception: Duplicate entry '<p>የመጀመሪያ ትርጉም</p>-162' for key 'meaning' in C:\xampp\htdocs\etkal\system\Database\MySQLi\Connection.php:292
Stack trace:
#0 C:\xampp\htdocs\etkal\system\Database\MySQLi\Connection.php(292): mysqli->query('INSERT INTO `me...', 0)
#1 C:\xampp\htdocs\etkal\system\Database\BaseConnection.php(693): CodeIgniter\Database\MySQLi\Connection->execute('INSERT INTO `me...')
#2 C:\xampp\htdocs\etkal\system\Database\BaseConnection.php(620): CodeIgniter\Database\BaseConnection->simpleQuery('INSERT INTO `me...')
#3 C:\xampp\htdocs\etkal\system\Database\BaseBuilder.php(1916): CodeIgniter\Database\BaseConnection->query('INSERT INTO `me...', Array, false)
#4 C:\xampp\htdocs\etkal\system\Model.php(279): CodeIgniter\Database\BaseBuilder->insert()
#5 C:\xampp\htdocs\etkal\system\BaseModel.php(738): CodeIgniter\Model->doInsert(Array)
#6 C:\xampp\htdocs\etkal\system\Model.php(667): CodeIgniter\BaseModel->insert(Array, true)
#7 C:\xampp\htdocs\etkal\app\Controllers\Meaning.php(85): CodeIgniter\Model->insert(Array)
#8 C:\xampp\htdocs\etkal\system\CodeIgniter.php(907): App\Controllers\Meaning->addmeaning()
#9 C:\xampp\htdocs\etkal\system\CodeIgniter.php(457): CodeIgniter\CodeIgniter->runController(Object(App\Controllers\Meaning))
#10 C:\xampp\htdocs\etkal\system\CodeIgniter.php(340): CodeIgniter\CodeIgniter->handleRequest(NULL, Object(Config\Cache), false)
#11 C:\xampp\htdocs\etkal\index.php(68): CodeIgniter\CodeIgniter->run()
#12 {main}
CRITICAL - 2022-11-16 19:26:56 --> Duplicate entry '<p>የመጀመሪያ ትርጉም</p>-162' for key 'meaning'
in SYSTEMPATH\Database\MySQLi\Connection.php on line 292.
 1 SYSTEMPATH\Database\MySQLi\Connection.php(292): mysqli->query('INSERT INTO `meaning` (`meaning`, `example`, `language_id`, `created_at`, `updated_at`) VALUES (\'<p>የመጀመሪያ ትርጉም</p>\', \'\', \'162\', \'2022-11-16 19:26:56\', \'2022-11-16 19:26:56\')', 0)
 2 SYSTEMPATH\Database\BaseConnection.php(693): CodeIgniter\Database\MySQLi\Connection->execute('INSERT INTO `meaning` (`meaning`, `example`, `language_id`, `created_at`, `updated_at`) VALUES (\'<p>የመጀመሪያ ትርጉም</p>\', \'\', \'162\', \'2022-11-16 19:26:56\', \'2022-11-16 19:26:56\')')
 3 SYSTEMPATH\Database\BaseConnection.php(620): CodeIgniter\Database\BaseConnection->simpleQuery('INSERT INTO `meaning` (`meaning`, `example`, `language_id`, `created_at`, `updated_at`) VALUES (\'<p>የመጀመሪያ ትርጉም</p>\', \'\', \'162\', \'2022-11-16 19:26:56\', \'2022-11-16 19:26:56\')')
 4 SYSTEMPATH\Database\BaseBuilder.php(1916): CodeIgniter\Database\BaseConnection->query('INSERT INTO `meaning` (`meaning`, `example`, `language_id`, `created_at`, `updated_at`) VALUES (:meaning:, :example:, :language_id:, :created_at:, :updated_at:)', [...], false)
 5 SYSTEMPATH\Model.php(279): CodeIgniter\Database\BaseBuilder->insert()
 6 SYSTEMPATH\BaseModel.php(738): CodeIgniter\Model->doInsert([...])
 7 SYSTEMPATH\Model.php(667): CodeIgniter\BaseModel->insert([...], true)
 8 APPPATH\Controllers\Meaning.php(85): CodeIgniter\Model->insert([...])
 9 SYSTEMPATH\CodeIgniter.php(907): App\Controllers\Meaning->addmeaning()
10 SYSTEMPATH\CodeIgniter.php(457): CodeIgniter\CodeIgniter->runController(Object(App\Controllers\Meaning))
11 SYSTEMPATH\CodeIgniter.php(340): CodeIgniter\CodeIgniter->handleRequest(null, Object(Config\Cache), false)
12 FCPATH\index.php(68): CodeIgniter\CodeIgniter->run()
ERROR - 2022-11-16 19:26:59 --> mysqli_sql_exception: Duplicate entry '<p>የመጀመሪያ ትርጉም</p>-162' for key 'meaning' in C:\xampp\htdocs\etkal\system\Database\MySQLi\Connection.php:292
Stack trace:
#0 C:\xampp\htdocs\etkal\system\Database\MySQLi\Connection.php(292): mysqli->query('INSERT INTO `me...', 0)
#1 C:\xampp\htdocs\etkal\system\Database\BaseConnection.php(693): CodeIgniter\Database\MySQLi\Connection->execute('INSERT INTO `me...')
#2 C:\xampp\htdocs\etkal\system\Database\BaseConnection.php(620): CodeIgniter\Database\BaseConnection->simpleQuery('INSERT INTO `me...')
#3 C:\xampp\htdocs\etkal\system\Database\BaseBuilder.php(1916): CodeIgniter\Database\BaseConnection->query('INSERT INTO `me...', Array, false)
#4 C:\xampp\htdocs\etkal\system\Model.php(279): CodeIgniter\Database\BaseBuilder->insert()
#5 C:\xampp\htdocs\etkal\system\BaseModel.php(738): CodeIgniter\Model->doInsert(Array)
#6 C:\xampp\htdocs\etkal\system\Model.php(667): CodeIgniter\BaseModel->insert(Array, true)
#7 C:\xampp\htdocs\etkal\app\Controllers\Meaning.php(85): CodeIgniter\Model->insert(Array)
#8 C:\xampp\htdocs\etkal\system\CodeIgniter.php(907): App\Controllers\Meaning->addmeaning()
#9 C:\xampp\htdocs\etkal\system\CodeIgniter.php(457): CodeIgniter\CodeIgniter->runController(Object(App\Controllers\Meaning))
#10 C:\xampp\htdocs\etkal\system\CodeIgniter.php(340): CodeIgniter\CodeIgniter->handleRequest(NULL, Object(Config\Cache), false)
#11 C:\xampp\htdocs\etkal\index.php(68): CodeIgniter\CodeIgniter->run()
#12 {main}
CRITICAL - 2022-11-16 19:26:59 --> Duplicate entry '<p>የመጀመሪያ ትርጉም</p>-162' for key 'meaning'
in SYSTEMPATH\Database\MySQLi\Connection.php on line 292.
 1 SYSTEMPATH\Database\MySQLi\Connection.php(292): mysqli->query('INSERT INTO `meaning` (`meaning`, `example`, `language_id`, `created_at`, `updated_at`) VALUES (\'<p>የመጀመሪያ ትርጉም</p>\', \'\', \'162\', \'2022-11-16 19:26:59\', \'2022-11-16 19:26:59\')', 0)
 2 SYSTEMPATH\Database\BaseConnection.php(693): CodeIgniter\Database\MySQLi\Connection->execute('INSERT INTO `meaning` (`meaning`, `example`, `language_id`, `created_at`, `updated_at`) VALUES (\'<p>የመጀመሪያ ትርጉም</p>\', \'\', \'162\', \'2022-11-16 19:26:59\', \'2022-11-16 19:26:59\')')
 3 SYSTEMPATH\Database\BaseConnection.php(620): CodeIgniter\Database\BaseConnection->simpleQuery('INSERT INTO `meaning` (`meaning`, `example`, `language_id`, `created_at`, `updated_at`) VALUES (\'<p>የመጀመሪያ ትርጉም</p>\', \'\', \'162\', \'2022-11-16 19:26:59\', \'2022-11-16 19:26:59\')')
 4 SYSTEMPATH\Database\BaseBuilder.php(1916): CodeIgniter\Database\BaseConnection->query('INSERT INTO `meaning` (`meaning`, `example`, `language_id`, `created_at`, `updated_at`) VALUES (:meaning:, :example:, :language_id:, :created_at:, :updated_at:)', [...], false)
 5 SYSTEMPATH\Model.php(279): CodeIgniter\Database\BaseBuilder->insert()
 6 SYSTEMPATH\BaseModel.php(738): CodeIgniter\Model->doInsert([...])
 7 SYSTEMPATH\Model.php(667): CodeIgniter\BaseModel->insert([...], true)
 8 APPPATH\Controllers\Meaning.php(85): CodeIgniter\Model->insert([...])
 9 SYSTEMPATH\CodeIgniter.php(907): App\Controllers\Meaning->addmeaning()
10 SYSTEMPATH\CodeIgniter.php(457): CodeIgniter\CodeIgniter->runController(Object(App\Controllers\Meaning))
11 SYSTEMPATH\CodeIgniter.php(340): CodeIgniter\CodeIgniter->handleRequest(null, Object(Config\Cache), false)
12 FCPATH\index.php(68): CodeIgniter\CodeIgniter->run()
ERROR - 2022-11-16 19:27:11 --> mysqli_sql_exception: Duplicate entry '<p>የመጀመሪያ ትርጉም</p>-162' for key 'meaning' in C:\xampp\htdocs\etkal\system\Database\MySQLi\Connection.php:292
Stack trace:
#0 C:\xampp\htdocs\etkal\system\Database\MySQLi\Connection.php(292): mysqli->query('INSERT INTO `me...', 0)
#1 C:\xampp\htdocs\etkal\system\Database\BaseConnection.php(693): CodeIgniter\Database\MySQLi\Connection->execute('INSERT INTO `me...')
#2 C:\xampp\htdocs\etkal\system\Database\BaseConnection.php(620): CodeIgniter\Database\BaseConnection->simpleQuery('INSERT INTO `me...')
#3 C:\xampp\htdocs\etkal\system\Database\BaseBuilder.php(1916): CodeIgniter\Database\BaseConnection->query('INSERT INTO `me...', Array, false)
#4 C:\xampp\htdocs\etkal\system\Model.php(279): CodeIgniter\Database\BaseBuilder->insert()
#5 C:\xampp\htdocs\etkal\system\BaseModel.php(738): CodeIgniter\Model->doInsert(Array)
#6 C:\xampp\htdocs\etkal\system\Model.php(667): CodeIgniter\BaseModel->insert(Array, true)
#7 C:\xampp\htdocs\etkal\app\Controllers\Meaning.php(85): CodeIgniter\Model->insert(Array)
#8 C:\xampp\htdocs\etkal\system\CodeIgniter.php(907): App\Controllers\Meaning->addmeaning()
#9 C:\xampp\htdocs\etkal\system\CodeIgniter.php(457): CodeIgniter\CodeIgniter->runController(Object(App\Controllers\Meaning))
#10 C:\xampp\htdocs\etkal\system\CodeIgniter.php(340): CodeIgniter\CodeIgniter->handleRequest(NULL, Object(Config\Cache), false)
#11 C:\xampp\htdocs\etkal\index.php(68): CodeIgniter\CodeIgniter->run()
#12 {main}
CRITICAL - 2022-11-16 19:27:11 --> Duplicate entry '<p>የመጀመሪያ ትርጉም</p>-162' for key 'meaning'
in SYSTEMPATH\Database\MySQLi\Connection.php on line 292.
 1 SYSTEMPATH\Database\MySQLi\Connection.php(292): mysqli->query('INSERT INTO `meaning` (`meaning`, `example`, `language_id`, `created_at`, `updated_at`) VALUES (\'<p>የመጀመሪያ ትርጉም</p>\', \'\', \'162\', \'2022-11-16 19:27:11\', \'2022-11-16 19:27:11\')', 0)
 2 SYSTEMPATH\Database\BaseConnection.php(693): CodeIgniter\Database\MySQLi\Connection->execute('INSERT INTO `meaning` (`meaning`, `example`, `language_id`, `created_at`, `updated_at`) VALUES (\'<p>የመጀመሪያ ትርጉም</p>\', \'\', \'162\', \'2022-11-16 19:27:11\', \'2022-11-16 19:27:11\')')
 3 SYSTEMPATH\Database\BaseConnection.php(620): CodeIgniter\Database\BaseConnection->simpleQuery('INSERT INTO `meaning` (`meaning`, `example`, `language_id`, `created_at`, `updated_at`) VALUES (\'<p>የመጀመሪያ ትርጉም</p>\', \'\', \'162\', \'2022-11-16 19:27:11\', \'2022-11-16 19:27:11\')')
 4 SYSTEMPATH\Database\BaseBuilder.php(1916): CodeIgniter\Database\BaseConnection->query('INSERT INTO `meaning` (`meaning`, `example`, `language_id`, `created_at`, `updated_at`) VALUES (:meaning:, :example:, :language_id:, :created_at:, :updated_at:)', [...], false)
 5 SYSTEMPATH\Model.php(279): CodeIgniter\Database\BaseBuilder->insert()
 6 SYSTEMPATH\BaseModel.php(738): CodeIgniter\Model->doInsert([...])
 7 SYSTEMPATH\Model.php(667): CodeIgniter\BaseModel->insert([...], true)
 8 APPPATH\Controllers\Meaning.php(85): CodeIgniter\Model->insert([...])
 9 SYSTEMPATH\CodeIgniter.php(907): App\Controllers\Meaning->addmeaning()
10 SYSTEMPATH\CodeIgniter.php(457): CodeIgniter\CodeIgniter->runController(Object(App\Controllers\Meaning))
11 SYSTEMPATH\CodeIgniter.php(340): CodeIgniter\CodeIgniter->handleRequest(null, Object(Config\Cache), false)
12 FCPATH\index.php(68): CodeIgniter\CodeIgniter->run()
ERROR - 2022-11-16 19:31:33 --> mysqli_sql_exception: Duplicate entry '<p>የመጀመሪያ ትርጉም</p>-162' for key 'meaning' in C:\xampp\htdocs\etkal\system\Database\MySQLi\Connection.php:292
Stack trace:
#0 C:\xampp\htdocs\etkal\system\Database\MySQLi\Connection.php(292): mysqli->query('INSERT INTO `me...', 0)
#1 C:\xampp\htdocs\etkal\system\Database\BaseConnection.php(693): CodeIgniter\Database\MySQLi\Connection->execute('INSERT INTO `me...')
#2 C:\xampp\htdocs\etkal\system\Database\BaseConnection.php(620): CodeIgniter\Database\BaseConnection->simpleQuery('INSERT INTO `me...')
#3 C:\xampp\htdocs\etkal\system\Database\BaseBuilder.php(1916): CodeIgniter\Database\BaseConnection->query('INSERT INTO `me...', Array, false)
#4 C:\xampp\htdocs\etkal\system\Model.php(279): CodeIgniter\Database\BaseBuilder->insert()
#5 C:\xampp\htdocs\etkal\system\BaseModel.php(738): CodeIgniter\Model->doInsert(Array)
#6 C:\xampp\htdocs\etkal\system\Model.php(667): CodeIgniter\BaseModel->insert(Array, true)
#7 C:\xampp\htdocs\etkal\app\Controllers\Meaning.php(85): CodeIgniter\Model->insert(Array)
#8 C:\xampp\htdocs\etkal\system\CodeIgniter.php(907): App\Controllers\Meaning->addmeaning()
#9 C:\xampp\htdocs\etkal\system\CodeIgniter.php(457): CodeIgniter\CodeIgniter->runController(Object(App\Controllers\Meaning))
#10 C:\xampp\htdocs\etkal\system\CodeIgniter.php(340): CodeIgniter\CodeIgniter->handleRequest(NULL, Object(Config\Cache), false)
#11 C:\xampp\htdocs\etkal\index.php(68): CodeIgniter\CodeIgniter->run()
#12 {main}
CRITICAL - 2022-11-16 19:31:33 --> Duplicate entry '<p>የመጀመሪያ ትርጉም</p>-162' for key 'meaning'
in SYSTEMPATH\Database\MySQLi\Connection.php on line 292.
 1 SYSTEMPATH\Database\MySQLi\Connection.php(292): mysqli->query('INSERT INTO `meaning` (`meaning`, `example`, `language_id`, `created_at`, `updated_at`) VALUES (\'<p>የመጀመሪያ ትርጉም</p>\', \'\', \'162\', \'2022-11-16 19:31:33\', \'2022-11-16 19:31:33\')', 0)
 2 SYSTEMPATH\Database\BaseConnection.php(693): CodeIgniter\Database\MySQLi\Connection->execute('INSERT INTO `meaning` (`meaning`, `example`, `language_id`, `created_at`, `updated_at`) VALUES (\'<p>የመጀመሪያ ትርጉም</p>\', \'\', \'162\', \'2022-11-16 19:31:33\', \'2022-11-16 19:31:33\')')
 3 SYSTEMPATH\Database\BaseConnection.php(620): CodeIgniter\Database\BaseConnection->simpleQuery('INSERT INTO `meaning` (`meaning`, `example`, `language_id`, `created_at`, `updated_at`) VALUES (\'<p>የመጀመሪያ ትርጉም</p>\', \'\', \'162\', \'2022-11-16 19:31:33\', \'2022-11-16 19:31:33\')')
 4 SYSTEMPATH\Database\BaseBuilder.php(1916): CodeIgniter\Database\BaseConnection->query('INSERT INTO `meaning` (`meaning`, `example`, `language_id`, `created_at`, `updated_at`) VALUES (:meaning:, :example:, :language_id:, :created_at:, :updated_at:)', [...], false)
 5 SYSTEMPATH\Model.php(279): CodeIgniter\Database\BaseBuilder->insert()
 6 SYSTEMPATH\BaseModel.php(738): CodeIgniter\Model->doInsert([...])
 7 SYSTEMPATH\Model.php(667): CodeIgniter\BaseModel->insert([...], true)
 8 APPPATH\Controllers\Meaning.php(85): CodeIgniter\Model->insert([...])
 9 SYSTEMPATH\CodeIgniter.php(907): App\Controllers\Meaning->addmeaning()
10 SYSTEMPATH\CodeIgniter.php(457): CodeIgniter\CodeIgniter->runController(Object(App\Controllers\Meaning))
11 SYSTEMPATH\CodeIgniter.php(340): CodeIgniter\CodeIgniter->handleRequest(null, Object(Config\Cache), false)
12 FCPATH\index.php(68): CodeIgniter\CodeIgniter->run()
ERROR - 2022-11-16 19:31:37 --> mysqli_sql_exception: Duplicate entry '<p>የመጀመሪያ ትርጉም</p>-162' for key 'meaning' in C:\xampp\htdocs\etkal\system\Database\MySQLi\Connection.php:292
Stack trace:
#0 C:\xampp\htdocs\etkal\system\Database\MySQLi\Connection.php(292): mysqli->query('INSERT INTO `me...', 0)
#1 C:\xampp\htdocs\etkal\system\Database\BaseConnection.php(693): CodeIgniter\Database\MySQLi\Connection->execute('INSERT INTO `me...')
#2 C:\xampp\htdocs\etkal\system\Database\BaseConnection.php(620): CodeIgniter\Database\BaseConnection->simpleQuery('INSERT INTO `me...')
#3 C:\xampp\htdocs\etkal\system\Database\BaseBuilder.php(1916): CodeIgniter\Database\BaseConnection->query('INSERT INTO `me...', Array, false)
#4 C:\xampp\htdocs\etkal\system\Model.php(279): CodeIgniter\Database\BaseBuilder->insert()
#5 C:\xampp\htdocs\etkal\system\BaseModel.php(738): CodeIgniter\Model->doInsert(Array)
#6 C:\xampp\htdocs\etkal\system\Model.php(667): CodeIgniter\BaseModel->insert(Array, true)
#7 C:\xampp\htdocs\etkal\app\Controllers\Meaning.php(85): CodeIgniter\Model->insert(Array)
#8 C:\xampp\htdocs\etkal\system\CodeIgniter.php(907): App\Controllers\Meaning->addmeaning()
#9 C:\xampp\htdocs\etkal\system\CodeIgniter.php(457): CodeIgniter\CodeIgniter->runController(Object(App\Controllers\Meaning))
#10 C:\xampp\htdocs\etkal\system\CodeIgniter.php(340): CodeIgniter\CodeIgniter->handleRequest(NULL, Object(Config\Cache), false)
#11 C:\xampp\htdocs\etkal\index.php(68): CodeIgniter\CodeIgniter->run()
#12 {main}
CRITICAL - 2022-11-16 19:31:37 --> Duplicate entry '<p>የመጀመሪያ ትርጉም</p>-162' for key 'meaning'
in SYSTEMPATH\Database\MySQLi\Connection.php on line 292.
 1 SYSTEMPATH\Database\MySQLi\Connection.php(292): mysqli->query('INSERT INTO `meaning` (`meaning`, `example`, `language_id`, `created_at`, `updated_at`) VALUES (\'<p>የመጀመሪያ ትርጉም</p>\', \'\', \'162\', \'2022-11-16 19:31:37\', \'2022-11-16 19:31:37\')', 0)
 2 SYSTEMPATH\Database\BaseConnection.php(693): CodeIgniter\Database\MySQLi\Connection->execute('INSERT INTO `meaning` (`meaning`, `example`, `language_id`, `created_at`, `updated_at`) VALUES (\'<p>የመጀመሪያ ትርጉም</p>\', \'\', \'162\', \'2022-11-16 19:31:37\', \'2022-11-16 19:31:37\')')
 3 SYSTEMPATH\Database\BaseConnection.php(620): CodeIgniter\Database\BaseConnection->simpleQuery('INSERT INTO `meaning` (`meaning`, `example`, `language_id`, `created_at`, `updated_at`) VALUES (\'<p>የመጀመሪያ ትርጉም</p>\', \'\', \'162\', \'2022-11-16 19:31:37\', \'2022-11-16 19:31:37\')')
 4 SYSTEMPATH\Database\BaseBuilder.php(1916): CodeIgniter\Database\BaseConnection->query('INSERT INTO `meaning` (`meaning`, `example`, `language_id`, `created_at`, `updated_at`) VALUES (:meaning:, :example:, :language_id:, :created_at:, :updated_at:)', [...], false)
 5 SYSTEMPATH\Model.php(279): CodeIgniter\Database\BaseBuilder->insert()
 6 SYSTEMPATH\BaseModel.php(738): CodeIgniter\Model->doInsert([...])
 7 SYSTEMPATH\Model.php(667): CodeIgniter\BaseModel->insert([...], true)
 8 APPPATH\Controllers\Meaning.php(85): CodeIgniter\Model->insert([...])
 9 SYSTEMPATH\CodeIgniter.php(907): App\Controllers\Meaning->addmeaning()
10 SYSTEMPATH\CodeIgniter.php(457): CodeIgniter\CodeIgniter->runController(Object(App\Controllers\Meaning))
11 SYSTEMPATH\CodeIgniter.php(340): CodeIgniter\CodeIgniter->handleRequest(null, Object(Config\Cache), false)
12 FCPATH\index.php(68): CodeIgniter\CodeIgniter->run()
