CRITICAL - 2023-03-01 09:03:36 --> array_push(): Argument #1 ($array) must be of type array, null given
in APPPATH\Controllers\Dictionary.php on line 105.
 1 APPPATH\Controllers\Dictionary.php(105): array_push(null, 'C:\\xampp\\htdocs\\etkal', '<a href="http://localhost/etkal/dictionarypage/4">View</a>')
 2 SYSTEMPATH\CodeIgniter.php(907): App\Controllers\Dictionary->dictionarypage('4')
 3 SYSTEMPATH\CodeIgniter.php(457): CodeIgniter\CodeIgniter->runController(Object(App\Controllers\Dictionary))
 4 SYSTEMPATH\CodeIgniter.php(340): CodeIgniter\CodeIgniter->handleRequest(null, Object(Config\Cache), false)
 5 FCPATH\index.php(68): CodeIgniter\CodeIgniter->run()
CRITICAL - 2023-03-01 09:38:18 --> Undefined array key "word_count"
in APPPATH\Controllers\Dictionary.php on line 112.
 1 APPPATH\Controllers\Dictionary.php(112): CodeIgniter\Debug\Exceptions->errorHandler(2, 'Undefined array key "word_count"', 'APPPATH\\Controllers\\Dictionary.php', 112)
 2 SYSTEMPATH\CodeIgniter.php(907): App\Controllers\Dictionary->dictionarypage('4')
 3 SYSTEMPATH\CodeIgniter.php(457): CodeIgniter\CodeIgniter->runController(Object(App\Controllers\Dictionary))
 4 SYSTEMPATH\CodeIgniter.php(340): CodeIgniter\CodeIgniter->handleRequest(null, Object(Config\Cache), false)
 5 FCPATH\index.php(68): CodeIgniter\CodeIgniter->run()
ERROR - 2023-03-01 10:33:42 --> mysqli_sql_exception: You have an error in your SQL syntax; check the manual that corresponds to your MariaDB server version for the right syntax to use near 'FROM (`dictionary`, `dictionary` as `d`)
JOIN `word_meaning` AS `wm` ON `d`.`...' at line 4 in C:\xampp\htdocs\etkal\system\Database\MySQLi\Connection.php:292
Stack trace:
#0 C:\xampp\htdocs\etkal\system\Database\MySQLi\Connection.php(292): mysqli->query('SELECT COUNT(*)...', 0)
#1 C:\xampp\htdocs\etkal\system\Database\BaseConnection.php(693): CodeIgniter\Database\MySQLi\Connection->execute('SELECT COUNT(*)...')
#2 C:\xampp\htdocs\etkal\system\Database\BaseConnection.php(620): CodeIgniter\Database\BaseConnection->simpleQuery('SELECT COUNT(*)...')
#3 C:\xampp\htdocs\etkal\system\Database\BaseBuilder.php(1669): CodeIgniter\Database\BaseConnection->query('SELECT COUNT(*)...', Array, false)
#4 C:\xampp\htdocs\etkal\system\Model.php(551): CodeIgniter\Database\BaseBuilder->countAllResults(false)
#5 C:\xampp\htdocs\etkal\system\BaseModel.php(1085): CodeIgniter\Model->countAllResults(false)
#6 C:\xampp\htdocs\etkal\app\Controllers\Dictionary.php(93): CodeIgniter\BaseModel->paginate(50)
#7 C:\xampp\htdocs\etkal\system\CodeIgniter.php(907): App\Controllers\Dictionary->dictionarypage('4', '1')
#8 C:\xampp\htdocs\etkal\system\CodeIgniter.php(457): CodeIgniter\CodeIgniter->runController(Object(App\Controllers\Dictionary))
#9 C:\xampp\htdocs\etkal\system\CodeIgniter.php(340): CodeIgniter\CodeIgniter->handleRequest(NULL, Object(Config\Cache), false)
#10 C:\xampp\htdocs\etkal\index.php(68): CodeIgniter\CodeIgniter->run()
#11 {main}
CRITICAL - 2023-03-01 10:33:42 --> You have an error in your SQL syntax; check the manual that corresponds to your MariaDB server version for the right syntax to use near 'FROM (`dictionary`, `dictionary` as `d`)
JOIN `word_meaning` AS `wm` ON `d`.`...' at line 4
in SYSTEMPATH\Database\MySQLi\Connection.php on line 292.
 1 SYSTEMPATH\Database\MySQLi\Connection.php(292): mysqli->query('SELECT COUNT(*) AS `numrows`
FROM (
SELECT ROW_NUMBER() over(ORDER BY wm.word_meaning_id, m.meaning_id) AS row_num, `d`.`short_name`, `w`.`word`, `m`.`meaning`, `m`.`example`, `wm`.`comment`, `wm`.`page_no`, `d`.`dictionary_id`, COUNT(DISTINCTm.meaning_id)) AS word_count
FROM (`dictionary`, `dictionary` as `d`)
JOIN `word_meaning` AS `wm` ON `d`.`dictionary_id` = `wm`.`dictionary_id`
JOIN `words` AS `w` ON `wm`.`word_id` = `w`.`word_id`
JOIN `meanings` AS `m` ON `wm`.`meaning_id` = `m`.`meaning_id`
WHERE `d`.`dictionary_id` = \'4\'
AND `wm`.`page_no` = \'1\'
AND `d`.`flag` <= \'10\'
GROUP BY `m`.`meaning_id`, `wm`.`word_meaning_id`
) CI_count_all_results', 0)
 2 SYSTEMPATH\Database\BaseConnection.php(693): CodeIgniter\Database\MySQLi\Connection->execute('SELECT COUNT(*) AS `numrows`
FROM (
SELECT ROW_NUMBER() over(ORDER BY wm.word_meaning_id, m.meaning_id) AS row_num, `d`.`short_name`, `w`.`word`, `m`.`meaning`, `m`.`example`, `wm`.`comment`, `wm`.`page_no`, `d`.`dictionary_id`, COUNT(DISTINCTm.meaning_id)) AS word_count
FROM (`dictionary`, `dictionary` as `d`)
JOIN `word_meaning` AS `wm` ON `d`.`dictionary_id` = `wm`.`dictionary_id`
JOIN `words` AS `w` ON `wm`.`word_id` = `w`.`word_id`
JOIN `meanings` AS `m` ON `wm`.`meaning_id` = `m`.`meaning_id`
WHERE `d`.`dictionary_id` = \'4\'
AND `wm`.`page_no` = \'1\'
AND `d`.`flag` <= \'10\'
GROUP BY `m`.`meaning_id`, `wm`.`word_meaning_id`
) CI_count_all_results')
 3 SYSTEMPATH\Database\BaseConnection.php(620): CodeIgniter\Database\BaseConnection->simpleQuery('SELECT COUNT(*) AS `numrows`
FROM (
SELECT ROW_NUMBER() over(ORDER BY wm.word_meaning_id, m.meaning_id) AS row_num, `d`.`short_name`, `w`.`word`, `m`.`meaning`, `m`.`example`, `wm`.`comment`, `wm`.`page_no`, `d`.`dictionary_id`, COUNT(DISTINCTm.meaning_id)) AS word_count
FROM (`dictionary`, `dictionary` as `d`)
JOIN `word_meaning` AS `wm` ON `d`.`dictionary_id` = `wm`.`dictionary_id`
JOIN `words` AS `w` ON `wm`.`word_id` = `w`.`word_id`
JOIN `meanings` AS `m` ON `wm`.`meaning_id` = `m`.`meaning_id`
WHERE `d`.`dictionary_id` = \'4\'
AND `wm`.`page_no` = \'1\'
AND `d`.`flag` <= \'10\'
GROUP BY `m`.`meaning_id`, `wm`.`word_meaning_id`
) CI_count_all_results')
 4 SYSTEMPATH\Database\BaseBuilder.php(1669): CodeIgniter\Database\BaseConnection->query('SELECT COUNT(*) AS `numrows`
FROM (
SELECT ROW_NUMBER() over(ORDER BY wm.word_meaning_id, m.meaning_id) AS row_num, `d`.`short_name`, `w`.`word`, `m`.`meaning`, `m`.`example`, `wm`.`comment`, `wm`.`page_no`, `d`.`dictionary_id`, COUNT(DISTINCTm.meaning_id)) AS word_count
FROM (`dictionary`, `dictionary` as `d`)
JOIN `word_meaning` AS `wm` ON `d`.`dictionary_id` = `wm`.`dictionary_id`
JOIN `words` AS `w` ON `wm`.`word_id` = `w`.`word_id`
JOIN `meanings` AS `m` ON `wm`.`meaning_id` = `m`.`meaning_id`
WHERE `d`.`dictionary_id` = :d.dictionary_id:
AND `wm`.`page_no` = :wm.page_no:
AND `d`.`flag` <= :d.flag:
GROUP BY `m`.`meaning_id`, `wm`.`word_meaning_id`
) CI_count_all_results', [...], false)
 5 SYSTEMPATH\Model.php(551): CodeIgniter\Database\BaseBuilder->countAllResults(false)
 6 SYSTEMPATH\BaseModel.php(1085): CodeIgniter\Model->countAllResults(false)
 7 APPPATH\Controllers\Dictionary.php(93): CodeIgniter\BaseModel->paginate(50)
 8 SYSTEMPATH\CodeIgniter.php(907): App\Controllers\Dictionary->dictionarypage('4', '1')
 9 SYSTEMPATH\CodeIgniter.php(457): CodeIgniter\CodeIgniter->runController(Object(App\Controllers\Dictionary))
10 SYSTEMPATH\CodeIgniter.php(340): CodeIgniter\CodeIgniter->handleRequest(null, Object(Config\Cache), false)
11 FCPATH\index.php(68): CodeIgniter\CodeIgniter->run()
CRITICAL - 2023-03-01 16:30:48 --> array_push(): Argument #1 ($array) must be of type array, string given
in APPPATH\Controllers\Dictionary.php on line 109.
 1 APPPATH\Controllers\Dictionary.php(109): array_push('94')
 2 SYSTEMPATH\CodeIgniter.php(907): App\Controllers\Dictionary->dictionarypage('4')
 3 SYSTEMPATH\CodeIgniter.php(457): CodeIgniter\CodeIgniter->runController(Object(App\Controllers\Dictionary))
 4 SYSTEMPATH\CodeIgniter.php(340): CodeIgniter\CodeIgniter->handleRequest(null, Object(Config\Cache), false)
 5 FCPATH\index.php(68): CodeIgniter\CodeIgniter->run()
CRITICAL - 2023-03-01 17:02:04 --> Undefined array key "page_no"
in APPPATH\Models\WordMeaningModel.php on line 85.
 1 APPPATH\Models\WordMeaningModel.php(85): CodeIgniter\Debug\Exceptions->errorHandler(2, 'Undefined array key "page_no"', 'APPPATH\\Models\\WordMeaningModel.php', 85)
 2 APPPATH\Controllers\Meaning.php(88): App\Models\WordMeaningModel->toinsert_word_meaning([...])
 3 SYSTEMPATH\CodeIgniter.php(907): App\Controllers\Meaning->addmeaning()
 4 SYSTEMPATH\CodeIgniter.php(457): CodeIgniter\CodeIgniter->runController(Object(App\Controllers\Meaning))
 5 SYSTEMPATH\CodeIgniter.php(340): CodeIgniter\CodeIgniter->handleRequest(null, Object(Config\Cache), false)
 6 FCPATH\index.php(68): CodeIgniter\CodeIgniter->run()
CRITICAL - 2023-03-01 18:21:59 --> Undefined array key "word_count"
in APPPATH\Controllers\Dictionary.php on line 107.
 1 APPPATH\Controllers\Dictionary.php(107): CodeIgniter\Debug\Exceptions->errorHandler(2, 'Undefined array key "word_count"', 'APPPATH\\Controllers\\Dictionary.php', 107)
 2 SYSTEMPATH\CodeIgniter.php(907): App\Controllers\Dictionary->dictionarypage('4', '1')
 3 SYSTEMPATH\CodeIgniter.php(457): CodeIgniter\CodeIgniter->runController(Object(App\Controllers\Dictionary))
 4 SYSTEMPATH\CodeIgniter.php(340): CodeIgniter\CodeIgniter->handleRequest(null, Object(Config\Cache), false)
 5 FCPATH\index.php(68): CodeIgniter\CodeIgniter->run()
