ERROR - 2023-01-23 12:48:23 --> mysqli_sql_exception: You have an error in your SQL syntax; check the manual that corresponds to your MariaDB server version for the right syntax to use near 'LIKE '%5%' ESCAPE '!' 
GROUP BY `w`.`word`
) CI_count_all_results' at line 11 in C:\xampp\htdocs\etkal\system\Database\MySQLi\Connection.php:292
Stack trace:
#0 C:\xampp\htdocs\etkal\system\Database\MySQLi\Connection.php(292): mysqli->query('SELECT COUNT(*)...', 0)
#1 C:\xampp\htdocs\etkal\system\Database\BaseConnection.php(693): CodeIgniter\Database\MySQLi\Connection->execute('SELECT COUNT(*)...')
#2 C:\xampp\htdocs\etkal\system\Database\BaseConnection.php(620): CodeIgniter\Database\BaseConnection->simpleQuery('SELECT COUNT(*)...')
#3 C:\xampp\htdocs\etkal\system\Database\BaseBuilder.php(1669): CodeIgniter\Database\BaseConnection->query('SELECT COUNT(*)...', Array, false)
#4 C:\xampp\htdocs\etkal\system\Model.php(551): CodeIgniter\Database\BaseBuilder->countAllResults(false)
#5 C:\xampp\htdocs\etkal\system\BaseModel.php(1085): CodeIgniter\Model->countAllResults(false)
#6 C:\xampp\htdocs\etkal\app\Controllers\Search.php(26): CodeIgniter\BaseModel->paginate(10)
#7 C:\xampp\htdocs\etkal\system\CodeIgniter.php(907): App\Controllers\Search->index()
#8 C:\xampp\htdocs\etkal\system\CodeIgniter.php(457): CodeIgniter\CodeIgniter->runController(Object(App\Controllers\Search))
#9 C:\xampp\htdocs\etkal\system\CodeIgniter.php(340): CodeIgniter\CodeIgniter->handleRequest(NULL, Object(Config\Cache), false)
#10 C:\xampp\htdocs\etkal\index.php(68): CodeIgniter\CodeIgniter->run()
#11 {main}
CRITICAL - 2023-01-23 12:48:23 --> You have an error in your SQL syntax; check the manual that corresponds to your MariaDB server version for the right syntax to use near 'LIKE '%5%' ESCAPE '!' 
GROUP BY `w`.`word`
) CI_count_all_results' at line 11
in SYSTEMPATH\Database\MySQLi\Connection.php on line 292.
 1 SYSTEMPATH\Database\MySQLi\Connection.php(292): mysqli->query('SELECT COUNT(*) AS `numrows`
FROM (
SELECT ROW_NUMBER() over ( order by w.word ASC) AS row_num, `w`.`word_id`, `w`.`word`, `w`.`pronunciation`, `w`.`accessibility`, `m`.`meaning`, `m`.`example`, `m`.`homonyms`, `m`.`part_of_speech_id`, `m`.`meaning_image`, `m`.`created_at`, `u`.`firstname`, `u`.`lastname`, `u`.`email`, `u`.`image`, `d`.`full_name`, `d`.`short_name`, `word_meaning`.`word_meaning_id`, `num_like`, `num_dislike`, sum(us.suggestion = 3) as FLAGE, `ps`.`part_of_speech`, `ps`.`abbreviation`
FROM `word_meaning`
JOIN `words` as `w` ON `word_meaning`.`word_id` = `w`.`word_id`
JOIN `meanings` AS `m` ON `word_meaning`.`meaning_id` = `m`.`meaning_id`
JOIN `users` AS `u` ON `word_meaning`.`user_id` = `u`.`user_id`
JOIN `dictionary` AS `d` ON `word_meaning`.`dictionary_id` = `d`.`dictionary_id`
LEFT JOIN `user_suggestions` AS `us` ON `word_meaning`.`word_meaning_id` = `us`.`word_meaning_id`
LEFT JOIN `parts_of_speechs` AS `ps` ON `m`.`part_of_speech_id` = `ps`.`part_of_speech_id`
WHERE `d`.`flag` > LIKE \'%5%\' ESCAPE \'!\' 
GROUP BY `w`.`word`
) CI_count_all_results', 0)
 2 SYSTEMPATH\Database\BaseConnection.php(693): CodeIgniter\Database\MySQLi\Connection->execute('SELECT COUNT(*) AS `numrows`
FROM (
SELECT ROW_NUMBER() over ( order by w.word ASC) AS row_num, `w`.`word_id`, `w`.`word`, `w`.`pronunciation`, `w`.`accessibility`, `m`.`meaning`, `m`.`example`, `m`.`homonyms`, `m`.`part_of_speech_id`, `m`.`meaning_image`, `m`.`created_at`, `u`.`firstname`, `u`.`lastname`, `u`.`email`, `u`.`image`, `d`.`full_name`, `d`.`short_name`, `word_meaning`.`word_meaning_id`, `num_like`, `num_dislike`, sum(us.suggestion = 3) as FLAGE, `ps`.`part_of_speech`, `ps`.`abbreviation`
FROM `word_meaning`
JOIN `words` as `w` ON `word_meaning`.`word_id` = `w`.`word_id`
JOIN `meanings` AS `m` ON `word_meaning`.`meaning_id` = `m`.`meaning_id`
JOIN `users` AS `u` ON `word_meaning`.`user_id` = `u`.`user_id`
JOIN `dictionary` AS `d` ON `word_meaning`.`dictionary_id` = `d`.`dictionary_id`
LEFT JOIN `user_suggestions` AS `us` ON `word_meaning`.`word_meaning_id` = `us`.`word_meaning_id`
LEFT JOIN `parts_of_speechs` AS `ps` ON `m`.`part_of_speech_id` = `ps`.`part_of_speech_id`
WHERE `d`.`flag` > LIKE \'%5%\' ESCAPE \'!\' 
GROUP BY `w`.`word`
) CI_count_all_results')
 3 SYSTEMPATH\Database\BaseConnection.php(620): CodeIgniter\Database\BaseConnection->simpleQuery('SELECT COUNT(*) AS `numrows`
FROM (
SELECT ROW_NUMBER() over ( order by w.word ASC) AS row_num, `w`.`word_id`, `w`.`word`, `w`.`pronunciation`, `w`.`accessibility`, `m`.`meaning`, `m`.`example`, `m`.`homonyms`, `m`.`part_of_speech_id`, `m`.`meaning_image`, `m`.`created_at`, `u`.`firstname`, `u`.`lastname`, `u`.`email`, `u`.`image`, `d`.`full_name`, `d`.`short_name`, `word_meaning`.`word_meaning_id`, `num_like`, `num_dislike`, sum(us.suggestion = 3) as FLAGE, `ps`.`part_of_speech`, `ps`.`abbreviation`
FROM `word_meaning`
JOIN `words` as `w` ON `word_meaning`.`word_id` = `w`.`word_id`
JOIN `meanings` AS `m` ON `word_meaning`.`meaning_id` = `m`.`meaning_id`
JOIN `users` AS `u` ON `word_meaning`.`user_id` = `u`.`user_id`
JOIN `dictionary` AS `d` ON `word_meaning`.`dictionary_id` = `d`.`dictionary_id`
LEFT JOIN `user_suggestions` AS `us` ON `word_meaning`.`word_meaning_id` = `us`.`word_meaning_id`
LEFT JOIN `parts_of_speechs` AS `ps` ON `m`.`part_of_speech_id` = `ps`.`part_of_speech_id`
WHERE `d`.`flag` > LIKE \'%5%\' ESCAPE \'!\' 
GROUP BY `w`.`word`
) CI_count_all_results')
 4 SYSTEMPATH\Database\BaseBuilder.php(1669): CodeIgniter\Database\BaseConnection->query('SELECT COUNT(*) AS `numrows`
FROM (
SELECT ROW_NUMBER() over ( order by w.word ASC) AS row_num, `w`.`word_id`, `w`.`word`, `w`.`pronunciation`, `w`.`accessibility`, `m`.`meaning`, `m`.`example`, `m`.`homonyms`, `m`.`part_of_speech_id`, `m`.`meaning_image`, `m`.`created_at`, `u`.`firstname`, `u`.`lastname`, `u`.`email`, `u`.`image`, `d`.`full_name`, `d`.`short_name`, `word_meaning`.`word_meaning_id`, `num_like`, `num_dislike`, sum(us.suggestion = 3) as FLAGE, `ps`.`part_of_speech`, `ps`.`abbreviation`
FROM `word_meaning`
JOIN `words` as `w` ON `word_meaning`.`word_id` = `w`.`word_id`
JOIN `meanings` AS `m` ON `word_meaning`.`meaning_id` = `m`.`meaning_id`
JOIN `users` AS `u` ON `word_meaning`.`user_id` = `u`.`user_id`
JOIN `dictionary` AS `d` ON `word_meaning`.`dictionary_id` = `d`.`dictionary_id`
LEFT JOIN `user_suggestions` AS `us` ON `word_meaning`.`word_meaning_id` = `us`.`word_meaning_id`
LEFT JOIN `parts_of_speechs` AS `ps` ON `m`.`part_of_speech_id` = `ps`.`part_of_speech_id`
WHERE `d`.`flag` > LIKE :d.flag > : ESCAPE \'!\' 
GROUP BY `w`.`word`
) CI_count_all_results', [...], false)
 5 SYSTEMPATH\Model.php(551): CodeIgniter\Database\BaseBuilder->countAllResults(false)
 6 SYSTEMPATH\BaseModel.php(1085): CodeIgniter\Model->countAllResults(false)
 7 APPPATH\Controllers\Search.php(26): CodeIgniter\BaseModel->paginate(10)
 8 SYSTEMPATH\CodeIgniter.php(907): App\Controllers\Search->index()
 9 SYSTEMPATH\CodeIgniter.php(457): CodeIgniter\CodeIgniter->runController(Object(App\Controllers\Search))
10 SYSTEMPATH\CodeIgniter.php(340): CodeIgniter\CodeIgniter->handleRequest(null, Object(Config\Cache), false)
11 FCPATH\index.php(68): CodeIgniter\CodeIgniter->run()
ERROR - 2023-01-23 12:50:41 --> mysqli_sql_exception: You have an error in your SQL syntax; check the manual that corresponds to your MariaDB server version for the right syntax to use near 'LIKE '%3%' ESCAPE '!' 
GROUP BY `w`.`word`
) CI_count_all_results' at line 11 in C:\xampp\htdocs\etkal\system\Database\MySQLi\Connection.php:292
Stack trace:
#0 C:\xampp\htdocs\etkal\system\Database\MySQLi\Connection.php(292): mysqli->query('SELECT COUNT(*)...', 0)
#1 C:\xampp\htdocs\etkal\system\Database\BaseConnection.php(693): CodeIgniter\Database\MySQLi\Connection->execute('SELECT COUNT(*)...')
#2 C:\xampp\htdocs\etkal\system\Database\BaseConnection.php(620): CodeIgniter\Database\BaseConnection->simpleQuery('SELECT COUNT(*)...')
#3 C:\xampp\htdocs\etkal\system\Database\BaseBuilder.php(1669): CodeIgniter\Database\BaseConnection->query('SELECT COUNT(*)...', Array, false)
#4 C:\xampp\htdocs\etkal\system\Model.php(551): CodeIgniter\Database\BaseBuilder->countAllResults(false)
#5 C:\xampp\htdocs\etkal\system\BaseModel.php(1085): CodeIgniter\Model->countAllResults(false)
#6 C:\xampp\htdocs\etkal\app\Controllers\Search.php(26): CodeIgniter\BaseModel->paginate(10)
#7 C:\xampp\htdocs\etkal\system\CodeIgniter.php(907): App\Controllers\Search->index()
#8 C:\xampp\htdocs\etkal\system\CodeIgniter.php(457): CodeIgniter\CodeIgniter->runController(Object(App\Controllers\Search))
#9 C:\xampp\htdocs\etkal\system\CodeIgniter.php(340): CodeIgniter\CodeIgniter->handleRequest(NULL, Object(Config\Cache), false)
#10 C:\xampp\htdocs\etkal\index.php(68): CodeIgniter\CodeIgniter->run()
#11 {main}
CRITICAL - 2023-01-23 12:50:41 --> You have an error in your SQL syntax; check the manual that corresponds to your MariaDB server version for the right syntax to use near 'LIKE '%3%' ESCAPE '!' 
GROUP BY `w`.`word`
) CI_count_all_results' at line 11
in SYSTEMPATH\Database\MySQLi\Connection.php on line 292.
 1 SYSTEMPATH\Database\MySQLi\Connection.php(292): mysqli->query('SELECT COUNT(*) AS `numrows`
FROM (
SELECT ROW_NUMBER() over ( order by w.word ASC) AS row_num, `w`.`word_id`, `w`.`word`, `w`.`pronunciation`, `w`.`accessibility`, `m`.`meaning`, `m`.`example`, `m`.`homonyms`, `m`.`part_of_speech_id`, `m`.`meaning_image`, `m`.`created_at`, `u`.`firstname`, `u`.`lastname`, `u`.`email`, `u`.`image`, `d`.`full_name`, `d`.`short_name`, `word_meaning`.`word_meaning_id`, `num_like`, `num_dislike`, sum(us.suggestion = 3) as FLAGE, `ps`.`part_of_speech`, `ps`.`abbreviation`
FROM `word_meaning`
JOIN `words` as `w` ON `word_meaning`.`word_id` = `w`.`word_id`
JOIN `meanings` AS `m` ON `word_meaning`.`meaning_id` = `m`.`meaning_id`
JOIN `users` AS `u` ON `word_meaning`.`user_id` = `u`.`user_id`
JOIN `dictionary` AS `d` ON `word_meaning`.`dictionary_id` = `d`.`dictionary_id`
LEFT JOIN `user_suggestions` AS `us` ON `word_meaning`.`word_meaning_id` = `us`.`word_meaning_id`
LEFT JOIN `parts_of_speechs` AS `ps` ON `m`.`part_of_speech_id` = `ps`.`part_of_speech_id`
WHERE `d`.`flag` <= LIKE \'%3%\' ESCAPE \'!\' 
GROUP BY `w`.`word`
) CI_count_all_results', 0)
 2 SYSTEMPATH\Database\BaseConnection.php(693): CodeIgniter\Database\MySQLi\Connection->execute('SELECT COUNT(*) AS `numrows`
FROM (
SELECT ROW_NUMBER() over ( order by w.word ASC) AS row_num, `w`.`word_id`, `w`.`word`, `w`.`pronunciation`, `w`.`accessibility`, `m`.`meaning`, `m`.`example`, `m`.`homonyms`, `m`.`part_of_speech_id`, `m`.`meaning_image`, `m`.`created_at`, `u`.`firstname`, `u`.`lastname`, `u`.`email`, `u`.`image`, `d`.`full_name`, `d`.`short_name`, `word_meaning`.`word_meaning_id`, `num_like`, `num_dislike`, sum(us.suggestion = 3) as FLAGE, `ps`.`part_of_speech`, `ps`.`abbreviation`
FROM `word_meaning`
JOIN `words` as `w` ON `word_meaning`.`word_id` = `w`.`word_id`
JOIN `meanings` AS `m` ON `word_meaning`.`meaning_id` = `m`.`meaning_id`
JOIN `users` AS `u` ON `word_meaning`.`user_id` = `u`.`user_id`
JOIN `dictionary` AS `d` ON `word_meaning`.`dictionary_id` = `d`.`dictionary_id`
LEFT JOIN `user_suggestions` AS `us` ON `word_meaning`.`word_meaning_id` = `us`.`word_meaning_id`
LEFT JOIN `parts_of_speechs` AS `ps` ON `m`.`part_of_speech_id` = `ps`.`part_of_speech_id`
WHERE `d`.`flag` <= LIKE \'%3%\' ESCAPE \'!\' 
GROUP BY `w`.`word`
) CI_count_all_results')
 3 SYSTEMPATH\Database\BaseConnection.php(620): CodeIgniter\Database\BaseConnection->simpleQuery('SELECT COUNT(*) AS `numrows`
FROM (
SELECT ROW_NUMBER() over ( order by w.word ASC) AS row_num, `w`.`word_id`, `w`.`word`, `w`.`pronunciation`, `w`.`accessibility`, `m`.`meaning`, `m`.`example`, `m`.`homonyms`, `m`.`part_of_speech_id`, `m`.`meaning_image`, `m`.`created_at`, `u`.`firstname`, `u`.`lastname`, `u`.`email`, `u`.`image`, `d`.`full_name`, `d`.`short_name`, `word_meaning`.`word_meaning_id`, `num_like`, `num_dislike`, sum(us.suggestion = 3) as FLAGE, `ps`.`part_of_speech`, `ps`.`abbreviation`
FROM `word_meaning`
JOIN `words` as `w` ON `word_meaning`.`word_id` = `w`.`word_id`
JOIN `meanings` AS `m` ON `word_meaning`.`meaning_id` = `m`.`meaning_id`
JOIN `users` AS `u` ON `word_meaning`.`user_id` = `u`.`user_id`
JOIN `dictionary` AS `d` ON `word_meaning`.`dictionary_id` = `d`.`dictionary_id`
LEFT JOIN `user_suggestions` AS `us` ON `word_meaning`.`word_meaning_id` = `us`.`word_meaning_id`
LEFT JOIN `parts_of_speechs` AS `ps` ON `m`.`part_of_speech_id` = `ps`.`part_of_speech_id`
WHERE `d`.`flag` <= LIKE \'%3%\' ESCAPE \'!\' 
GROUP BY `w`.`word`
) CI_count_all_results')
 4 SYSTEMPATH\Database\BaseBuilder.php(1669): CodeIgniter\Database\BaseConnection->query('SELECT COUNT(*) AS `numrows`
FROM (
SELECT ROW_NUMBER() over ( order by w.word ASC) AS row_num, `w`.`word_id`, `w`.`word`, `w`.`pronunciation`, `w`.`accessibility`, `m`.`meaning`, `m`.`example`, `m`.`homonyms`, `m`.`part_of_speech_id`, `m`.`meaning_image`, `m`.`created_at`, `u`.`firstname`, `u`.`lastname`, `u`.`email`, `u`.`image`, `d`.`full_name`, `d`.`short_name`, `word_meaning`.`word_meaning_id`, `num_like`, `num_dislike`, sum(us.suggestion = 3) as FLAGE, `ps`.`part_of_speech`, `ps`.`abbreviation`
FROM `word_meaning`
JOIN `words` as `w` ON `word_meaning`.`word_id` = `w`.`word_id`
JOIN `meanings` AS `m` ON `word_meaning`.`meaning_id` = `m`.`meaning_id`
JOIN `users` AS `u` ON `word_meaning`.`user_id` = `u`.`user_id`
JOIN `dictionary` AS `d` ON `word_meaning`.`dictionary_id` = `d`.`dictionary_id`
LEFT JOIN `user_suggestions` AS `us` ON `word_meaning`.`word_meaning_id` = `us`.`word_meaning_id`
LEFT JOIN `parts_of_speechs` AS `ps` ON `m`.`part_of_speech_id` = `ps`.`part_of_speech_id`
WHERE `d`.`flag` <= LIKE :d.flag <= : ESCAPE \'!\' 
GROUP BY `w`.`word`
) CI_count_all_results', [...], false)
 5 SYSTEMPATH\Model.php(551): CodeIgniter\Database\BaseBuilder->countAllResults(false)
 6 SYSTEMPATH\BaseModel.php(1085): CodeIgniter\Model->countAllResults(false)
 7 APPPATH\Controllers\Search.php(26): CodeIgniter\BaseModel->paginate(10)
 8 SYSTEMPATH\CodeIgniter.php(907): App\Controllers\Search->index()
 9 SYSTEMPATH\CodeIgniter.php(457): CodeIgniter\CodeIgniter->runController(Object(App\Controllers\Search))
10 SYSTEMPATH\CodeIgniter.php(340): CodeIgniter\CodeIgniter->handleRequest(null, Object(Config\Cache), false)
11 FCPATH\index.php(68): CodeIgniter\CodeIgniter->run()
