CRITICAL - 2022-11-30 07:36:26 --> Call to a member function getRandomName() on null
in APPPATH\Controllers\Meaning.php on line 93.
 1 SYSTEMPATH\CodeIgniter.php(907): App\Controllers\Meaning->addmeaning()
 2 SYSTEMPATH\CodeIgniter.php(457): CodeIgniter\CodeIgniter->runController(Object(App\Controllers\Meaning))
 3 SYSTEMPATH\CodeIgniter.php(340): CodeIgniter\CodeIgniter->handleRequest(null, Object(Config\Cache), false)
 4 FCPATH\index.php(68): CodeIgniter\CodeIgniter->run()
CRITICAL - 2022-11-30 09:06:40 --> Call to a member function getRandomName() on null
in APPPATH\Controllers\Meaning.php on line 93.
 1 SYSTEMPATH\CodeIgniter.php(907): App\Controllers\Meaning->addmeaning()
 2 SYSTEMPATH\CodeIgniter.php(457): CodeIgniter\CodeIgniter->runController(Object(App\Controllers\Meaning))
 3 SYSTEMPATH\CodeIgniter.php(340): CodeIgniter\CodeIgniter->handleRequest(null, Object(Config\Cache), false)
 4 FCPATH\index.php(68): CodeIgniter\CodeIgniter->run()
CRITICAL - 2022-11-30 09:18:34 --> Call to a member function getRandomName() on null
in APPPATH\Controllers\Meaning.php on line 93.
 1 SYSTEMPATH\CodeIgniter.php(907): App\Controllers\Meaning->addmeaning()
 2 SYSTEMPATH\CodeIgniter.php(457): CodeIgniter\CodeIgniter->runController(Object(App\Controllers\Meaning))
 3 SYSTEMPATH\CodeIgniter.php(340): CodeIgniter\CodeIgniter->handleRequest(null, Object(Config\Cache), false)
 4 FCPATH\index.php(68): CodeIgniter\CodeIgniter->run()
CRITICAL - 2022-11-30 09:18:57 --> Call to a member function getRandomName() on null
in APPPATH\Controllers\Meaning.php on line 93.
 1 SYSTEMPATH\CodeIgniter.php(907): App\Controllers\Meaning->addmeaning()
 2 SYSTEMPATH\CodeIgniter.php(457): CodeIgniter\CodeIgniter->runController(Object(App\Controllers\Meaning))
 3 SYSTEMPATH\CodeIgniter.php(340): CodeIgniter\CodeIgniter->handleRequest(null, Object(Config\Cache), false)
 4 FCPATH\index.php(68): CodeIgniter\CodeIgniter->run()
CRITICAL - 2022-11-30 09:36:27 --> Call to a member function getRandomName() on string
in APPPATH\Controllers\Meaning.php on line 93.
 1 SYSTEMPATH\CodeIgniter.php(907): App\Controllers\Meaning->addmeaning()
 2 SYSTEMPATH\CodeIgniter.php(457): CodeIgniter\CodeIgniter->runController(Object(App\Controllers\Meaning))
 3 SYSTEMPATH\CodeIgniter.php(340): CodeIgniter\CodeIgniter->handleRequest(null, Object(Config\Cache), false)
 4 FCPATH\index.php(68): CodeIgniter\CodeIgniter->run()
CRITICAL - 2022-11-30 10:15:15 --> Undefined property: App\Controllers\Meaning::$validation
in APPPATH\Controllers\Meaning.php on line 80.
 1 APPPATH\Controllers\Meaning.php(80): CodeIgniter\Debug\Exceptions->errorHandler(2, 'Undefined property: App\\Controllers\\Meaning::$validation', 'APPPATH\\Controllers\\Meaning.php', 80)
 2 SYSTEMPATH\CodeIgniter.php(907): App\Controllers\Meaning->addmeaning()
 3 SYSTEMPATH\CodeIgniter.php(457): CodeIgniter\CodeIgniter->runController(Object(App\Controllers\Meaning))
 4 SYSTEMPATH\CodeIgniter.php(340): CodeIgniter\CodeIgniter->handleRequest(null, Object(Config\Cache), false)
 5 FCPATH\index.php(68): CodeIgniter\CodeIgniter->run()
CRITICAL - 2022-11-30 10:16:00 --> Undefined property: App\Controllers\Meaning::$validate
in APPPATH\Controllers\Meaning.php on line 80.
 1 APPPATH\Controllers\Meaning.php(80): CodeIgniter\Debug\Exceptions->errorHandler(2, 'Undefined property: App\\Controllers\\Meaning::$validate', 'APPPATH\\Controllers\\Meaning.php', 80)
 2 SYSTEMPATH\CodeIgniter.php(907): App\Controllers\Meaning->addmeaning()
 3 SYSTEMPATH\CodeIgniter.php(457): CodeIgniter\CodeIgniter->runController(Object(App\Controllers\Meaning))
 4 SYSTEMPATH\CodeIgniter.php(340): CodeIgniter\CodeIgniter->handleRequest(null, Object(Config\Cache), false)
 5 FCPATH\index.php(68): CodeIgniter\CodeIgniter->run()
CRITICAL - 2022-11-30 10:16:29 --> Undefined property: App\Controllers\Meaning::$validation
in APPPATH\Controllers\Meaning.php on line 119.
 1 APPPATH\Controllers\Meaning.php(119): CodeIgniter\Debug\Exceptions->errorHandler(2, 'Undefined property: App\\Controllers\\Meaning::$validation', 'APPPATH\\Controllers\\Meaning.php', 119)
 2 SYSTEMPATH\CodeIgniter.php(907): App\Controllers\Meaning->addmeaning()
 3 SYSTEMPATH\CodeIgniter.php(457): CodeIgniter\CodeIgniter->runController(Object(App\Controllers\Meaning))
 4 SYSTEMPATH\CodeIgniter.php(340): CodeIgniter\CodeIgniter->handleRequest(null, Object(Config\Cache), false)
 5 FCPATH\index.php(68): CodeIgniter\CodeIgniter->run()
CRITICAL - 2022-11-30 11:24:02 --> Array to string conversion
in APPPATH\Views\dictionary\addmeaning.php on line 42.
 1 APPPATH\Views\dictionary\addmeaning.php(42): CodeIgniter\Debug\Exceptions->errorHandler(2, 'Array to string conversion', 'APPPATH\\Views\\dictionary\\addmeaning.php', 42)
 2 SYSTEMPATH\View\View.php(213): include('APPPATH\\Views\\dictionary\\addmeaning.php')
 3 SYSTEMPATH\View\View.php(216): CodeIgniter\View\View->CodeIgniter\View\{closure}()
 4 SYSTEMPATH\Common.php(1142): CodeIgniter\View\View->render('dictionary/addmeaning', [], true)
 5 APPPATH\Controllers\Meaning.php(120): view('dictionary/addmeaning', [...])
 6 SYSTEMPATH\CodeIgniter.php(907): App\Controllers\Meaning->addmeaning()
 7 SYSTEMPATH\CodeIgniter.php(457): CodeIgniter\CodeIgniter->runController(Object(App\Controllers\Meaning))
 8 SYSTEMPATH\CodeIgniter.php(340): CodeIgniter\CodeIgniter->handleRequest(null, Object(Config\Cache), false)
 9 FCPATH\index.php(68): CodeIgniter\CodeIgniter->run()
CRITICAL - 2022-11-30 11:31:39 --> Call to a member function getRandomName() on null
in APPPATH\Controllers\Meaning.php on line 94.
 1 SYSTEMPATH\CodeIgniter.php(907): App\Controllers\Meaning->addmeaning()
 2 SYSTEMPATH\CodeIgniter.php(457): CodeIgniter\CodeIgniter->runController(Object(App\Controllers\Meaning))
 3 SYSTEMPATH\CodeIgniter.php(340): CodeIgniter\CodeIgniter->handleRequest(null, Object(Config\Cache), false)
 4 FCPATH\index.php(68): CodeIgniter\CodeIgniter->run()
CRITICAL - 2022-11-30 11:33:44 --> Array to string conversion
in APPPATH\Views\dictionary\addmeaning.php on line 40.
 1 APPPATH\Views\dictionary\addmeaning.php(40): CodeIgniter\Debug\Exceptions->errorHandler(2, 'Array to string conversion', 'APPPATH\\Views\\dictionary\\addmeaning.php', 40)
 2 SYSTEMPATH\View\View.php(213): include('APPPATH\\Views\\dictionary\\addmeaning.php')
 3 SYSTEMPATH\View\View.php(216): CodeIgniter\View\View->CodeIgniter\View\{closure}()
 4 SYSTEMPATH\Common.php(1142): CodeIgniter\View\View->render('dictionary/addmeaning', [], true)
 5 APPPATH\Controllers\Meaning.php(121): view('dictionary/addmeaning', [...])
 6 SYSTEMPATH\CodeIgniter.php(907): App\Controllers\Meaning->addmeaning()
 7 SYSTEMPATH\CodeIgniter.php(457): CodeIgniter\CodeIgniter->runController(Object(App\Controllers\Meaning))
 8 SYSTEMPATH\CodeIgniter.php(340): CodeIgniter\CodeIgniter->handleRequest(null, Object(Config\Cache), false)
 9 FCPATH\index.php(68): CodeIgniter\CodeIgniter->run()
CRITICAL - 2022-11-30 11:34:48 --> Array to string conversion
in APPPATH\Views\dictionary\addmeaning.php on line 40.
 1 APPPATH\Views\dictionary\addmeaning.php(40): CodeIgniter\Debug\Exceptions->errorHandler(2, 'Array to string conversion', 'APPPATH\\Views\\dictionary\\addmeaning.php', 40)
 2 SYSTEMPATH\View\View.php(213): include('APPPATH\\Views\\dictionary\\addmeaning.php')
 3 SYSTEMPATH\View\View.php(216): CodeIgniter\View\View->CodeIgniter\View\{closure}()
 4 SYSTEMPATH\Common.php(1142): CodeIgniter\View\View->render('dictionary/addmeaning', [], true)
 5 APPPATH\Controllers\Meaning.php(121): view('dictionary/addmeaning', [...])
 6 SYSTEMPATH\CodeIgniter.php(907): App\Controllers\Meaning->addmeaning()
 7 SYSTEMPATH\CodeIgniter.php(457): CodeIgniter\CodeIgniter->runController(Object(App\Controllers\Meaning))
 8 SYSTEMPATH\CodeIgniter.php(340): CodeIgniter\CodeIgniter->handleRequest(null, Object(Config\Cache), false)
 9 FCPATH\index.php(68): CodeIgniter\CodeIgniter->run()
CRITICAL - 2022-11-30 11:36:10 --> Call to a member function getRandomName() on null
in APPPATH\Controllers\Meaning.php on line 94.
 1 SYSTEMPATH\CodeIgniter.php(907): App\Controllers\Meaning->addmeaning()
 2 SYSTEMPATH\CodeIgniter.php(457): CodeIgniter\CodeIgniter->runController(Object(App\Controllers\Meaning))
 3 SYSTEMPATH\CodeIgniter.php(340): CodeIgniter\CodeIgniter->handleRequest(null, Object(Config\Cache), false)
 4 FCPATH\index.php(68): CodeIgniter\CodeIgniter->run()
CRITICAL - 2022-11-30 11:36:45 --> Call to a member function getRandomName() on null
in APPPATH\Controllers\Meaning.php on line 94.
 1 SYSTEMPATH\CodeIgniter.php(907): App\Controllers\Meaning->addmeaning()
 2 SYSTEMPATH\CodeIgniter.php(457): CodeIgniter\CodeIgniter->runController(Object(App\Controllers\Meaning))
 3 SYSTEMPATH\CodeIgniter.php(340): CodeIgniter\CodeIgniter->handleRequest(null, Object(Config\Cache), false)
 4 FCPATH\index.php(68): CodeIgniter\CodeIgniter->run()
CRITICAL - 2022-11-30 11:37:14 --> The original file is not a valid file.
in SYSTEMPATH\HTTP\Files\UploadedFile.php on line 137.
 1 SYSTEMPATH\HTTP\Files\UploadedFile.php(137): CodeIgniter\HTTP\Exceptions\HTTPException::forInvalidFile()
 2 APPPATH\Controllers\Meaning.php(95): CodeIgniter\HTTP\Files\UploadedFile->move('FCPATH\\public\\asset\\img\\dictionary', '1669837034_849f0b5decd71218684b')
 3 SYSTEMPATH\CodeIgniter.php(907): App\Controllers\Meaning->addmeaning()
 4 SYSTEMPATH\CodeIgniter.php(457): CodeIgniter\CodeIgniter->runController(Object(App\Controllers\Meaning))
 5 SYSTEMPATH\CodeIgniter.php(340): CodeIgniter\CodeIgniter->handleRequest(null, Object(Config\Cache), false)
 6 FCPATH\index.php(68): CodeIgniter\CodeIgniter->run()
CRITICAL - 2022-11-30 11:37:44 --> The original file is not a valid file.
in SYSTEMPATH\HTTP\Files\UploadedFile.php on line 137.
 1 SYSTEMPATH\HTTP\Files\UploadedFile.php(137): CodeIgniter\HTTP\Exceptions\HTTPException::forInvalidFile()
 2 APPPATH\Controllers\Meaning.php(95): CodeIgniter\HTTP\Files\UploadedFile->move('FCPATH\\public\\asset\\img\\dictionary', '1669837064_bb4f1e4e7556797eb9c6')
 3 SYSTEMPATH\CodeIgniter.php(907): App\Controllers\Meaning->addmeaning()
 4 SYSTEMPATH\CodeIgniter.php(457): CodeIgniter\CodeIgniter->runController(Object(App\Controllers\Meaning))
 5 SYSTEMPATH\CodeIgniter.php(340): CodeIgniter\CodeIgniter->handleRequest(null, Object(Config\Cache), false)
 6 FCPATH\index.php(68): CodeIgniter\CodeIgniter->run()
CRITICAL - 2022-11-30 11:40:47 --> Array to string conversion
in APPPATH\Controllers\Meaning.php on line 117.
 1 APPPATH\Controllers\Meaning.php(117): CodeIgniter\Debug\Exceptions->errorHandler(2, 'Array to string conversion', 'APPPATH\\Controllers\\Meaning.php', 117)
 2 SYSTEMPATH\CodeIgniter.php(907): App\Controllers\Meaning->addmeaning()
 3 SYSTEMPATH\CodeIgniter.php(457): CodeIgniter\CodeIgniter->runController(Object(App\Controllers\Meaning))
 4 SYSTEMPATH\CodeIgniter.php(340): CodeIgniter\CodeIgniter->handleRequest(null, Object(Config\Cache), false)
 5 FCPATH\index.php(68): CodeIgniter\CodeIgniter->run()
CRITICAL - 2022-11-30 11:42:56 --> Array to string conversion
in APPPATH\Controllers\Meaning.php on line 101.
 1 APPPATH\Controllers\Meaning.php(101): CodeIgniter\Debug\Exceptions->errorHandler(2, 'Array to string conversion', 'APPPATH\\Controllers\\Meaning.php', 101)
 2 SYSTEMPATH\CodeIgniter.php(907): App\Controllers\Meaning->addmeaning()
 3 SYSTEMPATH\CodeIgniter.php(457): CodeIgniter\CodeIgniter->runController(Object(App\Controllers\Meaning))
 4 SYSTEMPATH\CodeIgniter.php(340): CodeIgniter\CodeIgniter->handleRequest(null, Object(Config\Cache), false)
 5 FCPATH\index.php(68): CodeIgniter\CodeIgniter->run()
CRITICAL - 2022-11-30 11:49:20 --> Unclosed '{' on line 17
in APPPATH\Controllers\Meaning.php on line 193.
 1 SYSTEMPATH\Autoloader\Autoloader.php(259): CodeIgniter\Autoloader\Autoloader->includeFile('APPPATH\\Controllers\\Meaning.php')
 2 SYSTEMPATH\Autoloader\Autoloader.php(237): CodeIgniter\Autoloader\Autoloader->loadInNamespace('App\\Controllers\\Meaning')
 3 [internal function]: CodeIgniter\Autoloader\Autoloader->loadClass('App\\Controllers\\Meaning')
 4 SYSTEMPATH\CodeIgniter.php(857): class_exists('\\App\\Controllers\\Meaning', true)
 5 SYSTEMPATH\CodeIgniter.php(444): CodeIgniter\CodeIgniter->startController()
 6 SYSTEMPATH\CodeIgniter.php(340): CodeIgniter\CodeIgniter->handleRequest(null, Object(Config\Cache), false)
 7 FCPATH\index.php(68): CodeIgniter\CodeIgniter->run()
CRITICAL - 2022-11-30 11:52:29 --> The original file is not a valid file.
in SYSTEMPATH\HTTP\Files\UploadedFile.php on line 137.
 1 SYSTEMPATH\HTTP\Files\UploadedFile.php(137): CodeIgniter\HTTP\Exceptions\HTTPException::forInvalidFile()
 2 APPPATH\Controllers\Meaning.php(95): CodeIgniter\HTTP\Files\UploadedFile->move('FCPATH\\public\\asset\\img\\dictionary', '1669837949_f76fe87f971387012748')
 3 SYSTEMPATH\CodeIgniter.php(907): App\Controllers\Meaning->addmeaning()
 4 SYSTEMPATH\CodeIgniter.php(457): CodeIgniter\CodeIgniter->runController(Object(App\Controllers\Meaning))
 5 SYSTEMPATH\CodeIgniter.php(340): CodeIgniter\CodeIgniter->handleRequest(null, Object(Config\Cache), false)
 6 FCPATH\index.php(68): CodeIgniter\CodeIgniter->run()
CRITICAL - 2022-11-30 12:38:38 --> Undefined variable $meaning_image
in APPPATH\Views\dictionary\addmeaning.php on line 154.
 1 APPPATH\Views\dictionary\addmeaning.php(154): CodeIgniter\Debug\Exceptions->errorHandler(2, 'Undefined variable $meaning_image', 'APPPATH\\Views\\dictionary\\addmeaning.php', 154)
 2 SYSTEMPATH\View\View.php(213): include('APPPATH\\Views\\dictionary\\addmeaning.php')
 3 SYSTEMPATH\View\View.php(216): CodeIgniter\View\View->CodeIgniter\View\{closure}()
 4 SYSTEMPATH\Common.php(1142): CodeIgniter\View\View->render('dictionary/addmeaning', [], true)
 5 APPPATH\Controllers\Meaning.php(120): view('dictionary/addmeaning', [...])
 6 SYSTEMPATH\CodeIgniter.php(907): App\Controllers\Meaning->addmeaning()
 7 SYSTEMPATH\CodeIgniter.php(457): CodeIgniter\CodeIgniter->runController(Object(App\Controllers\Meaning))
 8 SYSTEMPATH\CodeIgniter.php(340): CodeIgniter\CodeIgniter->handleRequest(null, Object(Config\Cache), false)
 9 FCPATH\index.php(68): CodeIgniter\CodeIgniter->run()
CRITICAL - 2022-11-30 12:39:02 --> Undefined variable $meaning_image
in APPPATH\Views\dictionary\addmeaning.php on line 157.
 1 APPPATH\Views\dictionary\addmeaning.php(157): CodeIgniter\Debug\Exceptions->errorHandler(2, 'Undefined variable $meaning_image', 'APPPATH\\Views\\dictionary\\addmeaning.php', 157)
 2 SYSTEMPATH\View\View.php(213): include('APPPATH\\Views\\dictionary\\addmeaning.php')
 3 SYSTEMPATH\View\View.php(216): CodeIgniter\View\View->CodeIgniter\View\{closure}()
 4 SYSTEMPATH\Common.php(1142): CodeIgniter\View\View->render('dictionary/addmeaning', [], true)
 5 APPPATH\Controllers\Meaning.php(120): view('dictionary/addmeaning', [...])
 6 SYSTEMPATH\CodeIgniter.php(907): App\Controllers\Meaning->addmeaning()
 7 SYSTEMPATH\CodeIgniter.php(457): CodeIgniter\CodeIgniter->runController(Object(App\Controllers\Meaning))
 8 SYSTEMPATH\CodeIgniter.php(340): CodeIgniter\CodeIgniter->handleRequest(null, Object(Config\Cache), false)
 9 FCPATH\index.php(68): CodeIgniter\CodeIgniter->run()
CRITICAL - 2022-11-30 14:07:45 --> There is no data to insert.
in SYSTEMPATH\BaseModel.php on line 1577.
 1 SYSTEMPATH\BaseModel.php(1577): CodeIgniter\Database\Exceptions\DataException::forEmptyDataset('insert')
 2 SYSTEMPATH\BaseModel.php(704): CodeIgniter\BaseModel->transformDataToArray([], 'insert')
 3 SYSTEMPATH\Model.php(667): CodeIgniter\BaseModel->insert([], true)
 4 APPPATH\Models\WordsModel.php(75): CodeIgniter\Model->insert([])
 5 APPPATH\Controllers\Meaning.php(108): App\Models\WordsModel->insert_word([...])
 6 SYSTEMPATH\CodeIgniter.php(907): App\Controllers\Meaning->addmeaning()
 7 SYSTEMPATH\CodeIgniter.php(457): CodeIgniter\CodeIgniter->runController(Object(App\Controllers\Meaning))
 8 SYSTEMPATH\CodeIgniter.php(340): CodeIgniter\CodeIgniter->handleRequest(null, Object(Config\Cache), false)
 9 FCPATH\index.php(68): CodeIgniter\CodeIgniter->run()
CRITICAL - 2022-11-30 14:10:09 --> Undefined array key "word"
in APPPATH\Models\WordsModel.php on line 78.
 1 APPPATH\Models\WordsModel.php(78): CodeIgniter\Debug\Exceptions->errorHandler(2, 'Undefined array key "word"', 'APPPATH\\Models\\WordsModel.php', 78)
 2 APPPATH\Controllers\Meaning.php(108): App\Models\WordsModel->insert_word([...])
 3 SYSTEMPATH\CodeIgniter.php(907): App\Controllers\Meaning->addmeaning()
 4 SYSTEMPATH\CodeIgniter.php(457): CodeIgniter\CodeIgniter->runController(Object(App\Controllers\Meaning))
 5 SYSTEMPATH\CodeIgniter.php(340): CodeIgniter\CodeIgniter->handleRequest(null, Object(Config\Cache), false)
 6 FCPATH\index.php(68): CodeIgniter\CodeIgniter->run()
CRITICAL - 2022-11-30 14:14:11 --> Trying to access array offset on value of type null
in APPPATH\Models\WordsModel.php on line 79.
 1 APPPATH\Models\WordsModel.php(79): CodeIgniter\Debug\Exceptions->errorHandler(2, 'Trying to access array offset on value of type null', 'APPPATH\\Models\\WordsModel.php', 79)
 2 APPPATH\Controllers\Meaning.php(108): App\Models\WordsModel->insert_word([...])
 3 SYSTEMPATH\CodeIgniter.php(907): App\Controllers\Meaning->addmeaning()
 4 SYSTEMPATH\CodeIgniter.php(457): CodeIgniter\CodeIgniter->runController(Object(App\Controllers\Meaning))
 5 SYSTEMPATH\CodeIgniter.php(340): CodeIgniter\CodeIgniter->handleRequest(null, Object(Config\Cache), false)
 6 FCPATH\index.php(68): CodeIgniter\CodeIgniter->run()
CRITICAL - 2022-11-30 14:15:21 --> Trying to access array offset on value of type null
in APPPATH\Models\WordsModel.php on line 79.
 1 APPPATH\Models\WordsModel.php(79): CodeIgniter\Debug\Exceptions->errorHandler(2, 'Trying to access array offset on value of type null', 'APPPATH\\Models\\WordsModel.php', 79)
 2 APPPATH\Controllers\Meaning.php(108): App\Models\WordsModel->insert_word([...])
 3 SYSTEMPATH\CodeIgniter.php(907): App\Controllers\Meaning->addmeaning()
 4 SYSTEMPATH\CodeIgniter.php(457): CodeIgniter\CodeIgniter->runController(Object(App\Controllers\Meaning))
 5 SYSTEMPATH\CodeIgniter.php(340): CodeIgniter\CodeIgniter->handleRequest(null, Object(Config\Cache), false)
 6 FCPATH\index.php(68): CodeIgniter\CodeIgniter->run()
CRITICAL - 2022-11-30 14:29:51 --> Undefined variable $for_1
in APPPATH\Views\dictionary\addmeaning.php on line 37.
 1 APPPATH\Views\dictionary\addmeaning.php(37): CodeIgniter\Debug\Exceptions->errorHandler(2, 'Undefined variable $for_1', 'APPPATH\\Views\\dictionary\\addmeaning.php', 37)
 2 SYSTEMPATH\View\View.php(213): include('APPPATH\\Views\\dictionary\\addmeaning.php')
 3 SYSTEMPATH\View\View.php(216): CodeIgniter\View\View->CodeIgniter\View\{closure}()
 4 SYSTEMPATH\Common.php(1142): CodeIgniter\View\View->render('dictionary/addmeaning', [], true)
 5 APPPATH\Controllers\Meaning.php(128): view('dictionary/addmeaning', [...])
 6 SYSTEMPATH\CodeIgniter.php(907): App\Controllers\Meaning->addmeaning()
 7 SYSTEMPATH\CodeIgniter.php(457): CodeIgniter\CodeIgniter->runController(Object(App\Controllers\Meaning))
 8 SYSTEMPATH\CodeIgniter.php(340): CodeIgniter\CodeIgniter->handleRequest(null, Object(Config\Cache), false)
 9 FCPATH\index.php(68): CodeIgniter\CodeIgniter->run()
CRITICAL - 2022-11-30 16:38:21 --> Undefined variable $for_1
in APPPATH\Views\dictionary\addmeaning.php on line 37.
 1 APPPATH\Views\dictionary\addmeaning.php(37): CodeIgniter\Debug\Exceptions->errorHandler(2, 'Undefined variable $for_1', 'APPPATH\\Views\\dictionary\\addmeaning.php', 37)
 2 SYSTEMPATH\View\View.php(213): include('APPPATH\\Views\\dictionary\\addmeaning.php')
 3 SYSTEMPATH\View\View.php(216): CodeIgniter\View\View->CodeIgniter\View\{closure}()
 4 SYSTEMPATH\Common.php(1142): CodeIgniter\View\View->render('dictionary/addmeaning', [], true)
 5 APPPATH\Controllers\Meaning.php(33): view('dictionary/addmeaning', [...])
 6 SYSTEMPATH\CodeIgniter.php(907): App\Controllers\Meaning->index()
 7 SYSTEMPATH\CodeIgniter.php(457): CodeIgniter\CodeIgniter->runController(Object(App\Controllers\Meaning))
 8 SYSTEMPATH\CodeIgniter.php(340): CodeIgniter\CodeIgniter->handleRequest(null, Object(Config\Cache), false)
 9 FCPATH\index.php(68): CodeIgniter\CodeIgniter->run()
CRITICAL - 2022-11-30 17:55:22 --> Call to undefined method App\Models\MeaningModel::_error_message
in SYSTEMPATH\Model.php on line 774.
 1 APPPATH\Models\MeaningModel.php(84): CodeIgniter\Model->__call('_error_message', [])
 2 APPPATH\Controllers\Meaning.php(111): App\Models\MeaningModel->insert_meaning([...])
 3 SYSTEMPATH\CodeIgniter.php(907): App\Controllers\Meaning->addmeaning()
 4 SYSTEMPATH\CodeIgniter.php(457): CodeIgniter\CodeIgniter->runController(Object(App\Controllers\Meaning))
 5 SYSTEMPATH\CodeIgniter.php(340): CodeIgniter\CodeIgniter->handleRequest(null, Object(Config\Cache), false)
 6 FCPATH\index.php(68): CodeIgniter\CodeIgniter->run()
CRITICAL - 2022-11-30 17:55:34 --> Call to undefined method App\Models\MeaningModel::error_message
in SYSTEMPATH\Model.php on line 774.
 1 APPPATH\Models\MeaningModel.php(84): CodeIgniter\Model->__call('error_message', [])
 2 APPPATH\Controllers\Meaning.php(111): App\Models\MeaningModel->insert_meaning([...])
 3 SYSTEMPATH\CodeIgniter.php(907): App\Controllers\Meaning->addmeaning()
 4 SYSTEMPATH\CodeIgniter.php(457): CodeIgniter\CodeIgniter->runController(Object(App\Controllers\Meaning))
 5 SYSTEMPATH\CodeIgniter.php(340): CodeIgniter\CodeIgniter->handleRequest(null, Object(Config\Cache), false)
 6 FCPATH\index.php(68): CodeIgniter\CodeIgniter->run()
CRITICAL - 2022-11-30 17:56:54 --> Call to a member function error() on bool
in APPPATH\Models\MeaningModel.php on line 84.
 1 APPPATH\Controllers\Meaning.php(111): App\Models\MeaningModel->insert_meaning([...])
 2 SYSTEMPATH\CodeIgniter.php(907): App\Controllers\Meaning->addmeaning()
 3 SYSTEMPATH\CodeIgniter.php(457): CodeIgniter\CodeIgniter->runController(Object(App\Controllers\Meaning))
 4 SYSTEMPATH\CodeIgniter.php(340): CodeIgniter\CodeIgniter->handleRequest(null, Object(Config\Cache), false)
 5 FCPATH\index.php(68): CodeIgniter\CodeIgniter->run()
CRITICAL - 2022-11-30 18:03:26 --> You cannot use `getCompiledInsert()` in `App\Models\MeaningModel`. This is a method of the `Query Builder` class.
in SYSTEMPATH\Model.php on line 790.
 1 SYSTEMPATH\Model.php(790): CodeIgniter\Exceptions\ModelException::forMethodNotAvailable('App\\Models\\MeaningModel', 'getCompiledInsert()')
 2 SYSTEMPATH\Model.php(770): CodeIgniter\Model->checkBuilderMethod('getCompiledInsert')
 3 APPPATH\Models\MeaningModel.php(84): CodeIgniter\Model->__call('getCompiledInsert', [])
 4 APPPATH\Controllers\Meaning.php(111): App\Models\MeaningModel->insert_meaning([...])
 5 SYSTEMPATH\CodeIgniter.php(907): App\Controllers\Meaning->addmeaning()
 6 SYSTEMPATH\CodeIgniter.php(457): CodeIgniter\CodeIgniter->runController(Object(App\Controllers\Meaning))
 7 SYSTEMPATH\CodeIgniter.php(340): CodeIgniter\CodeIgniter->handleRequest(null, Object(Config\Cache), false)
 8 FCPATH\index.php(68): CodeIgniter\CodeIgniter->run()
CRITICAL - 2022-11-30 18:05:44 --> You cannot use `getCompiledInsert()` in `App\Models\MeaningModel`. This is a method of the `Query Builder` class.
in SYSTEMPATH\Model.php on line 790.
 1 SYSTEMPATH\Model.php(790): CodeIgniter\Exceptions\ModelException::forMethodNotAvailable('App\\Models\\MeaningModel', 'getCompiledInsert()')
 2 SYSTEMPATH\Model.php(770): CodeIgniter\Model->checkBuilderMethod('getCompiledInsert')
 3 APPPATH\Controllers\Meaning.php(110): CodeIgniter\Model->__call('getCompiledInsert', [])
 4 SYSTEMPATH\CodeIgniter.php(907): App\Controllers\Meaning->addmeaning()
 5 SYSTEMPATH\CodeIgniter.php(457): CodeIgniter\CodeIgniter->runController(Object(App\Controllers\Meaning))
 6 SYSTEMPATH\CodeIgniter.php(340): CodeIgniter\CodeIgniter->handleRequest(null, Object(Config\Cache), false)
 7 FCPATH\index.php(68): CodeIgniter\CodeIgniter->run()
CRITICAL - 2022-11-30 18:05:45 --> You cannot use `getCompiledInsert()` in `App\Models\MeaningModel`. This is a method of the `Query Builder` class.
in SYSTEMPATH\Model.php on line 790.
 1 SYSTEMPATH\Model.php(790): CodeIgniter\Exceptions\ModelException::forMethodNotAvailable('App\\Models\\MeaningModel', 'getCompiledInsert()')
 2 SYSTEMPATH\Model.php(770): CodeIgniter\Model->checkBuilderMethod('getCompiledInsert')
 3 APPPATH\Controllers\Meaning.php(110): CodeIgniter\Model->__call('getCompiledInsert', [])
 4 SYSTEMPATH\CodeIgniter.php(907): App\Controllers\Meaning->addmeaning()
 5 SYSTEMPATH\CodeIgniter.php(457): CodeIgniter\CodeIgniter->runController(Object(App\Controllers\Meaning))
 6 SYSTEMPATH\CodeIgniter.php(340): CodeIgniter\CodeIgniter->handleRequest(null, Object(Config\Cache), false)
 7 FCPATH\index.php(68): CodeIgniter\CodeIgniter->run()
CRITICAL - 2022-11-30 18:05:51 --> You cannot use `getCompiledInsert()` in `App\Models\MeaningModel`. This is a method of the `Query Builder` class.
in SYSTEMPATH\Model.php on line 790.
 1 SYSTEMPATH\Model.php(790): CodeIgniter\Exceptions\ModelException::forMethodNotAvailable('App\\Models\\MeaningModel', 'getCompiledInsert()')
 2 SYSTEMPATH\Model.php(770): CodeIgniter\Model->checkBuilderMethod('getCompiledInsert')
 3 APPPATH\Controllers\Meaning.php(110): CodeIgniter\Model->__call('getCompiledInsert', [])
 4 SYSTEMPATH\CodeIgniter.php(907): App\Controllers\Meaning->addmeaning()
 5 SYSTEMPATH\CodeIgniter.php(457): CodeIgniter\CodeIgniter->runController(Object(App\Controllers\Meaning))
 6 SYSTEMPATH\CodeIgniter.php(340): CodeIgniter\CodeIgniter->handleRequest(null, Object(Config\Cache), false)
 7 FCPATH\index.php(68): CodeIgniter\CodeIgniter->run()
CRITICAL - 2022-11-30 18:06:41 --> You cannot use `getCompiledInsert()` in `App\Models\MeaningModel`. This is a method of the `Query Builder` class.
in SYSTEMPATH\Model.php on line 790.
 1 SYSTEMPATH\Model.php(790): CodeIgniter\Exceptions\ModelException::forMethodNotAvailable('App\\Models\\MeaningModel', 'getCompiledInsert()')
 2 SYSTEMPATH\Model.php(770): CodeIgniter\Model->checkBuilderMethod('getCompiledInsert')
 3 APPPATH\Controllers\Meaning.php(110): CodeIgniter\Model->__call('getCompiledInsert', [])
 4 SYSTEMPATH\CodeIgniter.php(907): App\Controllers\Meaning->addmeaning()
 5 SYSTEMPATH\CodeIgniter.php(457): CodeIgniter\CodeIgniter->runController(Object(App\Controllers\Meaning))
 6 SYSTEMPATH\CodeIgniter.php(340): CodeIgniter\CodeIgniter->handleRequest(null, Object(Config\Cache), false)
 7 FCPATH\index.php(68): CodeIgniter\CodeIgniter->run()
CRITICAL - 2022-11-30 18:08:29 --> You cannot use `getCompiledInsert()` in `App\Models\MeaningModel`. This is a method of the `Query Builder` class.
in SYSTEMPATH\Model.php on line 790.
 1 SYSTEMPATH\Model.php(790): CodeIgniter\Exceptions\ModelException::forMethodNotAvailable('App\\Models\\MeaningModel', 'getCompiledInsert()')
 2 SYSTEMPATH\Model.php(770): CodeIgniter\Model->checkBuilderMethod('getCompiledInsert')
 3 APPPATH\Controllers\Meaning.php(110): CodeIgniter\Model->__call('getCompiledInsert', [...])
 4 SYSTEMPATH\CodeIgniter.php(907): App\Controllers\Meaning->addmeaning()
 5 SYSTEMPATH\CodeIgniter.php(457): CodeIgniter\CodeIgniter->runController(Object(App\Controllers\Meaning))
 6 SYSTEMPATH\CodeIgniter.php(340): CodeIgniter\CodeIgniter->handleRequest(null, Object(Config\Cache), false)
 7 FCPATH\index.php(68): CodeIgniter\CodeIgniter->run()
CRITICAL - 2022-11-30 18:08:30 --> You cannot use `getCompiledInsert()` in `App\Models\MeaningModel`. This is a method of the `Query Builder` class.
in SYSTEMPATH\Model.php on line 790.
 1 SYSTEMPATH\Model.php(790): CodeIgniter\Exceptions\ModelException::forMethodNotAvailable('App\\Models\\MeaningModel', 'getCompiledInsert()')
 2 SYSTEMPATH\Model.php(770): CodeIgniter\Model->checkBuilderMethod('getCompiledInsert')
 3 APPPATH\Controllers\Meaning.php(110): CodeIgniter\Model->__call('getCompiledInsert', [...])
 4 SYSTEMPATH\CodeIgniter.php(907): App\Controllers\Meaning->addmeaning()
 5 SYSTEMPATH\CodeIgniter.php(457): CodeIgniter\CodeIgniter->runController(Object(App\Controllers\Meaning))
 6 SYSTEMPATH\CodeIgniter.php(340): CodeIgniter\CodeIgniter->handleRequest(null, Object(Config\Cache), false)
 7 FCPATH\index.php(68): CodeIgniter\CodeIgniter->run()
CRITICAL - 2022-11-30 18:12:48 --> Call to a member function getOriginalQuery() on bool
in APPPATH\Controllers\Meaning.php on line 110.
 1 SYSTEMPATH\CodeIgniter.php(907): App\Controllers\Meaning->addmeaning()
 2 SYSTEMPATH\CodeIgniter.php(457): CodeIgniter\CodeIgniter->runController(Object(App\Controllers\Meaning))
 3 SYSTEMPATH\CodeIgniter.php(340): CodeIgniter\CodeIgniter->handleRequest(null, Object(Config\Cache), false)
 4 FCPATH\index.php(68): CodeIgniter\CodeIgniter->run()
CRITICAL - 2022-11-30 18:26:12 --> CodeIgniter\Validation\Validation::run(): Argument #1 ($data) must be of type ?array, string given, called in C:\xampp\htdocs\etkal\system\BaseModel.php on line 1350
in SYSTEMPATH\Validation\Validation.php on line 109.
 1 SYSTEMPATH\BaseModel.php(1350): CodeIgniter\Validation\Validation->run('\'Question for students\'', null, null)
 2 SYSTEMPATH\BaseModel.php(793): CodeIgniter\BaseModel->validate('\'Question for students\'')
 3 APPPATH\Models\MeaningModel.php(82): CodeIgniter\BaseModel->insertBatch([...])
 4 APPPATH\Controllers\Meaning.php(114): App\Models\MeaningModel->insert_meaning([...])
 5 SYSTEMPATH\CodeIgniter.php(907): App\Controllers\Meaning->addmeaning()
 6 SYSTEMPATH\CodeIgniter.php(457): CodeIgniter\CodeIgniter->runController(Object(App\Controllers\Meaning))
 7 SYSTEMPATH\CodeIgniter.php(340): CodeIgniter\CodeIgniter->handleRequest(null, Object(Config\Cache), false)
 8 FCPATH\index.php(68): CodeIgniter\CodeIgniter->run()
CRITICAL - 2022-11-30 18:35:26 --> You cannot use `getCompiledSelect()` in `App\Models\MeaningModel`. This is a method of the `Query Builder` class.
in SYSTEMPATH\Model.php on line 790.
 1 SYSTEMPATH\Model.php(790): CodeIgniter\Exceptions\ModelException::forMethodNotAvailable('App\\Models\\MeaningModel', 'getCompiledSelect()')
 2 SYSTEMPATH\Model.php(770): CodeIgniter\Model->checkBuilderMethod('getCompiledSelect')
 3 APPPATH\Models\MeaningModel.php(84): CodeIgniter\Model->__call('getCompiledSelect', [])
 4 APPPATH\Controllers\Meaning.php(114): App\Models\MeaningModel->insert_meaning([...])
 5 SYSTEMPATH\CodeIgniter.php(907): App\Controllers\Meaning->addmeaning()
 6 SYSTEMPATH\CodeIgniter.php(457): CodeIgniter\CodeIgniter->runController(Object(App\Controllers\Meaning))
 7 SYSTEMPATH\CodeIgniter.php(340): CodeIgniter\CodeIgniter->handleRequest(null, Object(Config\Cache), false)
 8 FCPATH\index.php(68): CodeIgniter\CodeIgniter->run()
CRITICAL - 2022-11-30 18:36:24 --> You cannot use `getCompiledInsert()` in `App\Models\MeaningModel`. This is a method of the `Query Builder` class.
in SYSTEMPATH\Model.php on line 790.
 1 SYSTEMPATH\Model.php(790): CodeIgniter\Exceptions\ModelException::forMethodNotAvailable('App\\Models\\MeaningModel', 'getCompiledInsert()')
 2 SYSTEMPATH\Model.php(770): CodeIgniter\Model->checkBuilderMethod('getCompiledInsert')
 3 APPPATH\Models\MeaningModel.php(84): CodeIgniter\Model->__call('getCompiledInsert', [])
 4 APPPATH\Controllers\Meaning.php(114): App\Models\MeaningModel->insert_meaning([...])
 5 SYSTEMPATH\CodeIgniter.php(907): App\Controllers\Meaning->addmeaning()
 6 SYSTEMPATH\CodeIgniter.php(457): CodeIgniter\CodeIgniter->runController(Object(App\Controllers\Meaning))
 7 SYSTEMPATH\CodeIgniter.php(340): CodeIgniter\CodeIgniter->handleRequest(null, Object(Config\Cache), false)
 8 FCPATH\index.php(68): CodeIgniter\CodeIgniter->run()
CRITICAL - 2022-11-30 18:40:49 --> CodeIgniter\Model::insert(): Argument #2 ($returnID) must be of type bool, array given, called in C:\xampp\htdocs\etkal\app\Models\MeaningModel.php on line 83
in SYSTEMPATH\Model.php on line 653.
 1 APPPATH\Models\MeaningModel.php(83): CodeIgniter\Model->insert('meaning', [...])
 2 APPPATH\Controllers\Meaning.php(114): App\Models\MeaningModel->insert_meaning([...])
 3 SYSTEMPATH\CodeIgniter.php(907): App\Controllers\Meaning->addmeaning()
 4 SYSTEMPATH\CodeIgniter.php(457): CodeIgniter\CodeIgniter->runController(Object(App\Controllers\Meaning))
 5 SYSTEMPATH\CodeIgniter.php(340): CodeIgniter\CodeIgniter->handleRequest(null, Object(Config\Cache), false)
 6 FCPATH\index.php(68): CodeIgniter\CodeIgniter->run()
CRITICAL - 2022-11-30 18:40:57 --> CodeIgniter\Model::insert(): Argument #2 ($returnID) must be of type bool, array given, called in C:\xampp\htdocs\etkal\app\Models\MeaningModel.php on line 83
in SYSTEMPATH\Model.php on line 653.
 1 APPPATH\Models\MeaningModel.php(83): CodeIgniter\Model->insert('meaning', [...])
 2 APPPATH\Controllers\Meaning.php(114): App\Models\MeaningModel->insert_meaning([...])
 3 SYSTEMPATH\CodeIgniter.php(907): App\Controllers\Meaning->addmeaning()
 4 SYSTEMPATH\CodeIgniter.php(457): CodeIgniter\CodeIgniter->runController(Object(App\Controllers\Meaning))
 5 SYSTEMPATH\CodeIgniter.php(340): CodeIgniter\CodeIgniter->handleRequest(null, Object(Config\Cache), false)
 6 FCPATH\index.php(68): CodeIgniter\CodeIgniter->run()
CRITICAL - 2022-11-30 18:40:59 --> CodeIgniter\Model::insert(): Argument #2 ($returnID) must be of type bool, array given, called in C:\xampp\htdocs\etkal\app\Models\MeaningModel.php on line 83
in SYSTEMPATH\Model.php on line 653.
 1 APPPATH\Models\MeaningModel.php(83): CodeIgniter\Model->insert('meaning', [...])
 2 APPPATH\Controllers\Meaning.php(114): App\Models\MeaningModel->insert_meaning([...])
 3 SYSTEMPATH\CodeIgniter.php(907): App\Controllers\Meaning->addmeaning()
 4 SYSTEMPATH\CodeIgniter.php(457): CodeIgniter\CodeIgniter->runController(Object(App\Controllers\Meaning))
 5 SYSTEMPATH\CodeIgniter.php(340): CodeIgniter\CodeIgniter->handleRequest(null, Object(Config\Cache), false)
 6 FCPATH\index.php(68): CodeIgniter\CodeIgniter->run()
CRITICAL - 2022-11-30 19:11:54 --> finfo_file(C:\xampp\tmp\php3572.tmp): Failed to open stream: No such file or directory
in SYSTEMPATH\Files\File.php on line 114.
 1 [internal function]: CodeIgniter\Debug\Exceptions->errorHandler(2, 'finfo_file(C:\\xampp\\tmp\\php3572.tmp): Failed to open stream: No such file or directory', 'SYSTEMPATH\\Files\\File.php', 114)
 2 SYSTEMPATH\Files\File.php(114): finfo_file(Object(finfo), 'C:\\xampp\\tmp\\php3572.tmp')
 3 SYSTEMPATH\HTTP\Files\UploadedFile.php(302): CodeIgniter\Files\File->getMimeType()
 4 SYSTEMPATH\HTTP\Files\UploadedFile.php(291): CodeIgniter\HTTP\Files\UploadedFile->guessExtension()
 5 SYSTEMPATH\Validation\FileRules.php(143): CodeIgniter\HTTP\Files\UploadedFile->getExtension()
 6 SYSTEMPATH\Validation\Validation.php(315): CodeIgniter\Validation\FileRules->is_image('\'\'', [], [...], null)
 7 SYSTEMPATH\Validation\Validation.php(175): CodeIgniter\Validation\Validation->processRules('meaning_image', 'meaning_image', '\'\'', [...], [...])
 8 SYSTEMPATH\BaseModel.php(1350): CodeIgniter\Validation\Validation->run([...], null, null)
 9 SYSTEMPATH\BaseModel.php(707): CodeIgniter\BaseModel->validate([...])
10 SYSTEMPATH\Model.php(667): CodeIgniter\BaseModel->insert([...], true)
11 APPPATH\Models\MeaningModel.php(84): CodeIgniter\Model->insert([...])
12 APPPATH\Controllers\Meaning.php(114): App\Models\MeaningModel->insert_meaning([...])
13 SYSTEMPATH\CodeIgniter.php(907): App\Controllers\Meaning->addmeaning()
14 SYSTEMPATH\CodeIgniter.php(457): CodeIgniter\CodeIgniter->runController(Object(App\Controllers\Meaning))
15 SYSTEMPATH\CodeIgniter.php(340): CodeIgniter\CodeIgniter->handleRequest(null, Object(Config\Cache), false)
16 FCPATH\index.php(68): CodeIgniter\CodeIgniter->run()
CRITICAL - 2022-11-30 19:15:31 --> finfo_file(C:\xampp\tmp\php85F6.tmp): Failed to open stream: No such file or directory
in SYSTEMPATH\Files\File.php on line 114.
 1 [internal function]: CodeIgniter\Debug\Exceptions->errorHandler(2, 'finfo_file(C:\\xampp\\tmp\\php85F6.tmp): Failed to open stream: No such file or directory', 'SYSTEMPATH\\Files\\File.php', 114)
 2 SYSTEMPATH\Files\File.php(114): finfo_file(Object(finfo), 'C:\\xampp\\tmp\\php85F6.tmp')
 3 SYSTEMPATH\HTTP\Files\UploadedFile.php(302): CodeIgniter\Files\File->getMimeType()
 4 SYSTEMPATH\HTTP\Files\UploadedFile.php(291): CodeIgniter\HTTP\Files\UploadedFile->guessExtension()
 5 SYSTEMPATH\Validation\FileRules.php(143): CodeIgniter\HTTP\Files\UploadedFile->getExtension()
 6 SYSTEMPATH\Validation\Validation.php(315): CodeIgniter\Validation\FileRules->is_image('\'\'', [], [...], null)
 7 SYSTEMPATH\Validation\Validation.php(175): CodeIgniter\Validation\Validation->processRules('meaning_image', 'meaning_image', '\'\'', [...], [...])
 8 SYSTEMPATH\BaseModel.php(1350): CodeIgniter\Validation\Validation->run([...], null, null)
 9 SYSTEMPATH\BaseModel.php(707): CodeIgniter\BaseModel->validate([...])
10 SYSTEMPATH\Model.php(667): CodeIgniter\BaseModel->insert([...], true)
11 APPPATH\Models\MeaningModel.php(85): CodeIgniter\Model->insert([...])
12 APPPATH\Controllers\Meaning.php(114): App\Models\MeaningModel->insert_meaning([...])
13 SYSTEMPATH\CodeIgniter.php(907): App\Controllers\Meaning->addmeaning()
14 SYSTEMPATH\CodeIgniter.php(457): CodeIgniter\CodeIgniter->runController(Object(App\Controllers\Meaning))
15 SYSTEMPATH\CodeIgniter.php(340): CodeIgniter\CodeIgniter->handleRequest(null, Object(Config\Cache), false)
16 FCPATH\index.php(68): CodeIgniter\CodeIgniter->run()
CRITICAL - 2022-11-30 19:16:15 --> finfo_file(C:\xampp\tmp\php3244.tmp): Failed to open stream: No such file or directory
in SYSTEMPATH\Files\File.php on line 114.
 1 [internal function]: CodeIgniter\Debug\Exceptions->errorHandler(2, 'finfo_file(C:\\xampp\\tmp\\php3244.tmp): Failed to open stream: No such file or directory', 'SYSTEMPATH\\Files\\File.php', 114)
 2 SYSTEMPATH\Files\File.php(114): finfo_file(Object(finfo), 'C:\\xampp\\tmp\\php3244.tmp')
 3 SYSTEMPATH\HTTP\Files\UploadedFile.php(302): CodeIgniter\Files\File->getMimeType()
 4 SYSTEMPATH\HTTP\Files\UploadedFile.php(291): CodeIgniter\HTTP\Files\UploadedFile->guessExtension()
 5 SYSTEMPATH\Validation\FileRules.php(143): CodeIgniter\HTTP\Files\UploadedFile->getExtension()
 6 SYSTEMPATH\Validation\Validation.php(315): CodeIgniter\Validation\FileRules->is_image('\'\'', [], [...], null)
 7 SYSTEMPATH\Validation\Validation.php(175): CodeIgniter\Validation\Validation->processRules('meaning_image', 'meaning_image', '\'\'', [...], [...])
 8 SYSTEMPATH\BaseModel.php(1350): CodeIgniter\Validation\Validation->run([...], null, null)
 9 SYSTEMPATH\BaseModel.php(707): CodeIgniter\BaseModel->validate([...])
10 SYSTEMPATH\Model.php(667): CodeIgniter\BaseModel->insert([...], true)
11 APPPATH\Models\MeaningModel.php(85): CodeIgniter\Model->insert([...])
12 APPPATH\Controllers\Meaning.php(114): App\Models\MeaningModel->insert_meaning([...])
13 SYSTEMPATH\CodeIgniter.php(907): App\Controllers\Meaning->addmeaning()
14 SYSTEMPATH\CodeIgniter.php(457): CodeIgniter\CodeIgniter->runController(Object(App\Controllers\Meaning))
15 SYSTEMPATH\CodeIgniter.php(340): CodeIgniter\CodeIgniter->handleRequest(null, Object(Config\Cache), false)
16 FCPATH\index.php(68): CodeIgniter\CodeIgniter->run()
CRITICAL - 2022-11-30 19:17:41 --> finfo_file(C:\xampp\tmp\php80BE.tmp): Failed to open stream: No such file or directory
in SYSTEMPATH\Files\File.php on line 114.
 1 [internal function]: CodeIgniter\Debug\Exceptions->errorHandler(2, 'finfo_file(C:\\xampp\\tmp\\php80BE.tmp): Failed to open stream: No such file or directory', 'SYSTEMPATH\\Files\\File.php', 114)
 2 SYSTEMPATH\Files\File.php(114): finfo_file(Object(finfo), 'C:\\xampp\\tmp\\php80BE.tmp')
 3 SYSTEMPATH\HTTP\Files\UploadedFile.php(302): CodeIgniter\Files\File->getMimeType()
 4 SYSTEMPATH\HTTP\Files\UploadedFile.php(291): CodeIgniter\HTTP\Files\UploadedFile->guessExtension()
 5 SYSTEMPATH\Validation\FileRules.php(143): CodeIgniter\HTTP\Files\UploadedFile->getExtension()
 6 SYSTEMPATH\Validation\Validation.php(315): CodeIgniter\Validation\FileRules->is_image('\'\'', [], [...], null)
 7 SYSTEMPATH\Validation\Validation.php(175): CodeIgniter\Validation\Validation->processRules('meaning_image', 'meaning_image', '\'\'', [...], [...])
 8 SYSTEMPATH\BaseModel.php(1350): CodeIgniter\Validation\Validation->run([...], null, null)
 9 SYSTEMPATH\BaseModel.php(707): CodeIgniter\BaseModel->validate([...])
10 SYSTEMPATH\Model.php(667): CodeIgniter\BaseModel->insert([...], true)
11 APPPATH\Models\MeaningModel.php(85): CodeIgniter\Model->insert([...])
12 APPPATH\Controllers\Meaning.php(114): App\Models\MeaningModel->insert_meaning([...])
13 SYSTEMPATH\CodeIgniter.php(907): App\Controllers\Meaning->addmeaning()
14 SYSTEMPATH\CodeIgniter.php(457): CodeIgniter\CodeIgniter->runController(Object(App\Controllers\Meaning))
15 SYSTEMPATH\CodeIgniter.php(340): CodeIgniter\CodeIgniter->handleRequest(null, Object(Config\Cache), false)
16 FCPATH\index.php(68): CodeIgniter\CodeIgniter->run()
CRITICAL - 2022-11-30 19:22:57 --> finfo_file(C:\xampp\tmp\php5552.tmp): Failed to open stream: No such file or directory
in SYSTEMPATH\Files\File.php on line 114.
 1 [internal function]: CodeIgniter\Debug\Exceptions->errorHandler(2, 'finfo_file(C:\\xampp\\tmp\\php5552.tmp): Failed to open stream: No such file or directory', 'SYSTEMPATH\\Files\\File.php', 114)
 2 SYSTEMPATH\Files\File.php(114): finfo_file(Object(finfo), 'C:\\xampp\\tmp\\php5552.tmp')
 3 SYSTEMPATH\HTTP\Files\UploadedFile.php(302): CodeIgniter\Files\File->getMimeType()
 4 SYSTEMPATH\HTTP\Files\UploadedFile.php(291): CodeIgniter\HTTP\Files\UploadedFile->guessExtension()
 5 SYSTEMPATH\Validation\FileRules.php(143): CodeIgniter\HTTP\Files\UploadedFile->getExtension()
 6 SYSTEMPATH\Validation\Validation.php(315): CodeIgniter\Validation\FileRules->is_image('\'\'', [], [...], null)
 7 SYSTEMPATH\Validation\Validation.php(175): CodeIgniter\Validation\Validation->processRules('meaning_image', 'meaning_image', '\'\'', [...], [...])
 8 SYSTEMPATH\BaseModel.php(1350): CodeIgniter\Validation\Validation->run([...], null, null)
 9 SYSTEMPATH\BaseModel.php(707): CodeIgniter\BaseModel->validate([...])
10 SYSTEMPATH\Model.php(667): CodeIgniter\BaseModel->insert([...], true)
11 APPPATH\Models\MeaningModel.php(85): CodeIgniter\Model->insert([...])
12 APPPATH\Controllers\Meaning.php(113): App\Models\MeaningModel->insert_meaning([...])
13 SYSTEMPATH\CodeIgniter.php(907): App\Controllers\Meaning->addmeaning()
14 SYSTEMPATH\CodeIgniter.php(457): CodeIgniter\CodeIgniter->runController(Object(App\Controllers\Meaning))
15 SYSTEMPATH\CodeIgniter.php(340): CodeIgniter\CodeIgniter->handleRequest(null, Object(Config\Cache), false)
16 FCPATH\index.php(68): CodeIgniter\CodeIgniter->run()
CRITICAL - 2022-11-30 19:27:01 --> finfo_file(C:\xampp\tmp\phpE44.tmp): Failed to open stream: No such file or directory
in SYSTEMPATH\Files\File.php on line 114.
 1 [internal function]: CodeIgniter\Debug\Exceptions->errorHandler(2, 'finfo_file(C:\\xampp\\tmp\\phpE44.tmp): Failed to open stream: No such file or directory', 'SYSTEMPATH\\Files\\File.php', 114)
 2 SYSTEMPATH\Files\File.php(114): finfo_file(Object(finfo), 'C:\\xampp\\tmp\\phpE44.tmp')
 3 SYSTEMPATH\HTTP\Files\UploadedFile.php(302): CodeIgniter\Files\File->getMimeType()
 4 SYSTEMPATH\HTTP\Files\UploadedFile.php(291): CodeIgniter\HTTP\Files\UploadedFile->guessExtension()
 5 SYSTEMPATH\Validation\FileRules.php(143): CodeIgniter\HTTP\Files\UploadedFile->getExtension()
 6 SYSTEMPATH\Validation\Validation.php(315): CodeIgniter\Validation\FileRules->is_image('\'1669865221_8088e83f98e8ab9ae008.jpg\'', [], [...], null)
 7 SYSTEMPATH\Validation\Validation.php(175): CodeIgniter\Validation\Validation->processRules('meaning_image', 'meaning_image', '\'1669865221_8088e83f98e8ab9ae008.jpg\'', [...], [...])
 8 SYSTEMPATH\BaseModel.php(1350): CodeIgniter\Validation\Validation->run([...], null, null)
 9 SYSTEMPATH\BaseModel.php(707): CodeIgniter\BaseModel->validate([...])
10 SYSTEMPATH\Model.php(667): CodeIgniter\BaseModel->insert([...], true)
11 APPPATH\Models\MeaningModel.php(85): CodeIgniter\Model->insert([...])
12 APPPATH\Controllers\Meaning.php(114): App\Models\MeaningModel->insert_meaning([...])
13 SYSTEMPATH\CodeIgniter.php(907): App\Controllers\Meaning->addmeaning()
14 SYSTEMPATH\CodeIgniter.php(457): CodeIgniter\CodeIgniter->runController(Object(App\Controllers\Meaning))
15 SYSTEMPATH\CodeIgniter.php(340): CodeIgniter\CodeIgniter->handleRequest(null, Object(Config\Cache), false)
16 FCPATH\index.php(68): CodeIgniter\CodeIgniter->run()
CRITICAL - 2022-11-30 19:27:05 --> finfo_file(C:\xampp\tmp\php1E62.tmp): Failed to open stream: No such file or directory
in SYSTEMPATH\Files\File.php on line 114.
 1 [internal function]: CodeIgniter\Debug\Exceptions->errorHandler(2, 'finfo_file(C:\\xampp\\tmp\\php1E62.tmp): Failed to open stream: No such file or directory', 'SYSTEMPATH\\Files\\File.php', 114)
 2 SYSTEMPATH\Files\File.php(114): finfo_file(Object(finfo), 'C:\\xampp\\tmp\\php1E62.tmp')
 3 SYSTEMPATH\HTTP\Files\UploadedFile.php(302): CodeIgniter\Files\File->getMimeType()
 4 SYSTEMPATH\HTTP\Files\UploadedFile.php(291): CodeIgniter\HTTP\Files\UploadedFile->guessExtension()
 5 SYSTEMPATH\Validation\FileRules.php(143): CodeIgniter\HTTP\Files\UploadedFile->getExtension()
 6 SYSTEMPATH\Validation\Validation.php(315): CodeIgniter\Validation\FileRules->is_image('\'1669865225_ca7f4c8d1d7268d8d77b.jpg\'', [], [...], null)
 7 SYSTEMPATH\Validation\Validation.php(175): CodeIgniter\Validation\Validation->processRules('meaning_image', 'meaning_image', '\'1669865225_ca7f4c8d1d7268d8d77b.jpg\'', [...], [...])
 8 SYSTEMPATH\BaseModel.php(1350): CodeIgniter\Validation\Validation->run([...], null, null)
 9 SYSTEMPATH\BaseModel.php(707): CodeIgniter\BaseModel->validate([...])
10 SYSTEMPATH\Model.php(667): CodeIgniter\BaseModel->insert([...], true)
11 APPPATH\Models\MeaningModel.php(85): CodeIgniter\Model->insert([...])
12 APPPATH\Controllers\Meaning.php(114): App\Models\MeaningModel->insert_meaning([...])
13 SYSTEMPATH\CodeIgniter.php(907): App\Controllers\Meaning->addmeaning()
14 SYSTEMPATH\CodeIgniter.php(457): CodeIgniter\CodeIgniter->runController(Object(App\Controllers\Meaning))
15 SYSTEMPATH\CodeIgniter.php(340): CodeIgniter\CodeIgniter->handleRequest(null, Object(Config\Cache), false)
16 FCPATH\index.php(68): CodeIgniter\CodeIgniter->run()
CRITICAL - 2022-11-30 19:29:53 --> finfo_file(C:\xampp\tmp\phpAD6A.tmp): Failed to open stream: No such file or directory
in SYSTEMPATH\Files\File.php on line 114.
 1 [internal function]: CodeIgniter\Debug\Exceptions->errorHandler(2, 'finfo_file(C:\\xampp\\tmp\\phpAD6A.tmp): Failed to open stream: No such file or directory', 'SYSTEMPATH\\Files\\File.php', 114)
 2 SYSTEMPATH\Files\File.php(114): finfo_file(Object(finfo), 'C:\\xampp\\tmp\\phpAD6A.tmp')
 3 SYSTEMPATH\HTTP\Files\UploadedFile.php(302): CodeIgniter\Files\File->getMimeType()
 4 SYSTEMPATH\HTTP\Files\UploadedFile.php(291): CodeIgniter\HTTP\Files\UploadedFile->guessExtension()
 5 SYSTEMPATH\Validation\FileRules.php(143): CodeIgniter\HTTP\Files\UploadedFile->getExtension()
 6 SYSTEMPATH\Validation\Validation.php(315): CodeIgniter\Validation\FileRules->is_image('\'1669865393_7d466f71f4d19aeb8565.jpg\'', [], [...], null)
 7 SYSTEMPATH\Validation\Validation.php(175): CodeIgniter\Validation\Validation->processRules('meaning_image', 'meaning_image', '\'1669865393_7d466f71f4d19aeb8565.jpg\'', [...], [...])
 8 SYSTEMPATH\BaseModel.php(1350): CodeIgniter\Validation\Validation->run([...], null, null)
 9 SYSTEMPATH\BaseModel.php(707): CodeIgniter\BaseModel->validate([...])
10 SYSTEMPATH\Model.php(667): CodeIgniter\BaseModel->insert([...], true)
11 APPPATH\Models\MeaningModel.php(85): CodeIgniter\Model->insert([...])
12 APPPATH\Controllers\Meaning.php(114): App\Models\MeaningModel->insert_meaning([...])
13 SYSTEMPATH\CodeIgniter.php(907): App\Controllers\Meaning->addmeaning()
14 SYSTEMPATH\CodeIgniter.php(457): CodeIgniter\CodeIgniter->runController(Object(App\Controllers\Meaning))
15 SYSTEMPATH\CodeIgniter.php(340): CodeIgniter\CodeIgniter->handleRequest(null, Object(Config\Cache), false)
16 FCPATH\index.php(68): CodeIgniter\CodeIgniter->run()
CRITICAL - 2022-11-30 19:31:41 --> finfo_file(C:\xampp\tmp\php5466.tmp): Failed to open stream: No such file or directory
in SYSTEMPATH\Files\File.php on line 114.
 1 [internal function]: CodeIgniter\Debug\Exceptions->errorHandler(2, 'finfo_file(C:\\xampp\\tmp\\php5466.tmp): Failed to open stream: No such file or directory', 'SYSTEMPATH\\Files\\File.php', 114)
 2 SYSTEMPATH\Files\File.php(114): finfo_file(Object(finfo), 'C:\\xampp\\tmp\\php5466.tmp')
 3 SYSTEMPATH\HTTP\Files\UploadedFile.php(302): CodeIgniter\Files\File->getMimeType()
 4 SYSTEMPATH\HTTP\Files\UploadedFile.php(291): CodeIgniter\HTTP\Files\UploadedFile->guessExtension()
 5 SYSTEMPATH\Validation\FileRules.php(143): CodeIgniter\HTTP\Files\UploadedFile->getExtension()
 6 SYSTEMPATH\Validation\Validation.php(315): CodeIgniter\Validation\FileRules->is_image('\'1669865501_da07711e42e8f7372fb5.jpg\'', [], [...], null)
 7 SYSTEMPATH\Validation\Validation.php(175): CodeIgniter\Validation\Validation->processRules('meaning_image', 'meaning_image', '\'1669865501_da07711e42e8f7372fb5.jpg\'', [...], [...])
 8 SYSTEMPATH\BaseModel.php(1350): CodeIgniter\Validation\Validation->run([...], null, null)
 9 SYSTEMPATH\BaseModel.php(707): CodeIgniter\BaseModel->validate([...])
10 SYSTEMPATH\Model.php(667): CodeIgniter\BaseModel->insert([...], true)
11 APPPATH\Models\MeaningModel.php(85): CodeIgniter\Model->insert([...])
12 APPPATH\Controllers\Meaning.php(114): App\Models\MeaningModel->insert_meaning([...])
13 SYSTEMPATH\CodeIgniter.php(907): App\Controllers\Meaning->addmeaning()
14 SYSTEMPATH\CodeIgniter.php(457): CodeIgniter\CodeIgniter->runController(Object(App\Controllers\Meaning))
15 SYSTEMPATH\CodeIgniter.php(340): CodeIgniter\CodeIgniter->handleRequest(null, Object(Config\Cache), false)
16 FCPATH\index.php(68): CodeIgniter\CodeIgniter->run()
CRITICAL - 2022-11-30 19:37:47 --> finfo_file(C:\xampp\tmp\phpE66D.tmp): Failed to open stream: No such file or directory
in SYSTEMPATH\Files\File.php on line 114.
 1 [internal function]: CodeIgniter\Debug\Exceptions->errorHandler(2, 'finfo_file(C:\\xampp\\tmp\\phpE66D.tmp): Failed to open stream: No such file or directory', 'SYSTEMPATH\\Files\\File.php', 114)
 2 SYSTEMPATH\Files\File.php(114): finfo_file(Object(finfo), 'C:\\xampp\\tmp\\phpE66D.tmp')
 3 SYSTEMPATH\HTTP\Files\UploadedFile.php(302): CodeIgniter\Files\File->getMimeType()
 4 SYSTEMPATH\HTTP\Files\UploadedFile.php(291): CodeIgniter\HTTP\Files\UploadedFile->guessExtension()
 5 SYSTEMPATH\Validation\FileRules.php(143): CodeIgniter\HTTP\Files\UploadedFile->getExtension()
 6 SYSTEMPATH\Validation\Validation.php(315): CodeIgniter\Validation\FileRules->is_image('\'1669865867_4dafdf1dade2d982afc8.jpg\'', [], [...], null)
 7 SYSTEMPATH\Validation\Validation.php(175): CodeIgniter\Validation\Validation->processRules('meaning_image', 'meaning_image', '\'1669865867_4dafdf1dade2d982afc8.jpg\'', [...], [...])
 8 SYSTEMPATH\BaseModel.php(1350): CodeIgniter\Validation\Validation->run([...], null, null)
 9 SYSTEMPATH\BaseModel.php(707): CodeIgniter\BaseModel->validate([...])
10 SYSTEMPATH\Model.php(667): CodeIgniter\BaseModel->insert([...], true)
11 APPPATH\Models\MeaningModel.php(85): CodeIgniter\Model->insert([...])
12 APPPATH\Controllers\Meaning.php(114): App\Models\MeaningModel->insert_meaning([...])
13 SYSTEMPATH\CodeIgniter.php(907): App\Controllers\Meaning->addmeaning()
14 SYSTEMPATH\CodeIgniter.php(457): CodeIgniter\CodeIgniter->runController(Object(App\Controllers\Meaning))
15 SYSTEMPATH\CodeIgniter.php(340): CodeIgniter\CodeIgniter->handleRequest(null, Object(Config\Cache), false)
16 FCPATH\index.php(68): CodeIgniter\CodeIgniter->run()
CRITICAL - 2022-11-30 19:41:02 --> finfo_file(C:\xampp\tmp\phpE045.tmp): Failed to open stream: No such file or directory
in SYSTEMPATH\Files\File.php on line 114.
 1 [internal function]: CodeIgniter\Debug\Exceptions->errorHandler(2, 'finfo_file(C:\\xampp\\tmp\\phpE045.tmp): Failed to open stream: No such file or directory', 'SYSTEMPATH\\Files\\File.php', 114)
 2 SYSTEMPATH\Files\File.php(114): finfo_file(Object(finfo), 'C:\\xampp\\tmp\\phpE045.tmp')
 3 SYSTEMPATH\HTTP\Files\UploadedFile.php(302): CodeIgniter\Files\File->getMimeType()
 4 SYSTEMPATH\HTTP\Files\UploadedFile.php(291): CodeIgniter\HTTP\Files\UploadedFile->guessExtension()
 5 SYSTEMPATH\Validation\FileRules.php(143): CodeIgniter\HTTP\Files\UploadedFile->getExtension()
 6 SYSTEMPATH\Validation\Validation.php(315): CodeIgniter\Validation\FileRules->is_image('\'1669866062_486c497e35d2081f9291.jpg\'', [], [...], null)
 7 SYSTEMPATH\Validation\Validation.php(175): CodeIgniter\Validation\Validation->processRules('meaning_image', 'meaning_image', '\'1669866062_486c497e35d2081f9291.jpg\'', [...], [...])
 8 SYSTEMPATH\BaseModel.php(1350): CodeIgniter\Validation\Validation->run([...], null, null)
 9 SYSTEMPATH\BaseModel.php(707): CodeIgniter\BaseModel->validate([...])
10 SYSTEMPATH\Model.php(667): CodeIgniter\BaseModel->insert([...], true)
11 APPPATH\Models\MeaningModel.php(85): CodeIgniter\Model->insert([...])
12 APPPATH\Controllers\Meaning.php(114): App\Models\MeaningModel->insert_meaning([...])
13 SYSTEMPATH\CodeIgniter.php(907): App\Controllers\Meaning->addmeaning()
14 SYSTEMPATH\CodeIgniter.php(457): CodeIgniter\CodeIgniter->runController(Object(App\Controllers\Meaning))
15 SYSTEMPATH\CodeIgniter.php(340): CodeIgniter\CodeIgniter->handleRequest(null, Object(Config\Cache), false)
16 FCPATH\index.php(68): CodeIgniter\CodeIgniter->run()
CRITICAL - 2022-11-30 19:42:07 --> finfo_file(C:\xampp\tmp\phpE0CE.tmp): Failed to open stream: No such file or directory
in SYSTEMPATH\Files\File.php on line 114.
 1 [internal function]: CodeIgniter\Debug\Exceptions->errorHandler(2, 'finfo_file(C:\\xampp\\tmp\\phpE0CE.tmp): Failed to open stream: No such file or directory', 'SYSTEMPATH\\Files\\File.php', 114)
 2 SYSTEMPATH\Files\File.php(114): finfo_file(Object(finfo), 'C:\\xampp\\tmp\\phpE0CE.tmp')
 3 SYSTEMPATH\HTTP\Files\UploadedFile.php(302): CodeIgniter\Files\File->getMimeType()
 4 SYSTEMPATH\HTTP\Files\UploadedFile.php(291): CodeIgniter\HTTP\Files\UploadedFile->guessExtension()
 5 SYSTEMPATH\Validation\FileRules.php(143): CodeIgniter\HTTP\Files\UploadedFile->getExtension()
 6 SYSTEMPATH\Validation\Validation.php(315): CodeIgniter\Validation\FileRules->is_image('\'1669866127_c9a1b432c5eedafaa551.jpg\'', [], [...], null)
 7 SYSTEMPATH\Validation\Validation.php(175): CodeIgniter\Validation\Validation->processRules('meaning_image', 'meaning_image', '\'1669866127_c9a1b432c5eedafaa551.jpg\'', [...], [...])
 8 SYSTEMPATH\BaseModel.php(1350): CodeIgniter\Validation\Validation->run([...], null, null)
 9 SYSTEMPATH\BaseModel.php(707): CodeIgniter\BaseModel->validate([...])
10 SYSTEMPATH\Model.php(667): CodeIgniter\BaseModel->insert([...], true)
11 APPPATH\Models\MeaningModel.php(85): CodeIgniter\Model->insert([...])
12 APPPATH\Controllers\Meaning.php(114): App\Models\MeaningModel->insert_meaning([...])
13 SYSTEMPATH\CodeIgniter.php(907): App\Controllers\Meaning->addmeaning()
14 SYSTEMPATH\CodeIgniter.php(457): CodeIgniter\CodeIgniter->runController(Object(App\Controllers\Meaning))
15 SYSTEMPATH\CodeIgniter.php(340): CodeIgniter\CodeIgniter->handleRequest(null, Object(Config\Cache), false)
16 FCPATH\index.php(68): CodeIgniter\CodeIgniter->run()
CRITICAL - 2022-11-30 19:46:08 --> Undefined array key "meaning_image"
in APPPATH\Models\MeaningModel.php on line 75.
 1 APPPATH\Models\MeaningModel.php(75): CodeIgniter\Debug\Exceptions->errorHandler(2, 'Undefined array key "meaning_image"', 'APPPATH\\Models\\MeaningModel.php', 75)
 2 APPPATH\Controllers\Meaning.php(114): App\Models\MeaningModel->insert_meaning([...])
 3 SYSTEMPATH\CodeIgniter.php(907): App\Controllers\Meaning->addmeaning()
 4 SYSTEMPATH\CodeIgniter.php(457): CodeIgniter\CodeIgniter->runController(Object(App\Controllers\Meaning))
 5 SYSTEMPATH\CodeIgniter.php(340): CodeIgniter\CodeIgniter->handleRequest(null, Object(Config\Cache), false)
 6 FCPATH\index.php(68): CodeIgniter\CodeIgniter->run()
