CRITICAL - 2022-11-15 11:39:00 --> Array to string conversion
in APPPATH\Controllers\Meaning.php on line 88.
 1 [internal function]: CodeIgniter\Debug\Exceptions->errorHandler(2, 'Array to string conversion', 'APPPATH\\Controllers\\Meaning.php', 88)
 2 APPPATH\Controllers\Meaning.php(88): array_diff([...], [...])
 3 SYSTEMPATH\CodeIgniter.php(907): App\Controllers\Meaning->addmeaning()
 4 SYSTEMPATH\CodeIgniter.php(457): CodeIgniter\CodeIgniter->runController(Object(App\Controllers\Meaning))
 5 SYSTEMPATH\CodeIgniter.php(340): CodeIgniter\CodeIgniter->handleRequest(null, Object(Config\Cache), false)
 6 FCPATH\index.php(68): CodeIgniter\CodeIgniter->run()
CRITICAL - 2022-11-15 11:39:30 --> Array to string conversion
in APPPATH\Controllers\Meaning.php on line 88.
 1 [internal function]: CodeIgniter\Debug\Exceptions->errorHandler(2, 'Array to string conversion', 'APPPATH\\Controllers\\Meaning.php', 88)
 2 APPPATH\Controllers\Meaning.php(88): array_diff([...], [...])
 3 SYSTEMPATH\CodeIgniter.php(907): App\Controllers\Meaning->addmeaning()
 4 SYSTEMPATH\CodeIgniter.php(457): CodeIgniter\CodeIgniter->runController(Object(App\Controllers\Meaning))
 5 SYSTEMPATH\CodeIgniter.php(340): CodeIgniter\CodeIgniter->handleRequest(null, Object(Config\Cache), false)
 6 FCPATH\index.php(68): CodeIgniter\CodeIgniter->run()
CRITICAL - 2022-11-15 11:39:49 --> Array to string conversion
in APPPATH\Controllers\Meaning.php on line 88.
 1 [internal function]: CodeIgniter\Debug\Exceptions->errorHandler(2, 'Array to string conversion', 'APPPATH\\Controllers\\Meaning.php', 88)
 2 APPPATH\Controllers\Meaning.php(88): array_diff([...], [...])
 3 SYSTEMPATH\CodeIgniter.php(907): App\Controllers\Meaning->addmeaning()
 4 SYSTEMPATH\CodeIgniter.php(457): CodeIgniter\CodeIgniter->runController(Object(App\Controllers\Meaning))
 5 SYSTEMPATH\CodeIgniter.php(340): CodeIgniter\CodeIgniter->handleRequest(null, Object(Config\Cache), false)
 6 FCPATH\index.php(68): CodeIgniter\CodeIgniter->run()
CRITICAL - 2022-11-15 12:33:52 --> Array to string conversion
in APPPATH\Controllers\Meaning.php on line 88.
 1 [internal function]: CodeIgniter\Debug\Exceptions->errorHandler(2, 'Array to string conversion', 'APPPATH\\Controllers\\Meaning.php', 88)
 2 APPPATH\Controllers\Meaning.php(88): array_diff([...], [...])
 3 SYSTEMPATH\CodeIgniter.php(907): App\Controllers\Meaning->addmeaning()
 4 SYSTEMPATH\CodeIgniter.php(457): CodeIgniter\CodeIgniter->runController(Object(App\Controllers\Meaning))
 5 SYSTEMPATH\CodeIgniter.php(340): CodeIgniter\CodeIgniter->handleRequest(null, Object(Config\Cache), false)
 6 FCPATH\index.php(68): CodeIgniter\CodeIgniter->run()
CRITICAL - 2022-11-15 12:34:23 --> Array to string conversion
in APPPATH\Controllers\Meaning.php on line 88.
 1 [internal function]: CodeIgniter\Debug\Exceptions->errorHandler(2, 'Array to string conversion', 'APPPATH\\Controllers\\Meaning.php', 88)
 2 APPPATH\Controllers\Meaning.php(88): array_diff([...], [...])
 3 SYSTEMPATH\CodeIgniter.php(907): App\Controllers\Meaning->addmeaning()
 4 SYSTEMPATH\CodeIgniter.php(457): CodeIgniter\CodeIgniter->runController(Object(App\Controllers\Meaning))
 5 SYSTEMPATH\CodeIgniter.php(340): CodeIgniter\CodeIgniter->handleRequest(null, Object(Config\Cache), false)
 6 FCPATH\index.php(68): CodeIgniter\CodeIgniter->run()
CRITICAL - 2022-11-15 12:51:36 --> CodeIgniter\Validation\Rules::min_length(): Argument #1 ($str) must be of type ?string, array given, called in C:\xampp\htdocs\etkal\system\Validation\Validation.php on line 315
in SYSTEMPATH\Validation\Rules.php on line 186.
 1 SYSTEMPATH\Validation\Validation.php(315): CodeIgniter\Validation\Rules->min_length([...], '2', [...], null)
 2 SYSTEMPATH\Validation\Validation.php(175): CodeIgniter\Validation\Validation->processRules('tag', 'tag', [...], [...], [...])
 3 SYSTEMPATH\Controller.php(140): CodeIgniter\Validation\Validation->run()
 4 APPPATH\Controllers\Meaning.php(67): CodeIgniter\Controller->validate([...])
 5 SYSTEMPATH\CodeIgniter.php(907): App\Controllers\Meaning->addmeaning()
 6 SYSTEMPATH\CodeIgniter.php(457): CodeIgniter\CodeIgniter->runController(Object(App\Controllers\Meaning))
 7 SYSTEMPATH\CodeIgniter.php(340): CodeIgniter\CodeIgniter->handleRequest(null, Object(Config\Cache), false)
 8 FCPATH\index.php(68): CodeIgniter\CodeIgniter->run()
CRITICAL - 2022-11-15 14:05:28 --> array_push(): Argument #1 ($array) cannot be passed by reference
in APPPATH\Controllers\Meaning.php on line 102.
 1 SYSTEMPATH\CodeIgniter.php(907): App\Controllers\Meaning->addmeaning()
 2 SYSTEMPATH\CodeIgniter.php(457): CodeIgniter\CodeIgniter->runController(Object(App\Controllers\Meaning))
 3 SYSTEMPATH\CodeIgniter.php(340): CodeIgniter\CodeIgniter->handleRequest(null, Object(Config\Cache), false)
 4 FCPATH\index.php(68): CodeIgniter\CodeIgniter->run()
CRITICAL - 2022-11-15 14:07:44 --> array_push(): Argument #1 ($array) must be of type array, int given
in APPPATH\Controllers\Meaning.php on line 102.
 1 APPPATH\Controllers\Meaning.php(102): array_push(1, false)
 2 SYSTEMPATH\CodeIgniter.php(907): App\Controllers\Meaning->addmeaning()
 3 SYSTEMPATH\CodeIgniter.php(457): CodeIgniter\CodeIgniter->runController(Object(App\Controllers\Meaning))
 4 SYSTEMPATH\CodeIgniter.php(340): CodeIgniter\CodeIgniter->handleRequest(null, Object(Config\Cache), false)
 5 FCPATH\index.php(68): CodeIgniter\CodeIgniter->run()
CRITICAL - 2022-11-15 14:29:31 --> Undefined property: App\Controllers\Meaning::$validation
in APPPATH\Controllers\Meaning.php on line 110.
 1 APPPATH\Controllers\Meaning.php(110): CodeIgniter\Debug\Exceptions->errorHandler(2, 'Undefined property: App\\Controllers\\Meaning::$validation', 'APPPATH\\Controllers\\Meaning.php', 110)
 2 SYSTEMPATH\CodeIgniter.php(907): App\Controllers\Meaning->addmeaning()
 3 SYSTEMPATH\CodeIgniter.php(457): CodeIgniter\CodeIgniter->runController(Object(App\Controllers\Meaning))
 4 SYSTEMPATH\CodeIgniter.php(340): CodeIgniter\CodeIgniter->handleRequest(null, Object(Config\Cache), false)
 5 FCPATH\index.php(68): CodeIgniter\CodeIgniter->run()
CRITICAL - 2022-11-15 14:32:29 --> Array to string conversion
in APPPATH\Views\dictionary\addmeaning.php on line 15.
 1 APPPATH\Views\dictionary\addmeaning.php(15): CodeIgniter\Debug\Exceptions->errorHandler(2, 'Array to string conversion', 'APPPATH\\Views\\dictionary\\addmeaning.php', 15)
 2 SYSTEMPATH\View\View.php(213): include('APPPATH\\Views\\dictionary\\addmeaning.php')
 3 SYSTEMPATH\View\View.php(216): CodeIgniter\View\View->CodeIgniter\View\{closure}()
 4 SYSTEMPATH\Common.php(1142): CodeIgniter\View\View->render('dictionary/addmeaning', [], true)
 5 APPPATH\Controllers\Meaning.php(111): view('dictionary/addmeaning', [...])
 6 SYSTEMPATH\CodeIgniter.php(907): App\Controllers\Meaning->addmeaning()
 7 SYSTEMPATH\CodeIgniter.php(457): CodeIgniter\CodeIgniter->runController(Object(App\Controllers\Meaning))
 8 SYSTEMPATH\CodeIgniter.php(340): CodeIgniter\CodeIgniter->handleRequest(null, Object(Config\Cache), false)
 9 FCPATH\index.php(68): CodeIgniter\CodeIgniter->run()
ERROR - 2022-11-15 14:37:48 --> mysqli_sql_exception: Unknown column 'created_at' in 'field list' in C:\xampp\htdocs\etkal\system\Database\MySQLi\Connection.php:292
Stack trace:
#0 C:\xampp\htdocs\etkal\system\Database\MySQLi\Connection.php(292): mysqli->query('INSERT INTO `ta...', 0)
#1 C:\xampp\htdocs\etkal\system\Database\BaseConnection.php(693): CodeIgniter\Database\MySQLi\Connection->execute('INSERT INTO `ta...')
#2 C:\xampp\htdocs\etkal\system\Database\BaseConnection.php(620): CodeIgniter\Database\BaseConnection->simpleQuery('INSERT INTO `ta...')
#3 C:\xampp\htdocs\etkal\system\Database\BaseBuilder.php(1916): CodeIgniter\Database\BaseConnection->query('INSERT INTO `ta...', Array, false)
#4 C:\xampp\htdocs\etkal\system\Model.php(279): CodeIgniter\Database\BaseBuilder->insert()
#5 C:\xampp\htdocs\etkal\system\BaseModel.php(738): CodeIgniter\Model->doInsert(Array)
#6 C:\xampp\htdocs\etkal\system\Model.php(667): CodeIgniter\BaseModel->insert(Array, true)
#7 C:\xampp\htdocs\etkal\app\Controllers\Meaning.php(104): CodeIgniter\Model->insert()
#8 C:\xampp\htdocs\etkal\system\CodeIgniter.php(907): App\Controllers\Meaning->addmeaning()
#9 C:\xampp\htdocs\etkal\system\CodeIgniter.php(457): CodeIgniter\CodeIgniter->runController(Object(App\Controllers\Meaning))
#10 C:\xampp\htdocs\etkal\system\CodeIgniter.php(340): CodeIgniter\CodeIgniter->handleRequest(NULL, Object(Config\Cache), false)
#11 C:\xampp\htdocs\etkal\index.php(68): CodeIgniter\CodeIgniter->run()
#12 {main}
CRITICAL - 2022-11-15 14:37:48 --> Unknown column 'created_at' in 'field list'
in SYSTEMPATH\Database\MySQLi\Connection.php on line 292.
 1 SYSTEMPATH\Database\MySQLi\Connection.php(292): mysqli->query('INSERT INTO `tags` (`tag`, `abbreviation`, `user_id`, `created_at`, `updated_at`) VALUES (\'Test\', \'--\', \'1\', \'2022-11-15 14:37:48\', \'2022-11-15 14:37:48\')', 0)
 2 SYSTEMPATH\Database\BaseConnection.php(693): CodeIgniter\Database\MySQLi\Connection->execute('INSERT INTO `tags` (`tag`, `abbreviation`, `user_id`, `created_at`, `updated_at`) VALUES (\'Test\', \'--\', \'1\', \'2022-11-15 14:37:48\', \'2022-11-15 14:37:48\')')
 3 SYSTEMPATH\Database\BaseConnection.php(620): CodeIgniter\Database\BaseConnection->simpleQuery('INSERT INTO `tags` (`tag`, `abbreviation`, `user_id`, `created_at`, `updated_at`) VALUES (\'Test\', \'--\', \'1\', \'2022-11-15 14:37:48\', \'2022-11-15 14:37:48\')')
 4 SYSTEMPATH\Database\BaseBuilder.php(1916): CodeIgniter\Database\BaseConnection->query('INSERT INTO `tags` (`tag`, `abbreviation`, `user_id`, `created_at`, `updated_at`) VALUES (:tag:, :abbreviation:, :user_id:, :created_at:, :updated_at:)', [...], false)
 5 SYSTEMPATH\Model.php(279): CodeIgniter\Database\BaseBuilder->insert()
 6 SYSTEMPATH\BaseModel.php(738): CodeIgniter\Model->doInsert([...])
 7 SYSTEMPATH\Model.php(667): CodeIgniter\BaseModel->insert([...], true)
 8 APPPATH\Controllers\Meaning.php(104): CodeIgniter\Model->insert()
 9 SYSTEMPATH\CodeIgniter.php(907): App\Controllers\Meaning->addmeaning()
10 SYSTEMPATH\CodeIgniter.php(457): CodeIgniter\CodeIgniter->runController(Object(App\Controllers\Meaning))
11 SYSTEMPATH\CodeIgniter.php(340): CodeIgniter\CodeIgniter->handleRequest(null, Object(Config\Cache), false)
12 FCPATH\index.php(68): CodeIgniter\CodeIgniter->run()
CRITICAL - 2022-11-15 18:26:56 --> Undefined array key "user_id"
in APPPATH\Controllers\Meaning.php on line 120.
 1 APPPATH\Controllers\Meaning.php(120): CodeIgniter\Debug\Exceptions->errorHandler(2, 'Undefined array key "user_id"', 'APPPATH\\Controllers\\Meaning.php', 120)
 2 APPPATH\Controllers\Meaning.php(40): App\Controllers\Meaning->pageload()
 3 SYSTEMPATH\CodeIgniter.php(907): App\Controllers\Meaning->addmeaning()
 4 SYSTEMPATH\CodeIgniter.php(457): CodeIgniter\CodeIgniter->runController(Object(App\Controllers\Meaning))
 5 SYSTEMPATH\CodeIgniter.php(340): CodeIgniter\CodeIgniter->handleRequest(null, Object(Config\Cache), false)
 6 FCPATH\index.php(68): CodeIgniter\CodeIgniter->run()
ERROR - 2022-11-15 18:29:54 --> mysqli_sql_exception: Unknown column 'created_at' in 'field list' in C:\xampp\htdocs\etkal\system\Database\MySQLi\Connection.php:292
Stack trace:
#0 C:\xampp\htdocs\etkal\system\Database\MySQLi\Connection.php(292): mysqli->query('INSERT INTO `ta...', 0)
#1 C:\xampp\htdocs\etkal\system\Database\BaseConnection.php(693): CodeIgniter\Database\MySQLi\Connection->execute('INSERT INTO `ta...')
#2 C:\xampp\htdocs\etkal\system\Database\BaseConnection.php(620): CodeIgniter\Database\BaseConnection->simpleQuery('INSERT INTO `ta...')
#3 C:\xampp\htdocs\etkal\system\Database\BaseBuilder.php(1916): CodeIgniter\Database\BaseConnection->query('INSERT INTO `ta...', Array, false)
#4 C:\xampp\htdocs\etkal\system\Model.php(279): CodeIgniter\Database\BaseBuilder->insert()
#5 C:\xampp\htdocs\etkal\system\BaseModel.php(738): CodeIgniter\Model->doInsert(Array)
#6 C:\xampp\htdocs\etkal\system\Model.php(667): CodeIgniter\BaseModel->insert(Array, true)
#7 C:\xampp\htdocs\etkal\app\Controllers\Meaning.php(104): CodeIgniter\Model->insert()
#8 C:\xampp\htdocs\etkal\system\CodeIgniter.php(907): App\Controllers\Meaning->addmeaning()
#9 C:\xampp\htdocs\etkal\system\CodeIgniter.php(457): CodeIgniter\CodeIgniter->runController(Object(App\Controllers\Meaning))
#10 C:\xampp\htdocs\etkal\system\CodeIgniter.php(340): CodeIgniter\CodeIgniter->handleRequest(NULL, Object(Config\Cache), false)
#11 C:\xampp\htdocs\etkal\index.php(68): CodeIgniter\CodeIgniter->run()
#12 {main}
CRITICAL - 2022-11-15 18:29:54 --> Unknown column 'created_at' in 'field list'
in SYSTEMPATH\Database\MySQLi\Connection.php on line 292.
 1 SYSTEMPATH\Database\MySQLi\Connection.php(292): mysqli->query('INSERT INTO `tags` (`tag`, `abbreviation`, `user_id`, `created_at`, `updated_at`) VALUES (\'Test\', \'--\', \'1\', \'2022-11-15 18:29:54\', \'2022-11-15 18:29:54\')', 0)
 2 SYSTEMPATH\Database\BaseConnection.php(693): CodeIgniter\Database\MySQLi\Connection->execute('INSERT INTO `tags` (`tag`, `abbreviation`, `user_id`, `created_at`, `updated_at`) VALUES (\'Test\', \'--\', \'1\', \'2022-11-15 18:29:54\', \'2022-11-15 18:29:54\')')
 3 SYSTEMPATH\Database\BaseConnection.php(620): CodeIgniter\Database\BaseConnection->simpleQuery('INSERT INTO `tags` (`tag`, `abbreviation`, `user_id`, `created_at`, `updated_at`) VALUES (\'Test\', \'--\', \'1\', \'2022-11-15 18:29:54\', \'2022-11-15 18:29:54\')')
 4 SYSTEMPATH\Database\BaseBuilder.php(1916): CodeIgniter\Database\BaseConnection->query('INSERT INTO `tags` (`tag`, `abbreviation`, `user_id`, `created_at`, `updated_at`) VALUES (:tag:, :abbreviation:, :user_id:, :created_at:, :updated_at:)', [...], false)
 5 SYSTEMPATH\Model.php(279): CodeIgniter\Database\BaseBuilder->insert()
 6 SYSTEMPATH\BaseModel.php(738): CodeIgniter\Model->doInsert([...])
 7 SYSTEMPATH\Model.php(667): CodeIgniter\BaseModel->insert([...], true)
 8 APPPATH\Controllers\Meaning.php(104): CodeIgniter\Model->insert()
 9 SYSTEMPATH\CodeIgniter.php(907): App\Controllers\Meaning->addmeaning()
10 SYSTEMPATH\CodeIgniter.php(457): CodeIgniter\CodeIgniter->runController(Object(App\Controllers\Meaning))
11 SYSTEMPATH\CodeIgniter.php(340): CodeIgniter\CodeIgniter->handleRequest(null, Object(Config\Cache), false)
12 FCPATH\index.php(68): CodeIgniter\CodeIgniter->run()
ERROR - 2022-11-15 18:34:55 --> mysqli_sql_exception: Unknown column 'created_at' in 'field list' in C:\xampp\htdocs\etkal\system\Database\MySQLi\Connection.php:292
Stack trace:
#0 C:\xampp\htdocs\etkal\system\Database\MySQLi\Connection.php(292): mysqli->query('INSERT INTO `ta...', 0)
#1 C:\xampp\htdocs\etkal\system\Database\BaseConnection.php(693): CodeIgniter\Database\MySQLi\Connection->execute('INSERT INTO `ta...')
#2 C:\xampp\htdocs\etkal\system\Database\BaseConnection.php(620): CodeIgniter\Database\BaseConnection->simpleQuery('INSERT INTO `ta...')
#3 C:\xampp\htdocs\etkal\system\Database\BaseBuilder.php(1916): CodeIgniter\Database\BaseConnection->query('INSERT INTO `ta...', Array, false)
#4 C:\xampp\htdocs\etkal\system\Model.php(279): CodeIgniter\Database\BaseBuilder->insert()
#5 C:\xampp\htdocs\etkal\system\BaseModel.php(738): CodeIgniter\Model->doInsert(Array)
#6 C:\xampp\htdocs\etkal\system\Model.php(667): CodeIgniter\BaseModel->insert(Array, true)
#7 C:\xampp\htdocs\etkal\app\Controllers\Meaning.php(104): CodeIgniter\Model->insert()
#8 C:\xampp\htdocs\etkal\system\CodeIgniter.php(907): App\Controllers\Meaning->addmeaning()
#9 C:\xampp\htdocs\etkal\system\CodeIgniter.php(457): CodeIgniter\CodeIgniter->runController(Object(App\Controllers\Meaning))
#10 C:\xampp\htdocs\etkal\system\CodeIgniter.php(340): CodeIgniter\CodeIgniter->handleRequest(NULL, Object(Config\Cache), false)
#11 C:\xampp\htdocs\etkal\index.php(68): CodeIgniter\CodeIgniter->run()
#12 {main}
CRITICAL - 2022-11-15 18:34:55 --> Unknown column 'created_at' in 'field list'
in SYSTEMPATH\Database\MySQLi\Connection.php on line 292.
 1 SYSTEMPATH\Database\MySQLi\Connection.php(292): mysqli->query('INSERT INTO `tags` (`tag`, `abbreviation`, `user_id`, `created_at`, `updated_at`) VALUES (\'Test\', \'--\', \'1\', \'2022-11-15 18:34:55\', \'2022-11-15 18:34:55\')', 0)
 2 SYSTEMPATH\Database\BaseConnection.php(693): CodeIgniter\Database\MySQLi\Connection->execute('INSERT INTO `tags` (`tag`, `abbreviation`, `user_id`, `created_at`, `updated_at`) VALUES (\'Test\', \'--\', \'1\', \'2022-11-15 18:34:55\', \'2022-11-15 18:34:55\')')
 3 SYSTEMPATH\Database\BaseConnection.php(620): CodeIgniter\Database\BaseConnection->simpleQuery('INSERT INTO `tags` (`tag`, `abbreviation`, `user_id`, `created_at`, `updated_at`) VALUES (\'Test\', \'--\', \'1\', \'2022-11-15 18:34:55\', \'2022-11-15 18:34:55\')')
 4 SYSTEMPATH\Database\BaseBuilder.php(1916): CodeIgniter\Database\BaseConnection->query('INSERT INTO `tags` (`tag`, `abbreviation`, `user_id`, `created_at`, `updated_at`) VALUES (:tag:, :abbreviation:, :user_id:, :created_at:, :updated_at:)', [...], false)
 5 SYSTEMPATH\Model.php(279): CodeIgniter\Database\BaseBuilder->insert()
 6 SYSTEMPATH\BaseModel.php(738): CodeIgniter\Model->doInsert([...])
 7 SYSTEMPATH\Model.php(667): CodeIgniter\BaseModel->insert([...], true)
 8 APPPATH\Controllers\Meaning.php(104): CodeIgniter\Model->insert()
 9 SYSTEMPATH\CodeIgniter.php(907): App\Controllers\Meaning->addmeaning()
10 SYSTEMPATH\CodeIgniter.php(457): CodeIgniter\CodeIgniter->runController(Object(App\Controllers\Meaning))
11 SYSTEMPATH\CodeIgniter.php(340): CodeIgniter\CodeIgniter->handleRequest(null, Object(Config\Cache), false)
12 FCPATH\index.php(68): CodeIgniter\CodeIgniter->run()
ERROR - 2022-11-15 18:35:51 --> mysqli_sql_exception: Unknown column 'created_at' in 'field list' in C:\xampp\htdocs\etkal\system\Database\MySQLi\Connection.php:292
Stack trace:
#0 C:\xampp\htdocs\etkal\system\Database\MySQLi\Connection.php(292): mysqli->query('INSERT INTO `ta...', 0)
#1 C:\xampp\htdocs\etkal\system\Database\BaseConnection.php(693): CodeIgniter\Database\MySQLi\Connection->execute('INSERT INTO `ta...')
#2 C:\xampp\htdocs\etkal\system\Database\BaseConnection.php(620): CodeIgniter\Database\BaseConnection->simpleQuery('INSERT INTO `ta...')
#3 C:\xampp\htdocs\etkal\system\Database\BaseBuilder.php(1916): CodeIgniter\Database\BaseConnection->query('INSERT INTO `ta...', Array, false)
#4 C:\xampp\htdocs\etkal\system\Model.php(279): CodeIgniter\Database\BaseBuilder->insert()
#5 C:\xampp\htdocs\etkal\system\BaseModel.php(738): CodeIgniter\Model->doInsert(Array)
#6 C:\xampp\htdocs\etkal\system\Model.php(667): CodeIgniter\BaseModel->insert(Array, true)
#7 C:\xampp\htdocs\etkal\app\Controllers\Meaning.php(104): CodeIgniter\Model->insert()
#8 C:\xampp\htdocs\etkal\system\CodeIgniter.php(907): App\Controllers\Meaning->addmeaning()
#9 C:\xampp\htdocs\etkal\system\CodeIgniter.php(457): CodeIgniter\CodeIgniter->runController(Object(App\Controllers\Meaning))
#10 C:\xampp\htdocs\etkal\system\CodeIgniter.php(340): CodeIgniter\CodeIgniter->handleRequest(NULL, Object(Config\Cache), false)
#11 C:\xampp\htdocs\etkal\index.php(68): CodeIgniter\CodeIgniter->run()
#12 {main}
CRITICAL - 2022-11-15 18:35:51 --> Unknown column 'created_at' in 'field list'
in SYSTEMPATH\Database\MySQLi\Connection.php on line 292.
 1 SYSTEMPATH\Database\MySQLi\Connection.php(292): mysqli->query('INSERT INTO `tags` (`tag`, `abbreviation`, `user_id`, `created_at`, `updated_at`) VALUES (\'Test\', \'--\', \'1\', \'2022-11-15 18:35:51\', \'2022-11-15 18:35:51\')', 0)
 2 SYSTEMPATH\Database\BaseConnection.php(693): CodeIgniter\Database\MySQLi\Connection->execute('INSERT INTO `tags` (`tag`, `abbreviation`, `user_id`, `created_at`, `updated_at`) VALUES (\'Test\', \'--\', \'1\', \'2022-11-15 18:35:51\', \'2022-11-15 18:35:51\')')
 3 SYSTEMPATH\Database\BaseConnection.php(620): CodeIgniter\Database\BaseConnection->simpleQuery('INSERT INTO `tags` (`tag`, `abbreviation`, `user_id`, `created_at`, `updated_at`) VALUES (\'Test\', \'--\', \'1\', \'2022-11-15 18:35:51\', \'2022-11-15 18:35:51\')')
 4 SYSTEMPATH\Database\BaseBuilder.php(1916): CodeIgniter\Database\BaseConnection->query('INSERT INTO `tags` (`tag`, `abbreviation`, `user_id`, `created_at`, `updated_at`) VALUES (:tag:, :abbreviation:, :user_id:, :created_at:, :updated_at:)', [...], false)
 5 SYSTEMPATH\Model.php(279): CodeIgniter\Database\BaseBuilder->insert()
 6 SYSTEMPATH\BaseModel.php(738): CodeIgniter\Model->doInsert([...])
 7 SYSTEMPATH\Model.php(667): CodeIgniter\BaseModel->insert([...], true)
 8 APPPATH\Controllers\Meaning.php(104): CodeIgniter\Model->insert()
 9 SYSTEMPATH\CodeIgniter.php(907): App\Controllers\Meaning->addmeaning()
10 SYSTEMPATH\CodeIgniter.php(457): CodeIgniter\CodeIgniter->runController(Object(App\Controllers\Meaning))
11 SYSTEMPATH\CodeIgniter.php(340): CodeIgniter\CodeIgniter->handleRequest(null, Object(Config\Cache), false)
12 FCPATH\index.php(68): CodeIgniter\CodeIgniter->run()
ERROR - 2022-11-15 18:37:30 --> mysqli_sql_exception: Unknown column 'created_at' in 'field list' in C:\xampp\htdocs\etkal\system\Database\MySQLi\Connection.php:292
Stack trace:
#0 C:\xampp\htdocs\etkal\system\Database\MySQLi\Connection.php(292): mysqli->query('INSERT INTO `ta...', 0)
#1 C:\xampp\htdocs\etkal\system\Database\BaseConnection.php(693): CodeIgniter\Database\MySQLi\Connection->execute('INSERT INTO `ta...')
#2 C:\xampp\htdocs\etkal\system\Database\BaseConnection.php(620): CodeIgniter\Database\BaseConnection->simpleQuery('INSERT INTO `ta...')
#3 C:\xampp\htdocs\etkal\system\Database\BaseBuilder.php(1916): CodeIgniter\Database\BaseConnection->query('INSERT INTO `ta...', Array, false)
#4 C:\xampp\htdocs\etkal\system\Model.php(279): CodeIgniter\Database\BaseBuilder->insert()
#5 C:\xampp\htdocs\etkal\system\BaseModel.php(738): CodeIgniter\Model->doInsert(Array)
#6 C:\xampp\htdocs\etkal\system\Model.php(667): CodeIgniter\BaseModel->insert(Array, true)
#7 C:\xampp\htdocs\etkal\app\Controllers\Meaning.php(104): CodeIgniter\Model->insert()
#8 C:\xampp\htdocs\etkal\system\CodeIgniter.php(907): App\Controllers\Meaning->addmeaning()
#9 C:\xampp\htdocs\etkal\system\CodeIgniter.php(457): CodeIgniter\CodeIgniter->runController(Object(App\Controllers\Meaning))
#10 C:\xampp\htdocs\etkal\system\CodeIgniter.php(340): CodeIgniter\CodeIgniter->handleRequest(NULL, Object(Config\Cache), false)
#11 C:\xampp\htdocs\etkal\index.php(68): CodeIgniter\CodeIgniter->run()
#12 {main}
CRITICAL - 2022-11-15 18:37:30 --> Unknown column 'created_at' in 'field list'
in SYSTEMPATH\Database\MySQLi\Connection.php on line 292.
 1 SYSTEMPATH\Database\MySQLi\Connection.php(292): mysqli->query('INSERT INTO `tags` (`tag`, `abbreviation`, `user_id`, `created_at`, `updated_at`) VALUES (\'Test\', \'--\', \'1\', \'2022-11-15 18:37:30\', \'2022-11-15 18:37:30\')', 0)
 2 SYSTEMPATH\Database\BaseConnection.php(693): CodeIgniter\Database\MySQLi\Connection->execute('INSERT INTO `tags` (`tag`, `abbreviation`, `user_id`, `created_at`, `updated_at`) VALUES (\'Test\', \'--\', \'1\', \'2022-11-15 18:37:30\', \'2022-11-15 18:37:30\')')
 3 SYSTEMPATH\Database\BaseConnection.php(620): CodeIgniter\Database\BaseConnection->simpleQuery('INSERT INTO `tags` (`tag`, `abbreviation`, `user_id`, `created_at`, `updated_at`) VALUES (\'Test\', \'--\', \'1\', \'2022-11-15 18:37:30\', \'2022-11-15 18:37:30\')')
 4 SYSTEMPATH\Database\BaseBuilder.php(1916): CodeIgniter\Database\BaseConnection->query('INSERT INTO `tags` (`tag`, `abbreviation`, `user_id`, `created_at`, `updated_at`) VALUES (:tag:, :abbreviation:, :user_id:, :created_at:, :updated_at:)', [...], false)
 5 SYSTEMPATH\Model.php(279): CodeIgniter\Database\BaseBuilder->insert()
 6 SYSTEMPATH\BaseModel.php(738): CodeIgniter\Model->doInsert([...])
 7 SYSTEMPATH\Model.php(667): CodeIgniter\BaseModel->insert([...], true)
 8 APPPATH\Controllers\Meaning.php(104): CodeIgniter\Model->insert()
 9 SYSTEMPATH\CodeIgniter.php(907): App\Controllers\Meaning->addmeaning()
10 SYSTEMPATH\CodeIgniter.php(457): CodeIgniter\CodeIgniter->runController(Object(App\Controllers\Meaning))
11 SYSTEMPATH\CodeIgniter.php(340): CodeIgniter\CodeIgniter->handleRequest(null, Object(Config\Cache), false)
12 FCPATH\index.php(68): CodeIgniter\CodeIgniter->run()
ERROR - 2022-11-15 18:39:20 --> mysqli_sql_exception: Unknown column 'updated_at' in 'field list' in C:\xampp\htdocs\etkal\system\Database\MySQLi\Connection.php:292
Stack trace:
#0 C:\xampp\htdocs\etkal\system\Database\MySQLi\Connection.php(292): mysqli->query('UPDATE `tags` S...', 0)
#1 C:\xampp\htdocs\etkal\system\Database\BaseConnection.php(693): CodeIgniter\Database\MySQLi\Connection->execute('UPDATE `tags` S...')
#2 C:\xampp\htdocs\etkal\system\Database\BaseConnection.php(620): CodeIgniter\Database\BaseConnection->simpleQuery('UPDATE `tags` S...')
#3 C:\xampp\htdocs\etkal\system\Database\BaseBuilder.php(2079): CodeIgniter\Database\BaseConnection->query('UPDATE `tags` S...', Array, false)
#4 C:\xampp\htdocs\etkal\system\Model.php(338): CodeIgniter\Database\BaseBuilder->update()
#5 C:\xampp\htdocs\etkal\system\BaseModel.php(865): CodeIgniter\Model->doUpdate(NULL, Array)
#6 C:\xampp\htdocs\etkal\system\Model.php(693): CodeIgniter\BaseModel->update(NULL, Array)
#7 C:\xampp\htdocs\etkal\app\Controllers\Meaning.php(102): CodeIgniter\Model->update()
#8 C:\xampp\htdocs\etkal\system\CodeIgniter.php(907): App\Controllers\Meaning->addmeaning()
#9 C:\xampp\htdocs\etkal\system\CodeIgniter.php(457): CodeIgniter\CodeIgniter->runController(Object(App\Controllers\Meaning))
#10 C:\xampp\htdocs\etkal\system\CodeIgniter.php(340): CodeIgniter\CodeIgniter->handleRequest(NULL, Object(Config\Cache), false)
#11 C:\xampp\htdocs\etkal\index.php(68): CodeIgniter\CodeIgniter->run()
#12 {main}
CRITICAL - 2022-11-15 18:39:20 --> Unknown column 'updated_at' in 'field list'
in SYSTEMPATH\Database\MySQLi\Connection.php on line 292.
 1 SYSTEMPATH\Database\MySQLi\Connection.php(292): mysqli->query('UPDATE `tags` SET `tag` = \'Test\', `abbreviation` = \'--\', `user_id` = \'1\', `updated_at` = \'2022-11-15 18:39:20\'', 0)
 2 SYSTEMPATH\Database\BaseConnection.php(693): CodeIgniter\Database\MySQLi\Connection->execute('UPDATE `tags` SET `tag` = \'Test\', `abbreviation` = \'--\', `user_id` = \'1\', `updated_at` = \'2022-11-15 18:39:20\'')
 3 SYSTEMPATH\Database\BaseConnection.php(620): CodeIgniter\Database\BaseConnection->simpleQuery('UPDATE `tags` SET `tag` = \'Test\', `abbreviation` = \'--\', `user_id` = \'1\', `updated_at` = \'2022-11-15 18:39:20\'')
 4 SYSTEMPATH\Database\BaseBuilder.php(2079): CodeIgniter\Database\BaseConnection->query('UPDATE `tags` SET `tag` = :tag:, `abbreviation` = :abbreviation:, `user_id` = :user_id:, `updated_at` = :updated_at:', [...], false)
 5 SYSTEMPATH\Model.php(338): CodeIgniter\Database\BaseBuilder->update()
 6 SYSTEMPATH\BaseModel.php(865): CodeIgniter\Model->doUpdate(null, [...])
 7 SYSTEMPATH\Model.php(693): CodeIgniter\BaseModel->update(null, [...])
 8 APPPATH\Controllers\Meaning.php(102): CodeIgniter\Model->update()
 9 SYSTEMPATH\CodeIgniter.php(907): App\Controllers\Meaning->addmeaning()
10 SYSTEMPATH\CodeIgniter.php(457): CodeIgniter\CodeIgniter->runController(Object(App\Controllers\Meaning))
11 SYSTEMPATH\CodeIgniter.php(340): CodeIgniter\CodeIgniter->handleRequest(null, Object(Config\Cache), false)
12 FCPATH\index.php(68): CodeIgniter\CodeIgniter->run()
CRITICAL - 2022-11-15 18:55:39 --> CodeIgniter\BaseModel::transformDataToArray(): Return value must be of type array, bool returned
in SYSTEMPATH\BaseModel.php on line 1599.
 1 SYSTEMPATH\Model.php(659): CodeIgniter\BaseModel->transformDataToArray(true, 'insert')
 2 APPPATH\Controllers\Meaning.php(102): CodeIgniter\Model->insert(true)
 3 SYSTEMPATH\CodeIgniter.php(907): App\Controllers\Meaning->addmeaning()
 4 SYSTEMPATH\CodeIgniter.php(457): CodeIgniter\CodeIgniter->runController(Object(App\Controllers\Meaning))
 5 SYSTEMPATH\CodeIgniter.php(340): CodeIgniter\CodeIgniter->handleRequest(null, Object(Config\Cache), false)
 6 FCPATH\index.php(68): CodeIgniter\CodeIgniter->run()
ERROR - 2022-11-15 20:12:38 --> mysqli_sql_exception: Duplicate entry 'አበበ' for key 'word' in C:\xampp\htdocs\etkal\system\Database\MySQLi\Connection.php:292
Stack trace:
#0 C:\xampp\htdocs\etkal\system\Database\MySQLi\Connection.php(292): mysqli->query('INSERT INTO `wo...', 0)
#1 C:\xampp\htdocs\etkal\system\Database\BaseConnection.php(693): CodeIgniter\Database\MySQLi\Connection->execute('INSERT INTO `wo...')
#2 C:\xampp\htdocs\etkal\system\Database\BaseConnection.php(620): CodeIgniter\Database\BaseConnection->simpleQuery('INSERT INTO `wo...')
#3 C:\xampp\htdocs\etkal\system\Database\BaseBuilder.php(1916): CodeIgniter\Database\BaseConnection->query('INSERT INTO `wo...', Array, false)
#4 C:\xampp\htdocs\etkal\system\Model.php(279): CodeIgniter\Database\BaseBuilder->insert()
#5 C:\xampp\htdocs\etkal\system\BaseModel.php(738): CodeIgniter\Model->doInsert(Array)
#6 C:\xampp\htdocs\etkal\system\Model.php(667): CodeIgniter\BaseModel->insert(Array, true)
#7 C:\xampp\htdocs\etkal\app\Controllers\Meaning.php(80): CodeIgniter\Model->insert(Array)
#8 C:\xampp\htdocs\etkal\system\CodeIgniter.php(907): App\Controllers\Meaning->addmeaning()
#9 C:\xampp\htdocs\etkal\system\CodeIgniter.php(457): CodeIgniter\CodeIgniter->runController(Object(App\Controllers\Meaning))
#10 C:\xampp\htdocs\etkal\system\CodeIgniter.php(340): CodeIgniter\CodeIgniter->handleRequest(NULL, Object(Config\Cache), false)
#11 C:\xampp\htdocs\etkal\index.php(68): CodeIgniter\CodeIgniter->run()
#12 {main}
CRITICAL - 2022-11-15 20:12:38 --> Duplicate entry 'አበበ' for key 'word'
in SYSTEMPATH\Database\MySQLi\Connection.php on line 292.
 1 SYSTEMPATH\Database\MySQLi\Connection.php(292): mysqli->query('INSERT INTO `words` (`word`, `accessibility`, `Language_id`, `flag`, `created_at`, `updated_at`) VALUES (\'አበበ\', \'በጣም የተለመደ\', \'6\', 5, \'2022-11-15 20:12:38\', \'2022-11-15 20:12:38\')', 0)
 2 SYSTEMPATH\Database\BaseConnection.php(693): CodeIgniter\Database\MySQLi\Connection->execute('INSERT INTO `words` (`word`, `accessibility`, `Language_id`, `flag`, `created_at`, `updated_at`) VALUES (\'አበበ\', \'በጣም የተለመደ\', \'6\', 5, \'2022-11-15 20:12:38\', \'2022-11-15 20:12:38\')')
 3 SYSTEMPATH\Database\BaseConnection.php(620): CodeIgniter\Database\BaseConnection->simpleQuery('INSERT INTO `words` (`word`, `accessibility`, `Language_id`, `flag`, `created_at`, `updated_at`) VALUES (\'አበበ\', \'በጣም የተለመደ\', \'6\', 5, \'2022-11-15 20:12:38\', \'2022-11-15 20:12:38\')')
 4 SYSTEMPATH\Database\BaseBuilder.php(1916): CodeIgniter\Database\BaseConnection->query('INSERT INTO `words` (`word`, `accessibility`, `Language_id`, `flag`, `created_at`, `updated_at`) VALUES (:word:, :accessibility:, :Language_id:, :flag:, :created_at:, :updated_at:)', [...], false)
 5 SYSTEMPATH\Model.php(279): CodeIgniter\Database\BaseBuilder->insert()
 6 SYSTEMPATH\BaseModel.php(738): CodeIgniter\Model->doInsert([...])
 7 SYSTEMPATH\Model.php(667): CodeIgniter\BaseModel->insert([...], true)
 8 APPPATH\Controllers\Meaning.php(80): CodeIgniter\Model->insert([...])
 9 SYSTEMPATH\CodeIgniter.php(907): App\Controllers\Meaning->addmeaning()
10 SYSTEMPATH\CodeIgniter.php(457): CodeIgniter\CodeIgniter->runController(Object(App\Controllers\Meaning))
11 SYSTEMPATH\CodeIgniter.php(340): CodeIgniter\CodeIgniter->handleRequest(null, Object(Config\Cache), false)
12 FCPATH\index.php(68): CodeIgniter\CodeIgniter->run()
CRITICAL - 2022-11-15 20:16:02 --> There is no data to update.
in SYSTEMPATH\BaseModel.php on line 1577.
 1 SYSTEMPATH\BaseModel.php(1577): CodeIgniter\Database\Exceptions\DataException::forEmptyDataset('update')
 2 SYSTEMPATH\BaseModel.php(832): CodeIgniter\BaseModel->transformDataToArray(null, 'update')
 3 SYSTEMPATH\Model.php(693): CodeIgniter\BaseModel->update([...], null)
 4 APPPATH\Controllers\Meaning.php(80): CodeIgniter\Model->update([...])
 5 SYSTEMPATH\CodeIgniter.php(907): App\Controllers\Meaning->addmeaning()
 6 SYSTEMPATH\CodeIgniter.php(457): CodeIgniter\CodeIgniter->runController(Object(App\Controllers\Meaning))
 7 SYSTEMPATH\CodeIgniter.php(340): CodeIgniter\CodeIgniter->handleRequest(null, Object(Config\Cache), false)
 8 FCPATH\index.php(68): CodeIgniter\CodeIgniter->run()
CRITICAL - 2022-11-15 20:16:36 --> There is no data to update.
in SYSTEMPATH\BaseModel.php on line 1577.
 1 SYSTEMPATH\BaseModel.php(1577): CodeIgniter\Database\Exceptions\DataException::forEmptyDataset('update')
 2 SYSTEMPATH\BaseModel.php(832): CodeIgniter\BaseModel->transformDataToArray(null, 'update')
 3 SYSTEMPATH\Model.php(693): CodeIgniter\BaseModel->update([...], null)
 4 APPPATH\Controllers\Meaning.php(80): CodeIgniter\Model->update([...])
 5 SYSTEMPATH\CodeIgniter.php(907): App\Controllers\Meaning->addmeaning()
 6 SYSTEMPATH\CodeIgniter.php(457): CodeIgniter\CodeIgniter->runController(Object(App\Controllers\Meaning))
 7 SYSTEMPATH\CodeIgniter.php(340): CodeIgniter\CodeIgniter->handleRequest(null, Object(Config\Cache), false)
 8 FCPATH\index.php(68): CodeIgniter\CodeIgniter->run()
ERROR - 2022-11-15 20:20:13 --> mysqli_sql_exception: Duplicate entry 'አበበ' for key 'word' in C:\xampp\htdocs\etkal\system\Database\MySQLi\Connection.php:292
Stack trace:
#0 C:\xampp\htdocs\etkal\system\Database\MySQLi\Connection.php(292): mysqli->query('INSERT INTO `wo...', 0)
#1 C:\xampp\htdocs\etkal\system\Database\BaseConnection.php(693): CodeIgniter\Database\MySQLi\Connection->execute('INSERT INTO `wo...')
#2 C:\xampp\htdocs\etkal\system\Database\BaseConnection.php(620): CodeIgniter\Database\BaseConnection->simpleQuery('INSERT INTO `wo...')
#3 C:\xampp\htdocs\etkal\system\Database\BaseBuilder.php(1916): CodeIgniter\Database\BaseConnection->query('INSERT INTO `wo...', Array, false)
#4 C:\xampp\htdocs\etkal\system\Model.php(279): CodeIgniter\Database\BaseBuilder->insert()
#5 C:\xampp\htdocs\etkal\system\BaseModel.php(738): CodeIgniter\Model->doInsert(Array)
#6 C:\xampp\htdocs\etkal\system\Model.php(667): CodeIgniter\BaseModel->insert(Array, false)
#7 C:\xampp\htdocs\etkal\system\BaseModel.php(658): CodeIgniter\Model->insert(Array, false)
#8 C:\xampp\htdocs\etkal\app\Controllers\Meaning.php(80): CodeIgniter\BaseModel->save(Array)
#9 C:\xampp\htdocs\etkal\system\CodeIgniter.php(907): App\Controllers\Meaning->addmeaning()
#10 C:\xampp\htdocs\etkal\system\CodeIgniter.php(457): CodeIgniter\CodeIgniter->runController(Object(App\Controllers\Meaning))
#11 C:\xampp\htdocs\etkal\system\CodeIgniter.php(340): CodeIgniter\CodeIgniter->handleRequest(NULL, Object(Config\Cache), false)
#12 C:\xampp\htdocs\etkal\index.php(68): CodeIgniter\CodeIgniter->run()
#13 {main}
CRITICAL - 2022-11-15 20:20:13 --> Duplicate entry 'አበበ' for key 'word'
in SYSTEMPATH\Database\MySQLi\Connection.php on line 292.
 1 SYSTEMPATH\Database\MySQLi\Connection.php(292): mysqli->query('INSERT INTO `words` (`word`, `accessibility`, `Language_id`, `flag`, `created_at`, `updated_at`) VALUES (\'አበበ\', \'በጣም የተለመደ\', \'6\', 5, \'2022-11-15 20:20:13\', \'2022-11-15 20:20:13\')', 0)
 2 SYSTEMPATH\Database\BaseConnection.php(693): CodeIgniter\Database\MySQLi\Connection->execute('INSERT INTO `words` (`word`, `accessibility`, `Language_id`, `flag`, `created_at`, `updated_at`) VALUES (\'አበበ\', \'በጣም የተለመደ\', \'6\', 5, \'2022-11-15 20:20:13\', \'2022-11-15 20:20:13\')')
 3 SYSTEMPATH\Database\BaseConnection.php(620): CodeIgniter\Database\BaseConnection->simpleQuery('INSERT INTO `words` (`word`, `accessibility`, `Language_id`, `flag`, `created_at`, `updated_at`) VALUES (\'አበበ\', \'በጣም የተለመደ\', \'6\', 5, \'2022-11-15 20:20:13\', \'2022-11-15 20:20:13\')')
 4 SYSTEMPATH\Database\BaseBuilder.php(1916): CodeIgniter\Database\BaseConnection->query('INSERT INTO `words` (`word`, `accessibility`, `Language_id`, `flag`, `created_at`, `updated_at`) VALUES (:word:, :accessibility:, :Language_id:, :flag:, :created_at:, :updated_at:)', [...], false)
 5 SYSTEMPATH\Model.php(279): CodeIgniter\Database\BaseBuilder->insert()
 6 SYSTEMPATH\BaseModel.php(738): CodeIgniter\Model->doInsert([...])
 7 SYSTEMPATH\Model.php(667): CodeIgniter\BaseModel->insert([...], false)
 8 SYSTEMPATH\BaseModel.php(658): CodeIgniter\Model->insert([...], false)
 9 APPPATH\Controllers\Meaning.php(80): CodeIgniter\BaseModel->save([...])
10 SYSTEMPATH\CodeIgniter.php(907): App\Controllers\Meaning->addmeaning()
11 SYSTEMPATH\CodeIgniter.php(457): CodeIgniter\CodeIgniter->runController(Object(App\Controllers\Meaning))
12 SYSTEMPATH\CodeIgniter.php(340): CodeIgniter\CodeIgniter->handleRequest(null, Object(Config\Cache), false)
13 FCPATH\index.php(68): CodeIgniter\CodeIgniter->run()
